
2016-Dec-17 19:31:36.942373 send: 139778792466240
[03][92][00][00]

2016-Dec-17 19:31:37.043133 send: 139778792466240
[06][81][01][00][00][00][00][00]

2016-Dec-17 19:31:37.099729 receive: 139778735290112
[2b][93][01][00][01][89][84][03][aa][aa][aa][aa][aa][aa][1b][00][0b][00][05][00][0d][00][05][00][be][bf][b9][33][9b][3d][b9][3f][3c][0a][00][00][04][00][02][01][00][00][00][00][f8][c9]

2016-Dec-17 19:31:37.099826 send: 139778735290112
[03][91][01][00]

2016-Dec-17 19:31:37.100567 send: 139778792466240
[11][81][02][00][07][00][0b][00][00][00][04][00][00][00][0a][40][00][00]

2016-Dec-17 19:31:37.101170 receive: 139778735290112
[03][93][02][00][fe][6c]

2016-Dec-17 19:31:37.101227 send: 139778735290112
[03][91][02][00]

2016-Dec-17 19:31:37.101860 send: 139778792466240
[05][81][03][00][52][00]

2016-Dec-17 19:31:37.102243 receive: 139778735290112
[03][93][03][00][ff][6c]

2016-Dec-17 19:31:37.102286 send: 139778735290112
[03][91][03][00]

2016-Dec-17 19:31:37.102524 send: 139778792466240
[05][64][04][00][00][00]

2016-Dec-17 19:31:37.103014 receive: 139778735290112
[07][93][04][00][e4][0a][00][00][18][66]

2016-Dec-17 19:31:37.103055 send: 139778735290112
[03][91][04][00]

2016-Dec-17 19:31:37.103189 send: 139778792466240
[05][64][05][00][00][00]

2016-Dec-17 19:31:37.103332 receive: 139778735290112
[05][91][04][00][00][00][fe][6e]

2016-Dec-17 19:31:37.103700 receive: 139778735290112
[07][93][05][00][f0][0a][00][00][0d][66]

2016-Dec-17 19:31:37.103748 send: 139778735290112
[03][91][05][00]

2016-Dec-17 19:31:37.103863 send: 139778792466240
[05][64][06][00][00][00]

2016-Dec-17 19:31:37.104034 receive: 139778735290112
[05][91][05][00][00][00][ff][6e]

2016-Dec-17 19:31:37.104332 receive: 139778735290112
[07][93][06][00][34][0b][00][00][ca][67]

2016-Dec-17 19:31:37.104372 send: 139778735290112
[03][91][06][00]

2016-Dec-17 19:31:37.104469 send: 139778792466240
[05][64][07][00][00][00]

2016-Dec-17 19:31:37.104636 receive: 139778735290112
[05][91][06][00][00][00][fc][6e]

2016-Dec-17 19:31:37.104979 receive: 139778735290112
[07][93][07][00][1b][0b][00][00][e4][67]

2016-Dec-17 19:31:37.105019 send: 139778735290112
[03][91][07][00]

2016-Dec-17 19:31:37.105122 send: 139778792466240
[07][61][08][00][00][00][f0][0a]

2016-Dec-17 19:31:37.105270 receive: 139778735290112
[05][91][07][00][00][00][fd][6e]

2016-Dec-17 19:31:37.106147 receive: 139778735290112
[05][91][08][00][00][00][f2][6e]

2016-Dec-17 19:31:37.106265 send: 139778792466240
[07][63][09][00][00][00][00][00]

2016-Dec-17 19:31:37.106699 receive: 139778735290112
[05][91][09][00][00][00][f3][6e]

2016-Dec-17 19:31:37.106872 send: 139778792466240
[0b][56][0a][00][02][00][00][00][01][00][f0][0a]

2016-Dec-17 19:31:37.107365 receive: 139778735290112
[13][93][0a][00][5a][00][00][00][aa][c5][12][00][b3][22][00][00][aa][c5][12][00][0f][4e]

2016-Dec-17 19:31:37.107411 send: 139778735290112
[03][91][0a][00]

2016-Dec-17 19:31:37.107533 send: 139778792466240
[07][63][0b][00][00][00][f0][0a]

2016-Dec-17 19:31:37.107906 receive: 139778735290112
[05][91][0b][00][00][00][f1][6e]

2016-Dec-17 19:31:39.109077 send: 139778792466240
[05][81][0c][00][06][00]

2016-Dec-17 19:31:39.109632 receive: 139778735290112
[03][93][0c][00][f0][6c]

2016-Dec-17 19:31:39.109694 send: 139778735290112
[03][91][0c][00]

2016-Dec-17 19:31:39.109831 send: 139778792466240
[03][92][00][00]
