ARM GAS  /tmp/ccj8Bv2Q.s 			page 1


   1              		.cpu cortex-m0
   2              		.fpu softvfp
   3              		.eabi_attribute 20, 1
   4              		.eabi_attribute 21, 1
   5              		.eabi_attribute 23, 3
   6              		.eabi_attribute 24, 1
   7              		.eabi_attribute 25, 1
   8              		.eabi_attribute 26, 1
   9              		.eabi_attribute 30, 2
  10              		.eabi_attribute 34, 0
  11              		.eabi_attribute 18, 4
  12              		.code	16
  13              		.file	"board.c"
  14              		.text
  15              	.Ltext0:
  16              		.section	.gnu.lto_.jmpfuncs.900211ac5c82c6a8,"",%progbits
  17 0000 789C6362 		.ascii	"x\234cb`b\300\006\330\2414H\226\221\201\001\000\001"
  17      6062C006 
  17      D8A13448 
  17      96918101 
  17      0001
  18 0012 39000F   		.ascii	"9\000\017"
  19              		.text
  20              		.section	.gnu.lto_.inline.900211ac5c82c6a8,"",%progbits
  21 0000 789C6362 		.ascii	"x\234cb`b\300\006\264\2414P\226\205\207\021\254\210"
  21      6062C006 
  21      B4A13450 
  21      96858711 
  21      AC88
  22 0012 6D813C58 		.ascii	"m\201<X-#\027\210``fB\025f\000\000,\340\001\347"
  22      2D231788 
  22      60606642 
  22      15660000 
  22      2CE001E7 
  23              		.text
  24              		.section	.gnu.lto_.pureconst.900211ac5c82c6a8,"",%progbits
  25 0000 789C6362 		.ascii	"x\234cb`b`e\200\000&\006\011F\006\000\000\346\000%"
  25      60626065 
  25      80002606 
  25      09460600 
  25      00E60025 
  26              		.text
  27              		.section	.gnu.lto___early_init.900211ac5c82c6a8,"",%progbits
  28 0000 789C6362 		.ascii	"x\234cb`b@\007\222@\\\003\304f@\314\310\314\300\310"
  28      60624007 
  28      92405C03 
  28      C46640CC 
  28      C8CCC0C8 
  29 0014 34E11C03 		.ascii	"4\341\034\003C#\007\023##\210\301\300\310P\317\304X"
  29      43230713 
  29      232388C1 
  29      C0C850CF 
  29      C458
  30 0026 1FC90856 		.ascii	"\037\311\010V\273\236\351\300\203\377\377\327m;6\347"
  30      BB9EE9C0 
  30      83FFFFD7 
  30      6D3B36E7 
ARM GAS  /tmp/ccj8Bv2Q.s 			page 2


  31 0036 0DE34C26 		.ascii	"\015\343L&f\240\010+CKC\303\004\005\006\206d\260\212"
  31      66A0082B 
  31      434B43C3 
  31      04050686 
  31      64B08A
  32 0049 102009D2 		.ascii	"\020 \011\322\026\312\310\004\242\231\31734?\230\373"
  32      16CAC804 
  32      A299CF33 
  32      343F98FB 
  33 0059 982B9171 		.ascii	"\230+\221q!#+P\272\232\341WCG\203@&#P9\304\304L\020"
  33      21232B50 
  33      BA9AE157 
  33      43478340 
  33      26235039 
  34 0071 7D91A1F1 		.ascii	"}\221\241\361\301<e\230\"\010\010\001J\000M\000\271"
  34      C13C6598 
  34      22080801 
  34      4A004D00 
  34      B9
  35 0082 D7444F4F 		.ascii	"\327DOO\037\202\362\213\3653\022s\364\223\362\023\213"
  35      1F82F28B 
  35      F5331273 
  35      F493F213 
  35      8B
  36 0093 528AF583 		.ascii	"R\212\365\203C\342\203C|\215\215\334\014\342]<\203\235"
  36      43E28343 
  36      7C8D8DDC 
  36      0CE25D3C 
  36      839D
  37 00a5 FDC35C83 		.ascii	"\375\303\\\203\"!rz\311\014\000\027\0142\213"
  37      2221727A 
  37      C90C0017 
  37      0C328B
  38              		.text
  39              		.section	.gnu.lto_boardInit.900211ac5c82c6a8,"",%progbits
  40 0000 789C6362 		.ascii	"x\234cb`b@\007\222@\034\014\304f@\314\310\314\300\310"
  40      60624007 
  40      92401C0C 
  40      C46640CC 
  40      C8CCC0C8 
  41 0014 34E11C03 		.ascii	"4\341\034\003C#\007\023##\210\301\300\310P\317\304X"
  41      43230713 
  41      232388C1 
  41      C0C850CF 
  41      C458
  42 0026 1FC90856 		.ascii	"\037\311\010V\273\236\351\300\203\377\377\327mi\237"
  42      BB9EE9C0 
  42      83FFFFD7 
  42      6D699F
  43 0035 BE87712E 		.ascii	"\276\207q.\023\310,V\206\226\206\206\011\012\014\014"
  43      13C82C56 
  43      86968686 
  43      090A0C0C 
  44 0045 C9601521 		.ascii	"\311`\025!@\022\244-\224\221\011D3_d`Ld\\\310\310\012"
  44      4012A42D 
  44      94910944 
  44      335F6460 
ARM GAS  /tmp/ccj8Bv2Q.s 			page 3


  44      4C645CC8 
  45 005b B72D8491 		.ascii	"\267-\204\221\021$\001\322j\242\247\247\017A\371\305"
  45      112401D2 
  45      6AA2A7A7 
  45      0F41F9C5 
  46 006b FA198939 		.ascii	"\372\031\2119\372I\371\211E)\305\372\301!\361\301!\276"
  46      FA49F989 
  46      4529C5FA 
  46      C121F1C1 
  46      21BE
  47 007d C6466E06 		.ascii	"\306Fn\006\361.\236\301\316\376a\256A\221\0209\275d"
  47      F12E9EC1 
  47      CEFE61AE 
  47      41911039 
  47      BD64
  48 008f 0600F70E 		.ascii	"\006\000\367\016&\302"
  48      26C2
  49              		.text
  50              		.section	.gnu.lto_.symbol_nodes.900211ac5c82c6a8,"",%progbits
  51 0000 789C6362 		.ascii	"x\234cb`b\260e\200\002\246\307\014\365\014\014\023\316"
  51      6062B065 
  51      8002A6C7 
  51      0CF50C0C 
  51      13CE
  52 0012 3130D4D7 		.ascii	"10\324\327\317\353`dz\302P\317\210\340\262>b``\255g"
  52      CFEB6064 
  52      7AC250CF 
  52      88E0B23E 
  52      626060AD 
  53 0027 607CCA50 		.ascii	"`|\312P\317\004\021mh`df`fh~\360\217\221\001\000CN\022"
  53      CF04116D 
  53      68606466 
  53      6066687E 
  53      F08F9101 
  54 003f 2A       		.ascii	"*"
  55              		.text
  56              		.section	.gnu.lto_.refs.900211ac5c82c6a8,"",%progbits
  57 0000 789C6362 		.ascii	"x\234cb`b`d\200\002\000\000F\000\006"
  57      60626064 
  57      80020000 
  57      460006
  58              		.text
  59              		.section	.gnu.lto_.decls.900211ac5c82c6a8,"",%progbits
  60 0000 789CAD96 		.ascii	"x\234\255\226_l\024E\034\307\177\263\333\177g/\2244"
  60      5F6C1445 
  60      1CC77FB3 
  60      DB7F672F 
  60      9434
  61 0012 4AC4283D 		.ascii	"J\304(=4\370\320\304[Rj\324\027\014\266\202\215UN\012"
  61      34F8D0C4 
  61      5B526AD4 
  61      170CB682 
  61      8D554E0A 
  62 0026 469F36CB 		.ascii	"F\2376\313\355\226^\274\336n\366\366\024\236\034\033"
  62      ED965EBC 
  62      DE6EF6F6 
  62      149E1C1B 
ARM GAS  /tmp/ccj8Bv2Q.s 			page 4


  63 0036 24959058 		.ascii	"$\225\220X\210\022HP[\304j\213\206\212VM q+)\210\021"
  63      88124850 
  63      5BC46A8B 
  63      868A564D 
  63      20712B29 
  64 004c 5A2F3631 		.ascii	"Z/61i\260\373\240&\276\365I\324h\317\231\331\335\273"
  64      69B0FBA0 
  64      26BEF549 
  64      D468CF99 
  64      D9DDBB
  65 005f DDED5D6F 		.ascii	"\335\355]o\213Ln\177\2733\363\233\317\357;\277\231\235"
  65      8B4C6E7F 
  65      BB33F39B 
  65      CFEF3BBF 
  65      999D
  66 0071 3D0E3818 		.ascii	"=\0168\030\004\200\002)\3175\002\\B\000<\251o\205R\241"
  66      04800229 
  66      CF35025C 
  66      42003CA9 
  66      6F8552A1 
  67 0085 F511728D 		.ascii	"\365\021r\215\222k\214\\\304\005\316\202\277\320~\216"
  67      926B8C5C 
  67      C405CE82 
  67      BFD07E8E 
  68 0095 5C37C875 		.ascii	"\\7\310u\332i\343\234\3661X^F=\317(PwK\013\274\213\207"
  68      DA69E39C 
  68      F631585E 
  68      463DCF28 
  68      50774B0B 
  69 00ac 2DEBD7DF 		.ascii	"-\353\327\337&\326\343\341\001\263Px\034\326\301\333"
  69      26D6E3E1 
  69      01B35078 
  69      1CD6C1DB 
  70 00bc 9894E143 		.ascii	"\230\224\341C\030#CB[\357\202\027\220\204\326D \306"
  70      18234342 
  70      5BEF8217 
  70      9084D644 
  70      20C6
  71 00ce 1EA211A8 		.ascii	"\036\242\021\250aC%t\032\255s\236\366\360\256\234G\020"
  71      61432574 
  71      1AAD739E 
  71      F6F0AE9C 
  71      4710
  72 00e0 B4C21819 		.ascii	"\264\302\030\031?\204\361\300\003\250LH\200\007\341"
  72      3F84F1C0 
  72      03A84C48 
  72      8007E1
  73 00ef 031A017F 		.ascii	"\003\032\001\177\204y\306\247\204\021\324\342u\221\320"
  73      8479C6A7 
  73      8411D4E2 
  73      7591D0
  74 00fe FB880B0A 		.ascii	"\373\210\013\012\235\260\314\317\257D\207^\263\012\205"
  74      9DB0CCCF 
  74      AF44875E 
  74      B30A85
  75 010d 163B3A07 		.ascii	"\026;:\007O#\342{\006\265\256\010\037\015\302?\\\016"
  75      4F23E27B 
ARM GAS  /tmp/ccj8Bv2Q.s 			page 5


  75      06B5AE08 
  75      1F0DC23F 
  75      5C0E
  76 011f B786ACF9 		.ascii	"\267\206\254\371\31377\2348\217\017\276\201\227\012"
  76      CB37379C 
  76      388F0FBE 
  76      81970A
  77 012e AF2237C2 		.ascii	"\257\"7\302!\024\014a3\306\375\214\373a\004O\230\326"
  77      21140C61 
  77      33C6FD8C 
  77      FB61044F 
  77      98D6
  78 0140 F4CC5B88 		.ascii	"\364\314[\210d\022\023D\0015\303Q\226J\222\311o\327"
  78      64121344 
  78      0135C351 
  78      964A92C9 
  78      6FD7
  79 0152 809B47AB 		.ascii	"\200\233G\253\301M\344\021\232\237Mp\206d\313Z8\374"
  79      C14DE411 
  79      9A9F4D70 
  79      8664CB5A 
  79      38FC
  80 0164 6F3BC60D 		.ascii	"o;\306\015\316\220Xe\177\011}\2026Au?\352y\216H\260"
  80      CE905865 
  80      7F097D82 
  80      3641753F 
  80      EA798E48 
  81 0179 B5B328D8 		.ascii	"\265\263(\330\274\220\217\342\032\273\035\312\314\312"
  81      BC908FE2 
  81      1ABB1DCA 
  81      CCCA
  82 0187 291B6198 		.ascii	")\033a\230:\377\220?E\346\362\015*\027\013\271\261\356"
  82      3AFF903F 
  82      45E6F20D 
  82      2A170BB9 
  82      B1EE
  83 0199 2D4EC13C 		.ascii	"-N\301<\231G1\011\235'\376\034\\\013d\255*\203\312\231"
  83      99473109 
  83      9D27FE1C 
  83      5C0B64AD 
  83      2A83CA99 
  84 01ad 0CCA9D9F 		.ascii	"\014\312\235\237ar'C\310\0350\027fN\255\247r#0H\252"
  84      61722743 
  84      C81D3017 
  84      664EADA7 
  84      72233048 
  85 01c2 74033FE5 		.ascii	"t\003?\345\211\346\333\275N\316\217\2769=\205\310Z\221"
  85      89E6DBBD 
  85      4ECE8FBE 
  85      393D85C8 
  85      5A91
  86 01d4 8EAFC830 		.ascii	"\216\257\3100\016\226\002\252\303\243\336;v\3611\262"
  86      0E9602AA 
  86      C3A3DE3B 
  86      76F131B2 
  87 01e4 7C12BAC0 		.ascii	"|\022\272\300@\223\234\037$\241\372\210\177\373\220"
  87      40939C1F 
ARM GAS  /tmp/ccj8Bv2Q.s 			page 6


  87      24A1FA88 
  87      7FFB90
  88 01f3 BAEB4069 		.ascii	"\272\353@i\254\333y\240\007E\023\254\326\235\003\223"
  88      ACDB79A0 
  88      074513AC 
  88      D69D0393 
  89 0203 05A5C92A 		.ascii	"\005\245\311*'\324y\264\213\343\340K\240\365\363w\377"
  89      27D479B4 
  89      8BE3E04B 
  89      A0F5F377 
  89      FF
  90 0214 F027B179 		.ascii	"\360'\261y\220w\323qy\325\300\230oE\376\230\211\016"
  90      9077D371 
  90      79D5C098 
  90      6F45FE98 
  90      890E
  91 0226 492EEC5A 		.ascii	"I.\354Z\030XCEu\346\337^\330\334\252a~eK^\330|\030\330"
  91      18584345 
  91      75E6DF5E 
  91      D8DCAA61 
  91      7E654B5E 
  92 023e DACACA8E 		.ascii	"\332\312\312\216\345=\260\205U\303\374\312\216{a\277"
  92      E53DB085 
  92      55C3FCCA 
  92      8E7B61BF 
  93 024e 8481DD5D 		.ascii	"\204\201\335]FY\271\342}\277$\364\0059D$\364%\332H\354"
  93      4659B9E2 
  93      7DBF24F4 
  93      05394424 
  93      F425DA48 
  94 0263 D7CC4E31 		.ascii	"\327\314N1{\211\331if\2570{\225\330b\341\340w\246\351"
  94      7B89D969 
  94      66AF307B 
  94      95D862E1 
  94      E077A6E9 
  95 0277 5C4993FF 		.ascii	"\\I\223\377=\256\266\315\260\371\323.:A\373\230X\014"
  95      3DAEB6CD 
  95      B0F9D32E 
  95      3A41FB98 
  95      580C
  96 0289 05F3CD30 		.ascii	"\005\363\3150\346\203-z`7C\301\036\255\254\354O\017"
  96      E6832D7A 
  96      603743C1 
  96      1EADACEC 
  96      4F0F
  97 029b 6C29142C 		.ascii	"l)\024,QY\331\211\236\022\354u>\014L[i!\335u\233`\353"
  97      5159D989 
  97      9E12EC75 
  97      3E0C4C5B 
  97      6921DD75 
  98 02b2 F6295B99 		.ascii	"\366)[\231\357\231\275\316\354,\263y\377Z\035\341\203"
  98      EF99BDCE 
  98      EC2CB379 
  98      FF5A1DE1 
  98      83
  99 02c3 C7907DF2 		.ascii	"\307\220}\362{\250\245O\004\204\347\036/r+\177{\346"
  99      7BA8A54F 
ARM GAS  /tmp/ccj8Bv2Q.s 			page 7


  99      0484E71E 
  99      2F722B7F 
  99      7BE6
 100 02d5 C8F77103 		.ascii	"\310\367q\003\214\361\357`\373=l\207\317\360\240\231"
 100      8CF1EF60 
 100      FB3D6C87 
 100      CFF0A099 
 101 02e5 90D0C72C 		.ascii	"\220\320\307,\"\215d7iv\226\354\315\350\234i4\201\234"
 101      228D6437 
 101      697696EC 
 101      CDE89C69 
 101      34819C
 102 02f8 B3338BE7 		.ascii	"\2633\213\347\235\275EK\036V\223\263_\235\246\037\307"
 102      9DBD454B 
 102      1E5693B3 
 102      5F9DA61F 
 102      C7
 103 0309 E7C6EB9C 		.ascii	"\347\306\353\234\315[<\033yg\037{(W\275Ug\272\225\245"
 103      CD5B3C1B 
 103      79671F7B 
 103      2857BD55 
 103      67BA95A5 
 104 031d C08A3216 		.ascii	"\300\2122\026\353\375\032\346\210\206\332[\320p\275"
 104      EBFD1AE6 
 104      8886DA5B 
 104      D070BD
 105 032c 4A3AEEAC 		.ascii	"J:\356\254\222\214\213\270)(d\2525\240\343\257\020:"
 105      928C8BB8 
 105      292864AA 
 105      35A0E3AF 
 105      103A
 106 033e 66FF472E 		.ascii	"f\377G.\340\366\244\"\177\373$\314\336\222\004\200F"
 106      E0F6A422 
 106      7FFB24CC 
 106      DE920480 
 106      46
 107 034f 385CFAEE 		.ascii	"8\\\372\356\333\177\004+\375\011\276\201\032}\257X{"
 107      DB7F042B 
 107      FD09BE81 
 107      1A7DAF58 
 107      7B
 108 0360 3C2ED83F 		.ascii	"<.\330?5+\364Iia\257*\351rV\350\331-\366\354~fK\333"
 108      352BF449 
 108      6961AF2A 
 108      E97256E8 
 108      D92DF6EC 
 109 0378 F6CD6267 		.ascii	"\366\315bgWO\307\316\347\237\334\365\242\335\027OBT"
 109      574FC7CE 
 109      E79FDCF5 
 109      A2DD174F 
 109      4254
 110 038a 1415494F 		.ascii	"\024\025IO\037\020S\231\224Q\267\343\331=\261\016\210"
 110      1F105399 
 110      9451B7E3 
 110      D93DB10E 
 110      88
 111 039b B0CE2ED2 		.ascii	"\260\316.\322\2609\210\324T\335\240D\202\023\034\350"
ARM GAS  /tmp/ccj8Bv2Q.s 			page 8


 111      B03988D4 
 111      54DDA044 
 111      82131CE8 
 112 03ab FEFDB447 		.ascii	"\376\375\264GL\247\345x\037\254\315\032\375[\332\304"
 112      4CA7E578 
 112      1FACCD1A 
 112      FD5BDAC4 
 113 03bb 645A4DBE 		.ascii	"dZM\276\304\220\017\257D\350\356\356\024v$\272v\276"
 113      C4900FAF 
 113      44E8EEEE 
 113      147624BA 
 113      76BE
 114 03cd DCC6105A 		.ascii	"\334\306\020Z\021\323lc\366i)U\314*FN\023\215\373\204"
 114      11D36C63 
 114      F6692955 
 114      CC2A464E 
 114      138DFB84 
 115 03e1 5C561752 		.ascii	"\\V\027R\231d:'+BFy%\235\332+d\0159\2251\310\200\206"
 115      99643A27 
 115      2B424679 
 115      259DDA2B 
 115      640D3995 
 116 03f9 1CB99311 		.ascii	"\034\271\223\021\306C\345\334\372\245d_*\243\010\242"
 116      C643E5DC 
 116      FAA5645F 
 116      2AA308A2 
 117 0409 ACF44AB9 		.ascii	"\254\364J\271\264!\032\0074%K\206\335!\212\356\300\332"
 117      B4211A07 
 117      34254B86 
 117      DD218AEE 
 117      C0DA
 118 041b 7E5556F4 		.ascii	"~UV\364:\225v\351\365jVS\024Y\257\325r\232\254\363\252"
 118      3A9576E9 
 118      F56A5653 
 118      1459AFD5 
 118      729AACF3 
 119 0430 ACD748BD 		.ascii	"\254\327H\275z\232\232\276\272\304\266N\311\220\352"
 119      7A9A9ABE 
 119      BAC4B64E 
 119      C990EA
 120 043f 124FD8B7 		.ascii	"\022O\330\267\016\373\326i\337\266\323[$\261\255\273"
 120      0EFBD669 
 120      DFB6D35B 
 120      24B1ADBB 
 121 044f 43CDF4A6 		.ascii	"C\315\364\246\3665\3239\271Q\223\254\351\236\270\256"
 121      F635D339 
 121      B95193AC 
 121      E99EB8AE 
 122 045f CAC429BE 		.ascii	"\312\304)\276\274\353?\342\314\301`"
 122      BCEB3FE2 
 122      CCC160
 123              		.text
 124              		.section	.gnu.lto_.symtab.900211ac5c82c6a8,"",%progbits
 125 0000 5F5F6561 		.ascii	"__early_init\000\000\000\000\000\000\000\000\000\000"
 125      726C795F 
 125      696E6974 
 125      00000000 
ARM GAS  /tmp/ccj8Bv2Q.s 			page 9


 125      00000000 
 126 0016 0000A100 		.ascii	"\000\000\241\000\000\000boardInit\000\000\000\000\000"
 126      0000626F 
 126      61726449 
 126      6E697400 
 126      00000000 
 127 002a 00000000 		.ascii	"\000\000\000\000\000\000\000\246\000\000\000pal_def"
 127      000000A6 
 127      00000070 
 127      616C5F64 
 127      6566
 128 003c 61756C74 		.ascii	"ault_config\000\000\000\000\000\000\000\000\000\000"
 128      5F636F6E 
 128      66696700 
 128      00000000 
 128      00000000 
 129 0051 0000AB00 		.ascii	"\000\000\253\000\000\000stm32_clock_init\000\000\002"
 129      00007374 
 129      6D33325F 
 129      636C6F63 
 129      6B5F696E 
 130 006a 00000000 		.ascii	"\000\000\000\000\000\000\000\000\000\251\000\000\000"
 130      00000000 
 130      00A90000 
 130      00
 131              		.text
 132              		.section	.gnu.lto_.opts,"",%progbits
 133 0000 272D6D63 		.ascii	"'-mcpu=cortex-m0' '-mno-thumb-interwork' '-mthumb' "
 133      70753D63 
 133      6F727465 
 133      782D6D30 
 133      2720272D 
 134 0033 272D6767 		.ascii	"'-ggdb' '-O2' '-fomit-frame-pointer' '-falign-funct"
 134      64622720 
 134      272D4F32 
 134      2720272D 
 134      666F6D69 
 135 0066 696F6E73 		.ascii	"ions=16' '-ffunction-sections' '-fdata-sections' '-"
 135      3D313627 
 135      20272D66 
 135      66756E63 
 135      74696F6E 
 136 0099 666E6F2D 		.ascii	"fno-common' '-flto'\000"
 136      636F6D6D 
 136      6F6E2720 
 136      272D666C 
 136      746F2700 
 137              		.text
 138              		.cfi_sections	.debug_frame
 139              		.section	.text.__early_init,"ax",%progbits
 140              		.align	2
 141              		.p2align 4,,15
 142              		.global	__early_init
 143              		.code	16
 144              		.thumb_func
 145              		.type	__early_init, %function
 146              	__early_init:
ARM GAS  /tmp/ccj8Bv2Q.s 			page 10


 147              	.LFB98:
 148              		.file 1 "../../../os/hal/boards/ST_STM32F0_DISCOVERY/board.c"
 149              		.loc 1 75 0
 150              		.cfi_startproc
 151 0000 08B5     		push	{r3, lr}
 152              		.cfi_def_cfa_offset 8
 153              		.cfi_offset 3, -8
 154              		.cfi_offset 14, -4
 155              		.loc 1 77 0
 156 0002 FFF7FEFF 		bl	stm32_clock_init
 157              	.LVL0:
 158              		.loc 1 78 0
 159              		@ sp needed
 160 0006 08BD     		pop	{r3, pc}
 161              		.cfi_endproc
 162              	.LFE98:
 163              		.size	__early_init, .-__early_init
 164 0008 C046C046 		.section	.text.boardInit,"ax",%progbits
 164      C046C046 
 165              		.align	2
 166              		.p2align 4,,15
 167              		.global	boardInit
 168              		.code	16
 169              		.thumb_func
 170              		.type	boardInit, %function
 171              	boardInit:
 172              	.LFB99:
 173              		.loc 1 106 0
 174              		.cfi_startproc
 175              		.loc 1 107 0
 176              		@ sp needed
 177 0000 7047     		bx	lr
 178              		.cfi_endproc
 179              	.LFE99:
 180              		.size	boardInit, .-boardInit
 181              		.global	pal_default_config
 182 0002 C046C046 		.section	.rodata.pal_default_config,"a",%progbits
 182      C046C046 
 182      C046C046 
 182      C046
 183              		.align	2
 184              		.type	pal_default_config, %object
 185              		.size	pal_default_config, 140
 186              	pal_default_config:
 187 0000 00000028 		.word	671088640
 188 0004 00000000 		.word	0
 189 0008 000000FC 		.word	-67108864
 190 000c 54555565 		.word	1700091220
 191 0010 FFFF0000 		.word	65535
 192 0014 00000000 		.word	0
 193 0018 00000000 		.word	0
 194 001c 00000000 		.word	0
 195 0020 00000000 		.word	0
 196 0024 F0030000 		.word	1008
 197 0028 55555555 		.word	1431655765
 198 002c FFFF0000 		.word	65535
 199 0030 00000000 		.word	0
ARM GAS  /tmp/ccj8Bv2Q.s 			page 11


 200 0034 00000000 		.word	0
 201 0038 00000500 		.word	327680
 202 003c 00000000 		.word	0
 203 0040 00000FF0 		.word	-267452416
 204 0044 55555005 		.word	89150805
 205 0048 FFFC0000 		.word	64767
 206 004c 00000000 		.word	0
 207 0050 00000000 		.word	0
 208 0054 00000000 		.word	0
 209 0058 00000000 		.word	0
 210 005c 00000000 		.word	0
 211 0060 55555555 		.word	1431655765
 212 0064 FFFF0000 		.word	65535
 213 0068 00000000 		.word	0
 214 006c 00000000 		.word	0
 215 0070 00000000 		.word	0
 216 0074 00000000 		.word	0
 217 0078 00000000 		.word	0
 218 007c 50555555 		.word	1431655760
 219 0080 FFFF0000 		.word	65535
 220 0084 00000000 		.word	0
 221 0088 00000000 		.word	0
 222              		.text
 223              	.Letext0:
 224              		.file 2 "/usr/include/newlib/machine/_default_types.h"
 225              		.file 3 "/usr/include/newlib/stdint.h"
 226              		.file 4 "../../../os/hal/ports/STM32/LLD/GPIOv2/hal_pal_lld.h"
 227              		.file 5 "../../../os/hal/ports/STM32/STM32F0xx/hal_lld.h"
 228              		.section	.debug_info,"",%progbits
 229              	.Ldebug_info0:
 230 0000 A3010000 		.4byte	0x1a3
 231 0004 0400     		.2byte	0x4
 232 0006 00000000 		.4byte	.Ldebug_abbrev0
 233 000a 04       		.byte	0x4
 234 000b 01       		.uleb128 0x1
 235 000c AA010000 		.4byte	.LASF27
 236 0010 01       		.byte	0x1
 237 0011 AB000000 		.4byte	.LASF28
 238 0015 16000000 		.4byte	.LASF29
 239 0019 00000000 		.4byte	.Ldebug_ranges0+0
 240 001d 00000000 		.4byte	0
 241 0021 00000000 		.4byte	.Ldebug_line0
 242 0025 02       		.uleb128 0x2
 243 0026 04       		.byte	0x4
 244 0027 05       		.byte	0x5
 245 0028 696E7400 		.ascii	"int\000"
 246 002c 03       		.uleb128 0x3
 247 002d 04       		.byte	0x4
 248 002e 07       		.byte	0x7
 249 002f 14010000 		.4byte	.LASF0
 250 0033 03       		.uleb128 0x3
 251 0034 01       		.byte	0x1
 252 0035 06       		.byte	0x6
 253 0036 4D020000 		.4byte	.LASF1
 254 003a 03       		.uleb128 0x3
 255 003b 01       		.byte	0x1
 256 003c 08       		.byte	0x8
ARM GAS  /tmp/ccj8Bv2Q.s 			page 12


 257 003d 6C000000 		.4byte	.LASF2
 258 0041 03       		.uleb128 0x3
 259 0042 02       		.byte	0x2
 260 0043 05       		.byte	0x5
 261 0044 70010000 		.4byte	.LASF3
 262 0048 03       		.uleb128 0x3
 263 0049 02       		.byte	0x2
 264 004a 07       		.byte	0x7
 265 004b 52000000 		.4byte	.LASF4
 266 004f 03       		.uleb128 0x3
 267 0050 04       		.byte	0x4
 268 0051 05       		.byte	0x5
 269 0052 9B010000 		.4byte	.LASF5
 270 0056 04       		.uleb128 0x4
 271 0057 FC000000 		.4byte	.LASF9
 272 005b 02       		.byte	0x2
 273 005c 38       		.byte	0x38
 274 005d 61000000 		.4byte	0x61
 275 0061 03       		.uleb128 0x3
 276 0062 04       		.byte	0x4
 277 0063 07       		.byte	0x7
 278 0064 94000000 		.4byte	.LASF6
 279 0068 03       		.uleb128 0x3
 280 0069 08       		.byte	0x8
 281 006a 05       		.byte	0x5
 282 006b 5D010000 		.4byte	.LASF7
 283 006f 03       		.uleb128 0x3
 284 0070 08       		.byte	0x8
 285 0071 07       		.byte	0x7
 286 0072 26010000 		.4byte	.LASF8
 287 0076 04       		.uleb128 0x4
 288 0077 92010000 		.4byte	.LASF10
 289 007b 03       		.byte	0x3
 290 007c 42       		.byte	0x42
 291 007d 56000000 		.4byte	0x56
 292 0081 03       		.uleb128 0x3
 293 0082 04       		.byte	0x4
 294 0083 07       		.byte	0x7
 295 0084 54010000 		.4byte	.LASF11
 296 0088 03       		.uleb128 0x3
 297 0089 01       		.byte	0x1
 298 008a 08       		.byte	0x8
 299 008b 6B010000 		.4byte	.LASF12
 300 008f 03       		.uleb128 0x3
 301 0090 01       		.byte	0x1
 302 0091 02       		.byte	0x2
 303 0092 59020000 		.4byte	.LASF13
 304 0096 05       		.uleb128 0x5
 305 0097 1C       		.byte	0x1c
 306 0098 04       		.byte	0x4
 307 0099 F5       		.byte	0xf5
 308 009a F5000000 		.4byte	0xf5
 309 009e 06       		.uleb128 0x6
 310 009f A4010000 		.4byte	.LASF14
 311 00a3 04       		.byte	0x4
 312 00a4 F7       		.byte	0xf7
 313 00a5 76000000 		.4byte	0x76
ARM GAS  /tmp/ccj8Bv2Q.s 			page 13


 314 00a9 00       		.byte	0
 315 00aa 06       		.uleb128 0x6
 316 00ab 65000000 		.4byte	.LASF15
 317 00af 04       		.byte	0x4
 318 00b0 F9       		.byte	0xf9
 319 00b1 76000000 		.4byte	0x76
 320 00b5 04       		.byte	0x4
 321 00b6 06       		.uleb128 0x6
 322 00b7 07000000 		.4byte	.LASF16
 323 00bb 04       		.byte	0x4
 324 00bc FB       		.byte	0xfb
 325 00bd 76000000 		.4byte	0x76
 326 00c1 08       		.byte	0x8
 327 00c2 06       		.uleb128 0x6
 328 00c3 07010000 		.4byte	.LASF17
 329 00c7 04       		.byte	0x4
 330 00c8 FD       		.byte	0xfd
 331 00c9 76000000 		.4byte	0x76
 332 00cd 0C       		.byte	0xc
 333 00ce 07       		.uleb128 0x7
 334 00cf 6F647200 		.ascii	"odr\000"
 335 00d3 04       		.byte	0x4
 336 00d4 FF       		.byte	0xff
 337 00d5 76000000 		.4byte	0x76
 338 00d9 10       		.byte	0x10
 339 00da 08       		.uleb128 0x8
 340 00db 21010000 		.4byte	.LASF18
 341 00df 04       		.byte	0x4
 342 00e0 0101     		.2byte	0x101
 343 00e2 76000000 		.4byte	0x76
 344 00e6 14       		.byte	0x14
 345 00e7 08       		.uleb128 0x8
 346 00e8 A6000000 		.4byte	.LASF19
 347 00ec 04       		.byte	0x4
 348 00ed 0301     		.2byte	0x103
 349 00ef 76000000 		.4byte	0x76
 350 00f3 18       		.byte	0x18
 351 00f4 00       		.byte	0
 352 00f5 09       		.uleb128 0x9
 353 00f6 7A000000 		.4byte	.LASF20
 354 00fa 04       		.byte	0x4
 355 00fb 0401     		.2byte	0x104
 356 00fd 96000000 		.4byte	0x96
 357 0101 0A       		.uleb128 0xa
 358 0102 8C       		.byte	0x8c
 359 0103 04       		.byte	0x4
 360 0104 0D01     		.2byte	0x10d
 361 0106 4C010000 		.4byte	0x14c
 362 010a 08       		.uleb128 0x8
 363 010b 8D000000 		.4byte	.LASF21
 364 010f 04       		.byte	0x4
 365 0110 1001     		.2byte	0x110
 366 0112 F5000000 		.4byte	0xf5
 367 0116 00       		.byte	0
 368 0117 08       		.uleb128 0x8
 369 0118 0F000000 		.4byte	.LASF22
 370 011c 04       		.byte	0x4
ARM GAS  /tmp/ccj8Bv2Q.s 			page 14


 371 011d 1401     		.2byte	0x114
 372 011f F5000000 		.4byte	0xf5
 373 0123 1C       		.byte	0x1c
 374 0124 08       		.uleb128 0x8
 375 0125 7A010000 		.4byte	.LASF23
 376 0129 04       		.byte	0x4
 377 012a 1801     		.2byte	0x118
 378 012c F5000000 		.4byte	0xf5
 379 0130 38       		.byte	0x38
 380 0131 08       		.uleb128 0x8
 381 0132 00000000 		.4byte	.LASF24
 382 0136 04       		.byte	0x4
 383 0137 1C01     		.2byte	0x11c
 384 0139 F5000000 		.4byte	0xf5
 385 013d 54       		.byte	0x54
 386 013e 08       		.uleb128 0x8
 387 013f 0D010000 		.4byte	.LASF25
 388 0143 04       		.byte	0x4
 389 0144 2401     		.2byte	0x124
 390 0146 F5000000 		.4byte	0xf5
 391 014a 70       		.byte	0x70
 392 014b 00       		.byte	0
 393 014c 09       		.uleb128 0x9
 394 014d DF000000 		.4byte	.LASF26
 395 0151 04       		.byte	0x4
 396 0152 3A01     		.2byte	0x13a
 397 0154 01010000 		.4byte	0x101
 398 0158 0B       		.uleb128 0xb
 399 0159 47010000 		.4byte	.LASF30
 400 015d 01       		.byte	0x1
 401 015e 4B       		.byte	0x4b
 402 015f 00000000 		.4byte	.LFB98
 403 0163 08000000 		.4byte	.LFE98-.LFB98
 404 0167 01       		.uleb128 0x1
 405 0168 9C       		.byte	0x9c
 406 0169 77010000 		.4byte	0x177
 407 016d 0C       		.uleb128 0xc
 408 016e 06000000 		.4byte	.LVL0
 409 0172 9E010000 		.4byte	0x19e
 410 0176 00       		.byte	0
 411 0177 0D       		.uleb128 0xd
 412 0178 3D010000 		.4byte	.LASF31
 413 017c 01       		.byte	0x1
 414 017d 6A       		.byte	0x6a
 415 017e 00000000 		.4byte	.LFB99
 416 0182 02000000 		.4byte	.LFE99-.LFB99
 417 0186 01       		.uleb128 0x1
 418 0187 9C       		.byte	0x9c
 419 0188 0E       		.uleb128 0xe
 420 0189 E9000000 		.4byte	.LASF32
 421 018d 01       		.byte	0x1
 422 018e 1E       		.byte	0x1e
 423 018f 99010000 		.4byte	0x199
 424 0193 05       		.uleb128 0x5
 425 0194 03       		.byte	0x3
 426 0195 00000000 		.4byte	pal_default_config
 427 0199 0F       		.uleb128 0xf
ARM GAS  /tmp/ccj8Bv2Q.s 			page 15


 428 019a 4C010000 		.4byte	0x14c
 429 019e 10       		.uleb128 0x10
 430 019f 81010000 		.4byte	.LASF33
 431 01a3 05       		.byte	0x5
 432 01a4 B703     		.2byte	0x3b7
 433 01a6 00       		.byte	0
 434              		.section	.debug_abbrev,"",%progbits
 435              	.Ldebug_abbrev0:
 436 0000 01       		.uleb128 0x1
 437 0001 11       		.uleb128 0x11
 438 0002 01       		.byte	0x1
 439 0003 25       		.uleb128 0x25
 440 0004 0E       		.uleb128 0xe
 441 0005 13       		.uleb128 0x13
 442 0006 0B       		.uleb128 0xb
 443 0007 03       		.uleb128 0x3
 444 0008 0E       		.uleb128 0xe
 445 0009 1B       		.uleb128 0x1b
 446 000a 0E       		.uleb128 0xe
 447 000b 55       		.uleb128 0x55
 448 000c 17       		.uleb128 0x17
 449 000d 11       		.uleb128 0x11
 450 000e 01       		.uleb128 0x1
 451 000f 10       		.uleb128 0x10
 452 0010 17       		.uleb128 0x17
 453 0011 00       		.byte	0
 454 0012 00       		.byte	0
 455 0013 02       		.uleb128 0x2
 456 0014 24       		.uleb128 0x24
 457 0015 00       		.byte	0
 458 0016 0B       		.uleb128 0xb
 459 0017 0B       		.uleb128 0xb
 460 0018 3E       		.uleb128 0x3e
 461 0019 0B       		.uleb128 0xb
 462 001a 03       		.uleb128 0x3
 463 001b 08       		.uleb128 0x8
 464 001c 00       		.byte	0
 465 001d 00       		.byte	0
 466 001e 03       		.uleb128 0x3
 467 001f 24       		.uleb128 0x24
 468 0020 00       		.byte	0
 469 0021 0B       		.uleb128 0xb
 470 0022 0B       		.uleb128 0xb
 471 0023 3E       		.uleb128 0x3e
 472 0024 0B       		.uleb128 0xb
 473 0025 03       		.uleb128 0x3
 474 0026 0E       		.uleb128 0xe
 475 0027 00       		.byte	0
 476 0028 00       		.byte	0
 477 0029 04       		.uleb128 0x4
 478 002a 16       		.uleb128 0x16
 479 002b 00       		.byte	0
 480 002c 03       		.uleb128 0x3
 481 002d 0E       		.uleb128 0xe
 482 002e 3A       		.uleb128 0x3a
 483 002f 0B       		.uleb128 0xb
 484 0030 3B       		.uleb128 0x3b
ARM GAS  /tmp/ccj8Bv2Q.s 			page 16


 485 0031 0B       		.uleb128 0xb
 486 0032 49       		.uleb128 0x49
 487 0033 13       		.uleb128 0x13
 488 0034 00       		.byte	0
 489 0035 00       		.byte	0
 490 0036 05       		.uleb128 0x5
 491 0037 13       		.uleb128 0x13
 492 0038 01       		.byte	0x1
 493 0039 0B       		.uleb128 0xb
 494 003a 0B       		.uleb128 0xb
 495 003b 3A       		.uleb128 0x3a
 496 003c 0B       		.uleb128 0xb
 497 003d 3B       		.uleb128 0x3b
 498 003e 0B       		.uleb128 0xb
 499 003f 01       		.uleb128 0x1
 500 0040 13       		.uleb128 0x13
 501 0041 00       		.byte	0
 502 0042 00       		.byte	0
 503 0043 06       		.uleb128 0x6
 504 0044 0D       		.uleb128 0xd
 505 0045 00       		.byte	0
 506 0046 03       		.uleb128 0x3
 507 0047 0E       		.uleb128 0xe
 508 0048 3A       		.uleb128 0x3a
 509 0049 0B       		.uleb128 0xb
 510 004a 3B       		.uleb128 0x3b
 511 004b 0B       		.uleb128 0xb
 512 004c 49       		.uleb128 0x49
 513 004d 13       		.uleb128 0x13
 514 004e 38       		.uleb128 0x38
 515 004f 0B       		.uleb128 0xb
 516 0050 00       		.byte	0
 517 0051 00       		.byte	0
 518 0052 07       		.uleb128 0x7
 519 0053 0D       		.uleb128 0xd
 520 0054 00       		.byte	0
 521 0055 03       		.uleb128 0x3
 522 0056 08       		.uleb128 0x8
 523 0057 3A       		.uleb128 0x3a
 524 0058 0B       		.uleb128 0xb
 525 0059 3B       		.uleb128 0x3b
 526 005a 0B       		.uleb128 0xb
 527 005b 49       		.uleb128 0x49
 528 005c 13       		.uleb128 0x13
 529 005d 38       		.uleb128 0x38
 530 005e 0B       		.uleb128 0xb
 531 005f 00       		.byte	0
 532 0060 00       		.byte	0
 533 0061 08       		.uleb128 0x8
 534 0062 0D       		.uleb128 0xd
 535 0063 00       		.byte	0
 536 0064 03       		.uleb128 0x3
 537 0065 0E       		.uleb128 0xe
 538 0066 3A       		.uleb128 0x3a
 539 0067 0B       		.uleb128 0xb
 540 0068 3B       		.uleb128 0x3b
 541 0069 05       		.uleb128 0x5
ARM GAS  /tmp/ccj8Bv2Q.s 			page 17


 542 006a 49       		.uleb128 0x49
 543 006b 13       		.uleb128 0x13
 544 006c 38       		.uleb128 0x38
 545 006d 0B       		.uleb128 0xb
 546 006e 00       		.byte	0
 547 006f 00       		.byte	0
 548 0070 09       		.uleb128 0x9
 549 0071 16       		.uleb128 0x16
 550 0072 00       		.byte	0
 551 0073 03       		.uleb128 0x3
 552 0074 0E       		.uleb128 0xe
 553 0075 3A       		.uleb128 0x3a
 554 0076 0B       		.uleb128 0xb
 555 0077 3B       		.uleb128 0x3b
 556 0078 05       		.uleb128 0x5
 557 0079 49       		.uleb128 0x49
 558 007a 13       		.uleb128 0x13
 559 007b 00       		.byte	0
 560 007c 00       		.byte	0
 561 007d 0A       		.uleb128 0xa
 562 007e 13       		.uleb128 0x13
 563 007f 01       		.byte	0x1
 564 0080 0B       		.uleb128 0xb
 565 0081 0B       		.uleb128 0xb
 566 0082 3A       		.uleb128 0x3a
 567 0083 0B       		.uleb128 0xb
 568 0084 3B       		.uleb128 0x3b
 569 0085 05       		.uleb128 0x5
 570 0086 01       		.uleb128 0x1
 571 0087 13       		.uleb128 0x13
 572 0088 00       		.byte	0
 573 0089 00       		.byte	0
 574 008a 0B       		.uleb128 0xb
 575 008b 2E       		.uleb128 0x2e
 576 008c 01       		.byte	0x1
 577 008d 3F       		.uleb128 0x3f
 578 008e 19       		.uleb128 0x19
 579 008f 03       		.uleb128 0x3
 580 0090 0E       		.uleb128 0xe
 581 0091 3A       		.uleb128 0x3a
 582 0092 0B       		.uleb128 0xb
 583 0093 3B       		.uleb128 0x3b
 584 0094 0B       		.uleb128 0xb
 585 0095 27       		.uleb128 0x27
 586 0096 19       		.uleb128 0x19
 587 0097 11       		.uleb128 0x11
 588 0098 01       		.uleb128 0x1
 589 0099 12       		.uleb128 0x12
 590 009a 06       		.uleb128 0x6
 591 009b 40       		.uleb128 0x40
 592 009c 18       		.uleb128 0x18
 593 009d 9742     		.uleb128 0x2117
 594 009f 19       		.uleb128 0x19
 595 00a0 01       		.uleb128 0x1
 596 00a1 13       		.uleb128 0x13
 597 00a2 00       		.byte	0
 598 00a3 00       		.byte	0
ARM GAS  /tmp/ccj8Bv2Q.s 			page 18


 599 00a4 0C       		.uleb128 0xc
 600 00a5 898201   		.uleb128 0x4109
 601 00a8 00       		.byte	0
 602 00a9 11       		.uleb128 0x11
 603 00aa 01       		.uleb128 0x1
 604 00ab 31       		.uleb128 0x31
 605 00ac 13       		.uleb128 0x13
 606 00ad 00       		.byte	0
 607 00ae 00       		.byte	0
 608 00af 0D       		.uleb128 0xd
 609 00b0 2E       		.uleb128 0x2e
 610 00b1 00       		.byte	0
 611 00b2 3F       		.uleb128 0x3f
 612 00b3 19       		.uleb128 0x19
 613 00b4 03       		.uleb128 0x3
 614 00b5 0E       		.uleb128 0xe
 615 00b6 3A       		.uleb128 0x3a
 616 00b7 0B       		.uleb128 0xb
 617 00b8 3B       		.uleb128 0x3b
 618 00b9 0B       		.uleb128 0xb
 619 00ba 27       		.uleb128 0x27
 620 00bb 19       		.uleb128 0x19
 621 00bc 11       		.uleb128 0x11
 622 00bd 01       		.uleb128 0x1
 623 00be 12       		.uleb128 0x12
 624 00bf 06       		.uleb128 0x6
 625 00c0 40       		.uleb128 0x40
 626 00c1 18       		.uleb128 0x18
 627 00c2 9742     		.uleb128 0x2117
 628 00c4 19       		.uleb128 0x19
 629 00c5 00       		.byte	0
 630 00c6 00       		.byte	0
 631 00c7 0E       		.uleb128 0xe
 632 00c8 34       		.uleb128 0x34
 633 00c9 00       		.byte	0
 634 00ca 03       		.uleb128 0x3
 635 00cb 0E       		.uleb128 0xe
 636 00cc 3A       		.uleb128 0x3a
 637 00cd 0B       		.uleb128 0xb
 638 00ce 3B       		.uleb128 0x3b
 639 00cf 0B       		.uleb128 0xb
 640 00d0 49       		.uleb128 0x49
 641 00d1 13       		.uleb128 0x13
 642 00d2 3F       		.uleb128 0x3f
 643 00d3 19       		.uleb128 0x19
 644 00d4 02       		.uleb128 0x2
 645 00d5 18       		.uleb128 0x18
 646 00d6 00       		.byte	0
 647 00d7 00       		.byte	0
 648 00d8 0F       		.uleb128 0xf
 649 00d9 26       		.uleb128 0x26
 650 00da 00       		.byte	0
 651 00db 49       		.uleb128 0x49
 652 00dc 13       		.uleb128 0x13
 653 00dd 00       		.byte	0
 654 00de 00       		.byte	0
 655 00df 10       		.uleb128 0x10
ARM GAS  /tmp/ccj8Bv2Q.s 			page 19


 656 00e0 2E       		.uleb128 0x2e
 657 00e1 00       		.byte	0
 658 00e2 3F       		.uleb128 0x3f
 659 00e3 19       		.uleb128 0x19
 660 00e4 03       		.uleb128 0x3
 661 00e5 0E       		.uleb128 0xe
 662 00e6 3A       		.uleb128 0x3a
 663 00e7 0B       		.uleb128 0xb
 664 00e8 3B       		.uleb128 0x3b
 665 00e9 05       		.uleb128 0x5
 666 00ea 27       		.uleb128 0x27
 667 00eb 19       		.uleb128 0x19
 668 00ec 3C       		.uleb128 0x3c
 669 00ed 19       		.uleb128 0x19
 670 00ee 00       		.byte	0
 671 00ef 00       		.byte	0
 672 00f0 00       		.byte	0
 673              		.section	.debug_aranges,"",%progbits
 674 0000 24000000 		.4byte	0x24
 675 0004 0200     		.2byte	0x2
 676 0006 00000000 		.4byte	.Ldebug_info0
 677 000a 04       		.byte	0x4
 678 000b 00       		.byte	0
 679 000c 0000     		.2byte	0
 680 000e 0000     		.2byte	0
 681 0010 00000000 		.4byte	.LFB98
 682 0014 08000000 		.4byte	.LFE98-.LFB98
 683 0018 00000000 		.4byte	.LFB99
 684 001c 02000000 		.4byte	.LFE99-.LFB99
 685 0020 00000000 		.4byte	0
 686 0024 00000000 		.4byte	0
 687              		.section	.debug_ranges,"",%progbits
 688              	.Ldebug_ranges0:
 689 0000 00000000 		.4byte	.LFB98
 690 0004 08000000 		.4byte	.LFE98
 691 0008 00000000 		.4byte	.LFB99
 692 000c 02000000 		.4byte	.LFE99
 693 0010 00000000 		.4byte	0
 694 0014 00000000 		.4byte	0
 695              		.section	.debug_line,"",%progbits
 696              	.Ldebug_line0:
 697 0000 2E010000 		.section	.debug_str,"MS",%progbits,1
 697      02000501 
 697      00000201 
 697      FB0E0D00 
 697      01010101 
 698              	.LASF24:
 699 0000 50444461 		.ascii	"PDData\000"
 699      746100
 700              	.LASF16:
 701 0007 6F737065 		.ascii	"ospeedr\000"
 701      65647200 
 702              	.LASF22:
 703 000f 50424461 		.ascii	"PBData\000"
 703      746100
 704              	.LASF29:
 705 0016 2F686F6D 		.ascii	"/home/awygle/ChibiOS-RT/demos/STM32/NIL-STM32F051-D"
ARM GAS  /tmp/ccj8Bv2Q.s 			page 20


 705      652F6177 
 705      79676C65 
 705      2F436869 
 705      62694F53 
 706 0049 4953434F 		.ascii	"ISCOVERY\000"
 706      56455259 
 706      00
 707              	.LASF4:
 708 0052 73686F72 		.ascii	"short unsigned int\000"
 708      7420756E 
 708      7369676E 
 708      65642069 
 708      6E7400
 709              	.LASF15:
 710 0065 6F747970 		.ascii	"otyper\000"
 710      657200
 711              	.LASF2:
 712 006c 756E7369 		.ascii	"unsigned char\000"
 712      676E6564 
 712      20636861 
 712      7200
 713              	.LASF20:
 714 007a 73746D33 		.ascii	"stm32_gpio_setup_t\000"
 714      325F6770 
 714      696F5F73 
 714      65747570 
 714      5F7400
 715              	.LASF21:
 716 008d 50414461 		.ascii	"PAData\000"
 716      746100
 717              	.LASF6:
 718 0094 6C6F6E67 		.ascii	"long unsigned int\000"
 718      20756E73 
 718      69676E65 
 718      6420696E 
 718      7400
 719              	.LASF19:
 720 00a6 61667268 		.ascii	"afrh\000"
 720      00
 721              	.LASF28:
 722 00ab 2E2E2F2E 		.ascii	"../../../os/hal/boards/ST_STM32F0_DISCOVERY/board.c"
 722      2E2F2E2E 
 722      2F6F732F 
 722      68616C2F 
 722      626F6172 
 723 00de 00       		.ascii	"\000"
 724              	.LASF26:
 725 00df 50414C43 		.ascii	"PALConfig\000"
 725      6F6E6669 
 725      6700
 726              	.LASF32:
 727 00e9 70616C5F 		.ascii	"pal_default_config\000"
 727      64656661 
 727      756C745F 
 727      636F6E66 
 727      696700
 728              	.LASF9:
ARM GAS  /tmp/ccj8Bv2Q.s 			page 21


 729 00fc 5F5F7569 		.ascii	"__uint32_t\000"
 729      6E743332 
 729      5F7400
 730              	.LASF17:
 731 0107 70757064 		.ascii	"pupdr\000"
 731      7200
 732              	.LASF25:
 733 010d 50464461 		.ascii	"PFData\000"
 733      746100
 734              	.LASF0:
 735 0114 756E7369 		.ascii	"unsigned int\000"
 735      676E6564 
 735      20696E74 
 735      00
 736              	.LASF18:
 737 0121 6166726C 		.ascii	"afrl\000"
 737      00
 738              	.LASF8:
 739 0126 6C6F6E67 		.ascii	"long long unsigned int\000"
 739      206C6F6E 
 739      6720756E 
 739      7369676E 
 739      65642069 
 740              	.LASF31:
 741 013d 626F6172 		.ascii	"boardInit\000"
 741      64496E69 
 741      7400
 742              	.LASF30:
 743 0147 5F5F6561 		.ascii	"__early_init\000"
 743      726C795F 
 743      696E6974 
 743      00
 744              	.LASF11:
 745 0154 73697A65 		.ascii	"sizetype\000"
 745      74797065 
 745      00
 746              	.LASF7:
 747 015d 6C6F6E67 		.ascii	"long long int\000"
 747      206C6F6E 
 747      6720696E 
 747      7400
 748              	.LASF12:
 749 016b 63686172 		.ascii	"char\000"
 749      00
 750              	.LASF3:
 751 0170 73686F72 		.ascii	"short int\000"
 751      7420696E 
 751      7400
 752              	.LASF23:
 753 017a 50434461 		.ascii	"PCData\000"
 753      746100
 754              	.LASF33:
 755 0181 73746D33 		.ascii	"stm32_clock_init\000"
 755      325F636C 
 755      6F636B5F 
 755      696E6974 
 755      00
ARM GAS  /tmp/ccj8Bv2Q.s 			page 22


 756              	.LASF10:
 757 0192 75696E74 		.ascii	"uint32_t\000"
 757      33325F74 
 757      00
 758              	.LASF5:
 759 019b 6C6F6E67 		.ascii	"long int\000"
 759      20696E74 
 759      00
 760              	.LASF14:
 761 01a4 6D6F6465 		.ascii	"moder\000"
 761      7200
 762              	.LASF27:
 763 01aa 474E5520 		.ascii	"GNU C 4.8.2 -mcpu=cortex-m0 -mno-thumb-interwork -m"
 763      4320342E 
 763      382E3220 
 763      2D6D6370 
 763      753D636F 
 764 01dd 7468756D 		.ascii	"thumb -ggdb -O2 -fomit-frame-pointer -falign-functi"
 764      62202D67 
 764      67646220 
 764      2D4F3220 
 764      2D666F6D 
 765 0210 6F6E733D 		.ascii	"ons=16 -ffunction-sections -fdata-sections -fno-com"
 765      3136202D 
 765      6666756E 
 765      6374696F 
 765      6E2D7365 
 766 0243 6D6F6E20 		.ascii	"mon -flto\000"
 766      2D666C74 
 766      6F00
 767              	.LASF1:
 768 024d 7369676E 		.ascii	"signed char\000"
 768      65642063 
 768      68617200 
 769              	.LASF13:
 770 0259 5F426F6F 		.ascii	"_Bool\000"
 770      6C00
 771              		.comm	__gnu_lto_v1,1,1
 772              		.ident	"GCC: (4.8.2-14ubuntu1+6) 4.8.2"
ARM GAS  /tmp/ccj8Bv2Q.s 			page 23


DEFINED SYMBOLS
                            *ABS*:0000000000000000 board.c
     /tmp/ccj8Bv2Q.s:140    .text.__early_init:0000000000000000 $t
     /tmp/ccj8Bv2Q.s:146    .text.__early_init:0000000000000000 __early_init
     /tmp/ccj8Bv2Q.s:165    .text.boardInit:0000000000000000 $t
     /tmp/ccj8Bv2Q.s:171    .text.boardInit:0000000000000000 boardInit
     /tmp/ccj8Bv2Q.s:186    .rodata.pal_default_config:0000000000000000 pal_default_config
     /tmp/ccj8Bv2Q.s:183    .rodata.pal_default_config:0000000000000000 $d
                            *COM*:0000000000000001 __gnu_lto_v1
                     .debug_frame:0000000000000010 $d

UNDEFINED SYMBOLS
stm32_clock_init
