ARM GAS  /tmp/ccl7S0Iv.s 			page 1


   1              		.cpu cortex-m0
   2              		.fpu softvfp
   3              		.eabi_attribute 20, 1
   4              		.eabi_attribute 21, 1
   5              		.eabi_attribute 23, 3
   6              		.eabi_attribute 24, 1
   7              		.eabi_attribute 25, 1
   8              		.eabi_attribute 26, 1
   9              		.eabi_attribute 30, 2
  10              		.eabi_attribute 34, 0
  11              		.eabi_attribute 18, 4
  12              		.code	16
  13              		.file	"crt1.c"
  14              		.text
  15              	.Ltext0:
  16              		.section	.gnu.lto_.jmpfuncs.a3d2a0ed796a2042,"",%progbits
  17 0000 789C6362 		.ascii	"x\234cb`b\300\006x\2404+\003\003#P\0113\003\013\003"
  17      6062C006 
  17      78A0342B 
  17      03032350 
  17      0933030B 
  18 0015 03000236 		.ascii	"\003\000\0026\000 "
  18      0020
  19              		.text
  20              		.section	.gnu.lto_.inline.a3d2a0ed796a2042,"",%progbits
  21 0000 789C6362 		.ascii	"x\234cb`b\300\006\342\2414+\003\0033\023#X\021\333\002"
  21      6062C006 
  21      E2A1342B 
  21      03033313 
  21      235811DB 
  22 0015 79B05A46 		.ascii	"y\260ZF\014\021&\014\021f \017\"\302\002\261\200\205"
  22      0C11260C 
  22      1166200F 
  22      22C202B1 
  22      8085
  23 0027 41E41527 		.ascii	"A\344\025'PD\251m\321LF\2702\006\000\3774\006\240"
  23      5044A96D 
  23      D14C46B8 
  23      320600FF 
  23      3406A0
  24              		.text
  25              		.section	.gnu.lto_.pureconst.a3d2a0ed796a2042,"",%progbits
  26 0000 789C6362 		.ascii	"x\234cb`b\340f\200\000V\006\011F\011&\011f\023\026)"
  26      6062E066 
  26      80005606 
  26      09460926 
  26      09661316 
  27 0015 00044D00 		.ascii	"\000\004M\000\265"
  27      B5
  28              		.text
  29              		.section	.gnu.lto___core_init.a3d2a0ed796a2042,"",%progbits
  30 0000 789C6362 		.ascii	"x\234cb`b@\007\222@\034\014\304\226@\314\310\314\300"
  30      60624007 
  30      92401C0C 
  30      C49640CC 
  30      C8CCC0
  31 0013 C834E11C 		.ascii	"\3104\341\034\003C#\007\023##\210\301\300\310P\317\304"
ARM GAS  /tmp/ccl7S0Iv.s 			page 2


  31      03432307 
  31      13232388 
  31      C1C0C850 
  31      CFC4
  32 0025 581FC908 		.ascii	"X\037\311\010V\273\236\351\300\203\377\377\327m\350"
  32      56BB9EE9 
  32      C083FFFF 
  32      D76DE8
  33 0034 9AF38671 		.ascii	"\232\363\206q%\023\310,V\206\226\206\206\011\012\014"
  33      2513C82C 
  33      56869686 
  33      86090A0C 
  34 0044 0CC96015 		.ascii	"\014\311`\025!@\022\244-\224\221\011D3_d`Ld\\\310\310"
  34      214012A4 
  34      2D949109 
  34      44335F64 
  34      604C645C 
  35 005a 0AB72D84 		.ascii	"\012\267-\204\221\021$\001\322j\256\247\247\017A\371"
  35      91112401 
  35      D26AAEA7 
  35      A70F41F9 
  36 006a C5FAC9F9 		.ascii	"\305\372\311\371\271\271\371y\372\305%\211E%\245\005"
  36      B9B9F979 
  36      FAC52589 
  36      4525A505 
  37 007a FA8E41BE 		.ascii	"\372\216A\276\316\276\025 \321\202\314\234\324\242b"
  37      CEBE1520 
  37      D182CC9C 
  37      D4A262
  38 0089 7D776767 		.ascii	"}wgg\375\344\242\022C\275d\006\000\267\214)["
  38      FDE4A212 
  38      43BD6406 
  38      00B78C29 
  38      5B
  39              		.text
  40              		.section	.gnu.lto___early_init.a3d2a0ed796a2042,"",%progbits
  41 0000 789C6362 		.ascii	"x\234cb`b@\007\222@\034\000\304\226@\314\310\314\300"
  41      60624007 
  41      92401C00 
  41      C49640CC 
  41      C8CCC0
  42 0013 C834E11C 		.ascii	"\3104\341\034\003C#\007\023##\210\301\300\310P\317\304"
  42      03432307 
  42      13232388 
  42      C1C0C850 
  42      CFC4
  43 0025 581FC908 		.ascii	"X\037\311\010V\273\236\351\300\203\377\377\327};5G\002"
  43      56BB9EE9 
  43      C083FFFF 
  43      D77D3B35 
  43      4702
  44 0037 64102B43 		.ascii	"d\020+CKC\303\004\005\006\206d\260t\010\220\004\351"
  44      4B43C304 
  44      05068664 
  44      B0740890 
  44      04E9
  45 0049 09656402 		.ascii	"\011ed\002\321\314\027\031\030\023\031\0272\262\302"
ARM GAS  /tmp/ccl7S0Iv.s 			page 3


  45      D1CC1719 
  45      18131917 
  45      32B2C2
  46 0058 AD0A6164 		.ascii	"\255\012ad\004I\200\264\232\353\351\351CP~\261~r~nn"
  46      044980B4 
  46      9AEBE9E9 
  46      43507EB1 
  46      7E727E6E 
  47 006d 7E9E7E71 		.ascii	"~\236~qIbQIi\201\276c\220\257\263o\005H\264 3'\265\250"
  47      49625149 
  47      6981BE63 
  47      90AFB36F 
  47      0548B420 
  48 0085 58DFDDD9 		.ascii	"X\337\335\331Y?\271\250\304P/\231\001\000\031\306(^"
  48      593FB9A8 
  48      C4502F99 
  48      010019C6 
  48      285E
  49              		.text
  50              		.section	.gnu.lto___late_init.a3d2a0ed796a2042,"",%progbits
  51 0000 789C6362 		.ascii	"x\234cb`b@\007\222@\034\000\304\226@\314\310\314\300"
  51      60624007 
  51      92401C00 
  51      C49640CC 
  51      C8CCC0
  52 0013 C834E11C 		.ascii	"\3104\341\034\003C#\007\023##\210\301\300\310P\317\304"
  52      03432307 
  52      13232388 
  52      C1C0C850 
  52      CFC4
  53 0025 581FC908 		.ascii	"X\037\311\010V\273\236\351\300\203\377\377\327m\352"
  53      56BB9EE9 
  53      C083FFFF 
  53      D76DEA
  54 0034 9E230132 		.ascii	"\236#\0012\210\225\241\245\241a\202\002\003C2X:\004"
  54      8895A1A5 
  54      A1618202 
  54      03433258 
  54      3A04
  55 0046 4882F484 		.ascii	"H\202\364\20422\201h\346\213\014\214\211\214\013\031"
  55      32328168 
  55      E68B0C8C 
  55      898C0B19 
  56 0056 59E15685 		.ascii	"Y\341V\20502\202$@Z\315\365\364\364!(\277X?9?77?O\277"
  56      30328224 
  56      405ACDF5 
  56      F4F42128 
  56      BF583F39 
  57 0070 B824B1A8 		.ascii	"\270$\261\250\244\264@\3371\310\327\331\267\002$Z\220"
  57      A4B440DF 
  57      31C8D7D9 
  57      B702245A 
  57      90
  58 0081 99935A54 		.ascii	"\231\223ZT\254\357\356\354\254\237\\Tb\250\227\314\000"
  58      ACEFEEEC 
  58      AC9F5C54 
  58      62A897CC 
ARM GAS  /tmp/ccl7S0Iv.s 			page 4


  58      00
  59 0092 00DB0527 		.ascii	"\000\333\005'\333"
  59      DB
  60              		.text
  61              		.section	.gnu.lto___default_exit.a3d2a0ed796a2042,"",%progbits
  62 0000 789C6362 		.ascii	"x\234cb`b@\007:@\354\003\304\226@\314\310\312\300\310"
  62      60624007 
  62      3A40EC03 
  62      C49640CC 
  62      C8CAC0C8 
  63 0014 34E11C03 		.ascii	"4\341\034\003C#\007\023#3\210\301\310\314\310\002\021"
  63      43230713 
  63      233388C1 
  63      C8CCC802 
  63      11
  64 0025 60810838 		.ascii	"`\201\010822\32431\2630\326G2\202\265\257g:\360\340"
  64      3232D433 
  64      31B330D6 
  64      473282B5 
  64      AF673AF0 
  65 003a FFFF7577 		.ascii	"\377\377uwN\317\335\303\270\236\011$\306\312\320\322"
  65      4ECFDDC3 
  65      B89E0924 
  65      C6CAD0D2 
  66 004a D0304181 		.ascii	"\3200A\201\201!\031\254\"\004H2\002I&\240Y!\214\314"
  66      812119AC 
  66      22044832 
  66      024926A0 
  66      59218CCC 
  67 005e 0C404318 		.ascii	"\014@C\030C\030Y\2404\304\020\006s==}\010\312/\326O"
  67      431859A0 
  67      34C41006 
  67      733D3D7D 
  67      08CA2FD6 
  68 0073 CECFCDCD 		.ascii	"\316\317\315\315\317\323/.I,*)-\320w\014\362u\366\255"
  68      CFD32F2E 
  68      492C2A29 
  68      2DD0770C 
  68      F275F6AD 
  69 0087 00891664 		.ascii	"\000\211\026d\346\244\026\025\353\273;;\353'\027\225"
  69      E6A41615 
  69      EBBB3B3B 
  69      EB271795 
  70 0097 18EA2533 		.ascii	"\030\352%3\000\000\351N*\305"
  70      0000E94E 
  70      2AC5
  71              		.text
  72              		.section	.gnu.lto___init_ram_areas.a3d2a0ed796a2042,"",%progbits
  73 0000 789C8D54 		.ascii	"x\234\215T]HTA\024>g\346\336\273w\177lW\326 \241H$\350"
  73      5D485441 
  73      143E67E6 
  73      DEBB777F 
  73      6C57D620 
  74 0018 2172E949 		.ascii	"!r\351I\350!0\037z\362\241P\250\207\250m\213e\251\315"
  74      E821301F 
  74      7AF2A150 
  74      A887A86D 
ARM GAS  /tmp/ccl7S0Iv.s 			page 5


  74      8B65A9CD 
  75 002c 4557080A 		.ascii	"EW\010\012\234\325\015\242\244\266 \260\334@\021\351"
  75      9CD50DA2 
  75      A4B620B0 
  75      DC4011E9 
  76 003c 4F88E865 		.ascii	"O\210\350e\211\036V(T0\311G\243\300\222|\260 \304z("
  76      891E5628 
  76      5430C947 
  76      A3C0927C 
  76      B020C47A 
  77 0051 A2EDCC9D 		.ascii	"\242\355\314\235\271W\224\265\032\356\275g\346\3149"
  77      B95794B5 
  77      1AEEBD67 
  77      E6CC39
  78 0060 DF39E79B 		.ascii	"\3379\347\2339\227\001\203\215\243\237\336\263&\300"
  78      39970183 
  78      8DA39FDE 
  78      B326C0
  79 006f 41921802 		.ascii	"A\222\030\002d\205Y\200\234\315\220\253\011GSM\0145"
  79      64855980 
  79      9CCD90AB 
  79      0947534D 
  79      0C35
  80 0081 99B04D66 		.ascii	"\231\260Mf\014L\002\210\200\225\367\201\010YhK=\372"
  80      0C4C0288 
  80      8095F781 
  80      0859684B 
  80      3DFA
  81 0093 949CB06D 		.ascii	"\224\234\260m\346S\373~g\337\317\202j\031p\226A\005"
  81      E653FB7E 
  81      67DFCF82 
  81      6A197096 
  81      4105
  82 00a5 DC124094 		.ascii	"\334\022@\224\022\020z\0317L\313g\373\203\001\354=\206"
  82      12107A19 
  82      374CCB67 
  82      FB8301EC 
  82      3D86
  83 00b7 3229DE08 		.ascii	"2)\336\010#B\334Zx\365q\216\337\021\345\374\260\370"
  83      2342DC5A 
  83      78F5718E 
  83      DF11E5FC 
  83      B0F8
  84 00c9 55A920A6 		.ascii	"U\251 \246\220\012\330\217\220@8J\013lp\0043\326W\244"
  84      900AD88F 
  84      9040384A 
  84      0B6C7004 
  84      33D657A4 
  85 00dd 7CCB43B3 		.ascii	"|\313C\2637\352\305p_A\374&\327\024r\006\007\376\323"
  85      37EAC570 
  85      5F41FC26 
  85      D7147206 
  85      07FED3
  86 00f0 B3381B2A 		.ascii	"\2638\033*\344\256\210J\245\327qk\371\227\333\023V^"
  86      E4AE884A 
  86      A5D7716B 
  86      F997DB13 
ARM GAS  /tmp/ccl7S0Iv.s 			page 6


  86      565E
  87 0102 A8540656 		.ascii	"\250T\006V\276}(at+B\034G\260\2212\215\343(INr\214\244"
  87      BE7D2861 
  87      742B421C 
  87      47B09132 
  87      8DE32849 
  88 011a A1A5AD65 		.ascii	"\241\245\255e@\357\007\365:\004\024\255\206>FXk\"\332"
  88      40EF07F5 
  88      3A0414AD 
  88      863E4658 
  88      6B22DA
  89 012d A256EE44 		.ascii	"\242V\356D\265\262N\303\3230!/D\241\301]'\034\352\332"
  89      B5B24EC3 
  89      D330212F 
  89      44A1C15D 
  89      271CEADA 
  90 0141 E93B07D0 		.ascii	"\351;\007\320\201\214\004\237\206\276\205\253\223[\342"
  90      818C049F 
  90      86BE85AB 
  90      935BE2
  91 0150 781F4DED 		.ascii	"x\037M\355x\021~\212A!nR!f\032\327\252\350@\016y\237"
  91      78117E8A 
  91      41216E52 
  91      21661AD7 
  91      AAE8400E 
  92 0166 F4B0419B 		.ascii	"\364\260A\233&\221\366_C\337\333\322\342\017\364\242"
  92      2691F65F 
  92      43DFDBD2 
  92      E20FF4A2 
  93 0176 C994542E 		.ascii	"\311\224T.\322N\002\323Hb`\017<\022\005!N\244\320\032"
  93      D24E02D3 
  93      4862600F 
  93      3C120521 
  93      4EA4D01A 
  94 018a 82BB04EF 		.ascii	"\202\273\004\357#\177\311\227\302?\345\305\242\020\345"
  94      237FC997 
  94      C23FE5C5 
  94      A210E5
  95 0199 9D717CE8 		.ascii	"\235q|\350\2444\352\304\011\2508S\213\250\364I\014j"
  95      A434EAC4 
  95      09A83853 
  95      8BA8F449 
  95      0C6A
  96 01ab B8E39BC2 		.ascii	"\270\343\233\302a5\2701\007.(\365\363\200\252\326\362"
  96      6135B831 
  96      072E28F5 
  96      F380AAD6 
  96      F2
  97 01bc EDEBBBBC 		.ascii	"\355\353\273\274b\331\003\302\251\013\316|?)K6\200\356"
  97      62D903C2 
  97      A90BCE7C 
  97      3F294B36 
  97      80EE
  98 01ce 26A7D0CF 		.ascii	"&\247\320\317/\177.nwc\327\250\200v\022\231\014\310"
  98      2F7F2E6E 
  98      7763D7A8 
  98      80761299 
ARM GAS  /tmp/ccl7S0Iv.s 			page 7


  98      0CC8
  99 01e0 7520329B 		.ascii	"u 2\233~c)#\262\310\011!\302\216\025_\263\"gi\330\177"
  99      7E632923 
  99      B2C80921 
  99      C28E155F 
  99      B3226769 
 100 01f6 ADFF6B71 		.ascii	"\255\377kq\233\213\027\326&\316\305\231\006\266>\331"
 100      9B8B17D6 
 100      26CEC599 
 100      06B63ED9 
 101 0206 B076582D 		.ascii	"\260vX-\326\273\016\021\035y\243\203\"+\342\036\230"
 101      D6BB0E11 
 101      1D79A383 
 101      222BE21E 
 101      98
 102 0217 09D442DE 		.ascii	"\011\324B\336\211)4\356\020\342(\2245\323G\2704\317"
 102      892934EE 
 102      10E22894 
 102      35D347B8 
 102      34CF
 103 0229 5CF890E4 		.ascii	"\\\370\220\3446\262)\261\356Ob\012^.\345\232=\247\244"
 103      36B229B1 
 103      EE4F620A 
 103      5E2EE59A 
 103      3DA7A4
 104 023c 470451CB 		.ascii	"G\004Q\313\350\314\370\273\225K\224\2151\263zz\0368"
 104      E8CCF8BB 
 104      954B948D 
 104      31B37A7A 
 104      1E38
 105 024e B1CEBF48 		.ascii	"\261\316\277HE\330x\261\352\220k\311\373$\215%E&J\225"
 105      45D878B1 
 105      EA906BC9 
 105      FB248D25 
 105      45264A95 
 106 0262 CFE5BB54 		.ascii	"\317\345\273TZ\236\303*T\032kT\312\231\255x'v\036\337"
 106      5A9EC32A 
 106      541A6B54 
 106      CA99AD78 
 106      27761EDF 
 107 0276 F3E88C6A 		.ascii	"\363\350\214j\263\352tF]vl\311\016\256g\307Pd\014.\257"
 107      B3EA7446 
 107      5D766CC9 
 107      0EAE67C7 
 107      50640C2E 
 108 028b 9151FB77 		.ascii	"\221Q\373w2xU2j\035(\227\014#\211\266\205\024\3327\256"
 108      32785532 
 108      6A1D2897 
 108      0C2389B6 
 108      8514DA37 
 109 02a0 AE955F56 		.ascii	"\256\225_V\356\244\375t\207\353R\247\201Yd}\326\252"
 109      EEA4FD74 
 109      87EB52A7 
 109      8159647D 
 109      D6AA
 110 02b2 D1EA9C08 		.ascii	"\321\352\234\010\237&\336\317\242\352)R\351N=L\311\354"
 110      9F26DECF 
ARM GAS  /tmp/ccl7S0Iv.s 			page 8


 110      A2EA2952 
 110      E94E3D4C 
 110      C9EC
 111 02c4 8571D90C 		.ascii	"\205q\331\014=\224_Z\375\213\3746T\033\355t\367\237"
 111      3D945F5A 
 111      FD8BFC36 
 111      541BED74 
 111      F79F
 112 02d6 59D8411D 		.ascii	"Y\330A\035E\355?\007\271\205\322n\257I\265\005\322\226"
 112      45ED3F07 
 112      B985D26E 
 112      AF49B505 
 112      D296
 113 02e8 3CE3E6A6 		.ascii	"<\343\346\246\246\230z:\273c\211\316t\272\363|\254;"
 113      A6987A3A 
 113      BB6389CE 
 113      74BAF37C 
 113      AC3B
 114 02fa 1BEFCAF6 		.ascii	"\033\357\312\366db-G\332Z\333.Hm&u\356LWw\354Pkk,\321"
 114      64622D47 
 114      DA5ADB2E 
 114      486D2675 
 114      EE4C5777 
 115 0314 95DDD794 		.ascii	"\225\335\327\224\000\336\025\317\260l\0063\177\000T"
 115      00DE15CF 
 115      B06C0633 
 115      7F0054
 116 0323 E65540   		.ascii	"\346U@"
 117              		.text
 118              		.section	.gnu.lto_.symbol_nodes.a3d2a0ed796a2042,"",%progbits
 119 0000 789C4DC9 		.ascii	"x\234M\311E\016\002a\020\204\321\232\177fpw\207\340"
 119      450E0261 
 119      1084D19A 
 119      7F667077 
 119      87E0
 120 0012 EEAE5B6E 		.ascii	"\356\256[n\325[\226\234\200\263\340\3548\023T\010\201"
 120      D55B969C 
 120      80B3E0EC 
 120      38135408 
 120      81
 121 0023 5EBC2F95 		.ascii	"^\274/\225VP\010k\370\234*\010\260\177\002\"\207\235"
 121      5650086B 
 121      F89C2A08 
 121      B07F0222 
 121      879D
 122 0035 A68AA2FD 		.ascii	"\246\212\242\375\255\222\250\277U\026\375\273\266\252"
 122      AD92A8BF 
 122      5516FDBB 
 122      B6AA
 123 0043 22C6EF65 		.ascii	"\"\306\357e\346a\210nV5\010\314\232\242u\2356\014\332"
 123      E661886E 
 123      563508CC 
 123      9AA2759D 
 123      360CDA
 124 0056 3469CB42 		.ascii	"4i\313B\333V\332\261\321\256\235\366\034\264\357\244"
 124      DB56DAB1 
 124      D1AE9DF6 
ARM GAS  /tmp/ccl7S0Iv.s 			page 9


 124      1CB4EFA4 
 125 0066 03171DBA 		.ascii	"\003\027\035\272\351\310C\307^:\361\321\251\237\316"
 125      E9C843C7 
 125      5E3AF1D1 
 125      A99FCE
 126 0075 02741EA4 		.ascii	"\002t\036\244\213\020]\206\351*B\327Q\272\211\321#\342"
 126      8B105D86 
 126      E92A42D7 
 126      51BA89D1 
 126      23E2
 127 0087 CC0909E6 		.ascii	"\314\011\011\346\214$sA\212\271\"\315\334\220a\356\310"
 127      8C247341 
 127      8AB922CD 
 127      DC9061EE 
 127      C8
 128 0098 320FE4DE 		.ascii	"2\017\344\336\301\013^\3072\336"
 128      C10B5EC7 
 128      32DE
 129              		.text
 130              		.section	.gnu.lto_.refs.a3d2a0ed796a2042,"",%progbits
 131 0000 789C25C1 		.ascii	"x\234%\301[\026BP\000\000\300{\346\270Ry\246\007J\221"
 131      5B164250 
 131      0000C07B 
 131      E6B85279 
 131      A6074A91 
 132 0014 2CA6FD6F 		.ascii	",\246\375o\310\207\031A\370\207\235D\024\247(u\2209"
 132      C8871941 
 132      F8879D44 
 132      14A72875 
 132      9039
 133 0026 3A39CB15 		.ascii	":9\313\025J\225Z\343\242uus\367\320\351\015\236^Fo\037"
 133      4A955AE3 
 133      A2757573 
 133      F7D0E90D 
 133      9E5E466F 
 134 003b 93D9D7E2 		.ascii	"\223\331\327\342g\015\033s\304\003w"
 134      670D1B73 
 134      C40377
 135              		.text
 136              		.section	.gnu.lto_.decls.a3d2a0ed796a2042,"",%progbits
 137 0000 789C9558 		.ascii	"x\234\225Xml\024E\030\236\331+m\257=\012\242b0\020\256"
 137      6D6C1445 
 137      189ED92B 
 137      6DAF3D0A 
 137      A2623010 
 138 0015 2A9A10E9 		.ascii	"*\232\020\351\321\357h\0045\375\201\177\360\007\011"
 138      D1EF6804 
 138      35FD817F 
 138      F00709
 139 0024 89FF36EB 		.ascii	"\211\3776\353\261\206\013\327+\271n\003\350\237\005"
 139      B1860BD7 
 139      2BB96E03 
 139      E89F05
 140 0033 B11088A6 		.ascii	"\261\020\210\246\020\232b*\330*\220\022\213\366#\264"
 140      109A622A 
 140      D82A9012 
 140      8BF623B4 
ARM GAS  /tmp/ccl7S0Iv.s 			page 10


 141 0043 56A8DD36 		.ascii	"V\250\3356\001\212\015\006i\252\301\242^\242\321`4b"
 141      018A0D06 
 141      69AAC1A2 
 141      5EA2D160 
 141      3462
 142 0055 20105039 		.ascii	" \020P9\337\375\270\217yo\346\206N\356\271\235\335}"
 142      DFFDB88F 
 142      796FE686 
 142      4EEEB99D 
 142      DD7D
 143 0067 9FF79999 		.ascii	"\237\367\231\231g\336iz\012QH/%$\011\355\203G\010Y\353"
 143      67DE697A 
 143      0A51482F 
 143      252409ED 
 143      83470859 
 144 007c 23A490C0 		.ascii	"#\244\220\300\225d\332<@7\240\007\320\013\350\003\014"
 144      9564DA3C 
 144      4037A007 
 144      D00BE803 
 144      0C
 145 008d 01CA0123 		.ascii	"\001\312\001#\200o\001W\001\327\000?\001~\006\374\012"
 145      806F0157 
 145      01D7003F 
 145      017E06FC 
 145      0A
 146 009e B80EF803 		.ascii	"\270\016\370\003p\003p\023p\033p\027\360\237\235\024"
 146      70037013 
 146      701B7017 
 146      F09F9D14 
 147 00ae 347D8042 		.ascii	"4}\200B@\011`>`!\340a\300c\200\307\001\313\000A\300"
 147      4009603E 
 147      6021E061 
 147      C06380C7 
 147      01CB0041 
 148 00c3 53806700 		.ascii	"S\200g\000+\001\253\000\225\200\032@=\340yJ\230\326"
 148      2B01AB00 
 148      95801A40 
 148      3DE0794A 
 148      98D6
 149 00d5 9DD5A7E8 		.ascii	"\235\325\247\350>\325zPL\017'\246\027\305\364rb\372"
 149      3ED57A50 
 149      4C0F27A6 
 149      17C5F472 
 149      62FA
 150 00e7 504C1F27 		.ascii	"PL\037'\306^\247\022\300\013\020P\006\327\000`\034P"
 150      C65EA712 
 150      C00B1050 
 150      06D70060 
 150      1C50
 151 00f9 045803CF 		.ascii	"\004X\003\317\326\002\316@\177\002P\340\301\002\\\004"
 151      D602CE40 
 151      7F0250E0 
 151      C1025C04 
 152 0109 4C012E79 		.ascii	"L\001.y\271\207\274\353\010\312\277\234\0345\273\254"
 152      B987BCEB 
 152      08CABF9C 
 152      1C35BBAC 
ARM GAS  /tmp/ccl7S0Iv.s 			page 11


 153 0119 C43B27FA 		.ascii	"\304;'\372\227\230]\273\306\223\311\027\311b\322nB\353"
 153      97985DBB 
 153      C693C917 
 153      C962D26E 
 153      42EB
 154 012b 6A354D6A 		.ascii	"j5Mjht\355\243\3445\252\3212?\011:\235\200\337\021!"
 154      6874EDA3 
 154      E435AAD1 
 154      323F093A 
 154      9D80DF11 
 155 0140 44A31FD1 		.ascii	"D\243\037\321\305^o\243\317M\247\330\013\272\222\234"
 155      C55E6FA3 
 155      CF4DA7D8 
 155      0BBA929C 
 156 0150 047E9B69 		.ascii	"\004~\233iN<\211V\027\232\017b\340\263>\375\346ir\334"
 156      4E3C8956 
 156      179A0F62 
 156      E0B33EFD 
 156      E66972DC 
 157 0164 96337B4C 		.ascii	"\2263{L\237#f\247\353\246\313\2639\032\375\230*\271"
 157      9F2366A7 
 157      EBA6CBB3 
 157      391AFD98 
 157      2AB9
 158 0176 A3B66E7F 		.ascii	"\243\266n\177\025h\033O$\223\313\335\241(d\003\205\330"
 158      15681B4F 
 158      2493CBDD 
 158      A1286403 
 158      85D8
 159 0188 63746546 		.ascii	"cteFI\243'2T\236T\017\226:\311\225\032\230BR\352\334"
 159      49A32732 
 159      549E540F 
 159      963AC995 
 159      1A984252 
 160 019e A57AB1D4 		.ascii	"\245z\261\324)\216\324\270u\015Km\021Jy\213\371f\366"
 160      298ED4B8 
 160      750D4B6D 
 160      114A798B 
 160      F966F6
 161 01b1 32F394FB 		.ascii	"2\363\224\373\260r?G9a\265}\035h\333\231\255\3746\315"
 161      B0723F47 
 161      3961B57D 
 161      1D68DB99 
 161      ADFC36CD 
 162 01c5 9616651F 		.ascii	"\226\026e\037\302\331\207\331\354O\220n\363\362e\353"
 162      C2D987D9 
 162      EC4F906E 
 162      F3F265EB 
 163 01d5 6EEB8714 		.ascii	"n\353\207\024\366\230i\336O&\351C\244\315N\023\234,"
 163      F69869DE 
 163      4F26E943 
 163      A4CD4E13 
 163      9C2C
 164 01e7 5B440E38 		.ascii	"[D\0168\333\015v\333$\354po\257\2314\265\331\026B\206"
 164      DB0D76DB 
 164      24EC706F 
 164      AF9934B5 
ARM GAS  /tmp/ccl7S0Iv.s 			page 12


 164      D9164286 
 165 01fb 15E4186C 		.ascii	"\025\344\030l(\353\346|\305\213\016\012C5z\226\256 "
 165      28EBE67C 
 165      C58B0E0A 
 165      43357A96 
 165      AE20
 166 020d D2303BF0 		.ascii	"\3220;\360K\272\310\233\235\223\337\264\256\352A\367"
 166      4BBAC89B 
 166      9D93DFB4 
 166      AEEA41F7 
 167 021d 2941B3CE 		.ascii	")A\263\316j\345\004F\272\313\232\275~\221\232\007\003"
 167      6AE50446 
 167      BACB9ABD 
 167      7E919A07 
 167      03
 168 022e A5641FDC 		.ascii	"\245d\037\334\331\265\362\312$h\354\315\334\020n\325"
 168      D9B5F2CA 
 168      2468ECCD 
 168      DC106ED5 
 169 023e B813495C 		.ascii	"\270\023I\\\335wn\234\302J\300\213\011\352\207\205\036"
 169      DD776E9C 
 169      C24AC08B 
 169      09EA8785 
 169      1E
 170 024f 400BFDE0 		.ascii	"@\013\375\340\251\356\354?\373\234i\026k\364\234\223"
 170      A9EEEC3F 
 170      FB9C6916 
 170      6BF49C93 
 171 025f E83A4AA4 		.ascii	"\350:J\244\321\"?k\016\334\247\002\354l\316k\257c\037"
 171      D1223F6B 
 171      0EDCA702 
 171      EC6CCE6B 
 171      AF631F
 172 0272 E20BC85C 		.ascii	"\342\013\310\\\303E\247\3038-M\245Q\310-g\\\366\332"
 172      C345A7C3 
 172      382D4DA5 
 172      51C82D67 
 172      5CF6DA
 173 0285 F2C2BDAE 		.ascii	"\362\302\275\256\333\274\000f\275\023\347:\217\300\001"
 173      DBBC0066 
 173      BD13E73A 
 173      8FC001
 174 0294 3541DDB4 		.ascii	"5A\335\264\2603\225\271\346\0132\376\375\250O\256N\345"
 174      B03395B9 
 174      E60B32FE 
 174      FDA84FAE 
 174      4EE5
 175 02a6 7AF74172 		.ascii	"z\367Ar\025\013\307f\335\310\312ux\316\271\202h\203"
 175      150BC766 
 175      DDC8CA75 
 175      78CEB982 
 175      6883
 176 02b8 B9ABADD1 		.ascii	"\271\253\255\3211\330\306\032\265h9|_t\276\247\234\357"
 176      31D8C61A 
 176      B568397C 
 176      5F74BEA7 
 176      9CEF
ARM GAS  /tmp/ccl7S0Iv.s 			page 13


 177 02ca 4BB43C13 		.ascii	"K\264<\023\254\220\343\0126\334\335\300Y\3712\373\234"
 177      AC90E30A 
 177      36DCDDC0 
 177      59F932FB 
 177      9C
 178 02db C833A6AA 		.ascii	"\3103\246\252\24585X\323=\\2\005\253\321\321\314\364"
 178      A5383558 
 178      D33D5C32 
 178      05ABD1D1 
 178      CCF4
 179 02ed 72E2347A 		.ascii	"r\3424z\031\212\333n\316\0366\275=\354\204\210v\312"
 179      198ADB6E 
 179      CE1E36BD 
 179      3DEC8488 
 179      76CA
 180 02ff 37D49FD6 		.ascii	"7\324\237\326\016\3703\235\"f\032\251(\230\364\351\364"
 180      0EF8339D 
 180      22661AA9 
 180      2898F4E9 
 180      F4
 181 0310 A4C5C3B8 		.ascii	"\244\305\303\270\342\035B5d\320\334k\331\307\325\027"
 181      E21D4235 
 181      64D0DC6B 
 181      D9C7D517 
 182 0320 30B0B481 		.ascii	"0\260\264\201\356\343\2274z\306Y\035{U\336\"\367\314"
 182      EEE39734 
 182      7AC6591D 
 182      7B55DE22 
 182      F7CC
 183 0332 BDA6F54F 		.ascii	"\275\246\365O\253\342\272i\237[\211\203\326\201\363"
 183      ABE2BA69 
 183      9F5B8983 
 183      D681F3
 184 0341 879698DD 		.ascii	"\207\226\230\335\336\271\225*\3301<\202\234I}\307\034"
 184      DEB9952A 
 184      D8313C82 
 184      9C497DC7 
 184      1C
 185 0352 82EE8AA7 		.ascii	"\202\356\212\247\024\316/E\012'r\025\256H\025\276G\012"
 185      14CE2F45 
 185      0A277215 
 185      AE4815BE 
 185      470A
 186 0364 53D90ACF 		.ascii	"S\331\012\317\262\012\255C\271\012\011\251\302\017H"
 186      B20AAD43 
 186      B90A09A9 
 186      C20F48
 187 0373 E152F62A 		.ascii	"\341R\366*\255A\012\347\351\373\346\304n\323\374\027"
 187      AD410AE7 
 187      E9FBE6C4 
 187      6ED3FC17 
 188 0383 24D21A7F 		.ascii	"$\322\032\177I5\022\354\037\013/\214\3461(\211\014\352"
 188      493512EC 
 188      1F0B2F8C 
 188      E6312889 
 188      0CEA
 189 0395 E0199494 		.ascii	"\340\031\224\224\012\377\"6(\211\014\352\340\031t\320"
ARM GAS  /tmp/ccl7S0Iv.s 			page 14


 189      0AFF2236 
 189      28890CEA 
 189      E01974D0 
 190 03a5 2753F84D 		.ascii	"'S\370MlP\022\031\324\3013\250K\252\360\273\330\240"
 190      6C501219 
 190      D4C133A8 
 190      4BAAF0BB 
 190      D8A0
 191 03b7 2432A883 		.ascii	"$2\250\203o\320gR\215?\271\006)y\014j\337\303\032t\204"
 191      6FD06752 
 191      8D3FB906 
 191      29790C6A 
 191      DFC31A74 
 192 03cc 5B4152E1 		.ascii	"[AR\341\277\305\006\265_X\212\024x\025$U\270%6\250\375"
 192      BFC506B5 
 192      5F588A14 
 192      78152455 
 192      B82536A8 
 193 03e1 026BD011 		.ascii	"\002k\320\021n\005I\025\356\210\015j\337\263\006)\360"
 193      6E054915 
 193      EE880D6A 
 193      DFB30629 
 193      F0
 194 03f2 2B48AA71 		.ascii	"+H\252q\217k\220/\217A\235\310\240An\005I\205\357\213"
 194      8F6B902F 
 194      8F419DC8 
 194      A0416E05 
 194      4985EF8B 
 195 0406 0DEA4406 		.ascii	"\015\352D\006\015r+\250@\246\260S\021\032\324\211\014"
 195      0D722BA8 
 195      40A6B053 
 195      111AD489 
 195      0C
 196 0417 1AE45690 		.ascii	"\032\344V\220Ta\267\"4\250\023\0314(\250 \251\306\036"
 196      5461B722 
 196      34A81319 
 196      3428A820 
 196      A9C61E
 197 042a 85675041 		.ascii	"\205gPA\036\203\372\221A#\334\012\222\012\357W\204\006"
 197      1E83FA91 
 197      4123DC0A 
 197      920AEF57 
 197      8406
 198 043c F5238346 		.ascii	"\365#\203F\270\025$UxOlP?2h\204[AR\205\003b\203\372"
 198      B8152455 
 198      784F6C50 
 198      3F326884 
 198      5B415285 
 199 0454 91412382 		.ascii	"\221A#\202\012\222j\034\342\0324/\217A\303\310\2401"
 199      0A926A1C 
 199      E21A342F 
 199      8F41C3C8 
 199      A031
 200 0466 6E054985 		.ascii	"n\005I\205\017\213\015\032F\006\215q+h\236L\241Sl\320"
 200      0F8B0D1A 
 200      46068D71 
 200      2B689E4C 
ARM GAS  /tmp/ccl7S0Iv.s 			page 15


 200      A1536CD0 
 201 047a 3032688C 		.ascii	"02h\214[AR\205\243b\203\206\221Ac\202\012\222jts\015"
 201      5B415285 
 201      A3628386 
 201      91416382 
 201      0A926A74 
 202 0490 2ACC63D0 		.ascii	"*\314c\320(2h\206[AR\341\343b\203F\221A3\334\012\222"
 202      28326886 
 202      5B4152E1 
 202      E3628346 
 202      914133DC 
 203 04a6 2AF4880D 		.ascii	"*\364\210\015\032E\006\315p+H\252\360\211\330\240Qd"
 203      1A4506CD 
 203      702B48AA 
 203      F089D8A0 
 203      5164
 204 04b8 D08CA082 		.ascii	"\320\214\240\202\244\032\237r\015*\312c\32042h\226["
 204      A41A9F72 
 204      0D2ACA63 
 204      D0343268 
 204      965B
 205 04ca 4152E101 		.ascii	"AR\341\001\261A\323\310\240Yn\005\025\312\024N\213\015"
 205      B141D3C8 
 205      A0596E05 
 205      15CA144E 
 205      8B0D
 206 04dc 9A4606CD 		.ascii	"\232F\006\315r+H\252\360\271\330\240id\320\254\240\202"
 206      722B48AA 
 206      F0B9D8A0 
 206      6964D0AC 
 206      A082
 207 04ee A41A6758 		.ascii	"\244\032gX\203\010a~\272p\375\021q\317*\245\002V\326"
 207      8308617E 
 207      BA70FD11 
 207      71CF2AA5 
 207      0256D6
 208 0501 BF5439AC 		.ascii	"\277T9\254Q\016\313rX\366\230\037\340W\003R_Q\021r?"
 208      510ECB72 
 208      58F6981F 
 208      E0570352 
 208      5F511172 
 209 0516 4DCDA170 		.ascii	"M\315\241pSccS,\324lhq\243ek\350\345\015\353\033\326"
 209      53636353 
 209      2CD46C68 
 209      71A3656B 
 209      E8E50DEB 
 210 052c 6FB79F6E 		.ascii	"o\267\237n\215D\365xsh]CC(\0347*+\302\244TU\303Mq]\215"
 210      8D44F578 
 210      73685D43 
 210      43281C37 
 210      2A2BC2A4 
 211 0547 C42246E1 		.ascii	"\304\"F\341\272W7\006\033H\3016]\333\022PU]\213Gw8/"
 211      BA573706 
 211      1B48C136 
 211      5DDB1250 
 211      555D8B47 
 212 055e 2028AA19 		.ascii	" (\252\031nP\231\252n\322\337\320Z\242\206\252o\217"
ARM GAS  /tmp/ccl7S0Iv.s 			page 16


 212      6E5099AA 
 212      6ED2DFD0 
 212      5AA286AA 
 212      6F8F
 213 0570 18C53160 		.ascii	"\030\3051`\033-\361\330B\325y\255\306\265FU\213\353"
 213      1B2DF1D8 
 213      42D579AD 
 213      C6B54655 
 213      8BEB
 214 0582 5AF3B250 		.ascii	"Z\363\262PKs<\024\211\205\243-\233\364PL\337\026\215"
 214      4B733C14 
 214      8985A32D 
 214      9BF4504C 
 214      DF168D
 215 0595 BC0E43DA 		.ascii	"\274\016C\332\024\211\031\025\233Iq\013\\\253\253Tc"
 215      14891915 
 215      9B49710B 
 215      5CABAB54 
 215      63
 216 05a6 152FAC51 		.ascii	"\025/\254Q\013o\216\304\364PZ\312\330\261Uo\006Z\211"
 216      0B6F8EC4 
 216      F4505ACA 
 216      D8B1556F 
 216      065A89
 217 05b9 AAA68865 		.ascii	"\252\246\210e\216\234\241o7\034=\277sk\367J\302Q\030"
 217      8E9CA16F 
 217      371C3DBF 
 217      736BF74A 
 217      C25118
 218 05cc BAD30DC4 		.ascii	"\272\323\015\304\232\324\364\363\005\366\320\322w\252"
 218      9AD4F4F3 
 218      05F6D0D2 
 218      77AA
 219 05da E14F0F75 		.ascii	"\341O\017u\221j\017{\265\232\311\250\316\317~\244\226"
 219      916A0F7B 
 219      B59AC9A8 
 219      CECF7EA4 
 219      96
 220 05eb 79776E66 		.ascii	"ywnfu\201w\033kr_\273\374\312\\~%\303\257d\371\225\210"
 220      7581771B 
 220      6B725FBB 
 220      FCCA5C7E 
 220      25C3AF64 
 221 0602 5F95CBAF 		.ascii	"_\225\313\257b\370U,\277\012\361\253s\371\325\014\277"
 221      62F8552C 
 221      BF0AF1AB 
 221      73F9D50C 
 221      BF
 222 0613 9AE55723 		.ascii	"\232\345W#~M.\277\206\341\327\260\374\032\304\257\315"
 222      7E4D2EBF 
 222      86E1D7B0 
 222      FC1AC4AF 
 222      CD
 223 0624 E5D732FC 		.ascii	"\345\3272\374Z\226_\213\370u\271\374:\206_\307\362\353"
 223      5A965F8B 
 223      F875B9FC 
 223      3A865FC7 
ARM GAS  /tmp/ccl7S0Iv.s 			page 17


 223      F2EB
 224 0636 10BF3E97 		.ascii	"\020\277>\227_\317\360\353Y~}\232\377?@\215\001\312"
 224      5FCFF0EB 
 224      597E7D9A 
 224      FF3F408D 
 224      01CA
 225              		.text
 226              		.section	.gnu.lto_.symtab.a3d2a0ed796a2042,"",%progbits
 227 0000 5F5F636F 		.ascii	"__core_init\000\000\001\000\000\000\000\000\000\000"
 227      72655F69 
 227      6E697400 
 227      00010000 
 227      00000000 
 228 0015 0000A100 		.ascii	"\000\000\241\000\000\000__early_init\000\000\001\000"
 228      00005F5F 
 228      6561726C 
 228      795F696E 
 228      69740000 
 229 002b 00000000 		.ascii	"\000\000\000\000\000\000\000\000\250\000\000\000__l"
 229      00000000 
 229      A8000000 
 229      5F5F6C
 230 003a 6174655F 		.ascii	"ate_init\000\000\001\000\000\000\000\000\000\000\000"
 230      696E6974 
 230      00000100 
 230      00000000 
 230      000000
 231 004d 00AC0000 		.ascii	"\000\254\000\000\000__default_exit\000\000\001\000\000"
 231      005F5F64 
 231      65666175 
 231      6C745F65 
 231      78697400 
 232 0065 00000000 		.ascii	"\000\000\000\000\000\000\000\260\000\000\000__init_"
 232      000000B0 
 232      0000005F 
 232      5F696E69 
 232      745F
 233 0077 72616D5F 		.ascii	"ram_areas\000\000\000\000\000\000\000\000\000\000\000"
 233      61726561 
 233      73000000 
 233      00000000 
 233      00000000 
 234 008b 00B60000 		.ascii	"\000\266\000\000\000__ram0_init_text__\000\000\002\000"
 234      005F5F72 
 234      616D305F 
 234      696E6974 
 234      5F746578 
 235 00a6 00000000 		.ascii	"\000\000\000\000\000\000\000\000\326\000\000\000__r"
 235      00000000 
 235      D6000000 
 235      5F5F72
 236 00b5 616D305F 		.ascii	"am0_init__\000\000\002\000\000\000\000\000\000\000\000"
 236      696E6974 
 236      5F5F0000 
 236      02000000 
 236      00000000 
 237 00ca 00D90000 		.ascii	"\000\331\000\000\000__ram0_clear__\000\000\002\000\000"
ARM GAS  /tmp/ccl7S0Iv.s 			page 18


 237      005F5F72 
 237      616D305F 
 237      636C6561 
 237      725F5F00 
 238 00e2 00000000 		.ascii	"\000\000\000\000\000\000\000\334\000\000\000__ram0_"
 238      000000DC 
 238      0000005F 
 238      5F72616D 
 238      305F
 239 00f4 6E6F696E 		.ascii	"noinit__\000\000\002\000\000\000\000\000\000\000\000"
 239      69745F5F 
 239      00000200 
 239      00000000 
 239      000000
 240 0107 00DF0000 		.ascii	"\000\337\000\000\000__ram1_init_text__\000\000\002\000"
 240      005F5F72 
 240      616D315F 
 240      696E6974 
 240      5F746578 
 241 0122 00000000 		.ascii	"\000\000\000\000\000\000\000\000\343\000\000\000__r"
 241      00000000 
 241      E3000000 
 241      5F5F72
 242 0131 616D315F 		.ascii	"am1_init__\000\000\002\000\000\000\000\000\000\000\000"
 242      696E6974 
 242      5F5F0000 
 242      02000000 
 242      00000000 
 243 0146 00E60000 		.ascii	"\000\346\000\000\000__ram1_clear__\000\000\002\000\000"
 243      005F5F72 
 243      616D315F 
 243      636C6561 
 243      725F5F00 
 244 015e 00000000 		.ascii	"\000\000\000\000\000\000\000\351\000\000\000__ram1_"
 244      000000E9 
 244      0000005F 
 244      5F72616D 
 244      315F
 245 0170 6E6F696E 		.ascii	"noinit__\000\000\002\000\000\000\000\000\000\000\000"
 245      69745F5F 
 245      00000200 
 245      00000000 
 245      000000
 246 0183 00EC0000 		.ascii	"\000\354\000\000\000__ram2_init_text__\000\000\002\000"
 246      005F5F72 
 246      616D325F 
 246      696E6974 
 246      5F746578 
 247 019e 00000000 		.ascii	"\000\000\000\000\000\000\000\000\360\000\000\000__r"
 247      00000000 
 247      F0000000 
 247      5F5F72
 248 01ad 616D325F 		.ascii	"am2_init__\000\000\002\000\000\000\000\000\000\000\000"
 248      696E6974 
 248      5F5F0000 
 248      02000000 
 248      00000000 
ARM GAS  /tmp/ccl7S0Iv.s 			page 19


 249 01c2 00F30000 		.ascii	"\000\363\000\000\000__ram2_clear__\000\000\002\000\000"
 249      005F5F72 
 249      616D325F 
 249      636C6561 
 249      725F5F00 
 250 01da 00000000 		.ascii	"\000\000\000\000\000\000\000\366\000\000\000__ram2_"
 250      000000F6 
 250      0000005F 
 250      5F72616D 
 250      325F
 251 01ec 6E6F696E 		.ascii	"noinit__\000\000\002\000\000\000\000\000\000\000\000"
 251      69745F5F 
 251      00000200 
 251      00000000 
 251      000000
 252 01ff 00F90000 		.ascii	"\000\371\000\000\000__ram3_init_text__\000\000\002\000"
 252      005F5F72 
 252      616D335F 
 252      696E6974 
 252      5F746578 
 253 021a 00000000 		.ascii	"\000\000\000\000\000\000\000\000\375\000\000\000__r"
 253      00000000 
 253      FD000000 
 253      5F5F72
 254 0229 616D335F 		.ascii	"am3_init__\000\000\002\000\000\000\000\000\000\000\000"
 254      696E6974 
 254      5F5F0000 
 254      02000000 
 254      00000000 
 255 023e 00000100 		.ascii	"\000\000\001\000\000__ram3_clear__\000\000\002\000\000"
 255      005F5F72 
 255      616D335F 
 255      636C6561 
 255      725F5F00 
 256 0256 00000000 		.ascii	"\000\000\000\000\000\000\000\003\001\000\000__ram3_"
 256      00000003 
 256      0100005F 
 256      5F72616D 
 256      335F
 257 0268 6E6F696E 		.ascii	"noinit__\000\000\002\000\000\000\000\000\000\000\000"
 257      69745F5F 
 257      00000200 
 257      00000000 
 257      000000
 258 027b 00060100 		.ascii	"\000\006\001\000\000__ram4_init_text__\000\000\002\000"
 258      005F5F72 
 258      616D345F 
 258      696E6974 
 258      5F746578 
 259 0296 00000000 		.ascii	"\000\000\000\000\000\000\000\000\012\001\000\000__r"
 259      00000000 
 259      0A010000 
 259      5F5F72
 260 02a5 616D345F 		.ascii	"am4_init__\000\000\002\000\000\000\000\000\000\000\000"
 260      696E6974 
 260      5F5F0000 
 260      02000000 
ARM GAS  /tmp/ccl7S0Iv.s 			page 20


 260      00000000 
 261 02ba 000D0100 		.ascii	"\000\015\001\000\000__ram4_clear__\000\000\002\000\000"
 261      005F5F72 
 261      616D345F 
 261      636C6561 
 261      725F5F00 
 262 02d2 00000000 		.ascii	"\000\000\000\000\000\000\000\020\001\000\000__ram4_"
 262      00000010 
 262      0100005F 
 262      5F72616D 
 262      345F
 263 02e4 6E6F696E 		.ascii	"noinit__\000\000\002\000\000\000\000\000\000\000\000"
 263      69745F5F 
 263      00000200 
 263      00000000 
 263      000000
 264 02f7 00130100 		.ascii	"\000\023\001\000\000__ram5_init_text__\000\000\002\000"
 264      005F5F72 
 264      616D355F 
 264      696E6974 
 264      5F746578 
 265 0312 00000000 		.ascii	"\000\000\000\000\000\000\000\000\027\001\000\000__r"
 265      00000000 
 265      17010000 
 265      5F5F72
 266 0321 616D355F 		.ascii	"am5_init__\000\000\002\000\000\000\000\000\000\000\000"
 266      696E6974 
 266      5F5F0000 
 266      02000000 
 266      00000000 
 267 0336 001A0100 		.ascii	"\000\032\001\000\000__ram5_clear__\000\000\002\000\000"
 267      005F5F72 
 267      616D355F 
 267      636C6561 
 267      725F5F00 
 268 034e 00000000 		.ascii	"\000\000\000\000\000\000\000\035\001\000\000__ram5_"
 268      0000001D 
 268      0100005F 
 268      5F72616D 
 268      355F
 269 0360 6E6F696E 		.ascii	"noinit__\000\000\002\000\000\000\000\000\000\000\000"
 269      69745F5F 
 269      00000200 
 269      00000000 
 269      000000
 270 0373 00200100 		.ascii	"\000 \001\000\000__ram6_init_text__\000\000\002\000"
 270      005F5F72 
 270      616D365F 
 270      696E6974 
 270      5F746578 
 271 038e 00000000 		.ascii	"\000\000\000\000\000\000\000\000$\001\000\000__ram6"
 271      00000000 
 271      24010000 
 271      5F5F7261 
 271      6D36
 272 03a0 5F696E69 		.ascii	"_init__\000\000\002\000\000\000\000\000\000\000\000"
 272      745F5F00 
ARM GAS  /tmp/ccl7S0Iv.s 			page 21


 272      00020000 
 272      00000000 
 272      0000
 273 03b2 00270100 		.ascii	"\000'\001\000\000__ram6_clear__\000\000\002\000\000"
 273      005F5F72 
 273      616D365F 
 273      636C6561 
 273      725F5F00 
 274 03ca 00000000 		.ascii	"\000\000\000\000\000\000\000*\001\000\000__ram6_noi"
 274      0000002A 
 274      0100005F 
 274      5F72616D 
 274      365F6E6F 
 275 03df 6E69745F 		.ascii	"nit__\000\000\002\000\000\000\000\000\000\000\000\000"
 275      5F000002 
 275      00000000 
 275      00000000 
 275      00
 276 03f0 2D010000 		.ascii	"-\001\000\000__ra"
 276      5F5F7261 
 277 03f8 6D375F69 		.ascii	"m7_init_text__\000\000\002\000\000\000\000\000\000\000"
 277      6E69745F 
 277      74657874 
 277      5F5F0000 
 277      02000000 
 278 0410 00003101 		.ascii	"\000\0001\001\000\000__ram7_init__\000\000\002\000\000"
 278      00005F5F 
 278      72616D37 
 278      5F696E69 
 278      745F5F00 
 279 0428 00000000 		.ascii	"\000\000\000\000\000\000\0004\001\000\000__ram7_cle"
 279      00000034 
 279      0100005F 
 279      5F72616D 
 279      375F636C 
 280 043d 61725F5F 		.ascii	"ar__\000\000\002\000\000\000\000\000\000\000\000\000"
 280      00000200 
 280      00000000 
 280      00000000 
 281 044d 37010000 		.ascii	"7\001\000\000__ram7_noinit__\000\000\002\000\000\000"
 281      5F5F7261 
 281      6D375F6E 
 281      6F696E69 
 281      745F5F00 
 282 0466 00000000 		.ascii	"\000\000\000\000\000\000:\001\000\000"
 282      00003A01 
 282      0000
 283              		.text
 284              		.section	.gnu.lto_.opts,"",%progbits
 285 0000 272D6D63 		.ascii	"'-mcpu=cortex-m0' '-mno-thumb-interwork' '-mthumb' "
 285      70753D63 
 285      6F727465 
 285      782D6D30 
 285      2720272D 
 286 0033 272D6767 		.ascii	"'-ggdb' '-O2' '-fomit-frame-pointer' '-falign-funct"
 286      64622720 
 286      272D4F32 
ARM GAS  /tmp/ccl7S0Iv.s 			page 22


 286      2720272D 
 286      666F6D69 
 287 0066 696F6E73 		.ascii	"ions=16' '-ffunction-sections' '-fdata-sections' '-"
 287      3D313627 
 287      20272D66 
 287      66756E63 
 287      74696F6E 
 288 0099 666E6F2D 		.ascii	"fno-common' '-flto'\000"
 288      636F6D6D 
 288      6F6E2720 
 288      272D666C 
 288      746F2700 
 289              		.text
 290              		.cfi_sections	.debug_frame
 291              		.section	.text.__core_init,"ax",%progbits
 292              		.align	2
 293              		.p2align 4,,15
 294              		.weak	__core_init
 295              		.code	16
 296              		.thumb_func
 297              		.type	__core_init, %function
 298              	__core_init:
 299              	.LFB34:
 300              		.file 1 "../../../os/common/startup/ARMCMx/compilers/GCC/crt1.c"
 301              		.loc 1 136 0
 302              		.cfi_startproc
 303              		.loc 1 142 0
 304              		@ sp needed
 305 0000 7047     		bx	lr
 306              		.cfi_endproc
 307              	.LFE34:
 308              		.size	__core_init, .-__core_init
 309 0002 C046C046 		.section	.text.__early_init,"ax",%progbits
 309      C046C046 
 309      C046C046 
 309      C046
 310              		.align	2
 311              		.p2align 4,,15
 312              		.weak	__early_init
 313              		.code	16
 314              		.thumb_func
 315              		.type	__early_init, %function
 316              	__early_init:
 317              	.LFB35:
 318              		.loc 1 155 0
 319              		.cfi_startproc
 320              		.loc 1 155 0
 321              		@ sp needed
 322 0000 7047     		bx	lr
 323              		.cfi_endproc
 324              	.LFE35:
 325              		.size	__early_init, .-__early_init
 326 0002 C046C046 		.section	.text.__late_init,"ax",%progbits
 326      C046C046 
 326      C046C046 
 326      C046
 327              		.align	2
ARM GAS  /tmp/ccl7S0Iv.s 			page 23


 328              		.p2align 4,,15
 329              		.weak	__late_init
 330              		.code	16
 331              		.thumb_func
 332              		.type	__late_init, %function
 333              	__late_init:
 334              	.LFB36:
 335              		.loc 1 169 0
 336              		.cfi_startproc
 337              		.loc 1 169 0
 338              		@ sp needed
 339 0000 7047     		bx	lr
 340              		.cfi_endproc
 341              	.LFE36:
 342              		.size	__late_init, .-__late_init
 343 0002 C046C046 		.section	.text.__default_exit,"ax",%progbits
 343      C046C046 
 343      C046C046 
 343      C046
 344              		.align	2
 345              		.p2align 4,,15
 346              		.weak	__default_exit
 347              		.code	16
 348              		.thumb_func
 349              		.type	__default_exit, %function
 350              	__default_exit:
 351              	.LFB37:
 352              		.loc 1 182 0
 353              		.cfi_startproc
 354              	.L5:
 355 0000 FEE7     		b	.L5
 356              		.cfi_endproc
 357              	.LFE37:
 358              		.size	__default_exit, .-__default_exit
 359 0002 C046C046 		.section	.text.__init_ram_areas,"ax",%progbits
 359      C046C046 
 359      C046C046 
 359      C046
 360              		.align	2
 361              		.p2align 4,,15
 362              		.global	__init_ram_areas
 363              		.code	16
 364              		.thumb_func
 365              		.type	__init_ram_areas, %function
 366              	__init_ram_areas:
 367              	.LFB38:
 368              		.loc 1 192 0
 369              		.cfi_startproc
 370              	.LVL0:
 371              		.loc 1 192 0
 372 0000 F0B5     		push	{r4, r5, r6, r7, lr}
 373              		.cfi_def_cfa_offset 20
 374              		.cfi_offset 4, -20
 375              		.cfi_offset 5, -16
 376              		.cfi_offset 6, -12
 377              		.cfi_offset 7, -8
 378              		.cfi_offset 14, -4
ARM GAS  /tmp/ccl7S0Iv.s 			page 24


 379              		.loc 1 194 0
 380 0002 0F4E     		ldr	r6, .L19
 381              	.LBB2:
 382              		.loc 1 209 0
 383 0004 0025     		mov	r5, #0
 384              	.LBE2:
 385              		.loc 1 214 0
 386 0006 371C     		mov	r7, r6
 387 0008 8037     		add	r7, r7, #128
 388              	.LVL1:
 389              	.L15:
 390              	.LBB3:
 391              		.loc 1 198 0
 392 000a 7368     		ldr	r3, [r6, #4]
 393              		.loc 1 201 0
 394 000c B468     		ldr	r4, [r6, #8]
 395              		.loc 1 197 0
 396 000e 3168     		ldr	r1, [r6]
 397              	.LVL2:
 398              		.loc 1 201 0
 399 0010 A342     		cmp	r3, r4
 400 0012 0AD2     		bcs	.L7
 401 0014 1A1C     		mov	r2, r3
 402              	.LVL3:
 403              	.L9:
 404              		.loc 1 202 0
 405 0016 01C9     		ldmia	r1!, {r0}
 406              	.LVL4:
 407 0018 01C2     		stmia	r2!, {r0}
 408              	.LVL5:
 409              		.loc 1 201 0
 410 001a A242     		cmp	r2, r4
 411 001c FBD3     		bcc	.L9
 412 001e DA43     		mvn	r2, r3
 413              	.LVL6:
 414 0020 1219     		add	r2, r2, r4
 415 0022 9208     		lsr	r2, r2, #2
 416 0024 0132     		add	r2, r2, #1
 417 0026 9200     		lsl	r2, r2, #2
 418 0028 9B18     		add	r3, r3, r2
 419              	.L7:
 420              	.LVL7:
 421              		.loc 1 208 0 discriminator 1
 422 002a F268     		ldr	r2, [r6, #12]
 423 002c 9342     		cmp	r3, r2
 424 002e 02D2     		bcs	.L13
 425              	.L16:
 426              		.loc 1 209 0
 427 0030 20C3     		stmia	r3!, {r5}
 428              	.LVL8:
 429              		.loc 1 208 0
 430 0032 9342     		cmp	r3, r2
 431 0034 FCD3     		bcc	.L16
 432              	.L13:
 433              		.loc 1 212 0
 434 0036 1036     		add	r6, r6, #16
 435              	.LVL9:
ARM GAS  /tmp/ccl7S0Iv.s 			page 25


 436              	.LBE3:
 437              		.loc 1 214 0
 438 0038 BE42     		cmp	r6, r7
 439 003a E6D3     		bcc	.L15
 440              		.loc 1 216 0
 441              		@ sp needed
 442              	.LVL10:
 443 003c F0BD     		pop	{r4, r5, r6, r7, pc}
 444              	.L20:
 445 003e C046     		.align	2
 446              	.L19:
 447 0040 00000000 		.word	.LANCHOR0
 448              		.cfi_endproc
 449              	.LFE38:
 450              		.size	__init_ram_areas, .-__init_ram_areas
 451 0044 C046C046 		.section	.rodata.ram_areas,"a",%progbits
 451      C046C046 
 451      C046C046 
 452              		.align	2
 453              		.set	.LANCHOR0,. + 0
 454              		.type	ram_areas, %object
 455              		.size	ram_areas, 128
 456              	ram_areas:
 457 0000 00000000 		.word	__ram0_init_text__
 458 0004 00000000 		.word	__ram0_init__
 459 0008 00000000 		.word	__ram0_clear__
 460 000c 00000000 		.word	__ram0_noinit__
 461 0010 00000000 		.word	__ram1_init_text__
 462 0014 00000000 		.word	__ram1_init__
 463 0018 00000000 		.word	__ram1_clear__
 464 001c 00000000 		.word	__ram1_noinit__
 465 0020 00000000 		.word	__ram2_init_text__
 466 0024 00000000 		.word	__ram2_init__
 467 0028 00000000 		.word	__ram2_clear__
 468 002c 00000000 		.word	__ram2_noinit__
 469 0030 00000000 		.word	__ram3_init_text__
 470 0034 00000000 		.word	__ram3_init__
 471 0038 00000000 		.word	__ram3_clear__
 472 003c 00000000 		.word	__ram3_noinit__
 473 0040 00000000 		.word	__ram4_init_text__
 474 0044 00000000 		.word	__ram4_init__
 475 0048 00000000 		.word	__ram4_clear__
 476 004c 00000000 		.word	__ram4_noinit__
 477 0050 00000000 		.word	__ram5_init_text__
 478 0054 00000000 		.word	__ram5_init__
 479 0058 00000000 		.word	__ram5_clear__
 480 005c 00000000 		.word	__ram5_noinit__
 481 0060 00000000 		.word	__ram6_init_text__
 482 0064 00000000 		.word	__ram6_init__
 483 0068 00000000 		.word	__ram6_clear__
 484 006c 00000000 		.word	__ram6_noinit__
 485 0070 00000000 		.word	__ram7_init_text__
 486 0074 00000000 		.word	__ram7_init__
 487 0078 00000000 		.word	__ram7_clear__
 488 007c 00000000 		.word	__ram7_noinit__
 489              		.text
 490              	.Letext0:
ARM GAS  /tmp/ccl7S0Iv.s 			page 26


 491              		.file 2 "/usr/include/newlib/machine/_default_types.h"
 492              		.file 3 "/usr/include/newlib/stdint.h"
 493              		.section	.debug_info,"",%progbits
 494              	.Ldebug_info0:
 495 0000 EA020000 		.4byte	0x2ea
 496 0004 0400     		.2byte	0x4
 497 0006 00000000 		.4byte	.Ldebug_abbrev0
 498 000a 04       		.byte	0x4
 499 000b 01       		.uleb128 0x1
 500 000c 89030000 		.4byte	.LASF54
 501 0010 01       		.byte	0x1
 502 0011 89020000 		.4byte	.LASF55
 503 0015 7F000000 		.4byte	.LASF56
 504 0019 18000000 		.4byte	.Ldebug_ranges0+0x18
 505 001d 00000000 		.4byte	0
 506 0021 00000000 		.4byte	.Ldebug_line0
 507 0025 02       		.uleb128 0x2
 508 0026 01       		.byte	0x1
 509 0027 06       		.byte	0x6
 510 0028 2C040000 		.4byte	.LASF0
 511 002c 02       		.uleb128 0x2
 512 002d 01       		.byte	0x1
 513 002e 08       		.byte	0x8
 514 002f C3010000 		.4byte	.LASF1
 515 0033 02       		.uleb128 0x2
 516 0034 02       		.byte	0x2
 517 0035 05       		.byte	0x5
 518 0036 45030000 		.4byte	.LASF2
 519 003a 02       		.uleb128 0x2
 520 003b 02       		.byte	0x2
 521 003c 07       		.byte	0x7
 522 003d BB000000 		.4byte	.LASF3
 523 0041 02       		.uleb128 0x2
 524 0042 04       		.byte	0x4
 525 0043 05       		.byte	0x5
 526 0044 70030000 		.4byte	.LASF4
 527 0048 03       		.uleb128 0x3
 528 0049 F3010000 		.4byte	.LASF9
 529 004d 02       		.byte	0x2
 530 004e 38       		.byte	0x38
 531 004f 53000000 		.4byte	0x53
 532 0053 02       		.uleb128 0x2
 533 0054 04       		.byte	0x4
 534 0055 07       		.byte	0x7
 535 0056 76010000 		.4byte	.LASF5
 536 005a 02       		.uleb128 0x2
 537 005b 08       		.byte	0x8
 538 005c 05       		.byte	0x5
 539 005d F2020000 		.4byte	.LASF6
 540 0061 02       		.uleb128 0x2
 541 0062 08       		.byte	0x8
 542 0063 07       		.byte	0x7
 543 0064 5F020000 		.4byte	.LASF7
 544 0068 04       		.uleb128 0x4
 545 0069 04       		.byte	0x4
 546 006a 05       		.byte	0x5
 547 006b 696E7400 		.ascii	"int\000"
ARM GAS  /tmp/ccl7S0Iv.s 			page 27


 548 006f 02       		.uleb128 0x2
 549 0070 04       		.byte	0x4
 550 0071 07       		.byte	0x7
 551 0072 DD000000 		.4byte	.LASF8
 552 0076 03       		.uleb128 0x3
 553 0077 67030000 		.4byte	.LASF10
 554 007b 03       		.byte	0x3
 555 007c 42       		.byte	0x42
 556 007d 48000000 		.4byte	0x48
 557 0081 02       		.uleb128 0x2
 558 0082 04       		.byte	0x4
 559 0083 07       		.byte	0x7
 560 0084 DA020000 		.4byte	.LASF11
 561 0088 05       		.uleb128 0x5
 562 0089 10       		.byte	0x10
 563 008a 01       		.byte	0x1
 564 008b 34       		.byte	0x34
 565 008c C1000000 		.4byte	0xc1
 566 0090 06       		.uleb128 0x6
 567 0091 0B010000 		.4byte	.LASF12
 568 0095 01       		.byte	0x1
 569 0096 35       		.byte	0x35
 570 0097 C1000000 		.4byte	0xc1
 571 009b 00       		.byte	0
 572 009c 06       		.uleb128 0x6
 573 009d 4F030000 		.4byte	.LASF13
 574 00a1 01       		.byte	0x1
 575 00a2 36       		.byte	0x36
 576 00a3 C1000000 		.4byte	0xc1
 577 00a7 04       		.byte	0x4
 578 00a8 06       		.uleb128 0x6
 579 00a9 3D010000 		.4byte	.LASF14
 580 00ad 01       		.byte	0x1
 581 00ae 37       		.byte	0x37
 582 00af C1000000 		.4byte	0xc1
 583 00b3 08       		.byte	0x8
 584 00b4 06       		.uleb128 0x6
 585 00b5 CD020000 		.4byte	.LASF15
 586 00b9 01       		.byte	0x1
 587 00ba 38       		.byte	0x38
 588 00bb C1000000 		.4byte	0xc1
 589 00bf 0C       		.byte	0xc
 590 00c0 00       		.byte	0
 591 00c1 07       		.uleb128 0x7
 592 00c2 04       		.byte	0x4
 593 00c3 76000000 		.4byte	0x76
 594 00c7 03       		.uleb128 0x3
 595 00c8 65000000 		.4byte	.LASF16
 596 00cc 01       		.byte	0x1
 597 00cd 39       		.byte	0x39
 598 00ce 88000000 		.4byte	0x88
 599 00d2 08       		.uleb128 0x8
 600 00d3 49000000 		.4byte	.LASF17
 601 00d7 01       		.byte	0x1
 602 00d8 88       		.byte	0x88
 603 00d9 00000000 		.4byte	.LFB34
 604 00dd 02000000 		.4byte	.LFE34-.LFB34
ARM GAS  /tmp/ccl7S0Iv.s 			page 28


 605 00e1 01       		.uleb128 0x1
 606 00e2 9C       		.byte	0x9c
 607 00e3 08       		.uleb128 0x8
 608 00e4 C0020000 		.4byte	.LASF18
 609 00e8 01       		.byte	0x1
 610 00e9 9B       		.byte	0x9b
 611 00ea 00000000 		.4byte	.LFB35
 612 00ee 02000000 		.4byte	.LFE35-.LFB35
 613 00f2 01       		.uleb128 0x1
 614 00f3 9C       		.byte	0x9c
 615 00f4 08       		.uleb128 0x8
 616 00f5 48010000 		.4byte	.LASF19
 617 00f9 01       		.byte	0x1
 618 00fa A9       		.byte	0xa9
 619 00fb 00000000 		.4byte	.LFB36
 620 00ff 02000000 		.4byte	.LFE36-.LFB36
 621 0103 01       		.uleb128 0x1
 622 0104 9C       		.byte	0x9c
 623 0105 08       		.uleb128 0x8
 624 0106 D1010000 		.4byte	.LASF20
 625 010a 01       		.byte	0x1
 626 010b B6       		.byte	0xb6
 627 010c 00000000 		.4byte	.LFB37
 628 0110 02000000 		.4byte	.LFE37-.LFB37
 629 0114 01       		.uleb128 0x1
 630 0115 9C       		.byte	0x9c
 631 0116 09       		.uleb128 0x9
 632 0117 4E020000 		.4byte	.LASF57
 633 011b 01       		.byte	0x1
 634 011c C0       		.byte	0xc0
 635 011d 00000000 		.4byte	.LFB38
 636 0121 44000000 		.4byte	.LFE38-.LFB38
 637 0125 01       		.uleb128 0x1
 638 0126 9C       		.byte	0x9c
 639 0127 5C010000 		.4byte	0x15c
 640 012b 0A       		.uleb128 0xa
 641 012c 72617000 		.ascii	"rap\000"
 642 0130 01       		.byte	0x1
 643 0131 C2       		.byte	0xc2
 644 0132 5C010000 		.4byte	0x15c
 645 0136 00000000 		.4byte	.LLST0
 646 013a 0B       		.uleb128 0xb
 647 013b 00000000 		.4byte	.Ldebug_ranges0+0
 648 013f 0A       		.uleb128 0xa
 649 0140 747000   		.ascii	"tp\000"
 650 0143 01       		.byte	0x1
 651 0144 C5       		.byte	0xc5
 652 0145 C1000000 		.4byte	0xc1
 653 0149 23000000 		.4byte	.LLST1
 654 014d 0A       		.uleb128 0xa
 655 014e 7000     		.ascii	"p\000"
 656 0150 01       		.byte	0x1
 657 0151 C6       		.byte	0xc6
 658 0152 C1000000 		.4byte	0xc1
 659 0156 4E000000 		.4byte	.LLST2
 660 015a 00       		.byte	0
 661 015b 00       		.byte	0
ARM GAS  /tmp/ccl7S0Iv.s 			page 29


 662 015c 07       		.uleb128 0x7
 663 015d 04       		.byte	0x4
 664 015e 62010000 		.4byte	0x162
 665 0162 0C       		.uleb128 0xc
 666 0163 C7000000 		.4byte	0xc7
 667 0167 0D       		.uleb128 0xd
 668 0168 C7000000 		.4byte	0xc7
 669 016c 77010000 		.4byte	0x177
 670 0170 0E       		.uleb128 0xe
 671 0171 81000000 		.4byte	0x81
 672 0175 07       		.byte	0x7
 673 0176 00       		.byte	0
 674 0177 0F       		.uleb128 0xf
 675 0178 75000000 		.4byte	.LASF21
 676 017c 01       		.byte	0x1
 677 017d 5C       		.byte	0x5c
 678 017e 88010000 		.4byte	0x188
 679 0182 05       		.uleb128 0x5
 680 0183 03       		.byte	0x3
 681 0184 00000000 		.4byte	ram_areas
 682 0188 0C       		.uleb128 0xc
 683 0189 67010000 		.4byte	0x167
 684 018d 10       		.uleb128 0x10
 685 018e 63010000 		.4byte	.LASF22
 686 0192 01       		.byte	0x1
 687 0193 40       		.byte	0x40
 688 0194 76000000 		.4byte	0x76
 689 0198 10       		.uleb128 0x10
 690 0199 88010000 		.4byte	.LASF23
 691 019d 01       		.byte	0x1
 692 019e 40       		.byte	0x40
 693 019f 76000000 		.4byte	0x76
 694 01a3 10       		.uleb128 0x10
 695 01a4 00000000 		.4byte	.LASF24
 696 01a8 01       		.byte	0x1
 697 01a9 40       		.byte	0x40
 698 01aa 76000000 		.4byte	0x76
 699 01ae 10       		.uleb128 0x10
 700 01af 2B000000 		.4byte	.LASF25
 701 01b3 01       		.byte	0x1
 702 01b4 40       		.byte	0x40
 703 01b5 76000000 		.4byte	0x76
 704 01b9 10       		.uleb128 0x10
 705 01ba 10030000 		.4byte	.LASF26
 706 01be 01       		.byte	0x1
 707 01bf 43       		.byte	0x43
 708 01c0 76000000 		.4byte	0x76
 709 01c4 10       		.uleb128 0x10
 710 01c5 3B000000 		.4byte	.LASF27
 711 01c9 01       		.byte	0x1
 712 01ca 43       		.byte	0x43
 713 01cb 76000000 		.4byte	0x76
 714 01cf 10       		.uleb128 0x10
 715 01d0 A4010000 		.4byte	.LASF28
 716 01d4 01       		.byte	0x1
 717 01d5 43       		.byte	0x43
 718 01d6 76000000 		.4byte	0x76
ARM GAS  /tmp/ccl7S0Iv.s 			page 30


 719 01da 10       		.uleb128 0x10
 720 01db 79030000 		.4byte	.LASF29
 721 01df 01       		.byte	0x1
 722 01e0 43       		.byte	0x43
 723 01e1 76000000 		.4byte	0x76
 724 01e5 10       		.uleb128 0x10
 725 01e6 E0010000 		.4byte	.LASF30
 726 01ea 01       		.byte	0x1
 727 01eb 46       		.byte	0x46
 728 01ec 76000000 		.4byte	0x76
 729 01f0 10       		.uleb128 0x10
 730 01f1 0F000000 		.4byte	.LASF31
 731 01f5 01       		.byte	0x1
 732 01f6 46       		.byte	0x46
 733 01f7 76000000 		.4byte	0x76
 734 01fb 10       		.uleb128 0x10
 735 01fc 23030000 		.4byte	.LASF32
 736 0200 01       		.byte	0x1
 737 0201 46       		.byte	0x46
 738 0202 76000000 		.4byte	0x76
 739 0206 10       		.uleb128 0x10
 740 0207 FE010000 		.4byte	.LASF33
 741 020b 01       		.byte	0x1
 742 020c 46       		.byte	0x46
 743 020d 76000000 		.4byte	0x76
 744 0211 10       		.uleb128 0x10
 745 0212 EA000000 		.4byte	.LASF34
 746 0216 01       		.byte	0x1
 747 0217 49       		.byte	0x49
 748 0218 76000000 		.4byte	0x76
 749 021c 10       		.uleb128 0x10
 750 021d 59030000 		.4byte	.LASF35
 751 0221 01       		.byte	0x1
 752 0222 49       		.byte	0x49
 753 0223 76000000 		.4byte	0x76
 754 0227 10       		.uleb128 0x10
 755 0228 CE000000 		.4byte	.LASF36
 756 022c 01       		.byte	0x1
 757 022d 49       		.byte	0x49
 758 022e 76000000 		.4byte	0x76
 759 0232 10       		.uleb128 0x10
 760 0233 00030000 		.4byte	.LASF37
 761 0237 01       		.byte	0x1
 762 0238 49       		.byte	0x49
 763 0239 76000000 		.4byte	0x76
 764 023d 10       		.uleb128 0x10
 765 023e 32030000 		.4byte	.LASF38
 766 0242 01       		.byte	0x1
 767 0243 4C       		.byte	0x4c
 768 0244 76000000 		.4byte	0x76
 769 0248 10       		.uleb128 0x10
 770 0249 21020000 		.4byte	.LASF39
 771 024d 01       		.byte	0x1
 772 024e 4C       		.byte	0x4c
 773 024f 76000000 		.4byte	0x76
 774 0253 10       		.uleb128 0x10
 775 0254 2F020000 		.4byte	.LASF40
ARM GAS  /tmp/ccl7S0Iv.s 			page 31


 776 0258 01       		.byte	0x1
 777 0259 4C       		.byte	0x4c
 778 025a 76000000 		.4byte	0x76
 779 025e 10       		.uleb128 0x10
 780 025f 3E020000 		.4byte	.LASF41
 781 0263 01       		.byte	0x1
 782 0264 4C       		.byte	0x4c
 783 0265 76000000 		.4byte	0x76
 784 0269 10       		.uleb128 0x10
 785 026a 0E020000 		.4byte	.LASF42
 786 026e 01       		.byte	0x1
 787 026f 4F       		.byte	0x4f
 788 0270 76000000 		.4byte	0x76
 789 0274 10       		.uleb128 0x10
 790 0275 96010000 		.4byte	.LASF43
 791 0279 01       		.byte	0x1
 792 027a 4F       		.byte	0x4f
 793 027b 76000000 		.4byte	0x76
 794 027f 10       		.uleb128 0x10
 795 0280 38040000 		.4byte	.LASF44
 796 0284 01       		.byte	0x1
 797 0285 4F       		.byte	0x4f
 798 0286 76000000 		.4byte	0x76
 799 028a 10       		.uleb128 0x10
 800 028b B3010000 		.4byte	.LASF45
 801 028f 01       		.byte	0x1
 802 0290 4F       		.byte	0x4f
 803 0291 76000000 		.4byte	0x76
 804 0295 10       		.uleb128 0x10
 805 0296 1A010000 		.4byte	.LASF46
 806 029a 01       		.byte	0x1
 807 029b 52       		.byte	0x52
 808 029c 76000000 		.4byte	0x76
 809 02a0 10       		.uleb128 0x10
 810 02a1 FD000000 		.4byte	.LASF47
 811 02a5 01       		.byte	0x1
 812 02a6 52       		.byte	0x52
 813 02a7 76000000 		.4byte	0x76
 814 02ab 10       		.uleb128 0x10
 815 02ac 54010000 		.4byte	.LASF48
 816 02b0 01       		.byte	0x1
 817 02b1 52       		.byte	0x52
 818 02b2 76000000 		.4byte	0x76
 819 02b6 10       		.uleb128 0x10
 820 02b7 2D010000 		.4byte	.LASF49
 821 02bb 01       		.byte	0x1
 822 02bc 52       		.byte	0x52
 823 02bd 76000000 		.4byte	0x76
 824 02c1 10       		.uleb128 0x10
 825 02c2 76020000 		.4byte	.LASF50
 826 02c6 01       		.byte	0x1
 827 02c7 55       		.byte	0x55
 828 02c8 76000000 		.4byte	0x76
 829 02cc 10       		.uleb128 0x10
 830 02cd 1D000000 		.4byte	.LASF51
 831 02d1 01       		.byte	0x1
 832 02d2 55       		.byte	0x55
ARM GAS  /tmp/ccl7S0Iv.s 			page 32


 833 02d3 76000000 		.4byte	0x76
 834 02d7 10       		.uleb128 0x10
 835 02d8 E3020000 		.4byte	.LASF52
 836 02dc 01       		.byte	0x1
 837 02dd 55       		.byte	0x55
 838 02de 76000000 		.4byte	0x76
 839 02e2 10       		.uleb128 0x10
 840 02e3 55000000 		.4byte	.LASF53
 841 02e7 01       		.byte	0x1
 842 02e8 55       		.byte	0x55
 843 02e9 76000000 		.4byte	0x76
 844 02ed 00       		.byte	0
 845              		.section	.debug_abbrev,"",%progbits
 846              	.Ldebug_abbrev0:
 847 0000 01       		.uleb128 0x1
 848 0001 11       		.uleb128 0x11
 849 0002 01       		.byte	0x1
 850 0003 25       		.uleb128 0x25
 851 0004 0E       		.uleb128 0xe
 852 0005 13       		.uleb128 0x13
 853 0006 0B       		.uleb128 0xb
 854 0007 03       		.uleb128 0x3
 855 0008 0E       		.uleb128 0xe
 856 0009 1B       		.uleb128 0x1b
 857 000a 0E       		.uleb128 0xe
 858 000b 55       		.uleb128 0x55
 859 000c 17       		.uleb128 0x17
 860 000d 11       		.uleb128 0x11
 861 000e 01       		.uleb128 0x1
 862 000f 10       		.uleb128 0x10
 863 0010 17       		.uleb128 0x17
 864 0011 00       		.byte	0
 865 0012 00       		.byte	0
 866 0013 02       		.uleb128 0x2
 867 0014 24       		.uleb128 0x24
 868 0015 00       		.byte	0
 869 0016 0B       		.uleb128 0xb
 870 0017 0B       		.uleb128 0xb
 871 0018 3E       		.uleb128 0x3e
 872 0019 0B       		.uleb128 0xb
 873 001a 03       		.uleb128 0x3
 874 001b 0E       		.uleb128 0xe
 875 001c 00       		.byte	0
 876 001d 00       		.byte	0
 877 001e 03       		.uleb128 0x3
 878 001f 16       		.uleb128 0x16
 879 0020 00       		.byte	0
 880 0021 03       		.uleb128 0x3
 881 0022 0E       		.uleb128 0xe
 882 0023 3A       		.uleb128 0x3a
 883 0024 0B       		.uleb128 0xb
 884 0025 3B       		.uleb128 0x3b
 885 0026 0B       		.uleb128 0xb
 886 0027 49       		.uleb128 0x49
 887 0028 13       		.uleb128 0x13
 888 0029 00       		.byte	0
 889 002a 00       		.byte	0
ARM GAS  /tmp/ccl7S0Iv.s 			page 33


 890 002b 04       		.uleb128 0x4
 891 002c 24       		.uleb128 0x24
 892 002d 00       		.byte	0
 893 002e 0B       		.uleb128 0xb
 894 002f 0B       		.uleb128 0xb
 895 0030 3E       		.uleb128 0x3e
 896 0031 0B       		.uleb128 0xb
 897 0032 03       		.uleb128 0x3
 898 0033 08       		.uleb128 0x8
 899 0034 00       		.byte	0
 900 0035 00       		.byte	0
 901 0036 05       		.uleb128 0x5
 902 0037 13       		.uleb128 0x13
 903 0038 01       		.byte	0x1
 904 0039 0B       		.uleb128 0xb
 905 003a 0B       		.uleb128 0xb
 906 003b 3A       		.uleb128 0x3a
 907 003c 0B       		.uleb128 0xb
 908 003d 3B       		.uleb128 0x3b
 909 003e 0B       		.uleb128 0xb
 910 003f 01       		.uleb128 0x1
 911 0040 13       		.uleb128 0x13
 912 0041 00       		.byte	0
 913 0042 00       		.byte	0
 914 0043 06       		.uleb128 0x6
 915 0044 0D       		.uleb128 0xd
 916 0045 00       		.byte	0
 917 0046 03       		.uleb128 0x3
 918 0047 0E       		.uleb128 0xe
 919 0048 3A       		.uleb128 0x3a
 920 0049 0B       		.uleb128 0xb
 921 004a 3B       		.uleb128 0x3b
 922 004b 0B       		.uleb128 0xb
 923 004c 49       		.uleb128 0x49
 924 004d 13       		.uleb128 0x13
 925 004e 38       		.uleb128 0x38
 926 004f 0B       		.uleb128 0xb
 927 0050 00       		.byte	0
 928 0051 00       		.byte	0
 929 0052 07       		.uleb128 0x7
 930 0053 0F       		.uleb128 0xf
 931 0054 00       		.byte	0
 932 0055 0B       		.uleb128 0xb
 933 0056 0B       		.uleb128 0xb
 934 0057 49       		.uleb128 0x49
 935 0058 13       		.uleb128 0x13
 936 0059 00       		.byte	0
 937 005a 00       		.byte	0
 938 005b 08       		.uleb128 0x8
 939 005c 2E       		.uleb128 0x2e
 940 005d 00       		.byte	0
 941 005e 3F       		.uleb128 0x3f
 942 005f 19       		.uleb128 0x19
 943 0060 03       		.uleb128 0x3
 944 0061 0E       		.uleb128 0xe
 945 0062 3A       		.uleb128 0x3a
 946 0063 0B       		.uleb128 0xb
ARM GAS  /tmp/ccl7S0Iv.s 			page 34


 947 0064 3B       		.uleb128 0x3b
 948 0065 0B       		.uleb128 0xb
 949 0066 27       		.uleb128 0x27
 950 0067 19       		.uleb128 0x19
 951 0068 11       		.uleb128 0x11
 952 0069 01       		.uleb128 0x1
 953 006a 12       		.uleb128 0x12
 954 006b 06       		.uleb128 0x6
 955 006c 40       		.uleb128 0x40
 956 006d 18       		.uleb128 0x18
 957 006e 9742     		.uleb128 0x2117
 958 0070 19       		.uleb128 0x19
 959 0071 00       		.byte	0
 960 0072 00       		.byte	0
 961 0073 09       		.uleb128 0x9
 962 0074 2E       		.uleb128 0x2e
 963 0075 01       		.byte	0x1
 964 0076 3F       		.uleb128 0x3f
 965 0077 19       		.uleb128 0x19
 966 0078 03       		.uleb128 0x3
 967 0079 0E       		.uleb128 0xe
 968 007a 3A       		.uleb128 0x3a
 969 007b 0B       		.uleb128 0xb
 970 007c 3B       		.uleb128 0x3b
 971 007d 0B       		.uleb128 0xb
 972 007e 27       		.uleb128 0x27
 973 007f 19       		.uleb128 0x19
 974 0080 11       		.uleb128 0x11
 975 0081 01       		.uleb128 0x1
 976 0082 12       		.uleb128 0x12
 977 0083 06       		.uleb128 0x6
 978 0084 40       		.uleb128 0x40
 979 0085 18       		.uleb128 0x18
 980 0086 9742     		.uleb128 0x2117
 981 0088 19       		.uleb128 0x19
 982 0089 01       		.uleb128 0x1
 983 008a 13       		.uleb128 0x13
 984 008b 00       		.byte	0
 985 008c 00       		.byte	0
 986 008d 0A       		.uleb128 0xa
 987 008e 34       		.uleb128 0x34
 988 008f 00       		.byte	0
 989 0090 03       		.uleb128 0x3
 990 0091 08       		.uleb128 0x8
 991 0092 3A       		.uleb128 0x3a
 992 0093 0B       		.uleb128 0xb
 993 0094 3B       		.uleb128 0x3b
 994 0095 0B       		.uleb128 0xb
 995 0096 49       		.uleb128 0x49
 996 0097 13       		.uleb128 0x13
 997 0098 02       		.uleb128 0x2
 998 0099 17       		.uleb128 0x17
 999 009a 00       		.byte	0
 1000 009b 00       		.byte	0
 1001 009c 0B       		.uleb128 0xb
 1002 009d 0B       		.uleb128 0xb
 1003 009e 01       		.byte	0x1
ARM GAS  /tmp/ccl7S0Iv.s 			page 35


 1004 009f 55       		.uleb128 0x55
 1005 00a0 17       		.uleb128 0x17
 1006 00a1 00       		.byte	0
 1007 00a2 00       		.byte	0
 1008 00a3 0C       		.uleb128 0xc
 1009 00a4 26       		.uleb128 0x26
 1010 00a5 00       		.byte	0
 1011 00a6 49       		.uleb128 0x49
 1012 00a7 13       		.uleb128 0x13
 1013 00a8 00       		.byte	0
 1014 00a9 00       		.byte	0
 1015 00aa 0D       		.uleb128 0xd
 1016 00ab 01       		.uleb128 0x1
 1017 00ac 01       		.byte	0x1
 1018 00ad 49       		.uleb128 0x49
 1019 00ae 13       		.uleb128 0x13
 1020 00af 01       		.uleb128 0x1
 1021 00b0 13       		.uleb128 0x13
 1022 00b1 00       		.byte	0
 1023 00b2 00       		.byte	0
 1024 00b3 0E       		.uleb128 0xe
 1025 00b4 21       		.uleb128 0x21
 1026 00b5 00       		.byte	0
 1027 00b6 49       		.uleb128 0x49
 1028 00b7 13       		.uleb128 0x13
 1029 00b8 2F       		.uleb128 0x2f
 1030 00b9 0B       		.uleb128 0xb
 1031 00ba 00       		.byte	0
 1032 00bb 00       		.byte	0
 1033 00bc 0F       		.uleb128 0xf
 1034 00bd 34       		.uleb128 0x34
 1035 00be 00       		.byte	0
 1036 00bf 03       		.uleb128 0x3
 1037 00c0 0E       		.uleb128 0xe
 1038 00c1 3A       		.uleb128 0x3a
 1039 00c2 0B       		.uleb128 0xb
 1040 00c3 3B       		.uleb128 0x3b
 1041 00c4 0B       		.uleb128 0xb
 1042 00c5 49       		.uleb128 0x49
 1043 00c6 13       		.uleb128 0x13
 1044 00c7 02       		.uleb128 0x2
 1045 00c8 18       		.uleb128 0x18
 1046 00c9 00       		.byte	0
 1047 00ca 00       		.byte	0
 1048 00cb 10       		.uleb128 0x10
 1049 00cc 34       		.uleb128 0x34
 1050 00cd 00       		.byte	0
 1051 00ce 03       		.uleb128 0x3
 1052 00cf 0E       		.uleb128 0xe
 1053 00d0 3A       		.uleb128 0x3a
 1054 00d1 0B       		.uleb128 0xb
 1055 00d2 3B       		.uleb128 0x3b
 1056 00d3 0B       		.uleb128 0xb
 1057 00d4 49       		.uleb128 0x49
 1058 00d5 13       		.uleb128 0x13
 1059 00d6 3F       		.uleb128 0x3f
 1060 00d7 19       		.uleb128 0x19
ARM GAS  /tmp/ccl7S0Iv.s 			page 36


 1061 00d8 3C       		.uleb128 0x3c
 1062 00d9 19       		.uleb128 0x19
 1063 00da 00       		.byte	0
 1064 00db 00       		.byte	0
 1065 00dc 00       		.byte	0
 1066              		.section	.debug_loc,"",%progbits
 1067              	.Ldebug_loc0:
 1068              	.LLST0:
 1069 0000 00000000 		.4byte	.LVL0
 1070 0004 0A000000 		.4byte	.LVL1
 1071 0008 0600     		.2byte	0x6
 1072 000a 03       		.byte	0x3
 1073 000b 00000000 		.4byte	ram_areas
 1074 000f 9F       		.byte	0x9f
 1075 0010 0A000000 		.4byte	.LVL1
 1076 0014 3C000000 		.4byte	.LVL10
 1077 0018 0100     		.2byte	0x1
 1078 001a 56       		.byte	0x56
 1079 001b 00000000 		.4byte	0
 1080 001f 00000000 		.4byte	0
 1081              	.LLST1:
 1082 0023 10000000 		.4byte	.LVL2
 1083 0027 18000000 		.4byte	.LVL4
 1084 002b 0100     		.2byte	0x1
 1085 002d 51       		.byte	0x51
 1086 002e 18000000 		.4byte	.LVL4
 1087 0032 1A000000 		.4byte	.LVL5
 1088 0036 0300     		.2byte	0x3
 1089 0038 71       		.byte	0x71
 1090 0039 7C       		.sleb128 -4
 1091 003a 9F       		.byte	0x9f
 1092 003b 1A000000 		.4byte	.LVL5
 1093 003f 44000000 		.4byte	.LFE38
 1094 0043 0100     		.2byte	0x1
 1095 0045 51       		.byte	0x51
 1096 0046 00000000 		.4byte	0
 1097 004a 00000000 		.4byte	0
 1098              	.LLST2:
 1099 004e 10000000 		.4byte	.LVL2
 1100 0052 16000000 		.4byte	.LVL3
 1101 0056 0100     		.2byte	0x1
 1102 0058 53       		.byte	0x53
 1103 0059 16000000 		.4byte	.LVL3
 1104 005d 20000000 		.4byte	.LVL6
 1105 0061 0100     		.2byte	0x1
 1106 0063 52       		.byte	0x52
 1107 0064 2A000000 		.4byte	.LVL7
 1108 0068 44000000 		.4byte	.LFE38
 1109 006c 0100     		.2byte	0x1
 1110 006e 53       		.byte	0x53
 1111 006f 00000000 		.4byte	0
 1112 0073 00000000 		.4byte	0
 1113              		.section	.debug_aranges,"",%progbits
 1114 0000 3C000000 		.4byte	0x3c
 1115 0004 0200     		.2byte	0x2
 1116 0006 00000000 		.4byte	.Ldebug_info0
 1117 000a 04       		.byte	0x4
ARM GAS  /tmp/ccl7S0Iv.s 			page 37


 1118 000b 00       		.byte	0
 1119 000c 0000     		.2byte	0
 1120 000e 0000     		.2byte	0
 1121 0010 00000000 		.4byte	.LFB34
 1122 0014 02000000 		.4byte	.LFE34-.LFB34
 1123 0018 00000000 		.4byte	.LFB35
 1124 001c 02000000 		.4byte	.LFE35-.LFB35
 1125 0020 00000000 		.4byte	.LFB36
 1126 0024 02000000 		.4byte	.LFE36-.LFB36
 1127 0028 00000000 		.4byte	.LFB37
 1128 002c 02000000 		.4byte	.LFE37-.LFB37
 1129 0030 00000000 		.4byte	.LFB38
 1130 0034 44000000 		.4byte	.LFE38-.LFB38
 1131 0038 00000000 		.4byte	0
 1132 003c 00000000 		.4byte	0
 1133              		.section	.debug_ranges,"",%progbits
 1134              	.Ldebug_ranges0:
 1135 0000 04000000 		.4byte	.LBB2
 1136 0004 06000000 		.4byte	.LBE2
 1137 0008 0A000000 		.4byte	.LBB3
 1138 000c 38000000 		.4byte	.LBE3
 1139 0010 00000000 		.4byte	0
 1140 0014 00000000 		.4byte	0
 1141 0018 00000000 		.4byte	.LFB34
 1142 001c 02000000 		.4byte	.LFE34
 1143 0020 00000000 		.4byte	.LFB35
 1144 0024 02000000 		.4byte	.LFE35
 1145 0028 00000000 		.4byte	.LFB36
 1146 002c 02000000 		.4byte	.LFE36
 1147 0030 00000000 		.4byte	.LFB37
 1148 0034 02000000 		.4byte	.LFE37
 1149 0038 00000000 		.4byte	.LFB38
 1150 003c 44000000 		.4byte	.LFE38
 1151 0040 00000000 		.4byte	0
 1152 0044 00000000 		.4byte	0
 1153              		.section	.debug_line,"",%progbits
 1154              	.Ldebug_line0:
 1155 0000 0E010000 		.section	.debug_str,"MS",%progbits,1
 1155      02009D00 
 1155      00000201 
 1155      FB0E0D00 
 1155      01010101 
 1156              	.LASF24:
 1157 0000 5F5F7261 		.ascii	"__ram0_clear__\000"
 1157      6D305F63 
 1157      6C656172 
 1157      5F5F00
 1158              	.LASF31:
 1159 000f 5F5F7261 		.ascii	"__ram2_init__\000"
 1159      6D325F69 
 1159      6E69745F 
 1159      5F00
 1160              	.LASF51:
 1161 001d 5F5F7261 		.ascii	"__ram7_init__\000"
 1161      6D375F69 
 1161      6E69745F 
 1161      5F00
ARM GAS  /tmp/ccl7S0Iv.s 			page 38


 1162              	.LASF25:
 1163 002b 5F5F7261 		.ascii	"__ram0_noinit__\000"
 1163      6D305F6E 
 1163      6F696E69 
 1163      745F5F00 
 1164              	.LASF27:
 1165 003b 5F5F7261 		.ascii	"__ram1_init__\000"
 1165      6D315F69 
 1165      6E69745F 
 1165      5F00
 1166              	.LASF17:
 1167 0049 5F5F636F 		.ascii	"__core_init\000"
 1167      72655F69 
 1167      6E697400 
 1168              	.LASF53:
 1169 0055 5F5F7261 		.ascii	"__ram7_noinit__\000"
 1169      6D375F6E 
 1169      6F696E69 
 1169      745F5F00 
 1170              	.LASF16:
 1171 0065 72616D5F 		.ascii	"ram_init_area_t\000"
 1171      696E6974 
 1171      5F617265 
 1171      615F7400 
 1172              	.LASF21:
 1173 0075 72616D5F 		.ascii	"ram_areas\000"
 1173      61726561 
 1173      7300
 1174              	.LASF56:
 1175 007f 2F686F6D 		.ascii	"/home/awygle/ChibiOS-RT/demos/STM32/NIL-STM32F051-D"
 1175      652F6177 
 1175      79676C65 
 1175      2F436869 
 1175      62694F53 
 1176 00b2 4953434F 		.ascii	"ISCOVERY\000"
 1176      56455259 
 1176      00
 1177              	.LASF3:
 1178 00bb 73686F72 		.ascii	"short unsigned int\000"
 1178      7420756E 
 1178      7369676E 
 1178      65642069 
 1178      6E7400
 1179              	.LASF36:
 1180 00ce 5F5F7261 		.ascii	"__ram3_clear__\000"
 1180      6D335F63 
 1180      6C656172 
 1180      5F5F00
 1181              	.LASF8:
 1182 00dd 756E7369 		.ascii	"unsigned int\000"
 1182      676E6564 
 1182      20696E74 
 1182      00
 1183              	.LASF34:
 1184 00ea 5F5F7261 		.ascii	"__ram3_init_text__\000"
 1184      6D335F69 
 1184      6E69745F 
ARM GAS  /tmp/ccl7S0Iv.s 			page 39


 1184      74657874 
 1184      5F5F00
 1185              	.LASF47:
 1186 00fd 5F5F7261 		.ascii	"__ram6_init__\000"
 1186      6D365F69 
 1186      6E69745F 
 1186      5F00
 1187              	.LASF12:
 1188 010b 696E6974 		.ascii	"init_text_area\000"
 1188      5F746578 
 1188      745F6172 
 1188      656100
 1189              	.LASF46:
 1190 011a 5F5F7261 		.ascii	"__ram6_init_text__\000"
 1190      6D365F69 
 1190      6E69745F 
 1190      74657874 
 1190      5F5F00
 1191              	.LASF49:
 1192 012d 5F5F7261 		.ascii	"__ram6_noinit__\000"
 1192      6D365F6E 
 1192      6F696E69 
 1192      745F5F00 
 1193              	.LASF14:
 1194 013d 636C6561 		.ascii	"clear_area\000"
 1194      725F6172 
 1194      656100
 1195              	.LASF19:
 1196 0148 5F5F6C61 		.ascii	"__late_init\000"
 1196      74655F69 
 1196      6E697400 
 1197              	.LASF48:
 1198 0154 5F5F7261 		.ascii	"__ram6_clear__\000"
 1198      6D365F63 
 1198      6C656172 
 1198      5F5F00
 1199              	.LASF22:
 1200 0163 5F5F7261 		.ascii	"__ram0_init_text__\000"
 1200      6D305F69 
 1200      6E69745F 
 1200      74657874 
 1200      5F5F00
 1201              	.LASF5:
 1202 0176 6C6F6E67 		.ascii	"long unsigned int\000"
 1202      20756E73 
 1202      69676E65 
 1202      6420696E 
 1202      7400
 1203              	.LASF23:
 1204 0188 5F5F7261 		.ascii	"__ram0_init__\000"
 1204      6D305F69 
 1204      6E69745F 
 1204      5F00
 1205              	.LASF43:
 1206 0196 5F5F7261 		.ascii	"__ram5_init__\000"
 1206      6D355F69 
 1206      6E69745F 
ARM GAS  /tmp/ccl7S0Iv.s 			page 40


 1206      5F00
 1207              	.LASF28:
 1208 01a4 5F5F7261 		.ascii	"__ram1_clear__\000"
 1208      6D315F63 
 1208      6C656172 
 1208      5F5F00
 1209              	.LASF45:
 1210 01b3 5F5F7261 		.ascii	"__ram5_noinit__\000"
 1210      6D355F6E 
 1210      6F696E69 
 1210      745F5F00 
 1211              	.LASF1:
 1212 01c3 756E7369 		.ascii	"unsigned char\000"
 1212      676E6564 
 1212      20636861 
 1212      7200
 1213              	.LASF20:
 1214 01d1 5F5F6465 		.ascii	"__default_exit\000"
 1214      6661756C 
 1214      745F6578 
 1214      697400
 1215              	.LASF30:
 1216 01e0 5F5F7261 		.ascii	"__ram2_init_text__\000"
 1216      6D325F69 
 1216      6E69745F 
 1216      74657874 
 1216      5F5F00
 1217              	.LASF9:
 1218 01f3 5F5F7569 		.ascii	"__uint32_t\000"
 1218      6E743332 
 1218      5F7400
 1219              	.LASF33:
 1220 01fe 5F5F7261 		.ascii	"__ram2_noinit__\000"
 1220      6D325F6E 
 1220      6F696E69 
 1220      745F5F00 
 1221              	.LASF42:
 1222 020e 5F5F7261 		.ascii	"__ram5_init_text__\000"
 1222      6D355F69 
 1222      6E69745F 
 1222      74657874 
 1222      5F5F00
 1223              	.LASF39:
 1224 0221 5F5F7261 		.ascii	"__ram4_init__\000"
 1224      6D345F69 
 1224      6E69745F 
 1224      5F00
 1225              	.LASF40:
 1226 022f 5F5F7261 		.ascii	"__ram4_clear__\000"
 1226      6D345F63 
 1226      6C656172 
 1226      5F5F00
 1227              	.LASF41:
 1228 023e 5F5F7261 		.ascii	"__ram4_noinit__\000"
 1228      6D345F6E 
 1228      6F696E69 
 1228      745F5F00 
ARM GAS  /tmp/ccl7S0Iv.s 			page 41


 1229              	.LASF57:
 1230 024e 5F5F696E 		.ascii	"__init_ram_areas\000"
 1230      69745F72 
 1230      616D5F61 
 1230      72656173 
 1230      00
 1231              	.LASF7:
 1232 025f 6C6F6E67 		.ascii	"long long unsigned int\000"
 1232      206C6F6E 
 1232      6720756E 
 1232      7369676E 
 1232      65642069 
 1233              	.LASF50:
 1234 0276 5F5F7261 		.ascii	"__ram7_init_text__\000"
 1234      6D375F69 
 1234      6E69745F 
 1234      74657874 
 1234      5F5F00
 1235              	.LASF55:
 1236 0289 2E2E2F2E 		.ascii	"../../../os/common/startup/ARMCMx/compilers/GCC/crt"
 1236      2E2F2E2E 
 1236      2F6F732F 
 1236      636F6D6D 
 1236      6F6E2F73 
 1237 02bc 312E6300 		.ascii	"1.c\000"
 1238              	.LASF18:
 1239 02c0 5F5F6561 		.ascii	"__early_init\000"
 1239      726C795F 
 1239      696E6974 
 1239      00
 1240              	.LASF15:
 1241 02cd 6E6F5F69 		.ascii	"no_init_area\000"
 1241      6E69745F 
 1241      61726561 
 1241      00
 1242              	.LASF11:
 1243 02da 73697A65 		.ascii	"sizetype\000"
 1243      74797065 
 1243      00
 1244              	.LASF52:
 1245 02e3 5F5F7261 		.ascii	"__ram7_clear__\000"
 1245      6D375F63 
 1245      6C656172 
 1245      5F5F00
 1246              	.LASF6:
 1247 02f2 6C6F6E67 		.ascii	"long long int\000"
 1247      206C6F6E 
 1247      6720696E 
 1247      7400
 1248              	.LASF37:
 1249 0300 5F5F7261 		.ascii	"__ram3_noinit__\000"
 1249      6D335F6E 
 1249      6F696E69 
 1249      745F5F00 
 1250              	.LASF26:
 1251 0310 5F5F7261 		.ascii	"__ram1_init_text__\000"
 1251      6D315F69 
ARM GAS  /tmp/ccl7S0Iv.s 			page 42


 1251      6E69745F 
 1251      74657874 
 1251      5F5F00
 1252              	.LASF32:
 1253 0323 5F5F7261 		.ascii	"__ram2_clear__\000"
 1253      6D325F63 
 1253      6C656172 
 1253      5F5F00
 1254              	.LASF38:
 1255 0332 5F5F7261 		.ascii	"__ram4_init_text__\000"
 1255      6D345F69 
 1255      6E69745F 
 1255      74657874 
 1255      5F5F00
 1256              	.LASF2:
 1257 0345 73686F72 		.ascii	"short int\000"
 1257      7420696E 
 1257      7400
 1258              	.LASF13:
 1259 034f 696E6974 		.ascii	"init_area\000"
 1259      5F617265 
 1259      6100
 1260              	.LASF35:
 1261 0359 5F5F7261 		.ascii	"__ram3_init__\000"
 1261      6D335F69 
 1261      6E69745F 
 1261      5F00
 1262              	.LASF10:
 1263 0367 75696E74 		.ascii	"uint32_t\000"
 1263      33325F74 
 1263      00
 1264              	.LASF4:
 1265 0370 6C6F6E67 		.ascii	"long int\000"
 1265      20696E74 
 1265      00
 1266              	.LASF29:
 1267 0379 5F5F7261 		.ascii	"__ram1_noinit__\000"
 1267      6D315F6E 
 1267      6F696E69 
 1267      745F5F00 
 1268              	.LASF54:
 1269 0389 474E5520 		.ascii	"GNU C 4.8.2 -mcpu=cortex-m0 -mno-thumb-interwork -m"
 1269      4320342E 
 1269      382E3220 
 1269      2D6D6370 
 1269      753D636F 
 1270 03bc 7468756D 		.ascii	"thumb -ggdb -O2 -fomit-frame-pointer -falign-functi"
 1270      62202D67 
 1270      67646220 
 1270      2D4F3220 
 1270      2D666F6D 
 1271 03ef 6F6E733D 		.ascii	"ons=16 -ffunction-sections -fdata-sections -fno-com"
 1271      3136202D 
 1271      6666756E 
 1271      6374696F 
 1271      6E2D7365 
 1272 0422 6D6F6E20 		.ascii	"mon -flto\000"
ARM GAS  /tmp/ccl7S0Iv.s 			page 43


 1272      2D666C74 
 1272      6F00
 1273              	.LASF0:
 1274 042c 7369676E 		.ascii	"signed char\000"
 1274      65642063 
 1274      68617200 
 1275              	.LASF44:
 1276 0438 5F5F7261 		.ascii	"__ram5_clear__\000"
 1276      6D355F63 
 1276      6C656172 
 1276      5F5F00
 1277              		.comm	__gnu_lto_v1,1,1
 1278              		.ident	"GCC: (4.8.2-14ubuntu1+6) 4.8.2"
ARM GAS  /tmp/ccl7S0Iv.s 			page 44


DEFINED SYMBOLS
                            *ABS*:0000000000000000 crt1.c
     /tmp/ccl7S0Iv.s:292    .text.__core_init:0000000000000000 $t
     /tmp/ccl7S0Iv.s:298    .text.__core_init:0000000000000000 __core_init
     /tmp/ccl7S0Iv.s:310    .text.__early_init:0000000000000000 $t
     /tmp/ccl7S0Iv.s:316    .text.__early_init:0000000000000000 __early_init
     /tmp/ccl7S0Iv.s:327    .text.__late_init:0000000000000000 $t
     /tmp/ccl7S0Iv.s:333    .text.__late_init:0000000000000000 __late_init
     /tmp/ccl7S0Iv.s:344    .text.__default_exit:0000000000000000 $t
     /tmp/ccl7S0Iv.s:350    .text.__default_exit:0000000000000000 __default_exit
     /tmp/ccl7S0Iv.s:360    .text.__init_ram_areas:0000000000000000 $t
     /tmp/ccl7S0Iv.s:366    .text.__init_ram_areas:0000000000000000 __init_ram_areas
     /tmp/ccl7S0Iv.s:447    .text.__init_ram_areas:0000000000000040 $d
     /tmp/ccl7S0Iv.s:452    .rodata.ram_areas:0000000000000000 $d
     /tmp/ccl7S0Iv.s:456    .rodata.ram_areas:0000000000000000 ram_areas
                            *COM*:0000000000000001 __gnu_lto_v1
                     .debug_frame:0000000000000010 $d
     /tmp/ccl7S0Iv.s:451    .text.__init_ram_areas:0000000000000044 $t

UNDEFINED SYMBOLS
__ram0_init_text__
__ram0_init__
__ram0_clear__
__ram0_noinit__
__ram1_init_text__
__ram1_init__
__ram1_clear__
__ram1_noinit__
__ram2_init_text__
__ram2_init__
__ram2_clear__
__ram2_noinit__
__ram3_init_text__
__ram3_init__
__ram3_clear__
__ram3_noinit__
__ram4_init_text__
__ram4_init__
__ram4_clear__
__ram4_noinit__
__ram5_init_text__
__ram5_init__
__ram5_clear__
__ram5_noinit__
__ram6_init_text__
__ram6_init__
__ram6_clear__
__ram6_noinit__
__ram7_init_text__
__ram7_init__
__ram7_clear__
__ram7_noinit__
