ARM GAS  /tmp/ccmM7DG1.s 			page 1


   1              		.cpu cortex-m0
   2              		.fpu softvfp
   3              		.eabi_attribute 20, 1
   4              		.eabi_attribute 21, 1
   5              		.eabi_attribute 23, 3
   6              		.eabi_attribute 24, 1
   7              		.eabi_attribute 25, 1
   8              		.eabi_attribute 26, 1
   9              		.eabi_attribute 30, 2
  10              		.eabi_attribute 34, 0
  11              		.eabi_attribute 18, 4
  12              		.code	16
  13              		.file	"hal.c"
  14              		.text
  15              	.Ltext0:
  16              		.section	.gnu.lto_.jmpfuncs.2ffb95f08dbb99c2,"",%progbits
  17 0000 789C6362 		.ascii	"x\234cb`b\300\006\244\2414#\204d\252f\370\3250\243A"
  17      6062C006 
  17      A4A13423 
  17      8464AA66 
  17      F8D530A3 
  18 0015 20939121 		.ascii	" \223\221!\227\021*\005\000@s\004\031"
  18      97112A05 
  18      00407304 
  18      19
  19              		.text
  20              		.section	.gnu.lto_.inline.2ffb95f08dbb99c2,"",%progbits
  21 0000 789C6362 		.ascii	"x\234cb`b\300\006\364\2404#\003\003\247)#X\021\333\002"
  21      6062C006 
  21      F4A03423 
  21      0303A729 
  21      235811DB 
  22 0015 79B05A46 		.ascii	"y\260ZF.\024\202\211\033\244\012\314d\000\0003\352\001"
  22      2E148289 
  22      1BA40ACC 
  22      64000033 
  22      EA01
  23 0027 76       		.ascii	"v"
  24              		.text
  25              		.section	.gnu.lto_.pureconst.2ffb95f08dbb99c2,"",%progbits
  26 0000 789C6362 		.ascii	"x\234cb`b`f\200\000F\006\011\000\000\203\000!"
  26      60626066 
  26      80004606 
  26      09000083 
  26      0021
  27              		.text
  28              		.section	.gnu.lto_halInit.2ffb95f08dbb99c2,"",%progbits
  29 0000 789C6362 		.ascii	"x\234cb`b@\007\222@\254\314\310\300 \003\244\031\231"
  29      60624007 
  29      9240ACCC 
  29      C8C02003 
  29      A41999
  30 0013 19189926 		.ascii	"\031\030\231&\234c`h\344`bd\0041\030\030\031\352\231"
  30      9C636068 
  30      E4606264 
  30      04311818 
  30      19EA99
ARM GAS  /tmp/ccmM7DG1.s 			page 2


  31 0026 18EB2319 		.ascii	"\030\353#\031\301j\3273\035x\360\377\377\272\017\033"
  31      C16AD733 
  31      1D78F0FF 
  31      FFBA0F1B 
  32 0036 1FAE6414 		.ascii	"\037\256d\024b\007\012\2602\26444LP``H\006+\010\001"
  32      62070AB0 
  32      32B43434 
  32      4C506060 
  32      48062B08 
  33 004b 92205DA1 		.ascii	"\222 ]\241\214L \232\371<C\363\203\177v\211\214\013"
  33      8C4C209A 
  33      F93C43F3 
  33      837F7689 
  33      8C0B
  34 005d 195981B2 		.ascii	"\031Y\201\262\325\014\277\032:\032\0042\031\201\252"
  34      D50CBF1A 
  34      3A1A0432 
  34      1981AA
  35 006c 21E66582 		.ascii	"!\346e\202\350\363\014-\017:\2231\0241%3B\034\013\022"
  35      E8F30C2D 
  35      0F3A9331 
  35      14312533 
  35      421C0B12 
  36 0080 91C86464 		.ascii	"\221\310dd\316ed\200*\312dd\001ik~pv1\0336\303\231\221"
  36      CE656480 
  36      2ACA6464 
  36      01696B7E 
  36      7076311B 
  37 0098 0D6F7E30 		.ascii	"\015o~0\243\225\035\233*\026TU\363\227b5\213\025\241"
  37      A3951D9B 
  37      2A165455 
  37      F3976235 
  37      8B15A1
  38 00ab EA2243E3 		.ascii	"\352\"C\343\203\225\2520E\020\020\002\224\000\372\024"
  38      8395AA30 
  38      45101002 
  38      9400FA14 
  39 00bb E452293D 		.ascii	"\344R)==}\010\312/\326\317H\314\321/.J\006\321z\311"
  39      3D7D08CA 
  39      2FD6CF48 
  39      CCD12F2E 
  39      4A06D17A 
  40 00d0 0C00C0F8 		.ascii	"\014\000\300\370P\030"
  40      5018
  41              		.text
  42              		.section	.gnu.lto_.symbol_nodes.2ffb95f08dbb99c2,"",%progbits
  43 0000 789C45C8 		.ascii	"x\234E\310\301\015\3020\020D\321\277k\233\266\307\222"
  43      C10DC230 
  43      1044D1BF 
  43      6B9BB6C7 
  43      92
  44 0011 A588632A 		.ascii	"\245\210c*\340B)\334\251!\301$\241\212(\221Ax.O\177"
  44      E04229DC 
  44      A921C124 
  44      A18A2891 
  44      41782E4F 
  45 0026 1C67E037 		.ascii	"\034g\3407\177!\030\237 \335\256\226\226\363\023\366"
ARM GAS  /tmp/ccmM7DG1.s 			page 3


  45      7F21189F 
  45      20DDAE96 
  45      96F313F6 
  46 0036 41F67D73 		.ascii	"A\366}s6\333\220\367ZQ\350\365F\261WE\351_\201\013e"
  46      36DB90F7 
  46      5A51E8F5 
  46      46B15745 
  46      E95F810B 
  47 004b DA4F13F7 		.ascii	"\332O\023\367f\344\321\014\324\246S\346\3358\000\270"
  47      66E4D10C 
  47      D4A653E6 
  47      DD3800B8 
  48 005b 232909   		.ascii	"#)\011"
  49              		.text
  50              		.section	.gnu.lto_.refs.2ffb95f08dbb99c2,"",%progbits
  51 0000 789C6362 		.ascii	"x\234cb`b`e\200\000F\006&F\006\000\000\237\000\016"
  51      60626065 
  51      80004606 
  51      26460600 
  51      009F000E 
  52              		.text
  53              		.section	.gnu.lto_.decls.2ffb95f08dbb99c2,"",%progbits
  54 0000 789C9596 		.ascii	"x\234\225\226]l\333T\024\307\317M\322\264a\241\240J"
  54      5D6CDB54 
  54      14C7CF4D 
  54      D2B461A1 
  54      A04A
  55 0012 9BD834BA 		.ascii	"\233\3304\272\024\251<L\242\236:\220\306\313\246\321"
  55      14A93C4C 
  55      A29E3A90 
  55      C6CBA6D1 
  56 0022 B251A9B0 		.ascii	"\262Q\251\260he\010\236,/q\227Hil\331\016\214'\356\012"
  56      6865089E 
  56      2C2F7197 
  56      48696CD9 
  56      0E8C27EE 
  57 0037 2A1FEA43 		.ascii	"*\037\352CW`\242h\232R\266\262M\032L\364\001\006T\303"
  57      5760A268 
  57      9A52B6B2 
  57      4D1A4CF4 
  57      010654C3 
  58 004b 0C55EDA4 		.ascii	"\014U\355\244u]\263\256\335VX#\304\013o\225\220\030"
  58      755DB3AE 
  58      DD565823 
  58      C40B6F95 
  58      9018
  59 005d 42A8E1DE 		.ascii	"B\250\341\336k;\261S\273u\256z\316u\342s~\367\177\317"
  59      6B3BB153 
  59      BB75AE7A 
  59      CE75E273 
  59      7EF77FCF 
  60 0071 716E1D80 		.ascii	"qn\035\200\000|\002\000%2V#\000\315\001 \337\000\354"
  60      007C0200 
  60      25325623 
  60      00CD0120 
  60      DF00EC
  61 0084 2586888D 		.ascii	"%\206\210\215\2021\302\304n\020\273E\254@l\236\330\002"
ARM GAS  /tmp/ccmM7DG1.s 			page 4


  61      8231C2C4 
  61      6E10BB45 
  61      AC406C9E 
  61      D802
  62 0096 B1FB66DC 		.ascii	"\261\373f\334\257\340\0344\266\216\330\003b3\304\226"
  62      AFE01C34 
  62      B68ED803 
  62      6233C496 
  63 00a6 4DD66215 		.ascii	"M\326b\025\357\276\311\2317\271\267<x\233\340#\214\373"
  63      EFBEC999 
  63      37B9B73C 
  63      789BE023 
  63      8CFB
  64 00b8 717E00BF 		.ascii	"q~\000\2774\335\330\004'1\031y\214\321t#\300\353H@\215"
  64      34DDD804 
  64      27311979 
  64      8CD17423 
  64      C0EB4840 
  65 00cd 112836B0 		.ascii	"\021(6\260\253h\004\006)\241\025\316a<T\234\274\272"
  65      AB680406 
  65      29A115CE 
  65      613C549C 
  65      BCBA
  66 00df 0D87CC84 		.ascii	"\015\207\314\204\230w\264\200\316\242V\3308\216F\216"
  66      9877B480 
  66      CEA256D8 
  66      388E468E 
  67 00ef A126D809 		.ascii	"\241&\330\011\027I\340\020\321\324\354\320\311V\305"
  67      1749E010 
  67      D1D4ECD0 
  67      C956C5
  68 00fe FA8F8528 		.ascii	"\372\217\205(\016\031\2214\343K\264\023\\F\013\344i"
  68      0E199134 
  68      E34BB413 
  68      5C460BE4 
  68      69
  69 010f F05CE134 		.ascii	"\360\\\3414\302\371k\310mud\255\276\275\274%}\244\200"
  69      C2F96BC8 
  69      6D7564AD 
  69      BEBDBC25 
  69      7DA480
  70 0122 6202BA48 		.ascii	"b\002\272H\342\003\260\0179\360\033\"\250\232K$\323"
  70      E203B00F 
  70      39F01B22 
  70      A89A4B24 
  70      D3
  71 0133 4832D52E 		.ascii	"H2\325.\3152\265\227|\250\355\327\227gOo\245j#\360A"
  71      CD32B597 
  71      7CA8EDD7 
  71      97674F6F 
  71      A56A23F0 
  72 0148 A523E5D5 		.ascii	"\245#\345\325b\326b\241J\013\356\014L\376\214\372I\263"
  72      62D662A1 
  72      4A0BEE0C 
  72      4CFE8CFA 
  72      49B3
  73 015a 047499A4 		.ascii	"\004t\231\244\005@v\212\366O\372\353\375\211\3471n\020"
ARM GAS  /tmp/ccmM7DG1.s 			page 5


  73      0540768A 
  73      F64FFAEB 
  73      FD89E731 
  73      6E10
  74 016c D038E39C 		.ascii	"\3208\343\234GN\220\200\352#v\305\354\263\025@i\354"
  74      474E9080 
  74      EA2376C5 
  74      ECB31540 
  74      69EC
  75 017e B679419F 		.ascii	"\266yA\237\370\307\240\326\360\000\214\263Ei\255\334"
  75      F8C7A0D6 
  75      F0008CB3 
  75      4569ADDC 
  76 018e 849A97C6 		.ascii	"\204\232\227\3060\003\034\365+\236[\275\216\360p\324"
  76      30031CF5 
  76      2B9E5BBD 
  76      8EF070D4 
  77 019e AAC5959A 		.ascii	"\252\305\225\232q1G;\376\236\215\016\011\026\354'?\260"
  77      7131473B 
  77      FE9E8D0E 
  77      0916EC27 
  77      3FB0
  78 01b0 064F6DFA 		.ascii	"\006Om\372\277v\330T\3150\247\262U;l\306\017\354qoe"
  78      BF76D854 
  78      CD30A7B2 
  78      553B6CC6 
  78      0FEC716F 
  79 01c5 C3051B6C 		.ascii	"\303\005\033l\256f\230S\331);l\301\017\354\011\027e"
  79      AE669853 
  79      D9293B6C 
  79      C10FEC09 
  79      1765
  80 01d7 6EC3FEE3 		.ascii	"n\303\376\343\022\320W\344H\021\320\327\250\205\370"
  80      12D057E4 
  80      4811D0D7 
  80      A885F8
  81 01e6 6F99BFC2 		.ascii	"o\231\277\302\374\017\314O0\177\225y\235\370\362\010"
  81      FC0FCC4F 
  81      307F9579 
  81      9DF8F208 
  82 01f6 C012D334 		.ascii	"\300\022\3234V\321\344\374\021o\364\220a\375\356a\272"
  82      56D1E4FC 
  82      116FF490 
  82      61FDEE61 
  82      BA
  83 0207 41E388F8 		.ascii	"A\343\210\370\335\027\314\261\303\230\003\266b\203\375"
  83      DD17CCB1 
  83      C39803B6 
  83      6283FD
  84 0216 E90BB6C7 		.ascii	"\351\013\266\307[\331?6\330\212/X\334[\331g=\025\330"
  84      5BD93F36 
  84      D88A2F58 
  84      DC5BD967 
  84      3D15D8
  85 0229 435F3079 		.ascii	"C_0y\275FZ};\317\372v\201u\346\027\346'\231\237b\376"
  85      BD465A7D 
  85      3BCFFA76 
ARM GAS  /tmp/ccmM7DG1.s 			page 6


  85      8175E617 
  85      E627999F 
  86 023f BAB357AB 		.ascii	"\272\263W\253k\016!\343\324\267Q\307\312\317\004\370"
  86      6B0E21E3 
  86      D4B751C7 
  86      CACF04F8 
  87 024f E5BA3D8B 		.ascii	"\345\272=\2134y\024m\262Bv\300\031\234/\026\277\031"
  87      3479146D 
  87      B24276C0 
  87      199C2F16 
  87      BF19
  88 0261 9E088F60 		.ascii	"\236\010\217`\375=\\*\275\003[\340S\366\237q\200\234"
  88      FD3D5C2A 
  88      BD035BE0 
  88      53F69F71 
  88      809C
  89 0273 B69A80F6 		.ascii	"\266\232\200\366n\366\004\315\240-\346\325\221\240\265"
  89      6EF604CD 
  89      A02DE6D5 
  89      91A0B5
  90 0282 95B301E7 		.ascii	"\225\263\001\347V\000\236\2061\312\303\027p\220\321"
  90      56009E86 
  90      31CAC317 
  90      7090D1
  91 0291 68FC0DB4 		.ascii	"h\374\015\264\303\271\275\233(`\377\202\352*\016\025"
  91      C3B9BD9B 
  91      2860FF82 
  91      EA2A0E15 
  92 02a1 BFFB78F1 		.ascii	"\277\373x\361\004:\371n~\032\257\320\223\323X\221\034"
  92      043AF96E 
  92      7E1AAFD0 
  92      93D35891 
  92      1C
  93 02b2 046BD630 		.ascii	"\004k\3260 s\256\220\273\247\246\266\217\340k\306\346"
  93      2073AE90 
  93      BBA7A6B6 
  93      8FE06BC6 
  93      E6
  94 02c3 2CC48741 		.ascii	",\304\207Aw\304mW\304\302\347\363\2415\210\357=\020"
  94      77C46D57 
  94      C4C2E7F3 
  94      A13588EF 
  94      3D10
  95 02d5 775C117F 		.ascii	"w\\\021\177\214\017n\305\243\375z\251\264\257\206\012"
  95      8C0F6EC5 
  95      A3FD7AA9 
  95      B4AF860A 
  96 02e5 2F9A150E 		.ascii	"/\232\025\016\262\027*\263w\225r\263\212\353\036:\356"
  96      B2172AB3 
  96      779572B3 
  96      8AEB1E3A 
  96      EE
  97 02f6 B9EA9838 		.ascii	"\271\352\2308\363\260y\315VJ\036\210%'\342)\030\305"
  97      F3B079CD 
  97      564A1E88 
  97      2527E229 
  97      18C5
ARM GAS  /tmp/ccmM7DG1.s 			page 7


  98 0308 2BE475E8 		.ascii	"+\344u\350\362\340\236\023\024\201\377+\225\020\021"
  98      F2E09E13 
  98      1481FF2B 
  98      951011
  99 0317 FC05FBF1 		.ascii	"\374\005\373\361\014\206,\210\367k\317o\025\240\343"
  99      0C862C88 
  99      F76BCF6F 
  99      15A0E3
 100 0326 6DCC10E2 		.ascii	"m\314\020\342U\205\007l\323eyU\231\213\353d.W\036ux"
 100      5585076C 
 100      D3657955 
 100      998BEB64 
 100      2E571E75 
 101 033b AEAD8D33 		.ascii	"\256\255\2153\376$\225K\011\031N\226\024M\345z^}yw;"
 101      FE24954B 
 101      09194E96 
 101      144DE57A 
 101      5E7D7977 
 102 0350 D7DDDDC9 		.ascii	"\327\335\335\311\035\214w\035z\263\235\336\342eb\231"
 102      1D8C771D 
 102      7AB39DDE 
 102      E2656299 
 103 0360 4CB22D05 		.ascii	"L\262-\005\341\203\257\034\211u@\223\252\365\355n\347"
 103      E183AF1C 
 103      89754093 
 103      AAF5ED6E 
 103      E7
 104 0371 8FC96989 		.ascii	"\217\311i\211WE-'\363\332\223\\NU\270t6\221\311%E.+"
 104      57452D27 
 104      F3DA935C 
 104      4E55B874 
 104      3691C925 
 105 0388 BE95491F 		.ascii	"\276\225I\037\345T-\231\316j$\257!Gf\222\241=\343\026"
 105      E5542D99 
 105      CE6A24AF 
 105      21476692 
 105      A13DE316 
 106 039c D6272452 		.ascii	"\326'$R\351\254\310\361I\261W\310e4^{[\026U\222\366"
 106      E9ACC8F1 
 106      49B157C8 
 106      65345E7B 
 106      5B165592 
 107 03b1 08CF5B89 		.ascii	"\010\317[\211u}RRT\302\022\275\245\324K\252,\212I\245"
 107      757D5252 
 107      54C212BD 
 107      A5D44BAA 
 107      2C8A49A5 
 108 03c5 4ECEC949 		.ascii	"N\316\311I%(%\225\220\320\253d\250K\205\343\373;\005"
 108      25282595 
 108      90D0AB64 
 108      A84B85E3 
 108      FB3B05
 109 03d8 4D08C75F 		.ascii	"M\010\307_0\246\016c\3524\246\003t\212\304\367wwH\331"
 109      30A60E63 
 109      EA34A603 
 109      748AC4F7 
 109      777748D9 
ARM GAS  /tmp/ccmM7DG1.s 			page 8


 110 03ec DEF4B16D 		.ascii	"\336\364\261m\325UP\225\004\235\333\022PO\246\256lZ"
 110      D5555095 
 110      049DDB12 
 110      504FA6AE 
 110      6C5A
 111 03fe 6BA90EB1 		.ascii	"k\251\016\261\304\323\312\250tsaU\243\201\317V\007\036"
 111      C4D3CAA8 
 111      74736155 
 111      A381CF56 
 111      071E
 112 0410 95042549 		.ascii	"\225\004%IK\312\263\252\036\330\305wv\365t\034z\355"
 112      4BCAB3AA 
 112      1ED8C577 
 112      76F5741C 
 112      7AED
 113 0422 C5C36F18 		.ascii	"\305\303o\030\367Hn\204]\320\364\326u\327\021\2254Q"
 113      F7486E84 
 113      5DD0F4D6 
 113      75D71195 
 113      3451
 114 0434 45D762C1 		.ascii	"E\327b\301\217Z=\341\323\344\323\256\365zi\256}\374"
 114      8F5A3DE1 
 114      D3E4D3AE 
 114      F57A69AE 
 114      7DFC
 115 0446 3803196D 		.ascii	"8\003\031m\214\246l\331M\024eU>\301\312\362?\205_\236"
 115      8CA66CD9 
 115      4D146555 
 115      3EC1CAF2 
 115      3F855F9E 
 116 045a DF       		.ascii	"\337"
 117              		.text
 118              		.section	.gnu.lto_.symtab.2ffb95f08dbb99c2,"",%progbits
 119 0000 68616C49 		.ascii	"halInit\000\000\000\000\000\000\000\000\000\000\000"
 119      6E697400 
 119      00000000 
 119      00000000 
 119      0000
 120 0012 00CC0000 		.ascii	"\000\314\000\000\000pal_default_config\000\000\002\000"
 120      0070616C 
 120      5F646566 
 120      61756C74 
 120      5F636F6E 
 121 002d 00000000 		.ascii	"\000\000\000\000\000\000\000\000\334\000\000\000stI"
 121      00000000 
 121      DC000000 
 121      737449
 122 003c 6E697400 		.ascii	"nit\000\000\002\000\000\000\000\000\000\000\000\000"
 122      00020000 
 122      00000000 
 122      000000
 123 004b D0000000 		.ascii	"\320\000\000\000boardInit\000\000\002\000\000\000\000"
 123      626F6172 
 123      64496E69 
 123      74000002 
 123      00000000 
 124 005f 00000000 		.ascii	"\000\000\000\000\000\322\000\000\000sdInit\000\000\002"
ARM GAS  /tmp/ccmM7DG1.s 			page 9


 124      00D20000 
 124      00736449 
 124      6E697400 
 124      0002
 125 0071 00000000 		.ascii	"\000\000\000\000\000\000\000\000\000\324\000\000\000"
 125      00000000 
 125      00D40000 
 125      00
 126 007e 5F70616C 		.ascii	"_pal_lld_init\000\000\002\000\000\000\000\000\000\000"
 126      5F6C6C64 
 126      5F696E69 
 126      74000002 
 126      00000000 
 127 0095 0000D600 		.ascii	"\000\000\326\000\000\000hal_lld_init\000\000\002\000"
 127      00006861 
 127      6C5F6C6C 
 127      645F696E 
 127      69740000 
 128 00ab 00000000 		.ascii	"\000\000\000\000\000\000\000\000\332\000\000\000"
 128      00000000 
 128      DA000000 
 129              		.text
 130              		.section	.gnu.lto_.opts,"",%progbits
 131 0000 272D6D63 		.ascii	"'-mcpu=cortex-m0' '-mno-thumb-interwork' '-mthumb' "
 131      70753D63 
 131      6F727465 
 131      782D6D30 
 131      2720272D 
 132 0033 272D6767 		.ascii	"'-ggdb' '-O2' '-fomit-frame-pointer' '-falign-funct"
 132      64622720 
 132      272D4F32 
 132      2720272D 
 132      666F6D69 
 133 0066 696F6E73 		.ascii	"ions=16' '-ffunction-sections' '-fdata-sections' '-"
 133      3D313627 
 133      20272D66 
 133      66756E63 
 133      74696F6E 
 134 0099 666E6F2D 		.ascii	"fno-common' '-flto'\000"
 134      636F6D6D 
 134      6F6E2720 
 134      272D666C 
 134      746F2700 
 135              		.text
 136              		.cfi_sections	.debug_frame
 137              		.section	.text.halInit,"ax",%progbits
 138              		.align	2
 139              		.p2align 4,,15
 140              		.global	halInit
 141              		.code	16
 142              		.thumb_func
 143              		.type	halInit, %function
 144              	halInit:
 145              	.LFB98:
 146              		.file 1 "../../../os/hal/src/hal.c"
 147              		.loc 1 56 0
 148              		.cfi_startproc
ARM GAS  /tmp/ccmM7DG1.s 			page 10


 149 0000 08B5     		push	{r3, lr}
 150              		.cfi_def_cfa_offset 8
 151              		.cfi_offset 3, -8
 152              		.cfi_offset 14, -4
 153              		.loc 1 62 0
 154 0002 FFF7FEFF 		bl	hal_lld_init
 155              	.LVL0:
 156              		.loc 1 65 0
 157 0006 0548     		ldr	r0, .L2
 158 0008 FFF7FEFF 		bl	_pal_lld_init
 159              	.LVL1:
 160              		.loc 1 145 0
 161              		@ sp needed
 162              		.loc 1 101 0
 163 000c FFF7FEFF 		bl	sdInit
 164              	.LVL2:
 165              		.loc 1 136 0
 166 0010 FFF7FEFF 		bl	boardInit
 167              	.LVL3:
 168              		.loc 1 143 0
 169 0014 FFF7FEFF 		bl	stInit
 170              	.LVL4:
 171              		.loc 1 145 0
 172 0018 08BD     		pop	{r3, pc}
 173              	.L3:
 174 001a C046     		.align	2
 175              	.L2:
 176 001c 00000000 		.word	pal_default_config
 177              		.cfi_endproc
 178              	.LFE98:
 179              		.size	halInit, .-halInit
 180              		.text
 181              	.Letext0:
 182              		.file 2 "/usr/include/newlib/machine/_default_types.h"
 183              		.file 3 "/usr/include/newlib/stdint.h"
 184              		.file 4 "../../../os/hal/ports/STM32/LLD/GPIOv2/hal_pal_lld.h"
 185              		.file 5 "../../../os/hal/ports/STM32/STM32F0xx/hal_lld.h"
 186              		.file 6 "../../../os/hal/include/hal_serial.h"
 187              		.file 7 "../../../os/hal/boards/ST_STM32F0_DISCOVERY/board.h"
 188              		.file 8 "../../../os/hal/include/hal_st.h"
 189              		.file 9 "../../../os/hal/osal/nil/osal.h"
 190              		.section	.debug_info,"",%progbits
 191              	.Ldebug_info0:
 192 0000 E9010000 		.4byte	0x1e9
 193 0004 0400     		.2byte	0x4
 194 0006 00000000 		.4byte	.Ldebug_abbrev0
 195 000a 04       		.byte	0x4
 196 000b 01       		.uleb128 0x1
 197 000c AC010000 		.4byte	.LASF31
 198 0010 01       		.byte	0x1
 199 0011 0F000000 		.4byte	.LASF32
 200 0015 3E000000 		.4byte	.LASF33
 201 0019 00000000 		.4byte	.Ldebug_ranges0+0
 202 001d 00000000 		.4byte	0
 203 0021 00000000 		.4byte	.Ldebug_line0
 204 0025 02       		.uleb128 0x2
 205 0026 04       		.byte	0x4
ARM GAS  /tmp/ccmM7DG1.s 			page 11


 206 0027 05       		.byte	0x5
 207 0028 696E7400 		.ascii	"int\000"
 208 002c 03       		.uleb128 0x3
 209 002d 04       		.byte	0x4
 210 002e 07       		.byte	0x7
 211 002f 22010000 		.4byte	.LASF0
 212 0033 03       		.uleb128 0x3
 213 0034 01       		.byte	0x1
 214 0035 06       		.byte	0x6
 215 0036 4F020000 		.4byte	.LASF1
 216 003a 03       		.uleb128 0x3
 217 003b 01       		.byte	0x1
 218 003c 08       		.byte	0x8
 219 003d 9C000000 		.4byte	.LASF2
 220 0041 03       		.uleb128 0x3
 221 0042 02       		.byte	0x2
 222 0043 05       		.byte	0x5
 223 0044 83010000 		.4byte	.LASF3
 224 0048 03       		.uleb128 0x3
 225 0049 02       		.byte	0x2
 226 004a 07       		.byte	0x7
 227 004b 7A000000 		.4byte	.LASF4
 228 004f 03       		.uleb128 0x3
 229 0050 04       		.byte	0x4
 230 0051 05       		.byte	0x5
 231 0052 9D010000 		.4byte	.LASF5
 232 0056 04       		.uleb128 0x4
 233 0057 0A010000 		.4byte	.LASF9
 234 005b 02       		.byte	0x2
 235 005c 38       		.byte	0x38
 236 005d 61000000 		.4byte	0x61
 237 0061 03       		.uleb128 0x3
 238 0062 04       		.byte	0x4
 239 0063 07       		.byte	0x7
 240 0064 C4000000 		.4byte	.LASF6
 241 0068 03       		.uleb128 0x3
 242 0069 08       		.byte	0x8
 243 006a 05       		.byte	0x5
 244 006b 69010000 		.4byte	.LASF7
 245 006f 03       		.uleb128 0x3
 246 0070 08       		.byte	0x8
 247 0071 07       		.byte	0x7
 248 0072 2F010000 		.4byte	.LASF8
 249 0076 04       		.uleb128 0x4
 250 0077 94010000 		.4byte	.LASF10
 251 007b 03       		.byte	0x3
 252 007c 42       		.byte	0x42
 253 007d 56000000 		.4byte	0x56
 254 0081 03       		.uleb128 0x3
 255 0082 04       		.byte	0x4
 256 0083 07       		.byte	0x7
 257 0084 59010000 		.4byte	.LASF11
 258 0088 03       		.uleb128 0x3
 259 0089 01       		.byte	0x1
 260 008a 08       		.byte	0x8
 261 008b 77010000 		.4byte	.LASF12
 262 008f 03       		.uleb128 0x3
ARM GAS  /tmp/ccmM7DG1.s 			page 12


 263 0090 01       		.byte	0x1
 264 0091 02       		.byte	0x2
 265 0092 5B020000 		.4byte	.LASF13
 266 0096 05       		.uleb128 0x5
 267 0097 1C       		.byte	0x1c
 268 0098 04       		.byte	0x4
 269 0099 F5       		.byte	0xf5
 270 009a F5000000 		.4byte	0xf5
 271 009e 06       		.uleb128 0x6
 272 009f A6010000 		.4byte	.LASF14
 273 00a3 04       		.byte	0x4
 274 00a4 F7       		.byte	0xf7
 275 00a5 76000000 		.4byte	0x76
 276 00a9 00       		.byte	0
 277 00aa 06       		.uleb128 0x6
 278 00ab 8D000000 		.4byte	.LASF15
 279 00af 04       		.byte	0x4
 280 00b0 F9       		.byte	0xf9
 281 00b1 76000000 		.4byte	0x76
 282 00b5 04       		.byte	0x4
 283 00b6 06       		.uleb128 0x6
 284 00b7 07000000 		.4byte	.LASF16
 285 00bb 04       		.byte	0x4
 286 00bc FB       		.byte	0xfb
 287 00bd 76000000 		.4byte	0x76
 288 00c1 08       		.byte	0x8
 289 00c2 06       		.uleb128 0x6
 290 00c3 15010000 		.4byte	.LASF17
 291 00c7 04       		.byte	0x4
 292 00c8 FD       		.byte	0xfd
 293 00c9 76000000 		.4byte	0x76
 294 00cd 0C       		.byte	0xc
 295 00ce 07       		.uleb128 0x7
 296 00cf 6F647200 		.ascii	"odr\000"
 297 00d3 04       		.byte	0x4
 298 00d4 FF       		.byte	0xff
 299 00d5 76000000 		.4byte	0x76
 300 00d9 10       		.byte	0x10
 301 00da 08       		.uleb128 0x8
 302 00db E8000000 		.4byte	.LASF18
 303 00df 04       		.byte	0x4
 304 00e0 0101     		.2byte	0x101
 305 00e2 76000000 		.4byte	0x76
 306 00e6 14       		.byte	0x14
 307 00e7 08       		.uleb128 0x8
 308 00e8 E3000000 		.4byte	.LASF19
 309 00ec 04       		.byte	0x4
 310 00ed 0301     		.2byte	0x103
 311 00ef 76000000 		.4byte	0x76
 312 00f3 18       		.byte	0x18
 313 00f4 00       		.byte	0
 314 00f5 09       		.uleb128 0x9
 315 00f6 AA000000 		.4byte	.LASF20
 316 00fa 04       		.byte	0x4
 317 00fb 0401     		.2byte	0x104
 318 00fd 96000000 		.4byte	0x96
 319 0101 0A       		.uleb128 0xa
ARM GAS  /tmp/ccmM7DG1.s 			page 13


 320 0102 8C       		.byte	0x8c
 321 0103 04       		.byte	0x4
 322 0104 0D01     		.2byte	0x10d
 323 0106 4C010000 		.4byte	0x14c
 324 010a 08       		.uleb128 0x8
 325 010b BD000000 		.4byte	.LASF21
 326 010f 04       		.byte	0x4
 327 0110 1001     		.2byte	0x110
 328 0112 F5000000 		.4byte	0xf5
 329 0116 00       		.byte	0
 330 0117 08       		.uleb128 0x8
 331 0118 29000000 		.4byte	.LASF22
 332 011c 04       		.byte	0x4
 333 011d 1401     		.2byte	0x114
 334 011f F5000000 		.4byte	0xf5
 335 0123 1C       		.byte	0x1c
 336 0124 08       		.uleb128 0x8
 337 0125 8D010000 		.4byte	.LASF23
 338 0129 04       		.byte	0x4
 339 012a 1801     		.2byte	0x118
 340 012c F5000000 		.4byte	0xf5
 341 0130 38       		.byte	0x38
 342 0131 08       		.uleb128 0x8
 343 0132 00000000 		.4byte	.LASF24
 344 0136 04       		.byte	0x4
 345 0137 1C01     		.2byte	0x11c
 346 0139 F5000000 		.4byte	0xf5
 347 013d 54       		.byte	0x54
 348 013e 08       		.uleb128 0x8
 349 013f 1B010000 		.4byte	.LASF25
 350 0143 04       		.byte	0x4
 351 0144 2401     		.2byte	0x124
 352 0146 F5000000 		.4byte	0xf5
 353 014a 70       		.byte	0x70
 354 014b 00       		.byte	0
 355 014c 09       		.uleb128 0x9
 356 014d ED000000 		.4byte	.LASF26
 357 0151 04       		.byte	0x4
 358 0152 3A01     		.2byte	0x13a
 359 0154 01010000 		.4byte	0x101
 360 0158 0B       		.uleb128 0xb
 361 0159 50010000 		.4byte	.LASF34
 362 015d 09       		.byte	0x9
 363 015e CC01     		.2byte	0x1cc
 364 0160 03       		.byte	0x3
 365 0161 0C       		.uleb128 0xc
 366 0162 94000000 		.4byte	.LASF35
 367 0166 01       		.byte	0x1
 368 0167 38       		.byte	0x38
 369 0168 00000000 		.4byte	.LFB98
 370 016c 20000000 		.4byte	.LFE98-.LFB98
 371 0170 01       		.uleb128 0x1
 372 0171 9C       		.byte	0x9c
 373 0172 A4010000 		.4byte	0x1a4
 374 0176 0D       		.uleb128 0xd
 375 0177 06000000 		.4byte	.LVL0
 376 017b B5010000 		.4byte	0x1b5
ARM GAS  /tmp/ccmM7DG1.s 			page 14


 377 017f 0D       		.uleb128 0xd
 378 0180 0C000000 		.4byte	.LVL1
 379 0184 BD010000 		.4byte	0x1bd
 380 0188 0D       		.uleb128 0xd
 381 0189 10000000 		.4byte	.LVL2
 382 018d D5010000 		.4byte	0x1d5
 383 0191 0D       		.uleb128 0xd
 384 0192 14000000 		.4byte	.LVL3
 385 0196 DD010000 		.4byte	0x1dd
 386 019a 0D       		.uleb128 0xd
 387 019b 18000000 		.4byte	.LVL4
 388 019f E5010000 		.4byte	0x1e5
 389 01a3 00       		.byte	0
 390 01a4 0E       		.uleb128 0xe
 391 01a5 F7000000 		.4byte	.LASF36
 392 01a9 04       		.byte	0x4
 393 01aa 1E02     		.2byte	0x21e
 394 01ac B0010000 		.4byte	0x1b0
 395 01b0 0F       		.uleb128 0xf
 396 01b1 4C010000 		.4byte	0x14c
 397 01b5 10       		.uleb128 0x10
 398 01b6 D6000000 		.4byte	.LASF27
 399 01ba 05       		.byte	0x5
 400 01bb B603     		.2byte	0x3b6
 401 01bd 11       		.uleb128 0x11
 402 01be 30000000 		.4byte	.LASF37
 403 01c2 04       		.byte	0x4
 404 01c3 2302     		.2byte	0x223
 405 01c5 CF010000 		.4byte	0x1cf
 406 01c9 12       		.uleb128 0x12
 407 01ca CF010000 		.4byte	0x1cf
 408 01ce 00       		.byte	0
 409 01cf 13       		.uleb128 0x13
 410 01d0 04       		.byte	0x4
 411 01d1 B0010000 		.4byte	0x1b0
 412 01d5 10       		.uleb128 0x10
 413 01d6 7C010000 		.4byte	.LASF28
 414 01da 06       		.byte	0x6
 415 01db 1001     		.2byte	0x110
 416 01dd 10       		.uleb128 0x10
 417 01de 46010000 		.4byte	.LASF29
 418 01e2 07       		.byte	0x7
 419 01e3 0603     		.2byte	0x306
 420 01e5 14       		.uleb128 0x14
 421 01e6 62010000 		.4byte	.LASF30
 422 01ea 08       		.byte	0x8
 423 01eb 56       		.byte	0x56
 424 01ec 00       		.byte	0
 425              		.section	.debug_abbrev,"",%progbits
 426              	.Ldebug_abbrev0:
 427 0000 01       		.uleb128 0x1
 428 0001 11       		.uleb128 0x11
 429 0002 01       		.byte	0x1
 430 0003 25       		.uleb128 0x25
 431 0004 0E       		.uleb128 0xe
 432 0005 13       		.uleb128 0x13
 433 0006 0B       		.uleb128 0xb
ARM GAS  /tmp/ccmM7DG1.s 			page 15


 434 0007 03       		.uleb128 0x3
 435 0008 0E       		.uleb128 0xe
 436 0009 1B       		.uleb128 0x1b
 437 000a 0E       		.uleb128 0xe
 438 000b 55       		.uleb128 0x55
 439 000c 17       		.uleb128 0x17
 440 000d 11       		.uleb128 0x11
 441 000e 01       		.uleb128 0x1
 442 000f 10       		.uleb128 0x10
 443 0010 17       		.uleb128 0x17
 444 0011 00       		.byte	0
 445 0012 00       		.byte	0
 446 0013 02       		.uleb128 0x2
 447 0014 24       		.uleb128 0x24
 448 0015 00       		.byte	0
 449 0016 0B       		.uleb128 0xb
 450 0017 0B       		.uleb128 0xb
 451 0018 3E       		.uleb128 0x3e
 452 0019 0B       		.uleb128 0xb
 453 001a 03       		.uleb128 0x3
 454 001b 08       		.uleb128 0x8
 455 001c 00       		.byte	0
 456 001d 00       		.byte	0
 457 001e 03       		.uleb128 0x3
 458 001f 24       		.uleb128 0x24
 459 0020 00       		.byte	0
 460 0021 0B       		.uleb128 0xb
 461 0022 0B       		.uleb128 0xb
 462 0023 3E       		.uleb128 0x3e
 463 0024 0B       		.uleb128 0xb
 464 0025 03       		.uleb128 0x3
 465 0026 0E       		.uleb128 0xe
 466 0027 00       		.byte	0
 467 0028 00       		.byte	0
 468 0029 04       		.uleb128 0x4
 469 002a 16       		.uleb128 0x16
 470 002b 00       		.byte	0
 471 002c 03       		.uleb128 0x3
 472 002d 0E       		.uleb128 0xe
 473 002e 3A       		.uleb128 0x3a
 474 002f 0B       		.uleb128 0xb
 475 0030 3B       		.uleb128 0x3b
 476 0031 0B       		.uleb128 0xb
 477 0032 49       		.uleb128 0x49
 478 0033 13       		.uleb128 0x13
 479 0034 00       		.byte	0
 480 0035 00       		.byte	0
 481 0036 05       		.uleb128 0x5
 482 0037 13       		.uleb128 0x13
 483 0038 01       		.byte	0x1
 484 0039 0B       		.uleb128 0xb
 485 003a 0B       		.uleb128 0xb
 486 003b 3A       		.uleb128 0x3a
 487 003c 0B       		.uleb128 0xb
 488 003d 3B       		.uleb128 0x3b
 489 003e 0B       		.uleb128 0xb
 490 003f 01       		.uleb128 0x1
ARM GAS  /tmp/ccmM7DG1.s 			page 16


 491 0040 13       		.uleb128 0x13
 492 0041 00       		.byte	0
 493 0042 00       		.byte	0
 494 0043 06       		.uleb128 0x6
 495 0044 0D       		.uleb128 0xd
 496 0045 00       		.byte	0
 497 0046 03       		.uleb128 0x3
 498 0047 0E       		.uleb128 0xe
 499 0048 3A       		.uleb128 0x3a
 500 0049 0B       		.uleb128 0xb
 501 004a 3B       		.uleb128 0x3b
 502 004b 0B       		.uleb128 0xb
 503 004c 49       		.uleb128 0x49
 504 004d 13       		.uleb128 0x13
 505 004e 38       		.uleb128 0x38
 506 004f 0B       		.uleb128 0xb
 507 0050 00       		.byte	0
 508 0051 00       		.byte	0
 509 0052 07       		.uleb128 0x7
 510 0053 0D       		.uleb128 0xd
 511 0054 00       		.byte	0
 512 0055 03       		.uleb128 0x3
 513 0056 08       		.uleb128 0x8
 514 0057 3A       		.uleb128 0x3a
 515 0058 0B       		.uleb128 0xb
 516 0059 3B       		.uleb128 0x3b
 517 005a 0B       		.uleb128 0xb
 518 005b 49       		.uleb128 0x49
 519 005c 13       		.uleb128 0x13
 520 005d 38       		.uleb128 0x38
 521 005e 0B       		.uleb128 0xb
 522 005f 00       		.byte	0
 523 0060 00       		.byte	0
 524 0061 08       		.uleb128 0x8
 525 0062 0D       		.uleb128 0xd
 526 0063 00       		.byte	0
 527 0064 03       		.uleb128 0x3
 528 0065 0E       		.uleb128 0xe
 529 0066 3A       		.uleb128 0x3a
 530 0067 0B       		.uleb128 0xb
 531 0068 3B       		.uleb128 0x3b
 532 0069 05       		.uleb128 0x5
 533 006a 49       		.uleb128 0x49
 534 006b 13       		.uleb128 0x13
 535 006c 38       		.uleb128 0x38
 536 006d 0B       		.uleb128 0xb
 537 006e 00       		.byte	0
 538 006f 00       		.byte	0
 539 0070 09       		.uleb128 0x9
 540 0071 16       		.uleb128 0x16
 541 0072 00       		.byte	0
 542 0073 03       		.uleb128 0x3
 543 0074 0E       		.uleb128 0xe
 544 0075 3A       		.uleb128 0x3a
 545 0076 0B       		.uleb128 0xb
 546 0077 3B       		.uleb128 0x3b
 547 0078 05       		.uleb128 0x5
ARM GAS  /tmp/ccmM7DG1.s 			page 17


 548 0079 49       		.uleb128 0x49
 549 007a 13       		.uleb128 0x13
 550 007b 00       		.byte	0
 551 007c 00       		.byte	0
 552 007d 0A       		.uleb128 0xa
 553 007e 13       		.uleb128 0x13
 554 007f 01       		.byte	0x1
 555 0080 0B       		.uleb128 0xb
 556 0081 0B       		.uleb128 0xb
 557 0082 3A       		.uleb128 0x3a
 558 0083 0B       		.uleb128 0xb
 559 0084 3B       		.uleb128 0x3b
 560 0085 05       		.uleb128 0x5
 561 0086 01       		.uleb128 0x1
 562 0087 13       		.uleb128 0x13
 563 0088 00       		.byte	0
 564 0089 00       		.byte	0
 565 008a 0B       		.uleb128 0xb
 566 008b 2E       		.uleb128 0x2e
 567 008c 00       		.byte	0
 568 008d 03       		.uleb128 0x3
 569 008e 0E       		.uleb128 0xe
 570 008f 3A       		.uleb128 0x3a
 571 0090 0B       		.uleb128 0xb
 572 0091 3B       		.uleb128 0x3b
 573 0092 05       		.uleb128 0x5
 574 0093 27       		.uleb128 0x27
 575 0094 19       		.uleb128 0x19
 576 0095 20       		.uleb128 0x20
 577 0096 0B       		.uleb128 0xb
 578 0097 00       		.byte	0
 579 0098 00       		.byte	0
 580 0099 0C       		.uleb128 0xc
 581 009a 2E       		.uleb128 0x2e
 582 009b 01       		.byte	0x1
 583 009c 3F       		.uleb128 0x3f
 584 009d 19       		.uleb128 0x19
 585 009e 03       		.uleb128 0x3
 586 009f 0E       		.uleb128 0xe
 587 00a0 3A       		.uleb128 0x3a
 588 00a1 0B       		.uleb128 0xb
 589 00a2 3B       		.uleb128 0x3b
 590 00a3 0B       		.uleb128 0xb
 591 00a4 27       		.uleb128 0x27
 592 00a5 19       		.uleb128 0x19
 593 00a6 11       		.uleb128 0x11
 594 00a7 01       		.uleb128 0x1
 595 00a8 12       		.uleb128 0x12
 596 00a9 06       		.uleb128 0x6
 597 00aa 40       		.uleb128 0x40
 598 00ab 18       		.uleb128 0x18
 599 00ac 9742     		.uleb128 0x2117
 600 00ae 19       		.uleb128 0x19
 601 00af 01       		.uleb128 0x1
 602 00b0 13       		.uleb128 0x13
 603 00b1 00       		.byte	0
 604 00b2 00       		.byte	0
ARM GAS  /tmp/ccmM7DG1.s 			page 18


 605 00b3 0D       		.uleb128 0xd
 606 00b4 898201   		.uleb128 0x4109
 607 00b7 00       		.byte	0
 608 00b8 11       		.uleb128 0x11
 609 00b9 01       		.uleb128 0x1
 610 00ba 31       		.uleb128 0x31
 611 00bb 13       		.uleb128 0x13
 612 00bc 00       		.byte	0
 613 00bd 00       		.byte	0
 614 00be 0E       		.uleb128 0xe
 615 00bf 34       		.uleb128 0x34
 616 00c0 00       		.byte	0
 617 00c1 03       		.uleb128 0x3
 618 00c2 0E       		.uleb128 0xe
 619 00c3 3A       		.uleb128 0x3a
 620 00c4 0B       		.uleb128 0xb
 621 00c5 3B       		.uleb128 0x3b
 622 00c6 05       		.uleb128 0x5
 623 00c7 49       		.uleb128 0x49
 624 00c8 13       		.uleb128 0x13
 625 00c9 3F       		.uleb128 0x3f
 626 00ca 19       		.uleb128 0x19
 627 00cb 3C       		.uleb128 0x3c
 628 00cc 19       		.uleb128 0x19
 629 00cd 00       		.byte	0
 630 00ce 00       		.byte	0
 631 00cf 0F       		.uleb128 0xf
 632 00d0 26       		.uleb128 0x26
 633 00d1 00       		.byte	0
 634 00d2 49       		.uleb128 0x49
 635 00d3 13       		.uleb128 0x13
 636 00d4 00       		.byte	0
 637 00d5 00       		.byte	0
 638 00d6 10       		.uleb128 0x10
 639 00d7 2E       		.uleb128 0x2e
 640 00d8 00       		.byte	0
 641 00d9 3F       		.uleb128 0x3f
 642 00da 19       		.uleb128 0x19
 643 00db 03       		.uleb128 0x3
 644 00dc 0E       		.uleb128 0xe
 645 00dd 3A       		.uleb128 0x3a
 646 00de 0B       		.uleb128 0xb
 647 00df 3B       		.uleb128 0x3b
 648 00e0 05       		.uleb128 0x5
 649 00e1 27       		.uleb128 0x27
 650 00e2 19       		.uleb128 0x19
 651 00e3 3C       		.uleb128 0x3c
 652 00e4 19       		.uleb128 0x19
 653 00e5 00       		.byte	0
 654 00e6 00       		.byte	0
 655 00e7 11       		.uleb128 0x11
 656 00e8 2E       		.uleb128 0x2e
 657 00e9 01       		.byte	0x1
 658 00ea 3F       		.uleb128 0x3f
 659 00eb 19       		.uleb128 0x19
 660 00ec 03       		.uleb128 0x3
 661 00ed 0E       		.uleb128 0xe
ARM GAS  /tmp/ccmM7DG1.s 			page 19


 662 00ee 3A       		.uleb128 0x3a
 663 00ef 0B       		.uleb128 0xb
 664 00f0 3B       		.uleb128 0x3b
 665 00f1 05       		.uleb128 0x5
 666 00f2 27       		.uleb128 0x27
 667 00f3 19       		.uleb128 0x19
 668 00f4 3C       		.uleb128 0x3c
 669 00f5 19       		.uleb128 0x19
 670 00f6 01       		.uleb128 0x1
 671 00f7 13       		.uleb128 0x13
 672 00f8 00       		.byte	0
 673 00f9 00       		.byte	0
 674 00fa 12       		.uleb128 0x12
 675 00fb 05       		.uleb128 0x5
 676 00fc 00       		.byte	0
 677 00fd 49       		.uleb128 0x49
 678 00fe 13       		.uleb128 0x13
 679 00ff 00       		.byte	0
 680 0100 00       		.byte	0
 681 0101 13       		.uleb128 0x13
 682 0102 0F       		.uleb128 0xf
 683 0103 00       		.byte	0
 684 0104 0B       		.uleb128 0xb
 685 0105 0B       		.uleb128 0xb
 686 0106 49       		.uleb128 0x49
 687 0107 13       		.uleb128 0x13
 688 0108 00       		.byte	0
 689 0109 00       		.byte	0
 690 010a 14       		.uleb128 0x14
 691 010b 2E       		.uleb128 0x2e
 692 010c 00       		.byte	0
 693 010d 3F       		.uleb128 0x3f
 694 010e 19       		.uleb128 0x19
 695 010f 03       		.uleb128 0x3
 696 0110 0E       		.uleb128 0xe
 697 0111 3A       		.uleb128 0x3a
 698 0112 0B       		.uleb128 0xb
 699 0113 3B       		.uleb128 0x3b
 700 0114 0B       		.uleb128 0xb
 701 0115 27       		.uleb128 0x27
 702 0116 19       		.uleb128 0x19
 703 0117 3C       		.uleb128 0x3c
 704 0118 19       		.uleb128 0x19
 705 0119 00       		.byte	0
 706 011a 00       		.byte	0
 707 011b 00       		.byte	0
 708              		.section	.debug_aranges,"",%progbits
 709 0000 1C000000 		.4byte	0x1c
 710 0004 0200     		.2byte	0x2
 711 0006 00000000 		.4byte	.Ldebug_info0
 712 000a 04       		.byte	0x4
 713 000b 00       		.byte	0
 714 000c 0000     		.2byte	0
 715 000e 0000     		.2byte	0
 716 0010 00000000 		.4byte	.LFB98
 717 0014 20000000 		.4byte	.LFE98-.LFB98
 718 0018 00000000 		.4byte	0
ARM GAS  /tmp/ccmM7DG1.s 			page 20


 719 001c 00000000 		.4byte	0
 720              		.section	.debug_ranges,"",%progbits
 721              	.Ldebug_ranges0:
 722 0000 00000000 		.4byte	.LFB98
 723 0004 20000000 		.4byte	.LFE98
 724 0008 00000000 		.4byte	0
 725 000c 00000000 		.4byte	0
 726              		.section	.debug_line,"",%progbits
 727              	.Ldebug_line0:
 728 0000 9C010000 		.section	.debug_str,"MS",%progbits,1
 728      02007901 
 728      00000201 
 728      FB0E0D00 
 728      01010101 
 729              	.LASF24:
 730 0000 50444461 		.ascii	"PDData\000"
 730      746100
 731              	.LASF16:
 732 0007 6F737065 		.ascii	"ospeedr\000"
 732      65647200 
 733              	.LASF32:
 734 000f 2E2E2F2E 		.ascii	"../../../os/hal/src/hal.c\000"
 734      2E2F2E2E 
 734      2F6F732F 
 734      68616C2F 
 734      7372632F 
 735              	.LASF22:
 736 0029 50424461 		.ascii	"PBData\000"
 736      746100
 737              	.LASF37:
 738 0030 5F70616C 		.ascii	"_pal_lld_init\000"
 738      5F6C6C64 
 738      5F696E69 
 738      7400
 739              	.LASF33:
 740 003e 2F686F6D 		.ascii	"/home/awygle/ChibiOS-RT/demos/STM32/NIL-STM32F051-D"
 740      652F6177 
 740      79676C65 
 740      2F436869 
 740      62694F53 
 741 0071 4953434F 		.ascii	"ISCOVERY\000"
 741      56455259 
 741      00
 742              	.LASF4:
 743 007a 73686F72 		.ascii	"short unsigned int\000"
 743      7420756E 
 743      7369676E 
 743      65642069 
 743      6E7400
 744              	.LASF15:
 745 008d 6F747970 		.ascii	"otyper\000"
 745      657200
 746              	.LASF35:
 747 0094 68616C49 		.ascii	"halInit\000"
 747      6E697400 
 748              	.LASF2:
 749 009c 756E7369 		.ascii	"unsigned char\000"
ARM GAS  /tmp/ccmM7DG1.s 			page 21


 749      676E6564 
 749      20636861 
 749      7200
 750              	.LASF20:
 751 00aa 73746D33 		.ascii	"stm32_gpio_setup_t\000"
 751      325F6770 
 751      696F5F73 
 751      65747570 
 751      5F7400
 752              	.LASF21:
 753 00bd 50414461 		.ascii	"PAData\000"
 753      746100
 754              	.LASF6:
 755 00c4 6C6F6E67 		.ascii	"long unsigned int\000"
 755      20756E73 
 755      69676E65 
 755      6420696E 
 755      7400
 756              	.LASF27:
 757 00d6 68616C5F 		.ascii	"hal_lld_init\000"
 757      6C6C645F 
 757      696E6974 
 757      00
 758              	.LASF19:
 759 00e3 61667268 		.ascii	"afrh\000"
 759      00
 760              	.LASF18:
 761 00e8 6166726C 		.ascii	"afrl\000"
 761      00
 762              	.LASF26:
 763 00ed 50414C43 		.ascii	"PALConfig\000"
 763      6F6E6669 
 763      6700
 764              	.LASF36:
 765 00f7 70616C5F 		.ascii	"pal_default_config\000"
 765      64656661 
 765      756C745F 
 765      636F6E66 
 765      696700
 766              	.LASF9:
 767 010a 5F5F7569 		.ascii	"__uint32_t\000"
 767      6E743332 
 767      5F7400
 768              	.LASF17:
 769 0115 70757064 		.ascii	"pupdr\000"
 769      7200
 770              	.LASF25:
 771 011b 50464461 		.ascii	"PFData\000"
 771      746100
 772              	.LASF0:
 773 0122 756E7369 		.ascii	"unsigned int\000"
 773      676E6564 
 773      20696E74 
 773      00
 774              	.LASF8:
 775 012f 6C6F6E67 		.ascii	"long long unsigned int\000"
 775      206C6F6E 
ARM GAS  /tmp/ccmM7DG1.s 			page 22


 775      6720756E 
 775      7369676E 
 775      65642069 
 776              	.LASF29:
 777 0146 626F6172 		.ascii	"boardInit\000"
 777      64496E69 
 777      7400
 778              	.LASF34:
 779 0150 6F73616C 		.ascii	"osalInit\000"
 779      496E6974 
 779      00
 780              	.LASF11:
 781 0159 73697A65 		.ascii	"sizetype\000"
 781      74797065 
 781      00
 782              	.LASF30:
 783 0162 7374496E 		.ascii	"stInit\000"
 783      697400
 784              	.LASF7:
 785 0169 6C6F6E67 		.ascii	"long long int\000"
 785      206C6F6E 
 785      6720696E 
 785      7400
 786              	.LASF12:
 787 0177 63686172 		.ascii	"char\000"
 787      00
 788              	.LASF28:
 789 017c 7364496E 		.ascii	"sdInit\000"
 789      697400
 790              	.LASF3:
 791 0183 73686F72 		.ascii	"short int\000"
 791      7420696E 
 791      7400
 792              	.LASF23:
 793 018d 50434461 		.ascii	"PCData\000"
 793      746100
 794              	.LASF10:
 795 0194 75696E74 		.ascii	"uint32_t\000"
 795      33325F74 
 795      00
 796              	.LASF5:
 797 019d 6C6F6E67 		.ascii	"long int\000"
 797      20696E74 
 797      00
 798              	.LASF14:
 799 01a6 6D6F6465 		.ascii	"moder\000"
 799      7200
 800              	.LASF31:
 801 01ac 474E5520 		.ascii	"GNU C 4.8.2 -mcpu=cortex-m0 -mno-thumb-interwork -m"
 801      4320342E 
 801      382E3220 
 801      2D6D6370 
 801      753D636F 
 802 01df 7468756D 		.ascii	"thumb -ggdb -O2 -fomit-frame-pointer -falign-functi"
 802      62202D67 
 802      67646220 
 802      2D4F3220 
ARM GAS  /tmp/ccmM7DG1.s 			page 23


 802      2D666F6D 
 803 0212 6F6E733D 		.ascii	"ons=16 -ffunction-sections -fdata-sections -fno-com"
 803      3136202D 
 803      6666756E 
 803      6374696F 
 803      6E2D7365 
 804 0245 6D6F6E20 		.ascii	"mon -flto\000"
 804      2D666C74 
 804      6F00
 805              	.LASF1:
 806 024f 7369676E 		.ascii	"signed char\000"
 806      65642063 
 806      68617200 
 807              	.LASF13:
 808 025b 5F426F6F 		.ascii	"_Bool\000"
 808      6C00
 809              		.comm	__gnu_lto_v1,1,1
 810              		.ident	"GCC: (4.8.2-14ubuntu1+6) 4.8.2"
ARM GAS  /tmp/ccmM7DG1.s 			page 24


DEFINED SYMBOLS
                            *ABS*:0000000000000000 hal.c
     /tmp/ccmM7DG1.s:138    .text.halInit:0000000000000000 $t
     /tmp/ccmM7DG1.s:144    .text.halInit:0000000000000000 halInit
     /tmp/ccmM7DG1.s:176    .text.halInit:000000000000001c $d
                            *COM*:0000000000000001 __gnu_lto_v1
                     .debug_frame:0000000000000010 $d

UNDEFINED SYMBOLS
hal_lld_init
_pal_lld_init
sdInit
boardInit
stInit
pal_default_config
