ARM GAS  /tmp/ccbk9C4q.s 			page 1


   1              		.cpu cortex-m0
   2              		.fpu softvfp
   3              		.eabi_attribute 20, 1
   4              		.eabi_attribute 21, 1
   5              		.eabi_attribute 23, 3
   6              		.eabi_attribute 24, 1
   7              		.eabi_attribute 25, 1
   8              		.eabi_attribute 26, 1
   9              		.eabi_attribute 30, 2
  10              		.eabi_attribute 34, 0
  11              		.eabi_attribute 18, 4
  12              		.code	16
  13              		.file	"hal_mmcsd.c"
  14              		.text
  15              	.Ltext0:
  16              		.section	.gnu.lto_.inline.75c530068316777d,"",%progbits
  17 0000 789C6362 		.ascii	"x\234cb`b\300\006\020\242\000\000\272\000\007"
  17      6062C006 
  17      10A20000 
  17      BA0007
  18              		.text
  19              		.section	.gnu.lto_.pureconst.75c530068316777d,"",%progbits
  20 0000 789C6362 		.ascii	"x\234cb`b`d\200\002\000\000F\000\006"
  20      60626064 
  20      80020000 
  20      460006
  21              		.text
  22              		.section	.gnu.lto_.symbol_nodes.75c530068316777d,"",%progbits
  23 0000 789C6362 		.ascii	"x\234cb`\002B\030\000\000\000V\000\007"
  23      60024218 
  23      00000056 
  23      0007
  24              		.text
  25              		.section	.gnu.lto_.refs.75c530068316777d,"",%progbits
  26 0000 789C6362 		.ascii	"x\234cb`b`d\200\002\000\000F\000\006"
  26      60626064 
  26      80020000 
  26      460006
  27              		.text
  28              		.section	.gnu.lto_.decls.75c530068316777d,"",%progbits
  29 0000 789C6362 		.ascii	"x\234cb`bPa``\370\017\004@\212\201\021\212\355\030\010"
  29      60625061 
  29      6060F80F 
  29      04408A81 
  29      118AED18 
  30 0015 0000CE1B 		.ascii	"\000\000\316\033\004e"
  30      0465
  31              		.text
  32              		.section	.gnu.lto_.symtab.75c530068316777d,"",%progbits
  33              		.text
  34              		.section	.gnu.lto_.opts,"",%progbits
  35 0000 272D6D63 		.ascii	"'-mcpu=cortex-m0' '-mno-thumb-interwork' '-mthumb' "
  35      70753D63 
  35      6F727465 
  35      782D6D30 
  35      2720272D 
  36 0033 272D6767 		.ascii	"'-ggdb' '-O2' '-fomit-frame-pointer' '-falign-funct"
ARM GAS  /tmp/ccbk9C4q.s 			page 2


  36      64622720 
  36      272D4F32 
  36      2720272D 
  36      666F6D69 
  37 0066 696F6E73 		.ascii	"ions=16' '-ffunction-sections' '-fdata-sections' '-"
  37      3D313627 
  37      20272D66 
  37      66756E63 
  37      74696F6E 
  38 0099 666E6F2D 		.ascii	"fno-common' '-flto'\000"
  38      636F6D6D 
  38      6F6E2720 
  38      272D666C 
  38      746F2700 
  39              		.text
  40              		.cfi_sections	.debug_frame
  41              	.Letext0:
  42              		.section	.debug_info,"",%progbits
  43              	.Ldebug_info0:
  44 0000 75000000 		.4byte	0x75
  45 0004 0400     		.2byte	0x4
  46 0006 00000000 		.4byte	.Ldebug_abbrev0
  47 000a 04       		.byte	0x4
  48 000b 01       		.uleb128 0x1
  49 000c 0E000000 		.4byte	.LASF12
  50 0010 01       		.byte	0x1
  51 0011 0F010000 		.4byte	.LASF13
  52 0015 48010000 		.4byte	.LASF14
  53 0019 00000000 		.4byte	.Ldebug_line0
  54 001d 02       		.uleb128 0x2
  55 001e 04       		.byte	0x4
  56 001f 05       		.byte	0x5
  57 0020 696E7400 		.ascii	"int\000"
  58 0024 03       		.uleb128 0x3
  59 0025 04       		.byte	0x4
  60 0026 07       		.byte	0x7
  61 0027 B1000000 		.4byte	.LASF0
  62 002b 03       		.uleb128 0x3
  63 002c 01       		.byte	0x1
  64 002d 06       		.byte	0x6
  65 002e BE000000 		.4byte	.LASF1
  66 0032 03       		.uleb128 0x3
  67 0033 01       		.byte	0x1
  68 0034 08       		.byte	0x8
  69 0035 F3000000 		.4byte	.LASF2
  70 0039 03       		.uleb128 0x3
  71 003a 02       		.byte	0x2
  72 003b 05       		.byte	0x5
  73 003c 84010000 		.4byte	.LASF3
  74 0040 03       		.uleb128 0x3
  75 0041 02       		.byte	0x2
  76 0042 07       		.byte	0x7
  77 0043 35010000 		.4byte	.LASF4
  78 0047 03       		.uleb128 0x3
  79 0048 04       		.byte	0x4
  80 0049 05       		.byte	0x5
  81 004a 06010000 		.4byte	.LASF5
ARM GAS  /tmp/ccbk9C4q.s 			page 3


  82 004e 03       		.uleb128 0x3
  83 004f 04       		.byte	0x4
  84 0050 07       		.byte	0x7
  85 0051 CA000000 		.4byte	.LASF6
  86 0055 03       		.uleb128 0x3
  87 0056 08       		.byte	0x8
  88 0057 05       		.byte	0x5
  89 0058 00000000 		.4byte	.LASF7
  90 005c 03       		.uleb128 0x3
  91 005d 08       		.byte	0x8
  92 005e 07       		.byte	0x7
  93 005f DC000000 		.4byte	.LASF8
  94 0063 03       		.uleb128 0x3
  95 0064 04       		.byte	0x4
  96 0065 07       		.byte	0x7
  97 0066 8E010000 		.4byte	.LASF9
  98 006a 03       		.uleb128 0x3
  99 006b 01       		.byte	0x1
 100 006c 08       		.byte	0x8
 101 006d 01010000 		.4byte	.LASF10
 102 0071 03       		.uleb128 0x3
 103 0072 01       		.byte	0x1
 104 0073 02       		.byte	0x2
 105 0074 2F010000 		.4byte	.LASF11
 106 0078 00       		.byte	0
 107              		.section	.debug_abbrev,"",%progbits
 108              	.Ldebug_abbrev0:
 109 0000 01       		.uleb128 0x1
 110 0001 11       		.uleb128 0x11
 111 0002 01       		.byte	0x1
 112 0003 25       		.uleb128 0x25
 113 0004 0E       		.uleb128 0xe
 114 0005 13       		.uleb128 0x13
 115 0006 0B       		.uleb128 0xb
 116 0007 03       		.uleb128 0x3
 117 0008 0E       		.uleb128 0xe
 118 0009 1B       		.uleb128 0x1b
 119 000a 0E       		.uleb128 0xe
 120 000b 10       		.uleb128 0x10
 121 000c 17       		.uleb128 0x17
 122 000d 00       		.byte	0
 123 000e 00       		.byte	0
 124 000f 02       		.uleb128 0x2
 125 0010 24       		.uleb128 0x24
 126 0011 00       		.byte	0
 127 0012 0B       		.uleb128 0xb
 128 0013 0B       		.uleb128 0xb
 129 0014 3E       		.uleb128 0x3e
 130 0015 0B       		.uleb128 0xb
 131 0016 03       		.uleb128 0x3
 132 0017 08       		.uleb128 0x8
 133 0018 00       		.byte	0
 134 0019 00       		.byte	0
 135 001a 03       		.uleb128 0x3
 136 001b 24       		.uleb128 0x24
 137 001c 00       		.byte	0
 138 001d 0B       		.uleb128 0xb
ARM GAS  /tmp/ccbk9C4q.s 			page 4


 139 001e 0B       		.uleb128 0xb
 140 001f 3E       		.uleb128 0x3e
 141 0020 0B       		.uleb128 0xb
 142 0021 03       		.uleb128 0x3
 143 0022 0E       		.uleb128 0xe
 144 0023 00       		.byte	0
 145 0024 00       		.byte	0
 146 0025 00       		.byte	0
 147              		.section	.debug_aranges,"",%progbits
 148 0000 14000000 		.4byte	0x14
 149 0004 0200     		.2byte	0x2
 150 0006 00000000 		.4byte	.Ldebug_info0
 151 000a 04       		.byte	0x4
 152 000b 00       		.byte	0
 153 000c 0000     		.2byte	0
 154 000e 0000     		.2byte	0
 155 0010 00000000 		.4byte	0
 156 0014 00000000 		.4byte	0
 157              		.section	.debug_line,"",%progbits
 158              	.Ldebug_line0:
 159 0000 19000000 		.section	.debug_str,"MS",%progbits,1
 159      02001300 
 159      00000201 
 159      FB0E0D00 
 159      01010101 
 160              	.LASF7:
 161 0000 6C6F6E67 		.ascii	"long long int\000"
 161      206C6F6E 
 161      6720696E 
 161      7400
 162              	.LASF12:
 163 000e 474E5520 		.ascii	"GNU C 4.8.2 -mcpu=cortex-m0 -mno-thumb-interwork -m"
 163      4320342E 
 163      382E3220 
 163      2D6D6370 
 163      753D636F 
 164 0041 7468756D 		.ascii	"thumb -ggdb -O2 -fomit-frame-pointer -falign-functi"
 164      62202D67 
 164      67646220 
 164      2D4F3220 
 164      2D666F6D 
 165 0074 6F6E733D 		.ascii	"ons=16 -ffunction-sections -fdata-sections -fno-com"
 165      3136202D 
 165      6666756E 
 165      6374696F 
 165      6E2D7365 
 166 00a7 6D6F6E20 		.ascii	"mon -flto\000"
 166      2D666C74 
 166      6F00
 167              	.LASF0:
 168 00b1 756E7369 		.ascii	"unsigned int\000"
 168      676E6564 
 168      20696E74 
 168      00
 169              	.LASF1:
 170 00be 7369676E 		.ascii	"signed char\000"
 170      65642063 
ARM GAS  /tmp/ccbk9C4q.s 			page 5


 170      68617200 
 171              	.LASF6:
 172 00ca 6C6F6E67 		.ascii	"long unsigned int\000"
 172      20756E73 
 172      69676E65 
 172      6420696E 
 172      7400
 173              	.LASF8:
 174 00dc 6C6F6E67 		.ascii	"long long unsigned int\000"
 174      206C6F6E 
 174      6720756E 
 174      7369676E 
 174      65642069 
 175              	.LASF2:
 176 00f3 756E7369 		.ascii	"unsigned char\000"
 176      676E6564 
 176      20636861 
 176      7200
 177              	.LASF10:
 178 0101 63686172 		.ascii	"char\000"
 178      00
 179              	.LASF5:
 180 0106 6C6F6E67 		.ascii	"long int\000"
 180      20696E74 
 180      00
 181              	.LASF13:
 182 010f 2E2E2F2E 		.ascii	"../../../os/hal/src/hal_mmcsd.c\000"
 182      2E2F2E2E 
 182      2F6F732F 
 182      68616C2F 
 182      7372632F 
 183              	.LASF11:
 184 012f 5F426F6F 		.ascii	"_Bool\000"
 184      6C00
 185              	.LASF4:
 186 0135 73686F72 		.ascii	"short unsigned int\000"
 186      7420756E 
 186      7369676E 
 186      65642069 
 186      6E7400
 187              	.LASF14:
 188 0148 2F686F6D 		.ascii	"/home/awygle/ChibiOS-RT/demos/STM32/NIL-STM32F051-D"
 188      652F6177 
 188      79676C65 
 188      2F436869 
 188      62694F53 
 189 017b 4953434F 		.ascii	"ISCOVERY\000"
 189      56455259 
 189      00
 190              	.LASF3:
 191 0184 73686F72 		.ascii	"short int\000"
 191      7420696E 
 191      7400
 192              	.LASF9:
 193 018e 73697A65 		.ascii	"sizetype\000"
 193      74797065 
 193      00
ARM GAS  /tmp/ccbk9C4q.s 			page 6


 194              		.comm	__gnu_lto_v1,1,1
 195              		.ident	"GCC: (4.8.2-14ubuntu1+6) 4.8.2"
ARM GAS  /tmp/ccbk9C4q.s 			page 7


DEFINED SYMBOLS
                            *ABS*:0000000000000000 hal_mmcsd.c
                            *COM*:0000000000000001 __gnu_lto_v1

NO UNDEFINED SYMBOLS
