ARM GAS  /tmp/ccXID7Tx.s 			page 1


   1              		.cpu cortex-m0
   2              		.fpu softvfp
   3              		.eabi_attribute 20, 1
   4              		.eabi_attribute 21, 1
   5              		.eabi_attribute 23, 3
   6              		.eabi_attribute 24, 1
   7              		.eabi_attribute 25, 1
   8              		.eabi_attribute 26, 1
   9              		.eabi_attribute 30, 2
  10              		.eabi_attribute 34, 0
  11              		.eabi_attribute 18, 4
  12              		.code	16
  13              		.file	"vectors.c"
  14              		.text
  15              	.Ltext0:
  16              		.section	.gnu.lto_.jmpfuncs.bd4d4e411e6cabce,"",%progbits
  17 0000 789C6362 		.ascii	"x\234cb`b\300\006X\2404#\020\003\000\000\344\000\012"
  17      6062C006 
  17      58A03423 
  17      10030000 
  17      E4000A
  18              		.text
  19              		.section	.gnu.lto_.inline.bd4d4e411e6cabce,"",%progbits
  20 0000 789C6DCB 		.ascii	"x\234m\313E\022\002A\020E\301\356apww\367\373\237\206"
  20      45120241 
  20      1045C1EE 
  20      61707777 
  20      F7FB9F86 
  21 0014 AB403011 		.ascii	"\253@0\021\311\206\332\374\\\274JB\022\376\335+f\373"
  21      C986DAFC 
  21      5CBC4A42 
  21      12FEDD2B 
  21      66FB
  22 0026 0C9F207E 		.ascii	"\014\237 ~\2434K\243\346\367\231\243\224\362T\240\""
  22      A3344BA3 
  22      E6F799A3 
  22      94F254A0 
  22      22
  23 0037 95A84C15 		.ascii	"\225\250L\025\252R\215\352\324\240&\265\250M\035\352"
  23      AA528DEA 
  23      D4A026B5 
  23      A84D1DEA 
  24 0047 528FFA34 		.ascii	"R\217\3724\240!\215hL\023\232\322\214\346\264\240%\255"
  24      A0218D68 
  24      4C139AD2 
  24      8CE6B4A0 
  24      25AD
  25 0059 684D1BDA 		.ascii	"hM\033\332\322\216\366t\240#\235\350L\027\272\322\215"
  25      D28EF674 
  25      A0239DE8 
  25      4C17BAD2 
  25      8D
  26 006a EEF4A0F0 		.ascii	"\356\364\240\360\006\310R\005X"
  26      06C85205 
  26      58
  27              		.text
  28              		.section	.gnu.lto_.pureconst.bd4d4e411e6cabce,"",%progbits
ARM GAS  /tmp/ccXID7Tx.s 			page 2


  29 0000 789C25C1 		.ascii	"x\234%\301\307\001\202@\000\000\260\363\260`\305\002"
  29      C7018240 
  29      0000B0F3 
  29      B060C502 
  30 0010 1A3B62EF 		.ascii	"\032;b\357n\344\376[\3700\211!\206o\370{\207OM\224\250"
  30      6EE4FE5B 
  30      F8308921 
  30      866FF87B 
  30      874F4D94 
  31 0025 6B686A49 		.ascii	"khjI\265ut\365\364\015d\206F\306&r\205\251\031\346\026"
  31      B57574F5 
  31      F40D6486 
  31      46C62672 
  31      85A919E6 
  32 003a 9656D636 		.ascii	"\226V\3266\266J;\225\275\203\243\223\263\213\253\233"
  32      B64A3B95 
  32      BD83A393 
  32      B38BAB9B 
  33 004a BB87A797 		.ascii	"\273\207\247\227\037\230\274\011L"
  33      1F98BC09 
  33      4C
  34              		.text
  35              		.section	.gnu.lto__unhandled_exception.bd4d4e411e6cabce,"",%progbits
  36 0000 789C6362 		.ascii	"x\234cb`b@\007:@\354\005\3046@\314\310\312\300\3104"
  36      60624007 
  36      3A40EC05 
  36      C43640CC 
  36      C8CAC0C8 
  37 0015 E11C0343 		.ascii	"\341\034\003C#\007\023#3\210\301\310\314\310\002\021"
  37      23071323 
  37      3388C1C8 
  37      CCC80211 
  38 0025 60810838 		.ascii	"`\201\010822\32431\2630\326G2\202\265\257g:\360\340"
  38      3232D433 
  38      31B330D6 
  38      473282B5 
  38      AF673AF0 
  39 003a FFFF757B 		.ascii	"\377\377u{\226>\312f\004\211\2602\26444LP``H\006\313"
  39      963ECA66 
  39      0489B032 
  39      B434344C 
  39      50606048 
  40 0050 87004946 		.ascii	"\207\000IF \311\0044)\204\221\231\001h\004c\010#\013"
  40      20C90434 
  40      29849199 
  40      01680463 
  40      08230B
  41 0063 948618C1 		.ascii	"\224\206\030\301`\245\247\247\017A\371\305\372\311\371"
  41      60A5A7A7 
  41      0F41F9C5 
  41      FAC9F9
  42 0072 B9B9F979 		.ascii	"\271\271\371y\372\305%\211E%\245\005\372\216A\276\316"
  42      FAC52589 
  42      4525A505 
  42      FA8E41BE 
  42      CE
  43 0083 BE1520D1 		.ascii	"\276\025 \321\202\314\234\324\242b}wgg\375\262\324\344"
ARM GAS  /tmp/ccXID7Tx.s 			page 3


  43      82CC9CD4 
  43      A2627D77 
  43      6767FDB2 
  43      D4E4
  44 0095 92FCA262 		.ascii	"\222\374\242b\275d\006\000\330\267+R"
  44      BD640600 
  44      D8B72B52 
  45              		.text
  46              		.section	.gnu.lto_.symbol_nodes.bd4d4e411e6cabce,"",%progbits
  47 0000 789C55C9 		.ascii	"x\234U\3115V\003P\000D\321\371?\204\340\356\004\213"
  47      35560350 
  47      0044D1F9 
  47      3F84E0EE 
  47      048B
  48 0012 7B70979A 		.ascii	"{p\227\232U=h\250Y\001\347\260\023\334\011\266!\212"
  48      553D68A8 
  48      5901E7B0 
  48      13DC09B6 
  48      218A
  49 0024 5030D3DD 		.ascii	"P0\323\3357QQ\351\204\332\213\031\244\363\226\004\027"
  49      375151E9 
  49      84DA8B19 
  49      A4F39604 
  49      17
  50 0035 C7314BF8 		.ascii	"\3071K\370\303\331e\010\2129\2429O\302\\\240\303\\$"
  50      C3D96508 
  50      8A39A239 
  50      4FC25CA0 
  50      C35C24
  51 0048 692ED169 		.ascii	"i.\321i.\2232W\3502W\3516\327\3501\327\35157\35037\351"
  51      2E933257 
  51      E83257E9 
  51      36D7E831 
  51      D7E93537 
  52 0060 372F3360 		.ascii	"7/3`^a\320\274\312\220y\215a\363:#\346\015F\315\233"
  52      5E61D0BC 
  52      CA90798D 
  52      61F33A23 
  52      E60D46CD 
  53 0075 8C99B718 		.ascii	"\214\231\267\0307o3a\336a\322\274\313\224y\217i\363"
  53      376F3361 
  53      DE61D2BC 
  53      CB94798F 
  53      69F3
  54 0087 3E33E603 		.ascii	">3\346\003f\315\207\244\315G\314\231\257\304\274\205"
  54      66CD87A4 
  54      CD47CC99 
  54      AFC4BC85 
  55 0097 6BB160E1 		.ascii	"k\261`\341F,Z\270\025K\026\356D\306\302\275\310Zx\020"
  55      462C5AB8 
  55      154B16EE 
  55      44C6C2BD 
  55      C85A7810 
  56 00ab 390B8F22 		.ascii	"9\013\217\"o\341I\024,<\213\242\205\027Q\262\360*\312"
  56      6FE14914 
  56      2C3C8BA2 
  56      851751B2 
ARM GAS  /tmp/ccXID7Tx.s 			page 4


  56      F02ACA
  57 00be 16DE44C5 		.ascii	"\026\336D\305\302\273\250Zh\211\232\205\017Q\267\360"
  57      C2BBA85A 
  57      68899A85 
  57      0F51B7F0 
  58 00ce 291AFF43 		.ascii	")\032\377C\362KJ\241\344\267\202P\370\021\315\366}r"
  58      F24B4AA1 
  58      E4B78250 
  58      F811CDF6 
  58      7D72
  59 00e0 1AF40BA2 		.ascii	"\032\364\013\242\313\333@"
  59      CBDB40
  60              		.text
  61              		.section	.gnu.lto_.refs.bd4d4e411e6cabce,"",%progbits
  62 0000 789C1DC3 		.ascii	"x\234\035\303\007\016\202@\000\000\301\273\305\212\275"
  62      070E8240 
  62      0000C1BB 
  62      C58ABD
  63 000f 1754EC22 		.ascii	"\027T\354\"6\374\377\347\3348\311\020\010Y\014\1771"
  63      36FCFFE7 
  63      DC38C910 
  63      08590C7F 
  63      31
  64 0020 2621E2C4 		.ascii	"&!\342\3045\327\335p\323-\267\235\272\343\256{\356{"
  64      35D7DD70 
  64      D32DB79D 
  64      BAE3AE7B 
  64      EE7B
  65 0032 E0A1471E 		.ascii	"\340\241G\036{\342\251g\236{\341\245W^;\363\306[\357"
  65      7BE2A967 
  65      9E7BE1A5 
  65      575E3BF3 
  65      C65BEF
  66 0045 9C7BEF83 		.ascii	"\234{\357\203\217>\371\354\213\257\276\271\360\335\245"
  66      8F3EF9EC 
  66      8BAFBEB9 
  66      F0DDA5
  67 0054 1F7EFAE5 		.ascii	"\037~\372\345w\022\252\017\025_\"\220P\243N\203&-\332"
  67      7712AA0F 
  67      155F2290 
  67      50A34E83 
  67      262DDA
  68 0067 A474E8D2 		.ascii	"\244t\350\322\243\317\200!#\306L\2302c\316\202%+\326"
  68      A3CF8021 
  68      23C64C98 
  68      3263CE82 
  68      252BD6
  69 007a 646CD8B2 		.ascii	"dl\330\262#g\317\201#'\316\\\270r\243\340N\311\203'"
  69      2367CF81 
  69      2327CE5C 
  69      B872A3E0 
  69      4EC98327 
  70 008e 2FDEE107 		.ascii	"/\336\341\007=\360\012k"
  70      3DF00A6B 
  71              		.text
  72              		.section	.gnu.lto_.decls.bd4d4e411e6cabce,"",%progbits
  73 0000 789CAD9A 		.ascii	"x\234\255\232{p\023\307\035\307w%cK\330\200\355@\002"
ARM GAS  /tmp/ccXID7Tx.s 			page 5


  73      7B7013C7 
  73      1DC77725 
  73      634BD880 
  73      ED4002
  74 0013 49839DCE 		.ascii	"I\203\235\316\220\351\320)\206\304\200\351L2\001w\022"
  74      90E9D029 
  74      86C480E9 
  74      4C320177 
  74      12
  75 0024 F287934E 		.ascii	"\362\207\223N(L;\375CsHW\320`\313\324\222H\230\376\321"
  75      284C3BFD 
  75      43734857 
  75      D060CBD4 
  75      924898FE 
  76 0039 C5498094 		.ascii	"\305I\200\224\322\030\363\014\301\304.\217\340\226\014"
  76      D218F30C 
  76      C1C42E8F 
  76      E0960C
  77 0048 C6BC1F01 		.ascii	"\306\274\037\001\361\014\217\224\022C\002\015\340Q\010"
  77      F10C8F94 
  77      1243020D 
  77      E05108
  78 0057 EFA68EC7 		.ascii	"\357\246\216\307\001\302+\270\277\273\323O\272\335["
  78      01C22BB8 
  78      BFBBD34F 
  78      BADD5B
  79 0066 4DADCEDE 		.ascii	"M\255\316\336\360[\257\356\367\275\337\347\273\253\225"
  79      F05BAFEE 
  79      F7BDDFE7 
  79      BBAB95
  80 0075 74B3878B 		.ascii	"t\263\207\213\270H>%\244\033\216\350\323\204\224e\021"
  80      B8483E25 
  80      A41B8EE8 
  80      D3849465 
  80      11
  81 0086 3843C8F3 		.ascii	"8C\310\363$u\014\207h\202X\013\261\011b\007\304^\210"
  81      24750C87 
  81      6882580B 
  81      B1096207 
  81      C45E88
  82 0099 4310C721 		.ascii	"C\020\307!>\2038\003q\001\342k\210\353\020\337B\334"
  82      3E833803 
  82      7101E26B 
  82      88EB10DF 
  82      42DC
  83 00ab 82B80F41 		.ascii	"\202\270\017A\241~\016D\037\210G \006A\024A\014\201"
  83      A17E0E44 
  83      1F884720 
  83      06411441 
  83      0C81
  84 00bd F829C408 		.ascii	"\370)\304\010\210\321\020\317A\224C\274\014\361*\304"
  84      88D110CF 
  84      419443BC 
  84      0CF12AC4 
  85 00cd 4488DF42 		.ascii	"D\210\337Bh\020S \252 \302\0203!\376\010\3616\304<\210"
  85      68105320 
  85      AA20C210 
ARM GAS  /tmp/ccXID7Tx.s 			page 6


  85      3321FE08 
  85      F136C43C 
  86 00e2 05104B21 		.ascii	"\005\020K!\032 VA4Cl\200\330\002\261\013b\037\265\306"
  86      1A205641 
  86      34436C80 
  86      D802B10B 
  86      621FB5C6 
  87 00f6 7400FE66 		.ascii	"t\000\376f\273\010w4\331\372Tx\215G\021Y\311Z\276\212"
  87      BB087734 
  87      D9FA5478 
  87      8D471159 
  87      C95ABE8A 
  88 010a 1F5A7A9C 		.ascii	"\037Zz\234\262z\366\240\273\333M\037%\213\031\034\215"
  88      B27AF6A0 
  88      BBDB4D1F 
  88      258B191C 
  88      8D
  89 011b B319A311 		.ascii	"\263\031\243\021\215>?\200\374\232j\264\257\227\024"
  89      8D3E3F80 
  89      FC9A6AB4 
  89      AF9714
  90 012a 9B9D3C2F 		.ascii	"\233\235</\3112/\325\350_Ak\365&\272\255r.\362\334,"
  90      C9322FD5 
  90      E85F416B 
  90      F526BAAD 
  90      722EF2DC 
  91 013f C6F2C950 		.ascii	"\306\362\311P\322\014%\352\030\333?\224J\250\204<M\326"
  91      D20C25EA 
  91      18DB3F94 
  91      4AA8843C 
  91      4DD6
  92 0151 1810B68E 		.ascii	"\030\020\266\216\271M\204Q\244\211\026\331%\032]E\271"
  92      B94D8451 
  92      A48916D9 
  92      251A5D45 
  92      B9
  93 0162 11195EE3 		.ascii	"\021\031^\343u\261N\375Hcgww?\213\357\"\277\241 ]M\207"
  93      75B14EFD 
  93      48636777 
  93      773F8BEF 
  93      22BFA120 
  94 0179 9A1AB731 		.ascii	"\232\032\2671\033.\242S\253G\310`2\255\201-{\241\200"
  94      1B2EA253 
  94      AB47C860 
  94      32AD812D 
  94      7BA180
  95 018c D419B8E2 		.ascii	"\324\031\270\342e0\216\271\214\325\262\370\0326p \301"
  95      65308EB9 
  95      8CD5B2F8 
  95      1A367020 
  95      C1
  96 019d A1797068 		.ascii	"\241yph\206\333!d\265e\336\245\321\217\250\027\352\314"
  96      86DB2164 
  96      B565DEA5 
  96      D18FA817 
  96      EACC
  97 01af A2F25110 		.ascii	"\242\362Q\020K`\034\306\365V\037{\3354Y~\035\305\372"
ARM GAS  /tmp/ccXID7Tx.s 			page 7


  97      4B601CC6 
  97      F5561F7B 
  97      DD34597E 
  97      1DC5FA
  98 01c2 031297AD 		.ascii	"\003\022\227\255\247\005f\317tcN\366\370#}ME\272\311"
  98      A70566CF 
  98      74634EF6 
  98      F8237D4D 
  98      45BAC9
  99 01d5 6EB181F2 		.ascii	"n\261\201\362\274\251N\177\233\235\304\350g;\354j\364"
  99      BCA94E7F 
  99      9B9DC4E8 
  99      673BEC6A 
  99      F4
 100 01e6 43E95C76 		.ascii	"C\351\\v\011s9\217:&S\243\315p)?\233)\377\011I+u9\210"
 100      0973398F 
 100      3A2653A3 
 100      CD70293F 
 100      9B29FF09 
 101 01ff 9BA5C49B 		.ascii	"\233\245\304\233\002\261A!q\247\224x[ nPH\214I\211w"
 101      02B14121 
 101      71A79478 
 101      5B206E50 
 101      488C4989 
 102 0214 04624C21 		.ascii	"\004bL!\361\260\224xO \236RH\374TJ| \020\317+$\266I"
 102      F1B09478 
 102      4F209E52 
 102      48FC544A 
 102      7C2010CF 
 103 022c 890F05E2 		.ascii	"\211\017\005\342e\205\304\263Rb\335\341\274\272}\361"
 103      6585C4B3 
 103      5262DDE1 
 103      BCBA7DF1 
 104 023c EEEE2244 		.ascii	"\356\356\"Dv(D\266K\221\365\"\362{\205\310KR\344\"\021"
 104      762844B6 
 104      4B91F522 
 104      F27B85C8 
 104      4B52E422 
 105 0251 F9A64B1D 		.ascii	"\371\246K\035\362\206\024\271DD.R\210\354\224\"\227"
 105      F28614B9 
 105      44442E52 
 105      88EC9422 
 105      97
 106 0262 89C80685 		.ascii	"\211\310\006\205\310\333R\344r\021\271^!\362\201\024"
 106      C8DB52E4 
 106      7211B95E 
 106      21F28114 
 107 0272 B94244EE 		.ascii	"\271BD\356V\210\254u\311\220+E\344!\205\310\271Rd\213"
 107      5688AC75 
 107      C9902B45 
 107      E42185C8 
 107      B952648B 
 108 0286 883CA110 		.ascii	"\210<\241\020\371\027)\262UD\236Q\210\\$En\025\221q"
 108      F91729B2 
 108      55449E51 
 108      885C2445 
 108      6E159171 
ARM GAS  /tmp/ccXID7Tx.s 			page 8


 109 029a 85C8E552 		.ascii	"\205\310\345R\344v\021y]!\262Q\212\334)\"\273\024\""
 109      E4761179 
 109      5D21B251 
 109      8ADC2922 
 109      BB1422
 110 02ad D74A91BB 		.ascii	"\327J\221\273E\344}\205\310\365Rd\233\210|\313\255\016"
 110      45E47D85 
 110      C8F55264 
 110      9B887CCB 
 110      AD0E
 111 02bf D92A459E 		.ascii	"\331*E\236\026\221\363\025\"\267K\221_\210\310%\012"
 111      1691F315 
 111      22B74B91 
 111      5F88C825 
 111      0A
 112 02d0 917BA4C8 		.ascii	"\221{\244\310\263\"\362\003\205\310\203Rd\273\210\\"
 112      B322F203 
 112      85C88352 
 112      64BB885C 
 113 02e0 A710794C 		.ascii	"\247\020yL\212\354\024\221\033\025\"OJ\221]\"r\247B"
 113      8AEC1491 
 113      1B15224F 
 113      4A915D22 
 113      72A742
 114 02f3 E41752E4 		.ascii	"\344\027R\344M\021y@!\362\274\024yOD~\252\020yQ\212"
 114      4D117940 
 114      21F2BC14 
 114      794F447E 
 114      AA107951 
 115 0308 7C20223F 		.ascii	"| \"?W\210\274&E>\024\221\355\012\221\035Rd\335'\002"
 115      5788BC26 
 115      453E1491 
 115      ED0A911D 
 115      5264DD27 
 116 031d F2AA42E4 		.ascii	"\362\252B\344M)r\211\210\354T\210\274'E.\023\221w\025"
 116      4D297289 
 116      88EC5488 
 116      BC27452E 
 116      13917715 
 117 0331 22995B7A 		.ascii	"\"\231[zS)\"k\263\324!gK\221+D\344<\205\310?K\221\255"
 117      5329226B 
 117      B3D42167 
 117      4B912B44 
 117      E43C85C8 
 118 0349 22729142 		.ascii	"\"r\221Bd\275\024\271YD6(D.\223\"\267\212\310\265\012"
 118      64BD14B9 
 118      59443628 
 118      442E9322 
 118      B78AC8B5 
 119 035e 912BA5C8 		.ascii	"\221+\245\310\355\"r\203B\344j)r\217\210\334\256\020"
 119      ED227283 
 119      42E46A29 
 119      728F88DC 
 119      AE10
 120 0370 F93729F2 		.ascii	"\3717)\362\244\210\334\247\020\331\"E\266\211\310c\012"
 120      A488DCA7 
 120      10D92245 
ARM GAS  /tmp/ccXID7Tx.s 			page 9


 120      B689C863 
 120      0A
 121 0381 915BA5C8 		.ascii	"\221[\245\310\323\"\362\224B\344n)\262\3752\363\034"
 121      D322F294 
 121      42E46E29 
 121      B2FD32F3 
 121      1C
 122 0392 61DCBE0F 		.ascii	"a\334\276\017\307L]\277\237\277\376\307\244\2115\236"
 122      C74C5DBF 
 122      9FBFFEC7 
 122      A489359E 
 123 03a2 8C7D776E 		.ascii	"\214}wn>mi<X\313\214\255fJ\013\311\002sW\366H\337\344"
 123      3E6D693C 
 123      58CB8CAD 
 123      664A0BC9 
 123      027357F6 
 124 03b9 5629CBC3 		.ascii	"V)\313\303\215\315Xr/\266.\276\345\352\331\307\337d"
 124      8DCD5872 
 124      2FB62EBE 
 124      E5EAD9C7 
 124      DF64
 125 03cb 0C1207DD 		.ascii	"\014\022\007\335\205@]\323\213\247\376\357B\206\247"
 125      85405DD3 
 125      8BA7FEEF 
 125      4286A7
 126 03da 4FE05AEB 		.ascii	"O\340Z\353*k\2137\266\360p\036\313\262\316\023\311("
 126      2A6B8B37 
 126      B6F0701E 
 126      CBB2CE13 
 126      C928
 127 03ec 12C753A4 		.ascii	"\022\307S\244\221\261\332\330\342\331\213\007\261\306"
 127      91B1DAD8 
 127      E2D98B07 
 127      B1C6
 128 03fa FD3497FC 		.ascii	"\3754\227\374\311\330@\266\266l\023\273\311\326\013"
 128      C9D840B6 
 128      B66C13BB 
 128      C9D60B
 129 0409 22DDBCB5 		.ascii	"\"\335\274\265\206\320\270\367\337q\027c\036\215\036"
 129      86D0B8F7 
 129      DF711763 
 129      1E8D1E
 130 0418 771B5BCA 		.ascii	"w\033[\312\377\020F\320\343B\361\013\035\261\245\324"
 130      FF1046D0 
 130      E342F10B 
 130      1DB1A5D4 
 131 0428 9A8C1366 		.ascii	"\232\214\023f\251\267\262\371R\032\315\361\362o\006"
 131      A9B7B2F9 
 131      521ACDF1 
 131      F26F06
 132 0437 BC468151 		.ascii	"\274F\201Q/\307\233\352\030\017G\372\221L\345\3516\251"
 132      2FC79BEA 
 132      180F47FA 
 132      914CE5E9 
 132      36A9
 133 0449 8FB973B1 		.ascii	"\217\271s\261\214\213\274k\3722&W&O\356c\023\222\254"
 133      8C8BBC6B 
ARM GAS  /tmp/ccXID7Tx.s 			page 10


 133      FA322657 
 133      264FEE63 
 133      1392AC
 134 045c C74DB8F1 		.ascii	"\307M\270\361\246\017lne\354\235ln\312\255\225\227~"
 134      A60F6C6E 
 134      65EC9D6C 
 134      6ECAAD95 
 134      977E
 135 046e 82627728 		.ascii	"\202bw(\234:\005N\\d\27105=,d\336\243B\001\371\222p"
 135      9C3A054E 
 135      5C64B930 
 135      353D2C64 
 135      DEA34201 
 136 0485 E45CE4C3 		.ascii	"\344\\\344\303\214\207Z\314\255-cwJC\323[zR\314\223"
 136      8C875ACC 
 136      AD2D6377 
 136      4A43D35B 
 136      7A52CC93 
 137 0499 76DECC7D 		.ascii	"v\336\314}\247d\261}\031\027\343\235\255\260\027;\325"
 137      A764B17D 
 137      1917E39D 
 137      ADB0173B 
 137      D5
 138 04aa 9362F9E9 		.ascii	"\223b\371\351\235\255\264\027\273\234q1\336Y\213\275"
 138      9DADB417 
 138      BB9C7131 
 138      DE598BBD 
 139 04ba D8ED9E14 		.ascii	"\330\355\236\024\033\230\336Y\253\275\330;9\231\026"
 139      1B98DE59 
 139      ABBDD83B 
 139      399916
 140 04c9 E39D6DB6 		.ascii	"\343\235m\266\027\253\357I\261\342\364\316\266\332\213"
 140      17ABEF49 
 140      B1E2F4CE 
 140      B6DA8B
 141 04d8 BD9F7131 		.ascii	"\275\237q1\336\331v{\261\325=)\366\223\364\316v\332"
 141      DED9767B 
 141      B1D53D29 
 141      F693F4CE 
 141      76DA
 142 04ea 8B7D9471 		.ascii	"\213}\224q1\336\331n{\261\035=)6<\275\263=\366b'2.\306"
 142      31DED96E 
 142      7BB11D3D 
 142      29363CBD 
 142      B33DF662 
 143 0502 3B3B692F 		.ascii	";;i/v\246'\305\312\322;k\263\027\273\222q1\2733\026"
 143      76A627C5 
 143      CAD23B6B 
 143      B317BB92 
 143      7131BB33 
 144 0517 3BFD629D 		.ascii	";\375b\235\206\0176\215\2573\243*\376\372%\237h2\374"
 144      860F368D 
 144      AF33A32A 
 144      FEFA259F 
 144      6832FC
 145 052a F5BBE5CE 		.ascii	"\365\273\345\316\364\221\343m\267\374\221#>\246\205"
 145      F491E36D 
ARM GAS  /tmp/ccXID7Tx.s 			page 11


 145      B7FC9123 
 145      3EA685
 146 0539 8F9D3802 		.ascii	"\217\2358\002\201\233\350\277 \231\020\331a\377\211"
 146      819BE8BF 
 146      209910D9 
 146      61FF89
 147 0548 D6E811F7 		.ascii	"\326\350\021\367\020h\217\272\237\202\266\315l\317\232"
 147      10688FBA 
 147      9F82B6CD 
 147      6CCF9A
 148 0557 ED97667B 		.ascii	"\355\227f{\336l\333\3156n\266\027\315\366\222\331^1"
 148      DE6CDBCD 
 148      366EB617 
 148      CDF692D9 
 148      5E31
 149 0569 DB6B667B 		.ascii	"\333kf{\303l\2771\333\016\263\3554\333.\263\275\011"
 149      C36CBF31 
 149      DB0EB3ED 
 149      34DB2EB3 
 149      BD09
 150 057b 6DF27091 		.ascii	"m\362p\221\2079\370\213!\273\2170o\230\\d\216\307\366"
 150      8739F88B 
 150      21BB8F30 
 150      6F985C64 
 150      8EC7F6
 151 058e 7CF95D0F 		.ascii	"|\371]\017\377\200\331z\372\233\270z<^\354M\014\360"
 151      FF80D97A 
 151      FA9BB87A 
 151      3C5EEC4D 
 151      0CF0
 152 05a0 878CDF85 		.ascii	"\207\214\337\205\207i\336\005\217m\342\022\276\336K"
 152      8769DE05 
 152      8F6DE212 
 152      BEDE4B
 153 05af F9324459 		.ascii	"\3712DY\311w?\251h\362\330\037\015k\364\016\334\246"
 153      C9773FA9 
 153      68F2D81F 
 153      0D6BF40E 
 153      DCA6
 154 05c1 69F4817B 		.ascii	"i\364\201{0\274*%\233\330\334X]/\353&\313\232\371?\220"
 154      30BC2A25 
 154      9BD8DC58 
 154      5D2FEB26 
 154      CB9AF93F 
 155 05d6 7B6C2E8B 		.ascii	"{l.\213_\336\363\204\365\343n\334\307\305\353c\027\326"
 155      5FDEF384 
 155      F5E36EDC 
 155      C7C5EB63 
 155      17D6
 156 05e8 1CA573EB 		.ascii	"\034\245s\353Y\342N\320\272\243Y\353\021f\3161\2229"
 156      59E24ED0 
 156      BAA359EB 
 156      1166CE31 
 156      9239
 157 05fa 592E0EDE 		.ascii	"Y.\016\336\226\004\304\276?\367\030\376\254\356s\027"
 157      9604C4BE 
 157      3FF718FE 
ARM GAS  /tmp/ccXID7Tx.s 			page 12


 157      ACEE7317 
 158 060a 59E9B3C9 		.ascii	"Y\351\263\3114\333F1\273\226&\262_\246\262\335\311\354"
 158      34DB4631 
 158      BB9626B2 
 158      5FA6B2DD 
 158      C9EC
 159 061c 26CC9E4F 		.ascii	"&\314\236O\225\276{.\231\336\201\351\366\324\305>L\356"
 159      95BE7B2E 
 159      99DE81E9 
 159      F6D4C53E 
 159      4CEE
 160 062e C5645CC6 		.ascii	"\305d\\\306=\204\331\2132\356q\314^Jq\357\247\270\237"
 160      3D84D98B 
 160      32EE71CC 
 160      5E4A71EF 
 160      A7B89F
 161 0641 61FA8A84 		.ascii	"a\372\212\204{\006\223\327d\334\013\230\275!\343~\215"
 161      7B0693D7 
 161      64DC0B98 
 161      BD21E37E 
 161      8D
 162 0652 D96F52DC 		.ascii	"\331oR\334\037R\334\353\230\356\220p\277\305d\247\214"
 162      1F52DCEB 
 162      98EE9070 
 162      BFC564A7 
 162      8C
 163 0663 7B0BB35D 		.ascii	"{\013\263]2\356}\314\032\237\036k\3350\257\365\025\223"
 163      32EE7DCC 
 163      1A9F1E6B 
 163      DD30AFF5 
 163      1593
 164 0675 FC9427EC 		.ascii	"\374\224'\354,hw\341U\263\\E\266\357\001\212e\303\230"
 164      2C6877E1 
 164      55B35C45 
 164      B6EF018A 
 164      65C398
 165 0688 9FC3E55D 		.ascii	"\237\303\345]\230\337\225\304\316\347\004n\024,\314"
 165      98DF95C4 
 165      CEE7046E 
 165      142CCC
 166 0697 46C1424E 		.ascii	"F\301BN\220\205\036\026\247<\274\307)z9<|\300\345\263"
 166      90851E16 
 166      A73CBCC7 
 166      297A393C 
 166      7CC0E5B3 
 167 06ab 9D1ED670 		.ascii	"\235\036\326p\202\034\247\207\277s\002\017zx?\345a#"
 167      821CA787 
 167      BF73020F 
 167      7A783FE5 
 167      6123
 168 06bd A7F03A3C 		.ascii	"\247\360:<l\343\362\275\235\036>\346\004\271N\017\007"
 168      6CE3F2BD 
 168      9D1E3EE6 
 168      04B94E0F 
 168      07
 169 06ce 38411E7A 		.ascii	"8A\036z\330\230\362p\224S\364qx\370'\227\357\353\364"
 169      D898F270 
ARM GAS  /tmp/ccXID7Tx.s 			page 13


 169      9453F471 
 169      78F82797 
 169      EFEBF4
 170 06e1 F03927E8 		.ascii	"\3609'\350\347\364p\216\023\344\243\207m)\017_q\212"
 170      E7F4708E 
 170      13E4A387 
 170      6D290F5F 
 170      718A
 171 06f3 028787AB 		.ascii	"\002\207\207\253\\\276\320\351\341?\234\340\021\247"
 171      5CBED0E9 
 171      E13F9CE0 
 171      11A7
 172 0701 87EF3841 		.ascii	"\207\3578A\177\364\360q\312\303]N1\300\341\241\233\313"
 172      7FF4F071 
 172      CAC35D4E 
 172      31C0E1A1 
 172      9BCB
 173 0713 3FEAF4F0 		.ascii	"?\352\364\360\266\333.x\314\351a\036'\030\210\036N\245"
 173      B6DB2E78 
 173      CCE9611E 
 173      2718881E 
 173      4EA5
 174 0725 3C2CE014 		.ascii	"<,\340\024\203\034\036\226r\371\307\235\036\0328\301"
 174      831C1E96 
 174      72F9C79D 
 174      1E1A38C1 
 175 0735 134E0FAB 		.ascii	"\023N\017\2538\301\217\320\303\277R\036\2329\305\223"
 175      38C18FD0 
 175      C3BF521E 
 175      9A39C593 
 176 0745 0E0F1BB8 		.ascii	"\016\017\033\270\374`\247\207-\234\240\310\351a\227"
 176      FC60A787 
 176      2D9CA0C8 
 176      E96197
 177 0754 3BF9DFBB 		.ascii	";\371\337\273~>lX\211\365\257:\\\342\257\256\252\252"
 177      7E3E6C58 
 177      89F5AF3A 
 177      5CE2AFAE 
 177      AAAA
 178 0766 0E958423 		.ascii	"\016\225\204#ZM$:\275d\354k\025\345\025o\030g\247\007"
 178      5A4D243A 
 178      BD64EC6B 
 178      15E5156F 
 178      1867A707 
 179 077a 2BF59A70 		.ascii	"+\365\232p\311K\345\345%3t\177\244\272&<\314O\372\373"
 179      C94BE5E5 
 179      2533747F 
 179      A4BA263C 
 179      CC4FFAFB 
 180 078e A2A1A95A 		.ascii	"\242\241\251Z(P\251\007|\372\033~}z$X\035\312~\351\225"
 180      2850A907 
 180      7CFA1B7E 
 180      7D7A2458 
 180      1DCA7EE9 
 181 07a3 89C5E524 		.ascii	"\211\305\345$\367\225\212\227}\343\315dM/\2552\250\205"
 181      F7958A97 
 181      7DE3CD64 
ARM GAS  /tmp/ccXID7Tx.s 			page 14


 181      4D2FAD32 
 181      A885
 182 07b5 07C8D424 		.ascii	"\007\310\324$\313?U\253\311z]\327\246\025\214\327j\002"
 182      CB3F55AB 
 182      C97A5DD7 
 182      A6158CD7 
 182      6A02
 183 07c7 2F6AD1CA 		.ascii	"/j\321\312\010^WP\241"
 183      085E5750 
 183      A1
 184 07d0 57556821 		.ascii	"WUh!m\212\216g\362\307E\303\234\244pb\030\322\334)\317"
 184      6D8A8E67 
 184      F2C745C3 
 184      9CA47062 
 184      18D2DC29 
 185 07e5 24D3E088 		.ascii	"$\323\340\210\362D\347\231\341\330)\305NY\356\204I\345"
 185      F244E799 
 185      E1D829C5 
 185      4E59EE84 
 185      49E5
 186 07f7 C99ABFD0 		.ascii	"\311\232\277\320'G\247TT\207\204\002\317\226\366\375"
 186      2747A754 
 186      54878402 
 186      CF96F6FD 
 187 0807 A51E0A4C 		.ascii	"\245\036\012L\230\204\347\373M\230\031\376U\320?M\320"
 187      9884E7FB 
 187      4D9819FE 
 187      55D03F4D 
 187      D0
 188 0818 9562FD52 		.ascii	"\225b\375R\254_Z\206\035\3640\0225#Q3\0225#Q3\0125\243"
 188      AC5F5A86 
 188      1DF43012 
 188      35235133 
 188      12352351 
 189 0830 50330A35 		.ascii	"P3\0125\243P3\0325\243Q3\0325\243QS\206\2322\324\224"
 189      A350331A 
 189      35A35133 
 189      1A35A351 
 189      53869A32 
 190 0846 A1A60C35 		.ascii	"\241\246\0145cP3\0065cP3\0065cQ3\0265cQ3\0265\343P3"
 190      63503306 
 190      35635033 
 190      06356351 
 190      33163563 
 191 0861 0E35E350 		.ascii	"\0165\343P3\256\274\317kzXO\276-\377\367:\233J\274\211"
 191      33AEBCCF 
 191      6B7A584F 
 191      BE2DFFF7 
 191      3A9B4ABC 
 192 0876 AE2FF264 		.ascii	"\256/\362dI4\\S\022\014\371+\243\001\275$\244\277^\031"
 192      49345C53 
 192      120CF92B 
 192      A301BD24 
 192      A4BF5E19 
 193 088a 9C0C5502 		.ascii	"\234\014U\002\301P\004t\236(\374}\366\031_\344g2Y\225"
 193      C1500474 
 193      9E28FC7D 
ARM GAS  /tmp/ccXID7Tx.s 			page 15


 193      F6195FE4 
 193      67325995 
 194 089e E69F1A0C 		.ascii	"\346\237\032\014\351%\276\200\376;s\275DfN\327\215\362"
 194      E925BE80 
 194      FE3B73BD 
 194      44664ED7 
 194      8DF2
 195 08b0 BD7D3EBC 		.ascii	"\275}>\274\260w0\024\214\370\300\226\177Z^\260\346\367"
 195      B0773014 
 195      8CF8C096 
 195      7F5A5EB0 
 195      E6F7
 196 08c2 3E0BEC8B 		.ascii	">\013\354\213\364\2511\207b-\337\232\334PU\020\373\005"
 196      F4A93187 
 196      622DDF9A 
 196      DC505510 
 196      FB05
 197 08d4 B07C0356 		.ascii	"\260|\003V=<S\245WUY\2536q&\177r4\314I\012\243\306\252"
 197      3D3C53A5 
 197      575559AB 
 197      3671267F 
 197      7234CC49 
 198 08ec E54E792C 		.ascii	"\345Ny,\324\010\177\242\003\253v\006\256\332\031\270"
 198      D4087FA2 
 198      03AB7606 
 198      AEDA19B8 
 199 08fc 6AC333FC 		.ascii	"j\3033\374\250\357\0370V-Lb\3200\310\027\201\225;\035"
 199      A8EF1F30 
 199      562D4C62 
 199      D030C817 
 199      81953B1D 
 200 0910 566E7806 		.ascii	"Vnx\006\236\357\027\236\031\216\030+7\361:'1\241\236"
 200      9EEF179E 
 200      198E182B 
 200      37F13A27 
 200      31A19E
 201 0923 C400C339 		.ascii	"\304\000\3039a\370\013\037G\357\260\304\011\222\003"
 201      61F80B1F 
 201      47EFB0C4 
 201      099203
 202 0932 9FD92921 		.ascii	"\237\331)!=\220\025\015\353\201B\237\257J\013\206\254"
 202      3D90150D 
 202      EB81429F 
 202      AF4A0B86 
 202      AC
 203 0943 89F14169 		.ascii	"\211\361Ai\237\357\277\177\234\246r"
 203      9FEFBF7F 
 203      9CA672
 204              		.text
 205              		.section	.gnu.lto_.symtab.bd4d4e411e6cabce,"",%progbits
 206 0000 5F756E68 		.ascii	"_unhandled_exception\000\000\000\000\000\000\000\000"
 206      616E646C 
 206      65645F65 
 206      78636570 
 206      74696F6E 
 207 001c 00000000 		.ascii	"\000\000\000\000\241\000\000\000NMI_Handler\000\000"
 207      A1000000 
ARM GAS  /tmp/ccXID7Tx.s 			page 16


 207      4E4D495F 
 207      48616E64 
 207      6C657200 
 208 0031 01000000 		.ascii	"\001\000\000\000\000\000\000\000\000\000\246\000\000"
 208      00000000 
 208      0000A600 
 208      00
 209 003e 00486172 		.ascii	"\000HardFault_Handler\000\000\001\000\000\000\000\000"
 209      64466175 
 209      6C745F48 
 209      616E646C 
 209      65720000 
 210 0058 00000000 		.ascii	"\000\000\000\000\263\000\000\000MemManage_Handler\000"
 210      B3000000 
 210      4D656D4D 
 210      616E6167 
 210      655F4861 
 211 0072 00010000 		.ascii	"\000\001\000\000\000\000\000\000\000\000\000\271\000"
 211      00000000 
 211      000000B9 
 211      00
 212 007f 00004275 		.ascii	"\000\000BusFault_Handler\000\000\001\000\000\000\000"
 212      73466175 
 212      6C745F48 
 212      616E646C 
 212      65720000 
 213 0098 00000000 		.ascii	"\000\000\000\000\000\277\000\000\000UsageFault_Hand"
 213      00BF0000 
 213      00557361 
 213      67654661 
 213      756C745F 
 214 00b0 6C657200 		.ascii	"ler\000\000\001\000\000\000\000\000\000\000\000\000"
 214      00010000 
 214      00000000 
 214      000000
 215 00bf C5000000 		.ascii	"\305\000\000\000Vector1C\000\000\001\000\000\000\000"
 215      56656374 
 215      6F723143 
 215      00000100 
 215      000000
 216 00d2 00000000 		.ascii	"\000\000\000\000\000\313\000\000\000Vector20\000\000"
 216      00CB0000 
 216      00566563 
 216      746F7232 
 216      300000
 217 00e5 01000000 		.ascii	"\001\000\000\000\000\000\000\000\000\000\321\000\000"
 217      00000000 
 217      0000D100 
 217      00
 218 00f2 00566563 		.ascii	"\000Vector24\000\000\001\000\000\000\000\000\000\000"
 218      746F7232 
 218      34000001 
 218      00000000 
 218      000000
 219 0105 0000D700 		.ascii	"\000\000\327\000\000\000Vector28\000\000\001\000\000"
 219      00005665 
 219      63746F72 
ARM GAS  /tmp/ccXID7Tx.s 			page 17


 219      32380000 
 219      010000
 220 0118 00000000 		.ascii	"\000\000\000\000\000\000\000\335\000\000\000SVC_Han"
 220      000000DD 
 220      00000053 
 220      56435F48 
 220      616E
 221 012a 646C6572 		.ascii	"dler\000\000\001\000\000\000\000\000\000\000\000\000"
 221      00000100 
 221      00000000 
 221      00000000 
 222 013a E3000000 		.ascii	"\343\000\000\000DebugMon_Handler\000\000\001\000\000"
 222      44656275 
 222      674D6F6E 
 222      5F48616E 
 222      646C6572 
 223 0153 00000000 		.ascii	"\000\000\000\000\000\000\000\351\000\000\000Vector3"
 223      000000E9 
 223      00000056 
 223      6563746F 
 223      7233
 224 0165 34000001 		.ascii	"4\000\000\001\000\000\000\000\000\000\000\000\000\357"
 224      00000000 
 224      00000000 
 224      00EF
 225 0173 00000050 		.ascii	"\000\000\000PendSV_Handler\000\000\001\000\000\000\000"
 225      656E6453 
 225      565F4861 
 225      6E646C65 
 225      72000001 
 226 018b 00000000 		.ascii	"\000\000\000\000\000\365\000\000\000SysTick_Handler"
 226      00F50000 
 226      00537973 
 226      5469636B 
 226      5F48616E 
 227 01a3 00000100 		.ascii	"\000\000\001\000\000\000\000\000\000\000\000\000\373"
 227      00000000 
 227      00000000 
 227      FB
 228 01b0 00000056 		.ascii	"\000\000\000Vector40\000\000\001\000\000\000\000\000"
 228      6563746F 
 228      72343000 
 228      00010000 
 228      000000
 229 01c3 00000000 		.ascii	"\000\000\000\000\001\001\000\000Vector44\000\000\001"
 229      01010000 
 229      56656374 
 229      6F723434 
 229      000001
 230 01d6 00000000 		.ascii	"\000\000\000\000\000\000\000\000\000\007\001\000\000"
 230      00000000 
 230      00070100 
 230      00
 231 01e3 56656374 		.ascii	"Vector48\000\000\001\000\000\000\000\000\000\000\000"
 231      6F723438 
 231      00000100 
 231      00000000 
ARM GAS  /tmp/ccXID7Tx.s 			page 18


 231      000000
 232 01f6 000D0100 		.ascii	"\000\015\001\000\000Vector4C\000\000\001\000\000\000"
 232      00566563 
 232      746F7234 
 232      43000001 
 232      000000
 233 0209 00000000 		.ascii	"\000\000\000\000\000\000\023\001\000\000Vector50\000"
 233      00001301 
 233      00005665 
 233      63746F72 
 233      353000
 234 021c 00010000 		.ascii	"\000\001\000\000\000\000\000\000\000\000\000\031\001"
 234      00000000 
 234      00000019 
 234      01
 235 0229 00005665 		.ascii	"\000\000Vector54\000\000\001\000\000\000\000\000\000"
 235      63746F72 
 235      35340000 
 235      01000000 
 235      000000
 236 023c 0000001F 		.ascii	"\000\000\000\037\001\000\000Vector58\000\000\001\000"
 236      01000056 
 236      6563746F 
 236      72353800 
 236      000100
 237 024f 00000000 		.ascii	"\000\000\000\000\000\000\000\000%\001\000\000Vector"
 237      00000000 
 237      25010000 
 237      56656374 
 237      6F72
 238 0261 35430000 		.ascii	"5C\000\000\001\000\000\000\000\000\000\000\000\000+"
 238      01000000 
 238      00000000 
 238      00002B
 239 0270 01000056 		.ascii	"\001\000\000Vector60\000\000\001\000\000\000\000\000"
 239      6563746F 
 239      72363000 
 239      00010000 
 239      000000
 240 0283 00000000 		.ascii	"\000\000\000\0001\001\000\000Vector64\000\000\001\000"
 240      31010000 
 240      56656374 
 240      6F723634 
 240      00000100 
 241 0297 00000000 		.ascii	"\000\000\000\000\000\000\000\0007\001\000\000Vector"
 241      00000000 
 241      37010000 
 241      56656374 
 241      6F72
 242 02a9 36380000 		.ascii	"68\000\000\001\000\000\000\000\000\000\000\000\000="
 242      01000000 
 242      00000000 
 242      00003D
 243 02b8 01000056 		.ascii	"\001\000\000Vector6C\000\000\001\000\000\000\000\000"
 243      6563746F 
 243      72364300 
 243      00010000 
ARM GAS  /tmp/ccXID7Tx.s 			page 19


 243      000000
 244 02cb 00000000 		.ascii	"\000\000\000\000C\001\000\000Vector70\000\000\001\000"
 244      43010000 
 244      56656374 
 244      6F723730 
 244      00000100 
 245 02df 00000000 		.ascii	"\000\000\000\000\000\000\000\000I\001\000\000Vector"
 245      00000000 
 245      49010000 
 245      56656374 
 245      6F72
 246 02f1 37340000 		.ascii	"74\000\000\001\000\000\000\000\000\000\000\000\000O"
 246      01000000 
 246      00000000 
 246      00004F
 247 0300 01000056 		.ascii	"\001\000\000Vector78\000\000\001\000\000\000\000\000"
 247      6563746F 
 247      72373800 
 247      00010000 
 247      000000
 248 0313 00000000 		.ascii	"\000\000\000\000U\001\000\000Vector7C\000\000\001\000"
 248      55010000 
 248      56656374 
 248      6F723743 
 248      00000100 
 249 0327 00000000 		.ascii	"\000\000\000\000\000\000\000\000[\001\000\000Vector"
 249      00000000 
 249      5B010000 
 249      56656374 
 249      6F72
 250 0339 38300000 		.ascii	"80\000\000\001\000\000\000\000\000\000\000\000\000a"
 250      01000000 
 250      00000000 
 250      000061
 251 0348 01000056 		.ascii	"\001\000\000Vector84\000\000\001\000\000\000\000\000"
 251      6563746F 
 251      72383400 
 251      00010000 
 251      000000
 252 035b 00000000 		.ascii	"\000\000\000\000g\001\000\000Vector88\000\000\001\000"
 252      67010000 
 252      56656374 
 252      6F723838 
 252      00000100 
 253 036f 00000000 		.ascii	"\000\000\000\000\000\000\000\000m\001\000\000Vector"
 253      00000000 
 253      6D010000 
 253      56656374 
 253      6F72
 254 0381 38430000 		.ascii	"8C\000\000\001\000\000\000\000\000\000\000\000\000s"
 254      01000000 
 254      00000000 
 254      000073
 255 0390 01000056 		.ascii	"\001\000\000Vector90\000\000\001\000\000\000\000\000"
 255      6563746F 
 255      72393000 
 255      00010000 
ARM GAS  /tmp/ccXID7Tx.s 			page 20


 255      000000
 256 03a3 00000000 		.ascii	"\000\000\000\000y\001\000\000Vector94\000\000\001\000"
 256      79010000 
 256      56656374 
 256      6F723934 
 256      00000100 
 257 03b7 00000000 		.ascii	"\000\000\000\000\000\000\000\000\177\001\000\000Vec"
 257      00000000 
 257      7F010000 
 257      566563
 258 03c6 746F7239 		.ascii	"tor98\000\000\001\000\000\000\000\000\000\000\000\000"
 258      38000001 
 258      00000000 
 258      00000000 
 258      00
 259 03d7 85010000 		.ascii	"\205\001\000\000Vector9C\000\000\001\000\000\000\000"
 259      56656374 
 259      6F723943 
 259      00000100 
 259      000000
 260 03ea 00000000 		.ascii	"\000\000\000\000\000\213\001\000\000Vecto"
 260      008B0100 
 260      00566563 
 260      746F
 261 03f8 72413000 		.ascii	"rA0\000\000\001\000\000\000\000\000\000\000\000\000"
 261      00010000 
 261      00000000 
 261      000000
 262 0407 91010000 		.ascii	"\221\001\000\000VectorA4\000\000\001\000\000\000\000"
 262      56656374 
 262      6F724134 
 262      00000100 
 262      000000
 263 041a 00000000 		.ascii	"\000\000\000\000\000\227\001\000\000VectorA8\000\000"
 263      00970100 
 263      00566563 
 263      746F7241 
 263      380000
 264 042d 01000000 		.ascii	"\001\000\000\000\000\000\000\000\000\000\235\001\000"
 264      00000000 
 264      00009D01 
 264      00
 265 043a 00566563 		.ascii	"\000VectorAC\000\000\001\000\000\000\000\000\000\000"
 265      746F7241 
 265      43000001 
 265      00000000 
 265      000000
 266 044d 0000A301 		.ascii	"\000\000\243\001\000\000VectorB0\000\000\001\000\000"
 266      00005665 
 266      63746F72 
 266      42300000 
 266      010000
 267 0460 00000000 		.ascii	"\000\000\000\000\000\000\000\251\001\000\000VectorB"
 267      000000A9 
 267      01000056 
 267      6563746F 
 267      7242
ARM GAS  /tmp/ccXID7Tx.s 			page 21


 268 0472 34000001 		.ascii	"4\000\000\001\000\000\000\000\000\000\000\000\000\257"
 268      00000000 
 268      00000000 
 268      00AF
 269 0480 01000056 		.ascii	"\001\000\000VectorB8\000\000\001\000\000\000\000\000"
 269      6563746F 
 269      72423800 
 269      00010000 
 269      000000
 270 0493 00000000 		.ascii	"\000\000\000\000\265\001\000\000VectorBC\000\000\001"
 270      B5010000 
 270      56656374 
 270      6F724243 
 270      000001
 271 04a6 00000000 		.ascii	"\000\000\000\000\000\000\000\000\000\273\001\000\000"
 271      00000000 
 271      00BB0100 
 271      00
 272 04b3 5F766563 		.ascii	"_vectors\000\000\000\000\000\000\000\000\000\000\000"
 272      746F7273 
 272      00000000 
 272      00000000 
 272      000000
 273 04c6 00C30100 		.ascii	"\000\303\001\000\000__main_stack_end__\000\000\002\000"
 273      005F5F6D 
 273      61696E5F 
 273      73746163 
 273      6B5F656E 
 274 04e1 00000000 		.ascii	"\000\000\000\000\000\000\000\000\006\002\000\000Res"
 274      00000000 
 274      06020000 
 274      526573
 275 04f0 65745F48 		.ascii	"et_Handler\000\000\002\000\000\000\000\000\000\000\000"
 275      616E646C 
 275      65720000 
 275      02000000 
 275      00000000 
 276 0505 00C10100 		.ascii	"\000\301\001\000\000"
 276      00
 277              		.text
 278              		.section	.gnu.lto_.opts,"",%progbits
 279 0000 272D6D63 		.ascii	"'-mcpu=cortex-m0' '-mno-thumb-interwork' '-mthumb' "
 279      70753D63 
 279      6F727465 
 279      782D6D30 
 279      2720272D 
 280 0033 272D6767 		.ascii	"'-ggdb' '-O2' '-fomit-frame-pointer' '-falign-funct"
 280      64622720 
 280      272D4F32 
 280      2720272D 
 280      666F6D69 
 281 0066 696F6E73 		.ascii	"ions=16' '-ffunction-sections' '-fdata-sections' '-"
 281      3D313627 
 281      20272D66 
 281      66756E63 
 281      74696F6E 
 282 0099 666E6F2D 		.ascii	"fno-common' '-flto'\000"
ARM GAS  /tmp/ccXID7Tx.s 			page 22


 282      636F6D6D 
 282      6F6E2720 
 282      272D666C 
 282      746F2700 
 283              		.text
 284              		.cfi_sections	.debug_frame
 285              		.section	.text._unhandled_exception,"ax",%progbits
 286              		.align	2
 287              		.p2align 4,,15
 288              		.global	_unhandled_exception
 289              		.code	16
 290              		.thumb_func
 291              		.type	_unhandled_exception, %function
 292              	_unhandled_exception:
 293              	.LFB34:
 294              		.file 1 "../../../os/common/startup/ARMCMx/compilers/GCC/vectors.c"
 295              		.loc 1 46 0
 296              		.cfi_startproc
 297              	.L2:
 298 0000 FEE7     		b	.L2
 299              		.cfi_endproc
 300              	.LFE34:
 301              		.size	_unhandled_exception, .-_unhandled_exception
 302              		.weak	NMI_Handler
 303              		.thumb_set NMI_Handler,_unhandled_exception
 304              		.weak	HardFault_Handler
 305              		.thumb_set HardFault_Handler,_unhandled_exception
 306              		.weak	MemManage_Handler
 307              		.thumb_set MemManage_Handler,_unhandled_exception
 308              		.weak	BusFault_Handler
 309              		.thumb_set BusFault_Handler,_unhandled_exception
 310              		.weak	UsageFault_Handler
 311              		.thumb_set UsageFault_Handler,_unhandled_exception
 312              		.weak	Vector1C
 313              		.thumb_set Vector1C,_unhandled_exception
 314              		.weak	Vector20
 315              		.thumb_set Vector20,_unhandled_exception
 316              		.weak	Vector24
 317              		.thumb_set Vector24,_unhandled_exception
 318              		.weak	Vector28
 319              		.thumb_set Vector28,_unhandled_exception
 320              		.weak	SVC_Handler
 321              		.thumb_set SVC_Handler,_unhandled_exception
 322              		.weak	DebugMon_Handler
 323              		.thumb_set DebugMon_Handler,_unhandled_exception
 324              		.weak	Vector34
 325              		.thumb_set Vector34,_unhandled_exception
 326              		.weak	PendSV_Handler
 327              		.thumb_set PendSV_Handler,_unhandled_exception
 328              		.weak	SysTick_Handler
 329              		.thumb_set SysTick_Handler,_unhandled_exception
 330              		.weak	Vector40
 331              		.thumb_set Vector40,_unhandled_exception
 332              		.weak	Vector44
 333              		.thumb_set Vector44,_unhandled_exception
 334              		.weak	Vector48
 335              		.thumb_set Vector48,_unhandled_exception
ARM GAS  /tmp/ccXID7Tx.s 			page 23


 336              		.weak	Vector4C
 337              		.thumb_set Vector4C,_unhandled_exception
 338              		.weak	Vector50
 339              		.thumb_set Vector50,_unhandled_exception
 340              		.weak	Vector54
 341              		.thumb_set Vector54,_unhandled_exception
 342              		.weak	Vector58
 343              		.thumb_set Vector58,_unhandled_exception
 344              		.weak	Vector5C
 345              		.thumb_set Vector5C,_unhandled_exception
 346              		.weak	Vector60
 347              		.thumb_set Vector60,_unhandled_exception
 348              		.weak	Vector64
 349              		.thumb_set Vector64,_unhandled_exception
 350              		.weak	Vector68
 351              		.thumb_set Vector68,_unhandled_exception
 352              		.weak	Vector6C
 353              		.thumb_set Vector6C,_unhandled_exception
 354              		.weak	Vector70
 355              		.thumb_set Vector70,_unhandled_exception
 356              		.weak	Vector74
 357              		.thumb_set Vector74,_unhandled_exception
 358              		.weak	Vector78
 359              		.thumb_set Vector78,_unhandled_exception
 360              		.weak	Vector7C
 361              		.thumb_set Vector7C,_unhandled_exception
 362              		.weak	Vector80
 363              		.thumb_set Vector80,_unhandled_exception
 364              		.weak	Vector84
 365              		.thumb_set Vector84,_unhandled_exception
 366              		.weak	Vector88
 367              		.thumb_set Vector88,_unhandled_exception
 368              		.weak	Vector8C
 369              		.thumb_set Vector8C,_unhandled_exception
 370              		.weak	Vector90
 371              		.thumb_set Vector90,_unhandled_exception
 372              		.weak	Vector94
 373              		.thumb_set Vector94,_unhandled_exception
 374              		.weak	Vector98
 375              		.thumb_set Vector98,_unhandled_exception
 376              		.weak	Vector9C
 377              		.thumb_set Vector9C,_unhandled_exception
 378              		.weak	VectorA0
 379              		.thumb_set VectorA0,_unhandled_exception
 380              		.weak	VectorA4
 381              		.thumb_set VectorA4,_unhandled_exception
 382              		.weak	VectorA8
 383              		.thumb_set VectorA8,_unhandled_exception
 384              		.weak	VectorAC
 385              		.thumb_set VectorAC,_unhandled_exception
 386              		.weak	VectorB0
 387              		.thumb_set VectorB0,_unhandled_exception
 388              		.weak	VectorB4
 389              		.thumb_set VectorB4,_unhandled_exception
 390              		.weak	VectorB8
 391              		.thumb_set VectorB8,_unhandled_exception
 392              		.weak	VectorBC
ARM GAS  /tmp/ccXID7Tx.s 			page 24


 393              		.thumb_set VectorBC,_unhandled_exception
 394              		.global	_vectors
 395 0002 C046C046 		.section	.vectors,"aw",%progbits
 395      C046C046 
 395      C046C046 
 395      C046
 396              		.align	7
 397              		.type	_vectors, %object
 398              		.size	_vectors, 192
 399              	_vectors:
 400 0000 00000000 		.word	__main_stack_end__
 401 0004 00000000 		.word	Reset_Handler
 402 0008 00000000 		.word	NMI_Handler
 403 000c 00000000 		.word	HardFault_Handler
 404 0010 00000000 		.word	MemManage_Handler
 405 0014 00000000 		.word	BusFault_Handler
 406 0018 00000000 		.word	UsageFault_Handler
 407 001c 00000000 		.word	Vector1C
 408 0020 00000000 		.word	Vector20
 409 0024 00000000 		.word	Vector24
 410 0028 00000000 		.word	Vector28
 411 002c 00000000 		.word	SVC_Handler
 412 0030 00000000 		.word	DebugMon_Handler
 413 0034 00000000 		.word	Vector34
 414 0038 00000000 		.word	PendSV_Handler
 415 003c 00000000 		.word	SysTick_Handler
 416 0040 00000000 		.word	Vector40
 417 0044 00000000 		.word	Vector44
 418 0048 00000000 		.word	Vector48
 419 004c 00000000 		.word	Vector4C
 420 0050 00000000 		.word	Vector50
 421 0054 00000000 		.word	Vector54
 422 0058 00000000 		.word	Vector58
 423 005c 00000000 		.word	Vector5C
 424 0060 00000000 		.word	Vector60
 425 0064 00000000 		.word	Vector64
 426 0068 00000000 		.word	Vector68
 427 006c 00000000 		.word	Vector6C
 428 0070 00000000 		.word	Vector70
 429 0074 00000000 		.word	Vector74
 430 0078 00000000 		.word	Vector78
 431 007c 00000000 		.word	Vector7C
 432 0080 00000000 		.word	Vector80
 433 0084 00000000 		.word	Vector84
 434 0088 00000000 		.word	Vector88
 435 008c 00000000 		.word	Vector8C
 436 0090 00000000 		.word	Vector90
 437 0094 00000000 		.word	Vector94
 438 0098 00000000 		.word	Vector98
 439 009c 00000000 		.word	Vector9C
 440 00a0 00000000 		.word	VectorA0
 441 00a4 00000000 		.word	VectorA4
 442 00a8 00000000 		.word	VectorA8
 443 00ac 00000000 		.word	VectorAC
 444 00b0 00000000 		.word	VectorB0
 445 00b4 00000000 		.word	VectorB4
 446 00b8 00000000 		.word	VectorB8
ARM GAS  /tmp/ccXID7Tx.s 			page 25


 447 00bc 00000000 		.word	VectorBC
 448 00c0 00000000 		.text
 448      00000000 
 448      00000000 
 448      00000000 
 448      00000000 
 449              	.Letext0:
 450              		.file 2 "/usr/include/newlib/machine/_default_types.h"
 451              		.file 3 "/usr/include/newlib/stdint.h"
 452              		.file 4 "../../../os/common/startup/ARMCMx/compilers/GCC/vectors.h"
 453              		.section	.debug_info,"",%progbits
 454              	.Ldebug_info0:
 455 0000 BB010000 		.4byte	0x1bb
 456 0004 0400     		.2byte	0x4
 457 0006 00000000 		.4byte	.Ldebug_abbrev0
 458 000a 04       		.byte	0x4
 459 000b 01       		.uleb128 0x1
 460 000c 00000000 		.4byte	.LASF33
 461 0010 01       		.byte	0x1
 462 0011 8D020000 		.4byte	.LASF34
 463 0015 D8000000 		.4byte	.LASF35
 464 0019 00000000 		.4byte	.Ldebug_ranges0+0
 465 001d 00000000 		.4byte	0
 466 0021 00000000 		.4byte	.Ldebug_line0
 467 0025 02       		.uleb128 0x2
 468 0026 01       		.byte	0x1
 469 0027 06       		.byte	0x6
 470 0028 81020000 		.4byte	.LASF0
 471 002c 02       		.uleb128 0x2
 472 002d 01       		.byte	0x1
 473 002e 08       		.byte	0x8
 474 002f 50010000 		.4byte	.LASF1
 475 0033 02       		.uleb128 0x2
 476 0034 02       		.byte	0x2
 477 0035 05       		.byte	0x5
 478 0036 53020000 		.4byte	.LASF2
 479 003a 02       		.uleb128 0x2
 480 003b 02       		.byte	0x2
 481 003c 07       		.byte	0x7
 482 003d 14010000 		.4byte	.LASF3
 483 0041 02       		.uleb128 0x2
 484 0042 04       		.byte	0x4
 485 0043 05       		.byte	0x5
 486 0044 66020000 		.4byte	.LASF4
 487 0048 03       		.uleb128 0x3
 488 0049 97010000 		.4byte	.LASF9
 489 004d 02       		.byte	0x2
 490 004e 38       		.byte	0x38
 491 004f 53000000 		.4byte	0x53
 492 0053 02       		.uleb128 0x2
 493 0054 04       		.byte	0x4
 494 0055 07       		.byte	0x7
 495 0056 5E010000 		.4byte	.LASF5
 496 005a 02       		.uleb128 0x2
 497 005b 08       		.byte	0x8
 498 005c 05       		.byte	0x5
 499 005d 17020000 		.4byte	.LASF6
ARM GAS  /tmp/ccXID7Tx.s 			page 26


 500 0061 02       		.uleb128 0x2
 501 0062 08       		.byte	0x8
 502 0063 07       		.byte	0x7
 503 0064 C4010000 		.4byte	.LASF7
 504 0068 04       		.uleb128 0x4
 505 0069 04       		.byte	0x4
 506 006a 05       		.byte	0x5
 507 006b 696E7400 		.ascii	"int\000"
 508 006f 02       		.uleb128 0x2
 509 0070 04       		.byte	0x4
 510 0071 07       		.byte	0x7
 511 0072 AE010000 		.4byte	.LASF8
 512 0076 03       		.uleb128 0x3
 513 0077 5D020000 		.4byte	.LASF10
 514 007b 03       		.byte	0x3
 515 007c 42       		.byte	0x42
 516 007d 48000000 		.4byte	0x48
 517 0081 02       		.uleb128 0x2
 518 0082 04       		.byte	0x4
 519 0083 07       		.byte	0x7
 520 0084 FB010000 		.4byte	.LASF11
 521 0088 03       		.uleb128 0x3
 522 0089 A3000000 		.4byte	.LASF12
 523 008d 04       		.byte	0x4
 524 008e 3C       		.byte	0x3c
 525 008f 93000000 		.4byte	0x93
 526 0093 05       		.uleb128 0x5
 527 0094 04       		.byte	0x4
 528 0095 99000000 		.4byte	0x99
 529 0099 06       		.uleb128 0x6
 530 009a 07       		.uleb128 0x7
 531 009b C0       		.byte	0xc0
 532 009c 04       		.byte	0x4
 533 009d 41       		.byte	0x41
 534 009e 6F010000 		.4byte	0x16f
 535 00a2 08       		.uleb128 0x8
 536 00a3 30010000 		.4byte	.LASF13
 537 00a7 04       		.byte	0x4
 538 00a8 42       		.byte	0x42
 539 00a9 6F010000 		.4byte	0x16f
 540 00ad 00       		.byte	0
 541 00ae 08       		.uleb128 0x8
 542 00af ED010000 		.4byte	.LASF14
 543 00b3 04       		.byte	0x4
 544 00b4 43       		.byte	0x43
 545 00b5 88000000 		.4byte	0x88
 546 00b9 04       		.byte	0x4
 547 00ba 08       		.uleb128 0x8
 548 00bb A2010000 		.4byte	.LASF15
 549 00bf 04       		.byte	0x4
 550 00c0 44       		.byte	0x44
 551 00c1 88000000 		.4byte	0x88
 552 00c5 08       		.byte	0x8
 553 00c6 08       		.uleb128 0x8
 554 00c7 85010000 		.4byte	.LASF16
 555 00cb 04       		.byte	0x4
 556 00cc 45       		.byte	0x45
ARM GAS  /tmp/ccXID7Tx.s 			page 27


 557 00cd 88000000 		.4byte	0x88
 558 00d1 0C       		.byte	0xc
 559 00d2 08       		.uleb128 0x8
 560 00d3 6F020000 		.4byte	.LASF17
 561 00d7 04       		.byte	0x4
 562 00d8 46       		.byte	0x46
 563 00d9 88000000 		.4byte	0x88
 564 00dd 10       		.byte	0x10
 565 00de 08       		.uleb128 0x8
 566 00df 25020000 		.4byte	.LASF18
 567 00e3 04       		.byte	0x4
 568 00e4 47       		.byte	0x47
 569 00e5 88000000 		.4byte	0x88
 570 00e9 14       		.byte	0x14
 571 00ea 08       		.uleb128 0x8
 572 00eb 04020000 		.4byte	.LASF19
 573 00ef 04       		.byte	0x4
 574 00f0 48       		.byte	0x48
 575 00f1 88000000 		.4byte	0x88
 576 00f5 18       		.byte	0x18
 577 00f6 08       		.uleb128 0x8
 578 00f7 7C010000 		.4byte	.LASF20
 579 00fb 04       		.byte	0x4
 580 00fc 49       		.byte	0x49
 581 00fd 88000000 		.4byte	0x88
 582 0101 1C       		.byte	0x1c
 583 0102 08       		.uleb128 0x8
 584 0103 BB010000 		.4byte	.LASF21
 585 0107 04       		.byte	0x4
 586 0108 4A       		.byte	0x4a
 587 0109 88000000 		.4byte	0x88
 588 010d 20       		.byte	0x20
 589 010e 08       		.uleb128 0x8
 590 010f DB010000 		.4byte	.LASF22
 591 0113 04       		.byte	0x4
 592 0114 4B       		.byte	0x4b
 593 0115 88000000 		.4byte	0x88
 594 0119 24       		.byte	0x24
 595 011a 08       		.uleb128 0x8
 596 011b E4010000 		.4byte	.LASF23
 597 011f 04       		.byte	0x4
 598 0120 4C       		.byte	0x4c
 599 0121 88000000 		.4byte	0x88
 600 0125 28       		.byte	0x28
 601 0126 08       		.uleb128 0x8
 602 0127 70010000 		.4byte	.LASF24
 603 012b 04       		.byte	0x4
 604 012c 4D       		.byte	0x4d
 605 012d 88000000 		.4byte	0x88
 606 0131 2C       		.byte	0x2c
 607 0132 08       		.uleb128 0x8
 608 0133 3B010000 		.4byte	.LASF25
 609 0137 04       		.byte	0x4
 610 0138 4E       		.byte	0x4e
 611 0139 88000000 		.4byte	0x88
 612 013d 30       		.byte	0x30
 613 013e 08       		.uleb128 0x8
ARM GAS  /tmp/ccXID7Tx.s 			page 28


 614 013f B0000000 		.4byte	.LASF26
 615 0143 04       		.byte	0x4
 616 0144 4F       		.byte	0x4f
 617 0145 88000000 		.4byte	0x88
 618 0149 34       		.byte	0x34
 619 014a 08       		.uleb128 0x8
 620 014b B9000000 		.4byte	.LASF27
 621 014f 04       		.byte	0x4
 622 0150 50       		.byte	0x50
 623 0151 88000000 		.4byte	0x88
 624 0155 38       		.byte	0x38
 625 0156 08       		.uleb128 0x8
 626 0157 C8000000 		.4byte	.LASF28
 627 015b 04       		.byte	0x4
 628 015c 51       		.byte	0x51
 629 015d 88000000 		.4byte	0x88
 630 0161 3C       		.byte	0x3c
 631 0162 08       		.uleb128 0x8
 632 0163 4B020000 		.4byte	.LASF29
 633 0167 04       		.byte	0x4
 634 0168 52       		.byte	0x52
 635 0169 75010000 		.4byte	0x175
 636 016d 40       		.byte	0x40
 637 016e 00       		.byte	0
 638 016f 05       		.uleb128 0x5
 639 0170 04       		.byte	0x4
 640 0171 76000000 		.4byte	0x76
 641 0175 09       		.uleb128 0x9
 642 0176 88000000 		.4byte	0x88
 643 017a 85010000 		.4byte	0x185
 644 017e 0A       		.uleb128 0xa
 645 017f 81000000 		.4byte	0x81
 646 0183 1F       		.byte	0x1f
 647 0184 00       		.byte	0
 648 0185 03       		.uleb128 0x3
 649 0186 C7020000 		.4byte	.LASF30
 650 018a 04       		.byte	0x4
 651 018b 53       		.byte	0x53
 652 018c 9A000000 		.4byte	0x9a
 653 0190 0B       		.uleb128 0xb
 654 0191 36020000 		.4byte	.LASF36
 655 0195 01       		.byte	0x1
 656 0196 2E       		.byte	0x2e
 657 0197 00000000 		.4byte	.LFB34
 658 019b 02000000 		.4byte	.LFE34-.LFB34
 659 019f 01       		.uleb128 0x1
 660 01a0 9C       		.byte	0x9c
 661 01a1 0C       		.uleb128 0xc
 662 01a2 27010000 		.4byte	.LASF31
 663 01a6 01       		.byte	0x1
 664 01a7 B901     		.2byte	0x1b9
 665 01a9 85010000 		.4byte	0x185
 666 01ad 05       		.uleb128 0x5
 667 01ae 03       		.byte	0x3
 668 01af 00000000 		.4byte	_vectors
 669 01b3 0D       		.uleb128 0xd
 670 01b4 D1020000 		.4byte	.LASF32
ARM GAS  /tmp/ccXID7Tx.s 			page 29


 671 01b8 01       		.byte	0x1
 672 01b9 36       		.byte	0x36
 673 01ba 76000000 		.4byte	0x76
 674 01be 00       		.byte	0
 675              		.section	.debug_abbrev,"",%progbits
 676              	.Ldebug_abbrev0:
 677 0000 01       		.uleb128 0x1
 678 0001 11       		.uleb128 0x11
 679 0002 01       		.byte	0x1
 680 0003 25       		.uleb128 0x25
 681 0004 0E       		.uleb128 0xe
 682 0005 13       		.uleb128 0x13
 683 0006 0B       		.uleb128 0xb
 684 0007 03       		.uleb128 0x3
 685 0008 0E       		.uleb128 0xe
 686 0009 1B       		.uleb128 0x1b
 687 000a 0E       		.uleb128 0xe
 688 000b 55       		.uleb128 0x55
 689 000c 17       		.uleb128 0x17
 690 000d 11       		.uleb128 0x11
 691 000e 01       		.uleb128 0x1
 692 000f 10       		.uleb128 0x10
 693 0010 17       		.uleb128 0x17
 694 0011 00       		.byte	0
 695 0012 00       		.byte	0
 696 0013 02       		.uleb128 0x2
 697 0014 24       		.uleb128 0x24
 698 0015 00       		.byte	0
 699 0016 0B       		.uleb128 0xb
 700 0017 0B       		.uleb128 0xb
 701 0018 3E       		.uleb128 0x3e
 702 0019 0B       		.uleb128 0xb
 703 001a 03       		.uleb128 0x3
 704 001b 0E       		.uleb128 0xe
 705 001c 00       		.byte	0
 706 001d 00       		.byte	0
 707 001e 03       		.uleb128 0x3
 708 001f 16       		.uleb128 0x16
 709 0020 00       		.byte	0
 710 0021 03       		.uleb128 0x3
 711 0022 0E       		.uleb128 0xe
 712 0023 3A       		.uleb128 0x3a
 713 0024 0B       		.uleb128 0xb
 714 0025 3B       		.uleb128 0x3b
 715 0026 0B       		.uleb128 0xb
 716 0027 49       		.uleb128 0x49
 717 0028 13       		.uleb128 0x13
 718 0029 00       		.byte	0
 719 002a 00       		.byte	0
 720 002b 04       		.uleb128 0x4
 721 002c 24       		.uleb128 0x24
 722 002d 00       		.byte	0
 723 002e 0B       		.uleb128 0xb
 724 002f 0B       		.uleb128 0xb
 725 0030 3E       		.uleb128 0x3e
 726 0031 0B       		.uleb128 0xb
 727 0032 03       		.uleb128 0x3
ARM GAS  /tmp/ccXID7Tx.s 			page 30


 728 0033 08       		.uleb128 0x8
 729 0034 00       		.byte	0
 730 0035 00       		.byte	0
 731 0036 05       		.uleb128 0x5
 732 0037 0F       		.uleb128 0xf
 733 0038 00       		.byte	0
 734 0039 0B       		.uleb128 0xb
 735 003a 0B       		.uleb128 0xb
 736 003b 49       		.uleb128 0x49
 737 003c 13       		.uleb128 0x13
 738 003d 00       		.byte	0
 739 003e 00       		.byte	0
 740 003f 06       		.uleb128 0x6
 741 0040 15       		.uleb128 0x15
 742 0041 00       		.byte	0
 743 0042 27       		.uleb128 0x27
 744 0043 19       		.uleb128 0x19
 745 0044 00       		.byte	0
 746 0045 00       		.byte	0
 747 0046 07       		.uleb128 0x7
 748 0047 13       		.uleb128 0x13
 749 0048 01       		.byte	0x1
 750 0049 0B       		.uleb128 0xb
 751 004a 0B       		.uleb128 0xb
 752 004b 3A       		.uleb128 0x3a
 753 004c 0B       		.uleb128 0xb
 754 004d 3B       		.uleb128 0x3b
 755 004e 0B       		.uleb128 0xb
 756 004f 01       		.uleb128 0x1
 757 0050 13       		.uleb128 0x13
 758 0051 00       		.byte	0
 759 0052 00       		.byte	0
 760 0053 08       		.uleb128 0x8
 761 0054 0D       		.uleb128 0xd
 762 0055 00       		.byte	0
 763 0056 03       		.uleb128 0x3
 764 0057 0E       		.uleb128 0xe
 765 0058 3A       		.uleb128 0x3a
 766 0059 0B       		.uleb128 0xb
 767 005a 3B       		.uleb128 0x3b
 768 005b 0B       		.uleb128 0xb
 769 005c 49       		.uleb128 0x49
 770 005d 13       		.uleb128 0x13
 771 005e 38       		.uleb128 0x38
 772 005f 0B       		.uleb128 0xb
 773 0060 00       		.byte	0
 774 0061 00       		.byte	0
 775 0062 09       		.uleb128 0x9
 776 0063 01       		.uleb128 0x1
 777 0064 01       		.byte	0x1
 778 0065 49       		.uleb128 0x49
 779 0066 13       		.uleb128 0x13
 780 0067 01       		.uleb128 0x1
 781 0068 13       		.uleb128 0x13
 782 0069 00       		.byte	0
 783 006a 00       		.byte	0
 784 006b 0A       		.uleb128 0xa
ARM GAS  /tmp/ccXID7Tx.s 			page 31


 785 006c 21       		.uleb128 0x21
 786 006d 00       		.byte	0
 787 006e 49       		.uleb128 0x49
 788 006f 13       		.uleb128 0x13
 789 0070 2F       		.uleb128 0x2f
 790 0071 0B       		.uleb128 0xb
 791 0072 00       		.byte	0
 792 0073 00       		.byte	0
 793 0074 0B       		.uleb128 0xb
 794 0075 2E       		.uleb128 0x2e
 795 0076 00       		.byte	0
 796 0077 3F       		.uleb128 0x3f
 797 0078 19       		.uleb128 0x19
 798 0079 03       		.uleb128 0x3
 799 007a 0E       		.uleb128 0xe
 800 007b 3A       		.uleb128 0x3a
 801 007c 0B       		.uleb128 0xb
 802 007d 3B       		.uleb128 0x3b
 803 007e 0B       		.uleb128 0xb
 804 007f 27       		.uleb128 0x27
 805 0080 19       		.uleb128 0x19
 806 0081 11       		.uleb128 0x11
 807 0082 01       		.uleb128 0x1
 808 0083 12       		.uleb128 0x12
 809 0084 06       		.uleb128 0x6
 810 0085 40       		.uleb128 0x40
 811 0086 18       		.uleb128 0x18
 812 0087 9742     		.uleb128 0x2117
 813 0089 19       		.uleb128 0x19
 814 008a 00       		.byte	0
 815 008b 00       		.byte	0
 816 008c 0C       		.uleb128 0xc
 817 008d 34       		.uleb128 0x34
 818 008e 00       		.byte	0
 819 008f 03       		.uleb128 0x3
 820 0090 0E       		.uleb128 0xe
 821 0091 3A       		.uleb128 0x3a
 822 0092 0B       		.uleb128 0xb
 823 0093 3B       		.uleb128 0x3b
 824 0094 05       		.uleb128 0x5
 825 0095 49       		.uleb128 0x49
 826 0096 13       		.uleb128 0x13
 827 0097 3F       		.uleb128 0x3f
 828 0098 19       		.uleb128 0x19
 829 0099 02       		.uleb128 0x2
 830 009a 18       		.uleb128 0x18
 831 009b 00       		.byte	0
 832 009c 00       		.byte	0
 833 009d 0D       		.uleb128 0xd
 834 009e 34       		.uleb128 0x34
 835 009f 00       		.byte	0
 836 00a0 03       		.uleb128 0x3
 837 00a1 0E       		.uleb128 0xe
 838 00a2 3A       		.uleb128 0x3a
 839 00a3 0B       		.uleb128 0xb
 840 00a4 3B       		.uleb128 0x3b
 841 00a5 0B       		.uleb128 0xb
ARM GAS  /tmp/ccXID7Tx.s 			page 32


 842 00a6 49       		.uleb128 0x49
 843 00a7 13       		.uleb128 0x13
 844 00a8 3F       		.uleb128 0x3f
 845 00a9 19       		.uleb128 0x19
 846 00aa 3C       		.uleb128 0x3c
 847 00ab 19       		.uleb128 0x19
 848 00ac 00       		.byte	0
 849 00ad 00       		.byte	0
 850 00ae 00       		.byte	0
 851              		.section	.debug_aranges,"",%progbits
 852 0000 1C000000 		.4byte	0x1c
 853 0004 0200     		.2byte	0x2
 854 0006 00000000 		.4byte	.Ldebug_info0
 855 000a 04       		.byte	0x4
 856 000b 00       		.byte	0
 857 000c 0000     		.2byte	0
 858 000e 0000     		.2byte	0
 859 0010 00000000 		.4byte	.LFB34
 860 0014 02000000 		.4byte	.LFE34-.LFB34
 861 0018 00000000 		.4byte	0
 862 001c 00000000 		.4byte	0
 863              		.section	.debug_ranges,"",%progbits
 864              	.Ldebug_ranges0:
 865 0000 00000000 		.4byte	.LFB34
 866 0004 02000000 		.4byte	.LFE34
 867 0008 00000000 		.4byte	0
 868 000c 00000000 		.4byte	0
 869              		.section	.debug_line,"",%progbits
 870              	.Ldebug_line0:
 871 0000 C2000000 		.section	.debug_str,"MS",%progbits,1
 871      0200AD00 
 871      00000201 
 871      FB0E0D00 
 871      01010101 
 872              	.LASF33:
 873 0000 474E5520 		.ascii	"GNU C 4.8.2 -mcpu=cortex-m0 -mno-thumb-interwork -m"
 873      4320342E 
 873      382E3220 
 873      2D6D6370 
 873      753D636F 
 874 0033 7468756D 		.ascii	"thumb -ggdb -O2 -fomit-frame-pointer -falign-functi"
 874      62202D67 
 874      67646220 
 874      2D4F3220 
 874      2D666F6D 
 875 0066 6F6E733D 		.ascii	"ons=16 -ffunction-sections -fdata-sections -fno-com"
 875      3136202D 
 875      6666756E 
 875      6374696F 
 875      6E2D7365 
 876 0099 6D6F6E20 		.ascii	"mon -flto\000"
 876      2D666C74 
 876      6F00
 877              	.LASF12:
 878 00a3 6972715F 		.ascii	"irq_vector_t\000"
 878      76656374 
 878      6F725F74 
ARM GAS  /tmp/ccXID7Tx.s 			page 33


 878      00
 879              	.LASF26:
 880 00b0 76656374 		.ascii	"vector34\000"
 880      6F723334 
 880      00
 881              	.LASF27:
 882 00b9 70656E64 		.ascii	"pendsv_handler\000"
 882      73765F68 
 882      616E646C 
 882      657200
 883              	.LASF28:
 884 00c8 73797374 		.ascii	"systick_handler\000"
 884      69636B5F 
 884      68616E64 
 884      6C657200 
 885              	.LASF35:
 886 00d8 2F686F6D 		.ascii	"/home/awygle/ChibiOS-RT/demos/STM32/NIL-STM32F051-D"
 886      652F6177 
 886      79676C65 
 886      2F436869 
 886      62694F53 
 887 010b 4953434F 		.ascii	"ISCOVERY\000"
 887      56455259 
 887      00
 888              	.LASF3:
 889 0114 73686F72 		.ascii	"short unsigned int\000"
 889      7420756E 
 889      7369676E 
 889      65642069 
 889      6E7400
 890              	.LASF31:
 891 0127 5F766563 		.ascii	"_vectors\000"
 891      746F7273 
 891      00
 892              	.LASF13:
 893 0130 696E6974 		.ascii	"init_stack\000"
 893      5F737461 
 893      636B00
 894              	.LASF25:
 895 013b 64656275 		.ascii	"debugmonitor_handler\000"
 895      676D6F6E 
 895      69746F72 
 895      5F68616E 
 895      646C6572 
 896              	.LASF1:
 897 0150 756E7369 		.ascii	"unsigned char\000"
 897      676E6564 
 897      20636861 
 897      7200
 898              	.LASF5:
 899 015e 6C6F6E67 		.ascii	"long unsigned int\000"
 899      20756E73 
 899      69676E65 
 899      6420696E 
 899      7400
 900              	.LASF24:
 901 0170 7376635F 		.ascii	"svc_handler\000"
ARM GAS  /tmp/ccXID7Tx.s 			page 34


 901      68616E64 
 901      6C657200 
 902              	.LASF20:
 903 017c 76656374 		.ascii	"vector1c\000"
 903      6F723163 
 903      00
 904              	.LASF16:
 905 0185 68617264 		.ascii	"hardfault_handler\000"
 905      6661756C 
 905      745F6861 
 905      6E646C65 
 905      7200
 906              	.LASF9:
 907 0197 5F5F7569 		.ascii	"__uint32_t\000"
 907      6E743332 
 907      5F7400
 908              	.LASF15:
 909 01a2 6E6D695F 		.ascii	"nmi_handler\000"
 909      68616E64 
 909      6C657200 
 910              	.LASF8:
 911 01ae 756E7369 		.ascii	"unsigned int\000"
 911      676E6564 
 911      20696E74 
 911      00
 912              	.LASF21:
 913 01bb 76656374 		.ascii	"vector20\000"
 913      6F723230 
 913      00
 914              	.LASF7:
 915 01c4 6C6F6E67 		.ascii	"long long unsigned int\000"
 915      206C6F6E 
 915      6720756E 
 915      7369676E 
 915      65642069 
 916              	.LASF22:
 917 01db 76656374 		.ascii	"vector24\000"
 917      6F723234 
 917      00
 918              	.LASF23:
 919 01e4 76656374 		.ascii	"vector28\000"
 919      6F723238 
 919      00
 920              	.LASF14:
 921 01ed 72657365 		.ascii	"reset_handler\000"
 921      745F6861 
 921      6E646C65 
 921      7200
 922              	.LASF11:
 923 01fb 73697A65 		.ascii	"sizetype\000"
 923      74797065 
 923      00
 924              	.LASF19:
 925 0204 75736167 		.ascii	"usagefault_handler\000"
 925      65666175 
 925      6C745F68 
 925      616E646C 
ARM GAS  /tmp/ccXID7Tx.s 			page 35


 925      657200
 926              	.LASF6:
 927 0217 6C6F6E67 		.ascii	"long long int\000"
 927      206C6F6E 
 927      6720696E 
 927      7400
 928              	.LASF18:
 929 0225 62757366 		.ascii	"busfault_handler\000"
 929      61756C74 
 929      5F68616E 
 929      646C6572 
 929      00
 930              	.LASF36:
 931 0236 5F756E68 		.ascii	"_unhandled_exception\000"
 931      616E646C 
 931      65645F65 
 931      78636570 
 931      74696F6E 
 932              	.LASF29:
 933 024b 76656374 		.ascii	"vectors\000"
 933      6F727300 
 934              	.LASF2:
 935 0253 73686F72 		.ascii	"short int\000"
 935      7420696E 
 935      7400
 936              	.LASF10:
 937 025d 75696E74 		.ascii	"uint32_t\000"
 937      33325F74 
 937      00
 938              	.LASF4:
 939 0266 6C6F6E67 		.ascii	"long int\000"
 939      20696E74 
 939      00
 940              	.LASF17:
 941 026f 6D656D6D 		.ascii	"memmanage_handler\000"
 941      616E6167 
 941      655F6861 
 941      6E646C65 
 941      7200
 942              	.LASF0:
 943 0281 7369676E 		.ascii	"signed char\000"
 943      65642063 
 943      68617200 
 944              	.LASF34:
 945 028d 2E2E2F2E 		.ascii	"../../../os/common/startup/ARMCMx/compilers/GCC/vec"
 945      2E2F2E2E 
 945      2F6F732F 
 945      636F6D6D 
 945      6F6E2F73 
 946 02c0 746F7273 		.ascii	"tors.c\000"
 946      2E6300
 947              	.LASF30:
 948 02c7 76656374 		.ascii	"vectors_t\000"
 948      6F72735F 
 948      7400
 949              	.LASF32:
 950 02d1 5F5F6D61 		.ascii	"__main_stack_end__\000"
ARM GAS  /tmp/ccXID7Tx.s 			page 36


 950      696E5F73 
 950      7461636B 
 950      5F656E64 
 950      5F5F00
 951              		.comm	__gnu_lto_v1,1,1
 952              		.ident	"GCC: (4.8.2-14ubuntu1+6) 4.8.2"
ARM GAS  /tmp/ccXID7Tx.s 			page 37


DEFINED SYMBOLS
                            *ABS*:0000000000000000 vectors.c
     /tmp/ccXID7Tx.s:286    .text._unhandled_exception:0000000000000000 $t
     /tmp/ccXID7Tx.s:292    .text._unhandled_exception:0000000000000000 _unhandled_exception
     /tmp/ccXID7Tx.s:292    .text._unhandled_exception:0000000000000000 NMI_Handler
     /tmp/ccXID7Tx.s:292    .text._unhandled_exception:0000000000000000 HardFault_Handler
     /tmp/ccXID7Tx.s:292    .text._unhandled_exception:0000000000000000 MemManage_Handler
     /tmp/ccXID7Tx.s:292    .text._unhandled_exception:0000000000000000 BusFault_Handler
     /tmp/ccXID7Tx.s:292    .text._unhandled_exception:0000000000000000 UsageFault_Handler
     /tmp/ccXID7Tx.s:292    .text._unhandled_exception:0000000000000000 Vector1C
     /tmp/ccXID7Tx.s:292    .text._unhandled_exception:0000000000000000 Vector20
     /tmp/ccXID7Tx.s:292    .text._unhandled_exception:0000000000000000 Vector24
     /tmp/ccXID7Tx.s:292    .text._unhandled_exception:0000000000000000 Vector28
     /tmp/ccXID7Tx.s:292    .text._unhandled_exception:0000000000000000 SVC_Handler
     /tmp/ccXID7Tx.s:292    .text._unhandled_exception:0000000000000000 DebugMon_Handler
     /tmp/ccXID7Tx.s:292    .text._unhandled_exception:0000000000000000 Vector34
     /tmp/ccXID7Tx.s:292    .text._unhandled_exception:0000000000000000 PendSV_Handler
     /tmp/ccXID7Tx.s:292    .text._unhandled_exception:0000000000000000 SysTick_Handler
     /tmp/ccXID7Tx.s:292    .text._unhandled_exception:0000000000000000 Vector40
     /tmp/ccXID7Tx.s:292    .text._unhandled_exception:0000000000000000 Vector44
     /tmp/ccXID7Tx.s:292    .text._unhandled_exception:0000000000000000 Vector48
     /tmp/ccXID7Tx.s:292    .text._unhandled_exception:0000000000000000 Vector4C
     /tmp/ccXID7Tx.s:292    .text._unhandled_exception:0000000000000000 Vector50
     /tmp/ccXID7Tx.s:292    .text._unhandled_exception:0000000000000000 Vector54
     /tmp/ccXID7Tx.s:292    .text._unhandled_exception:0000000000000000 Vector58
     /tmp/ccXID7Tx.s:292    .text._unhandled_exception:0000000000000000 Vector5C
     /tmp/ccXID7Tx.s:292    .text._unhandled_exception:0000000000000000 Vector60
     /tmp/ccXID7Tx.s:292    .text._unhandled_exception:0000000000000000 Vector64
     /tmp/ccXID7Tx.s:292    .text._unhandled_exception:0000000000000000 Vector68
     /tmp/ccXID7Tx.s:292    .text._unhandled_exception:0000000000000000 Vector6C
     /tmp/ccXID7Tx.s:292    .text._unhandled_exception:0000000000000000 Vector70
     /tmp/ccXID7Tx.s:292    .text._unhandled_exception:0000000000000000 Vector74
     /tmp/ccXID7Tx.s:292    .text._unhandled_exception:0000000000000000 Vector78
     /tmp/ccXID7Tx.s:292    .text._unhandled_exception:0000000000000000 Vector7C
     /tmp/ccXID7Tx.s:292    .text._unhandled_exception:0000000000000000 Vector80
     /tmp/ccXID7Tx.s:292    .text._unhandled_exception:0000000000000000 Vector84
     /tmp/ccXID7Tx.s:292    .text._unhandled_exception:0000000000000000 Vector88
     /tmp/ccXID7Tx.s:292    .text._unhandled_exception:0000000000000000 Vector8C
     /tmp/ccXID7Tx.s:292    .text._unhandled_exception:0000000000000000 Vector90
     /tmp/ccXID7Tx.s:292    .text._unhandled_exception:0000000000000000 Vector94
     /tmp/ccXID7Tx.s:292    .text._unhandled_exception:0000000000000000 Vector98
     /tmp/ccXID7Tx.s:292    .text._unhandled_exception:0000000000000000 Vector9C
     /tmp/ccXID7Tx.s:292    .text._unhandled_exception:0000000000000000 VectorA0
     /tmp/ccXID7Tx.s:292    .text._unhandled_exception:0000000000000000 VectorA4
     /tmp/ccXID7Tx.s:292    .text._unhandled_exception:0000000000000000 VectorA8
     /tmp/ccXID7Tx.s:292    .text._unhandled_exception:0000000000000000 VectorAC
     /tmp/ccXID7Tx.s:292    .text._unhandled_exception:0000000000000000 VectorB0
     /tmp/ccXID7Tx.s:292    .text._unhandled_exception:0000000000000000 VectorB4
     /tmp/ccXID7Tx.s:292    .text._unhandled_exception:0000000000000000 VectorB8
     /tmp/ccXID7Tx.s:292    .text._unhandled_exception:0000000000000000 VectorBC
     /tmp/ccXID7Tx.s:399    .vectors:0000000000000000 _vectors
     /tmp/ccXID7Tx.s:396    .vectors:0000000000000000 $d
                            *COM*:0000000000000001 __gnu_lto_v1
                     .debug_frame:0000000000000010 $d

UNDEFINED SYMBOLS
__main_stack_end__
ARM GAS  /tmp/ccXID7Tx.s 			page 38


Reset_Handler
