GAS LISTING /tmp/ccBNpIYH.s 			page 1


   1               		.file	"channels_stub.c"
   2               		.section	.text.elyChanSubscribe,"ax",@progbits
   3               		.balign 2
   4               		.global	elyChanSubscribe
   5               		.type	elyChanSubscribe, @function
   6               	elyChanSubscribe:
   7               	; start of function
   8               	; framesize_regs:     0
   9               	; framesize_locals:   0
  10               	; framesize_outgoing: 0
  11               	; framesize:          0
  12               	; elim ap -> fp       4
  13               	; elim fp -> sp       0
  14               	; saved regs:(none)
  15               		; start of prologue
  16               		; end of prologue
  17               		; start of epilogue
  18 0000 1001      		RETA
  19               		.size	elyChanSubscribe, .-elyChanSubscribe
  20               		.section	.text.elyChanUnsubscribe,"ax",@progbits
  21               		.balign 2
  22               		.global	elyChanUnsubscribe
  23               		.type	elyChanUnsubscribe, @function
  24               	elyChanUnsubscribe:
  25               	; start of function
  26               	; framesize_regs:     0
  27               	; framesize_locals:   0
  28               	; framesize_outgoing: 0
  29               	; framesize:          0
  30               	; elim ap -> fp       4
  31               	; elim fp -> sp       0
  32               	; saved regs:(none)
  33               		; start of prologue
  34               		; end of prologue
  35               		; start of epilogue
  36 0000 1001      		RETA
  37               		.size	elyChanUnsubscribe, .-elyChanUnsubscribe
  38               		.section	.text.elyChanLog,"ax",@progbits
  39               		.balign 2
  40               		.global	elyChanLog
  41               		.type	elyChanLog, @function
  42               	elyChanLog:
  43               	; start of function
  44               	; framesize_regs:     0
  45               	; framesize_locals:   0
  46               	; framesize_outgoing: 0
  47               	; framesize:          0
  48               	; elim ap -> fp       4
  49               	; elim fp -> sp       0
  50               	; saved regs:(none)
  51               		; start of prologue
  52               		; end of prologue
  53               		; start of epilogue
  54 0000 1001      		RETA
  55               		.size	elyChanLog, .-elyChanLog
  56               		.section	.text.elyChanUnlog,"ax",@progbits
  57               		.balign 2
GAS LISTING /tmp/ccBNpIYH.s 			page 2


  58               		.global	elyChanUnlog
  59               		.type	elyChanUnlog, @function
  60               	elyChanUnlog:
  61               	; start of function
  62               	; framesize_regs:     0
  63               	; framesize_locals:   0
  64               	; framesize_outgoing: 0
  65               	; framesize:          0
  66               	; elim ap -> fp       4
  67               	; elim fp -> sp       0
  68               	; saved regs:(none)
  69               		; start of prologue
  70               		; end of prologue
  71               		; start of epilogue
  72 0000 1001      		RETA
  73               		.size	elyChanUnlog, .-elyChanUnlog
  74               		.section	.text.elyChanGetValue,"ax",@progbits
  75               		.balign 2
  76               		.global	elyChanGetValue
  77               		.type	elyChanGetValue, @function
  78               	elyChanGetValue:
  79               	; start of function
  80               	; framesize_regs:     0
  81               	; framesize_locals:   0
  82               	; framesize_outgoing: 0
  83               	; framesize:          0
  84               	; elim ap -> fp       4
  85               	; elim fp -> sp       0
  86               	; saved regs:(none)
  87               		; start of prologue
  88               		; end of prologue
  89 0000 6C42      		MOV.B	#4, R12
  90               		; start of epilogue
  91 0002 1001      		RETA
  92               		.size	elyChanGetValue, .-elyChanGetValue
  93               		.section	.text.elyChanReset,"ax",@progbits
  94               		.balign 2
  95               		.global	elyChanReset
  96               		.type	elyChanReset, @function
  97               	elyChanReset:
  98               	; start of function
  99               	; framesize_regs:     0
 100               	; framesize_locals:   0
 101               	; framesize_outgoing: 0
 102               	; framesize:          0
 103               	; elim ap -> fp       4
 104               	; elim fp -> sp       0
 105               	; saved regs:(none)
 106               		; start of prologue
 107               		; end of prologue
 108               		; start of epilogue
 109 0000 1001      		RETA
 110               		.size	elyChanReset, .-elyChanReset
 111               		.ident	"GCC: (SOMNIUM Technologies Limited - msp430-gcc 6.2.1.16) 6.2.1 20161212"
GAS LISTING /tmp/ccBNpIYH.s 			page 3


DEFINED SYMBOLS
                            *ABS*:0000000000000000 channels_stub.c
     /tmp/ccBNpIYH.s:6      .text.elyChanSubscribe:0000000000000000 elyChanSubscribe
     /tmp/ccBNpIYH.s:24     .text.elyChanUnsubscribe:0000000000000000 elyChanUnsubscribe
     /tmp/ccBNpIYH.s:42     .text.elyChanLog:0000000000000000 elyChanLog
     /tmp/ccBNpIYH.s:60     .text.elyChanUnlog:0000000000000000 elyChanUnlog
     /tmp/ccBNpIYH.s:78     .text.elyChanGetValue:0000000000000000 elyChanGetValue
     /tmp/ccBNpIYH.s:97     .text.elyChanReset:0000000000000000 elyChanReset

NO UNDEFINED SYMBOLS
