GAS LISTING /tmp/cclzHJvv.s 			page 1


   1               		.file	"chcore.c"
   2               		.section	.text._port_switch,"ax",@progbits
   3               		.balign 2
   4               		.global	_port_switch
   5               		.type	_port_switch, @function
   6               	_port_switch:
   7               	; start of function
   8               	; attributes: naked 
   9               	; framesize_regs:     0
  10               	; framesize_locals:   0
  11               	; framesize_outgoing: 0
  12               	; framesize:          0
  13               	; elim ap -> fp       4
  14               	; elim fp -> sp       0
  15               	; saved regs:(none)
  16               	 ; 73 "../ChibiOS-Contrib/os/common/ports/MSP430X/chcore.c" 1
  17 0000 6A14      		pushm.a #7, R10
  18               	 ; 0 "" 2
  19               	 ; 74 "../ChibiOS-Contrib/os/common/ports/MSP430X/chcore.c" 1
  20 0002 7D01 0000 		mova r1, @R13
  21               	 ; 0 "" 2
  22               	 ; 75 "../ChibiOS-Contrib/os/common/ports/MSP430X/chcore.c" 1
  23 0006 010C      		mova @R12, r1
  24               	 ; 0 "" 2
  25               	 ; 76 "../ChibiOS-Contrib/os/common/ports/MSP430X/chcore.c" 1
  26 0008 6416      		popm.a #7, R10
  27               	 ; 0 "" 2
  28               	 ; 77 "../ChibiOS-Contrib/os/common/ports/MSP430X/chcore.c" 1
  29 000a 1001      		reta
  30               	 ; 0 "" 2
  31               		.size	_port_switch, .-_port_switch
  32               		.section	.text._port_thread_start,"ax",@progbits
  33               		.balign 2
  34               		.global	_port_thread_start
  35               		.type	_port_thread_start, @function
  36               	_port_thread_start:
  37               	; start of function
  38               	; framesize_regs:     0
  39               	; framesize_locals:   0
  40               	; framesize_outgoing: 0
  41               	; framesize:          0
  42               	; elim ap -> fp       4
  43               	; elim fp -> sp       0
  44               	; saved regs:(none)
  45               		; start of prologue
  46               		; end of prologue
  47               	 ; 355 "../ChibiOS-Contrib/os/common/ports/MSP430X/chcore.h" 1
  48 0000 0343      		nop
  49               	 ; 0 "" 2
  50               	 ; 356 "../ChibiOS-Contrib/os/common/ports/MSP430X/chcore.h" 1
  51 0002 0343 32D2 		nop { eint { nop
  51      0343 
  52               	 ; 0 "" 2
  53               	 ; 97 "../ChibiOS-Contrib/os/common/ports/MSP430X/chcore.c" 1
  54 0008 CC05      		mova R5, R12
  55               	 ; 0 "" 2
  56               	 ; 98 "../ChibiOS-Contrib/os/common/ports/MSP430X/chcore.c" 1
GAS LISTING /tmp/cclzHJvv.s 			page 2


  57 000a 4413      		calla R4
  58               	 ; 0 "" 2
  59 000c 4C43      		MOV.B	#0, R12
  60 000e B013 0000 		CALLA	#chSysHalt
  61               		; start of epilogue
  62 0012 1001      		RETA
  63               		.size	_port_thread_start, .-_port_thread_start
  64               		.global	__msp430x_in_isr
  65               		.section	.upper.bss,"aw",@nobits
  66               		.type	__msp430x_in_isr, @object
  67               		.size	__msp430x_in_isr, 1
  68               	__msp430x_in_isr:
  69 0000 00        		.zero	1
  70               		.ident	"GCC: (SOMNIUM Technologies Limited - msp430-gcc 6.2.1.16) 6.2.1 20161212"
GAS LISTING /tmp/cclzHJvv.s 			page 3


DEFINED SYMBOLS
                            *ABS*:0000000000000000 chcore.c
     /tmp/cclzHJvv.s:6      .text._port_switch:0000000000000000 _port_switch
     /tmp/cclzHJvv.s:36     .text._port_thread_start:0000000000000000 _port_thread_start
     /tmp/cclzHJvv.s:68     .upper.bss:0000000000000000 __msp430x_in_isr

UNDEFINED SYMBOLS
chSysHalt
__crt0_init_highbss
