GAS LISTING /tmp/ccesILmE.s 			page 1


   1               		.file	"chmboxes.c"
   2               		.section	.gnu.lto_.profile.3867bc6f97823cb8,"",@progbits
   3 0000 789C 6365 		.string	"x\234ce`d`c`"
   3      6064 6063 
   3      6000 
   4 000a 92A7 581E 		.string	"\222\247X\0363\002"
   4      3302 00
   5 0011 059D 01C0 		.ascii	"\005\235\001\300"
   6               	.text
   7               		.section	.gnu.lto_.icf.3867bc6f97823cb8,"",@progbits
   8 0000 789C 6365 		.string	"x\234ce`d\230\301\200"
   8      6064 98C1 
   8      8000 
   9 000a 920C CBF6 		.string	"\222\f\313\366\234>\301\315\b&\2316?\\\377\211\217\371\366\272\223\255\314,\357\276>\336\
   9      9C3E C1CD 
   9      0826 9936 
   9      3F5C FF89 
   9      8FF9 F6BA 
  10 00a7 00        		.string	""
  11 00a8 5E2C 4D82 		.ascii	"^,M\202"
  12               	.text
  13               		.section	.gnu.lto_.jmpfuncs.3867bc6f97823cb8,"",@progbits
  14 0000 789C 9DD1 		.string	"x\234\235\321=n\302@\020\005\340y;6\026\021&2B\201\"\227\312q\\\255%zDG\351\302\005$$qM\2
  14      3D6E C240 
  14      1005 E079 
  14      3B36 1611 
  14      2632 4281 
  15 0067 2F12 718D 		.ascii	"/\022q\215\017\032\302\326\225\337\347\337x\2539\207\005G<\323"
  15      0F1A C2D6 
  15      95DF E7DF 
  15      78AB 3987 
  15      0547 3CD3 
  16 007b 6D41 46E8 		.ascii	"mAF\350I\256P~\302\253ISJU\312\264Z\372P\377\035\b\352\206K\r"
  16      49AE 507E 
  16      C2AB 4953 
  16      4A55 CAB4 
  16      5AFA 50FF 
  17 0095 692D 97BA 		.ascii	"i-\227\272\001N\013e\033o\306\315\252y#'\367@=(qw\357\003\020"
  17      014E 0B65 
  17      1B6F C6CD 
  17      AA79 2327 
  17      F740 3D28 
  18 00ae B788 9341 		.ascii	"\267\210\223A\217\377\b\302\023\n8\377n\363\311h\220\305x\020"
  18      8FFF 08C2 
  18      130A 38FF 
  18      6EF3 C968 
  18      90C5 7810 
  19 00c2 4221 A10F 		.ascii	"B!\241\017\203\226\315}\364\203d#Ax\300\023\316\177\332\374\323"
  19      8396 CD7D 
  19      F483 6423 
  19      4178 C013 
  19      CE7F DAFC 
  20 00d7 6890 55F7 		.ascii	"h\220U\367\366\007\240\210Pi\220\\\0016\357dI"
  20      F607 A088 
  20      5069 905C 
  20      0136 EF64 
  20      49
GAS LISTING /tmp/ccesILmE.s 			page 2


  21               	.text
  22               		.section	.gnu.lto_.inline.3867bc6f97823cb8,"",@progbits
  23 0000 789C AD92 		.string	"x\234\255\222=N\303@\020\205\337\354\256\343\265\023\210\303O\022\b`\363S\201D\301\001\02
  23      3D4E C340 
  23      1085 DFEC 
  23      AEE3 B513 
  23      88C3 4F12 
  24 0030 120D 1D25 		.string	"\022\r\035%\342\002p"
  24      E202 7000 
  25 0038 0A0A 0A4A 		.ascii	"\n\n\nJ\nJ\n\306\213\023\307\t\226\214\204\213\267\326\254\367"
  25      0A4A 0AC6 
  25      8B13 C709 
  25      968C 848B 
  25      B7D6 ACF7 
  26 004c BD6F D663 		.ascii	"\275o\326c\201p\240\320{*\200\245\bBu|\024:\276\210j4\\\022("
  26      8170 A0D0 
  26      7B2A 80A5 
  26      0842 757C 
  26      143A BE88 
  27 0065 FBA4 1010 		.ascii	"\373\244\020\020\344\206\321\300(\"\205\243n\033\320_\313\002"
  27      E486 D1C0 
  27      2822 85A3 
  27      6E1B D05F 
  27      CB02 
  28 0077 F46E 2B01 		.ascii	"\364n+\001y_S\321\2536\005\r6*\201>\245'\214\032\277\"\307\204"
  28      795F 53D1 
  28      AB36 050D 
  28      362A 813E 
  28      A527 8C1A 
  29 008f 4D72 F95D 		.ascii	"Mr\371]\2422\037{\357$\256?\tp\254\223E8ok9\274\345Kq\310[\301"
  29      A232 1F7B 
  29      EF24 AE3F 
  29      0970 AC93 
  29      4538 6F6B 
  30 00ab 0B52 DE29 		.ascii	"\013R\336)\356\374\336\277q[\030\237$\007\301\376\231\244\323"
  30      EEFC DEBF 
  30      715B 189F 
  30      2407 C1FE 
  30      99A4 D3
  31 00be C3C7 27FB 		.ascii	"\303\307'\373X^H\2768\272\242\031\016h\231\225\322\333\026o_"
  31      585E 48BE 
  31      38BA A219 
  31      0E68 9995 
  31      D2DB 166F 
  32 00d3 9B72 CBAC 		.ascii	"\233r\313\254\302\333\355\337.\360\366\215)\357\231\325`R$\302"
  32      C2DB EDDF 
  32      2EF0 F68D 
  32      29EF 99D5 
  32      6052 24C2 
  33 00e7 63B1 0B1F 		.ascii	"c\261\013\037\253(\205M\021\241\265Y\303\331\266b\316\327z[\007"
  33      AB28 854D 
  33      11A1 B559 
  33      C3D9 B662 
  33      CED7 7A5B 
  34 00fc 1AE2 B9DC 		.ascii	"\032\342\271\334\376\321R\314\272\311\377\322\306\370\"I\306"
  34      FED1 52CC 
  34      BAC9 FFD2 
GAS LISTING /tmp/ccesILmE.s 			page 3


  34      C6F8 2249 
  34      C6
  35 010d 4C71 1967 		.ascii	"Lq\031g\251\037\326\341>\254\033?\323\237\344\223\"lvW\216*\362"
  35      A91F D6E1 
  35      3EAC 1B3F 
  35      D39F E493 
  35      226C 7657 
  36 0124 1D12 1CE8 		.ascii	"\035\022\034\350\025\036\t\376\2427$nW\372\357\304\205\327\310"
  36      151E 09FE 
  36      A237 246E 
  36      57FA EFC4 
  36      85D7 C8
  37 0137 0AEB CDD3 		.ascii	"\n\353\315\323@X\330T#\351\264\022\334\245_\322\254Q>\023}\026"
  37      4058 D854 
  37      23E9 B412 
  37      DCA5 5FD2 
  37      AC51 3E13 
  38 014d 878D A03E 		.ascii	"\207\215\240>\233\025V=\272$\214\236o%i1f\034Q\376\027\320J>"
  38      9B15 563D 
  38      BA24 8C9E 
  38      6F25 6931 
  38      661C 51FE 
  39 0165 D031 4CFB 		.ascii	"\3201L\373YaS\367wL\363\261\235\005:\201\2619*\f\236\345\261"
  39      5961 53F7 
  39      774C F3B1 
  39      9D05 3A81 
  39      B139 2A0C 
  40 017c 4ACD 5132 		.ascii	"J\315Q2(\252\237~\303\214\b\351\314&&8\241\232\257\211\032\032"
  40      28AA 9F7E 
  40      C38C 08E9 
  40      CC26 2638 
  40      A19A AF89 
  41 0192 0B7F 02A9 		.ascii	"\013\177\002\251\275\336$\235\365\223$\rF\361\370\006\023\373"
  41      BDDE 249D 
  41      F593 240D 
  41      46F1 F806 
  41      13FB 
  42 01a4 940A      		.ascii	"\224\n"
  43               	.text
  44               		.section	.gnu.lto_.pureconst.3867bc6f97823cb8,"",@progbits
  45 0000 789C 05C1 		.string	"x\234\005\301\333\n"
  45      DB0A 00
  46 0007 1014 04C0 		.ascii	"\020\024\004\300=.\211H$\266}\367\377\357\276\316L\204\341\002"
  46      3D2E 8948 
  46      24B6 7DF7 
  46      FFEF BECE 
  46      4C84 E102 
  47 001b 1878 66CF 		.ascii	"\030xf\317\234\274\202\242\2222\013+\233:\007\247\0267\217>X"
  47      9CBC 82A2 
  47      9232 0B2B 
  47      9B3A 07A7 
  47      1637 8F3E 
  48 0030 BB03 E0   		.ascii	"\273\003\340"
  49               	.text
  50               		.section	.gnu.lto_port_lock.3867bc6f97823cb8,"",@progbits
  51 0000 789C 6365 		.string	"x\234ce`d\230\307\300\300\340\016\304\322@\314\310\314\300\3104\341\034\003C#\007\023##\2
  51      6064 98C7 
GAS LISTING /tmp/ccesILmE.s 			page 4


  51      C0C0 E00E 
  51      C4D2 40CC 
  51      C8CC C0C8 
  52 009e 0D60 0469 		.string	"\r`\004i\004\032e\242\247\247\357\234\221\231\224\351\037\254\353\234\237WR\224\231\244\2
  52      041A 65A2 
  52      A7A7 EF9C 
  52      9199 94E9 
  52      1FAC EB9C 
  53 00e9 00        		.string	""
  54 00ea 124B E8   		.ascii	"\022K\350"
  55               	.text
  56               		.section	.gnu.lto_port_unlock.3867bc6f97823cb8,"",@progbits
  57 0000 789C 6365 		.string	"x\234ce`d\230\307\300\300\340\013\304\322@\314\310\314\300\3104\341\034\003C#\007\023##\2
  57      6064 98C7 
  57      C0C0 E00B 
  57      C4D2 40CC 
  57      C8CC C0C8 
  58 009e 0D60 0469 		.string	"\r`\004i\004\032e\242\247\247\357\234\221\231\224\351\037\254\353\234\237WR\224\231\244\2
  58      041A 65A2 
  58      A7A7 EF9C 
  58      9199 94E9 
  58      1FAC EB9C 
  59 00ed FD43 4C8D 		.ascii	"\375CL\215"
  60               	.text
  61               		.section	.gnu.lto_chMBPostS.part.0.3867bc6f97823cb8,"",@progbits
  62 0000 789C 9594 		.string	"x\234\225\224\313O\023Q\024\306\357\23133\005\312+J\214\013\026l\260A\003u\341\302\245\21
  62      CB4F 1351 
  62      14C6 EF99 
  62      3333 05CA 
  62      2B4A 8C0B 
  63 0042 231B 35B8 		.string	"#\0335\2700\210\032\242&\260\002\025\301s\356 D\343\002&\231;\367\334{\346w\276\363\335\3
  63      3088 1AA2 
  63      26B0 0215 
  63      C173 EE20 
  63      44E3 0226 
  64 008a 3C21 8E47 		.string	"<!\216GWP\325\300\003\327\260\036\241*|;\004Y\355\006]\261\372\005{\205a\3546Q\210\006\27
  64      5750 D5C0 
  64      03D7 B01E 
  64      A12A 7C3B 
  64      0459 ED06 
  65 00ca F783 A079 		.string	"\367\203\240y\330\027mR\035m\206\3413bs7\301H3\021\341. \001\341\016\244C\007\244\013Z\02
  65      D817 6D52 
  65      1D6D 86E1 
  65      3362 7337 
  65      C148 3311 
  66 0190 EC8C 429D 		.ascii	"\354\214B\235\351\310\203\n\334\237\306S\235\007\033\r6!\002"
  66      E9C8 830A 
  66      DC9F C653 
  66      9D07 1B0D 
  66      3621 02
  67 01a3 04E3 F30C 		.ascii	"\004\343\363\f\240\316O\254BE>\347\301\027"
  67      A0CE 4FAC 
  67      4245 3EE7 
  67      C117 
  68 01b1 9DF7 B7EB 		.string	"\235\367\267\353\\'\210\354C]\371\320K\033\373\200\262\211\245\261\027\376D\023\202`b\\\2
  68      5C27 88EC 
  68      435D F9D0 
GAS LISTING /tmp/ccesILmE.s 			page 5


  68      4B1B FB80 
  68      B289 A5B1 
  69 02b2 C628 D5C4 		.ascii	"\306(\325\304$)_\223\362\277\201b\375g\002\304\242\005\212\262"
  69      2429 5F93 
  69      F2BF 8162 
  69      FD67 02C4 
  69      A205 8AB2 
  70 02c6 7372 9C87 		.ascii	"sr\234\207\013\ns\013\217\235\310>~\322\351.v\346\271].\367y"
  70      0B0A 730B 
  70      8F9D C83E 
  70      7ED2 E92E 
  70      76E6 B95D 
  71 02dd 9A9D 2BCC 		.ascii	"\232\235+\314u\026\027\3459\363\n\\\271\356K\371\3059y\002]\271"
  71      7516 17E5 
  71      39F3 0A5C 
  71      B9EE 4BF9 
  71      C539 7902 
  72 02f3 17D0 557C 		.ascii	"\027\320U|\306VR\350\312w_,\321\213N]\246\3607[\207\200\365"
  72      C656 52E8 
  72      CA77 5F2C 
  72      D18B 4E5D 
  72      A6F0 375B 
  73               	.text
  74               		.section	.gnu.lto_chMBPostAheadS.part.1.3867bc6f97823cb8,"",@progbits
  75 0000 789C 9594 		.string	"x\234\225\224\333oLQ\024\306\367w\326\271L;U\227\224x\360\320\227\232T\242\343AB\342\201D
  75      DB6F 4C51 
  75      14C6 F777 
  75      D6B9 4C3B 
  75      5597 9478 
  76 0087 E930 A7DA 		.ascii	"\3510\247\332\265\310vP\215m\264\207\320\230>\220B\351\021\237"
  76      B5C8 7650 
  76      8D6D B487 
  76      D098 3E90 
  76      42E9 119F 
  77 009b 9FF6 3DFD 		.ascii	"\237\366=\375c\352|\177|@J5\361+\017\216\240\224\263\036\326"
  77      63EA 7C7F 
  77      7C40 4A35 
  77      F12B 0F8E 
  77      A094 B31E 
  78 00b0 A69A 692B 		.ascii	"\246\232i+\005\004\330\034~\352\331\367\252PB\013\305\034\326"
  78      0504 D81C 
  78      7EEA D9F7 
  78      AA50 420B 
  78      C51C D6
  79 00c3 F7BF 7802 		.ascii	"\367\277x\002\232\002\305\375t"
  79      9A02 C5FD 
  79      74
  80 00cc 22D3 6C47 		.string	"\"\323lG\016\373~\302o\357\336\t\277( \302q\020\003q\f\023p\024\023\024\017)\234@DH\337\2
  80      0EFB 7EC2 
  80      6FEF DE09 
  80      BF28 20C2 
  80      7110 0371 
  81 01cd 4904 144A 		.ascii	"I\004\024J\262i\027E:\217\037\356M\264z\321S\262\315b.\2064\002"
  81      B269 1745 
  81      3A8F 1FEE 
  81      4DB4 7AD1 
  81      53B2 CD62 
GAS LISTING /tmp/ccesILmE.s 			page 6


  82 01e5 ECD5 D701 		.ascii	"\354\325\327\001\227\020U}\330\320\274\251\211\f\226\f\271\263"
  82      9710 557D 
  82      D8D0 BCA9 
  82      890C 960C 
  82      B9B3 
  83 01f7 D5DF 1B36 		.ascii	"\325\337\0336\326\177\037\230\2116&q\371\335\331\361\222\365"
  83      D67F 1F98 
  83      8936 2671 
  83      F9DD D9F1 
  83      92F5 
  84 0209 7FA5 5AD6 		.ascii	"\177\245Z\326K\255L\256\326eD\231/\234Lv\206\251f\017C\365\025"
  84      4BAD 4CAE 
  84      D665 4499 
  84      2F9C 4C76 
  84      86A9 660F 
  85 0220 4D82 90AE 		.ascii	"M\202\220\256\262\352^\324\336\357\274\211!\325\266>\245F.P\037"
  85      B2EA 5ED4 
  85      DEEF BC89 
  85      21D5 B63E 
  85      A546 2E50 
  86 0235 3156 F5F4 		.ascii	"1V\365\364\205\315\2543\214*\327t\025K\252\\\377\355\315\323"
  86      85CD AC33 
  86      8C2A D774 
  86      154B AA5C 
  86      FFED CDD3 
  87 0249 41CB 0595 		.ascii	"A\313\005\225\263b\3220\254X&\350\366\234\0257\304\nW\353\265"
  87      B362 D230 
  87      AC58 26E8 
  87      F69C 1537 
  87      C40A 57EB 
  88 025e 7367 FBE0 		.ascii	"sg\373\340\230k\ny\303\020\334\221\243vj\301\211}\331\322AiC"
  88      986B 0A79 
  88      C310 DC91 
  88      A376 6AC1 
  88      897D D9D2 
  89 0275 F7C3 FDFB 		.ascii	"\367\303\375\373~\330\\\0047\005\211[\fHRHV~\255\333\262\177"
  89      7ED8 5C04 
  89      3705 895B 
  89      0C48 5248 
  89      567E ADDB 
  90 028b AC91 90F7 		.ascii	"\254\221\220\367\237;\343\363\245<\334\326\"\310\374L\236\035"
  90      9F3B E3F3 
  90      A53C DCD6 
  90      22C8 FC4C 
  90      9E1D 
  91 029d BA71 285C 		.ascii	"\272q(\\\375CO\217\343\033\215;\254K\341.\252\325[\324\026\013"
  91      FD43 4F8F 
  91      E31B 8D3B 
  91      AC4B E12E 
  91      AAD5 5BD4 
  92 02b3 5FD2 DADA 		.ascii	"_\322\332\332\336=\3638-\024P~\223\234+\262\234\301\225\003\n"
  92      DE3D F338 
  92      2D14 507E 
  92      939C 2BB2 
  92      9CC1 9503 
  93 02c8 73E2 8696 		.ascii	"s\342\206\226\327\023\377\221Z\320$\207\203.N\rh\204v\320\321"
  93      D713 FF91 
GAS LISTING /tmp/ccesILmE.s 			page 7


  93      5AD0 2487 
  93      832E 4E0D 
  93      6884 76D0 
  94 02dd 0EBE 8765 		.ascii	"\016\276\207e\376\340\032\230\305\003\034M.+\213\316^ZY^9o\301"
  94      FEE0 1A98 
  94      C503 1C4D 
  94      2E2B 8BCE 
  94      5E5A 595E 
  95 02f4 E4F9 0BA3 		.ascii	"\344\371\013\243\361\252hE<\026\213\257\340\336\362\312\362h"
  95      F1AA 6845 
  95      3C16 8BAF 
  95      E0DE F2CA 
  95      F268 
  96 0306 D5AA 8A68 		.ascii	"\325\252\212h\305\322Xy|\355\342\252\262\nE\261\362\225\024\253"
  96      C5D2 5879 
  96      7CED E2AA 
  96      B20A 45B1 
  96      F295 14AB 
  97 031a 5AE2 ADAE 		.ascii	"Z\342\255\256\214-\216\257Y\355\256Z\264\216\303_L[\246\027"
  97      8C2D 8EAF 
  97      59ED AE5A 
  97      B48E C35F 
  97      4C5B A617 
  98               	.text
  99               		.section	.gnu.lto_chMBFetchS.part.2.3867bc6f97823cb8,"",@progbits
 100 0000 789C 9594 		.string	"x\234\225\224\313O\024A\020\306\273\246fg\22671\210&r\340B6\220\300z\340\342\321\030\343\
 100      CB4F 1441 
 100      10C6 BBA6 
 100      6667 9637 
 100      3188 2672 
 101 004d 8982 553D 		.string	"\211\202U=(\006=\300$\323\323\325]\375\353\257\276\356\214M\200\030S\2058$\2048H/\350\002
 101      2806 3DC0 
 101      24D3 D3D5 
 101      5DFD EBAF 
 101      BEEE 8C4D 
 102 0089 7788 93AF 		.string	"w\210\223\257)\250\332 \037\312\261\n\2414x-"
 102      29A8 DA20 
 102      1FCA B10A 
 102      A134 782D 
 102      00
 103 009a 89CD 063D 		.ascii	"\211\315\006=\375U\253\273J\fc\267\211B\324\320\313\0174C\"e"
 103      FD55 ABBB 
 103      4A0C 63B7 
 103      8942 D4D0 
 103      CB0F 3443 
 104 00b0 BD28 0AD4 		.ascii	"\275(\n\324a\031\232\b\240R\2708Q\373.\222C\005\342)\364.\277"
 104      6119 9A08 
 104      A052 B838 
 104      51FB 2E92 
 104      4305 E229 
 105 00c7 7D0D B817 		.ascii	"}\r\270\027\004\365\203\005=u\252\243\3110\n\214\376\371+`\304"
 105      04F5 8305 
 105      3D75 AAA3 
 105      C930 0A8C 
 105      FEF9 2B60 
 106 00dc 9888 7013 		.ascii	"\230\210p\023\220\200p\003\342\240\005\342\004"
 106      9080 7003 
GAS LISTING /tmp/ccesILmE.s 			page 8


 106      E2A0 05E2 
 106      04
 107 00e9 0D09 B805 		.string	"\r\t\270\005\016J\037\360|\371\246c\252\\\372\352\363\314\264\276\276t\274B.U\241u\363RU@
 107      0E4A 1FF0 
 107      7CF9 A663 
 107      AA5C FAEA 
 107      F3CC B4BE 
 108 01ea F7C1 29E6 		.ascii	"\367\301)\346\240\260\356\374\005\335\302\"\221e\271\264[e\b"
 108      A0B0 EEFC 
 108      05DD C222 
 108      9165 B9B4 
 108      5B65 08
 109 01fd 8F6D 0D5C 		.ascii	"\217m\r\\\177\035\030\335\275\201\356\001'\341\230\263\342\233"
 109      7F1D 18DD 
 109      BD81 EE01 
 109      27E1 98B3 
 109      E29B 
 110 020f 428B AEFE 		.ascii	"B\213\256\376-Z\335,\232\253\202\007\314\206^\342H\tO\366\374"
 110      2D5A DD2C 
 110      9AAB 8207 
 110      CC86 5EE2 
 110      4809 4FF6 
 111 0224 AB81 F26C 		.ascii	"\253\201\362l\353y}\224GX!\275\251\236\210\264\266\331\242fi"
 111      EB79 7D94 
 111      4758 21BD 
 111      A99E 88B4 
 111      B6D9 A266 
 112 0239 C643 A918 		.ascii	"\306C\251\030X\361#2c\026\212\246\206\206\341\217\031\232<\367"
 112      58F1 2332 
 112      6316 8AA6 
 112      8686 E18F 
 112      199A 3CF7 
 113 024d 522A C4EB 		.ascii	"R*\304\353\260N\240f!\314\232\325\267\261K\277\334E\341]\006"
 113      B04E A066 
 113      21CC 9AD5 
 113      B7B1 4BBF 
 113      DC45 E15D 
 114 0262 A4E5 5459 		.ascii	"\244\345TY\3226\334=\311\220\301\rs\207\330\\]*S\177_\216\225"
 114      D236 DC3D 
 114      C990 C10D 
 114      7387 D85C 
 114      5D2A 537F 
 115 0279 92BE 973B 		.ascii	"\222\276\227;-i\366-b{h2\024\206%\027\255\373=\3358\320\030\226"
 115      2D69 F62D 
 115      627B 6832 
 115      1486 2517 
 115      ADFB 3DDD 
 116 0291 FF53 4EC7 		.ascii	"\377SN\307\322}\204\021\322+`\024\362\305'(\212g>\247uw\317O"
 116      D27D 8411 
 116      D22B 6014 
 116      F2C5 2728 
 116      8A67 3EA7 
 117 02a9 EB94 6637 		.ascii	"\353\224f71\254\206\355\2031\312\240\235M\f\247\304\302\372\305"
 117      31AC 86ED 
 117      8331 CAA0 
 117      9D4D 0CA7 
 117      C4C2 FAC5 
GAS LISTING /tmp/ccesILmE.s 			page 9


 118 02bd D4FF A446 		.ascii	"\324\377\244F\324\260\007\360\230RM\214\224\362mR\376\002(\326"
 118      D4B0 07F0 
 118      9852 4D8C 
 118      94F2 6D52 
 118      FE02 28D6 
 119 02d1 9FC9 472C 		.ascii	"\237\311G,\032\240(9%\305y 3+-\353\360\321\344#\307\234\356\\"
 119      1AA0 2839 
 119      25C5 7920 
 119      332B 2DEB 
 119      F0D1 E423 
 120 02e9 67BA DBE5 		.ascii	"g\272\333\345r\237\246\336\251\2544gnN\2723=\323\225\346>\233"
 120      729F A6DE 
 120      A9AC 3467 
 120      6E4E BA33 
 120      3DD3 95E6 
 121 02ff 919B 922E 		.ascii	"\221\233\222.\320\225\226\255\272rOd\353yY\256\f\367\231<-\347"
 121      D095 96AD 
 121      BA72 4F64 
 121      EB79 59AE 
 121      0CF7 993C 
 122 0315 F839 8A7F 		.ascii	"\3709\212\177\001\224\211\221<"
 122      0194 8991 
 122      3C
 123               	.text
 124               		.section	.gnu.lto_chMBObjectInit.3867bc6f97823cb8,"",@progbits
 125 0000 789C 9D93 		.ascii	"x\234\235\223ML\023Q\020\307\337\354\333\335\226\266T\016\036"
 125      4D4C 1351 
 125      10C7 DFEC 
 125      DBDD 96B6 
 125      540E 1E
 126 0013 8CE9 A127 		.ascii	"\214\351\241'\t\007XM<\350\301\023\007\217&J\274\232\264\321"
 126      0907 584D 
 126      3CE8 C113 
 126      078F 264A 
 126      BC9A B4D1 
 127 0027 40B4 D448 		.ascii	"@\264\324HL\274u\251\345CH\320D>+dI\f)\212|\243X>\244\226oT\b"
 127      4CBC 75A9 
 127      E543 48D0 
 127      443E 2B64 
 127      490C 298A 
 128 0044 C403 5163 		.ascii	"\304\003Qc\214\020\223*$\240$\210\021p\346-\222\306\020\017}"
 128      8C10 932A 
 128      24A0 2488 
 128      1170 E62D 
 128      92C6 100F 
 129 0059 C976 77DE 		.ascii	"\311vw\336\373\317o\346\315L\025\006LR\030;\315\030\313\303\007"
 129      FBCF 6FE6 
 129      CD4C 1506 
 129      4C52 183B 
 129      CD18 CBC3 
 130 006e 2C0C A47B 		.ascii	",\f\244{\263\214\025[%IiV\230n\343kS\214\351\016.)\037\354h\312"
 130      B38C 155B 
 130      2549 6956 
 130      986E E36B 
 130      538C E90E 
 131 0088 7D71 3265 		.ascii	"}q2eI\231w\241\251\216\234@K\001\325tR\001\350C\267\002\013H"
 131      4999 77A1 
GAS LISTING /tmp/ccesILmE.s 			page 10


 131      A98E 9C40 
 131      4B01 D574 
 131      5201 E843 
 132 00a0 5C56 5408 		.ascii	"\\VT\b\300]^\307!^\366%*eEt\\\261\272\217j\251^r\304\340\214"
 132      C05D 5EC7 
 132      215E F625 
 132      2A65 4574 
 132      5CB1 BA8F 
 133 00bb 35E0 430B 		.ascii	"5\340C\013\"\220\205\252\371PW#\257\342\006\007\220\321\\\177"
 133      2290 85AA 
 133      F950 5723 
 133      AFE2 0607 
 133      90D1 5C7F 
 134 00cf 135E 7292 		.ascii	"\023^r\222)\201\033\315\362\237\237\026\201\037\007\206\337\375"
 134      2981 1BCD 
 134      F29F 9F16 
 134      811F 0786 
 134      DFFD 
 135 00e1 C181 4639 		.ascii	"\301\201F9\263E\327\203zl\254\032\364\303\006\347\360\0308\002"
 135      B345 D783 
 135      7A6C AC1A 
 135      F4C3 06E7 
 135      F018 3802 
 136 00f5 E111 B8A0 		.ascii	"\341\021\270\240\025\\\f\267\030\264A&\312\3336\266_\311\374"
 136      155C 0CB7 
 136      18B4 4126 
 136      CADB 36B6 
 136      5FC9 FC
 137 0108 A470 AD2C 		.ascii	"\244p\255,\273si\317s\271Fx"
 137      BB73 69CF 
 137      73B9 4678 
 138 0114 CAF0 E45F 		.string	"\312\360\344_O\231A\273\360\034\337\335\214\0352S\222\320\\X{\335d7S\312@s[\257\256u\362S
 138      4F99 41BB 
 138      F01C DFDD 
 138      8C1D 3253 
 138      92D0 5C58 
 139 0215 040C 6E13 		.string	"\004\fn\023\251\250\242 \t\b\206\023\203K\026:F\317\315\311\231r\0071\261[\315G\rn\307\"\
 139      A9A8 A220 
 139      0908 8613 
 139      834B 163A 
 139      46CF CDC9 
 140 02a2 98FB BF2C 		.string	"\230\373\277,\007\214\t\226lN\303p\357\302\204\204\207\241b:L\207q\320\352q\3360\316\004\
 140      078C 0996 
 140      6C4E C370 
 140      EFC2 8484 
 140      87A1 623A 
 141 0327 60BC ACAC 		.ascii	"`\274\254\254"
 142               	.text
 143               		.section	.gnu.lto_chMBResetI.3867bc6f97823cb8,"",@progbits
 144 0000 789C 9D53 		.ascii	"x\234\235SMHTQ\024\276\337\273o\346\315\177\022-\"$\334\211\013"
 144      4D48 5451 
 144      14BE DFBB 
 144      6FE6 CD7F 
 144      122D 2224 
 145 0017 9D20 5AB4 		.ascii	"\235 Z\264n\327&\372Y\265\234!Pj2r\323n\256\343\317\230B\005"
 145      6ED7 26FA 
 145      59B5 9C21 
GAS LISTING /tmp/ccesILmE.s 			page 11


 145      506A 3272 
 145      D36E AEE3 
 146 002f 957F 294F 		.ascii	"\225\177)OH\3212\307\237~l\264r\3242\214,\024\202\310\215\224"
 146      48D1 32C7 
 146      9F7E 6CB4 
 146      72D4 328C 
 146      2C14 82C8 
 147 0045 05A6 2D2C 		.ascii	"\005\246-,\244\022\322\316\271O#\244\f\273\360\316\273\367\334"
 147      A412 D2CE 
 147      B94F 23A4 
 147      0CBB F0CE 
 147      BBF7 DC
 148 0058 73BE F39D 		.ascii	"s\276\363\235\357\235\347\022\020\266)\304^!\304>z\340\0220."
 148      EF9D E712 
 148      10B6 29C4 
 148      5E21 C43E 
 148      7AE0 1230 
 149 006d BD10 A2D4 		.ascii	"\275\020\242\324c\030r\311\022\312g^\033\023B\005$L\307o\002"
 149      6318 72C9 
 149      12CA 675E 
 149      1B13 4205 
 149      244C C76F 
 150 0082 BC51 1E88 		.ascii	"\274Q\036\210\270!M\304qQ\326I\214$?\244\215\274vE+S\267lU\252"
 150      B821 4DC4 
 150      7151 D649 
 150      8C24 3FA4 
 150      8DBC 7645 
 151 009c 8A9D B614 		.ascii	"\212\235\266\024\242\201\036^hG\036EM\226\3674\311\013\322\226"
 151      A281 1E5E 
 151      6847 1E45 
 151      4D96 F734 
 151      C90B D296 
 152 00b0 8049 C7C5 		.ascii	"\200I\307\305\211\306w!>\032\310\241c\325\267\231\327\220{ h"
 152      89C6 7721 
 152      3E1A C8A1 
 152      63D5 B799 
 152      D790 7B20 
 153 00c5 DF9F 1868 		.ascii	"\337\237\030h2s\333\224J\250\314\354"
 153      3273 DB94 
 153      4AA8 CCEC 
 154 00d1 65A8 1DB6 		.string	"e\250\035\266\224\270\tI\200\270\201lt [\220K\240\023\271\034\377\266w\345j\320m^_\257\21
 154      94B8 0949 
 154      80B8 816C 
 154      7420 5B90 
 154      4BA0 13B9 
 155 01d2 BAAB 81C0 		.ascii	"\272\253\201\300@\367\020&\"\032k\256\346\211\365?h\375\032\315"
 155      40F7 1026 
 155      221A 6BAE 
 155      E689 F53F 
 155      68FD 1ACD 
 156 01e6 60B4 FBBF 		.ascii	"`\264\373\277\320\226\223\023\223\001\247M\317F\300\024\r\376"
 156      D096 9313 
 156      9301 A74D 
 156      CF46 C014 
 156      0DFE 
 157 01f8 6690 41A4 		.ascii	"f\220A\2445\344\232\360\323\255\303\255~\322\227SC4\020\030\240"
 157      35E4 9AF0 
GAS LISTING /tmp/ccesILmE.s 			page 12


 157      D3AD C3AD 
 157      7ED2 9753 
 157      4334 1018 
 158 020d E605 06E9 		.ascii	"\346\005\006\351\313\261\236\343\307\2352\336-\252\371@\3270"
 158      CBB1 9EE3 
 158      C79D 32DE 
 158      2DAA F940 
 158      D730 
 159 021f 99F6 4347 		.ascii	"\231\366CG\315\317\311\363A\007\313Gp\216\007\216\303\357\264"
 159      CDCF C9F3 
 159      4107 CB47 
 159      708E 078E 
 159      C3EF B4
 160 0232 5556 5FB9 		.ascii	"UV_\271\346\b\350 ?\373\246\326}ArS\241\341\231\276E?\317\222"
 160      E608 E820 
 160      3FFB A6D6 
 160      7D41 7253 
 160      A1E1 99BE 
 161 024a 1B26 1E51 		.ascii	"\033&\036Qu\r\264\337\211\tQ\230\230G\305\237F2\324\300*b\210"
 161      750D B4DF 
 161      8909 5198 
 161      9847 C59F 
 161      4632 D4C0 
 162 0261 1A23 D528 		.ascii	"\032#\325(\326\226\333\034-_\035v\262\263\266.eF\267\351\372"
 162      D696 DB1C 
 162      2D5F 1D76 
 162      B2B3 B62E 
 162      6546 B7E9 
 163 0276 8B94 C35A 		.ascii	"\213\224\303Z\312\021\252\2709\247Q\315\211\313w/\244\277\007"
 163      CA11 AAB8 
 163      39A7 51CD 
 163      89CB 772F 
 163      A4BF 07
 164 0289 B93B 8B7E 		.ascii	"\271;\213~\265\307\310f\216\237\220h\031\274\342\f=\257j\232"
 164      B5C7 C866 
 164      8E9F 9068 
 164      19BC E20C 
 164      3DAF 6A9A 
 165 029d 2D1A 774A 		.ascii	"-\032wJ\314/(\b\037(,\212\024\035:\232\177\344X\270\270$\034"
 165      CC2F 2808 
 165      1F28 2C8A 
 165      141D 3A9A 
 165      7FE4 58B8 
 166 02b4 2D8E C58A 		.ascii	"-\216\305\212O\323\356TQ$\\r6\032\216\026\306\"\305\347N\224"
 166      4FD3 EE54 
 166      5124 5C72 
 166      361A 8E16 
 166      C622 C5E7 
 167 02ca 1444 858C 		.ascii	"\024D\205\214E\316\374\004\001\272\205\211"
 167      45CE FC04 
 167      01BA 8589 
 168               	.text
 169               		.section	.gnu.lto_chMBReset.3867bc6f97823cb8,"",@progbits
 170 0000 789C 758F 		.string	"x\234u\217;K\003Q\020\205\347\354l\262i\214\215\205`\n\273`\221\254\340O\260\260\024\324_
 170      3B4B 0351 
 170      1085 E7EC 
 170      6CB2 698C 
GAS LISTING /tmp/ccesILmE.s 			page 13


 170      8D85 600A 
 171 0063 74A1 4242 		.ascii	"t\241BB\030\310b\216\213\214\223\311\307\252\321\266\256$\374"
 171      18C8 628E 
 171      8B8C 93C9 
 171      C7AA D1B6 
 171      AE24 FC
 172 0076 E291 35A1 		.ascii	"\342\2215\241\306\233]&*I\352\300:\332\204\272(\354\227y\226"
 172      C69B 5D26 
 172      2A49 EAC0 
 172      3ADA 84BA 
 172      28EC 9779 
 173 008b 5D06 4C69 		.ascii	"]\006Li_\317\226\036\302\2725\320*\355\324\333\3355\270\035$"
 173      5FCF 961E 
 173      C2BA 35D0 
 173      2AED D4DB 
 173      DD35 B81D 
 174 00a0 F561 EEB8 		.ascii	"\365a\356\270lF\327\224\312)\377v\001\252\311e\306\026X\004\261"
 174      6C46 D794 
 174      CA29 FF76 
 174      01AA C965 
 174      C616 5804 
 175 00b5 8908 3610 		.ascii	"\211\b6\020!\371\"l#\252\371\373\203\332bC\320\3741\304\016\202"
 175      21F9 226C 
 175      23AA F9FB 
 175      83DA 6243 
 175      D0FC 31C4 
 176 00cb B23B 552E 		.ascii	"\262;U.\341\253\332\347\244\362OWq\325e\211\255\306iZ }\302\f"
 176      E1AB DAE7 
 176      A4F2 4F57 
 176      71D5 6589 
 176      ADC6 695A 
 177 00e3 1BFA E527 		.ascii	"\033\372\345'\344\275\367Y\326cZ\253Z}\276\261\262\037*\344\262"
 177      E4BD F759 
 177      D663 5AAB 
 177      5A7D BEB1 
 177      B21F 2AE4 
 178 00f8 5962 11C2 		.ascii	"Yb\021\302.\262\342\026\240'\024\274\217p\035.X\022)\302\236"
 178      2EB2 E216 
 178      A027 14BC 
 178      8F70 1D2E 
 178      5812 29C2 
 179 010d 70CB 2C07 		.ascii	"p\313,\007Y\2445W\032\353K\212=*\177\222yo\355\037\316\024n\377"
 179      59A4 3557 
 179      1AEB 4B8A 
 179      3D2A 7F92 
 179      796F ED1F 
 180 0125 977B 41CE 		.ascii	"\227{A\316\333\236\3037\250cZ\026\223\335\3055\026\217\333\235"
 180      DB9E C337 
 180      A863 5A16 
 180      93DD C535 
 180      168F DB9D 
 181 0139 0349 27D9 		.ascii	"\003I'\331\335\033\353\351\263\323\031;\221N\245\322CR\r&\035"
 181      DD1B EBE9 
 181      B3D3 193B 
 181      914E A5D2 
 181      4352 0D26 
 182 014e 3B33 92B0 		.ascii	";3\222\260\023\003)'=\332\237\211'\210S\316\360\027\022\320\213"
GAS LISTING /tmp/ccesILmE.s 			page 14


 182      1303 2927 
 182      3DDA 9F89 
 182      2788 53CE 
 182      F017 12D0 
 183 0163 32        		.ascii	"2"
 184               	.text
 185               		.section	.gnu.lto_chMBPostS.3867bc6f97823cb8,"",@progbits
 186 0000 789C 6D52 		.string	"x\234mR\335K\024q\024\275w\356\314\354\272\256\037\224\017\021\022\276\210\371\240\323C\0
 186      DD4B 1471 
 186      14BD 77EE 
 186      CCEC BAAE 
 186      1F94 0F11 
 187 0067 38C4 3FB4 		.ascii	"8\304?\264\001JW\306\001\002vI\242\260\002\272C^|\t\240;\te\253"
 187      014A 57C6 
 187      0102 7649 
 187      A2B0 02BA 
 187      435E 7C09 
 188 0080 2F4B CAA4 		.ascii	"/K\312\244\306}uh"
 188      C67D 7568 
 189 0088 17B7 1554 		.string	"\027\267\025TE\033UD\361\326\355\b~\211dEE?^\246\006\302\267\025}-TG\006\001\312\\\376X\0
 189      451B 5544 
 189      F1D6 ED08 
 189      7E89 6445 
 189      453F 5EA6 
 190 0189 52B2 1999 		.string	"R\262\031\231\300\270\276\221\250\322\343\317\265\304\322\350v\247\204\"\013\205%\360\252
 190      C0B8 BE91 
 190      A8D2 E3CF 
 190      B5C4 D2E8 
 190      76A7 8422 
 191 01ab 35CC 21F6 		.ascii	"5\314!\366Y\313\316\371M"
 191      59CB CEF9 
 191      4D
 192 01b4 B358 F1E1 		.string	"\263X\361\341\351\327\210*hC$\234\337\250|\362\306&\234\023\002\336O\212\251\345\214\303\
 192      E9D7 882A 
 192      6843 249C 
 192      DFA8 7CF2 
 192      C626 9C13 
 193 02b5 3E61 3505 		.ascii	">a5\005\205\205\332\201b\217\313s\370h\301\221c\232\257Ls\373"
 193      8585 DA81 
 193      628F CB73 
 193      F868 C191 
 193      639A AF4C 
 194 02cb BC5E DF59 		.ascii	"\274^\337Y\376:\343qie\245n\315]\354u\371\316\027\225\025\272"
 194      FE3A E371 
 194      6965 A56E 
 194      CD5D EC75 
 194      F9CE 1795 
 195 02e1 81BC AE12 		.ascii	"\201\274\256\022\362\226\235\264\225{\274E\276s\345j\351\211"
 195      F296 9DB4 
 195      957B BC45 
 195      BE73 E56A 
 195      E989 
 196 02f3 0B5C FE01 		.ascii	"\013\\\376\001fvA\204"
 196      6676 4184 
 197               	.text
 198               		.section	.gnu.lto_chMBPost.3867bc6f97823cb8,"",@progbits
 199 0000 789C 7591 		.string	"x\234u\221Oh\023Q\020\306gv6\331T\261\225\322\223\366\340\245\304\"\315\366\340\301\243 x
GAS LISTING /tmp/ccesILmE.s 			page 15


 199      4F68 1351 
 199      10C6 6776 
 199      36D9 54B1 
 199      95D2 93F6 
 200 0067 D8CF 1F12 		.string	"\330\317\037\022\240v\347\003@2\240!\312A\005\020\022\032&\3606e\t?^/M\320(9,\323\271\374
 200      A076 E703 
 200      4032 A021 
 200      CA41 0510 
 200      121A 26F0 
 201 00b9 9737 D7BF 		.string	"\2277\327\277}F\352E\340s9\365fB\017>P*\245\252\013\367Pu8DXD\022\316\243&\207\257"
 201      7D46 EA45 
 201      E073 39F5 
 201      6642 0F3E 
 201      502A A5AA 
 202 00dc 1F63 90E5 		.ascii	"\037c\220\345\263\245\312'\235\016\273\326\215t\371\035\212\225"
 202      B3A5 CA27 
 202      9D0E BBD6 
 202      8D74 F91D 
 202      8A95 
 203 00ee 13AC 8EB9 		.ascii	"\023\254\216\271V\r\237x\326\302\177\253\006\370\324\265\276"
 203      560D 9F78 
 203      D6C2 7FAB 
 203      06F8 D4B5 
 203      BE
 204 00ff 6F        		.ascii	"o"
 205 0100 AC55 DBBC 		.string	"\254U\333\274q4.\347\177\316\332\273\275L{\271\\\030\035[j\245#.x\263\366v\315hf\252\235\
 205      7134 2EE7 
 205      7FCE DABB 
 205      BD4C 7BB9 
 205      5C18 1D5B 
 206 0201 59E1 4B64 		.ascii	"Y\341Kd\305\317\033\203Q\253/vy\320?p\356*\227\177\001\335\224"
 206      C5CF 1B83 
 206      51AB 2F76 
 206      79D0 3F70 
 206      EE2A 977F 
 207 0218 D860      		.ascii	"\330`"
 208               	.text
 209               		.section	.gnu.lto_chMBPostI.3867bc6f97823cb8,"",@progbits
 210 0000 789C 9554 		.string	"x\234\225T[OTW\024\336\337\331\3476\314p\32001>\220\206\247\"\017r|0\361\007\370\003L\254
 210      5B4F 5457 
 210      14DE DFD9 
 210      E736 CC70 
 210      D030 313E 
 211 0024 D20A 69A7 		.ascii	"\322\ni\2474\362\342\333\234\031P\210&j\242r\013\344\220T\242"
 211      34F2 E2DB 
 211      9C19 5088 
 211      266A A272 
 211      0BE4 9054 
 212 0039 D68A 88B5 		.ascii	"\326\212\210\265\224\361\206\320\212 H!ij\365\305\013\321\214"
 212      94F1 86D0 
 212      8A20 4821 
 212      696A F5C5 
 212      0BD1 8C
 213 004c F7DA D85A 		.ascii	"\367\332\330Z\024\351Z{\217\0036-f&\231}\366^{\255\357\373\326"
 213      14E9 5A7B 
 213      8F03 362D 
 213      6626 997D 
GAS LISTING /tmp/ccesILmE.s 			page 16


 213      F65E 7BAD 
 214 0063 DA6B 6F4B 		.ascii	"\332koK@\264\331Bl\022B\324\322\037\021\001\343\300u!R\256a\310"
 214      40B4 D942 
 214      6C12 42D4 
 214      D21F 1101 
 214      E3C0 7521 
 215 007b 1E4B 0445 		.ascii	"\036K\004E\346\363\253B\0041\tS\333M\303m\007\331\255W\223l\267"
 215      E6F3 AB42 
 215      0431 0953 
 215      DB4D C36D 
 215      07D9 AD57 
 216 0092 0CBB A582 		.ascii	"\f\273\245\202\226\016\2171\033\216\366r\340\352\211\013\360"
 216      960E 8F31 
 216      1B8E F672 
 216      E0EA 890B 
 216      F0
 217 00a3 2470 2192 		.ascii	"$p!\222\2064-\333q\221\304~\331&1\323\324\337%\367\311P\n\230"
 217      8634 2DDB 
 217      7191 C47E 
 217      D926 31D3 
 217      D4DF 25F7 
 218 00bb B4FC FD4D 		.ascii	"\264\374\375M\367`\204\227@\234\226\251\205\251\275n\345\321"
 218      F760 8497 
 218      409C 96A9 
 218      85A9 BD6E 
 218      E5D1 
 219 00cd 807E C36D 		.ascii	"\200~\303m/\274\266\324\256u\2414D\007y\037C\031\216\242\214"
 219      2FBC B6D4 
 219      AE75 A134 
 219      4407 791F 
 219      4319 8EA2 
 220 00e2 F51E 4725 		.ascii	"\365\036G%\207Nu\336\363th9-[^\335\276\001\271\201R\223\030L"
 220      874E 75DE 
 220      F374 6839 
 220      2D5B 5EDD 
 220      BE01 B981 
 221 00fa 67BA CC8A 		.ascii	"g\272\314\212\336 H\007\303s\007\021\304C)q\002\222q\276\311"
 221      DE20 4807 
 221      C373 0711 
 221      C443 2971 
 221      0292 71BE 
 222 010f E190 49E0 		.ascii	"\341\220I\340[T\220\373d\377\320\257\246\334\250B_\357\031\034"
 222      5B54 90FB 
 222      64FF D0AF 
 222      A6DC A842 
 222      5FEF 191C 
 223 0123 0587 9282 		.ascii	"\005\207\222\2027\207T\250\201\223:\364X>\324\020\350C\005\373"
 223      3787 54A8 
 223      8193 3AF4 
 223      583E D410 
 223      E843 05FB 
 224 0137 DF3D FDF6 		.ascii	"\337=\375\366p\261m~-\005\253$q\247`\203>d85\213\341\340\355"
 224      70B1 6D7E 
 224      2D05 AB24 
 224      71A7 6083 
 224      3E64 3835 
 225 014f 6233 69E8 		.ascii	"b3i\350\305\331-k\301\201\026\230\324\245\251\031\341\241\210"
GAS LISTING /tmp/ccesILmE.s 			page 17


 225      C5D9 2D6B 
 225      C181 1698 
 225      D4A5 A919 
 225      E1A1 88
 226 0162 062B CA43 		.ascii	"\006+\312C\214\227\036\rv\t\017\253\301\024\245<\215\363\260"
 226      8C97 1E0D 
 226      7609 0FAB 
 226      C114 A53C 
 226      8DF3 B0
 227 0175 8606 4788 		.ascii	"\206\006G\210=D\302\265\335K\032\350+\347\320ts\364\3769\233"
 227      3D44 C2B5 
 227      DD4B 1AE8 
 227      2BE7 D074 
 227      73F4 FE39 
 228 018a 79BB A545 		.ascii	"y\273\245E\212Zw\215L;\\\027\t\201~U1v\227\242\307\222\217\320"
 228      8A5A 778D 
 228      4C3B 5C17 
 228      0981 7E55 
 228      3176 97A2 
 229 01a2 54CE 9EAC 		.ascii	"T\316\236\254|h\350\361-'\271\020\270\241t;$k>\215\244X\016\020"
 229      7C68 E8F1 
 229      2D27 B910 
 229      B8A1 743B 
 229      246B 3E8D 
 230 01ba 5115 699C 		.ascii	"Q\025i\234\277\364\207G~k\311\300i\262m\274\363\304\347!\272"
 230      BFF4 8747 
 230      7E6B C9C0 
 230      69B2 6DBC 
 230      F3C4 E721 
 231 01cf 53AB 4259 		.ascii	"S\253BY\2043t\266\003\314C\033\213\017\007\372\"\344\334\036"
 231      8433 74B6 
 231      03CC 431B 
 231      8B0F 07FA 
 231      22E4 DC1E 
 232 01e3 04E5 0CF0 		.ascii	"\004\345\f\360\035B(B\234E2\224Q%\305T\312\263\030\311d/>\200"
 232      1D42 2842 
 232      9C45 3294 
 232      5125 C554 
 232      CAB3 18C9 
 233 01fb 56EE 52F0 		.ascii	"V\356R\360_c\023-1\206\rTt\214\362\321\t\320^\357\\\272\317\361"
 233      5F63 132D 
 233      3186 0D54 
 233      748C F2D1 
 233      09D0 5EEF 
 234 0213 4F06 7AAB 		.ascii	"O\006z\253\030\337\023p;\253\341\315\013gf\257\030\264\331\224"
 234      18DF 1370 
 234      3BAB E1CD 
 234      0B67 66AF 
 234      18B4 D994 
 235 0227 E2        		.ascii	"\342"
 236 0228 4D0F 83F0 		.string	"M\017\203\360\3339#\201\037\340\013*\321\364\350\306%\232|~\036\025h(_ KPskU\023\333\265w
 236      DB39 2381 
 236      1FE0 0B2A 
 236      D1F4 E8C6 
 236      259A 7C7E 
 237 0329 5606 2FC6 		.string	"V\006/\306\224\002\267t\243\335:r\371H\224^\207\\\361\035\\'\345\002\323\364\356\374\317\
 237      9402 B774 
GAS LISTING /tmp/ccesILmE.s 			page 18


 237      A3DD 3A72 
 237      F948 945E 
 237      875C F11D 
 238 03b8 472D 2CAD 		.ascii	"G-,\255"
 239               	.text
 240               		.section	.gnu.lto_chMBPostAheadS.3867bc6f97823cb8,"",@progbits
 241 0000 789C 6D52 		.string	"x\234mR]H\024a\024\275w\356\314\354\252\353\017\342C\204\204/b>\350\364\320C\217A\320KDPA
 241      5D48 1461 
 241      14BD 77EE 
 241      CCEC AAEB 
 241      0FE2 4384 
 242 0064 FB01 E020 		.string	"\373\001\340 \377\320\006(]y\005\340\265K\022\205\024\320\223\345\205g"
 242      FFD0 0628 
 242      5D79 05E0 
 242      B54B 1285 
 242      14D0 93E5 
 243 007b BA83 50B6 		.string	"\272\203P\266\372\262\244Lj\334W\207wp[AU\264QE\024o\335\216\340\221HVT\364\340ej\"|S\031
 243      FAB2 A44C 
 243      6ADC 5787 
 243      7770 5B41 
 243      55B4 5145 
 244 011c FB4C E8E3 		.string	"\373L\350\343\215\245X\272eG\342rb!\036L\2614ep\371\241\276\341K\032\3551\211W\347\206\22
 244      8DA5 58BA 
 244      6547 E272 
 244      6221 1E4C 
 244      B134 6570 
 245 01e3 CF02 46D0 		.ascii	"\317\002F\320\003\377\022\330L\323\227VF\026\323xn\0337\204"
 245      03FF 12D8 
 245      4CD3 9756 
 245      4616 D378 
 245      6E1B 3784 
 246 01f7 0DD1 7BDE 		.string	"\r\321{\336\322s\312\300\2407\303 ;F\371/uO\334\303\007\033\337\007\373\222x\270Y\327s\00
 246      D273 CAC0 
 246      A037 C320 
 246      3B46 F92F 
 246      754F DCC3 
 247 02f8 5425 4190 		.ascii	"T%A\220"
 248               	.text
 249               		.section	.gnu.lto_chMBPostAhead.3867bc6f97823cb8,"",@progbits
 250 0000 789C 7591 		.string	"x\234u\221Ah\023Q\020\206gv6\331-b#\322\223\366\340\245\304\036\232\365\340\301\233\202\3
 250      4168 1351 
 250      1086 6776 
 250      36D9 2D62 
 250      23D2 93F6 
 251 0067 D8CF 1F12 		.ascii	"\330\317\037\022\240v\373\003@\306\324\020\345\240L\204\264\206"
 251      A076 FB03 
 251      40C6 D410 
 251      E5A0 4C84 
 251      B486 
 252 0079 69BC 4505 		.ascii	"i\274E\005\302\217\203\325q\032!\217e:\227\2777\334Z\233\224"
 252      C28F 83D5 
 252      711A 218F 
 252      653A 97BF 
 252      37DC 5A9B 
 253 008e 881D 5C66 		.ascii	"\210\035\\f6\027\362f\367\244\342\325(4#\205\314\320A\2174(\262"
 253      3617 F266 
 253      F7A4 E2D5 
GAS LISTING /tmp/ccesILmE.s 			page 19


 253      2834 2385 
 253      CCD0 418F 
 254 00a5 BA8C 9D38 		.ascii	"\272\214\2358\211\235\322\342\001v\213u\341\356\367"
 254      899D D2E2 
 254      0176 8B75 
 254      E1EE F7
 255 00b4 F6C0 7A80 		.string	"\366\300z\200\313\033\353\337\276 \035B\340s-\373j\\\217\336W*\253\032oGQuxD8\205$\234\20
 255      CB1B EBDF 
 255      BE20 1D42 
 255      E073 2DFB 
 255      6A5C 8FDE 
 256 01b5 6B2C 7589 		.ascii	"k,u\211\\\322]\nyd\202\300g\376\007\347 \370\262\005\377\211"
 256      5CD2 5D0A 
 256      7964 82C0 
 256      67FE 07E7 
 256      20F8 B205 
 257 01cb D9D2 EB6D 		.ascii	"\331\322\353m\270\314\234\343\346\234\217\261=\261\230u\274/"
 257      B8CC 9CE3 
 257      E69C 8FB1 
 257      3DB1 9875 
 257      BC2F 
 258 01dd 6127 4E9E 		.ascii	"a'N\236\3569u\306J\246\254x\322q\222\027\371t!a[\251\376\270"
 258      EE39 75C6 
 258      4AA6 AC78 
 258      D271 9217 
 258      F974 2161 
 259 01f5 15EF 73EC 		.ascii	"\025\357s\354\344\225\336T,\016\344\330\227\310I\2357\006\022"
 259      E495 DE54 
 259      2C0E E4D8 
 259      97C8 499D 
 259      3706 12
 260 0208 4E6F F2F2 		.ascii	"No\362\362@\270\377\334U.\377\001\030\232\330A"
 260      40B8 FFDC 
 260      552E FF01 
 260      189A D841 
 261               	.text
 262               		.section	.gnu.lto_chMBPostAheadI.3867bc6f97823cb8,"",@progbits
 263 0000 789C 9554 		.ascii	"x\234\225T]O\\U\024=\353\236\3735\3140\224B\033bH\344I\332\207"
 263      5D4F 5C55 
 263      143D EB9E 
 263      FB35 CC30 
 263      9442 1B62 
 264 0019 727D 68D2 		.ascii	"r}h\322\370\344\203?\300D\215?`\210\021RGLy\321\247\271\003\264"
 264      F8E4 833F 
 264      C044 8D3F 
 264      6088 1152 
 264      474C 79D1 
 265 0031 1088 AD0F 		.ascii	"\020\210\255\017\026\006\002\031\022\213m\305R\n*\316\264Z\312"
 265      1606 0219 
 265      128B 6DC5 
 265      520A 2ACE 
 265      B45A CA
 266 0044 28ED 543E 		.ascii	"(\355T>,\332\224\264/\006I\fV\215\03716\330v\334\373\234\313"
 266      2CDA 94B4 
 266      2F06 490C 
 266      568D 1F31 
 266      36D8 76DC 
GAS LISTING /tmp/ccesILmE.s 			page 20


 267 005b 0C9A 4A33 		.ascii	"\f\232J3\223\314\276\347\354\263\367Zk\357{\356\266\004D\255"
 267      93CC BEE7 
 267      ECB3 F75A 
 267      6BEF 7BEE 
 267      B604 44AD 
 268 006f 23C4 2121 		.ascii	"#\304!!D\013\375\021\0220\336Y\022\"\351\032\206\034\265\204"
 268      440B FD11 
 268      1230 DE59 
 268      1222 E91A 
 268      861C B584 
 269 0083 5F61 FE7A 		.ascii	"_a\376zM\b?\"aj\277i\270)\220\337\272\267\300~\313\260{\032i"
 269      4D08 3F22 
 269      616A BF69 
 269      B829 90DF 
 269      BAB7 C07E 
 270 009c EBB0 8DD8 		.ascii	"\353\260\215\330pt\224\003W/\\\200\027\276\013\2210\244i\331"
 270      7074 9403 
 270      572F 5C80 
 270      17BE 0B91 
 270      30A4 69D9 
 271 00b0 8E8B 044E 		.ascii	"\216\213\004N\310\001\211\033]\223\303\362\270LK\001\223\266"
 271      C801 891B 
 271      5D93 C3F2 
 271      B84C 4B01 
 271      93B6 
 272 00c2 BFDD 1F99 		.ascii	"\277\335\037\231\t\361\026\250\245m\362\301b\237\273\377\264"
 272      09F1 16A8 
 272      A56D F2C1 
 272      629F BBFF 
 272      B4
 273 00d3 4FBF D981 		.ascii	"O\277\331\201\315\232\201\344\321}ii\210A\212>\203z\234F=\353"
 273      CD9A 81E4 
 273      D17D 6969 
 273      8841 8A3E 
 273      837A 9C46 
 274 00e9 3D8B FD9C 		.ascii	"=\213\375\234\2728\364}T\2476\320\266\347\336w\253\220OC\320"
 274      BA38 F47D 
 274      54A7 36D0 
 274      B6E7 DE77 
 274      AB90 4F43 
 275 00fe 7AA6 233B 		.ascii	"z\246#;l6\216\371~\207?\273\360.\374\332\264\224\030\207d\234"
 275      6C36 8EF9 
 275      7E87 3FBB 
 275      F02E FCDA 
 275      B494 1887 
 276 0114 0F02      		.ascii	"\017\002"
 277 0116 1C72 097C 		.string	"\034r\t|\210F\n_\230\314\3342\345A\225\372w\357L\016\234J\n\326O\252T\003\347t\352\231b\2
 277      8846 0A5F 
 277      98CC DC32 
 277      E541 95FA 
 277      77EF 4C0E 
 278 0217 9D8D AD77 		.ascii	"\235\215\255wL8\3369_\037U\342\023\002N\261\032>\374lze\336\240"
 278      4C38 DE39 
 278      5F1F 55E2 
 278      1302 4EB1 
 278      1A3E FC6C 
 279 022f C3AE 241F 		.ascii	"\303\256$\037F1\003/\305\025\t|\nOP\213\226s\007K4\305\372\242"
GAS LISTING /tmp/ccesILmE.s 			page 21


 279      4631 032F 
 279      C515 097C 
 279      0A4F 508B 
 279      9673 074B 
 280 0247 D4A0 4CB1 		.ascii	"\324\240L\261A\226\240k\256U\275}XG\207\312\024\225\335I\324"
 280      4196 A06B 
 280      AE55 BD7D 
 280      5847 87CA 
 280      1495 DD49 
 281 025c C5A2 A84B 		.ascii	"\305\242\250K$j\003\035\277w\007\265W\020\0239:\373\217\005\216"
 281      246A 031D 
 281      BF77 07B5 
 281      5710 1339 
 281      3AFB 8F05 
 282 0271 30F9 0821 		.ascii	"0\371\b!\273z\363\020\353\264P(\020\036\221n\317\"%ar\314\365"
 282      BB7A F310 
 282      EBB4 5028 
 282      101E 916E 
 282      CF22 2561 
 283 0288 8778 5FA6 		.ascii	"\207x_\246\322\317wRz\271\250t\026\036\0211mv\343x\237\243\211"
 283      D2CF 7752 
 283      7AB9 A874 
 283      161E 1131 
 283      6D76 E378 
 284 029f A365 71D9 		.ascii	"\243eq\331\270\242\270\f\306\233S\225w\016\037{KCUi\264\334\204"
 284      B8A2 B80C 
 284      C69B 5395 
 284      770E 1F7B 
 284      4B43 5569 
 285 02b6 9F0A EBF1 		.ascii	"\237\n\353\361p\277\360,r\272\322\376\274\375\210\312F\217\210"
 285      70BF F02C 
 285      72BA D2FE 
 285      BCFD 88CA 
 285      468F 88
 286 02c9 C7F0 7D51 		.ascii	"\307\360}Q\342\373\222\365W)\375\371g4eu\231\352\347\025\232"
 286      E2FB 92F5 
 286      5729 FDF9 
 286      6734 6575 
 286      99EA E715 
 287 02de FAC8 AFEA 		.ascii	"\372\310\257\352"
 288 02e2 CBB4 B475 		.string	"\313\264\264u\231H}upylq\351)\251\332tb<\254Ow\227ItM\021\231L\224\337jS&hy\r\301\225\332
 288      9948 7D75 
 288      7079 6C71 
 288      E929 A9DA 
 288      7462 3CAC 
 289 03e3 0BF0 50F2 		.ascii	"\013\360P\362"
 290               	.text
 291               		.section	.gnu.lto_chMBFetchS.3867bc6f97823cb8,"",@progbits
 292 0000 789C 6D52 		.string	"x\234mR_HSq\024>\347\376\356\237\315\315)!\024!\341\213\230\017z{\350\245\307\360\241\307
 292      5F48 5371 
 292      143E E7FE 
 292      EE9F CDCD 
 292      2921 1421 
 293 0066 708A FE68 		.string	"p\212\376h\001\024n\276\001\360[\004A\fK\240%\260\345Q"
 293      0114 6EBE 
 293      01F0 5B04 
 293      410C 4BA0 
GAS LISTING /tmp/ccesILmE.s 			page 22


 293      25B0 E551 
 294 007b CDCE 0471 		.ascii	"\315\316\004q\306F\245\324=\304K\021%\023&\t\362\224J}"
 294      C646 A5D4 
 294      3DC4 4B11 
 294      2513 2609 
 294      F294 4A7D 
 295 008f A57F 1FB5 		.string	"\245\177\037\265eTx\033\025D\376\324,\b>\201\211\222\254\240\017o\260 \303\211\342\216{\2
 295      6554 781B 
 295      1544 FED4 
 295      2C08 3E81 
 295      8992 ACA0 
 296 0190 21D6 6C9F 		.string	"!\326l\237\304\210\026\335*\325\"\321\323\345\303#\013\202]@\036\006\315M\276d\232\2046\3
 296      C488 16DD 
 296      2AD5 22D1 
 296      D3E5 C323 
 296      0B82 5D40 
 297 01b3 9493 08DF 		.ascii	"\224\223\b\337h\005m\203\236l\016\213\337\017\177\234\227\271"
 297      6805 6D83 
 297      9E6C 0E8B 
 297      DF0F 7F9C 
 297      97B9 
 298 01c5 6E88 71EB 		.ascii	"n\210q\353wK\206\336"
 298      774B 86DE 
 299 01cd 2ADC 3A43 		.string	"*\334:C\300\307\261i*(d\372~\fx\216\211e;\261\"a{\342X\021\202\311l\021\213\3238\222;\351
 299      C0C7 B169 
 299      2A28 64FA 
 299      7E0C 788E 
 299      8965 3BB1 
 300 02ce 3AA1 69B2 		.ascii	":\241i\262\262\263\325\234\274|g\376\321\343Y\307N\250\036\257"
 300      B2B3 D59C 
 300      BC7C 67FE 
 300      D1E3 59C7 
 300      4EA8 1EAF 
 301 02e2 EAF2 B8DD 		.ascii	"\352\362\270\335\236\213\364v!\337\251z\013]\252+\317\355\364"
 301      9E8B F476 
 301      21DF A97A 
 301      0B5D AA2B 
 301      CFED F4
 302 02f5 5CC9 F566 		.ascii	"\\\311\365f\273\200\271\235\005\242\333{\266@)\312w\347z.\027"
 302      BB80 B99D 
 302      05A2 DB7B 
 302      B640 29CA 
 302      77E7 7A2E 
 303 030a C985 67AE 		.ascii	"\311\205g\256R\375\007\242\372S#"
 303      52FD 07A2 
 303      FA53 23
 304               	.text
 305               		.section	.gnu.lto_chMBFetch.3867bc6f97823cb8,"",@progbits
 306 0000 789C 7591 		.string	"x\234u\221Kh\023Q\024\206\317?g\222I\020[)\005A\273pSb\027M\\\270q).\\\n*\270q\225Xl\3001
 306      4B68 1351 
 306      1486 CF3F 
 306      6792 4910 
 306      5B29 0541 
 307 0076 A50C A470 		.ascii	"\245\f\244p\2163\214W\247\212\303<\3009\221\231\222\376XrKA\235"
 307      8E33 8C57 
 307      A78A C33C 
 307      C039 9199 
GAS LISTING /tmp/ccesILmE.s 			page 23


 307      92FE 5872 
 308 008d 028D 923A 		.ascii	"\002\215\222:\313\223\375\201\226\021%_93\2701\343to\315\261"
 308      CB93 FD81 
 308      9611 255F 
 308      3933 B831 
 308      E374 6FCD 
 309 00a2 4159 518F 		.ascii	"AYQ\217\242\t#h\322%\256\242E['/}\250\253Z\267H\332\273\370\376"
 309      A209 2368 
 309      D225 AEA2 
 309      455B 272F 
 309      7DA8 AB5A 
 310 00bc 0D78 1B48 		.ascii	"\rx\033H\342R\372\301\260\031\272\242TZ\225?^\204j\3141\343:"
 310      E252 FAC1 
 310      B019 BAA2 
 310      545A 953F 
 310      5E84 6ACC 
 311 00d3 5873 AED5 		.ascii	"Xs\256\3258rE\270\201\220\310\2378\337~Z\274\335\263\276\376"
 311      3872 45B8 
 311      8190 C89F 
 311      38DF 7E5A 
 311      BCDD B3BE 
 312 00e8 5A99 B16A 		.ascii	"Z\231\261j\326gC\236\325\304\315\177\255&\241\340Y\237\257.\224"
 312      D667 439E 
 312      D5C4 CD7F 
 312      AD26 A1E0 
 312      599F AF2E 
 313 00fd EBAB E318 		.ascii	"\353\253\343\030\222N}\177\341\256\253\366\264A\322\331\201\301"
 313      924E 7D7F 
 313      E1AE ABF6 
 313      B441 D2D9 
 313      81C1 
 314 010f 4F75 BCC3 		.ascii	"Ou\274\303\003/\315?ZX\003\037\320\\\037\306\253\334\242p\307"
 314      032F CD3F 
 314      5A58 031F 
 314      D05C 1FC6 
 314      ABDC A270 
 315 0124 3CAE 8F70 		.ascii	"<\256\217p\013!-\357Y\254\024\353y\247g\355>\373\313\341\346"
 315      0B21 2DEF 
 315      59AC 14EB 
 315      79A7 67ED 
 315      3EFB CBE1 
 316 0139 CBDE 56DE 		.ascii	"\313\336V\336\3156\\p\324\2502e/\270]\365\377Y\riye|eh\275\337"
 316      CD36 5C70 
 316      D4A8 3265 
 316      2FB8 5DF5 
 316      FF59 0D69 
 317 0154 C41D 34EB 		.ascii	"\304\0354\353\315\311\302\356\302\0179\364\315\330\024\312je"
 317      CDC9 C2EE 
 317      C20F 39F4 
 317      CDD8 14CA 
 317      6A65 
 318 0166 B547 95A7 		.ascii	"\265G\225\247\017\236y:\375\326\bJ\257\262\006\023z\"\037t}\213"
 318      0F9E 793A 
 318      FDD6 084A 
 318      AFB2 0613 
 318      7A22 1F74 
 319 017c 3C2F F589 		.ascii	"</\365\211Y\277`\277<\201\234<\207\223\371R\2015N\327\231\230"
GAS LISTING /tmp/ccesILmE.s 			page 24


 319      59BF 60BF 
 319      3C81 9C3C 
 319      8793 F952 
 319      8135 4ED7 
 320 0192 989F B152 		.ascii	"\230\237\261R\313*\220c\177\226u\201{H\311\020\026\315\341t\376"
 320      CB2A 9063 
 320      7F96 7581 
 320      7B48 C910 
 320      16CD E174 
 321 01a7 6161 9316 		.ascii	"aa\223\026\272l\375-\rd\205F(\211\324ev\331t\331\227\343 i\370"
 321      BA6C FD2D 
 321      0D64 8546 
 321      2889 D465 
 321      76D9 74D9 
 322 01c0 E3FF C1A5 		.ascii	"\343\377\301\245\021\334\257\301\277 \235\377\274\006\3273\367"
 322      11DC AFC1 
 322      BF20 9DFF 
 322      BC06 D733 
 322      F7
 323 01d1 4971 E94F 		.ascii	"Iq\351O\260\255\341pdW{<\032\337\263\257u\357\376H\"\031\211"
 323      B0AD E170 
 323      6457 7B3C 
 323      1ADF B3AF 
 323      75EF FE48 
 324 01e8 256C 3B71 		.ascii	"%l;qT\242#\361h$\331\031\213\304\332\355h\342x[2\034#\266\243"
 324      54A2 23F1 
 324      6824 D919 
 324      8BC4 DAED 
 324      68E2 785B 
 325 0201 1DA6 9D3C 		.ascii	"\035\246\235<\334au\305\355\266\304\261.\177\347\241\023\222"
 325      DC61 75C5 
 325      EDB6 C4B1 
 325      2E7F E7A1 
 325      1392 
 326 0213 FF06 B7FD 		.ascii	"\377\006\267\375\331\177"
 326      D97F 
 327               	.text
 328               		.section	.gnu.lto_chMBFetchI.3867bc6f97823cb8,"",@progbits
 329 0000 789C 9554 		.string	"x\234\225T\337o\323U\024\277\237\357\375\376l\273\256\222.H\334\303\236\034<\260\257\017$
 329      DF6F D355 
 329      14BF 9FEF 
 329      FDFE 6CBB 
 329      AE92 2E48 
 330 004d 2FC5 0D7F 		.ascii	"/\305\r\177\020#Y\200y\316\275\265[p\216\264Io\3579\367s\316"
 330      1023 5980 
 330      79CE BDB5 
 330      5B70 8EB4 
 330      496F EF39 
 331 0064 E773 4EEF 		.ascii	"\347sN\357=\226\200\270k\013\361\222\020b\037}\021\0220\016_"
 331      3D96 80B8 
 331      6B0B F192 
 331      1062 1F7D 
 331      1112 300E 
 332 0079 1322 ED1A 		.ascii	"\023\"\355\032\206y\314\022AH\376~E\210 \"\r\363\3070\231\326"
 332      8679 CC12 
 332      4148 FE7E 
 332      4588 2022 
GAS LISTING /tmp/ccesILmE.s 			page 25


 332      0DF3 C730 
 333 008f B902 9B26 		.ascii	"\271\002\233&,\r\263\f\257\027\344\267\037L\263\3376\234\256"
 333      2C0D B30C 
 333      AF17 E4B7 
 333      1F4C B3DF 
 333      369C AE
 334 00a2 4632 5D5E 		.ascii	"F2]^#\016\\\215r\341\351\215\007\360&p!R\2064-\333!W\n\037\312"
 334      230E 5C8D 
 334      72E1 E98D 
 334      07F0 2670 
 334      2152 8634 
 335 00bd 1E89 B98E 		.ascii	"\036\211\271\2163\375\362\003\231\225\002&\231\177<\034\030\363"
 335      33FD F203 
 335      9995 0226 
 335      997F 3C1C 
 335      18F3 
 336 00cf D804 E264 		.ascii	"\330\004\342d\246\037\315\034rw\234\b\350\223\3579\374\\Oz\377"
 336      A61F CD1C 
 336      7277 9C08 
 336      E893 EF39 
 336      FC5C 4F7A 
 337 00e4 F6AC 3444 		.ascii	"\366\2544D\037\241?A=N\240\236\365\237\304\016\016\2359z;\252"
 337      1FA1 3F41 
 337      3D4E A09E 
 337      F59F C40E 
 337      0E9D 397A 
 338 00fa 431B C8EC 		.ascii	"C\033\310\354z\360\313\002\344\013\020\264\037\313\344\372\315"
 338      7AF0 CB02 
 338      E40B 10B4 
 338      1FCB E4FA 
 338      CD
 339 010b C6C1 20C8 		.ascii	"\306\301 \310\004\371\245\217\020\304\263R\342\024$\347\371\264"
 339      04F9 A58F 
 339      10C4 B352 
 339      E214 24E7 
 339      F9B4 
 340 011d 9C87 5C02 		.ascii	"\234\207\\\002\237\241\221\340\023\351\337\356;r\227\n\375\376"
 340      9FA1 91E0 
 340      13E9 DFEE 
 340      3B72 970A 
 340      FDFE 
 341 012f DEAD A253 		.ascii	"\336\255\242S\016\235>\242BM\f=\031j\n\f\243\221\361\267\316"
 341      0E9D 3EA2 
 341      424D 0C3D 
 341      196A 0A0C 
 341      A391 F1B7 
 342 0144 3E3E 5263 		.ascii	">>Rc\233\037K\301*I\334i\330\240\037r\234\236G>x\274\332\031"
 342      9B1F 4BC1 
 342      2A49 DC69 
 342      D8A0 1F72 
 342      9C9E 473E 
 343 015c E41F 0E62 		.ascii	"\344\037\016b\356\365m\240@\303\002\223\332\340x\217\034V\210"
 343      EEF5 6DA0 
 343      40C3 0293 
 343      DAE0 788F 
 343      1C56 88
 344 016f 9730 2D76 		.ascii	"\2270-v\204\227\0326k\231\"\306\313\026Z\2348\357\352x\331J\213"
GAS LISTING /tmp/ccesILmE.s 			page 26


 344      8497 1A36 
 344      6B99 22C6 
 344      CB16 5A9C 
 344      38EF EA78 
 345 0186 2BC4 4162 		.ascii	"+\304Ab\342\016\037\242\336\320\257\274\203\216\305\311\237\227"
 345      E20E 1FA2 
 345      DED0 AFBC 
 345      838E C5C9 
 345      9F97 
 346 0198 6C26 1F90 		.ascii	"l&\037\220\026\311\352\336_\230u\2709\022\002gT\333\030.\005"
 346      16C9 EADE 
 346      5F98 75B8 
 346      3912 0267 
 346      54DB 182E 
 347 01ad FDD1 0ABE 		.ascii	"\375\321\n\276[c\355\365X\223\260g+XS\364\304\344\257\350h`$"
 347      5B63 EDF5 
 347      5893 B067 
 347      2B58 53F4 
 347      C4E4 AFE8 
 348 01c4 973A 3EBE 		.ascii	"\227:>\276TtR\217\0027+\275>\311E\216 %\326'\b\251\026\266\257"
 348      5474 528F 
 348      0237 2BBD 
 348      3EC9 458E 
 348      2025 D627 
 349 01dd 5CBC 1F25 		.ascii	"\\\274\037%\334\263\344\340\276\260o\352\350\251\267\262\030"
 349      DCB3 E4E0 
 349      BEB0 6FEA 
 349      E8A9 B7B2 
 349      18
 350 01ee 48C7 B232 		.ascii	"H\307\2622\214st\031F\231\207\016V\357\216\f{\004\356\r\202\006"
 350      8C73 7419 
 350      4699 870E 
 350      56EF 8E0C 
 350      7B04 EE0D 
 351 0204 4EF0 39B2 		.ascii	"N\3609\262P\204\370\002\251\254\214()\226\252\262\204B\2564\263"
 351      5084 F802 
 351      A9AC 8C28 
 351      2996 AAB2 
 351      8442 AE34 
 352 0219 0CAD DCA3 		.ascii	"\f\255\334\243\340\277/_\355\212p\332@E\327P\355\272X:\033\274"
 352      E0BF 2F5F 
 352      ED8A 70DA 
 352      4045 D750 
 352      EDBA 583A 
 353 022f 9319 76FC 		.ascii	"\223\031v\374\241@\037E1F\211{Y\r\037^\030\235\277d\320aG\232"
 353      A140 1F45 
 353      3146 897B 
 353      590D 1F5E 
 353      189D BF64 
 354 0247 0F6B F125 		.ascii	"\017k\361%\374^\256H`\034\276\240\376\314N\356Z\243\251\324W"
 354      FC5E AE48 
 354      601C BEA0 
 354      FECC 4EEE 
 354      5AA3 A9D4 
 355 025c 4B0D CA55 		.ascii	"K\r\312U\032d\013z\016Z\325BR\243CU\212\372j3Q\347+\242.\220"
 355      1A64 0B7A 
 355      0E5A D542 
GAS LISTING /tmp/ccesILmE.s 			page 27


 355      52A3 4355 
 355      8AFA 6A33 
 356 0276 A812 327F 		.ascii	"\250\0222\177v\226k\017\023\0239\332\273\017\224\035"
 356      7696 6B0F 
 356      1313 39DA 
 356      BB0F 941D 
 357 0286 11F2 5186 		.string	"\021\362Q\206\334\302\017/\262N\033\253\253\022_\023\351\372(R\022!G\241\333c\273J\245\02
 357      DCC2 0F2F 
 357      B24E 1BAB 
 357      AB12 5F13 
 357      E9FA 2852 
 358 0387 9E4E 27EF 		.string	"\236N'\357\345l~Q\006\215\254y\324[\213\243\267\261~\"\0304\021n\240\336]\031\273\001\032
 358      E56C 7E51 
 358      068D AC79 
 358      D45B 8BA3 
 358      B7B1 7E22 
 359 03e2 B065 494F 		.ascii	"\260eIO"
 360               	.text
 361               		.section	.gnu.lto_.symbol_nodes.3867bc6f97823cb8,"",@progbits
 362 0000 789C 5D90 		.string	"x\234]\220\273N\303@\020E\357z\355\230\030\007\343`\0229N\b\204\367\373\331\003_6\026\262
 362      BB4E C340 
 362      1045 EF7A 
 362      ED98 1807 
 362      E360 1239 
 363 0045 964D C0FD 		.ascii	"\226M\300\375\bP\321K\373iI\255\034\022\323\253\023\262\212\225"
 363      0850 D14B 
 363      FB69 49AD 
 363      1C12 D3AB 
 363      13B2 8A95 
 364 0059 E865 FDF4 		.ascii	"\350e\375\364B\255NIN\257\316\310\236^\305\344\374\335zM/\001"
 364      42AD 4E49 
 364      4EAF CEC8 
 364      9E5E C5E4 
 364      FCDD 7A4D 
 365 006f 6703 6907 		.ascii	"g\003i\007\220VB%\263\330\022\\4\3105\n\253E3&\271c1\331\244"
 365      9056 4225 
 365      B3D8 125C 
 365      34C8 350A 
 365      AB45 3326 
 366 0088 B249 2E91 		.ascii	"\262I.\221g\222\373\222\311e\2325\213\003\233\2136\371\346\211"
 366      6792 FB92 
 366      C965 9A35 
 366      8B03 9B8B 
 366      36F9 E689 
 367 009c 15AA 98E4 		.ascii	"\025\252\230\344\241\303\344*\315\231\305Q\211\213\016\005\346"
 367      A1C3 E42A 
 367      CD99 C551 
 367      898B 0E05 
 367      E6
 368 00ad 8935 9A37 		.ascii	"\2115\2327\311c7'\305\036\205y\001\244\372o\304&U\215y\235\026"
 368      C963 3727 
 368      C51E 8579 
 368      01A4 FA6F 
 368      C426 558D 
 369 00c4 8C79 9B22 		.ascii	"\214y\233\"c\336\245\305\377\263\372*L\256\277\332\322\2121\324"
 369      63DE A5C5 
 369      FFB3 FA2A 
GAS LISTING /tmp/ccesILmE.s 			page 28


 369      4CAE BFDA 
 369      D28A 31D4 
 370 00d8 291B E8DE 		.ascii	")\033\350\336\350\214\221\351\264\033E\306\3149\t\262\307s\351"
 370      E88C 91E9 
 370      B41B 45C6 
 370      CC39 09B2 
 370      C773 E9
 371 00eb 2618 BECC 		.ascii	"&\030\276\314I\267\311\264\312\211\3162\360\360\376#d\331\305"
 371      49B7 C9B4 
 371      CA89 CE32 
 371      F0F0 FE23 
 371      64D9 C5
 372 00fe 204F 753D 		.ascii	" Ou=O\201\253\017\225\236\322\236}\351\265\220\345\243\205\301"
 372      4F81 AB0F 
 372      959E D29E 
 372      7DE9 B590 
 372      E5A3 85C1 
 373 0112 D348 48BF 		.ascii	"\323HH\277\320|\2175_`\254\263\302xE\275}\373\326\226\001\217"
 373      D07C 8F35 
 373      5F60 ACB3 
 373      C278 45BD 
 373      7DFB D696 
 374 0128 4161 0792 		.ascii	"Aa\007\222\355\260\260\303\200\355\260\260\253\214Wct\357\224"
 374      EDB0 B0C3 
 374      80ED B0B0 
 374      AB8C 5763 
 374      74EF 94
 375 013b 1D25 987C 		.ascii	"\035%\230|7e\324BW\333\221\215\261\266k\205]\213\330\256\025"
 375      3765 D442 
 375      57DB 918D 
 375      B1B6 6B85 
 375      5D8B D8AE 
 376 0150 769D F13A 		.ascii	"v\235\361:\333\370\005\325\261\2753"
 376      DBF8 05D5 
 376      B1BD 33
 377               	.text
 378               		.section	.gnu.lto_.refs.3867bc6f97823cb8,"",@progbits
 379 0000 789C 05C1 		.string	"x\234\005\301\013\016@0"
 379      0B0E 4030 
 379      00
 380 0009 05C1 B75B 		.ascii	"\005\301\267[E*>Q\302\025\334\377\202fj\310\227\204\352809Ks"
 380      452A 3E51 
 380      C215 DCFF 
 380      8266 6AC8 
 380      9784 EA38 
 381 0021 91D5 4D76 		.ascii	"\221\325Mv\0179\355ry\027\036\337\222\037\0335\001B"
 381      0F39 ED72 
 381      7917 1EDF 
 381      921F 1B35 
 381      0142 
 382               	.text
 383               		.section	.gnu.lto_.decls.3867bc6f97823cb8,"",@progbits
 384 0000 789C AD59 		.ascii	"x\234\255Y\013PT\331\231\356s/M7\335M\2438\261f\253\310\216\316"
 384      0B50 54D9 
 384      99EE 732F 
 384      4D37 DD4D 
 384      A338 B166 
GAS LISTING /tmp/ccesILmE.s 			page 29


 385 0018 1A8B CA96 		.ascii	"\032\213\312\226\340c\264\222\311T2Y7f\254\335\211Yu\263\263"
 385      E063 B492 
 385      C954 3259 
 385      3766 ACDD 
 385      8959 75B3 
 386 002d 553B 4B61 		.ascii	"U;Ka\213\302\204WA\223\215[\233"
 386      8BC2 8457 
 386      4193 8D5B 
 386      9B
 387 003a E436 0F01 		.string	"\3446\017\001\237\240 \350\370V\324Q\361\r\002\20248\250(o\024\221\207<tP\036\342\213\367
 387      9FA0 20E8 
 387      F856 D451 
 387      F10D 0282 
 387      3438 A828 
 388 013b BF5E 4EFC 		.string	"\277^N\374\3663\277\330\177\347;\372\026c\036g\276g;\370\336\344\340\373\307o\361\215km\0
 388      F633 BFD8 
 388      7FE7 3BFA 
 388      1663 1E67 
 388      BE67 3BF8 
 389 017f CC70 A101 		.ascii	"\314p\241\001\307\334\3118\260\016\274\036\n\035t\bp\375\022"
 389      C7DC C938 
 389      B00E BC1E 
 389      0A1D 7408 
 389      70FD 12
 390 0192 CC9D E918 		.ascii	"\314\235\351\030eZ\306\035\346a\216\242\316\361\360\257\034t"
 390      655A C61D 
 390      E661 8EA2 
 390      CEF1 F0AF 
 390      1C74 
 391 01a4 FC82 A3B5 		.ascii	"\374\202\243\265\357\250C\314\261\r\354\0036F\253\241kL\313\326"
 391      EFA8 43CC 
 391      B10D EC03 
 391      3646 ABA1 
 391      6B4C CBD6 
 392 01b8 DB5A E4BC 		.ascii	"\333Z\344\274\2267\262\330D\276>\306\211\347\025\307\206c\302"
 392      9637 B2D8 
 392      44BE 3EC6 
 392      89E7 15C7 
 392      8663 C2
 393 01cb EBBB D421 		.ascii	"\353\273\324!\246X\270\256\003\213\00332\2758\036<\317KX\034"
 393      A658 B8AE 
 393      038B 0333 
 393      32BD 381E 
 393      3CCF 4B58 
 394 01e0 16B6 F69D 		.ascii	"\026\266\366\235\325\362o\301\257\207\013\277b<\361`\213\331"
 394      D5F2 6FC1 
 394      AF87 0BBF 
 394      623C F160 
 394      8BD9 
 395 01f2 38CC BB94 		.ascii	"8\314\273\224\305\263\304E,1\3009\323\t'\236\233D\305|\271\212"
 395      C5B3 C445 
 395      2C31 C039 
 395      D309 279E 
 395      9B44 C57C 
 396 0208 09D7 8B58 		.ascii	"\t\327\213X\267\356\032\271F\234\255\325\217Y\214\253Y|\221\016"
 396      B7EE 1AB9 
 396      469C ADD5 
GAS LISTING /tmp/ccesILmE.s 			page 30


 396      8F59 8CAB 
 396      597C 910E 
 397 021c 7A36 BD43 		.ascii	"z6\275C^\235\325\254\230\327$\260\031\016y\375D\221\327\231."
 397      5E9D D5AC 
 397      98D7 24B0 
 397      190E 79FD 
 397      4491 D799 
 398 0231 D6EA 1FFE 		.ascii	"\326\352\037\376\212\274\376\224\345\365\023\027y\265\375\005"
 398      8ABC FE94 
 398      E5F5 1317 
 398      79B5 FD05 
 399 0241 7975 B50E 		.ascii	"yu\265\016\235\345\325\331^\364\251C^\177\347\240g\273\013-\342"
 399      9DE5 D5D9 
 399      5EF4 A943 
 399      5E7F E7A0 
 399      67BB 0B2D 
 400 0256 5E24 EA70 		.ascii	"^$\352p\266\016\305\334&\203}\217\361\017\263\034\254P\344v\266"
 400      B60E C5DC 
 400      2683 7D8F 
 400      F10F B31C 
 400      AC50 E476 
 401 026b 8BBD 2815 		.ascii	"\213\275(\025|\033\336\342[\314\357\026\260_(\362\373\031\313"
 401      7C1B DEE2 
 401      5BCC EF16 
 401      B05F 28F2 
 401      FB19 CB
 402 027e EF0A 17F9 		.ascii	"\357\n\027\371\375\232\243\234\316x\305\034\213\373\253\253\330"
 402      FD9A A39C 
 402      CE78 C51C 
 402      8BFB ABAB 
 402      D8
 403 028f 1C73 3CAC 		.ascii	"\034s<\254\310\261\343\236\373\271C\216\035\237\227\031<\252"
 403      C8B1 E39E 
 403      FBB9 438E 
 403      1D9F 9719 
 403      3CAA 
 404 02a1 8DBF B09F 		.ascii	"\215\277\260\237\337\301#o\003r\203\346\253\312}\217\315\320"
 404      DFC1 236F 
 404      0372 83E6 
 404      ABCA 7D8F 
 404      CDD0 
 405 02b3 7CCF 80E6 		.ascii	"|\317\200\346@s\262\3056\305\321\273f|w\342"
 405      4073 B2C5 
 405      36C5 D1BB 
 405      667C 77E2 
 406 02c3 C055 0F7A 		.string	"\300U\017z\367=h\016^\273}\2337$\t\360I\261\331\265\276\030v\032\371\240\223\310\007\374\
 406      F73D 680E 
 406      5EBB 7D9B 
 406      3724 09F0 
 406      49B1 D9B5 
 407 03c4 D8F2 09DB 		.ascii	"\330\362\t\3335\";O\224]\366\364\305j\307\030]\202\363\356\356"
 407      3522 3B4F 
 407      945D F6F4 
 407      C56A C718 
 407      5D82 F3EE 
 408 03d9 CD30 2A63 		.ascii	"\3150*c,T\305X\304b,\"1\236\311\315*`2=\240\031\177`\274\206"
 408      2C54 C558 
GAS LISTING /tmp/ccesILmE.s 			page 31


 408      C462 2C22 
 408      319E C9CD 
 408      2A60 323D 
 409 03f3 7319 63B1 		.ascii	"s\031c\261\030\343u\032c}\327\221x\023\r\252\006\267\233\273"
 409      18E3 751A 
 409      637D D791 
 409      7813 0DAA 
 409      06B7 9BBB 
 410 0407 4E0A 66C7 		.ascii	"N\nf\307\240\354\210\346D\203J\210\316bQ\347\361}y\355\036\216"
 410      A0EC 88E6 
 410      4483 4A88 
 410      CE62 51E7 
 410      F17D 79ED 
 411 041d 51B9 44EF 		.string	"Q\271D\357\275\327\322kRFU\252\212\352\006\213\352\006\211\352b\373D\241\033\215\312\033\
 411      BDD7 D26B 
 411      5246 55AA 
 411      8AEA 068B 
 411      EA06 89EA 
 412 051e 3EBD A466 		.ascii	">\275\244f\002\241y\263|\217\n\3616\301>]\365\311DS\232 l\321"
 412      02A1 79B3 
 412      7C8F 0AF1 
 412      36C1 3E5D 
 412      F5C9 4453 
 413 0536 A307 A0E5 		.ascii	"\243\007\240\345.hy\210f\311,\376\270l\026\371\340\347\020S\365"
 413      2E68 7988 
 413      66C9 2CFE 
 413      B86C 16F9 
 413      E0E7 1053 
 414 054b 29A7 7072 		.ascii	")\247pr\207\341\301\013j\002\207\215h\036\231|\032\346\320\304"
 414      87E1 C10B 
 414      6A02 878D 
 414      681E 997C 
 414      1AE6 D0C4 
 415 055f 0C9B 2020 		.ascii	"\f\233  \214\320\260\020Ye\324'\267o7\362Md\207\345\312\257U"
 415      8CD0 B010 
 415      5965 D427 
 415      B76F 37F2 
 415      4D64 87E5 
 416 0576 37BA 23DF 		.ascii	"7\272#\337YtP\325\204O\034\036\324\n\264\315rj0\207\013\021-"
 416      5974 50D5 
 416      844F 1C1E 
 416      D40A B4CD 
 416      726A 3087 
 417 058d E0D8 9908 		.ascii	"\340\330\231\b\3603\376,\355![\270\270\342\2476\027\nf\276\213"
 417      F033 FE2C 
 417      ED21 5BB8 
 417      B8E2 A736 
 417      170A 66BE 
 418 05a2 A325 B9D9 		.ascii	"\243%\271\331\236\212\370>\272\313\247u\037\330c\306\033<\336"
 418      9E8A F83E 
 418      BACB A775 
 418      1FD8 63C6 
 418      1B3C DE
 419 05b5 E77D E9CE 		.ascii	"\347}\351\316<=\375'\204:aJ\344\225\256\221\3269z\002\236\340"
 419      3C3D FD27 
 419      843A 614A 
 419      E495 AE91 
GAS LISTING /tmp/ccesILmE.s 			page 32


 419      D639 7A02 
 420 05cb 264D F063 		.ascii	"&M\360c\350\355\220\366\367\324\243\377\354N\006*\236\026\030"
 420      E8ED 90F6 
 420      F7D4 A3FF 
 420      EC4E 062A 
 420      9E16 18
 421 05de DA2E 3F2D 		.ascii	"\332.?-\300\177o\373\304Q\216\037\2409\330q)\373\262\036\031"
 421      C07F 6FFB 
 421      C451 8E1F 
 421      A039 D871 
 421      29FB B21E 
 422 05f3 7C9D BA7A 		.ascii	"|\235\272z\352\314\025[\020"
 422      EACC 155B 
 422      10
 423 05fc 7BE6 EF4E 		.string	"{\346\357N\304\345\332\005\367\277\223\323\325)\355\037\251Gn\351\371i\352\345\302\350\36
 423      C4E5 DA05 
 423      F7BF 93D3 
 423      D529 ED1F 
 423      A947 6EE9 
 424 06fd F7DF 905B 		.ascii	"\367\337\220[cl-M\300T\215\240yh\022l\024l\bl\030l\234\255/\032"
 424      636C 2D4D 
 424      C054 8DA0 
 424      7968 126C 
 424      146C 086C 
 425 0717 4755 A677 		.ascii	"GU\246w\275\200\303\306q\f:\306\361\255\354\214N\362\315\f\036"
 425      BD80 C3C6 
 425      710C 3AC6 
 425      F1AD EC8C 
 425      4EF2 CD0C 
 426 072c D603 0629 		.ascii	"\326\003\006)\267\004\252\372\2212\306W\216\272O\312T0\035\355"
 426      B704 AAFA 
 426      9132 C657 
 426      8EBA 4FCA 
 426      5430 1DED 
 427 0740 C9DB CE99 		.ascii	"\311\333\316\231\370&Zq\302\300\2537^\322\016\362(\323\035\273"
 427      F826 5A71 
 427      C2C0 AB37 
 427      5ED2 0EF2 
 427      28D3 1DBB 
 428 0754 10B8 5968 		.ascii	"\020\270YhJ\256\2421y\003q\210\030MC\240\357\0324\270\036\273"
 428      4AAE A231 
 428      7903 7188 
 428      184D 43A0 
 428      EF1A 34B8 
 429 076a FE2A 5859 		.ascii	"\376*XY\205\330\221\\\2056\216>c\341\212\261\305\247;\271G\260"
 429      85D8 915C 
 429      8536 8E3E 
 429      63E1 8AB1 
 429      C5A7 3BB9 
 430 0780 45C1 0264 		.ascii	"E\301\002d\007^\204\350_D\2144\247\305\017B\244\037?\3224\354"
 430      075E 84E8 
 430      5F44 8C34 
 430      A7C5 0F42 
 430      A41F 3FD2 
 431 0796 9CCC BAA4 		.ascii	"\234\314\272\244\213F\202\320&\307(\311?vE\nF\215\330\245\344"
 431      8B46 82D0 
 431      26C7 28C9 
GAS LISTING /tmp/ccesILmE.s 			page 33


 431      3F76 450A 
 431      468D D8A5 
 432 07ab C07D 9CB8 		.ascii	"\300}\234\270\027!q \334\3410@)G\243\364\255\326\312\364\253"
 432      1721 7120 
 432      DCE1 3040 
 432      2947 A3F4 
 432      ADD6 CAF4 
 433 07c0 EFAB 4EF5 		.ascii	"\357\253N\365HL\331\211\341\221\255f\376\t]h"
 433      484C D989 
 433      E191 AD66 
 433      FE09 5D68 
 434 07d0 35B9 F77B 		.ascii	"5\271\367{\321\373{\330V>\203C\277\231-\025\214\006\305s\357"
 434      D1FB 7BD8 
 434      563E 8343 
 434      BF99 2D15 
 434      8C06 C573 
 435 07e5 C3DF 756E 		.ascii	"\303\337unt`]\311\376t\217\017\017\013\366v\301><9\257\271\021"
 435      7460 5DC9 
 435      FE74 8F0F 
 435      0F0B F676 
 435      C13E 3C39 
 436 07fc 3FAB 6020 		.ascii	"?\253` r\303@\024\307I\363\013_\361%\026\262\255A\t\334\207\270"
 436      72C3 4014 
 436      C749 F30B 
 436      5FF1 2516 
 436      B2AD 4109 
 437 0813 460E 3DDD 		.ascii	"F\016=\335\355\311\037s#^+\212\232*8\306T\367_x\351\t\302a\216"
 437      EDC9 1F73 
 437      235E 2B8A 
 437      9A2A 38C6 
 437      54F7 5F78 
 438 082c B06C 9659 		.ascii	"\260l\226Y6+Y\022\tK\301@\323NO\376<e\311\332\336?\341\351\206"
 438      362B 5912 
 438      094B C140 
 438      D34E 4FFE 
 438      3C65 C9DA 
 439 0845 5FD9 E1BD 		.ascii	"_\331\341\275\007T\342-vk^\253;\351\2039G\311\034\351lNn|\255"
 439      0754 E22D 
 439      766B 5EAB 
 439      3BE9 8339 
 439      47C9 1CE9 
 440 085e 7719 E456 		.ascii	"w\031\344V\022\344\026\216Ey\260i$\303\314\264\335\312\344G\276"
 440      12E4 168E 
 440      4579 B069 
 440      24C3 CCB4 
 440      DDCA E447 
 441 0873 4B17 6C06 		.ascii	"K\027l\006w\214BI\262\266$\245\266mD\333\305\254\3617z\276\377"
 441      778C 4249 
 441      B2B6 24A5 
 441      B66D 44DB 
 441      C5AC F137 
 442 088a 5DB5 ED78 		.ascii	"]\265\355x\027m)D\333NQ\333\346\346\024\2338\003\235\377\222"
 442      176D 2944 
 442      DB4E 51DB 
 442      E6E6 149B 
 442      3803 9DFF 
 443 089f 7018 E7   		.ascii	"p\030\347"
GAS LISTING /tmp/ccesILmE.s 			page 34


 444 08a2 4DE0 310A 		.string	"M\3401\nm\227\265mWjK%\332\366w\036K\343\371x-\321\226\221|,\305Lt\340\265M\265m?\220\327
 444      6D97 B56D 
 444      576A 4B25 
 444      DAF6 771E 
 444      4BE3 F978 
 445 09a3 0F1D E7FB 		.ascii	"\017\035\347\373\362G=i\007\276_|\267\374\204\211\377\226\200"
 445      F247 3D69 
 445      07BE 5F7C 
 445      B7FC 8489 
 445      FF96 80
 446 09b6 B9DC EA9C 		.ascii	"\271\334\352\234\016\003=Z\304\376\331\211\367\024\347\213\007"
 446      0E03 3D5A 
 446      C4FE D989 
 446      F714 E78B 
 446      07
 447 09c7 9193 4516 		.ascii	"\221\223E\026\347\203\216s\322)ihv>\376\331p\022\016\304'di\363"
 447      E783 8E73 
 447      D229 6968 
 447      763E FED9 
 447      7012 0EC4 
 448 09df D9B9 E27A 		.ascii	"\331\271\342zjs\227\201\257\246.\036\354*{\246u\345\342\214K"
 448      6A73 9781 
 448      AFA6 2E1E 
 448      EC2A 7BA6 
 448      75E5 E28C 
 449 09f4 1770 98BA 		.ascii	"\027p\230\272A\016S\247\301\3077\262\217\223\034s\2623\247y\302"
 449      410E 53A7 
 449      C1C7 37B2 
 449      8F93 1C73 
 449      B233 A779 
 450 0a09 8B6F A44E 		.ascii	"\213o\244N\356^\211\2177\272rr\316\245\223\351*\337\261{\370"
 450      EE5E 898F 
 450      37BA 7272 
 450      CEA5 93E9 
 450      2ADF B17B 
 451 0a1e 7743 3638 		.ascii	"wC689+;9-:9Uvy\277\226T\006F\320\312H\334Ut\305$m\013\347i\331"
 451      392B 3B39 
 451      2D3A 3955 
 451      7679 BF96 
 451      5406 46D0 
 452 0a3e 5674 5ED9 		.ascii	"Vt^\331)\327\362\005\332\331\020\177\351\205j\355\341\001r\021"
 452      29D7 F205 
 452      DAD9 107F 
 452      E985 6AED 
 452      E101 7211 
 453 0a52 5D22 4574 		.ascii	"]\"EtQ,\242\252\326\352a3+\"\266i\341\255\331\315\r\003\3211"
 453      512C A2AA 
 453      D6EA 6133 
 453      2B22 B669 
 453      E1AD D9CD 
 454 0a6a 59DD 3165 		.ascii	"Y\3351e\005\\&\025\220\224\272\263\337\235\357\244\025\220y\276"
 454      055C 2615 
 454      9094 BAB3 
 454      DF9D EFA4 
 454      1590 79BE 
 455 0a7e EEAA 17AB 		.ascii	"\356\252\027\253\243\246\177\224\352\b\263\\\221Y\256(Yr\b\313"
 455      A3A6 7F94 
GAS LISTING /tmp/ccesILmE.s 			page 35


 455      EA08 B35C 
 455      9159 AE28 
 455      5972 08CB 
 456 0a92 F15B 5382 		.ascii	"\361[S\202\216\357\325\276\343\356w\225\205\236]\235`v\035e>"
 456      8EEF D5BE 
 456      E3EE 7795 
 456      859E 5D9D 
 456      6076 1D65 
 457 0aa7 8932 4F8C 		.ascii	"\2112O\214\262a\2746]\317\304\335\371\211$\016P(W\026\227\253"
 457      B261 BC36 
 457      5DCF C4DD 
 457      F989 240E 
 457      5028 5716 
 458 0abd 1457 40C4 		.ascii	"\024W@\304\305\345\236\262q\374 \025Wyy(M\313r\005\233(a\261"
 458      C5E5 9EB2 
 458      71FC 2015 
 458      5779 7928 
 458      4DCB 7205 
 459 0ad5 D110 AFC9 		.ascii	"\321\020\257\311,\327\224,\205\204\345P\305\223V7>\336\235\260"
 459      2CD7 942C 
 459      8584 E550 
 459      C593 5637 
 459      3EDE 9DB0 
 460 0ae9 C4D9 CA3E 		.ascii	"\304\331\312>fR\306~\246\312S\221LR\244$\271NHrc3O\350\371]\224"
 460      6652 C67E 
 460      A6CA 5391 
 460      4C52 A424 
 460      B94E 4872 
 461 0b04 E458 EDF1 		.ascii	"\344X\355\361\0263c\351Y\245\n\250Xf)V\262\330\t\313\223\261"
 461      1633 63E9 
 461      59A5 0AA8 
 461      5866 2956 
 461      B2D8 09CB 
 462 0b1a F46C 337F 		.ascii	"\364l3\177\204\2628+\264\374\261\302dOi\317,\245\331\256m=X\206"
 462      84B2 382B 
 462      B4FC B1C2 
 462      644F 69CF 
 462      2CA5 D9AE 
 463 0b32 A429 B841 		.ascii	"\244)\270A;\017u\277\032\324\272\236\20222\005\337\212S\360\""
 463      3B0F 75BF 
 463      1AD4 BA9E 
 463      8232 3205 
 463      DF8A 53F0 
 464 0b47 6F73 BB9E 		.ascii	"os\273\236%\017vy1y\200B%\262\342\022\245\342\233D\361\243\266"
 464      250F 7679 
 464      3179 8042 
 464      25B2 E212 
 464      A5E2 9B44 
 465 0b5e C9BF E7CF 		.ascii	"\311\277\347\317R\301'/\216\346\211\363(>\376\005JrK&\271\245"
 465      52C1 272F 
 465      8EE6 89F3 
 465      283E FE05 
 465      4A72 4B26 
 466 0b74 24B9 4D48 		.ascii	"$\271MH\236\333\366\3565\362\271\356\357\370\030\273C#\024Fz"
 466      9EDB F6EE 
 466      35F2 B9EE 
 466      EFF8 18BB 
GAS LISTING /tmp/ccesILmE.s 			page 36


 466      4323 1446 
 467 0b89 B3DF B294 		.ascii	"\263\337\262\224*H\204w\305\b{\007\236N\233\230\270\322PI\034"
 467      2A48 8477 
 467      C508 7B07 
 467      9E4E 9B98 
 467      B8D2 5049 
 468 0b9e A050 B92C 		.ascii	"\240P\271,\256\\)\256\222\210\313\030\356\262\231\371\022*\256"
 468      AE5C 29AE 
 468      9288 CB18 
 468      EEB2 99F9 
 468      122A AE
 469 0bb1 A261 6F8F 		.ascii	"\242ao\217\227\362`\332\212\224\007\323jN\374yT\326Ws_O\024W"
 469      97F2 60DA 
 469      8A94 07D3 
 469      6A4E FC79 
 469      54D6 5773 
 470 0bc9 4BCF 8F12 		.ascii	"K\317\217\022\241\246\334\365\241\254\226\350\255\021\365^\235"
 470      A1A6 DCF5 
 470      A1AC 96E8 
 470      AD11 F55E 
 470      9D
 471 0bda A87E E08E 		.ascii	"\250~\340\216g\204\354I\013\033\023n\306\nG\020\201\241*Yp\025"
 471      6784 EC49 
 471      0B1B 136E 
 471      C60A 4710 
 471      81A1 2A59 
 472 0bf0 477F EFA2 		.ascii	"G\177\357\242:\272\\\323&~\305WQ\255\355E\023\371&\306PW\255"
 472      3ABA 5CD3 
 472      267E C557 
 472      51AD ED45 
 472      13F9 26C6 
 473 0c07 4D10 4AE9 		.ascii	"M\020J\351Q\254^\036]/\216\276GF\333_\036\317\344\3716:\274%"
 473      51AC 5E1E 
 473      5D2F 8EBE 
 473      4746 DB5F 
 473      1ECF E4F9 
 474 0c1f 6EF7 1577 		.ascii	"n\367\025we\250WT\277\004\033\244P\355\351\231\260\271q\264\217"
 474      65A8 5754 
 474      BF04 1BA4 
 474      50ED E999 
 474      B0B9 71B4 
 475 0c34 855A D3F1 		.ascii	"\205Z\323\361`\253\353P\033I\250\017\304Pw\364\177\235(\n\035"
 475      60AB EB50 
 475      1B49 A80F 
 475      C450 77F4 
 475      7F9D 280A 
 476 0c49 ABA4 4201 		.ascii	"\253\244B\001\202\356\313B\357\213B\037\022\241\347\367\f=u\343"
 476      82EE CB42 
 476      EF8B 421F 
 476      12A1 E7F7 
 476      0C3D 75E3 
 477 0c5d BBDD 5D9E 		.ascii	"\273\335]\236-^\327\036\2543J\351o\246\005S\177\257\366\226\353"
 477      2D5E D71E 
 477      AC33 4AE9 
 477      6FA6 0553 
 477      7FAF F696 
 478 0c72 E777 2B11 		.ascii	"\347w+\021\325\"\212:Wp\242\326\223\211z\335HE\001\0045\311\242"
GAS LISTING /tmp/ccesILmE.s 			page 37


 478      D522 8A3A 
 478      5770 A2D6 
 478      9389 7ADD 
 478      4845 0104 
 479 0c89 9A44 518F 		.ascii	"\232DQ\217\210\250\356\272[\377\313\017\272^\273=Y\215\335^\222"
 479      88A8 EEBA 
 479      5BFF CB0F 
 479      BA5E BB3D 
 479      598D DD5E 
 480 0c9e A676 AA29 		.ascii	"\246v\252)\257\245\372\225\233\353\"\356$\242:DQ\367\267g\337"
 480      AFA5 FA95 
 480      9BEB 22EE 
 480      24A2 3A44 
 480      51F7 B767 
 481 0cb3 1445 3534 		.ascii	"\024E54j\367n\021\340\354\007\030\324&\253j\023U=&\252v\354z"
 481      6AF7 6E11 
 481      E0EC 0718 
 481      D426 AB6A 
 481      1355 3D26 
 482 0ccb 566F 9C9B 		.ascii	"Vo\234\233\250;\004?\327r\2207Ya9m\365\036|\006}\263x\244\362"
 482      A83B 043F 
 482      D772 9037 
 482      5961 396D 
 482      F51E 7C06 
 483 0ce4 CD1E 039F 		.ascii	"\315\036\003\237E\033\302\255\203w\314?8&\324\330\311\363&\377"
 483      451B C2AD 
 483      8377 CC3F 
 483      3826 D4D8 
 483      C9F3 26FF 
 484 0cf8 71BC 60DB 		.ascii	"q\274`\333, \362r\272\013\\\300AI\361J\373;\350y\302\315\325"
 484      2C20 F272 
 484      BA0B 5CC0 
 484      4149 F14A 
 484      FB3B E879 
 485 0d0f A0A7 DC0F 		.ascii	"\240\247\334\017\360\261r4\256\316<\367\034\361TH==\3578yT\307"
 485      F0B1 7234 
 485      AECE 3CF7 
 485      1CF1 5448 
 485      3D3D EF38 
 486 0d26 1750 F29A 		.ascii	"\027P\362\232\254k\347\214\214\274\324\327v\330n\233C\336\bc"
 486      AC6B E78C 
 486      8CBC D4D7 
 486      76D8 6E9B 
 486      43DE 0863 
 487 0d3a 6238 FA28 		.ascii	"b8\372(\336#wC\3173L\334C\210+z\313J<\347\336&\304\245,\204\362"
 487      DE23 7743 
 487      CF33 4CDC 
 487      4388 2B7A 
 487      CB4A 3CE7 
 488 0d55 DB21 7C3D 		.ascii	"\333!|=\345\255O\231H\347\030o\247?\345-e\274\360(T\274\311\355"
 488      E5AD 4F99 
 488      48E7 186F 
 488      A73F E52D 
 488      65BC F028 
 489 0d6d 839E 5ECC 		.ascii	"\203\236^\314\373\234\360v\367\275\2564\315\355P\362&v\246^\324"
 489      FB9C F076 
 489      F7BD AE34 
GAS LISTING /tmp/ccesILmE.s 			page 38


 489      CDED 50F2 
 489      2676 A65E 
 490 0d82 F27D 94B8 		.ascii	"\362}\224\270\273\246iB\"\376\211\232\270@E\374\002z\3721\361"
 490      BBA6 6942 
 490      22FE 899A 
 490      B840 45FC 
 490      027A FA31 
 491 0d97 4B42 1C77 		.ascii	"KB\034wsw\203\307\3341e\316wU\215\2371\360[\364\204xh\244\363"
 491      7377 83C7 
 491      DC31 65CE 
 491      7755 8D9F 
 491      31F0 5BF4 
 492 0db0 AE49 CCC4 		.ascii	"\256I\314\304\277Rb1\305\205\252\024\277\206\236W\230\370\r!"
 492      BF52 6231 
 492      C585 AA14 
 492      BF86 9E57 
 492      98F8 0D21 
 493 0dc4 FEFA 74F3 		.ascii	"\376\372t\363+\257\271\231z\005\261\220\322sD\313\237\242\304"
 493      2BAF B999 
 493      7A05 B190 
 493      D273 44CB 
 493      9FA2 C4
 494 0dd7 CD8F CF5F 		.ascii	"\315\217\317_\225\210\277P\023\333U\304\203\3203\200\211\207"
 494      9588 BF50 
 494      13DB 55C4 
 494      83D0 3380 
 494      8987 
 495 0de9 08F1 E66D 		.ascii	"\b\361\346m\005\355\332\271\271z\305\334\275h\030}h\342K)\361"
 495      05ED DAB9 
 495      B97A C5DC 
 495      BD68 187D 
 495      68E2 4B29 
 496 0dfe CBAA 9456 		.ascii	"\313\252\224VOF\334\024\254\236\273\233\252\271\033\201\236a"
 496      4F46 DC14 
 496      AC9E BB9B 
 496      AAB9 1B81 
 496      9E61 
 497 0e10 4C3C 4A88 		.ascii	"L<J\210\355\345;\246\320\334\032%q"
 497      EDE5 3BA6 
 497      D0DC 1A25 
 497      71
 498 0e1d F18B 4B3B 		.string	"\361\213K;\274\370\026J\334\2221\374L\254\270\246P5q\245\212x\034z\3060\361\004%\356=\235
 498      BCF8 164A 
 498      DC92 31FC 
 498      4CAC B8A6 
 498      5035 71A5 
 499 0f1e 7404 4606 		.string	"t\004F\006GD\005\361\226p\253G@@H\270u\321\262"
 499      4744 05F1 
 499      9670 AB47 
 499      4040 48B8 
 499      75D1 B200 
 500 0f32 EB97 FE51 		.string	"\353\227\376Q\021\021V\177k\310\002kDDh\264\177d`\224u\261\177Xt\344GK\026.\330h\261,X\34
 500      1111 567F 
 500      6BC8 026B 
 500      4444 68B4 
 500      7F64 6094 
 501 0f83 EBA6 C8A0 		.ascii	"\353\246\310\240h\277`\215\216yY\375\267\360\022\275)\332? \332"
GAS LISTING /tmp/ccesILmE.s 			page 39


 501      68BF 608D 
 501      8E79 59FD 
 501      B7F0 12BD 
 501      29DA 3F20 
 502 0f98 BA1E 3881 		.ascii	"\272\0368\201Z\013a\004"
 502      5A0B 6104 
 503 0fa0 5897 FBF9 		.string	"X\227\373\371\371/\017\016Y\027\262j\315\202\345\021\341\326\250\220u\376\021\321\376\226
 503      F92F 0F0E 
 503      5917 B26A 
 503      CD82 E511 
 503      E1D6 A890 
 504 0feb 314A D90B 		.ascii	"1J\331\013\260j\243\326GZ\243t$\203\213\027\032\310\025:\002"
 504      B06A A3D6 
 504      475A A374 
 504      2483 8B17 
 504      1AC8 153A 
 505 1000 AC7A F18B 		.ascii	"\254z\361\2136,z#\374\375\237(h\361\326\210H\367u1\0336\004E"
 505      362C 7A23 
 505      FCFD 9F28 
 505      68F1 D688 
 505      48F7 7531 
 506 1018 E983 C222 		.ascii	"\351\203\302\"\255\233\200i\321\2379dz#\242CA\277\3549l]\304"
 506      AD9B 8069 
 506      D19F 3964 
 506      7A23 A243 
 506      41BF EC39 
 507 102f EF89 448F 		.ascii	"\357\211D\217\260\300\220Ph\004X=pL\001\241\021\226\337~\364"
 507      B0C0 9050 
 507      6804 583D 
 507      704C 01A1 
 507      1196 DF7E 
 508 1044 9784 1E6C 		.ascii	"\227\204\036l\001\3558\0202<&\034\023\314\260\004\177\376O\277"
 508      01ED 3810 
 508      323C 261C 
 508      13CC B004 
 508      7FFE 4FBF 
 509 1058 8E88 B6AE 		.ascii	"\216\210\266\256\361\303\363\341\267p\301\333uEGYdM\026\315\367"
 509      F1C3 F3E1 
 509      B770 C1DB 
 509      7545 4759 
 509      644D 16CD 
 510 106d C4E1 3F0F 		.ascii	"\304\341?\017\016\n\\\3178\026\315\304\275+\202\254\226`\326"
 510      0E0A 5CCF 
 510      3816 CDC4 
 510      BD2B 82AC 
 510      9660 D6
 511 1080 B3D8 8C7B 		.ascii	"\263\330\214{V\255\373*\310b]\031\036b5\340\346\352\240\350 "
 511      56AD FB2A 
 511      C862 5D19 
 511      1E62 35E0 
 511      E6EA A0E8 
 512 1095 EB4A 0FE9 		.ascii	"\353J\017\351\253\207$\005\362\031\303\212F/~\361\200\231\267"
 512      AB87 2405 
 512      F219 C38A 
 512      462F 7EF1 
 512      8099 B7
 513 10a8 8684 41EE 		.ascii	"\206\204A\356\365\"N\032\260\322\254\226\341\251j\252o\2564\310"
GAS LISTING /tmp/ccesILmE.s 			page 40


 513      F522 4E1A 
 513      B0D2 AC96 
 513      E1A9 6AAA 
 513      6FAE 34C8 
 514 10bc E23C A4AF 		.ascii	"\342<\244\257r\347J\023\334\b\n[\023\2621<0t%\244g\215%\030\344"
 514      72E7 4A13 
 514      DC08 0A5B 
 514      13B2 313C 
 514      3074 25A4 
 515 10d5 5982 83D6 		.ascii	"Y\202\203\326\307\204\006\341!k6E\177\026\030j5\022\034\rb&\371"
 515      C784 06E1 
 515      216B 3645 
 515      7F16 186A 
 515      3512 1C0D 
 516 10ec FE1F 8121 		.ascii	"\376\037\201!\326\265 1\"\306\272\306K\035\260\3063 `CL\270%"
 516      D6B5 2031 
 516      22C6 BAC6 
 516      4B1D B0C6 
 516      3320 6043 
 517 1103 20C0 6FF1 		.ascii	" \300o\361\322\037/\325\213-\243\234\b%d\331\302\305\006)\033"
 517      D21F 2FD5 
 517      8B2D A39C 
 517      0825 64D9 
 517      C2C5 0629 
 518 1118 AA1B 8B96 		.ascii	"\252\033\213\226J7\324#\026/\364R'Auw\311\022\365]\365\330%?"
 518      4A37 D423 
 518      162F F452 
 518      2741 7577 
 518      C912 F55D 
 519 1130 32CA 4951 		.ascii	"2\312IQ\335Y\272H\276\243\036\263t\331\377\003\374\203{Y"
 519      DD59 BA48 
 519      BEA3 1EB3 
 519      74D9 FF03 
 519      FC83 7B59 
 520               	.text
 521               		.section	.gnu.lto_.symtab.3867bc6f97823cb8,"",@progbits
 522 0000 6368 4D42 		.string	"chMBObjectInit"
 522      4F62 6A65 
 522      6374 496E 
 522      6974 00
 523 000f 00        		.string	""
 524 0010 00        		.string	""
 525 0011 00        		.string	""
 526 0012 00        		.string	""
 527 0013 00        		.string	""
 528 0014 00        		.string	""
 529 0015 00        		.string	""
 530 0016 00        		.string	""
 531 0017 00        		.string	""
 532 0018 00        		.string	""
 533 0019 00        		.string	""
 534 001a 1C01 00   		.string	"\034\001"
 535 001d 00        		.string	""
 536 001e 6368 4D42 		.string	"chMBResetI"
 536      5265 7365 
 536      7449 00
 537 0029 00        		.string	""
GAS LISTING /tmp/ccesILmE.s 			page 41


 538 002a 00        		.string	""
 539 002b 00        		.string	""
 540 002c 00        		.string	""
 541 002d 00        		.string	""
 542 002e 00        		.string	""
 543 002f 00        		.string	""
 544 0030 00        		.string	""
 545 0031 00        		.string	""
 546 0032 00        		.string	""
 547 0033 00        		.string	""
 548 0034 2001 00   		.string	" \001"
 549 0037 00        		.string	""
 550 0038 6368 4D42 		.string	"chMBReset"
 550      5265 7365 
 550      7400 
 551 0042 00        		.string	""
 552 0043 00        		.string	""
 553 0044 00        		.string	""
 554 0045 00        		.string	""
 555 0046 00        		.string	""
 556 0047 00        		.string	""
 557 0048 00        		.string	""
 558 0049 00        		.string	""
 559 004a 00        		.string	""
 560 004b 00        		.string	""
 561 004c 00        		.string	""
 562 004d 2201 00   		.string	"\"\001"
 563 0050 00        		.string	""
 564 0051 6368 4D42 		.string	"chMBPostS"
 564      506F 7374 
 564      5300 
 565 005b 00        		.string	""
 566 005c 00        		.string	""
 567 005d 00        		.string	""
 568 005e 00        		.string	""
 569 005f 00        		.string	""
 570 0060 00        		.string	""
 571 0061 00        		.string	""
 572 0062 00        		.string	""
 573 0063 00        		.string	""
 574 0064 00        		.string	""
 575 0065 00        		.string	""
 576 0066 3301 00   		.string	"3\001"
 577 0069 00        		.string	""
 578 006a 6368 4D42 		.string	"chMBPost"
 578      506F 7374 
 578      00
 579 0073 00        		.string	""
 580 0074 00        		.string	""
 581 0075 00        		.string	""
 582 0076 00        		.string	""
 583 0077 00        		.string	""
 584 0078 00        		.string	""
 585 0079 00        		.string	""
 586 007a 00        		.string	""
 587 007b 00        		.string	""
 588 007c 00        		.string	""
GAS LISTING /tmp/ccesILmE.s 			page 42


 589 007d 00        		.string	""
 590 007e 3501 00   		.string	"5\001"
 591 0081 00        		.string	""
 592 0082 6368 4D42 		.string	"chMBPostI"
 592      506F 7374 
 592      4900 
 593 008c 00        		.string	""
 594 008d 00        		.string	""
 595 008e 00        		.string	""
 596 008f 00        		.string	""
 597 0090 00        		.string	""
 598 0091 00        		.string	""
 599 0092 00        		.string	""
 600 0093 00        		.string	""
 601 0094 00        		.string	""
 602 0095 00        		.string	""
 603 0096 00        		.string	""
 604 0097 3A01 00   		.string	":\001"
 605 009a 00        		.string	""
 606 009b 6368 4D42 		.string	"chMBPostAheadS"
 606      506F 7374 
 606      4168 6561 
 606      6453 00
 607 00aa 00        		.string	""
 608 00ab 00        		.string	""
 609 00ac 00        		.string	""
 610 00ad 00        		.string	""
 611 00ae 00        		.string	""
 612 00af 00        		.string	""
 613 00b0 00        		.string	""
 614 00b1 00        		.string	""
 615 00b2 00        		.string	""
 616 00b3 00        		.string	""
 617 00b4 00        		.string	""
 618 00b5 3C01 00   		.string	"<\001"
 619 00b8 00        		.string	""
 620 00b9 6368 4D42 		.string	"chMBPostAhead"
 620      506F 7374 
 620      4168 6561 
 620      6400 
 621 00c7 00        		.string	""
 622 00c8 00        		.string	""
 623 00c9 00        		.string	""
 624 00ca 00        		.string	""
 625 00cb 00        		.string	""
 626 00cc 00        		.string	""
 627 00cd 00        		.string	""
 628 00ce 00        		.string	""
 629 00cf 00        		.string	""
 630 00d0 00        		.string	""
 631 00d1 00        		.string	""
 632 00d2 3E01 00   		.string	">\001"
 633 00d5 00        		.string	""
 634 00d6 6368 4D42 		.string	"chMBPostAheadI"
 634      506F 7374 
 634      4168 6561 
 634      6449 00
GAS LISTING /tmp/ccesILmE.s 			page 43


 635 00e5 00        		.string	""
 636 00e6 00        		.string	""
 637 00e7 00        		.string	""
 638 00e8 00        		.string	""
 639 00e9 00        		.string	""
 640 00ea 00        		.string	""
 641 00eb 00        		.string	""
 642 00ec 00        		.string	""
 643 00ed 00        		.string	""
 644 00ee 00        		.string	""
 645 00ef 00        		.string	""
 646 00f0 4001 00   		.string	"@\001"
 647 00f3 00        		.string	""
 648 00f4 6368 4D42 		.string	"chMBFetchS"
 648      4665 7463 
 648      6853 00
 649 00ff 00        		.string	""
 650 0100 00        		.string	""
 651 0101 00        		.string	""
 652 0102 00        		.string	""
 653 0103 00        		.string	""
 654 0104 00        		.string	""
 655 0105 00        		.string	""
 656 0106 00        		.string	""
 657 0107 00        		.string	""
 658 0108 00        		.string	""
 659 0109 00        		.string	""
 660 010a 4601 00   		.string	"F\001"
 661 010d 00        		.string	""
 662 010e 6368 4D42 		.string	"chMBFetch"
 662      4665 7463 
 662      6800 
 663 0118 00        		.string	""
 664 0119 00        		.string	""
 665 011a 00        		.string	""
 666 011b 00        		.string	""
 667 011c 00        		.string	""
 668 011d 00        		.string	""
 669 011e 00        		.string	""
 670 011f 00        		.string	""
 671 0120 00        		.string	""
 672 0121 00        		.string	""
 673 0122 00        		.string	""
 674 0123 4801 00   		.string	"H\001"
 675 0126 00        		.string	""
 676 0127 6368 4D42 		.string	"chMBFetchI"
 676      4665 7463 
 676      6849 00
 677 0132 00        		.string	""
 678 0133 00        		.string	""
 679 0134 00        		.string	""
 680 0135 00        		.string	""
 681 0136 00        		.string	""
 682 0137 00        		.string	""
 683 0138 00        		.string	""
 684 0139 00        		.string	""
 685 013a 00        		.string	""
GAS LISTING /tmp/ccesILmE.s 			page 44


 686 013b 00        		.string	""
 687 013c 00        		.string	""
 688 013d 4D01 00   		.string	"M\001"
 689 0140 00        		.string	""
 690 0141 6368 5365 		.string	"chSemSignalI"
 690      6D53 6967 
 690      6E61 6C49 
 690      00
 691 014e 00        		.string	""
 692 014f 02        		.ascii	"\002"
 693 0150 00        		.string	""
 694 0151 00        		.string	""
 695 0152 00        		.string	""
 696 0153 00        		.string	""
 697 0154 00        		.string	""
 698 0155 00        		.string	""
 699 0156 00        		.string	""
 700 0157 00        		.string	""
 701 0158 00        		.string	""
 702 0159 5201 00   		.string	"R\001"
 703 015c 00        		.string	""
 704 015d 6368 5363 		.string	"chSchRescheduleS"
 704      6852 6573 
 704      6368 6564 
 704      756C 6553 
 704      00
 705 016e 00        		.string	""
 706 016f 02        		.ascii	"\002"
 707 0170 00        		.string	""
 708 0171 00        		.string	""
 709 0172 00        		.string	""
 710 0173 00        		.string	""
 711 0174 00        		.string	""
 712 0175 00        		.string	""
 713 0176 00        		.string	""
 714 0177 00        		.string	""
 715 0178 00        		.string	""
 716 0179 5401 00   		.string	"T\001"
 717 017c 00        		.string	""
 718 017d 6368 5379 		.string	"chSysHalt"
 718      7348 616C 
 718      7400 
 719 0187 00        		.string	""
 720 0188 02        		.ascii	"\002"
 721 0189 00        		.string	""
 722 018a 00        		.string	""
 723 018b 00        		.string	""
 724 018c 00        		.string	""
 725 018d 00        		.string	""
 726 018e 00        		.string	""
 727 018f 00        		.string	""
 728 0190 00        		.string	""
 729 0191 00        		.string	""
 730 0192 5901 00   		.string	"Y\001"
 731 0195 00        		.string	""
 732 0196 6368 5365 		.string	"chSemResetI"
 732      6D52 6573 
GAS LISTING /tmp/ccesILmE.s 			page 45


 732      6574 4900 
 733 01a2 00        		.string	""
 734 01a3 02        		.ascii	"\002"
 735 01a4 00        		.string	""
 736 01a5 00        		.string	""
 737 01a6 00        		.string	""
 738 01a7 00        		.string	""
 739 01a8 00        		.string	""
 740 01a9 00        		.string	""
 741 01aa 00        		.string	""
 742 01ab 00        		.string	""
 743 01ac 00        		.string	""
 744 01ad 5E01 00   		.string	"^\001"
 745 01b0 00        		.string	""
 746 01b1 6368 5365 		.string	"chSemWaitTimeoutS"
 746      6D57 6169 
 746      7454 696D 
 746      656F 7574 
 746      5300 
 747 01c3 00        		.string	""
 748 01c4 02        		.ascii	"\002"
 749 01c5 00        		.string	""
 750 01c6 00        		.string	""
 751 01c7 00        		.string	""
 752 01c8 00        		.string	""
 753 01c9 00        		.string	""
 754 01ca 00        		.string	""
 755 01cb 00        		.string	""
 756 01cc 00        		.string	""
 757 01cd 00        		.string	""
 758 01ce 6301 00   		.string	"c\001"
 759 01d1 00        		.string	""
 760               	.text
 761               		.section	.gnu.lto_.opts,"",@progbits
 762 0000 272D 666D 		.ascii	"'-fmath"
 762      6174 68
 763 0007 2D65 7272 		.string	"-errno' '-fsigned-zeros' '-ftrapping-math' '-fno-trapv' '-fno-openmp' '-fno-openacc' '-mm
 763      6E6F 2720 
 763      272D 6673 
 763      6967 6E65 
 763      642D 7A65 
 764               	.text
 765               		.section	.upper.bss,"aw",@nobits
 766               		.global	__gnu_lto_v1
 767               		.weak	__gnu_lto_v1
 768               	__gnu_lto_v1:
 769 0000 00        		.zero	1
 770               		.global	__gnu_lto_slim
 771               		.weak	__gnu_lto_slim
 772               	__gnu_lto_slim:
 773 0001 00        		.zero	1
 774               		.ident	"GCC: (SOMNIUM Technologies Limited - msp430-gcc 6.2.1.16) 6.2.1 20161212"
GAS LISTING /tmp/ccesILmE.s 			page 46


DEFINED SYMBOLS
                            *ABS*:0000000000000000 chmboxes.c
     /tmp/ccesILmE.s:768    .upper.bss:0000000000000000 __gnu_lto_v1
     /tmp/ccesILmE.s:772    .upper.bss:0000000000000001 __gnu_lto_slim

UNDEFINED SYMBOLS
__crt0_init_highbss
