GAS LISTING /tmp/ccIiK52H.s 			page 1


   1               		.file	"chmempools.c"
   2               		.section	.gnu.lto_.profile.a7f551804c984dfc,"",@progbits
   3 0000 789C 6365 		.string	"x\234ce`d`e`"
   3      6064 6065 
   3      6000 
   4 000a 92DF 996A 		.string	"\222\337\231j"
   4      00
   5 000f 03F0 0182 		.ascii	"\003\360\001\202"
   6               	.text
   7               		.section	.gnu.lto_.icf.a7f551804c984dfc,"",@progbits
   8 0000 789C 6365 		.string	"x\234ce`d(a@"
   8      6064 2861 
   8      4000 
   9 000a 6186 657B 		.string	"a\206e{N\237\340f\004\223L\233\257L\177\311\303\374\360\343\232VN\226\023\013\316vq\261\2
   9      4E9F E066 
   9      0493 4C9B 
   9      AF4C 7FC9 
   9      C3FC F0E3 
  10 0083 00        		.string	""
  11 0084 8BD2 3AA9 		.ascii	"\213\322:\251"
  12               	.text
  13               		.section	.gnu.lto_.jmpfuncs.a7f551804c984dfc,"",@progbits
  14 0000 789C 8590 		.ascii	"x\234\205\220\273\n\302@\020E\347\316\304\004Ec\354,\374\321"
  14      BB0A C240 
  14      1045 E7CE 
  14      C404 4563 
  14      EC2C FCD1 
  15 0014 542B 88AD 		.ascii	"T+\210\255\245vZl\341\373\033\024\301\332\217\261\020\004\321"
  15      A576 5A6C 
  15      E1FB 1B14 
  15      C1DA 8FB1 
  15      1004 D1
  16 0027 994D A210 		.ascii	"\231M\242\020\005\0276\220\3549w\356\246A\2409\350\275R\335\372"
  16      0517 3690 
  16      EC39 77EE 
  16      A641 A039 
  16      E8BD 52DD 
  17 003c CA02 2071 		.ascii	"\312\002 q\3161f\202\321\375pM\335c\330_\by1b\tG\024)\363\005"
  17      CE31 6682 
  17      D1FD 704D 
  17      DD63 D85F 
  17      0879 3162 
  18 0056 C08B FA58 		.ascii	"\300\213\372X\005\300P=>?o\307\356D\026\302`\2541 rY\2542\210"
  18      05C0 503D 
  18      3E3F 6FC7 
  18      EE44 16C2 
  18      60AC 3120 
  19 006f 390F 6313 		.ascii	"9\017c\023\006\344{\232xa\215\330XX\323\020U\242B\341<\264nU"
  19      06E4 7B9A 
  19      7861 8DD8 
  19      5858 D310 
  19      55A2 42E1 
  20 0087 45CB CF76 		.ascii	"E\313\317vR\013\211\274hgl-\244\035\346 \226,\3342d\030>\035"
  20      520B 89BC 
  20      6867 6C2D 
  20      A41D E620 
  20      962C DC32 
GAS LISTING /tmp/ccIiK52H.s 			page 2


  21 009f 9F2E 8935 		.ascii	"\237.\2115l\200\260\323\206`\352\024,+\253+\022\372(\351\317"
  21      6C80 B0D3 
  21      8660 EA14 
  21      2C2B AB2B 
  21      12FA 28E9 
  22 00b4 2EDD 4AA0 		.ascii	".\335J\240B\250f\3503+\205\232\321\373\337>\366\242\277\021{"
  22      42A8 66E8 
  22      332B 859A 
  22      D1FB DF3E 
  22      F6A2 BF11 
  23 00c9 6B4F 2F8E 		.ascii	"kO/\216#EN"
  23      2345 4E
  24               	.text
  25               		.section	.gnu.lto_.inline.a7f551804c984dfc,"",@progbits
  26 0000 789C A591 		.ascii	"x\234\245\221\275J\304@\024\205\317\315L2I\234\254Y\t\212\242"
  26      BD4A C440 
  26      1485 CFCD 
  26      4C32 499C 
  26      AC59 098A 
  27 0015 6CD0 C246 		.ascii	"l\320\302F\304\312Z\260\337\327P\f\370\f6\2026\222Bv\025\204"
  27      C4CA 5AB0 
  27      DFD7 500C 
  27      F80C 3682 
  27      3692 4276 
  28 002b DD4E 5D5F 		.ascii	"\335N]_@,}\001[\033[\361!,\274\271\233\204\204]A0\305\334\231"
  28      402C 7D01 
  28      5B1B 5BF1 
  28      212C BCB9 
  28      9B84 845D 
  29 0044 B93F E79B 		.ascii	"\271?\347\233\023\027\204o\007\365\327\001\\Mp\364\270\007o\334"
  29      1317 846F 
  29      07F5 D701 
  29      5C4D 70F4 
  29      B807 6FDC 
  30 0058 930C CD5E 		.ascii	"\223\f\315^9\2601yHO\206\212\006\347\257o\346J\215\224!\320="
  30      39B0 3179 
  30      484F 868A 
  30      06E7 AF6F 
  30      E64A 8D94 
  31 006f AD03 6926 		.ascii	"\255\003i&\221\222#N_\336\335>I\332'E\017r},\021)\361\354\204"
  31      9192 234E 
  31      5FDE DD3E 
  31      49DA 2745 
  31      0F72 7D2C 
  32 0088 17AD 9E57 		.ascii	"\027\255\236W\020\274\357;`\215\003\350|\343\214|\221Y@\302\362"
  32      10BC EF3B 
  32      608D 03E8 
  32      7CE3 8C7C 
  32      9159 40C2 
  33 009d 1ACB 1129 		.ascii	"\032\313\021)Vk\215\227~\325\031\034\"\274\331\223\326\270\354"
  33      566B 8D97 
  33      7ED5 191C 
  33      22BC D993 
  33      D6B8 EC
  34 00b0 D1DC E32D 		.ascii	"\321\334\343-\3616\357\303\203\277\311\360\234\250\237\023\362"
  34      F136 EFC3 
  34      83BF C9F0 
GAS LISTING /tmp/ccIiK52H.s 			page 3


  34      9CA8 9F13 
  34      F2
  35 00c1 A22C 6FF2 		.ascii	"\242,o\362\276\354\r\254\225\307\264\351\371\274[\204\254\bS"
  35      BEEC 0DAC 
  35      95C7 B4E9 
  35      F9BC 5B84 
  35      AC08 53
  36 00d4 D8F4 0FB0 		.ascii	"\330\364\017\260\301\357\202\314SJ\206\350\276\320\254\246\223"
  36      C1EF 82CC 
  36      534A 86E8 
  36      BED0 ACA6 
  36      93
  37 00e5 B40C F5D9 		.ascii	"\264\f\365\331\320G\271\316$\n\204#\216\005\303O\027ftZQ\\W\024"
  37      D047 B9CE 
  37      240A 8423 
  37      8E05 C34F 
  37      1766 745A 
  38 00fd CAB2 F887 		.ascii	"\312\262\370\207\311\373%\216\205\037\023M;\351\313\300\\l\013"
  38      C9FB 258E 
  38      851F 134D 
  38      3BE9 CBC0 
  38      5C6C 0B
  39 0110 948E B8B6 		.ascii	"\224\216\270\266\340A\004\273VU4\377qiQQ(\340\035\004[s\036V"
  39      E041 04BB 
  39      5655 34FF 
  39      7169 5151 
  39      28E0 1D04 
  40 0128 E7E5 B408 		.ascii	"\347\345\264\b\177\265\032\326\250d\230bVmB\214`g\316\2549Nu"
  40      7FB5 1AD6 
  40      A864 9862 
  40      566D 428C 
  40      6067 CEAC 
  41 013f 6BA7 9ACE 		.ascii	"k\247\232\316\004\354\314\2444n25\356\337N\341\007\031\366`\303"
  41      04EC CCA4 
  41      346E 3235 
  41      EEDF 4EE1 
  41      0719 F660 
  42               	.text
  43               		.section	.gnu.lto_.pureconst.a7f551804c984dfc,"",@progbits
  44 0000 789C 6365 		.string	"x\234ce`d\220g``\340c\330\305\310\270\213\221I\212E\212M\202]\212S\202K\222G\212W\202O\20
  44      6064 9067 
  44      6060 E063 
  44      D8C5 C8B8 
  44      8B91 498A 
  45 002b 423A 0352 		.ascii	"B:\003R"
  46               	.text
  47               		.section	.gnu.lto_port_lock.a7f551804c984dfc,"",@progbits
  48 0000 789C 6365 		.string	"x\234ce`d\230\307\300\300\340\016\304\322@\314\310\314\300\3104\341\034\003C#\007\023##\2
  48      6064 98C7 
  48      C0C0 E00E 
  48      C4D2 40CC 
  48      C8CC C0C8 
  49 009e 0D60 0469 		.string	"\r`\004i\004\032e\242\247\247\357\234\221\231\224\351\037\254\353\234\237WR\224\231\244\2
  49      041A 65A2 
  49      A7A7 EF9C 
  49      9199 94E9 
  49      1FAC EB9C 
GAS LISTING /tmp/ccIiK52H.s 			page 4


  50 00e9 00        		.string	""
  51 00ea 124B E8   		.ascii	"\022K\350"
  52               	.text
  53               		.section	.gnu.lto_port_unlock.a7f551804c984dfc,"",@progbits
  54 0000 789C 6365 		.string	"x\234ce`d\230\307\300\300\340\013\304\322@\314\310\314\300\3104\341\034\003C#\007\023##\2
  54      6064 98C7 
  54      C0C0 E00B 
  54      C4D2 40CC 
  54      C8CC C0C8 
  55 009e 0D60 0469 		.string	"\r`\004i\004\032e\242\247\247\357\234\221\231\224\351\037\254\353\234\237WR\224\231\244\2
  55      041A 65A2 
  55      A7A7 EF9C 
  55      9199 94E9 
  55      1FAC EB9C 
  56 00ed FD43 4C8D 		.ascii	"\375CL\215"
  57               	.text
  58               		.section	.gnu.lto_chPoolObjectInit.a7f551804c984dfc,"",@progbits
  59 0000 789C 9D92 		.string	"x\234\235\222\313KTQ\034\307\317\367\376\356\235\271\216\017ZH\030H\270\023\027y)h\3232\3
  59      CB4B 5451 
  59      1CC7 CFF7 
  59      FEEE 9DB9 
  59      8E0F 5A48 
  60 008b 6A23 4D88 		.string	"j#M\210\210F\272\201\b.S'a\246\351cJ+\351\223<\322\235\223\236\013\262\261\300\34681\236j
  60      8846 BA81 
  60      082E 5327 
  60      61A6 E963 
  60      4A2B E993 
  61 00e4 0AD1 8F42 		.ascii	"\n\321\217B\301G\002I\024+\322\317\370D\226K\312g\363z\335\373"
  61      C147 0249 
  61      142B D2CF 
  61      F844 964B 
  61      CA67 F37A 
  62 00fa 17B9 74D8 		.ascii	"\027\271t\330!\255\256\265\267do\223^v8$\035C.\351\326\016I\027"
  62      21AD AEB5 
  62      B764 6F93 
  62      5E76 3824 
  62      1D43 2EE9 
  63 0112 1876 480B 		.ascii	"\030vH\013\327fWr\350\210\343\232\314DOm{.\025\264\310\264f\223"
  63      D766 5772 
  63      E888 E39A 
  63      CC44 4F6D 
  63      7B2E 15B4 
  64 012a 8191 BF93 		.ascii	"\201\221\277\2230\004FQ\254\364\037\3066\333s=\372\215?\205c"
  64      3004 4651 
  64      ACF4 1FC6 
  64      36DB 733D 
  64      FA8D 3F85 
  65 013f 0C1E F0C2 		.ascii	"\f\036\360\302\007#o\221\226\233[M\\\315\276\215\214\351\323"
  65      0723 6F91 
  65      969B 5B4D 
  65      5CCD BE8D 
  65      8CE9 D3
  66 0152 A032 E73E 		.ascii	"\2402\347>pT\023\016@\264\262\217jn\033ij\245%4\314?\376\036"
  66      7054 130E 
  66      40B4 B28F 
  66      6A6E 1B69 
  66      6AA5 2534 
GAS LISTING /tmp/ccIiK52H.s 			page 5


  67 016a F328 4C9C 		.ascii	"\363(L\2344\016\320\32183\347Ue\022\004\3069\272\032m\334\006"
  67      340E D0D1 
  67      3833 E755 
  67      6512 04C6 
  67      39BA 1A6D 
  68 0180 7E33 259F 		.ascii	"~3%\237+s\265\352EZzbIG\253\203p{G\253\213\371\203\364\t\rEJ"
  68      2B73 B5EA 
  68      455A 7A62 
  68      4947 AB83 
  68      707B 47AB 
  69 019c A992 4EA5 		.ascii	"\251\222N\245V\027\274\221_\322\264\311\023#\225\356\035D\304"
  69      5617 BC91 
  69      5FD2 B4C9 
  69      1323 95EE 
  69      1D44 C4
  70 01af EE60 5EA7 		.ascii	"\356`^\247\031\365\033\323_\363X\307\357\352U\025\252\263g\335"
  70      19F5 1BD3 
  70      5FF3 58C7 
  70      EFEA 5515 
  70      AAB3 67DD 
  71 01c3 C933 36E2 		.ascii	"\31136\342u{l2q\217\377\302]\025\207/\2662\343\303Y,\356\222"
  71      757B 6C32 
  71      718F FFC2 
  71      5D15 872F 
  71      B632 E3C3 
  72 01db B248 0126 		.ascii	"\262H\001&`\303\t\210IDl\312rR1\234*W\020]_\356\257\367\252k"
  72      60C3 0988 
  72      4944 6CCA 
  72      7252 319C 
  72      2A57 105D 
  73 01f5 F6FC F1E4 		.ascii	"\366\374\361\344ys\216b\362OJ\354\265\311\307\225\273\245\362"
  73      7973 8E62 
  73      F24F 4AEC 
  73      B5C9 C795 
  73      BBA5 F2
  74 0208 65EF 5274 		.ascii	"e\357Rt\330k\r\251_\306\330l\244\030\333\345|1\334\207\265;\347"
  74      D86B 0DA9 
  74      5FC6 D86C 
  74      A418 DBE5 
  74      7C31 DC87 
  75 021f 6C6E D003 		.ascii	"ln\320\003\366bz\367\312\300\242\357\337\351:\246\034:\024\375"
  75      F662 7AF7 
  75      CAC0 A2EF 
  75      DFE9 3AA6 
  75      1C3A 14FD 
  76 0233 212C EEAA 		.ascii	"!,\356\252K\033\254\377\017\232\201G\016MS\264iE3\305gD\023#"
  76      4B1B ACFF 
  76      0F9A 8147 
  76      0E4D 53B4 
  76      6945 33C5 
  77 024b 17DD BEA8 		.ascii	"\027\335\276\250\321\312\261\270#,\261JK\255\262\252@E\340\370"
  77      D1CA B1B8 
  77      232C B14A 
  77      4BAD B2AA 
  77      4045 E0F8 
  78 025f 8903 E527 		.ascii	"\211\003\345'\255P\330\362\207\202\301\320Y\336U\007*\254p\255"
  78      AD50 D8F2 
GAS LISTING /tmp/ccIiK52H.s 			page 6


  78      8782 C1D0 
  78      59DE 5507 
  78      2AAC 70AD 
  79 0273 DFF2 5705 		.ascii	"\337\362W\005+\2035\241Pu\270\324/\264`\215\036\016\234\2574"
  79      2B83 35A1 
  79      5075 B8D4 
  79      2FB4 608D 
  79      1E0E 9CAF 
  80 0288 6B6A 43E7 		.ascii	"kjC\347\002\247+k\177\003\"X(J"
  80      02A7 2B6B 
  80      7F03 2258 
  80      284A 
  81               	.text
  82               		.section	.gnu.lto_chPoolAllocI.a7f551804c984dfc,"",@progbits
  83 0000 789C 8553 		.string	"x\234\205S[KTQ\024^\353\354sst\306A|\350A\314\0271\037\232\003B\017\021>\365\003\202\352\
  83      5B4B 5451 
  83      145E EBEC 
  83      7373 74C6 
  83      417C E841 
  84 0060 E198 0A70 		.string	"\341\230\np\024"
  84      1400 
  85 0066 CED2 1FD3 		.string	"\316\322\037\323"
  85      00
  86 006b 95C6 5980 		.string	"\225\306Y\200\260\251(,\246\001w\251__\002\360\f\206\252\203\253\212\326QL\270\276\356%XC
  86      B0A9 282C 
  86      A601 77A9 
  86      5F5F 02F0 
  86      0C86 AA83 
  87 00fd 7BB1 40D4 		.ascii	"{\261@\324\257\3246\326e\262#\262\367\307fSQ~\247l}cg5\205y\017"
  87      AFD4 36D6 
  87      65B2 23B2 
  87      F7C7 6653 
  87      517E A76C 
  88 0118 5749 14EF 		.ascii	"WI\024\357\374\331.~T\375nh\373\232[W\261\017\363;\031\bgd\250"
  88      FCD9 2E7E 
  88      54FD 6E68 
  88      FB9A 5B57 
  88      B10F F33B 
  89 0131 1F75 0450 		.ascii	"\037u\004P\222\340\300k\214\363\355\304\005\036\237=872\223\345"
  89      92E0 C06B 
  89      8CF3 EDC4 
  89      051E 9F3D 
  89      3837 3293 
  90 0146 4110 2B2A 		.ascii	"A\020+*\nuC\216Mr\243\272\350\241\245\323CwK\020\240\236\330"
  90      0A75 438E 
  90      4D72 A3BA 
  90      E8A1 A5D3 
  90      4377 4B10 
  91 015d C4C6 3550 		.ascii	"\304\3065Pfz\263e\254};\271f\353B\240\203\211\375j\216>\2333"
  91      667A B365 
  91      AC7D 3BB9 
  91      66EB 42A0 
  91      8389 FD6A 
  92 0175 C47E 3122 		.ascii	"\304~1\"\035H\332j\240d1\215\255bm\236\250\0246\307\306>/\030"
  92      1D48 DA6A 
  92      A064 318D 
  92      AD62 6D9E 
GAS LISTING /tmp/ccIiK52H.s 			page 7


  92      A814 36C7 
  93 018d A19F DCB4 		.ascii	"\241\237\334\264\231\321F\265\200\203\030\202T\002S\206\257\331"
  93      99D1 46B5 
  93      8083 1882 
  93      5402 5386 
  93      AFD9 
  94 019f 9A58 F750 		.ascii	"\232X\367P\335\001\002D\036\201M\267\367\236\263\261#\354\265"
  94      DD01 0244 
  94      1E81 4DB7 
  94      F79E B3B1 
  94      23EC B5
  95 01b2 591A 0ED3 		.ascii	"Y\032\016\323\301\r\t\035ZH|\032\356O\243\342V\316\363\004\301"
  95      C10D 091D 
  95      5A48 7C1A 
  95      EE4F A3E2 
  95      56CE F304 
  96 01c7 5DB4 510A 		.ascii	"]\264Q\n\342\b\206l\346\222VT\351|\005#\343+\211\232\244s\203"
  96      E208 866C 
  96      E692 5654 
  96      E97C 0523 
  96      E32B 899A 
  97 01de 9A37 5FBC 		.ascii	"\2327_\274\252\313\020\264\234\363X\025\245N\247DN\004Z\355Z"
  97      AACB 10B4 
  97      9CF3 5815 
  97      A54E A744 
  97      4E04 5AED 
  98 01f3 8EF4 1B56 		.ascii	"\216\364\033V\037\255\tj\025\357\021u\253\360\003x\037-\240\215"
  98      1FAD 096A 
  98      15EF 1175 
  98      ABF0 0378 
  98      1F2D A08D 
  99 0207 5898 9CED 		.ascii	"X\230\234\355\311H\322\241o'\270\006\035\305\216X}\324\343\254"
  99      C948 D2A1 
  99      6F27 B806 
  99      1DC5 8E58 
  99      7DD4 E3AC 
 100 021b 9AA9 2955 		.ascii	"\232\251)U\2312U\233\3503\004\305\203\177(\217Je\024\312c\244"
 100      9932 559B 
 100      E833 04C5 
 100      837F 288F 
 100      4A65 14CA 
 101 0231 4CDC CDD3 		.ascii	"L\334\315\323\271\202yo\206\334\377D\030\337\215\360\020-\362"
 101      B982 796F 
 101      86DC FF44 
 101      18DF 8DF0 
 101      102D F2
 102 0244 250D EBB0 		.ascii	"%\r\353\260\356u\f_\2342\034\303\256\277\035\356C\354\306G\222"
 102      EE75 0C5F 
 102      9C32 1CC3 
 102      AEBF 1DEE 
 102      43EC C647 
 103 0259 5811 C48F 		.ascii	"X\021\304\217w\366f\021w\271~\207w\323\035y\362\373\216\030`"
 103      77F6 6611 
 103      77B9 7E87 
 103      77D3 1D79 
 103      F2FB 8E18 
 104 026e BB1D E54B 		.ascii	"\273\035\345K\321\244r\372\336Lk\270\317\301\304\252l\346\301"
GAS LISTING /tmp/ccIiK52H.s 			page 8


 104      D1A4 72FA 
 104      DE4C 6BB8 
 104      CFC1 C4AA 
 104      6CE6 C1
 105 0281 09A9 2EAF 		.ascii	"\t\251.\257}\234\324W1\032+w\330\334$\017\016\351Tb3\236),d\242"
 105      7D9C D457 
 105      311A 2B77 
 105      D8DC 240F 
 105      0EE9 5462 
 106 029b 824F 31C7 		.ascii	"\202O1\307f^\351\301\224\227\343\013Fb\037\262\235&\261\321\033"
 106      665E E9C1 
 106      9497 E30B 
 106      4662 1FB2 
 106      9D26 B1D1 
 107 02b0 8874 22DA 		.ascii	"\210t\"\332V\".\336\272BT\306x\347<\322\367\200\242\201\242Z"
 107      5622 2EDE 
 107      BA42 54C6 
 107      78E7 3CD2 
 107      F780 A281 
 108 02c6 3E9F 75BC 		.ascii	">\237u\274\264\254\244\354\304\251\303'O[\301j\313\037\f\004"
 108      B4AC A4EC 
 108      C4A9 C327 
 108      4F5B C16A 
 108      CB1F 0C04 
 109 02da 82E7 6954 		.ascii	"\202\347iTQVbUW\371-\177i\340L\2402\030\254\250\366\371A\tT\252"
 109      5156 6255 
 109      57F9 2D7F 
 109      69E0 4CA0 
 109      3218 ACA8 
 110 02f4 C192 F2CA 		.ascii	"\301\222\362\312_\241\371m$"
 110      5FA1 F96D 
 110      24
 111               	.text
 112               		.section	.gnu.lto_chPoolAlloc.a7f551804c984dfc,"",@progbits
 113 0000 789C 7590 		.string	"x\234u\220\315+Da\024\306\317s\317\235\217\024J\026\302\302F>\312\334R\026\326\376"
 113      CD2B 4461 
 113      14C6 CF73 
 113      CF9D 8F14 
 113      4A16 C2C2 
 114 001d 85BF 6026 		.string	"\205\277`&e\344\272\223\371\003\346\035FDa\312\230F4S\310\267\241,\330\315\312\216\";\242
 114      65E4 BA93 
 114      F903 E61D 
 114      4644 61CA 
 114      9846 3453 
 115 0063 BA50 5E50 		.ascii	"\272P^P\304@\004\323\234d\234\306v\027x\212\323\202\231\322\276"
 115      C440 04D3 
 115      9C64 9CC6 
 115      7617 788A 
 115      D382 99D2 
 116 0078 1CCF DF96 		.ascii	"\034\317\337\226\351\026\250\223\366j\356*k6\255*5\254r\311\313"
 116      E916 A893 
 116      F66A EE2A 
 116      6B36 AD2A 
 116      35AC 72C9 
 117 008d 9264 74B4 		.ascii	"\222dt\2641\315\006\245\204^C-VQ\253G\254\243I\330\373\203\243"
 117      31CD 06A5 
 117      845E 432D 
GAS LISTING /tmp/ccIiK52H.s 			page 9


 117      5651 AB47 
 117      ACA3 49D8 
 118 00a4 712F B782 		.ascii	"q/\267\202\244~M-\217\232\r+E\335\371,Te\232\031\033\340\337"
 118      A47E 4D2D 
 118      8F9A 0D2B 
 118      45DD F92C 
 118      5465 9A19 
 119 00bb 42B9 226C 		.ascii	"B\271\"l\242A\363\017\261\231\361rn+j?\336\343\255\365KEia\243"
 119      A241 F30F 
 119      B199 F172 
 119      6E2B 6A3F 
 119      DEE3 ADF5 
 120 00d4 221E 556B 		.ascii	"\"\036Uk\312\224\241\330\372+\327\237\3207{\205D\251\333\304"
 120      CA94 A1D8 
 120      FA2B D79F 
 120      D037 7B85 
 120      44A9 DBC4 
 121 00e8 36EA 752C 		.ascii	"6\352u,I\263\003\267\354\017}\223=CN\025\276\306T\356\255\371"
 121      49B3 03B7 
 121      EC0F 7D93 
 121      3D43 4E15 
 121      BEC6 54EE 
 122 00fe 64FF BAC2 		.ascii	"d\377\272\302#k\311D\027\025q\232\020^\277\310\244\254$\177\316"
 122      236B C944 
 122      1715 719A 
 122      105E BFC8 
 122      A4AC 247F 
 123 0113 6324 7397 		.ascii	"c$s\227`\355\240\255\017\017\037/<\221O\345M\263\231b\355\231"
 123      60ED A0AD 
 123      0F0F 1F2F 
 123      3C91 4FE5 
 123      4DB3 9962 
 124 0129 4544 62BB 		.ascii	"EDb\273(\217X&\237\250\322\340\"\273\376\242\356\224\270\021"
 124      288F 5826 
 124      9FA8 D2E0 
 124      22BB FEA2 
 124      EE94 B811 
 125 013d 7605 5D64 		.ascii	"v\005]dyH\017i\333\347\377l%\002\366~l\2370\234yOT\377\330\352"
 125      7948 0F69 
 125      DBE7 FF6C 
 125      2502 F67E 
 125      6C9F 309C 
 126 0157 0527 64AC 		.ascii	"\005'd\254$\023C\313\347\263:\372\202\376`gwKW\217\345\204\255"
 126      2413 43CB 
 126      E7B3 3AFA 
 126      82FE 6067 
 126      774B 578F 
 127 016e 8063 DBCE 		.ascii	"\200c\333\316\240T\003A\277\025\036\nX\201>\273\327\0169\316"
 127      A054 0341 
 127      BF15 1E0A 
 127      5881 3EBB 
 127      D70E 39CE 
 128 0182 40D8 1720 		.ascii	"@\330\027 \303\016\231\216\277?\364\r\r\322\233\321"
 128      C30E 998E 
 128      BF3F F40D 
 128      0DD2 9BD1 
 129               	.text
GAS LISTING /tmp/ccIiK52H.s 			page 10


 130               		.section	.gnu.lto_chPoolFreeI.a7f551804c984dfc,"",@progbits
 131 0000 789C 8593 		.ascii	"x\234\205\223Kk\023Q\024\307\317\377\336\231\311\243\265v\241"
 131      4B6B 1351 
 131      14C7 CFFF 
 131      DE99 C9A3 
 131      B576 A1
 132 0013 2252 21BB 		.ascii	"\"R!\273\320\205\031\020\\\270pUw.\004\365\0234\b\2156&\330\017"
 132      D085 1910 
 132      5CB8 7055 
 132      772E 04F5 
 132      1334 088D 
 133 002b 90DB 98D8 		.ascii	"\220\333\230\330\320\242va\233\266\030\246\240\261jm\372\362"
 133      D0A2 7661 
 133      9BB6 18A6 
 133      A0B1 6A6D 
 133      FAF2 
 134 003d 91D4 85A5 		.ascii	"\221\324\205\245B\265\342\003\335i]\265EL\253\240\004\021\004"
 134      42B5 E203 
 134      DD69 5DB5 
 134      454C ABA0 
 134      0411 04
 135 0050 5BCF 9D18 		.ascii	"[\317\235\030\214\202x\3412\367\334s\316\357\374\317\231\031"
 135      8C82 78E1 
 135      32F7 DC73 
 135      CEEF FCCF 
 135      9919 
 136 0062 9340 1541 		.ascii	"\223@\025At\220\210\016\363\206E\020\375/\210\272\275B\030\243"
 136      7490 880E 
 136      F386 4510 
 136      FD2F 88BA 
 136      BD42 18A3 
 137 0076 2629 BFFC 		.ascii	"&)\277\374\374\204H5JaT\232\3314s\207\3302`V\243L@\037\224\027"
 137      FC84 4835 
 137      4A61 549A 
 137      D934 7387 
 137      D832 6056 
 138 0090 9410 D230 		.ascii	"\224\020\3220\221\300%\231\225X\350y_\022\255c\212\327|\266\330"
 138      91C0 2599 
 138      9558 E879 
 138      5F12 AD63 
 138      8AD7 7CB6 
 139 00a5 705E A577 		.ascii	"p^\245w;\222h\230\267^\030C+G\275JM]\221\027\245#\001\203\315"
 139      3B92 6898 
 139      B75E 1843 
 139      2B47 BD4A 
 139      4D5D 9117 
 140 00be 2FCF 4756 		.ascii	"/\317GV\233\264)\020`\363Cq1\343\225\373A|\376:|-m\004\363J%"
 140      9BB4 2910 
 140      60F3 4371 
 140      31E3 95FB 
 140      417C FE3A 
 141 00d9 D5FC B3CB 		.ascii	"\325\374\263\313P;\034)q\013\222\201\270\211\026\334@\013\361"
 141      503B 1C29 
 141      710B 9281 
 141      B889 16DC 
 141      400B F1
 142 00ec 1561 1C41 		.ascii	"\025a\034A\016/\247\3723\333\345\0017\365Bee\271\226\372n\300"
GAS LISTING /tmp/ccIiK52H.s 			page 11


 142      0E2F A7FA 
 142      33DB E501 
 142      37F5 4265 
 142      65B9 96FA 
 143 0102 4D35 70FB 		.ascii	"M5p\373\357T\2030\201\240\216_\231\336\034\330f\031WkrQ\200\005"
 143      EF54 8330 
 143      81A0 8E5F 
 143      99DE 1CD8 
 143      6619 576B 
 144 011a 7EF0 C5E4 		.ascii	"~\360\305\344k\314\253\315\255\036\326p\035o\216\370\004t\022"
 144      6BCC ABCD 
 144      AD1E D670 
 144      1D6F 8EF8 
 144      0474 12
 145 012d ABE7 AA16 		.ascii	"\253\347\252\026CL\242^N\321\023\351\223B?\345\032Ro\037-\026"
 145      434C A25E 
 145      4ED1 13E9 
 145      9342 3FE5 
 145      1A52 6F1F 
 146 0143 2C4D C949 		.ascii	",M\311I=\232\301\364\302K\217\356R\2020\311\305\365\352c\355"
 146      3D9A C1F4 
 146      C24B 8FEE 
 146      5282 30C9 
 146      C5F5 EA63 
 147 0158 3C68 37BC 		.ascii	"<h7\274\255\032+\020\252\371\fJ\356\224\033H\005\264Gk,\225>"
 147      AD1A 2B10 
 147      AAF9 0C4A 
 147      EE94 1B48 
 147      05B4 476B 
 148 016f 2E7B 123F 		.ascii	".{\022?\224\327\221\326\260\324\352\246\220\240z\270\307\355"
 148      94D7 91D6 
 148      B0D4 EAA6 
 148      90A0 7AB8 
 148      C7ED 
 149 0181 FDDC F787 		.ascii	"\375\334\367\207\225&\216\343\341{tC\372nid\374\264\203\\w\263"
 149      9526 8EE3 
 149      E17B 7443 
 149      FA6E 6964 
 149      FCB4 835C 
 150 0197 23BD 98E1 		.ascii	"#\275\230\341\0276\2555\260ck}\246\340\343\340!\245\002\0320"
 150      1736 AD35 
 150      B063 6B7D 
 150      A6E0 E3E0 
 150      21A5 021A 
 151 01ac 0B07 6E41 		.ascii	"\013\007nA\334A\302\221>W\212\351vUFr\256\274\236\367W\225Z\234"
 151      DC41 C291 
 151      3E57 8AE9 
 151      7655 4672 
 151      AEBC 9EF7 
 152 01c4 FCED F1D3 		.ascii	"\374\355\361\323L\243\306*7\333\317\275V\233c_~-Y\360\330\023"
 152      4CA3 C62A 
 152      37DB CFBD 
 152      569B 635F 
 152      7E2D 59F0 
 153 01da AAEA 3271 		.ascii	"\252\3522q\227\301C\356\227\200{\260\211a\203K{5\252\276\001"
 153      97C1 43EE 
 153      9780 7BB0 
GAS LISTING /tmp/ccIiK52H.s 			page 12


 153      8961 834B 
 153      7B35 AABE 
 154 01ef D36D A01E 		.ascii	"\323m\240\036;\272\307\221\rz.\367\377\301-\272\\hn\t6\353r\321"
 154      3BBA C791 
 154      0D7A 2EF7 
 154      FFC1 2DBA 
 154      5C68 6E09 
 155 0207 E58D B4E7 		.ascii	"\345\215\264\347\027\374\017\332\256\377\250\234\373\255\362"
 155      17FC 0FDA 
 155      AEFF A89C 
 155      FBAD F2
 156 0216 81A6 09FA 		.ascii	"\201\246\t\372\204\344\350l\266:\023\275z\271\026O\203\377\037"
 156      84E4 E86C 
 156      B63A 13BD 
 156      7AB9 164F 
 156      83FF 1F
 157 0229 3B14 B2DB 		.ascii	";\024\262\333:\"\355\221\243\307\367\035;a\307\272\354p,\032"
 157      3A22 ED91 
 157      A3C7 F71D 
 157      3B61 C7BA 
 157      EC70 2C1A 
 158 023d 8D9D E153 		.ascii	"\215\235\341Sg\244\335\356:\033\266\303\035\321\223\321x,\326"
 158      67A4 DDEE 
 158      3A1B B6C3 
 158      1DD1 93D1 
 158      782C D6
 159 0250 D915 0A93 		.ascii	"\331\025\n\223\210\306\215X\373\251\370O\272C\005s"
 159      88C6 8D58 
 159      FBA9 F84F 
 159      BA43 0573 
 160               	.text
 161               		.section	.gnu.lto_chPoolFree.a7f551804c984dfc,"",@progbits
 162 0000 789C 6D50 		.ascii	"x\234mP;K\003A\020\236\357\346L\25616\026\202)\354\202\2059\020"
 162      3B4B 0341 
 162      109E EFE6 
 162      4CAE 3136 
 162      1682 29EC 
 163 0018 2CAC ED15 		.ascii	",\254\355\025\324_\220 \030\361\274`~@\326hT\024\037\205\"\321"
 163      D45F 9020 
 163      18F1 BC60 
 163      7E40 D668 
 163      5414 1F85 
 164 002e 844B E1FB 		.ascii	"\204K\341\373\035D0\225A\304NA\261K\247 \212Z\210X\372\230\215"
 164      1D44 3095 
 164      41C4 4E41 
 164      B14B A720 
 164      8A5A 8858 
 165 0045 DA88 03C3 		.ascii	"\332\210\003\303\316,\337k\267\212@K j%\242zi0\301\230\275 \032"
 165      CE2C DF6B 
 165      B78A 404B 
 165      206A 25A2 
 165      7A69 30C1 
 166 005d B20C 400F 		.ascii	"\262\f@\017\312\002%\r$1\303\013\214\223\261\273\242\321\270"
 166      CA02 250D 
 166      2431 C30B 
 166      8C93 B1BB 
 166      A2D1 B8
GAS LISTING /tmp/ccIiK52H.s 			page 13


 167 0070 A6A4 4A0B 		.ascii	"\246\244J\013s\201Q\225\256\363\230(#\255\013kh\024\324\345\310"
 167      7381 5195 
 167      AEF3 9828 
 167      23AD 0B6B 
 167      6814 D4E5 
 168 0085 7E96 A7D9 		.ascii	"~\226\247\331c\300\224\365\345|\3616\240W\003\r\262\336\037\235"
 168      63C0 94F5 
 168      E57C F136 
 168      A057 030D 
 168      B2DE 1F9D 
 169 0099 8D5B DC0C 		.ascii	"\215[\334\f\222\371-\263\2346C+J\245T\351t\016\252\326c\306&"
 169      92F9 2DB3 
 169      9C36 432B 
 169      4AA5 54E9 
 169      740E AAD6 
 170 00b0 5804 B181 		.ascii	"X\004\261\201 \326\021$\271\"l!$\360\207\221\331\361\032n\251"
 170      20D6 1124 
 170      B922 6C21 
 170      24F0 8791 
 170      D9F1 1A6E 
 171 00c5 50A7 5E6F 		.ascii	"P\247^o\312\277\324\353\371\n\325\304\366_\252I\330AH\343o\n"
 171      CABF D4EB 
 171      F90A D5C4 
 171      F65F AA49 
 171      D841 48E3 
 172 00db 1FF3 D53E 		.ascii	"\037\363\325>\363;+v\341\223g\323\336\025J\352\343sL\334W\341"
 172      F33B 2B76 
 172      E193 67D3 
 172      DE15 4AEA 
 172      E373 4CDC 
 173 00f1 B5FB 25B1 		.ascii	"\265\373%\2618\231\250\220hB\240\372\017&\331\320'?b8\177\220"
 173      3899 A890 
 173      6842 A0FA 
 173      0F26 D9D0 
 173      273F 6238 
 174 0107 654D D68A 		.ascii	"eM\326\212\305\342S\331\237|W\226\307U\031\0269\354!)\236>zD"
 174      C5E2 53D9 
 174      9F7C 5796 
 174      C755 1916 
 174      39EC 2129 
 175 011f 3A7F 18FC 		.ascii	":\177\030\374\007\347\317\210\024a_p9\346\034\233\036[\244e\213"
 175      07E7 CF88 
 175      1461 5F70 
 175      39E6 1C9B 
 175      1E5B A465 
 176 0134 FFA1 4555 		.ascii	"\377\241EU\022\240\360\243\372\214T\3768\213\nP\327\204xJ,\021"
 176      12A0 F0A3 
 176      FA8C 54FE 
 176      388B 0A50 
 176      D784 784A 
 177 014a B4C3 61BB 		.ascii	"\264\303a\273\2557\026\211ut5uv\333n\302\216\272\216\343\016"
 177      AD37 1689 
 177      7574 3575 
 177      76DB 6EC2 
 177      8EBA 8EE3 
 178 015f C8D4 1F8B 		.ascii	"\310\324\037\213\330\211\301\250\035\355uz\234\270\353\366'\302"
 178      D889 C1A8 
GAS LISTING /tmp/ccIiK52H.s 			page 14


 178      1DED 757A 
 178      9CB8 EBF6 
 178      27C2 
 179 0171 5132 9CB8 		.ascii	"Q2\234\270\351F\372\342_u\253\223\306"
 179      E946 FAE2 
 179      5F75 AB93 
 179      C6
 180               	.text
 181               		.section	.gnu.lto_chPoolLoadArray.a7f551804c984dfc,"",@progbits
 182 0000 789C 7D53 		.ascii	"x\234}SKHTQ\030\376\277\363\337\327\214\323\020\324\242E\013"
 182      4B48 5451 
 182      18FE BFF3 
 182      DFD7 8CD3 
 182      10D4 A245 
 183 0015 77D2 2227 		.ascii	"w\322\"'\212\250]\213\026-\203j\0374\005J\216#I\213Vs\262\321"
 183      8AA8 5D8B 
 183      162D 836A 
 183      1F34 054A 
 183      8E23 498B 
 184 002d 2CA3 0798 		.ascii	",\243\007\2306\341t\003\023{\251\275K\3551e\364\242\367&\252"
 184      36E1 7403 
 184      137B A9BD 
 184      4BED 3165 
 184      F4A2 F726 
 185 0042 4D94 494F 		.ascii	"M\224IO\350\201\006Q\331\177\316-\223\202\016\334{\316\377\237"
 185      E881 0651 
 185      D97F CE2D 
 185      9382 0EDC 
 185      7BCE FF9F 
 186 0056 EFFB FED7 		.ascii	"\357\373\376\327\275.\201\3561Q\r\021\255\227\0071\202\332y\227"
 186      BD2E 81EE 
 186      3151 0D11 
 186      AD97 0731 
 186      82DA 7997 
 187 006a 6863 A094 		.ascii	"hc\240\224\263\337%\035\347\0177\210t\202\225\323\\!\246g\336"
 187      B3DF 251D 
 187      E70F 3788 
 187      7482 95D3 
 187      5C21 A667 
 188 007f 0907 5E84 		.ascii	"\t\007^\204\362\020\230\003\334h\277\034\004\312\335v]\bq?\357"
 188      F210 9803 
 188      DC68 BF1C 
 188      04CA DD76 
 188      5D08 713F 
 189 0094 0BD0 078C 		.ascii	"\013\320\007\214_\007\240\234b\307s\003\0379\025\020J\300\370"
 189      5F07 A09C 
 189      62C7 7303 
 189      1F39 1510 
 189      4AC0 F8
 190 00a7 F822 326B 		.ascii	"\370\"2k\007\2673\256l\036\351W\263\272\265\254R{\253\337\244"
 190      07B7 33AE 
 190      6C1E E957 
 190      B3BA B5AC 
 190      527B ABDF 
 191 00bc 1B67 8492 		.ascii	"\033g\204\222X\201-\204\320\215Y\202z\220?\326\301\3339d\300"
 191      5881 2D84 
 191      D08D 5982 
GAS LISTING /tmp/ccIiK52H.s 			page 15


 191      7A90 3FD6 
 191      C1DB 3964 
 192 00d1 11F3 E39D 		.ascii	"\021\363\343\235\275/\222\306T(\027\363\325\271k\315\001\317"
 192      BD2F 92C6 
 192      5428 17F3 
 192      D5B9 6BCD 
 192      01CF 
 193 00e3 05C9 79B4 		.ascii	"\005\311y\264p\240\321\251\350\322\272A\227\336\265BO\017\231"
 193      70A0 D1A9 
 193      E8D2 BA41 
 193      97DE B542 
 193      4F0F 99
 194 00f6 7118 2C82 		.ascii	"q\030,\2028\204\2318\210\231$.\302\021T\b\374viK_\234\347[\352"
 194      3884 9938 
 194      8899 242E 
 194      C211 5408 
 194      FC76 694B 
 195 010f A747 4327 		.ascii	"\247GC'\203_\324o\273-\325\301\321\277\251\016\241\307R?~+\236"
 195      835F D46F 
 195      BB2D D5C1 
 195      D1BF A90E 
 195      A1C7 523F 
 196 0126 8D45 494C 		.ascii	"\215EIL\027\363\273nmK\362\002\253t\265\247\353P\342\227\322"
 196      17F3 BB6E 
 196      6D4B F202 
 196      AB74 B5A7 
 196      EB50 E297 
 197 013b ED76 ABE4 		.ascii	"\355v\253\344\242/R\352\235Pr\t\307Pa\360\317\217\377\330=\305"
 197      A22F 52EA 
 197      9D50 7209 
 197      C750 61F0 
 197      CF8F FFD8 
 198 0151 733A 7F17 		.ascii	"s:\177\027\216\343\360 \2338\372\036\242\244\177\214o\326\245"
 198      8EE3 F020 
 198      9B38 FA1E 
 198      A2A4 7F8C 
 198      6FD6 A5
 199 0164 E16E 0C2E 		.ascii	"\341n\f.\231\n\033^Y\252\003S\205\013s\366`\3741{\033\027q\257"
 199      990A 1B5E 
 199      59AA 0353 
 199      850B 73F6 
 199      60FC 317B 
 200 017c CC1E 1316 		.ascii	"\314\036\023\026\230\214\"\321V\021\227\361"
 200      988C 22D1 
 200      5611 97F1 
 201 0188 B4B0 928D 		.string	"\264\260\222\215\207\221\17724\322\341\231hE6}mk\274r\3177%\261\2049!I\232\325\"\335\272\
 201      8791 7F32 
 201      34D2 E199 
 201      6845 367D 
 201      6D6B BC72 
 202 0289 1134 BEB6 		.ascii	"\0214\276\266\246\013\2033\"o\242\310Jt\356\217\354z\256\242"
 202      A60B 8333 
 202      226F A2C8 
 202      4A74 EE8F 
 202      EC7A AEA2 
 203 029d F9C8 FF86 		.ascii	"\371\310\377\206\213vB-\034\220\374\226\220Y>\035\032\353\230"
 203      8B76 422D 
GAS LISTING /tmp/ccIiK52H.s 			page 16


 203      1C90 FC96 
 203      9059 3E1D 
 203      1AEB 98
 204 02b0 1B31 D4EF 		.ascii	"\0331\324\357\371\215B\364b\236\344^\346\016\214-\034\205*r\322"
 204      F98D 42F4 
 204      629E E45E 
 204      E60E 8C2D 
 204      1C85 2A72 
 205 02c5 9809 F7EB 		.ascii	"\230\t\367\353\330\034a\373\246\245\357\321\260\377\313\366\250"
 205      D81C 61FB 
 205      A6A5 EFD1 
 205      B0FF CBF6 
 205      A8
 206 02d6 DF66 6D95 		.ascii	"\337fm\225\251\346}E\224\252\254L-\256\252^U\275t\371\354e+R"
 206      A9E6 7D45 
 206      94AA AC4C 
 206      2DAE AA5E 
 206      55BD 74F9 
 207 02ee D9FA 543A 		.ascii	"\331\372T:\233\311dk\345TS\275*U\277.\235JWe\326d\352\262\331"
 207      9BC9 646B 
 207      E554 53BD 
 207      2A55 BF2E 
 207      9D4A 5765 
 208 0307 9AFA CA34 		.ascii	"\232\372\3124\251L\035\352P;\357\377\264\352\332t\315\372\325"
 208      A94C 1DEA 
 208      503B EFFF 
 208      B4EA DA74 
 208      CDFA D5
 209 031a 6B26 53AB 		.ascii	"k&S\253\350'\277\267U\021"
 209      E827 BFB7 
 209      5511 
 210               	.text
 211               		.section	.gnu.lto_chGuardedPoolObjectInit.a7f551804c984dfc,"",@progbits
 212 0000 789C 7D90 		.string	"x\234}\220\315k\023a\020\207\347\367\316\266\233\230\217S\017\001s\310-\364`\026<x\360\35
 212      CD6B 1361 
 212      1087 E7F7 
 212      CEB6 9B98 
 212      8F53 0F01 
 213 0071 FD70 02A0 		.ascii	"\375p\002\240\274B\036\227y\202\321(\275\257\253\3169G\2167\361"
 213      BC42 1E97 
 213      7982 D128 
 213      BDAF ABCE 
 213      3947 8E37 
 214 0086 263A E40C 		.ascii	"&:\344\f\306\\&\232\222\253\017\346\320)U\257\006\226g\370\022"
 214      C65C 269A 
 214      92AB 0FE6 
 214      D029 55AF 
 214      0696 67F8 
 215 009b BB0C 1812 		.ascii	"\273\f\030\022~~>\275\035\325\241BB\302\352\273\341\005\305G"
 215      7E7E 3EBD 
 215      1DD5 A142 
 215      42C2 EABB 
 215      E105 C547 
 216 00af 41F2 7EF2 		.ascii	"A\362~\362p\375Z09\3538E\307k\216\303\351p\231q\003,@\\G\034"
 216      70FD 5A30 
 216      39EB 3845 
 216      C76B 8EC3 
GAS LISTING /tmp/ccIiK52H.s 			page 17


 216      E970 9971 
 217 00c9 F388 93FC 		.ascii	"\363\210\223\374\", \251I\373\345\265`\213\324!\341\325\302\353"
 217      222C 20A9 
 217      49FB E5B5 
 217      608B D421 
 217      E1D5 C2EB 
 218 00dd A711 3EE6 		.ascii	"\247\021>\346\223\232\237\306FB\277I\317b#\216\247\\6\260\330"
 218      939A 9FC6 
 218      4642 BF49 
 218      CF62 238E 
 218      A75C 36B0 
 219 00f2 42DD FC83 		.ascii	"B\335\374\2032\bKH\352\206\255\225\203\261H\273\321rG\r\355\220"
 219      3208 4B48 
 219      EA86 AD95 
 219      83B1 48BB 
 219      D172 470D 
 220 0108 6F6D 039E 		.ascii	"om\003\236s\360\263\344x\373\261\351\217A\023\320\223\2254\266"
 220      73F0 B3E4 
 220      78FB B1E9 
 220      8F41 13D0 
 220      9395 34B6 
 221 011c 19F0 3B69 		.ascii	"\031\360;iT\352\365b.\262\322_\336A\361{iw/\254\021eVB\036\037"
 221      54EA F562 
 221      2EB2 D25F 
 221      DE41 F17B 
 221      6977 2FAC 
 222 0136 6CBC 34B5 		.ascii	"l\2744\265%\373f_\037\257\017\207]\224\013\262\264\312\026\204"
 222      25FB 665F 
 222      1FAF 0F87 
 222      5D94 0BB2 
 222      B4CA 1684 
 223 014a 2575 C0B2 		.ascii	"%u\300\262\370\350\364\354\333\342\222i-\352\225&\\6\261\002"
 223      F8E8 F4EC 
 223      DBE2 9269 
 223      2DEA 9526 
 223      5C36 B102 
 224 015e 1793 FE3E 		.ascii	"\027\223\376>%\271Y}P\r\345\177\350d%*\022\270\005KlW\221\247"
 224      25B9 597D 
 224      500D E57F 
 224      E864 252A 
 224      12B8 054B 
 225 0176 0F18 4AE8 		.ascii	"\017\030J\350\231\272\254^on\232R\026p90%S\t\267\245Bl\312l\374"
 225      99BA AC5E 
 225      6F6E 9A52 
 225      1670 3930 
 225      2553 09B7 
 226 0190 2D14 04E1 		.ascii	"-\024\004\341\016\342.\037\242\0354\276\314\327LM\370\3071\361"
 226      0EE2 2E1F 
 226      A21D 34BE 
 226      CCD7 4C4D 
 226      F8C7 31F1 
 227 01a4 5FC1 10EE 		.ascii	"_\301\020\356\372\202h\t\336_\335x\244$9P\320\3110\326`M\312"
 227      FA82 6809 
 227      DE5F DD78 
 227      A424 3950 
 227      D0C9 30D6 
 228 01bb 62C4 E01E 		.ascii	"b\304\340\036,\311\327\232\365o\021=:\"\243\353B\334E\261\262"
GAS LISTING /tmp/ccIiK52H.s 			page 18


 228      2CC9 D79A 
 228      F56F 113D 
 228      3A22 A3EB 
 228      42DC 45B1 
 229 01d0 5D86 6FAE 		.ascii	"]\206o\256\317\250\220d\215\322b\245R\326\211\336Lw\346\344\351"
 229      CFA8 9064 
 229      8DD2 62A5 
 229      52D6 89DE 
 229      4C77 E6E4 
 230 01e5 23A7 CE58 		.ascii	"#\247\316Xv\316J\333\331\254}N^}\231n+w>m\245{\263=\331~\333"
 230      76CE 4ADB 
 230      D9AC 7D4E 
 230      5E7D 996E 
 230      2B77 3E6D 
 231 0200 EECB A5D2 		.ascii	"\356\313\245\322\304g\263\375F.s\241\347\027_K\325@"
 231      C467 B3FD 
 231      462E 73A1 
 231      E717 5F4B 
 231      D540 
 232               	.text
 233               		.section	.gnu.lto_chGuardedPoolAllocTimeoutS.a7f551804c984dfc,"",@progbits
 234 0000 789C 8551 		.ascii	"x\234\205QMKTa\024~\237{\356|9\243\211\270h!\341F\314Es#\242"
 234      4D4B 5461 
 234      147E 9F7B 
 234      EE7C 39A3 
 234      89B8 6821 
 235 001b 9D41 B469 		.ascii	"\235A\264i\027T\277\300\301t\302\333Hc\353\271#\212\222`I\345"
 235      1754 BFC0 
 235      C174 C2DB 
 235      4863 EBB9 
 235      238A 9260 
 236 0031 34E2 7485 		.ascii	"4\342t\205\374*\363\2532\0353\230\222JE\215\204h1\341\3024\210"
 236      FC2A F3AB 
 236      321D 3398 
 236      924A 458D 
 236      8468 31E1 
 237 0048 5412 0AA1 		.ascii	"T\022\n\241t\354\274\367\212}-\272"
 237      74EC BCF7 
 237      8A7D 2DBA 
 238 0054 7079 CF39 		.string	"py\3179\357s\236\363<\347u\b\210\303$\304\t!\304Q\376\341\020P\256\315\013\021u+\212\232\
 238      EF73 9EF3 
 238      3CE7 7508 
 238      88C3 24C4 
 238      0921 C451 
 239 0155 1B7F 0827 		.string	"\033\177\b'\370\220\225\301\005\244\214\314N\003\313:\265\366u>\337\007V\241\360Pv\250r\3
 239      F890 95C1 
 239      05A4 8CCC 
 239      4E03 CB3A 
 239      B5F6 753E 
 240 017f 21AE 3093 		.string	"!\2560\223|\230&N\370\244O\250\375\336\260\335R.\311\023$\337\244\265\376\371k\227t@\226\
 240      7C98 264E 
 240      F8A4 4FA8 
 240      FDDE B0DD 
 240      522E C913 
 241 0248 7F81 32DE 		.ascii	"\177\2012\336\275\004f\240\266\236\005\360\003A\242\270[\363"
 241      BD04 66A0 
 241      B69E 05F0 
GAS LISTING /tmp/ccIiK52H.s 			page 19


 241      0341 A2B8 
 241      5BF3 
 242 025a FBB5 9395 		.ascii	"\373\265\223\225\301\262\340\351\263\207\316\234\323Ba-\020\322"
 242      C1B2 E0E9 
 242      B387 CE9C 
 242      D342 612D 
 242      10D2 
 243 026c F5D0 458E 		.ascii	"\365\320E\216\252\202eZ\370R@\013T\352\345zu(T\025\366\007\004"
 243      AA82 655A 
 243      F852 400B 
 243      54EA E57A 
 243      7528 5415 
 244 0283 55E8 D5AE 		.ascii	"U\350\325\256\232\240^\036\272\\Cz\270\342'\377;\0357"
 244      9AA0 5E1E 
 244      BA5C 437A 
 244      B8E2 27FF 
 244      3B1D 37
 245               	.text
 246               		.section	.gnu.lto_chGuardedPoolAllocTimeout.a7f551804c984dfc,"",@progbits
 247 0000 789C 7590 		.string	"x\234u\220\315k\023Q\024\305\357\231;\231\214\212\265-\305\205v\341\246\304.\314\200\013\
 247      CD6B 1351 
 247      14C5 EF99 
 247      3B99 8C8A 
 247      B52D C585 
 248 00cb FCAF 51AE 		.ascii	"\374\257Q\256\be\304D\376fw\273r\250\021\302\220v\355g\325?\320"
 248      0865 C444 
 248      FE66 77BB 
 248      72A8 11C2 
 248      9076 ED67 
 249 00e2 08D1 2AED 		.ascii	"\b\321*\355\327\311\033\033-|*\004\357\324^lG\233\340\372\352"
 249      D7C9 1B1B 
 249      2D7C 2A04 
 249      EFD4 5E6C 
 249      479B E0FA 
 250 00f7 E1CF 4A49 		.ascii	"\341\317JI \023\217\033\350G\202~\030\242MB\200\230vT+\327\203"
 250      2013 8F1B 
 250      E847 827E 
 250      18A2 4D42 
 250      8098 7654 
 251 010e FD7C 3A74 		.ascii	"\375|:t\317\256\276\364\315\256;\241\373m\265}&\253\026\224)"
 251      CFAE BEF4 
 251      CDAE 3BA1 
 251      FB6D B57D 
 251      26AB 1694 
 252 0123 0B61 716F 		.ascii	"\013aqo4\375\211\374\333R\375\346A\313\304\022\272\364\312\262"
 252      34FD 89FC 
 252      DB52 FDE6 
 252      41CB C412 
 252      BAF4 CAB2 
 253 0137 E913 5890 		.ascii	"\351\023X\220C\337\004k\250\250\372\356\230\3448[\373\275\331"
 253      43DF 046B 
 253      A8A8 FAEE 
 253      98E4 385B 
 253      FBBD D9
 254 014a 614B 5AD9 		.ascii	"aKZ\331\306\204\036lQh\242qq\3517\237\220G\223\223\267p\265X"
 254      C684 1E6C 
 254      5168 A271 
GAS LISTING /tmp/ccIiK52H.s 			page 20


 254      71E9 379F 
 254      9047 9393 
 255 0162 2EB1 E6E8 		.ascii	".\261\346\350\001++\265/\321\314\037e\0278\222gM^FF\322[\264"
 255      012B 2BB5 
 255      2FD1 CC1F 
 255      6517 3892 
 255      674D 5E46 
 256 017a 85D1 6250 		.ascii	"\205\321bP\212h\241\317\326^i4/4\302S\221\372\314>\313\0066i"
 256      8A68 A1CF 
 256      D65E 6934 
 256      2F34 C253 
 256      91FA CC3E 
 257 0192 F2F2 FFC8 		.ascii	"\362\362\377\310\222\002\317\232\344\037\030.>/\035i\222\365"
 257      9202 CF9A 
 257      E41F 182E 
 257      3E2F 1D69 
 257      92F5 
 258 01a4 A6E3 3259 		.ascii	"\246\3432Y\302\t\323\211\307\2353\003\311\276\344\271\336\023"
 258      C209 D389 
 258      C79D 3303 
 258      C9BE E4B9 
 258      DE13 
 259 01b6 E72F 385E 		.ascii	"\347/8^\332Ix\256\353]\222j0\331\347\244/'\234\304\200\333\357"
 259      DA49 78AE 
 259      EB5D 926A 
 259      30D9 E7A4 
 259      2F27 9CC4 
 260 01cd A63C 6F30 		.ascii	"\246<o0\035O\020_tS\321\241\244\333\357]\031B\352/??\276H"
 260      1D4F 105F 
 260      7453 D1A1 
 260      A4DB EF5D 
 260      1942 EA2F 
 261               	.text
 262               		.section	.gnu.lto_chGuardedPoolFreeI.a7f551804c984dfc,"",@progbits
 263 0000 789C 8592 		.ascii	"x\234\205\222\313k\023Q\024\306\317w\317t2}\244.tQ\260\213\354"
 263      CB6B 1351 
 263      14C6 CF77 
 263      CF74 327D 
 263      A42E 7451 
 264 0017 4217 66C0 		.ascii	"B\027f\300\205\013\267\376\001\202\272t\225 6\322q\202\371\003"
 264      850B B7FE 
 264      0182 BA74 
 264      9520 36D2 
 264      7182 F903 
 265 002b 320D 8909 		.ascii	"2\r\211\t\025m76F\034&\213\324\250\265\351\303\027q!\261\nb\361"
 265      156D 3736 
 265      461C 268B 
 265      D4A8 B5E9 
 265      C317 7121 
 266 0043 812E 8DAB 		.ascii	"\201.\215\253\372\242\250\013q!\b\255\236{\353\252\024\274p\271"
 266      FAA2 A80B 
 266      7121 08AD 
 266      9E7B EBAA 
 266      14BC 70B9 
 267 0057 E7CE FDBE 		.ascii	"\347\316\375\276s\177\367c\372\btR\021\035&\242\3752\301\004"
 267      737F F763 
 267      FA08 7452 
GAS LISTING /tmp/ccIiK52H.s 			page 21


 267      111D 26A2 
 267      FD32 C104 
 268 006b 35F3 8A68 		.ascii	"5\363\212h\322Q\200.\002\007TP(`\232k\214\325\312\347\216\032"
 268      D251 802E 
 268      0207 5450 
 268      2860 9A6B 
 268      8CD5 CAE7 
 269 0081 6B05 32BA 		.ascii	"k\0052\272\265w{\317\007\345\221\210\211\3522\365@\013c\242z"
 269      B577 7BCF 
 269      07E5 9188 
 269      89EA 32F5 
 269      400B 63A2 
 270 0096 535A BAC6 		.ascii	"SZ\272\306\2278b\300\222\355\217\227W?\f\353\255BB\266\315O\325"
 270      9738 62C0 
 270      92ED 8F97 
 270      573F 0CEB 
 270      AD42 42B6 
 271 00ad 79C5 0741 		.ascii	"y\305\007AR?\177\262v\275?9\027\004\305\240\373t\026\301\276"
 271      523F 7FB2 
 271      76BD 3F39 
 271      1704 C5A0 
 271      FB74 16C1 
 272 00c2 8819 B7C0 		.ascii	"\210\031\267\300\322\02071\212\033\030%\371D\230GR\344\033\245"
 272      D210 3731 
 272      8A1B 1825 
 272      F944 9847 
 272      52E4 1BA5 
 273 00d6 99EA 1E3E 		.ascii	"\231\352\036>d\254\027\177\256\367\254\177\326\3675c\265p{\247"
 273      64AC 177F 
 273      AEF7 AC7F 
 273      D6F7 3563 
 273      B570 7BA7 
 274 00ea D522 2C20 		.ascii	"\325\", \251\365\353\313[\227\343\266\265\315\2126l\310\272\370"
 274      A9F5 EBCB 
 274      5B97 E3B6 
 274      B5CD 8A36 
 274      6CC8 BAF8 
 275 00fe 16DD 60EB 		.ascii	"\026\335`\353O%\350\276\030y\370h\300\001\364MJ\214}\026\264"
 275      4F25 E8BE 
 275      1879 F868 
 275      C001 F44D 
 275      4A8C 7D16 
 276 0113 D396 D226 		.ascii	"\323\226\322&\232\022\223N\343\002+\275\362\006\212\277+\233"
 276      9A12 934E 
 276      E302 2BBD 
 276      F206 8ABF 
 276      2B9B 
 277 0125 615C F709 		.ascii	"a\\\367\tYI\373\331\362\352\353\230~$\033\272_\317\326\252C\021"
 277      5949 FBD9 
 277      F2EA EB98 
 277      7E24 1BBA 
 277      5FCF D6AA 
 278 013b C249 49AA 		.ascii	"\302II\252\321\206t\211\205\022\307\242@\351\343\271\217\305"
 278      D186 7489 
 278      8512 C7A2 
 278      40E9 E3B9 
 278      8FC5 
GAS LISTING /tmp/ccIiK52H.s 			page 22


 279 014d 76CC 5DD0 		.ascii	"v\314]\3209&\"v\260\204\bWL\210r\330k>n\016\0266\365acXH\260"
 279      3926 2276 
 279      B084 0857 
 279      4C88 72D8 
 279      6B3E 6E0E 
 280 0169 0C57 9057 		.ascii	"\fW\220WP\240\257('\364\235Z\326\351|\353\305D\346D\334_\227"
 280      50A0 AF28 
 280      27F4 9D5A 
 280      D6E9 7CEB 
 280      C544 E644 
 281 0180 5B09 7744 		.ascii	"[\twD!4![\021\017\220a,G\330f\264wB\255\374\007j\020w\r\024v"
 281      2134 215B 
 281      110F 9061 
 281      2C47 D866 
 281      B477 42AD 
 282 019c 85B2 71CF 		.ascii	"\205\262q\317@\3357P\245\335\240\206\352\022\026\341\201\201"
 282      40DD 3750 
 282      A5DD A086 
 282      EA12 16E1 
 282      8181 
 283 01ae B223 8ED3 		.ascii	"\262#\216\323w\024\033_Z\006\310\374.S\322\\\322\024\225\233"
 283      7714 1B5F 
 283      5A06 C8FC 
 283      2E53 D25C 
 283      D214 959B 
 284 01c2 4AB9 47C6 		.ascii	"J\271G\306\263\351\354\321\343\007\216\235p\375\274\233\361="
 284      B3E9 ECD1 
 284      E307 8E9D 
 284      70FD BC9B 
 284      F13D 
 285 01d4 CF3F 2BD5 		.ascii	"\317?+\325D6\355\346\317e\334\314\270w\312\313\371\376D>\225"
 285      4436 EDE6 
 285      CF65 DCCC 
 285      B877 CACB 
 285      F9FE 443E 
 286 01e9 213E EDE5 		.ascii	"!>\355\345,?}&\367\027 \354\322_"
 286      2C3F 7D26 
 286      F717 20EC 
 286      D25F 
 287               	.text
 288               		.section	.gnu.lto_chGuardedPoolFree.a7f551804c984dfc,"",@progbits
 289 0000 789C 7590 		.ascii	"x\234u\220OK\033Q\024\305\357\231\373L\246B\353\246H\240.\272"
 289      4F4B 1B51 
 289      14C5 EF99 
 289      FB4C A642 
 289      EBA6 48A0 
 290 0016 0B81 9A81 		.ascii	"\013\201\232\201.\272p\353\007(T?AB\321\024\247\023\232\017\220"
 290      2EBA 70EB 
 290      0728 543F 
 290      4142 D114 
 290      A713 9A0F 
 291 002b D7F8 2F28 		.ascii	"\327\370/(V7\022\"\306\311B\215\177b5\335\305U0n\024Z\260t\347"
 291      5637 1222 
 291      C6C9 428D 
 291      7F62 35DD 
 291      C555 306E 
 292 0044 2EA2 22D1 		.ascii	".\242\"\321\205\270\350\246M{_\224.\304^x\314\275\303\357\234"
GAS LISTING /tmp/ccIiK52H.s 			page 23


 292      85B8 E8A6 
 292      4D7B 5F94 
 292      2EC4 5E78 
 292      CCBD C3EF 
 293 0059 7BDE EB20 		.ascii	"{\336\353 P\035D}D\364L\016\230`\315}#\372h[\200i\264\rJ[Hc\226"
 293      501D 447D 
 293      44F4 4C0E 
 293      9860 CD7D 
 293      23FA 685B 
 294 0076 738C BDC9 		.ascii	"s\214\275\311\263\252\025)i\251Zn\251{B\217\207|&\312\3131\205"
 294      B3AA 1529 
 294      69A9 5A6E 
 294      A97B 428F 
 294      877C 26CA 
 295 008d 1222 421D 		.ascii	"\022\"B\035\215\355,\362'\366\031P2^\177]8ybF\013\317e\\>\315"
 295      8DED 2CF2 
 295      27F6 1950 
 295      325E 7F5D 
 295      3879 6246 
 296 00a7 6E5A FC12 		.ascii	"nZ\374\022$\375A\375p\365QxE\353\214\256\375\232\207~\3523c\003"
 296      24FD 41FD 
 296      70F5 5178 
 296      45EB 8CAE 
 296      FD9A 877E 
 297 00bf 2C86 5847 		.ascii	",\206XG\017\326\320C\362\213\260\211\260\340\027cs\331.~\325"
 297      0FD6 D043 
 297      F28B B089 
 297      B0E0 1763 
 297      73D9 2E7E 
 298 00d4 96CE DC34 		.ascii	"\226\316\3344\216\325\235\364G\256-U(\337\227*\302\026\302\206"
 298      8ED5 9DF4 
 298      47AE 2D55 
 298      28DF 972A 
 298      C216 C286 
 299 00e8 6F54 5AF3 		.ascii	"oTZ\363\217\003\3526+># \327\246\355\357\250\351\326\237I]\333"
 299      8F03 EA36 
 299      2B3E 2320 
 299      D7A6 EDEF 
 299      A8E9 D69F 
 300 00ff 0FED 9E77 		.ascii	"\017\355\236w\332\222X6)\264E4%\250y\203i\266\314\227\233\030"
 300      DA92 5836 
 300      29B4 4534 
 300      25A8 7983 
 300      69B6 CC97 
 301 0115 2D9E 97D9 		.ascii	"-\236\227\331\210\215c\265zy\034L\377\326\266\317\035y\026;l"
 301      888D 63B5 
 301      7A79 1C4C 
 301      FFD6 B6CF 
 301      1D79 163B 
 302 012a 232D 3B03 		.ascii	"#-;\003\324\304x\361\342\305\003\\0/V\204\035\341\n\314\005V"
 302      D4C4 78F1 
 302      E2C5 035C 
 302      302F 5684 
 302      1DE1 0ACC 
 303 0140 3EDB 646C 		.ascii	">\333dl\257\036\242\305U\022\240\362\317u\264x\375\037N\t\367"
 303      AF1E A2C5 
 303      5512 A0F2 
GAS LISTING /tmp/ccIiK52H.s 			page 24


 303      CF75 B478 
 303      FD1F 4E09 
 304 0155 E58E BB42 		.ascii	"\345\216\273B\246\370\263\2146hjJ\262I|Y\354D\243N\377p\"\226"
 304      A6F8 B38C 
 304      3668 6A4A 
 304      B249 7C59 
 304      EC44 A34E 
 305 016d 783D D0FB 		.ascii	"x=\320\373f\320\361RN\334s]\357\275t#\211\230\223\372\020w\342"
 305      66D0 F152 
 305      4EDC 735D 
 305      EFBD 7423 
 305      8998 93FA 
 306 0184 C3EE 5B37 		.ascii	"\303\356[7\351y#\251h\234x\310M*/\366.\371\027y\240\242\336"
 306      E979 23A9 
 306      689C 78C8 
 306      4D2A 2FF6 
 306      2EF9 1779 
 307               	.text
 308               		.section	.gnu.lto_chGuardedPoolLoadArray.a7f551804c984dfc,"",@progbits
 309 0000 789C 7D53 		.ascii	"x\234}S[kTW\024^\337^\347:\231\214>\bU\360!o\301\207\346\320"
 309      5B6B 5457 
 309      145E DF5E 
 309      E73A 998C 
 309      3E08 55F0 
 310 001a 08D2 3EF5 		.ascii	"\b\322>\365\301\037Ph\375\005N\305\0043\231`\310\203Os\214\223"
 310      C11F 5068 
 310      FD05 4EC5 
 310      0433 9960 
 310      C883 4F73 
 311 0030 8BA6 1785 		.ascii	"\213\246\027\205672=\201\032o17c\325\244\215\216\231\202Q\274"
 311      3637 323D 
 311      811A 6F31 
 311      3763 D5A4 
 311      8D8E 9982 
 312 0046 FB50 4840 		.ascii	"\373PH@\304\246B\264\205F\tB0\246k\357\023ch\241\033\316\331"
 312      C4A6 42B4 
 312      8546 0942 
 312      30A6 6BEF 
 312      1363 68A1 
 313 005d 7BED FD7D 		.ascii	"{\355\375}k\255o\255\275m\002-2Q\206\210\232\344\203OP\307\357"
 313      6BAD 6FAD 
 313      BD6D 022D 
 313      3251 8688 
 313      9AE4 834F 
 314 0074 121D F694 		.ascii	"\022\035\366\224\262\372m\n\023\374\367\fQ\230de\265W\212\351"
 314      B2FA 6D0A 
 314      13FC F70C 
 314      5198 6465 
 314      B557 8AE9 
 315 0088 E87F D282 		.ascii	"\350\177\322\202\023\243\034xz\001;\236\257{\236\262\277\272"
 315      13A3 1C78 
 315      7A01 3B9E 
 315      AF7B 9EB2 
 315      BFBA 
 316 009a 2184 849B 		.ascii	"!\204\204\233w\005\350\002z?\364@9\305\226c{.r\312#\024\201\325"
 316      7705 E802 
 316      7A3F F440 
GAS LISTING /tmp/ccIiK52H.s 			page 25


 316      39C5 9663 
 316      7B2E 72CA 
 317 00b2 D54F 498F 		.ascii	"\325OI\217o\271\2131\335\366lB\3558\035\312(v\375\260\2515l\331"
 317      6FB9 8B31 
 317      DDF6 6C42 
 317      ED38 1DCA 
 317      2876 FDB0 
 318 00ca 1A49 623D 		.ascii	"\032Ib=l \204\323\330!\250\007\371\321>\376\206#\006,1\027\357"
 318      6C20 84D3 
 318      D821 A807 
 318      F9D1 3EFE 
 318      8623 062C 
 319 00e1 F4FE 9ED2 		.ascii	"\364\376\236\322\246B\205\230'\377h\037T\\\r\222\365\315\322"
 319      A642 8598 
 319      27FF 681F 
 319      545C 0D92 
 319      F5CD D2
 320 00f4 AD53 7EE5 		.ascii	"\255S~\345@\0306\207\305\371N\204[\"f\234\003\213C\234\305v\234"
 320      4018 3687 
 320      C5F9 4E84 
 320      5B22 669C 
 320      038B 439C 
 321 010b C176 922D 		.ascii	"\301v\222-\302 *\005~\273xt$\301\273\f\365\345o\245qo\215\372"
 321      C220 2A05 
 321      7EBB 7874 
 321      24C1 BB0C 
 321      F5E5 6FA5 
 322 0123 A6CB 502D 		.ascii	"\246\313P-\234\3777\325\"\f\031\352\342\233\302e?Nb\213\230+"
 322      9CFF 37D5 
 322      220C 19EA 
 322      E29B C265 
 322      3F4E 628B 
 323 0139 E177 9D29 		.ascii	"\341w\235)\376\330x\372uh\340lr\315\323\355mG\303\242\212\330"
 323      FED8 78FA 
 323      7568 E06C 
 323      72CD D3ED 
 323      6D47 C3A2 
 324 014f C648 EC6A 		.ascii	"\306H\354jx\335\225M\030E\245&<\035{\373}\271c\375\370N9\306"
 324      78DD 954D 
 324      1845 A526 
 324      3C1D 7BFB 
 324      7DB9 63FD 
 325 0167 E040 26D9 		.ascii	"\340@&\331\030y\210b\370v\265M\344l\233]\3667\303\304W\206jA"
 325      1879 8862 
 325      F876 B54D 
 325      E46C 9B5D 
 325      F637 C3C4 
 326 017f CBB0 A1D7 		.ascii	"\313\260\241\327\016\364\276oN\023\342\334)3\313\244\001\246"
 326      0EF4 BE6F 
 326      4E13 E2DC 
 326      2933 CBA4 
 326      01A6 
 327 0191 E248 744C 		.ascii	"\342HtL\234K\177:X\311\304\363\310\317\226\356N9:Z\201ua;[\246"
 327      9C4B 7F3A 
 327      58C9 C4F3 
 327      C8CF 96EE 
 327      4E39 3A5A 
GAS LISTING /tmp/ccIiK52H.s 			page 26


 328 01ab EFB9 5A13 		.ascii	"\357\271Z\023K\230\013\222\244\036\035R\256\031\307\240w\307"
 328      4B98 0B92 
 328      A41E 1D52 
 328      AE19 C7A0 
 328      77C7 
 329 01bd 507B 23D4 		.ascii	"P{#\324\026\350\370:\324\242'\314/\220\257\320H-mb\342\31797"
 329      16E8 F83A 
 329      D4A2 27CC 
 329      2F90 AFD0 
 329      482D 6D62 
 330 01d5 B712 7A11 		.ascii	"\267\022z\021\273=\254E]D\2166:\360L\315\216,_{\225\022\234\264"
 330      BB3D AC45 
 330      5D44 8E36 
 330      3AF0 4CCD 
 330      8E2C 5F7B 
 331 01ed DFD3 7530 		.ascii	"\337\323u0\315\354\035<\020\241pxs\304>.!\207\237t\0349X}~a\330"
 331      CDEC 1D3C 
 331      10A1 7078 
 331      73C4 3E2E 
 331      2187 9F74 
 332 0208 1770 7718 		.ascii	"\027pw\030Vh\007\227\021\301\004\304\025\344\"N\230T\034\255"
 332      5668 0797 
 332      11C1 04C4 
 332      15E4 224E 
 332      9854 1CAD 
 333 021c 9196 E017 		.ascii	"\221\226\340\027\330a\222\237%FJ\262\327\206mi\210Mri%\335\226"
 333      D861 929F 
 333      2546 4AB2 
 333      D786 6D69 
 333      884D 7269 
 334 0233 270B A543 		.ascii	"'\013\245C\353}\310\307\267\361\312&\3334\242G\252\365\276G\204"
 334      EB7D C8C7 
 334      B7F1 CA26 
 334      DB34 A247 
 334      AAF5 BE47 
 335 0248 0989 4398 		.ascii	"\t\211C\230\374\217\274\262\036)\233>\304\317\242P\nZ`D\234\244"
 335      FC8F BCB2 
 335      1E29 9B3E 
 335      C4CF A250 
 335      0A5A 6044 
 336 025e 0534 4F2E 		.ascii	"\0054O.<n\373 \256]BH\257o\334jOja\022\247\177RI\267\312\005"
 336      3C6E FB20 
 336      AE5D 4248 
 336      AF6F DC6A 
 336      4F6A 6112 
 337 0279 1E17 5C8E 		.ascii	"\036\027\\\216\007\346\233\207\335`Hg!\352R\370E\324u\233\007"
 337      07E6 9B87 
 337      DD60 4867 
 337      21EA 52F8 
 337      45D4 759B 
 338 028e 2187 8F8E 		.ascii	"!\207\217\216\207\335\210\017\373_\232{5\205\240[\027\226p\025"
 338      87DD 880F 
 338      FB5F 9A7B 
 338      3585 A05B 
 338      1796 7015 
 339 02a2 8144 3BD2 		.ascii	"\201D;\322\327z(\216U&\031HD\275\327\331\372\365\312\326x7Y`"
 339      D77A 288E 
GAS LISTING /tmp/ccIiK52H.s 			page 27


 339      5526 1948 
 339      44BD D7D9 
 339      FAF5 CAD6 
 340 02ba 258E EE3F 		.ascii	"%\216\356?;\361T\305\r\224\027\211k\246\205\035\354\221<\\H\263"
 340      3BF1 54C5 
 340      0D94 1789 
 340      6BA6 851D 
 340      EC91 3C5C 
 341 02d0 E74A 8FA7 		.ascii	"\347J\217\247\252c\206z\327\340%\210?\337\021qe\366\354\353O"
 341      AA63 867A 
 341      D7E0 2588 
 341      3FDF 1171 
 341      65F6 ECEB 
 342 02e5 96A0 0A9C 		.ascii	"\226\240\n\234\322f\322\356]\376H\330\256\256\371_h\356\037\\"
 342      D266 D2EE 
 342      5DFE 48D8 
 342      AEAE F95F 
 342      68EE 1F5C 
 343 02f9 6B88 1EC7 		.ascii	"k\210\036\307$\273\274\253\210\202\252\252`wM\355\336\332\317"
 343      24BB BCAB 
 343      8882 AAAA 
 343      6077 4DED 
 343      DEDA CF
 344 030c BEF8 F0F3 		.ascii	"\276\370\360\363=A\2661Hg3\231l\275\254\352j\367\006\215\007"
 344      3D41 B631 
 344      4867 3399 
 344      6CBD ACEA 
 344      6AF7 068D 
 345 0321 D341 BA26 		.ascii	"\323A\272&\263/\323\220\315\3265V\245\211\367g\032\320\200\372"
 345      B32F D390 
 345      CDD6 3556 
 345      A589 F767 
 345      1AD0 80FA 
 346 0335 9DFF CFAB 		.ascii	"\235\377\317\253\255O\3275}\271o#\267\206\376\001\225aa\276"
 346      AD4F D735 
 346      7DB9 6F23 
 346      B786 FE01 
 346      9561 61BE 
 347               	.text
 348               		.section	.gnu.lto___func__.2633.a7f551804c984dfc,"",@progbits
 349 0000 789C 6365 		.string	"x\234ce`d\020e``\220d\200\200\351\314\214Wf\356:\300\256\3104\277\201c>3\003\003\343rFE\0
 349      6064 1065 
 349      6060 9064 
 349      8080 E9CC 
 349      8C57 66EE 
 350 003e 6714 0F2B 		.ascii	"g\024\017+"
 351               	.text
 352               		.section	.gnu.lto_.symbol_nodes.a7f551804c984dfc,"",@progbits
 353 0000 789C 5D90 		.string	"x\234]\220\313.\004A\024\206\377\272t\267\036}\251\316 qg\314\ffx\007\236\354T\304\003x\2
 353      CB2E 0441 
 353      1486 FFBA 
 353      74B7 1E7D 
 353      A9CE 2071 
 354 002c 193B 090B 		.ascii	"\031;\t\013[\242\246\252$\216\325\237\363}\377\251\223T\002\201"
 354      5BA2 A6AA 
 354      248E D59F 
 354      F37D FFA9 
GAS LISTING /tmp/ccIiK52H.s 			page 28


 354      9354 0281 
 355 0040 8104 2035 		.ascii	"\201\004 5\001g\367\200\213+{cS\207\022\022\377\3212\311_tm\217"
 355      0167 F780 
 355      8B2B 7B63 
 355      5387 1212 
 355      FFD1 32C9 
 356 0058 81A4 0FDB 		.ascii	"\201\244\017\333\001\224\\%\305\305\236\bb\2154\023r\235\022"
 356      0194 5C25 
 356      C5C5 9E08 
 356      628D 3413 
 356      729D 12
 357 006b DEDC 97A1 		.ascii	"\336\334\227\241\271A)o\256P\306\233\273*47i\2167\267)\347\240"
 357      B941 296F 
 357      AE50 C69B 
 357      BB2A 3437 
 357      698E 37B7 
 358 0082 432D 0E76 		.ascii	"C-\016vh\236\203.\025\034lQ\311\257\r\264\277&zTy\001X{\004\210"
 358      689E 832E 
 358      151C 6C51 
 358      C9AF 0DB4 
 358      BF26 7A54 
 359 009c 21D5 6C3E 		.ascii	"!\325l> \303\346Cj\376\316J\2661\375x\020J\2671\271(\264\306"
 359      20C3 E643 
 359      6AFE CE4A 
 359      B631 FD78 
 359      104A B731 
 360 00b4 E3DD 9B84 		.ascii	"\343\335\233\204r\3379z\372\026*\325\030\373\024x\231e\346\352"
 360      72DF 397A 
 360      FA16 2AD5 
 360      18FB 1478 
 360      9965 E6EA 
 361 00c8 9F5D 9547 		.ascii	"\237]\225G\235gA\347Q\267\234\276\274u\231c\374\365>T\205\f\276"
 361      9D67 41E7 
 361      51B7 9CBE 
 361      BC75 9963 
 361      FCF5 3E54 
 362 00df 5CC0 C4A7 		.ascii	"\\\300\304\247\306\350\374U\250*\356We\360U\334\257\343{\365"
 362      C6E8 FC55 
 362      A82A EE57 
 362      65F0 55DC 
 362      AFE3 7BF5 
 363 00f3 224E 9F5D 		.ascii	"\"N\237]\232\3303u\340f\tS\237\002'3\337\304{\215\361\367\360"
 363      9AD8 3375 
 363      E066 0953 
 363      9F02 2733 
 363      DFC4 7B8D 
 364 010a 03ED CF8F 		.ascii	"\003\355\317\217K"
 364      4B
 365               	.text
 366               		.section	.gnu.lto_.refs.a7f551804c984dfc,"",@progbits
 367 0000 789C 05C1 		.string	"x\234\005\301\261\021"
 367      B111 00
 368 0007 200C 0331 		.string	" \f\0031\373M\216\034TP\262\377\240H%\353I2$\036\024\236t\274\330\361\341F\037\b\260"
 368      FB4D 8E1C 
 368      5450 B2FF 
 368      A048 25EB 
 368      4932 241E 
GAS LISTING /tmp/ccIiK52H.s 			page 29


 369 0027 93        		.ascii	"\223"
 370               	.text
 371               		.section	.gnu.lto_.decls.a7f551804c984dfc,"",@progbits
 372 0000 789C AD59 		.ascii	"x\234\255Y\t"
 372      09
 373 0005 5014 599A 		.string	"P\024Y\232\256\227Y\305Q\024\240h\037\263A\357\252\313\330\204\033Myt\033\323\273\263\321
 373      AE97 59C5 
 373      5114 A068 
 373      1FB3 41EF 
 373      AACB D884 
 374 0106 ED6B 381F 		.ascii	"\355k8\037\206\337'\320xh}\320\006\240\365C\343TT?\326\204\230"
 374      86DF 27D0 
 374      7868 7DD0 
 374      06A0 F543 
 374      E354 543F 
 375 011d 0EF9 B10A 		.ascii	"\016\371\261\n\f\346\312|\254c~0V\023\2645\314\027\216\373%\231"
 375      0CE6 CA7C 
 375      AC63 7E30 
 375      5613 B435 
 375      CC17 8EFB 
 376 0133 AF2E C6A3 		.ascii	"\257.\306\243\236\315G#45\363\375\224\371\036`\376\027\312\374"
 376      9ECD 4723 
 376      3435 F3FD 
 376      94F9 1E60 
 376      FE17 CAFC 
 377 0147 7F67 E57F 		.ascii	"\177g\345\1775\0308\331\360o\006\273\371\320\242\240-`c0>\236"
 377      3518 38D9 
 377      F06F 06BB 
 377      F9D0 A2A0 
 377      2D60 6330 
 378 015d C3B7 D87C 		.ascii	"\303\267\330|\332\212\333\177\332\211\333:\246\tk\301\271Sf\245"
 378      DA8A DB7F 
 378      DA89 DB3A 
 378      A609 6BC1 
 378      B953 66A5 
 379 0171 8593 71C7 		.ascii	"\205\223q\307\347\3362\316\177\265\362\263\016\f\234\355\370"
 379      E7DE 32CE 
 379      7FB5 F2B3 
 379      0E0C 9CED 
 379      F8
 380 0182 1079 4743 		.ascii	"\020yGC{_\306{\t\343\355m\207\267/`\272\331\301\254\227\315\003"
 380      7B5F C67B 
 380      09E3 ED6D 
 380      87B7 2F60 
 380      BAD9 C1AC 
 381 0199 CEF9 6B8C 		.ascii	"\316\371k\214\273\350\003k@,\336\330\327R\306=\206\345:\276'"
 381      BBE8 036B 
 381      402C DED8 
 381      D752 C63D 
 381      86E5 3ABE 
 382 01ae 58F9 FCB3 		.ascii	"X\371\374\263\r\177x\355\3243\277\356\f7\026\321y\366\204_\007"
 382      0D7F 78ED 
 382      D433 BFEE 
 382      0C37 16D1 
 382      79F6 845F 
 383 01c3 441D E1F8 		.ascii	"D\035\341\370\340<s\205s\035\306g}\037\261\265f}\304\303Mw\225"
 383      E03C 7385 
GAS LISTING /tmp/ccIiK52H.s 			page 30


 383      731D C667 
 383      7D1F B1B5 
 383      667D C4C3 
 384 01da 728E B1AF 		.ascii	"r\216\261\257\237A\373\023\264? \311'\366\021\007-\210\371\027"
 384      9F41 FB13 
 384      B43F 20C9 
 384      27F6 1107 
 384      2D88 F917 
 385 01ee E71F E363 		.ascii	"\347\037\343c_\330'\366\375)[\243\013m\370\333\316\346\307\226"
 385      5FD8 27F6 
 385      FD29 5BA3 
 385      0B6D F8DB 
 385      CEE6 C796 
 386 0202 3F71 7EE2 		.ascii	"?q~\342\241\375B6?\253\331\374|jg~\322\355\304K\314W\254A\214"
 386      A1FD 4236 
 386      3FAB D9FC 
 386      7C6A 677E 
 386      D2ED C44B 
 387 021b 9938 2F58 		.ascii	"\2318/X\3136ha\214\277\030/\314\377s\226\013\177\261\341k\257"
 387      CB36 6861 
 387      8CBF 182F 
 387      CCFF 7396 
 387      0B7F B1E1 
 388 0231 8DFC 127D 		.ascii	"\215\374\022}\211\374\023\240\375\232\215\305\365\351\013\306"
 388      89FC 13A0 
 388      FD9A 8DC5 
 388      F5E9 0BC6 
 389 0241 FF73 56B3 		.ascii	"\377sV\263li8\306\346\301\026\256<\307p=}\240\2429&\372\021\265"
 389      6C69 38C6 
 389      E6C1 16AE 
 389      3CC7 703D 
 389      7DA0 A239 
 390 0259 893A C45C 		.ascii	"\211:\304\\\023\353\345vD9`\267\326\265Q\303\323\376\007\337"
 390      13EB E576 
 390      4439 60B7 
 390      D6B5 51C3 
 390      D3FE 07DF 
 391 026d A764 3976 		.ascii	"\247d9v\363\350\266\371T&\237\310#\017-R\303\345HM\306c7\270"
 391      F3E8 B6F9 
 391      5426 9FC8 
 391      230F 2D52 
 391      C3E5 484D 
 392 0285 9CAF 450B 		.ascii	"\234\257E\013\340\262a\370\326^\027zw\016\276;\263\367\2743\275"
 392      E0B2 61F8 
 392      D65E 177A 
 392      770E BE3B 
 392      B3F7 BC33 
 393 029a 3B1F 2E87 		.ascii	";\037.\207\363JL\332\030\001\216\035\221%\032ol\225\213<\321"
 393      F34A 4CDA 
 393      1801 8E1D 
 393      9125 1A6F 
 393      6C95 8B3C 
 394 02af 51E4 09AE 		.ascii	"Q\344\t\256\217#xz \275':\006\227`\034S\375\240\tQ\250\271py"
 394      8F23 787A 
 394      20BD 273A 
 394      0697 601C 
 394      53FD A009 
GAS LISTING /tmp/ccIiK52H.s 			page 31


 395 02c8 A2A6 BA9D 		.ascii	"\242\246\272\235\247P1\b\256\233^^\236\322\361\034\002S\365\311"
 395      A750 3108 
 395      AE9B 5E5E 
 395      9ED2 F11C 
 395      0253 F5C9 
 396 02dc D69A 1A35 		.ascii	"\326\232\0325\362\326z\"@CG\004z8\251\320)\244E\371\210\027\351"
 396      F2D6 7A22 
 396      4043 4704 
 396      7A38 A9D0 
 396      29A4 45F9 
 397 02f3 13D7 2559 		.ascii	"\023\327%Y\002\377\256\n\255\360DK=U\350$\362\306V\340\3714\214"
 397      02FF AE0A 
 397      ADF0 444B 
 397      3D55 E824 
 397      F2C6 56E0 
 398 030a 3D03 AE33 		.ascii	"=\003\2563\004lv\033\221nr1\374\t9\007\247\2051Q\331N\036;\210"
 398      046C 761B 
 398      916E 7231 
 398      FC09 3907 
 398      A785 3151 
 399 0323 0241 5840 		.ascii	"\002AX@lP\036\f<A$\234E\036\242\020l=\372\2427\306Q\313\234\306"
 399      6C50 1E0C 
 399      3C41 249C 
 399      451E A210 
 399      6C3D FAA2 
 400 033d BCD1 2958 		.ascii	"\274\321)X_n\031\357W`\237{\023\366\336m\335;4\2728A\330\314"
 400      5F6E 19EF 
 400      5760 9F7B 
 400      13F6 DE6D 
 400      DD3B 34BA 
 401 0355 6259 803C 		.ascii	"bY\200<P\216%\230\205\b\227W\362\013\306\323=)\255,\224\370\262"
 401      508E 2598 
 401      8508 9757 
 401      F20B C6D3 
 401      3D29 AD2C 
 402 036c A233 270F 		.ascii	"\2423'\017\331\235\207\"q\036\316S^\007\373\212\3135t\260+\\"
 402      D99D 8722 
 402      711E CE53 
 402      5E07 FB8A 
 402      CB35 74B0 
 403 0382 B667 A71C 		.ascii	"\266g\247\034V\323y\350!D\206\022\263\035\254Cr\001\320\212\t"
 403      56D3 79E8 
 403      2144 8612 
 403      B31D AC43 
 403      7201 D08A 
 404 0397 DA45 42BB 		.ascii	"\332EB\273H\244=t:\243\212\267\026i\327:>:\373\234Z.\362\222"
 404      48A4 3D74 
 404      3AA3 8AB7 
 404      1669 D73A 
 404      3E3A FB9C 
 405 03af 42E4 6526 		.ascii	"B\344e&\3622Q\325\334j.f\"]\340\262\370e\3253\316\256\310\253"
 405      F232 51D5 
 405      DC6A 2E66 
 405      225D E0B2 
 405      F865 D533 
 406 03c7 A2C8 2B54 		.ascii	"\242\310+T\344\346\213\255I\356TU\007\231\350\321\314\367\255"
 406      E4E6 8BAD 
GAS LISTING /tmp/ccIiK52H.s 			page 32


 406      49EE 5455 
 406      0799 E8D1 
 406      CCF7 AD
 407 03da 4595 201A 		.ascii	"E\225 \032\023\025*%4\257\2124s.\354\256r\265\026e\327\372\354"
 407      1315 2A25 
 407      34AF 8A34 
 407      732E ECAE 
 407      72B5 1665 
 408 03f1 958A 678E 		.ascii	"\225\212g\216rQe\nQ\345LT9\021\225?\372<\337\201\212r\3079RV"
 408      7251 650A 
 408      51E5 4C54 
 408      3911 953F 
 408      FA3C DF81 
 409 040b 7149 6D57 		.ascii	"qImWT\245(\252\202\212*\354\276^\245\245\242\004\274d:\267\f"
 409      54A5 28AA 
 409      828A 2AEC 
 409      BE5E A5A5 
 409      A204 BC64 
 410 0422 1D73 B756 		.ascii	"\035s\267VU\205\350\212S\241j\302\263R\344\231\270u\363E7kUv"
 410      5585 E88A 
 410      53A1 6AC2 
 410      B352 E499 
 410      B875 F345 
 411 043a AD63 52DB 		.ascii	"\255cR\333[\034\344\252\256)T]g\252\256\023U\017's~\351sB\\\246"
 411      5B1C E4AA 
 411      AE29 545D 
 411      67AA AE13 
 411      550F 2773 
 412 0454 8E52 71C9 		.ascii	"\216Rq\311?1}J\253\306\233"
 412      3F31 7D4A 
 412      ABC6 9B
 413 045f AFF7 B468 		.string	"\257\367\264h\275\032w\r\276n\231\304\025e\215\026\315\316~\002\035'\007\212']i\007\276\1
 413      BD1A 770D 
 413      BE6E 99C4 
 413      1565 8D16 
 413      CDCE 7E02 
 414 0560 D646 C0EE 		.string	"\326F\300\356\223\254\272'f\325\356\023\346\n\255u\016\332\265\036(J\031\320\312\343\370@
 414      93AC BA27 
 414      66D5 EE13 
 414      E60A AD75 
 414      0EDA B51E 
 415 0622 5A3F 234E 		.ascii	"Z?#N]\337xW\351\271\327\266gj\334\235\346\2613R\310\241y\330"
 415      5DDF 7857 
 415      E9B9 D7B6 
 415      676A DC9D 
 415      E6B1 3352 
 416 063a 636D DD81 		.ascii	"cm\335\201\254\314\033\0306^Z\217\230\265eA\036\225\254i\210"
 416      ACCC 1B18 
 416      365E 5A8F 
 416      98B5 6541 
 416      1E95 AC69 
 417 064f AAD2 3C22 		.ascii	"\252\322<\"\005\001a+y\204\360\002\334Uy\334\221O \232\271\262"
 417      0501 612B 
 417      7984 F002 
 417      DC55 79DC 
 417      914F 209A 
 418 0665 D2A7 11C8 		.ascii	"\322\247\021\310{\036\035\363\"\315\001\252\f\032\006\340AiY"
GAS LISTING /tmp/ccIiK52H.s 			page 33


 418      7B1E 1DF3 
 418      22CD 01AA 
 418      0C1A 06E0 
 418      4169 59
 419 0678 6004 95CA 		.ascii	"`\004\225\312VD\320\020\004\342MA\301\253\277\362\376\031\305"
 419      5644 D010 
 419      04E2 4D41 
 419      C1AB BFF2 
 419      FE19 C5
 420 068b 921D 564C 		.ascii	"\222\035VL\353\bK\265\021\222jc\205\335G\234\371=\204\032\312"
 420      EB08 4BB5 
 420      1192 6A63 
 420      85DD 479C 
 420      F93D 841A 
 421 06a0 893C 378F 		.ascii	"\211<7\217\337O\317\317g\274.Q\363y\364\342qv\355A\016\022\222"
 421      DF4F CFCF 
 421      67BC 2E51 
 421      F379 F4E2 
 421      7176 ED41 
 422 06b7 C385 0E2F 		.ascii	"\303\205\016/\225\214\222\372?\322kA\370_\274\364\333\236\037"
 422      958C 92FA 
 422      3FD2 6B41 
 422      F85F BCF4 
 422      DB9E 1F
 423 06ca E3F8 D354 		.ascii	"\343\370\323T\341t\177i\002o)u\017\353\026Gm\305\2313\tQ\234"
 423      E174 7F69 
 423      026F 2975 
 423      0FEB 1647 
 423      6DC5 9933 
 424 06e1 9044 725A 		.ascii	"\220DrZq\327\003U\b\227:\261\006\241\227\240\213c\245\356\005"
 424      71D7 0355 
 424      0897 3AB1 
 424      06A1 97A0 
 424      8B63 A5EE 
 425 06f6 748E D3C5 		.ascii	"t\216\323\305[\220V\263\323\215O\347\211\217\301\324\023n\026"
 425      5B90 56B3 
 425      D38D 4FE7 
 425      898F C1D4 
 425      136E 16
 426 0709 1775 038B 		.ascii	"\027u\003\213\317\222j:\003.\246$\027\223\310\256\217i\333>\036"
 426      CF92 6A3A 
 426      032E A624 
 426      1793 C8AE 
 426      8F69 DB3E 
 427 071e 09D3 E93A 		.ascii	"\t\323\351:\3769\365Qt\251\246_r\322<\353\2356\205\027\372,8"
 427      FE39 F551 
 427      74A9 A65F 
 427      72D2 3CEB 
 427      9D36 8517 
 428 0735 7925 3999 		.ascii	"y%9\231\261\357\344\265m'Q[{\347\343\222\025\3717\016\340SK\353"
 428      B1EF E4B5 
 428      6D27 515B 
 428      7BE7 E392 
 428      15F9 370E 
 429 074d 6710 F29A 		.ascii	"g\020\362\232\347\235-\230#\205\222\211\355|\335\311\233\233"
 429      E79D 2D98 
 429      2385 9289 
GAS LISTING /tmp/ccIiK52H.s 			page 34


 429      ED7C DDC9 
 429      9B9B 
 430 075f 85AC 4884 		.ascii	"\205\254H\204\0040\177\016d6s\363$\030)\355\223\030-\234C\226"
 430      0430 7F0E 
 430      6436 73F3 
 430      2418 29ED 
 430      9318 2D9C 
 431 0775 DB63 CC1E 		.ascii	"\333c\314\036\347\320\026\316\033Er4wXJ\316\314!i\f\026Vi|'\266"
 431      E7D0 16CE 
 431      1B45 7234 
 431      7758 4ACE 
 431      CC21 690C 
 432 078f 23C1 857F 		.ascii	"#\301\205\177\244&\301\271~\261\256\305\301\222\307\2653\236"
 432      A426 C1B9 
 432      7EB1 AEC5 
 432      C192 C7B5 
 432      339E 
 433 07a1 5BF0 A068 		.ascii	"[\360\240h\2005s\226\330`\f;$\242\300\261-\022\340\347U{\344"
 433      8035 7396 
 433      D860 0C3B 
 433      24A2 C0B1 
 433      2D12 E0E7 
 434 07b8 6B8E 963F 		.ascii	"k\216\226?7\374\b\352m=\3106\352\303\370vR\337\335\016\007\376"
 434      37FC 08EA 
 434      6D3D C836 
 434      EAC3 F876 
 434      52DF DD0E 
 435 07ce 19A1      		.ascii	"\031\241"
 436 07d0 A13E 7C7B 		.string	"\241>|{w\242;\232\347\355\345%_.1\234'\332\312\341(\3041\027\361\340b\033\347\205\022\024
 436      77A2 3B9A 
 436      E7ED E525 
 436      5F2E 319C 
 436      27DA CAE1 
 437 0857 7EC1 78EA 		.string	"~\301x\352jn'\367"
 437      6A6E 27F7 
 437      00
 438 0860 1E62 B08E 		.ascii	"\036b\260\216\331\033\030B\364\177D\032\271\234\025\017\204H"
 438      D91B 1842 
 438      F47F 441A 
 438      B99C 150F 
 438      8448 
 439 0872 3F5E CB2A 		.ascii	"?^\313*\366\342\306\272,?*\213\t\275\344\030$\371\307~\221\f"
 439      F6E2 C6BA 
 439      2C3F 2A8B 
 439      09BD E418 
 439      24F9 C77E 
 440 0888 5125 76C9 		.ascii	"Q%v\3111p\037'\276'!q \334\341\260\201\234\216J\356[\311\225"
 440      3170 1F27 
 440      BE27 2171 
 440      20DC E1B0 
 440      819C 8E4A 
 441 08a0 F157 DE57 		.ascii	"\361W\336W\274f\"1\377\216L\274\214w"
 441      BC66 2231 
 441      FF8E 4CBC 
 441      8C77 
 442 08ae E361 B786 		.string	"\343a\267\206/\352\013\233\372\221|\267\364\333\267e\273\245\024\016\357\226\326\263\315R
 442      2FEA 0B9B 
GAS LISTING /tmp/ccIiK52H.s 			page 35


 442      FA91 7CB7 
 442      F4DB B765 
 442      BBA5 140E 
 443 09af 6674 8902 		.ascii	"ft\211\002%[B\311\226\243\034$(#\027\216\214\361|\036E\221\336"
 443      255B 42C9 
 443      96A3 1C24 
 443      2823 178E 
 443      8CF1 7C1E 
 444 09c6 15D6 895A 		.ascii	"\025\326\211Z\016\fu\270X\344\035\246a\336Q\223\327i?\314G\211"
 444      0E0C 75B8 
 444      58E4 1DA6 
 444      61DE 5193 
 444      D769 3FCC 
 445 09dc BE23 A2BE 		.ascii	"\276#\242\276\302\312\356\373nL`w\236\316B\r\314\320!\211\332"
 445      C2CA EEFB 
 445      6E4C 6077 
 445      9ECE 420D 
 445      CCD0 2189 
 446 09f1 2139 B51C 		.ascii	"!9\265\034Bm\347\261\253\333\324|1\245\326;\0363\354\310`\032"
 446      426D E7B1 
 446      ABDB D47C 
 446      31A5 D63B 
 446      1E33 ECC8 
 447 0a07 7EA2 4039 		.ascii	"~\242@9&\241\034\223\243\344\022\224\347\207\322*\264|\005E\331"
 447      26A1 1C93 
 447      A3E4 1294 
 447      E787 D22A 
 447      B47C 0545 
 448 0a1c 72F8 7613 		.ascii	"r\370v\023gI%\252p\350fT\264\213(\372\004U8\224Q\366\211Eu\036"
 448      6749 25AA 
 448      70E8 6654 
 448      B48B 28FA 
 448      0455 3894 
 449 0a36 ED7B 72FB 		.ascii	"\355{r\373T\227\306\256\352\223Du\276\250zsN\357\004\307\346"
 449      5497 C6AE 
 449      EA93 4475 
 449      BEA8 7A73 
 449      4EEF 04C7 
 450 0a4b A3C1 D342 		.ascii	"\243\301\323B\027\254\320q\211\356q9\335S\204nyv\3031\r\337h"
 450      17AC D071 
 450      89EE 7139 
 450      DD53 846E 
 450      7976 C331 
 451 0a62 9FEE B3EC 		.ascii	"\237\356\263\354\321,J\027\212\037:C\2715\b\257\356\270\333\345"
 451      D12C 4A17 
 451      8A1F 3A43 
 451      B935 08AF 
 451      EEB8 DBE5 
 452 0a76 768E 703B 		.ascii	"v\216p;k\341\326[\322\345\316\270u\376\253\205\033X\241\323\022"
 452      6BE1 D65B 
 452      D2E5 CEB8 
 452      75FE AB85 
 452      1B58 A1D3 
 453 0a8b B7D3 726E 		.ascii	"\267\323rn\005\224[]L\201\206\037\240\334\016OM\017\343\217G"
 453      0594 5B5D 
 453      4C81 861F 
 453      A0DC 0E4F 
GAS LISTING /tmp/ccIiK52H.s 			page 36


 453      4D0F E38F 
 454 0aa0 8BF1 DE8A 		.ascii	"\213\361\336\212\227\275D.\246/\221Wo^?\242\343\267:\222\207"
 454      97BD 442E 
 454      A62F 9157 
 454      6F5E 3FA2 
 454      E3B7 3A92 
 455 0ab5 4561 5DC1 		.ascii	"Ea]\301#-\322z\223WD\353\335\303Ex@,f\273\207\"x\202\234\207"
 455      232D D27A 
 455      9357 44EB 
 455      DDC3 4578 
 455      402C 66BB 
 456 0acf 2788 B807 		.ascii	"'\210\270\007\363I%{\260\013\260](\226\270-fo'W\222\332\272\265"
 456      F349 257B 
 456      B00B B05D 
 456      2896 B82D 
 456      666F 2757 
 457 0ae7 7C32 F5D1 		.ascii	"|2\365\321\234\\\331\243\261\347\343\212]\037u\003K\312\311&"
 457      9C5C D9A3 
 457      B1E7 E38A 
 457      5D1F 7503 
 457      4BCA C926 
 458 0afb EC32 F8B8 		.ascii	"\3542\370\270$\371\270\3001'\333\013\332f\334\371=\324\311\315"
 458      24F9 B8C0 
 458      3127 DB0B 
 458      DA66 DCF9 
 458      3DD4 C9CD 
 459 0b0f 7366 B38B 		.ascii	"sf\263\213='\245v\235\300\326'\267\016\236fjT\002^\256J^.\213"
 459      3D27 A576 
 459      9DC0 D627 
 459      B70E 9E66 
 459      6A54 025E 
 460 0b28 5E72 2ACF 		.ascii	"^r*\317fj\310\264b\013:\325\tBc\2744\325et\252\313\356\026&\363"
 460      666A C8B4 
 460      620B 3AD5 
 460      0942 63BC 
 460      34D5 6574 
 461 0b42 768B 4B05 		.ascii	"v\213K\005\231\352rq\252'.lm\325I5.\276\227\3268\260B\205\022"
 461      99EA 7271 
 461      AA27 2E6C 
 461      6DD5 4935 
 461      2EBE 97D6 
 462 0b5b 8942 F954 		.ascii	"\211B\371TW\222\251\036\177\322\230\257\346\017\023\321(ujO\264"
 462      5792 A91E 
 462      7FD2 98AF 
 462      E60F 13D1 
 462      2875 6A4F 
 463 0b70 462C 2EBF 		.ascii	"F,.\277\266$\fF\251\222P\252\344(\325\004\245:\246\366\t\307"
 463      B624 0C46 
 463      A992 50AA 
 463      E428 D504 
 463      A53A A6F6 
 464 0b86 5F75 B457 		.ascii	"_u\264W\\\"\313v\264\270Z\004^\247\002\307\307\366\027;\333\315"
 464      5C22 CB76 
 464      B4B8 5A04 
 464      5EA7 02C7 
 464      C7F6 173B 
 465 0b9c E59B 44E0 		.ascii	"\345\233D\340\rQ`\366\361\302Y\r\0238X+U\0270C\327$n\327\344"
GAS LISTING /tmp/ccIiK52H.s 			page 37


 465      0D51 60F6 
 465      F1C2 590D 
 465      1338 582B 
 465      5517 3043 
 466 0bb5 DC6E 116E 		.ascii	"\334n\021n\335]\323\323N|\003\345v\244*9\311\225\301L}\255@\251"
 466      DD5D D3D3 
 466      4E7C 03E5 
 466      76A4 2A39 
 466      C995 C14C 
 467 0bcd 9150 6AE4 		.ascii	"\221Pj\344(\265\004\245qh\337\264\226\357r\374\333\252K=Uxm\344"
 467      28B5 04A5 
 467      7168 DFB4 
 467      96EF 72FC 
 467      DBAA 4B3D 
 468 0be5 65AF 8345 		.ascii	"e\257\203E\366m\332\231\177-\353\021oW\366\035\"\273A\224\275"
 468      F66D DA99 
 468      7F2D EB11 
 468      6F57 F61D 
 468      22BB 4194 
 469 0bfa BB68 B05D 		.ascii	"\273h\260]\\\302S?\265\360\005+T'\361\255\223\363m$|K\206\017"
 469      5CC2 533F 
 469      B5F0 052B 
 469      5427 F1AD 
 469      93F3 6D24 
 470 0c12 A5F1 FC34 		.ascii	"\245\361\3744\345\333\276e\3479\305\007&\374)@\332d\335\245\233"
 470      E5DB BE65 
 470      E739 C507 
 470      26FC 2940 
 470      DA64 DDA5 
 471 0c27 2C3C 2A35 		.ascii	",<*5\355\024\025\006}LX\375\243\346x\373\033\214\026\302\267"
 471      ED14 1506 
 471      7D4C 58FD 
 471      A3E6 78FB 
 471      1B8C 16C2 
 472 0c3c 59E4 9B38 		.ascii	"Y\344\2338\270g+\311C\272\026\036\266v\344\b;\346\0233\324$\021"
 472      B867 2BC9 
 472      43BA 161E 
 472      B676 E408 
 472      3BE6 1333 
 473 0c53 6EE2 E877 		.ascii	"n\342\350we\324J\310\3666T\177\307G9!{\353\343\326\335\364>w"
 473      65D4 4AC8 
 473      F636 547F 
 473      C747 3921 
 473      7BEB E3D6 
 474 0c6b 39FF 68C5 		.ascii	"9\377h\305&\261\335\302\277\357pK/}HC\037j\243\001?\037]\222"
 474      26B1 DDC2 
 474      BFEF 704B 
 474      2F7D 4843 
 474      1F6A A301 
 475 0c83 84F8 DD04 		.ascii	"\204\370\335\004^\235\322\273w\227\033\376\322\215?x{\323O\324"
 475      5E9D D2BB 
 475      7797 1BFE 
 475      D28D 3F78 
 475      7BD3 4FD4 
 476 0c97 B3B3 FF87 		.ascii	"\263\263\377\207P\007,P\3513\215\354\303V',\366\016\361\245\347"
 476      5007 2C50 
 476      E933 8DEC 
GAS LISTING /tmp/ccIiK52H.s 			page 38


 476      C356 272C 
 476      F60E F1A5 
 477 0cac 11AC F687 		.ascii	"\021\254\366\207\234\370\241;)\373\027\016d\240\354\26396}\300"
 477      9CF8 A13B 
 477      29FB 170E 
 477      64A0 ECB3 
 477      3936 7DC0 
 478 0cc0 593E 9BE3 		.ascii	"Y>\233\343\317#\0353\360<\336O\374s\211g\362\316:\321\272\362"
 478      CF23 1D33 
 478      F03C DE4F 
 478      FC73 8967 
 478      F2CE 3AD1 
 479 0cd6 7D57 4F6C 		.ascii	"}WOl\271\022+\344\242\342Q\374&\320\005\367\037K\221\354\020"
 479      B912 2BE4 
 479      A2E2 51FC 
 479      26D0 05F7 
 479      1F4B 91EC 
 480 0ceb EBCA A1A4 		.ascii	"\353\312\241\244\003\325N|.\365rj\362P\233\213\354\365sI%\251"
 480      03D5 4E7C 
 480      2EF5 726A 
 480      F250 9B8B 
 480      ECF5 7349 
 481 0d01 7C3D 30B6 		.ascii	"|=0\266[\032\333%\275\342Z3yj\213\t\376P\274\355N\233\003\177"
 481      5B1A DB25 
 481      BDE2 5A33 
 481      796A 8B09 
 481      FE50 BCED 
 482 0d19 967A B99F 		.ascii	"\226z\271\237\270\355\225\213=-\375\366\2654\317\376\344)\251"
 482      B8ED 958B 
 482      3D2D FDF6 
 482      B534 CFFE 
 482      E429 A9
 483 0d2c F67D 70BF 		.ascii	"\366}p\277W\342\323#j)j\257\033Q\354;\260\241\224s\003$\347\356"
 483      57E2 D323 
 483      6A29 6AAF 
 483      1B51 EC3B 
 483      B0A1 9473 
 484 0d44 8B39 D794 		.ascii	"\2139\327\224\220W\345*\345\\\\[\027\31590C\367$\364{b\316=#"
 484      9057 E52A 
 484      E55C 5C5B 
 484      17CD 3930 
 484      43F7 24F4 
 485 0d5d 39B7 7BA2 		.ascii	"9\267{\242;\322\215/\246IW9P\337\344d\311\033\232t\245B\375u"
 485      3BD2 8D2F 
 485      A649 5739 
 485      50DF E464 
 485      C91B 9A74 
 486 0d75 FB79 3F4C 		.ascii	"\373y?L8\f\211\034\316\317\3245;0\016\335-\232\2648\301\254\301"
 486      380C 891C 
 486      CECF D435 
 486      3B30 0EDD 
 486      2D9A B438 
 487 0d8c 3668 5022 		.ascii	"6hP\"0(\022\030!\004\016\245\314|\301WQ\377\035\227g\212\305"
 487      3028 1218 
 487      2104 0EA5 
 487      CC7C C157 
 487      51FF 1D97 
GAS LISTING /tmp/ccIiK52H.s 			page 39


 488 0da3 65D3 50A7 		.ascii	"e\323P\247\211\022\312\350vzT\032=*\216\036#\243scv\230\335\027"
 488      8912 CAE8 
 488      767A 541A 
 488      3D2A 8E1E 
 488      23A3 7363 
 489 0dbb 363B ED87 		.ascii	"6;\355\207w\253\002\344AjE\301\303;\316|/E<P3\266K\313O\320\213"
 489      77AB 02E4 
 489      416A 45C1 
 489      C33B CE7C 
 489      2F45 3C50 
 490 0dd6 5B5D F185 		.ascii	"[]\361\205\352\037\037\024\352K\310\323a\337c\263\020\031\ro"
 490      EA1F 1F14 
 490      EA4B C8D3 
 490      61DF 63B3 
 490      1019 0D6F 
 491 0dea C3F8 EF1E 		.ascii	"\303\370\357\036/\300\005lwe\177-\031\207\236\347\334B\025\232"
 491      2FC0 056C 
 491      7765 7F2D 
 491      1987 9EE7 
 491      DC42 159A 
 492 0dfe E07E 8C9F 		.ascii	"\340~\214\237\377\207\314)\256\013\005g\354\351\022\365"
 492      FF87 CC29 
 492      AE0B 0567 
 492      ECE9 12F5 
 493 0e0e 94B0 2F25 		.string	"\224\260/%\322\211Ot&\340{\242b/\362\f\274\357\237\"\263J\"\027\220\2775``\330\300\312\37
 493      D289 4F74 
 493      26E0 7BA2 
 493      622F F20C 
 493      BCEF 9F22 
 494 0f0f 6346 6A02 		.string	"cFj\002\261\225\267$,\234J\017\245\030\036'\355\236sc\t.r\257\231\n\257\261\314k,\361:\23
 494      B195 B724 
 494      2C9C 4A0F 
 494      A518 1E27 
 494      ED9E 7363 
 495 0f7e DD6B 244A 		.ascii	"\335k$JaJ\224\207i;\277H\245\366\013\360\rwZ\375\305\272\005"
 495      614A 9487 
 495      693B BF48 
 495      A5F6 0BF0 
 495      0D77 5AFD 
 496 0f95 AB96 2D53 		.ascii	"\253\226-S9D\004~g4\230"
 496      3944 047E 
 496      6734 98
 497 0fa0 7EAF 0F0F 		.string	"~\257\017\017\r5\351M\201\037\230BC\203\"\364a\276\341\246\345\372\340\210\260\017W,\375`
 497      0D35 E94D 
 497      811F 9842 
 497      4383 22F4 
 497      61BE E1A6 
 498 0ff2 952E D818 		.ascii	"\225.\330\030\274\301h\372fc\210\237\301\264"
 498      BCC1 68FA 
 498      6663 889F 
 498      C1B4 
 499 1000 DCC7 47BF 		.string	"\334\307G\277* p}\340\232\265\037|\371\225>4B\357\027\032\034\034\032\002g\030Q\034\354\0
 499      2A20 707D 
 499      E09A B51F 
 499      7CF9 953E 
 499      3442 EF17 
 500 1020 83FC 42C3 		.string	"\203\374B\303\2150\336%t\375\237\214~&\003f\252\0161~kr\t\003\216\206"
GAS LISTING /tmp/ccIiK52H.s 			page 40


 500      8D30 DE25 
 500      74FD 9F8C 
 500      7E26 0366 
 500      AA0E 317E 
 501 103b A3AF BF31 		.string	"\243\257\2771|\305\017\300\303\303\""
 501      7CC5 0FC0 
 501      C3C3 2200 
 502 1047 D029 2C3C 		.string	"\320),<\364\277\003a\260+t\206\206o2\020<\023\037a\fv\r\t\f2\300\257oX"
 502      F4BF 0361 
 502      B02B 7486 
 502      866F 3210 
 502      3C13 1F61 
 503 1066 38E7 FD42 		.string	"8\347\375BL\316\006C`\210\t\204\233\376\370\203c$\213\215H$\330\327/ 0\304\2507@l|7\006\2
 503      4CCE 0643 
 503      6088 0984 
 503      9BFE F883 
 503      6324 8B8D 
 504 109d 1300      		.string	"\023"
 505 109f 9800      		.string	"\230"
 506 10a1 AD01 1906 		.ascii	"\255\001\031\006\323*Y\244V\205\206\230\302!<R\270\302B\303M"
 506      D32A 59A4 
 506      5685 8698 
 506      C221 3C52 
 506      B8C2 42C3 
 507 10b6 11FA FF58 		.ascii	"\021\372\377X\373\033\200\372\032w\206\005\006\031\303#\364\253"
 507      FB1B 80FA 
 507      1A77 8605 
 507      0619 C323 
 507      F4AB 
 508 10c8 57AD 82E0 		.ascii	"W\255\202\340\211$\027}/\332\020/Y\220\361lY\242g0\251q`\337"
 508      8924 177D 
 508      2FDA 102F 
 508      5990 F16C 
 508      59A2 6730 
 509 10e0 DAB0 D137 		.ascii	"\332\260\3217\334\337\350oP\004\333\031;4\004\205\372\375\371"
 509      DCDF E86F 
 509      5004 DB19 
 509      3B34 0485 
 509      FAFD F9
 510 10f3 C31F C22B 		.ascii	"\303\037\302+@\314\t2|c\b\006\230\343\027\360\033\300\\C\262"
 510      40CC 0932 
 510      7C63 0806 
 510      98E3 17F0 
 510      1BC0 5C43 
 511 1108 E4B3 9040 		.ascii	"\344\263\220@\223\376\3159\021\021\356'\317\007?\225\216\002"
 511      93FE CD39 
 511      1111 EE27 
 511      CF07 3F95 
 511      8E02 
 512 111a FC3C 08D0 		.ascii	"\374<\b\320>s\221]\260\363_\206\033\215\237i\245swz\372y\250"
 512      3E73 915D 
 512      B0F3 5F86 
 512      1B8D 9F69 
 512      A573 777A 
 513 1131 AFFF CFC3 		.ascii	"\257\377\317\303\303}7\275\343\027\260\232jT\362\370\007E?A\374"
 513      C37D 37BD 
 513      E317 B09A 
GAS LISTING /tmp/ccIiK52H.s 			page 41


 513      6A54 F2F8 
 513      0745 3F41 
 514 1146 2A30 D818 		.ascii	"*0\330\030\272\321\264Vk0ld\023\356$\2368\303\254\231\340\276"
 514      BAD1 B456 
 514      6B30 6C64 
 514      13EE 249E 
 514      38C3 AC99 
 515 115c C1F4 23BB 		.ascii	"\301\364#\273\003=\024w\b\261\271\337\353z[\321c\241\351\354"
 515      033D 1477 
 515      08B1 B9DF 
 515      EB7A 5BD1 
 515      63A1 E9EC 
 516 1170 17B0 7653 		.ascii	"\027\260vS\304\257|\203L0d\2551\370\277|\003M\"\037G\222\345"
 516      C4AF 7C83 
 516      4C30 64AD 
 516      31F8 BF7C 
 516      034D 221F 
 517 1187 CB97 6AC9 		.ascii	"\313\227j\311o\230)\034x\211'\232\340\210\r\006\223\216\214Y"
 517      6F98 291C 
 517      7889 279A 
 517      E088 0D06 
 517      938E 8C59 
 518 119b 1BB8 21C4 		.ascii	"\033\270!\3047\3503\b\371Z\277\200/\215\021~\001F\377\215A\306"
 518      37E8 3308 
 518      F95A BF80 
 518      2F8D 117E 
 518      0146 FF8D 
 519 11b1 B573 ADE7 		.ascii	"\265s\255\347@\345j0\220\025o\360Y\376\321\307\0379\211W\256"
 519      40E5 6A30 
 519      9015 6FF0 
 519      59FE D1C7 
 519      1F39 8957 
 520 11c6 F258 CB8D 		.ascii	"\362X\313\215V.\375X'\013\267\342\326\262\217\347X\205\\9r\231"
 520      562E FD58 
 520      270B B7E2 
 520      D6B2 8FE7 
 520      5885 5C39 
 521 11dc FC6A C50A 		.ascii	"\374j\305\ng\346\303\337\177\2162\220\376\376\377\017(*\272\361"
 521      67E6 C3DF 
 521      7F8E 3290 
 521      FEFE FF0F 
 521      282A BAF1 
 522               	.text
 523               		.section	.gnu.lto_.symtab.a7f551804c984dfc,"",@progbits
 524 0000 6368 506F 		.string	"chPoolObjectInit"
 524      6F6C 4F62 
 524      6A65 6374 
 524      496E 6974 
 524      00
 525 0011 00        		.string	""
 526 0012 00        		.string	""
 527 0013 00        		.string	""
 528 0014 00        		.string	""
 529 0015 00        		.string	""
 530 0016 00        		.string	""
 531 0017 00        		.string	""
 532 0018 00        		.string	""
GAS LISTING /tmp/ccIiK52H.s 			page 42


 533 0019 00        		.string	""
 534 001a 00        		.string	""
 535 001b 00        		.string	""
 536 001c 1D01 00   		.string	"\035\001"
 537 001f 00        		.string	""
 538 0020 6368 506F 		.string	"chPoolAllocI"
 538      6F6C 416C 
 538      6C6F 6349 
 538      00
 539 002d 00        		.string	""
 540 002e 00        		.string	""
 541 002f 00        		.string	""
 542 0030 00        		.string	""
 543 0031 00        		.string	""
 544 0032 00        		.string	""
 545 0033 00        		.string	""
 546 0034 00        		.string	""
 547 0035 00        		.string	""
 548 0036 00        		.string	""
 549 0037 00        		.string	""
 550 0038 2101 00   		.string	"!\001"
 551 003b 00        		.string	""
 552 003c 6368 506F 		.string	"chPoolAlloc"
 552      6F6C 416C 
 552      6C6F 6300 
 553 0048 00        		.string	""
 554 0049 00        		.string	""
 555 004a 00        		.string	""
 556 004b 00        		.string	""
 557 004c 00        		.string	""
 558 004d 00        		.string	""
 559 004e 00        		.string	""
 560 004f 00        		.string	""
 561 0050 00        		.string	""
 562 0051 00        		.string	""
 563 0052 00        		.string	""
 564 0053 2301 00   		.string	"#\001"
 565 0056 00        		.string	""
 566 0057 6368 506F 		.string	"chPoolFreeI"
 566      6F6C 4672 
 566      6565 4900 
 567 0063 00        		.string	""
 568 0064 00        		.string	""
 569 0065 00        		.string	""
 570 0066 00        		.string	""
 571 0067 00        		.string	""
 572 0068 00        		.string	""
 573 0069 00        		.string	""
 574 006a 00        		.string	""
 575 006b 00        		.string	""
 576 006c 00        		.string	""
 577 006d 00        		.string	""
 578 006e 2801 00   		.string	"(\001"
 579 0071 00        		.string	""
 580 0072 6368 506F 		.string	"chPoolFree"
 580      6F6C 4672 
 580      6565 00
GAS LISTING /tmp/ccIiK52H.s 			page 43


 581 007d 00        		.string	""
 582 007e 00        		.string	""
 583 007f 00        		.string	""
 584 0080 00        		.string	""
 585 0081 00        		.string	""
 586 0082 00        		.string	""
 587 0083 00        		.string	""
 588 0084 00        		.string	""
 589 0085 00        		.string	""
 590 0086 00        		.string	""
 591 0087 00        		.string	""
 592 0088 2A01 00   		.string	"*\001"
 593 008b 00        		.string	""
 594 008c 6368 506F 		.string	"chPoolLoadArray"
 594      6F6C 4C6F 
 594      6164 4172 
 594      7261 7900 
 595 009c 00        		.string	""
 596 009d 00        		.string	""
 597 009e 00        		.string	""
 598 009f 00        		.string	""
 599 00a0 00        		.string	""
 600 00a1 00        		.string	""
 601 00a2 00        		.string	""
 602 00a3 00        		.string	""
 603 00a4 00        		.string	""
 604 00a5 00        		.string	""
 605 00a6 00        		.string	""
 606 00a7 3001 00   		.string	"0\001"
 607 00aa 00        		.string	""
 608 00ab 6368 4775 		.string	"chGuardedPoolObjectInit"
 608      6172 6465 
 608      6450 6F6F 
 608      6C4F 626A 
 608      6563 7449 
 609 00c3 00        		.string	""
 610 00c4 00        		.string	""
 611 00c5 00        		.string	""
 612 00c6 00        		.string	""
 613 00c7 00        		.string	""
 614 00c8 00        		.string	""
 615 00c9 00        		.string	""
 616 00ca 00        		.string	""
 617 00cb 00        		.string	""
 618 00cc 00        		.string	""
 619 00cd 00        		.string	""
 620 00ce 3501 00   		.string	"5\001"
 621 00d1 00        		.string	""
 622 00d2 6368 4775 		.string	"chGuardedPoolAllocTimeoutS"
 622      6172 6465 
 622      6450 6F6F 
 622      6C41 6C6C 
 622      6F63 5469 
 623 00ed 00        		.string	""
 624 00ee 00        		.string	""
 625 00ef 00        		.string	""
 626 00f0 00        		.string	""
GAS LISTING /tmp/ccIiK52H.s 			page 44


 627 00f1 00        		.string	""
 628 00f2 00        		.string	""
 629 00f3 00        		.string	""
 630 00f4 00        		.string	""
 631 00f5 00        		.string	""
 632 00f6 00        		.string	""
 633 00f7 00        		.string	""
 634 00f8 4501 00   		.string	"E\001"
 635 00fb 00        		.string	""
 636 00fc 6368 4775 		.string	"chGuardedPoolAllocTimeout"
 636      6172 6465 
 636      6450 6F6F 
 636      6C41 6C6C 
 636      6F63 5469 
 637 0116 00        		.string	""
 638 0117 00        		.string	""
 639 0118 00        		.string	""
 640 0119 00        		.string	""
 641 011a 00        		.string	""
 642 011b 00        		.string	""
 643 011c 00        		.string	""
 644 011d 00        		.string	""
 645 011e 00        		.string	""
 646 011f 00        		.string	""
 647 0120 00        		.string	""
 648 0121 4701 00   		.string	"G\001"
 649 0124 00        		.string	""
 650 0125 6368 4775 		.string	"chGuardedPoolFreeI"
 650      6172 6465 
 650      6450 6F6F 
 650      6C46 7265 
 650      6549 00
 651 0138 00        		.string	""
 652 0139 00        		.string	""
 653 013a 00        		.string	""
 654 013b 00        		.string	""
 655 013c 00        		.string	""
 656 013d 00        		.string	""
 657 013e 00        		.string	""
 658 013f 00        		.string	""
 659 0140 00        		.string	""
 660 0141 00        		.string	""
 661 0142 00        		.string	""
 662 0143 4C01 00   		.string	"L\001"
 663 0146 00        		.string	""
 664 0147 6368 4775 		.string	"chGuardedPoolFree"
 664      6172 6465 
 664      6450 6F6F 
 664      6C46 7265 
 664      6500 
 665 0159 00        		.string	""
 666 015a 00        		.string	""
 667 015b 00        		.string	""
 668 015c 00        		.string	""
 669 015d 00        		.string	""
 670 015e 00        		.string	""
 671 015f 00        		.string	""
GAS LISTING /tmp/ccIiK52H.s 			page 45


 672 0160 00        		.string	""
 673 0161 00        		.string	""
 674 0162 00        		.string	""
 675 0163 00        		.string	""
 676 0164 4E01 00   		.string	"N\001"
 677 0167 00        		.string	""
 678 0168 6368 4775 		.string	"chGuardedPoolLoadArray"
 678      6172 6465 
 678      6450 6F6F 
 678      6C4C 6F61 
 678      6441 7272 
 679 017f 00        		.string	""
 680 0180 00        		.string	""
 681 0181 00        		.string	""
 682 0182 00        		.string	""
 683 0183 00        		.string	""
 684 0184 00        		.string	""
 685 0185 00        		.string	""
 686 0186 00        		.string	""
 687 0187 00        		.string	""
 688 0188 00        		.string	""
 689 0189 00        		.string	""
 690 018a 5401 00   		.string	"T\001"
 691 018d 00        		.string	""
 692 018e 6368 5379 		.string	"chSysHalt"
 692      7348 616C 
 692      7400 
 693 0198 00        		.string	""
 694 0199 02        		.ascii	"\002"
 695 019a 00        		.string	""
 696 019b 00        		.string	""
 697 019c 00        		.string	""
 698 019d 00        		.string	""
 699 019e 00        		.string	""
 700 019f 00        		.string	""
 701 01a0 00        		.string	""
 702 01a1 00        		.string	""
 703 01a2 00        		.string	""
 704 01a3 5901 00   		.string	"Y\001"
 705 01a6 00        		.string	""
 706 01a7 6368 5365 		.string	"chSemWaitTimeoutS"
 706      6D57 6169 
 706      7454 696D 
 706      656F 7574 
 706      5300 
 707 01b9 00        		.string	""
 708 01ba 02        		.ascii	"\002"
 709 01bb 00        		.string	""
 710 01bc 00        		.string	""
 711 01bd 00        		.string	""
 712 01be 00        		.string	""
 713 01bf 00        		.string	""
 714 01c0 00        		.string	""
 715 01c1 00        		.string	""
 716 01c2 00        		.string	""
 717 01c3 00        		.string	""
 718 01c4 6D01 00   		.string	"m\001"
GAS LISTING /tmp/ccIiK52H.s 			page 46


 719 01c7 00        		.string	""
 720 01c8 6368 5365 		.string	"chSemSignalI"
 720      6D53 6967 
 720      6E61 6C49 
 720      00
 721 01d5 00        		.string	""
 722 01d6 02        		.ascii	"\002"
 723 01d7 00        		.string	""
 724 01d8 00        		.string	""
 725 01d9 00        		.string	""
 726 01da 00        		.string	""
 727 01db 00        		.string	""
 728 01dc 00        		.string	""
 729 01dd 00        		.string	""
 730 01de 00        		.string	""
 731 01df 00        		.string	""
 732 01e0 7101 00   		.string	"q\001"
 733 01e3 00        		.string	""
 734 01e4 6368 5363 		.string	"chSchRescheduleS"
 734      6852 6573 
 734      6368 6564 
 734      756C 6553 
 734      00
 735 01f5 00        		.string	""
 736 01f6 02        		.ascii	"\002"
 737 01f7 00        		.string	""
 738 01f8 00        		.string	""
 739 01f9 00        		.string	""
 740 01fa 00        		.string	""
 741 01fb 00        		.string	""
 742 01fc 00        		.string	""
 743 01fd 00        		.string	""
 744 01fe 00        		.string	""
 745 01ff 00        		.string	""
 746 0200 7301 00   		.string	"s\001"
 747 0203 00        		.string	""
 748               	.text
 749               		.section	.gnu.lto_.opts,"",@progbits
 750 0000 272D 666D 		.ascii	"'-fmath"
 750      6174 68
 751 0007 2D65 7272 		.string	"-errno' '-fsigned-zeros' '-ftrapping-math' '-fno-trapv' '-fno-openmp' '-fno-openacc' '-mm
 751      6E6F 2720 
 751      272D 6673 
 751      6967 6E65 
 751      642D 7A65 
 752               	.text
 753               		.section	.upper.bss,"aw",@nobits
 754               		.global	__gnu_lto_v1
 755               		.weak	__gnu_lto_v1
 756               	__gnu_lto_v1:
 757 0000 00        		.zero	1
 758               		.global	__gnu_lto_slim
 759               		.weak	__gnu_lto_slim
 760               	__gnu_lto_slim:
 761 0001 00        		.zero	1
 762               		.ident	"GCC: (SOMNIUM Technologies Limited - msp430-gcc 6.2.1.16) 6.2.1 20161212"
GAS LISTING /tmp/ccIiK52H.s 			page 47


DEFINED SYMBOLS
                            *ABS*:0000000000000000 chmempools.c
     /tmp/ccIiK52H.s:756    .upper.bss:0000000000000000 __gnu_lto_v1
     /tmp/ccIiK52H.s:760    .upper.bss:0000000000000001 __gnu_lto_slim

UNDEFINED SYMBOLS
__crt0_init_highbss
