GAS LISTING /tmp/ccvlZrA9.s 			page 1


   1               		.file	"crc_x25.c"
   2               		.section	.gnu.lto_.profile.d252a4cc4fc18bab,"",@progbits
   3 0000 789C 6365 		.string	"x\234ce`d`a`"
   3      6064 6061 
   3      6000 
   4 000a 92A5 2E00 		.string	"\222\245."
   5 000e 01A4 00   		.string	"\001\244"
   6 0011 C5        		.ascii	"\305"
   7               	.text
   8               		.section	.gnu.lto_.icf.d252a4cc4fc18bab,"",@progbits
   9 0000 789C 6365 		.string	"x\234ce`d0g@"
   9      6064 3067 
   9      4000 
  10 000a 4E86 FB1B 		.string	"N\206\373\033\233v\3631\256\371{\343:\033\323\213\326\337w9\330\233\217\376u\347\330\363a
  10      9B76 F331 
  10      AEF9 7BE3 
  10      3A1B D38B 
  10      D6DF 7739 
  11 0046 1EC3 1C88 		.ascii	"\036\303\034\210"
  12               	.text
  13               		.section	.gnu.lto_.jmpfuncs.d252a4cc4fc18bab,"",@progbits
  14 0000 789C 75CD 		.ascii	"x\234u\315=\n\200P\f\003\340\346E\021D\234\275m\005\017\341("
  14      3D0A 8050 
  14      0C03 E0E6 
  14      4511 449C 
  14      BD6D 050F 
  15 0016 D8C1 BF43 		.ascii	"\330\301\277Cx(7A\260\235\034\324\254_\332\344\002\031\345I&"
  15      7828 3741 
  15      B09D 1CD4 
  15      AC5F DAE4 
  15      0219 E549 
  16 002b 09A0 6A42 		.ascii	"\t\240jBOt\347~\324z\265\315@1\272b\202\212\374\330\034V|\237"
  16      4F74 E77E 
  16      D47A B5CD 
  16      4031 BA62 
  16      828A FCD8 
  17 0043 C308 AF2C 		.ascii	"\303\b\257,Q)\337\037\22219\257\301\325\233i\364\005l\301r\003"
  17      5129 DF1F 
  17      9231 39AF 
  17      C1D5 9B69 
  17      F405 6CC1 
  18 0059 B41C 2CC5 		.ascii	"\264\034,\305"
  19               	.text
  20               		.section	.gnu.lto_.inline.d252a4cc4fc18bab,"",@progbits
  21 0000 789C 6365 		.string	"x\234ce`d\330\303\200"
  21      6064 D8C3 
  21      8000 
  22 000a 2C0C 0CB2 		.string	",\f\f\262\367\031\030Y\030E\322\24733nm?\263\221\253\217y>3\013##\343rF\031\006F\221\f(\3
  22      F719 1859 
  22      1845 D2A7 
  22      3333 6E6D 
  22      3FB3 91AB 
  23 0033 2458 14B6 		.string	"$X\024\266\274\347``[ \317\304\300\261\357\016\243"
  23      BCE7 6060 
  23      5B20 CFC4 
  23      C0B1 EF0E 
  23      A300 
GAS LISTING /tmp/ccvlZrA9.s 			page 2


  24 0045 03CB 0279 		.string	"\003\313\002y\003\006\001\240,\0237\3204F\020\005$\331\031\244\356202!\351Sj\371\017\325\
  24      0306 01A0 
  24      2C13 37D0 
  24      3446 1005 
  24      24D9 19A4 
  25 008b 1C2B 18A0 		.ascii	"\034+\030\240"
  26               	.text
  27               		.section	.gnu.lto_.pureconst.d252a4cc4fc18bab,"",@progbits
  28 0000 789C 6365 		.string	"x\234ce`d\340d```a\220b\227\342\222\342\221\002"
  28      6064 E064 
  28      6060 6061 
  28      9062 97E2 
  28      92E2 9102 
  29 0015 0318 00   		.string	"\003\030"
  30 0018 99        		.ascii	"\231"
  31               	.text
  32               		.section	.gnu.lto_crcGenX25.d252a4cc4fc18bab,"",@progbits
  33 0000 789C 8594 		.string	"x\234\205\224\375oSU\030\307\317\367\236\373\326\336\366\272vlL3C\177!\013\306\260\304\30
  33      FD6F 5355 
  33      18C7 CFF7 
  33      9EFB D6DE 
  33      F6BA 766C 
  34 00bd D46A 3B04 		.ascii	"\324j;\004_o\313a\211\311\201\237'\214mG\002\272\n\303\357>\032"
  34      5F6F CB61 
  34      89C9 819F 
  34      278C 6D47 
  34      02BA 0AC3 
  35 00d4 1C2D 2027 		.ascii	"\034- '\2058(\225\213\300\021l#\257\253\351\323\207\345[2'\001"
  35      8538 2895 
  35      8BC0 116C 
  35      23AF ABE9 
  35      D387 E55B 
  36 00eb 9396 BF95 		.ascii	"\223\226\277\225\017\375\340\363\322@\202\226\337\226K\303\236"
  36      0FFD E0F3 
  36      D240 8296 
  36      DF96 4BC3 
  36      9E
  37 00fc 6C83 A0E7 		.ascii	"l\203\240\347\301}\367\226\302]\243A\220\n\n\013\373\021l\312"
  37      C17D F796 
  37      C25D A341 
  37      900A 0A0B 
  37      FB11 6CCA 
  38 0110 4989 0F20 		.ascii	"I\211\017 I\020\307\320\211\243\350\024d\0228\216.V\3727{6\244"
  38      4910 C7D0 
  38      89A3 E814 
  38      6412 388E 
  38      2E56 FA37 
  39 0127 9536 D1F2 		.ascii	"\2256\321\362~\360^\306\227\217+\245\251\023\243\307\"+J\007"
  39      7EF0 5EC6 
  39      978F 2BA5 
  39      A913 A3C7 
  39      222B 4A07 
  40 013b 9492 8913 		.ascii	"\224\222\211\023Z\351\303"
  40      5AE9 C3
  41 0142 8692 2970 		.string	"\206\222)p\022]\354\2778V=\020\265\315\374\n=N\301\206\020\006\031hw\364r\361\202/\267(\3
  41      125D ECBF 
  41      3856 3D10 
GAS LISTING /tmp/ccvlZrA9.s 			page 3


  41      B5CD FC0A 
  41      3D4E C186 
  42 0243 5540 7C86 		.string	"U@|\206dNF\024\212\311U \352\271\342\357\246\346v\271k\003\263ca\016k\002\370\274\301m\21
  42      644E 4614 
  42      8AC9 5520 
  42      EAB9 E2EF 
  42      A6E6 76B9 
  43 0304 09F6 65FA 		.ascii	"\t\366e\372\317\227\343\032\210\302\255tqH\272\202\276VR9\\s"
  43      CF97 E31A 
  43      88C2 AD74 
  43      7148 BA82 
  43      BE56 5239 
  44 031a F4BE A79B 		.ascii	"\364\276\247\233\376Sii\177T7\275Z\333\201\022\035\240\301\250"
  44      FE53 6969 
  44      7F54 37BD 
  44      5ADB 8112 
  44      1DA0 C1A8 
  45 032e 149F D45E 		.ascii	"\024\237\324^$\354\361\030\374\t4S\2324\331\227\321i\217\207"
  45      24EC F118 
  45      FC09 3453 
  45      9A34 D997 
  45      D169 8F87 
  46 0342 2990 331F 		.ascii	")\2203\037\247\020!\335**\336ws\216\036\252\230\252\223\2473"
  46      A710 21DD 
  46      2A2A DE77 
  46      738E 1EAA 
  46      98AA 93A7 
  47 0357 7D42 DBE2 		.ascii	"}B\333\342k\2623\327\313n\266\221]Y\327*U\355\207Vh%\0216dB\365"
  47      6BB2 33D7 
  47      CB6E B691 
  47      5D59 D72A 
  47      55ED 8756 
  48 0372 8968 AEF3 		.ascii	"\211h\256\363\210\257\n\035\253\027\272\242J\323\252Ksg\205\253"
  48      88AF 0A1D 
  48      AB17 BAA2 
  48      4AD3 AA4B 
  48      7367 85AB 
  49 0386 4DA7 FE6B 		.ascii	"M\247\376k\365\233\277=\375\315\245/6\346\350\204\342\257\307"
  49      F59B BF3D 
  49      FDCD A52F 
  49      36E6 E884 
  49      E2AF C7
  50 0399 6957 F46D 		.ascii	"iW\364m\017\321o^Co\255G\177\245A\177u5}\007\211lD\337^\247\237"
  50      0FD1 6F5E 
  50      436F AD47 
  50      7FA5 417F 
  50      7535 7D07 
  51 03b4 57F4 1DE2 		.ascii	"W\364\035\342\016R#5OO\240\340\217\031\250\3264\352\361\355\335"
  51      0E52 2335 
  51      4F4F A0E0 
  51      8F19 A8D6 
  51      34EA F1ED 
  52 03c9 DD3D AFEE 		.ascii	"\335=\257\356\352\355\356\331\325\263\363\265\247\236\336\336"
  52      EAED EED9 
  52      D5B3 F3B5 
  52      A79E DEDE 
  53 03d9 239C 977B 		.ascii	"#\234\227{w\357~\376\205^\274\202\027\377\003m<\022\235"
GAS LISTING /tmp/ccvlZrA9.s 			page 4


  53      77EF 7EFE 
  53      855E BC82 
  53      17FF 036D 
  53      3C12 9D
  54               	.text
  55               		.section	.gnu.lto_crcCheckX25.d252a4cc4fc18bab,"",@progbits
  56 0000 789C 6D54 		.ascii	"x\234mT[O\\U\024\336\337\331\34727f\230\341\016c:/\rib\212\321"
  56      5B4F 5C55 
  56      14DE DFD9 
  56      E732 3766 
  56      98E1 0E63 
  57 001b 181F FBE0 		.ascii	"\030\037\373\340\0171f\202\306\0305i_|\233\003\fC\013F\033\221"
  57      0F31 6682 
  57      C618 3569 
  57      5F7C 9B03 
  57      0C43 0B46 
  58 0031 A1C5 8EF3 		.ascii	"\241\305\216\3630!\005k/ X\261\265P\300\"S\300\330h\322\246\232"
  58      3021 056B 
  58      2F20 58B1 
  58      B550 C022 
  58      53C0 D868 
  59 0048 1A8A 49A9 		.ascii	"\032\212I\251mS\025\203E;\343Z{\237\326)\345$\263g\237o\257\365"
  59      6D53 1583 
  59      453B E35A 
  59      7B9F D629 
  59      E524 B367 
  60 0060 AD6F 5DF6 		.ascii	"\255o]\366\261\004D\213-DB\b\361\032\375\340\0230\016\257\b\321"
  60      B104 448B 
  60      2D44 4208 
  60      F11A FDE0 
  60      1330 0EAF 
  61 0076 E133 0CF9 		.ascii	"\3413\f\371C\275p\003\346\371\227\204\033\22205l\302\326\033"
  61      43BD 7003 
  61      E6F9 9784 
  61      1B92 3035 
  61      6CC2 D61B 
  62 008a 4B6F 2EFA 		.ascii	"Ko.\372l\303zoA\220\245\223v\310\322\001\030w}\020)C\232\226"
  62      6CC3 7A6F 
  62      4190 A593 
  62      76C8 D201 
  62      1877 7D10 
  63 00a2 ED20 65D8 		.ascii	"\355 e\330\0023@\271\274O\360\363\201\034\224\350\0378|#\274"
  63      0233 40B9 
  63      BC4F F0F3 
  63      811C 94E8 
  63      1F38 7C23 
  64 00b7 E7B8 EB76 		.ascii	"\347\270\353v\2723\203\237\330\227\334\356\306\274\024\342\250"
  64      BA33 839F 
  64      D897 DCEE 
  64      C6BC 14E2 
  64      A8
  65 00c8 1478 218E 		.ascii	"\024x!\216\347\342\254\3468\366\220\345\367\3513\307\344\373"
  65      E7E2 ACE6 
  65      38F6 90E5 
  65      F7E9 33C7 
  65      E4FB 
  66 00da 322F 0193 		.ascii	"2/\001\223^"
GAS LISTING /tmp/ccvlZrA9.s 			page 5


  66      5E
  67 00df 7F5F 1EBA 		.string	"\177_\036\272\031\346W\003\tz\375i\2718\030\224u\020\264\357=\270\261\031h\035V\234k\375p
  67      19E6 5703 
  67      097A FD69 
  67      B938 1894 
  67      7510 B4EF 
  68 01e0 61B7 977E 		.ascii	"a\267\227~\234\017\344\221\003)\306\347Ha"
  68      9C0F E491 
  68      0329 C6E7 
  68      4861 
  69 01ee 9CD3 C304 		.string	"\234\323\303\004\362\020kH_\177y\0076\213\262\234\364\252\320G\035\3536\344oH'\330r[\230\
  69      F210 6B48 
  69      5F7F 7907 
  69      368B B29C 
  69      F4AA D047 
  70 02ef 339B 00   		.string	"3\233"
  71 02f2 BEF1 72B5 		.ascii	"\276\361r\265\005}7\244r\270\346hs\177N\372\310\374\327\342f"
  71      057D 37A4 
  71      72B8 E668 
  71      737F 4EFA 
  71      C8FC D7E2 
  72 0307 7F95 362F 		.ascii	"\177\2256/\225\367\341\0229\320\334\254\314=\253\255(\220\237"
  72      95F7 E112 
  72      39D0 DCAC 
  72      CC3D ABAD 
  72      2890 9F
  73 031a E7E4 2FA0 		.ascii	"\347\344/\240R\265I#\264\200\2709Nu\t[Wb\024\302\361\232\227"
  73      52B5 4923 
  73      B480 B839 
  73      4E75 095B 
  73      5762 14C2 
  74 0331 5D9F BE69 		.ascii	"]\237\276i\353\251\213<\3250s\247\206}\373\270a\213\272N\235"
  74      EBA9 8B3C 
  74      D530 73A7 
  74      867D FBB8 
  74      618B BA4E 
  75 0346 A50C 3443 		.ascii	"\245\f4C5\221\b\325\242\321\240F\242\252\027\376G\275PXl\307"
  75      3591 08D5 
  75      A2D1 A046 
  75      A2AA 17FE 
  75      47BD 5058 
  76 035c E247 BDE2 		.ascii	"\342G\275\342\027=\322?z<\363\032\362`\322\373\231CU\032\251"
  76      173D D23F 
  76      7A3C F31A 
  76      F260 D2FB 
  76      9943 551A 
  77 0371 2590 3886 		.ascii	"%\2208\206\316m\024-N\317\017\037.\223\263\362:\344h\243:\262"
  77      CE6D 142D 
  77      4ECF 0F1F 
  77      2E93 B3F2 
  77      3AE4 68A3 
  78 0387 D335 7F10 		.ascii	"\3235\177\020\321H\275.\341\275\322\325\007A\375\r\245\2570\226"
  78      D148 BD2E 
  78      E1BD D2D5 
  78      0741 FD0D 
  78      A5AF 3096 
  79 039b 9423 49F6 		.ascii	"\224#I\366\3025(\305\365O(n\334Qq\203\247xy\273\342&\362`\316"
GAS LISTING /tmp/ccvlZrA9.s 			page 6


  79      C235 28C5 
  79      F54F 286E 
  79      DC51 7183 
  79      A778 79BB 
  80 03b4 BF33 EB9E 		.ascii	"\2773\353\236\342f\245\247\211\301\211\236EK\203-\252`\315\342"
  80      E266 A5A7 
  80      89C1 899E 
  80      454B 832D 
  80      AA60 CDE2 
  81 03c8 2E3A 131E 		.ascii	".:\023\036\"\324W\006\324\033\272+\261\275mm\311w\366\267\267"
  81      22D4 5706 
  81      D41B BA2B 
  81      B1BD 6D6D 
  81      C977 F6B7 
  82 03dd 25F7 275F 		.ascii	"%\367'_y\367\371\027\367&\205\363V\373\201\003\257\276\336\216"
  82      79F7 F917 
  82      F726 85F3 
  82      56FB 8103 
  82      AFBE DE8E 
  83 03f1 B7F1 C67F 		.ascii	"\267\361\306\177\352y\361\245"
  83      EA79 F1A5 
  84               	.text
  85               		.section	.gnu.lto_crcStart.d252a4cc4fc18bab,"",@progbits
  86 0000 789C 8552 		.ascii	"x\234\205R\317K\024a\030~\237yg"
  86      CF4B 1461 
  86      187E 9F79 
  86      67
  87 000d 7676 D755 		.string	"vv\327U\":D\210\354\325\213\013Q\177A\207\376\214\016C\247\016\201\247n\363\271m(\005\026
  87      223A 4488 
  87      ECD5 8B0B 
  87      517F 4187 
  87      FE8C 0E43 
  88 010e 1390 8E98 		.string	"\023\220\216\230\221wM\253)\334E"
  88      9177 4DAB 
  88      29DC 4500 
  89 011a FA84 4AE3 		.string	"\372\204J\343\324?\272\311U\314&\336U\233\251\336\305_P)*3%\343\214\252\f\346\340\323\301
  89      D43F BAC9 
  89      55CC 26DE 
  89      559B A9DE 
  89      C55F 5029 
  90 0146 7DB5 622F 		.ascii	"}\265b/\307\246\317\211\233\276C\001\273\250\212\235y\325\221"
  90      C7A6 CF89 
  90      9BBE 4301 
  90      BBA8 8A9D 
  90      79D5 91
  91 0159 42BC BD30 		.ascii	"B\274\2750\233\023\362\rc\212\332`A\f&\202\270\007?\340lb\305"
  91      9B13 F20D 
  91      638A DA60 
  91      410C 2682 
  91      B807 3FE0 
  92 0170 6EC5 B0B4 		.ascii	"n\305\260\264\373\371]\350j\371\240j.\035B.\224\340\024\333\251"
  92      FBF9 5DE8 
  92      6AF9 A06A 
  92      2E1D 422E 
  92      94E0 14DB 
  93 0185 6CAE B5A9 		.ascii	"l\256\265\251\254\221\030\362X\024\335\373I\f\017DE\352\267\366"
  93      AC91 18F2 
GAS LISTING /tmp/ccvlZrA9.s 			page 7


  93      5814 DDFB 
  93      490C 0F44 
  93      45EA B7F6 
  94 0199 7E7E 4BC6 		.ascii	"~~K\306\334\2068f<\224\232d\275;\365\236[\032\377M\366\321\337"
  94      DC86 3866 
  94      3C94 9A64 
  94      BD3B F59E 
  94      5B1A FF4D 
  95 01b0 646B CD96 		.ascii	"dk\315\226\213\375+\325|3L\240.\225\257(\337\214\007\217\245"
  95      8BFD 2BD5 
  95      7C33 4CA0 
  95      2E95 AF28 
  95      DF8C 078F 
  96 01c5 4D17 D2A6 		.ascii	"M\027\322\246\013\241\216>m\272\035OD\341q+\254\241\2501\240"
  96      0BA1 8E3E 
  96      6DBA 1D4F 
  96      44E1 712B 
  96      ACA1 A831 
  97 01da F481 24AC 		.ascii	"\364\201$\254\002\236\3524\t\317d\f\244\277\r4'y\372\341\236"
  97      029E EA34 
  97      09CF 640C 
  97      A4BF 0D34 
  97      2779 FAE1 
  98 01ef 52C9 3BDF 		.ascii	"R\311;\337{\266\344\365zg.\034?\331\343\321\037\333_\361\347"
  98      7BB6 E4F5 
  98      7A67 2E1C 
  98      3FD9 E3D1 
  98      1FDB 5FF1 
  99               	.text
 100               		.section	.gnu.lto_crcStop.d252a4cc4fc18bab,"",@progbits
 101 0000 789C 8D51 		.ascii	"x\234\215QKk\023a\024\275g\276\311\314t\342\243\210\013\027\025"
 101      4B6B 1361 
 101      14BD 67BE 
 101      C9CC 74E2 
 101      A388 0B17 
 102 0015 B2ED A629 		.ascii	"\262\355\246)\242\277\300\205?\303\305\340\312\205\220\225\273"
 102      A2BF C085 
 102      3FC3 C5E0 
 102      CA85 9095 
 102      BB
 103 0026 F91A A385 		.ascii	"\371\032\243\205\b\352\306\324\026\302\200YT\255\266M\265jV\206"
 103      08EA C6D4 
 103      16C2 8059 
 103      54AD B64D 
 103      B56A 5686 
 104 003a AA18 2154 		.ascii	"\252\030!T)(B]\225.L\255((\210\257\304s'ZCW.\346q\317w\346<\356"
 104      2928 425D 
 104      952E 4CAD 
 104      2828 88AF 
 104      C473 275A 
 105 0058 6404 5270 		.ascii	"d\004RpD\016\212\310Q^\310\b\234+\253\"\023\201\343\230\326\270"
 105      440E 8AC8 
 105      515E C808 
 105      9C2B AB22 
 105      1381 E398 
 106 006e D8D0 6D1D 		.ascii	"\330\320m\035\026\273\307\300\355\303.\240/6\200\304\216q\021"
 106      16BB C7C0 
GAS LISTING /tmp/ccvlZrA9.s 			page 8


 106      EDC3 2EA0 
 106      2F36 80C4 
 106      8E71 11
 107 0081 E3B2 9932 		.ascii	"\343\262\2312x\332\373\332\334\177\311$\206\337s\\\373\324\256"
 107      78DA FBDA 
 107      DC7F C924 
 107      86DF 735C 
 107      FBD4 AE
 108 0094 6675 0486 		.ascii	"fu\004\2069.\276~\366\306\037\235\265\266h\233So\375\231\362"
 108      392E BE7E 
 108      F6C6 1F9D 
 108      B5B6 689B 
 108      536F FD99 
 109 00a9 4B9B 498C 		.ascii	"K\233I\214#\323\244\337\300\bf1\242\34671*do\324\273W\367zn\315"
 109      23D3 A4DF 
 109      C008 6631 
 109      A2E6 3731 
 109      2A64 6FD4 
 110 00c3 8812 88DF 		.ascii	"\210\022\210\337\202\007>\b,\254\241i\273\275I\333\334\274\216"
 110      8207 3E08 
 110      2CAC A169 
 110      BBBD 49DB 
 110      DCBC 8E
 111 00d6 1F27 0223 		.ascii	"\037'\002#\2111\036o\256/*(e~\240\371.r\340\323tP\254t>F*Q5\032"
 111      8931 1E6F 
 111      AE2F 2A28 
 111      657E A0F9 
 111      2E72 E0D3 
 112 00f4 B472 7EE5 		.ascii	"\264r~\345\205\257\3112P\257Fc{\335\217\177\331\200@\315\320"
 112      85AF C932 
 112      50AF 4663 
 112      7BDD 8F7F 
 112      D980 40CD 
 113 0109 85D8 56FB 		.ascii	"\205\330V\373\325\2230A\025\324\306m6\234\323x\270\203\004\262"
 113      D593 3041 
 113      15D4 C66D 
 113      369C D378 
 113      B883 04B2 
 114 011d 89D2 FAF1 		.ascii	"\211\322\372\361\177j\313\223\355z\250j,\212\371\264\205z\033"
 114      7F6A CB93 
 114      ED7A A86A 
 114      2C8A F9B4 
 114      857A 1B
 115 0130 698D 9BF7 		.ascii	"i\215\233\367(\345\224\271\313\306\233V\033, \226\3018~\032\347"
 115      28E5 94B9 
 115      CBC6 9B56 
 115      1B2C 2096 
 115      C138 7E1A 
 116 0145 DCF7 479F 		.ascii	"\334\367G\237\367\221w\210\200\366W\354\371\314\334i\246\231"
 116      F791 7788 
 116      80F6 57EC 
 116      F9CC DC69 
 116      A699 
 117 0157 184E 4C80 		.ascii	"\030NL\200:\343,\252\017\017z[K\363C$_\2636\247\002K\f\230\032"
 117      3AE3 2CAA 
 117      0F0F 7A5B 
 117      4BF3 4324 
GAS LISTING /tmp/ccvlZrA9.s 			page 9


 117      5FB3 36A7 
 118 0170 E22E E2C4 		.ascii	"\342.\342\304\f\245Q\334\277k\370\362\356[\315\327\343\377i}"
 118      0CA5 51DC 
 118      BF6B F8F2 
 118      EE5B CDD7 
 118      E3FF 697D 
 119 0184 6FA7 F532 		.ascii	"o\247\3652E\007s\222\215\373<\351`\245\322\371\371\330\353\357"
 119      4507 7392 
 119      8DFB 3CE9 
 119      60A5 D2F9 
 119      F9D8 EBEF 
 120 0198 C21B A484 		.ascii	"\302\033\244\204\2737\033\326\364\327\020\333.m\254f\265\213"
 120      BB37 1BD6 
 120      F4D7 10DB 
 120      2E6D AC66 
 120      B58B 
 121 01aa A54B 160F 		.ascii	"\245K\026\017\351\362 ui\350n\031\262{\001}A\237\232\362\001"
 121      E9F2 2075 
 121      69E8 6E19 
 121      B27B 017D 
 121      419F 9AF2 
 122 01bf C5DC 9F51 		.ascii	"\305\334\237Q\367Z\2467\313P\352\300X>\037\235)\234\312G\205"
 122      F75A A637 
 122      CB50 EAC0 
 122      583E 1F9D 
 122      299C CA47 
 123 01d4 E8E4 D923 		.ascii	"\350\344\331#\307\306\"\371\r0\265\322\023"
 123      C7C6 22F9 
 123      0D30 B5D2 
 123      13
 124               	.text
 125               		.section	.gnu.lto_.symbol_nodes.d252a4cc4fc18bab,"",@progbits
 126 0000 789C 558E 		.string	"x\234U\216\273\021\0021\f\005\327\366\231\003\206!\242"
 126      BB11 0231 
 126      0C05 D7F6 
 126      9903 8621 
 126      A200 
 127 0012 86E0 2A20 		.string	"\206\340* \344[\231]\002E\020\220\220\021\021\301\361'\270\241\bJ\240"
 127      E45B 995D 
 127      0245 1090 
 127      9011 11C1 
 127      F127 B8A1 
 128 002a 7472 6425 		.ascii	"trd%+\353\2554\366\030>H\331y\200M\003\202c\\\203\237\025q\002"
 128      2BEB AD34 
 128      F618 3E48 
 128      D979 804D 
 128      0382 635C 
 129 0043 CED7 909A 		.ascii	"\316\327\220\232\013~,\246\277\322Q\336(\225w\272-\355\"\230"
 129      0B7E 2CA6 
 129      BFD2 51DE 
 129      2895 77BA 
 129      2DED 2298 
 130 0057 FCC2 0393 		.ascii	"\374\302\003\2236\237\364\324X\006\233\033/\254\032\366Dpy\364"
 130      369F F4D4 
 130      5806 9B1B 
 130      2FAC 1AF6 
 130      4470 79F4 
GAS LISTING /tmp/ccvlZrA9.s 			page 10


 131 006b C669 64CE 		.ascii	"\306id\316\204B#\371G\\\311\204!\337]\325b\273\037\2712\275\372"
 131      8442 23F9 
 131      475C C984 
 131      21DF 5DD5 
 131      62BB 1FB9 
 132 0082 82C3 D40D 		.ascii	"\202\303\324\r\004\277\306\360\0077)*\266"
 132      04BF C6F0 
 132      0737 292A 
 132      B6
 133               	.text
 134               		.section	.gnu.lto_.refs.d252a4cc4fc18bab,"",@progbits
 135 0000 789C 1DC8 		.string	"x\234\035\310\301\021\200@\b\003\300\004\b\210\236\343\347\212\262\377\212\034\334\347\n\
 135      C111 8040 
 135      0803 C004 
 135      0888 9EE3 
 135      E78A B2FF 
 136 001d D2CC CD44 		.ascii	"\322\314\315DOFC\017r\253\246\017\247\007\243\320K\347\304\365"
 136      4F46 430F 
 136      72AB A60F 
 136      A707 A3D0 
 136      4BE7 C4F5 
 137 0031 0765 91B1 		.ascii	"\007e\221\261&n'\003-|>\320\001f"
 137      266E 2703 
 137      2D7C 3ED0 
 137      0166 
 138               	.text
 139               		.section	.gnu.lto_.decls.d252a4cc4fc18bab,"",@progbits
 140 0000 789C AD57 		.string	"x\234\255W\rLTW\026~\347\335\031\230\031\0065\3244n2n\304m-k\327\031\305j\333d\223nV\273\
 140      0D4C 5457 
 140      167E E7DD 
 140      1998 1906 
 140      35D4 346E 
 141 0074 42E7 2441 		.string	"B\347$A\350\025\005\341o8\306\360\322\n\202p\030\007\375=\206\243\nG-\216F\034\027\005~\3
 141      E815 05E1 
 141      6F38 C6F0 
 141      D20A 8270 
 141      1807 FD3D 
 142 00c3 C764 1C6D 		.string	"\307d\034m\262\277\267\360\331\022\3745\341\370-\336\317\004\316\253\024\307(\216\367qn\2
 142      B2BF B7F0 
 142      D912 FC35 
 142      E1F8 2DDE 
 142      CF04 CEAB 
 143 0154 0368 70FA 		.string	"\003hp\372SS\366\335\t8\235l\200i8=xl\317\t\340O\365\364\351\253\3342=\177:\031\247\211\2
 143      5353 F6DD 
 143      0938 9D6C 
 143      8069 383D 
 143      786C CF09 
 144 0189 9302 0701 		.string	"\223\002\007\001\267 XL\260\037\247h\375z\300\371\332\310\261\f8\275\324]\220h\344XN\372\
 144      B720 584C 
 144      B01F A768 
 144      FD7A C0F9 
 144      DAC8 B10C 
 145 01c6 A2F0 67AE 		.string	"\242\360g\256\035\371\022\231\"\300\\\023\3146\tp\004\202\250\025z\376\027\276{\024]gK\32
 145      1DF9 1299 
 145      22C0 5C13 
 145      CC36 0970 
 145      0482 A815 
GAS LISTING /tmp/ccvlZrA9.s 			page 11


 146 0205 4508 B57E 		.string	"E\b\265~\362\274'\325\327 ;M\375Y\247h]\230}\274C\257\306.\3719\354\035\227o>2\032\323%)^
 146      F2BC 27D5 
 146      D720 3B4D 
 146      FD59 A768 
 146      5D98 7DBC 
 147 02b7 A718 CF6A 		.string	"\247\030\317j\227\252\236u\347|\275U\215k\2352\230\235\241S\253\252\361PU+\253\252e\252\2
 147      97AA 9E75 
 147      E77C BD55 
 147      8D6B 9D32 
 147      989D A153 
 148 038b FF0B 6CB0 		.ascii	"\377\013l\260\351\230r\001\260u\\\025\331_n\310M\2257\\&|*\312"
 148      E998 7201 
 148      B075 5C15 
 148      D95F 6EC8 
 148      4D95 375C 
 149 03a3 90EC 9FFC 		.ascii	"\220\354\237\374\013*DAYRc\3205"
 149      0B2A 4441 
 149      5952 63D0 
 149      35
 150 03b0 51E9 65A0 		.string	"Q\351e\240\274\210ODj\240\246#\250}{r\225\371{>\367\350\363\240D\273\364u~\216\236\304\26
 150      BC88 4F44 
 150      6AA0 A623 
 150      A87D 7B72 
 150      95F9 7B3E 
 151 04b1 1D30 1D5F 		.ascii	"\0350\035_\375\341\362\203\355\"\271$\216\233GO\356w8\367\246"
 151      FDE1 F283 
 151      ED22 B924 
 151      8E9B 474F 
 151      EE77 38F7 
 152 04c6 BA4B DB7D 		.ascii	"\272K\333}I;?`\357\274\354m%\240\347\347kP\n\013\237\264\021"
 152      493B 3F60 
 152      EFBC EC6D 
 152      25A0 E7E7 
 152      6B50 0A0B 
 153 04dd EB50 09DF 		.ascii	"\353P\t\337\003\f_\027\350\021\242\033M\356\263cT\307V\330\t"
 153      030C 5F17 
 153      E811 A21B 
 153      4DEE B363 
 153      54C7 56D8 
 154 04f2 3A89 DDAA 		.ascii	":\211\335\252\016f\234\302=\367\301L\333MC\301F\242\216\0065"
 154      0E66 9CC2 
 154      3DF7 C14C 
 154      DB4D 43C1 
 154      46A2 8E06 
 155 0507 7187 A387 		.ascii	"q\207\243\207\205\343\256\022\216\372\372\306\213Z9\034\303S"
 155      85E3 AE12 
 155      8EFA FAC6 
 155      8B5A 391C 
 155      C353 
 156 0519 9224 47BC 		.ascii	"\222$G\274D\263\215V\320\351\016F\247:\030\017Y0\272\223\343"
 156      44B3 8D56 
 156      D0E9 0E46 
 156      A73A 180F 
 156      5930 BA93 
 157 052e B78A A48B 		.ascii	"\267\212\244\213\007#\263d\250\002h;M\370\337v\2033\177G\022"
 157      0723 B364 
 157      A802 683B 
GAS LISTING /tmp/ccvlZrA9.s 			page 12


 157      4DF8 DF76 
 157      8333 7F47 
 158 0543 51EF 86C7 		.ascii	"Q\357\206\307\036\273\241\327\265\033\266\364d\215\201Z\f>R\211"
 158      1EBB A1D7 
 158      B51B B6F4 
 158      648D 815A 
 158      0C3E 5289 
 159 0557 E963 6296 		.ascii	"\351cb\226\311Zv\234]wA/ky\2363\245E\222\212$\332p\321\n\036"
 159      C95A 769C 
 159      5D77 412F 
 159      6B79 9E33 
 159      A545 928A 
 160 0571 B9C5 3C52 		.ascii	"\271\305<R\213\351gb\222\234\031\225\032\322\307\305\354\031"
 160      8BE9 6762 
 160      929C 1995 
 160      1AD2 C7C5 
 160      EC19 
 161 0583 1E19 A047 		.ascii	"\036\031\240G\305\f\332T\211\252\034g\360r\254>\327\270\327H"
 161      C50C DA54 
 161      89AA 1C67 
 161      F072 AC3E 
 161      D7B8 D748 
 162 0597 9E33 63F1 		.ascii	"\2363c\361\330\305\322N\374\256\nb\225\200\024igT\370\3013T?"
 162      D8C5 D24E 
 162      FCAE 0A62 
 162      9580 1469 
 162      6754 F8C1 
 163 05ae 4356 FF04 		.ascii	"CV\377\004\027\177\302E\245p\315\231\254p\237\242\360A7\267\031"
 163      177F C245 
 163      A570 CD99 
 163      AC70 9FA2 
 163      F041 37B7 
 164 05c3 F229 7072 		.ascii	"\362)prS[\267\201\304\021\346\243us\335\003\355x>^\216\353\243"
 164      535B B781 
 164      C411 E6A3 
 164      7573 DD03 
 164      ED78 3E5E 
 165 05da BF6A 662D 		.ascii	"\277jf-+\335\027\350\343\271\333\307S\345\250y\235\267\253\333"
 165      2BDD 17E8 
 165      E3B9 DBC7 
 165      53E5 A879 
 165      9DB7 ABDB 
 166 05ee A36E A8A1 		.ascii	"\243n\250\241;\270C\036\301M{\234\026\350*\233\217\362J\266J"
 166      3BB8 431E 
 166      C14D 7B9C 
 166      16E8 2A9B 
 166      8FF2 4AB6 
 167 0603 9241 436D 		.ascii	"\222ACm`\300\r=\240\016\3550\013\255c\240p;!\351L\t\334L\330"
 167      60C0 0D3D 
 167      A00E ED30 
 167      0BAD 63A0 
 167      703B 21E9 
 168 061c 52E2 A3CE 		.ascii	"R\342\243\316{"
 168      7B
 169 0621 8947 DE5F 		.string	"\211G\336_\271\362\356\310\334^\314\253\013\327\344\352rv\266f\300\270e>\312\330\276V\366
 169      B9F2 EEC8 
 169      DC5E CCAB 
GAS LISTING /tmp/ccvlZrA9.s 			page 13


 169      0BD7 E4EA 
 169      7276 B666 
 170 0722 FF9A 0337 		.string	"\377\232\0037\310\300\270\021T\337;\031\270\222N\201\3272\340\315W\213\306\364d7Gi\332\22
 170      C8C0 B811 
 170      54DF 3B19 
 170      B892 4E81 
 170      D732 E0CD 
 171 07ba 6698 29B2 		.ascii	"f\230)\262\215&\273\020\330|\253\210\316\2661\351w\3062\266\370"
 171      8D26 BB10 
 171      D87C AB88 
 171      CEB6 31E9 
 171      77C6 32B6 
 172 07cf 91        		.ascii	"\221"
 173 07d0 668D 47D7 		.string	"f\215G\327\231\352\335u\246\362\256\263\341\311\2726=i\343\306)w\023\316k\202T\307"
 173      99EA DD75 
 173      A6F2 AEB3 
 173      E1C9 BA36 
 173      3D69 E3C6 
 174 07ed 1A65 8BEA 		.string	"\032e\213\352S\240%)\275\335\300;\262w\307\370\036\325M\225;\306\016\321\004\333E\246p\37
 174      53A0 2529 
 174      BDDD C03B 
 174      B277 C7F8 
 174      1ED5 4D95 
 175 088a 0A19 C0E0 		.string	"\n\031\300\340\255\223\317DrS\326\024_\027\347+\003\324\250"
 175      AD93 CF44 
 175      7253 D614 
 175      5F17 E72B 
 175      03D4 A800 
 176 089e F678 01EC 		.string	"\366x\001\354a"
 176      6100 
 177 08a4 7B19 40F1 		.ascii	"{\031@\361\341\003/\261\2669@^rr+\221\001\206G\264IR\215\310"
 177      E103 2FB1 
 177      B639 405E 
 177      7272 2B91 
 177      0186 47B4 
 178 08bc 82BC EF3F 		.ascii	"\202\274\357?\202\274\217A\0241\210\264\206\253\013\325\215\223"
 178      82BC 8F41 
 178      1431 88B4 
 178      86AB 0BD5 
 178      8D93 
 179 08ce 6E2F 77E3 		.ascii	"n/w\343\334/\362\377\025\340/\335\253\267Z\2525jc\332\364\334"
 179      DC2F F2FF 
 179      15E0 2FDD 
 179      ABB7 5AAA 
 179      356A 63DA 
 180 08e4 C607 64E3 		.ascii	"\306\007d\343\003\314x\364F\273\307\177\242(\025\267\355A\331"
 180      03CC 78F4 
 180      46BB C77F 
 180      A228 15B7 
 180      ED41 D9
 181 08f7 F620 B375 		.ascii	"\366 \263u\344:R\374\324\306\005\036\306\207dc\372\253\261E\204"
 181      E43A 52FC 
 181      D4C6 051E 
 181      C687 6463 
 181      FAAB B145 
 182 090c ADD2 7DB6 		.ascii	"\255\322}\266\370\253i\013\346\314\021|b#\377\021n\265\377\305"
 182      F8AB 690B 
GAS LISTING /tmp/ccvlZrA9.s 			page 14


 182      E6CC 117C 
 182      6223 FF11 
 182      6EB5 FFC5 
 183 0920 B22A 26C6 		.ascii	"\262*&\306n\261G\316\262\307\304D\305ZV\206\255\262\007[\276"
 183      6EB1 47CE 
 183      B2C7 C444 
 183      C55A 5686 
 183      ADB2 075B 
 184 0935 8D5D F9C1 		.ascii	"\215]\371\301\334\331\263\276\261\331f\3157\007\233\347\230\347"
 184      DCD9 B3BE 
 184      B1D9 66CD 
 184      3707 9BE7 
 184      98E7 
 185 0947 CCB7 4645 		.ascii	"\314\267FEF\257\376n\376\007\226\250\310e\026|\240\330\204G\255"
 185      46AF FE6E 
 185      FE07 96A8 
 185      C865 167C 
 185      A0D8 8447 
 186 095c B030 1B4B 		.ascii	"\2600\033Kd\264-j\365\362pK\254}\371\362\360\025\346\bAo[e\373"
 186      64B4 2D6A 
 186      F5F2 704B 
 186      AC7D F9F2 
 186      F015 E608 
 187 0975 2C3C FACF 		.ascii	",<\372\317\301\363\364V\353\352\310h\373G"
 187      C1F3 F456 
 187      EBEA C868 
 187      FB47 
 188 0983 56FB 5FFF 		.string	"V\373_\377o\177*?\212\207o\303l\021\221\321\341\026+\372\t[\035e\267\332\327\254\f\217E\2
 188      6F7F 2A3F 
 188      8A87 6FC3 
 188      6C11 91D1 
 188      E116 2BFA 
 189 0a84 BD87 583F 		.ascii	"\275\207X?w\335}\341+\337\375\033{\274\344@"
 189      77DD 7DE1 
 189      2BDF FD1B 
 189      7BBC E440 
 190               	.text
 191               		.section	.gnu.lto_.symtab.d252a4cc4fc18bab,"",@progbits
 192 0000 6372 6347 		.string	"crcGenX25"
 192      656E 5832 
 192      3500 
 193 000a 00        		.string	""
 194 000b 00        		.string	""
 195 000c 00        		.string	""
 196 000d 00        		.string	""
 197 000e 00        		.string	""
 198 000f 00        		.string	""
 199 0010 00        		.string	""
 200 0011 00        		.string	""
 201 0012 00        		.string	""
 202 0013 00        		.string	""
 203 0014 00        		.string	""
 204 0015 E000      		.string	"\340"
 205 0017 00        		.string	""
 206 0018 00        		.string	""
 207 0019 6372 6343 		.string	"crcCheckX25"
 207      6865 636B 
GAS LISTING /tmp/ccvlZrA9.s 			page 15


 207      5832 3500 
 208 0025 00        		.string	""
 209 0026 00        		.string	""
 210 0027 00        		.string	""
 211 0028 00        		.string	""
 212 0029 00        		.string	""
 213 002a 00        		.string	""
 214 002b 00        		.string	""
 215 002c 00        		.string	""
 216 002d 00        		.string	""
 217 002e 00        		.string	""
 218 002f 00        		.string	""
 219 0030 EA00      		.string	"\352"
 220 0032 00        		.string	""
 221 0033 00        		.string	""
 222 0034 6372 6353 		.string	"crcStart"
 222      7461 7274 
 222      00
 223 003d 00        		.string	""
 224 003e 00        		.string	""
 225 003f 00        		.string	""
 226 0040 00        		.string	""
 227 0041 00        		.string	""
 228 0042 00        		.string	""
 229 0043 00        		.string	""
 230 0044 00        		.string	""
 231 0045 00        		.string	""
 232 0046 00        		.string	""
 233 0047 00        		.string	""
 234 0048 EF00      		.string	"\357"
 235 004a 00        		.string	""
 236 004b 00        		.string	""
 237 004c 6372 6353 		.string	"crcStop"
 237      746F 7000 
 238 0054 00        		.string	""
 239 0055 00        		.string	""
 240 0056 00        		.string	""
 241 0057 00        		.string	""
 242 0058 00        		.string	""
 243 0059 00        		.string	""
 244 005a 00        		.string	""
 245 005b 00        		.string	""
 246 005c 00        		.string	""
 247 005d 00        		.string	""
 248 005e 00        		.string	""
 249 005f FA00      		.string	"\372"
 250 0061 00        		.string	""
 251 0062 00        		.string	""
 252 0063 4352 4349 		.string	"CRCINIRES"
 252      4E49 5245 
 252      5300 
 253 006d 00        		.string	""
 254 006e 02        		.ascii	"\002"
 255 006f 00        		.string	""
 256 0070 00        		.string	""
 257 0071 00        		.string	""
 258 0072 00        		.string	""
GAS LISTING /tmp/ccvlZrA9.s 			page 16


 259 0073 00        		.string	""
 260 0074 00        		.string	""
 261 0075 00        		.string	""
 262 0076 00        		.string	""
 263 0077 00        		.string	""
 264 0078 1D01 00   		.string	"\035\001"
 265 007b 00        		.string	""
 266 007c 4352 4344 		.string	"CRCDI_L"
 266      495F 4C00 
 267 0084 00        		.string	""
 268 0085 02        		.ascii	"\002"
 269 0086 00        		.string	""
 270 0087 00        		.string	""
 271 0088 00        		.string	""
 272 0089 00        		.string	""
 273 008a 00        		.string	""
 274 008b 00        		.string	""
 275 008c 00        		.string	""
 276 008d 00        		.string	""
 277 008e 00        		.string	""
 278 008f 2201 00   		.string	"\"\001"
 279 0092 00        		.string	""
 280 0093 4352 4352 		.string	"CRCRESR_H"
 280      4553 525F 
 280      4800 
 281 009d 00        		.string	""
 282 009e 02        		.ascii	"\002"
 283 009f 00        		.string	""
 284 00a0 00        		.string	""
 285 00a1 00        		.string	""
 286 00a2 00        		.string	""
 287 00a3 00        		.string	""
 288 00a4 00        		.string	""
 289 00a5 00        		.string	""
 290 00a6 00        		.string	""
 291 00a7 00        		.string	""
 292 00a8 2401 00   		.string	"$\001"
 293 00ab 00        		.string	""
 294 00ac 4352 4352 		.string	"CRCRESR_L"
 294      4553 525F 
 294      4C00 
 295 00b6 00        		.string	""
 296 00b7 02        		.ascii	"\002"
 297 00b8 00        		.string	""
 298 00b9 00        		.string	""
 299 00ba 00        		.string	""
 300 00bb 00        		.string	""
 301 00bc 00        		.string	""
 302 00bd 00        		.string	""
 303 00be 00        		.string	""
 304 00bf 00        		.string	""
 305 00c0 00        		.string	""
 306 00c1 2601 00   		.string	"&\001"
 307 00c4 00        		.string	""
 308 00c5 4352 4352 		.string	"CRCRESR"
 308      4553 5200 
 309 00cd 00        		.string	""
GAS LISTING /tmp/ccvlZrA9.s 			page 17


 310 00ce 02        		.ascii	"\002"
 311 00cf 00        		.string	""
 312 00d0 00        		.string	""
 313 00d1 00        		.string	""
 314 00d2 00        		.string	""
 315 00d3 00        		.string	""
 316 00d4 00        		.string	""
 317 00d5 00        		.string	""
 318 00d6 00        		.string	""
 319 00d7 00        		.string	""
 320 00d8 2801 00   		.string	"(\001"
 321 00db 00        		.string	""
 322 00dc 6368 5379 		.string	"chSysHalt"
 322      7348 616C 
 322      7400 
 323 00e6 00        		.string	""
 324 00e7 02        		.ascii	"\002"
 325 00e8 00        		.string	""
 326 00e9 00        		.string	""
 327 00ea 00        		.string	""
 328 00eb 00        		.string	""
 329 00ec 00        		.string	""
 330 00ed 00        		.string	""
 331 00ee 00        		.string	""
 332 00ef 00        		.string	""
 333 00f0 00        		.string	""
 334 00f1 FF00      		.string	"\377"
 335 00f3 00        		.string	""
 336 00f4 00        		.string	""
 337               	.text
 338               		.section	.gnu.lto_.opts,"",@progbits
 339 0000 272D 666D 		.ascii	"'-fmath"
 339      6174 68
 340 0007 2D65 7272 		.string	"-errno' '-fsigned-zeros' '-ftrapping-math' '-fno-trapv' '-fno-openmp' '-fno-openacc' '-mm
 340      6E6F 2720 
 340      272D 6673 
 340      6967 6E65 
 340      642D 7A65 
 341               	.text
 342               		.section	.upper.bss,"aw",@nobits
 343               		.global	__gnu_lto_v1
 344               		.weak	__gnu_lto_v1
 345               	__gnu_lto_v1:
 346 0000 00        		.zero	1
 347               		.global	__gnu_lto_slim
 348               		.weak	__gnu_lto_slim
 349               	__gnu_lto_slim:
 350 0001 00        		.zero	1
 351               		.ident	"GCC: (SOMNIUM Technologies Limited - msp430-gcc 6.2.1.16) 6.2.1 20161212"
GAS LISTING /tmp/ccvlZrA9.s 			page 18


DEFINED SYMBOLS
                            *ABS*:0000000000000000 crc_x25.c
     /tmp/ccvlZrA9.s:345    .upper.bss:0000000000000000 __gnu_lto_v1
     /tmp/ccvlZrA9.s:349    .upper.bss:0000000000000001 __gnu_lto_slim

UNDEFINED SYMBOLS
__crt0_init_highbss
