GAS LISTING /tmp/ccVIiFTD.s 			page 1


   1               		.file	"hal.c"
   2               		.section	.gnu.lto_.profile.9ba6fc9c0723225,"",@progbits
   3 0000 789C 6365 		.string	"x\234ce`d`a`"
   3      6064 6061 
   3      6000 
   4 000a 92C1 5C00 		.string	"\222\301\\"
   5 000e 0126 00   		.string	"\001&"
   6 0011 69        		.ascii	"i"
   7               	.text
   8               		.section	.gnu.lto_.icf.9ba6fc9c0723225,"",@progbits
   9 0000 789C 6365 		.string	"x\234ce`d\340`@"
   9      6064 E060 
   9      4000 
  10 000a 4686 0BF3 		.string	"F\206\013\363\217\237bg"
  10      8F9F 6267 
  10      00
  11 0013 00        		.string	""
  12 0014 0ED1 0317 		.ascii	"\016\321\003\027"
  13               	.text
  14               		.section	.gnu.lto_.jmpfuncs.9ba6fc9c0723225,"",@progbits
  15 0000 789C 6365 		.string	"x\234ce`d\320b@"
  15      6064 D062 
  15      4000 
  16 000a 4638 8B89 		.string	"F8\213\211q:3c\363\257\375\237\371\352\3776H\314gfX\314\f\222_\316X\317\300\310\004d\001"
  16      713A 3363 
  16      F3AF FD9F 
  16      F9EA FF36 
  16      48CC 6766 
  17 002c B906 0894 		.ascii	"\271\006\b\224"
  18               	.text
  19               		.section	.gnu.lto_.inline.9ba6fc9c0723225,"",@progbits
  20 0000 789C 6365 		.string	"x\234ce`d\260c@"
  20      6064 B063 
  20      4000 
  21 000a 4606 069E 		.string	"F\006\006\236\313@\222\t\310f[ \317\004\026\343\302G0q\203t\201\231\f"
  21      CB40 9209 
  21      C866 5B20 
  21      CF04 16E3 
  21      C247 3071 
  22 0024 75AA 024A 		.ascii	"u\252\002J"
  23               	.text
  24               		.section	.gnu.lto_.pureconst.9ba6fc9c0723225,"",@progbits
  25 0000 789C 6365 		.string	"x\234ce`d`f`"
  25      6064 6066 
  25      6000 
  26 000a 9212 00   		.string	"\222\022"
  27 000d 00        		.string	""
  28 000e 7B00      		.string	"{"
  29 0010 23        		.ascii	"#"
  30               	.text
  31               		.section	.gnu.lto_halInit.9ba6fc9c0723225,"",@progbits
  32 0000 789C 75D1 		.ascii	"x\234u\321\317K\002A\024\007\360\367\335\361\307\026)\035:\030"
  32      CF4B 0241 
  32      1407 F0F7 
  32      DDF1 C716 
  32      291D 3A18 
  33 0014 06D5 D143 		.ascii	"\006\325\321C\372Gt\353\022T\377@yQ\n\202\374\003v\315B0\250"
GAS LISTING /tmp/ccVIiFTD.s 			page 2


  33      FA47 74EB 
  33      1254 FF40 
  33      7951 0A82 
  33      FC03 76CD 
  34 002b 2E56 06B1 		.ascii	".V\006\261[\021Z\246\246u\361\324\342\255KA\035;\025\321!\023"
  34      5B11 5AA6 
  34      A675 F1D4 
  34      E2AD 4B41 
  34      1D3B 15D1 
  35 0041 824E 156A 		.ascii	"\202N\025jo4\302\203\016\f3\373\336\2077og\354\004\362(D\343"
  35      6F34 C283 
  35      0E0C 33FB 
  35      DE87 376F 
  35      67EC 04F2 
  36 0058 44E4 E509 		.ascii	"D\344\345\tAP\266o\211\242\252\002\310\215\256\2024\005\032\266"
  36      4150 B66F 
  36      89A2 AA02 
  36      C88D AE82 
  36      3405 1AB6 
  37 006c C4AE 4025 		.ascii	"\304\256@%\376ZV|i\235\207\265\3731\254g,\030\202(\305S\016\244"
  37      FE5A 567C 
  37      699D 87B5 
  37      FB31 AC67 
  37      2C18 8228 
  38 0084 E123 66CF 		.ascii	"\341#f\317\305F\322\345\260\265\343\310\300\001^\013\367\260"
  38      C546 D2E5 
  38      B0B5 E3C8 
  38      C001 5E0B 
  38      F7B0 
  39 0096 F446 33AE 		.ascii	"\364F3\256[/Gx\230\352'JpZ\236\261!\024\271\212*b\346\217WzY"
  39      5B2F 4778 
  39      98EA 274A 
  39      705A 9EB1 
  39      2114 B98A 
  40 00b1 A45C 7E7F 		.ascii	"\244\\~\177tju]5\004R\202+\340\024\032\031l\253X3O\006\2728\221"
  40      746A 755D 
  40      3504 5282 
  40      2BE0 141A 
  40      196C AB58 
  41 00cb E22C E18C 		.ascii	"\342,\341\214\035'v\326+w\316Ma\b\033\344g\354\373\372\323\315"
  41      1D27 76D6 
  41      2B77 CE4D 
  41      6108 1BE4 
  41      67EC FBFA 
  42 00e1 CEC3 8163 		.ascii	"\316\303\201c\331\030\307n\366\263\213\006\016\242\203\206\260"
  42      D918 C76E 
  42      F6B3 8B06 
  42      0EA2 8386 
  42      B0
  43 00f2 E39C FF32 		.ascii	"\343\234\3772\213\221V\242\371V\312\3671\336\323\3651Y \007\003"
  43      8B91 56A2 
  43      F956 CAF7 
  43      31DE D3F5 
  43      3159 2007 
  44 0107 AD03 9187 		.ascii	"\255\003\221\207f\b\007\311^\017]\335{\345\342(\374\367\0323"
  44      6608 07C9 
  44      5E0F 5DDD 
GAS LISTING /tmp/ccVIiFTD.s 			page 3


  44      7BE5 E228 
  44      FCF7 1A33 
  45 011b 733D 9C8D 		.ascii	"s=\234\215\335E\207\253\271\273;;\273b\207\373\352\341\034\354"
  45      DD45 87AB 
  45      B9BB 3B3B 
  45      BB62 87FB 
  45      EAE1 1CEC 
  46 012f 4A1D EE69 		.ascii	"J\035\356i\250\273s\262\273\354p\365\036New\365\347jX5\323\311"
  46      A8BB 73B2 
  46      BBEC 70F5 
  46      1E4E 6577 
  46      F5E7 6A58 
  47 0146 F61D C891 		.ascii	"\366\035\310\221\340\027\3417\343\353\036\365\373\003\223\241"
  47      E017 E137 
  47      E3EB 1EF5 
  47      FB03 93A1 
  48 0156 F042 787A 		.ascii	"\360Bxzvbf.\260\034\t\204\346\227\002\221\225\240\\\375A\372"
  48      7662 662E 
  48      B01C 0984 
  48      E697 0291 
  48      95A0 5CFD 
  49 016c 0501 34B8 		.ascii	"\005\0014\270\027"
  49      17
  50               	.text
  51               		.section	.gnu.lto_.symbol_nodes.9ba6fc9c0723225,"",@progbits
  52 0000 789C 55C9 		.ascii	"x\234U\311\271\021\3020\020F\341'\311\362Q\005.\204\263\262U"
  52      B911 C230 
  52      1046 E127 
  52      C9F2 5105 
  52      2E84 B3B2 
  53 0015 E071 4C11 		.ascii	"\340qL\021\256\302\021\207H\251\301\3148\244\006\006\261\021"
  53      AEC2 1187 
  53      48A9 C1CC 
  53      38A4 0606 
  53      B111 
  54 0027 BBC9 37FF 		.ascii	"\273\3117\377\333\210c\241\234\337\n\234\237P\230\323\t\342\201"
  54      DB88 63A1 
  54      9CDF 0A9C 
  54      9F50 98D3 
  54      09E2 81
  55 003a BE74 F740 		.ascii	"\276t\367@\234> \245c\t\031\361&\334\221`\302\r\251L\270\"\321"
  55      9C3E 20A5 
  55      6309 19F1 
  55      26DC 9160 
  55      C20D A94C 
  56 0051 840B 529B 		.ascii	"\204\013R\233\260\227\306\354\235\264\377;\3201-\037\027h\311"
  56      B097 C6EC 
  56      9DB4 FF3B 
  56      D031 2D1F 
  56      1768 C9
  57 0064 6AC3 AAD6 		.ascii	"j\303\252\326\f\257\237\221I\255\310j`U=\303\370\336\360\005"
  57      0CAF 9F91 
  57      49AD C86A 
  57      6055 3DC3 
  57      F8DE F005 
  58 0078 F66C 3810 		.ascii	"\366l8\020"
  59               	.text
GAS LISTING /tmp/ccVIiFTD.s 			page 4


  60               		.section	.gnu.lto_.refs.9ba6fc9c0723225,"",@progbits
  61 0000 789C 6365 		.string	"x\234ce`d`c`"
  61      6064 6063 
  61      6000 
  62 000a 924C 8C4C 		.string	"\222L\214L\f"
  62      0C00 
  63 0010 00        		.string	""
  64 0011 B100      		.string	"\261"
  65 0013 13        		.ascii	"\023"
  66               	.text
  67               		.section	.gnu.lto_.decls.9ba6fc9c0723225,"",@progbits
  68 0000 789C AD56 		.ascii	"x\234\255VkL\024W\024\236\263\227\225e\005!b\214?l5\006\355\246"
  68      6B4C 1457 
  68      149E B397 
  68      9565 0521 
  68      628C 3F6C 
  69 0018 093B 620D 		.ascii	"\t;b\r\361G\177\2641i\323"
  69      F147 7FB4 
  69      3169 D3
  70 0023 A40F A3AD 		.string	"\244\017\243\255i\3224\033\036+l\263\262\033vH4\376\350@Q)\326g\265V|\027\255\250(T\004EE
  70      69D2 341B 
  70      1E2B 6CB3 
  70      B21B 7648 
  70      34FE E840 
  71 0124 3130 9DBD 		.string	"10\235\275\317\236\373h~3\21404Dp\240\240\267t0\214\017\320\371\226\301\274\217\314\3712\
  71      CF9E FB68 
  71      7E33 8C30 
  71      3444 70A0 
  71      A0B7 7430 
  72 0164 93E1 304C 		.string	"\223\3410L\026\340\030\230\250\330Q0\013P\204\203Gp\360w\252\346\366<\236X*\313\021P\002F
  72      16E0 1898 
  72      A8D8 5130 
  72      0B50 8483 
  72      4770 F077 
  73 020c 3798 34F0 		.ascii	"7\2304\360\037\201\340\302@\351g~\322\247\002\321\20754\257P"
  73      1F81 E0C2 
  73      40E9 677E 
  73      D2A7 02D1 
  73      8735 34AF 
  74 0221 F3CE F1E9 		.ascii	"\363\316\361\351\262\f\024%(\325\241\327z:\271N\226?\320\tp\020"
  74      B20C 1425 
  74      28D5 A1D7 
  74      7A3A B94E 
  74      963F D009 
  75 0237 C907 188F 		.ascii	"\311\007\030\217J!\006\312\261\340n\210\202shg\320\316\242]\200"
  75      4A21 06CA 
  75      B1E0 6E88 
  75      8273 6867 
  75      D0CE A25D 
  76 024c 28C6 E449 		.ascii	"(\306\344I\364\345M\252\226\345\274\251,\213\323\201Y\034\322"
  76      F4E5 4DAA 
  76      96E5 BCA9 
  76      2C8B D381 
  76      591C D2
  77 025f B2C0 E2BA 		.ascii	"\262\300\342\272\313O\2551\220\\\266"
  77      CB4F AD31 
  77      905C B6
GAS LISTING /tmp/ccVIiFTD.s 			page 5


  78 026a AF75 033B 		.string	"\257u\003;\266\255\b\007S$\317n o\f\356:\250Dr\205\326=\232\353\253S\204\213\230\331\233d
  78      B6AD 0807 
  78      5324 CF6E 
  78      206F 0CEE 
  78      3AA8 4472 
  79 036b BF03 33E6 		.string	"\277\0033\346\016\251\027"
  79      0EA9 1700 
  80 0373 1BC7 511D 		.ascii	"\033\307Q\035\273s \207\252\214a\bwu\212$\373S\236\340\247(\250"
  80      BB73 2087 
  80      AA8C 6108 
  80      7775 8A24 
  80      FB53 9EE0 
  81 038a 43FE 1A74 		.ascii	"C\376\032tL\247\376n\200J\304\031\035\005\370\247#\370\307\036"
  81      4CA7 FE6E 
  81      804A C419 
  81      1D05 F8A7 
  81      23F8 C71E 
  82 039e 99AB 92FF 		.ascii	"\231\253\222\377\310y\360\377E\002\265f\276\"\331k$\327\371\356"
  82      C879 F0FF 
  82      4502 B566 
  82      BE22 D96B 
  82      24D7 F9EE 
  83 03b2 AF2A A9BB 		.ascii	"\257*\251\273\017\223~\241\265\307\2635B\007\013'\016\177\254"
  83      0F93 7EA1 
  83      B5C7 B335 
  83      4207 0B27 
  83      0E7F AC
  84 03c5 02DC 8649 		.ascii	"\002\334\206Ix\217\017\342\304loN\237a\332.yW\253\354~\3320\265"
  84      788F 0FE2 
  84      C46C 6F4E 
  84      9F61 DA2E 
  84      7957 ABEC 
  85 03dd 13CB 8E27 		.ascii	"\023\313\216'\254\034DapK\333\r\370J\0377\241\031Sh\200i\264"
  85      AC1C 4461 
  85      704B DB0D 
  85      F84A 1F37 
  85      A119 5368 
  86 03f4 C547 FA5A 		.ascii	"\305G\372Z\364d\200\307\254\336R\230\021\204:\255\270\237\372"
  86      F464 80C7 
  86      ACDE 5298 
  86      1184 3AAD 
  86      B89F FA
  87 0407 5BE6 E414 		.ascii	"[\346\344\024n\224\263\214,\0304j*\215L\005_\232\230\302\325"
  87      6E94 B38C 
  87      2C18 346A 
  87      2A8D 4C05 
  87      5F9A 98C2 
  88 041c 8E3B CBC8 		.ascii	"\216;\313\310\036\302\004\372\032k\373C\025\201G\017L"
  88      1EC2 04FA 
  88      1A6B FB43 
  88      1581 470F 
  88      4C
  89 042d 79D9 72A6 		.string	"y\331r\246\236\321\357h\364;*\275\231\321\263\327]\3562\220s\234/w\234\332\252\362\033\00
  89      9ED1 EF68 
  89      F43B 2ABD 
  89      99D1 B3D7 
  89      5DEE 3290 
GAS LISTING /tmp/ccVIiFTD.s 			page 6


  90 052e 0FB8 80DF 		.ascii	"\017\270\200\337\341\371\200\352@\037L\247\377yU=/5\370\237\031"
  90      E1F9 80EA 
  90      401F 4CA7 
  90      FF79 553D 
  90      2F35 F89F 
  91 0543 34A6 7666 		.ascii	"4\246vf\364cE\224\350\375\354\330\350z\270O\016\367\307w\217"
  91      F463 4594 
  91      E8FD ECD8 
  91      E87A B84F 
  91      0EF7 C777 
  92 0558 C0FB 9433 		.ascii	"\300\373\2243\206>\365NG\252\024\037\344\262\332g\032>\376\374"
  92      863E F54E 
  92      47AA 141F 
  92      E4B2 DA67 
  92      1A3E FEFC 
  93 056c ABA9 7363 		.ascii	"\253\251scb\004\243\305\222fK\221bb-\322\267b\252\303!\211\222"
  93      6204 A3C5 
  93      9266 4B91 
  93      6262 2DD2 
  93      B762 AAC3 
  94 0583 2D5A 7238 		.ascii	"-Zr8\354.\321\031\227*\315\022\027\273\234\263\337\233\031\235"
  94      EC2E D119 
  94      972A CD12 
  94      17BB 9CB3 
  94      DF9B 199D 
  95 0597 9490 101D 		.ascii	"\224\220\020\035k\236e\2161#\324nKI[\022;[\235\263\332\027\211"
  95      6B9E 658E 
  95      3123 D46E 
  95      4B49 5B12 
  95      3B5B 9DB3 
  96 05ae B694 047B 		.ascii	"\266\224\004{Z\242U\\\034\227\220lK\261\212\226D\353\242\270"
  96      5AA2 555C 
  96      1C97 906C 
  96      4BB1 8A96 
  96      44EB A2B8 
  97 05c2 34BB 6491 		.ascii	"4\273d\221\226:\255.s\262`P\303\314\377?\302\270\226\272D\213"
  97      963A AD2E 
  97      73B2 6050 
  97      C3CC FF3F 
  97      C2B8 96BA 
  98 05d8 4B4A 444D 		.ascii	"KJDM\324&\251\326\024\222hK%\2164\211./&\326l\026\347&\333\342"
  98      D426 A9D6 
  98      1492 684B 
  98      258E 3489 
  98      2E2F 26D6 
  99 05f2 6D5F 2C88 		.ascii	"m_,\210\236\353H\221Rm\361\242\303%&\307\331EZ\003\227\370\331"
  99      9EEB 4891 
  99      526D F1A2 
  99      C325 26C7 
  99      D945 5A03 
 100 0609 8279 28F9 		.ascii	"\202y(\3715\035\2618\321\354\366D\324\231\300#-\261$9m\016\213"
 100      351D B138 
 100      D1EC F644 
 100      D499 C023 
 100      2DB1 2439 
 101 0620 CB2A A539 		.ascii	"\313*\2459-\022\253Z\034\273\177\0272\357\303OQo\221-)\030\231"
 101      2D12 AB5A 
GAS LISTING /tmp/ccVIiFTD.s 			page 7


 101      1CBB 7F17 
 101      32EF C34F 
 101      516F 912D 
 102 0637 9FA4 D8A4 		.ascii	"\237\244\330\244)~\221\346\177\251\006q\245&\320\2479A\030\343"
 102      297E 91E6 
 102      7FA9 0671 
 102      A526 D0A7 
 102      3941 18E3 
 103 064b 9228 6CC6 		.ascii	"\222(l\306+a\352jh\026.\272\220\220xG\\j\"%D\232E\2219b<\177"
 103      2B61 EA6A 
 103      6816 2EBA 
 103      9090 7847 
 103      5C6A 2225 
 104 0667 B212 62A9 		.ascii	"\262\022b\251\350\244\351\265j\024\211\214`\227\323F\t\357\274"
 104      E8A4 E9B5 
 104      6A14 898C 
 104      6097 D346 
 104      09EF BC
 105 067a 3EBC D346 		.ascii	">\274\323F\361\266Y\to\206G \305'9\2457\303#\020\361aj\261-6"
 105      F1B6 5909 
 105      6F86 4720 
 105      C527 39A5 
 105      37C3 2310 
 106 0694 6485 26FB 		.ascii	"d\205&\3739\263\376K\313x\273\306S1u\237%\260\266\374\r`[\342"
 106      39B3 FE4B 
 106      CB78 BBC6 
 106      5331 759F 
 106      25B0 B6FC 
 107 06ac 3E        		.ascii	">"
 108               	.text
 109               		.section	.gnu.lto_.symtab.9ba6fc9c0723225,"",@progbits
 110 0000 6861 6C49 		.string	"halInit"
 110      6E69 7400 
 111 0008 00        		.string	""
 112 0009 00        		.string	""
 113 000a 00        		.string	""
 114 000b 00        		.string	""
 115 000c 00        		.string	""
 116 000d 00        		.string	""
 117 000e 00        		.string	""
 118 000f 00        		.string	""
 119 0010 00        		.string	""
 120 0011 00        		.string	""
 121 0012 00        		.string	""
 122 0013 DA00      		.string	"\332"
 123 0015 00        		.string	""
 124 0016 00        		.string	""
 125 0017 7061 6C5F 		.string	"pal_default_config"
 125      6465 6661 
 125      756C 745F 
 125      636F 6E66 
 125      6967 00
 126 002a 00        		.string	""
 127 002b 02        		.ascii	"\002"
 128 002c 00        		.string	""
 129 002d 00        		.string	""
 130 002e 00        		.string	""
GAS LISTING /tmp/ccVIiFTD.s 			page 8


 131 002f 00        		.string	""
 132 0030 00        		.string	""
 133 0031 00        		.string	""
 134 0032 00        		.string	""
 135 0033 00        		.string	""
 136 0034 00        		.string	""
 137 0035 EE00      		.string	"\356"
 138 0037 00        		.string	""
 139 0038 00        		.string	""
 140 0039 7374 496E 		.string	"stInit"
 140      6974 00
 141 0040 00        		.string	""
 142 0041 02        		.ascii	"\002"
 143 0042 00        		.string	""
 144 0043 00        		.string	""
 145 0044 00        		.string	""
 146 0045 00        		.string	""
 147 0046 00        		.string	""
 148 0047 00        		.string	""
 149 0048 00        		.string	""
 150 0049 00        		.string	""
 151 004a 00        		.string	""
 152 004b DC00      		.string	"\334"
 153 004d 00        		.string	""
 154 004e 00        		.string	""
 155 004f 626F 6172 		.string	"boardInit"
 155      6449 6E69 
 155      7400 
 156 0059 00        		.string	""
 157 005a 02        		.ascii	"\002"
 158 005b 00        		.string	""
 159 005c 00        		.string	""
 160 005d 00        		.string	""
 161 005e 00        		.string	""
 162 005f 00        		.string	""
 163 0060 00        		.string	""
 164 0061 00        		.string	""
 165 0062 00        		.string	""
 166 0063 00        		.string	""
 167 0064 DE00      		.string	"\336"
 168 0066 00        		.string	""
 169 0067 00        		.string	""
 170 0068 7561 7274 		.string	"uartInit"
 170      496E 6974 
 170      00
 171 0071 00        		.string	""
 172 0072 02        		.ascii	"\002"
 173 0073 00        		.string	""
 174 0074 00        		.string	""
 175 0075 00        		.string	""
 176 0076 00        		.string	""
 177 0077 00        		.string	""
 178 0078 00        		.string	""
 179 0079 00        		.string	""
 180 007a 00        		.string	""
 181 007b 00        		.string	""
 182 007c E000      		.string	"\340"
GAS LISTING /tmp/ccVIiFTD.s 			page 9


 183 007e 00        		.string	""
 184 007f 00        		.string	""
 185 0080 7370 6949 		.string	"spiInit"
 185      6E69 7400 
 186 0088 00        		.string	""
 187 0089 02        		.ascii	"\002"
 188 008a 00        		.string	""
 189 008b 00        		.string	""
 190 008c 00        		.string	""
 191 008d 00        		.string	""
 192 008e 00        		.string	""
 193 008f 00        		.string	""
 194 0090 00        		.string	""
 195 0091 00        		.string	""
 196 0092 00        		.string	""
 197 0093 E200      		.string	"\342"
 198 0095 00        		.string	""
 199 0096 00        		.string	""
 200 0097 6932 6349 		.string	"i2cInit"
 200      6E69 7400 
 201 009f 00        		.string	""
 202 00a0 02        		.ascii	"\002"
 203 00a1 00        		.string	""
 204 00a2 00        		.string	""
 205 00a3 00        		.string	""
 206 00a4 00        		.string	""
 207 00a5 00        		.string	""
 208 00a6 00        		.string	""
 209 00a7 00        		.string	""
 210 00a8 00        		.string	""
 211 00a9 00        		.string	""
 212 00aa E400      		.string	"\344"
 213 00ac 00        		.string	""
 214 00ad 00        		.string	""
 215 00ae 6770 7449 		.string	"gptInit"
 215      6E69 7400 
 216 00b6 00        		.string	""
 217 00b7 02        		.ascii	"\002"
 218 00b8 00        		.string	""
 219 00b9 00        		.string	""
 220 00ba 00        		.string	""
 221 00bb 00        		.string	""
 222 00bc 00        		.string	""
 223 00bd 00        		.string	""
 224 00be 00        		.string	""
 225 00bf 00        		.string	""
 226 00c0 00        		.string	""
 227 00c1 E600      		.string	"\346"
 228 00c3 00        		.string	""
 229 00c4 00        		.string	""
 230 00c5 5F70 616C 		.string	"_pal_lld_init"
 230      5F6C 6C64 
 230      5F69 6E69 
 230      7400 
 231 00d3 00        		.string	""
 232 00d4 02        		.ascii	"\002"
 233 00d5 00        		.string	""
GAS LISTING /tmp/ccVIiFTD.s 			page 10


 234 00d6 00        		.string	""
 235 00d7 00        		.string	""
 236 00d8 00        		.string	""
 237 00d9 00        		.string	""
 238 00da 00        		.string	""
 239 00db 00        		.string	""
 240 00dc 00        		.string	""
 241 00dd 00        		.string	""
 242 00de EA00      		.string	"\352"
 243 00e0 00        		.string	""
 244 00e1 00        		.string	""
 245 00e2 6861 6C5F 		.string	"hal_lld_init"
 245      6C6C 645F 
 245      696E 6974 
 245      00
 246 00ef 00        		.string	""
 247 00f0 02        		.ascii	"\002"
 248 00f1 00        		.string	""
 249 00f2 00        		.string	""
 250 00f3 00        		.string	""
 251 00f4 00        		.string	""
 252 00f5 00        		.string	""
 253 00f6 00        		.string	""
 254 00f7 00        		.string	""
 255 00f8 00        		.string	""
 256 00f9 00        		.string	""
 257 00fa EC00      		.string	"\354"
 258 00fc 00        		.string	""
 259 00fd 00        		.string	""
 260               	.text
 261               		.section	.gnu.lto_.opts,"",@progbits
 262 0000 272D 666D 		.ascii	"'-fmath"
 262      6174 68
 263 0007 2D65 7272 		.string	"-errno' '-fsigned-zeros' '-ftrapping-math' '-fno-trapv' '-fno-openmp' '-fno-openacc' '-mm
 263      6E6F 2720 
 263      272D 6673 
 263      6967 6E65 
 263      642D 7A65 
 264               	.text
 265               		.section	.upper.bss,"aw",@nobits
 266               		.global	__gnu_lto_v1
 267               		.weak	__gnu_lto_v1
 268               	__gnu_lto_v1:
 269 0000 00        		.zero	1
 270               		.global	__gnu_lto_slim
 271               		.weak	__gnu_lto_slim
 272               	__gnu_lto_slim:
 273 0001 00        		.zero	1
 274               		.ident	"GCC: (SOMNIUM Technologies Limited - msp430-gcc 6.2.1.16) 6.2.1 20161212"
GAS LISTING /tmp/ccVIiFTD.s 			page 11


DEFINED SYMBOLS
                            *ABS*:0000000000000000 hal.c
     /tmp/ccVIiFTD.s:268    .upper.bss:0000000000000000 __gnu_lto_v1
     /tmp/ccVIiFTD.s:272    .upper.bss:0000000000000001 __gnu_lto_slim

UNDEFINED SYMBOLS
__crt0_init_highbss
