GAS LISTING /tmp/cc8f3ufZ.s 			page 1


   1               		.file	"hal_pal.c"
   2               		.section	.gnu.lto_.profile.b014df14bfa01011,"",@progbits
   3 0000 789C 6365 		.string	"x\234ce`d`a`"
   3      6064 6061 
   3      6000 
   4 000a 9211 8600 		.string	"\222\021\206"
   5 000e 0157 00   		.string	"\001W"
   6 0011 95        		.ascii	"\225"
   7               	.text
   8               		.section	.gnu.lto_.icf.b014df14bfa01011,"",@progbits
   9 0000 789C 6365 		.string	"x\234ce`dPc@"
   9      6064 5063 
   9      4000 
  10 000a 3686 6997 		.string	"6\206i\227\257_\344d\234\375h\3055\036\246\235\355\007Ns3\237\237\362\241\235\221\245s\30
  10      AF5F E464 
  10      9CFD 68C5 
  10      351E A69D 
  10      ED07 4E73 
  11 0033 00        		.string	""
  12 0034 62AE 11AC 		.ascii	"b\256\021\254"
  13               	.text
  14               		.section	.gnu.lto_.jmpfuncs.b014df14bfa01011,"",@progbits
  15 0000 789C 65CC 		.string	"x\234e\3141\016@`\024\003\340\366\025\243\331I%\246'q\b\243\341\037p\n\207\262I$\336\317 
  15      310E 4060 
  15      1403 E0F6 
  15      15A3 D949 
  15      25A6 2771 
  16 0055 FE42 1C3C 		.ascii	"\376B\034<"
  17               	.text
  18               		.section	.gnu.lto_.inline.b014df14bfa01011,"",@progbits
  19 0000 789C 6365 		.string	"x\234ce`d\260ed\200\003f\006\006\001\021F6\006\205\254\351\314\214\323Z\017\235g\357c\236
  19      6064 B065 
  19      6480 0366 
  19      0606 0111 
  19      4636 0685 
  20 0031 A5D7 2CFB 		.string	"\245\327,\373x\200\037$\315\302\310\317\270\202Q\206\331\200A \035\312P"
  20      7880 1F24 
  20      CDC2 C8CF 
  20      B882 5186 
  20      D980 4120 
  21 0049 9929 C0C8 		.string	"\231)\300\310\300l\300\312\271\302\215\201\363\206\031\023\003\313\002y\007\006\306%\354\
  21      C06C C0CA 
  21      B9C2 8D81 
  21      F386 1913 
  21      03CB 0279 
  22 009e 8F96 3067 		.ascii	"\217\2260g"
  23               	.text
  24               		.section	.gnu.lto_.pureconst.b014df14bfa01011,"",@progbits
  25 0000 789C 6365 		.string	"x\234ce`d`g```f\220b\222b\221\004"
  25      6064 6067 
  25      6060 6066 
  25      9062 9262 
  25      9104 00
  26 0013 01C2 00   		.string	"\001\302"
  27 0016 64        		.ascii	"d"
  28               	.text
  29               		.section	.gnu.lto_palReadBus.b014df14bfa01011,"",@progbits
GAS LISTING /tmp/cc8f3ufZ.s 			page 2


  30 0000 789C 9592 		.string	"x\234\225\222\313K\325Q\020\307g~\363{\335\207^\027-ZH\\\b\022\027\371\243\277\301h\033T\
  30      CB4B D551 
  30      10C7 677E 
  30      F37B DD87 
  30      5E17 2D5A 
  31 0062 7BF9 431B 		.string	"{\371C\033\3208\373\032\240\3265\f\363\262\005*L\213\317"
  31      D038 FB1A 
  31      A0D6 350C 
  31      F3B2 052A 
  31      4C8B CF00 
  32 0076 5494 0CF3 		.ascii	"T\224\f\363\235\307\2465\266\203-\023\255 \312B\224\037\345\""
  32      9DC7 A635 
  32      B683 2D13 
  32      AD20 CA42 
  32      941F E522 
  33 008a 240C 322D 		.ascii	"$\f2-L`3\265\022>]]\316\304\232\310'\346\2619\263\3702\035\021"
  33      4C60 33B5 
  33      123E 5D5D 
  33      CEC4 9AC8 
  33      27E6 B139 
  34 00a3 13B1 80CD 		.ascii	"\023\261\200\315\301\367S\263Nq\267RI\225i=ow6\276U\226O\006"
  34      C1F7 53B3 
  34      4E71 B752 
  34      4995 693D 
  34      6F77 36BE 
  35 00bb B473 F80D 		.ascii	"\264s\370\r,\304n,\224fnb1\007O\247\006/Q\2002\331\\z\325\361"
  35      2CC4 6E2C 
  35      9466 6E62 
  35      3107 4FA7 
  35      062F 5180 
  36 00d5 253F 40C5 		.ascii	"%?@\305\331\254\237nm \332\205\300\377\037\222_\317E\212\272"
  36      D9AC 9F6E 
  36      6D20 DA85 
  36      C0FF 1F92 
  36      5FCF 458A 
  37 00ea 34F6 490B 		.ascii	"4\366I\013\252m>\021\366\"\t\266\207\261\267\030\313.\300>,\222"
  37      AA6D 3E11 
  37      F622 09B6 
  37      87B1 B718 
  37      CB2E C03E 
  38 0100 F8CF 432B 		.ascii	"\370\317C+\027\362l\363*\013\300!\\\260\037m\344\215\035\003"
  38      17F2 6CF3 
  38      2A0B C021 
  38      5CB0 1F6D 
  38      E48D 1D03 
  39 0114 3398 512B 		.ascii	"3\230Q+\253'Uf\341\032\246\367E\r\224$\223\323M\233\027\313\341"
  39      AB27 5566 
  39      E11A A6F7 
  39      450D 9424 
  39      93D3 4D9B 
  40 012b C576 C50C 		.ascii	"\305v\305\f\311\022\0263\0022\00342J49\315\006\3574\217\251\271"
  40      C912 1633 
  40      0232 0334 
  40      324A 3439 
  40      CD06 EF34 
  41 0142 C94F 6DB6 		.ascii	"\311Om\266\320\323$j\\\254\237x\343\310\b\204\200\003zV\t'`\251"
  41      D0D3 246A 
GAS LISTING /tmp/cc8f3ufZ.s 			page 3


  41      5CAC 9F78 
  41      E3C8 0884 
  41      8003 7A56 
  42 015a 298B C9D1 		.ascii	")\213\311\321P\020+\343.O\2758\025\3651]\253\224\212\373\344"
  42      5010 2BE3 
  42      2E4F BD38 
  42      15F5 315D 
  42      AB94 8AFB 
  43 016f 3021 48E1 		.ascii	"0!H\341\263\256\371d\277\343\365\251\340\310\305A\364\261M\006"
  43      B3AE F964 
  43      BFE3 F5A9 
  43      E0C8 C541 
  43      F4B1 4D06 
  44 0183 011C 420F 		.string	"\001\034B\017\270\360l\351\006\251\367\372Rp%.\306px\275\252\ts{\350\007\246\342\022)\324
  44      B8F0 6CE9 
  44      06A9 F7FA 
  44      5270 252E 
  44      C670 78BD 
  45 0284 2A3F 51F3 		.ascii	"*?Q\363\037\017\2555\301"
  45      1F0F AD35 
  45      C1
  46               	.text
  47               		.section	.gnu.lto_palWriteBus.b014df14bfa01011,"",@progbits
  48 0000 789C 9592 		.ascii	"x\234\225\222\333KTQ\024\306\367w\366\231\373\225\350\241\007"
  48      DB4B 5451 
  48      14C6 F777 
  48      F699 FB95 
  48      E8A1 07
  49 0013 0921 480C 		.ascii	"\t!H\f\232\241\277\301\3505\350\362\034\352\213\222P4\365<\307"
  49      9AA1 BFC1 
  49      E835 E8F2 
  49      1CEA 8B92 
  49      5034 F53C 
  50 0028 71B4 50D2 		.ascii	"q\264P\322\242\362V\343\261B\315\274\333u\314t\032\013+\254P"
  50      A2F2 56E3 
  50      B142 CDBC 
  50      DB75 CC74 
  50      1A0B 2BAC 
  51 003d 82C2 7A2A 		.ascii	"\202\302z*\221\354\002J\201\0215\323Z\3738^\036g\303Y\347\254"
  51      91EC 024A 
  51      8111 35D3 
  51      5AFB 385E 
  51      1E67 C359 
  52 0053 75D6 FEAD 		.ascii	"u\326\376\255\265\277\265m\002\242C\027\"$\204\330O\017\354\002"
  52      B5BF B56D 
  52      02A2 4317 
  52      2224 84D8 
  52      4F0F EC02 
  53 0067 DA85 D742 		.ascii	"\332\205\327BT;5M\357\264\t\303-\227\237\013ax\245\246\277\r"
  53      543B 354D 
  53      EFB4 09C3 
  53      2D97 9F0B 
  53      6178 A5A6 
  54 007d 936B 1BDF 		.ascii	"\223k\033\337I\236\016\233\225e\003\370\303pBD5\251\333\020E"
  54      499E 0E9B 
  54      9565 03F8 
  54      C370 4244 
GAS LISTING /tmp/cc8f3ufZ.s 			page 4


  54      35A9 DB10 
  55 0092 936C 9148 		.ascii	"\223l\221H\237]Lj\305=\006\255T\313/{\235Q\273\303\224B\264\321"
  55      9F5D 4C6A 
  55      C53D 06AD 
  55      54CB 2F7B 
  55      9D51 BBC3 
  56 00aa C30B 3D28 		.ascii	"\303\013=(\246\254\331\370\3605\331(M\t\350\344\256\274j\377"
  56      A6AC D9F8 
  56      F035 D928 
  56      4D09 E8E4 
  56      AEBC 6AFF 
  57 00be EC67 5743 		.ascii	"\354gWC!\271\265\263-uR\356\206\240\357w\261\305\213\236\242"
  57      21B9 B5B3 
  57      2D75 52EE 
  57      86A0 EF77 
  57      B1C5 8B9E 
  58 00d3 2EC3 8819 		.ascii	".\303\210\031\251\231K0\266\233R\3426$\001\321\213\002\334B\201"
  58      A999 4B30 
  58      B69B 52E2 
  58      3624 01D1 
  58      8B02 DC42 
  59 00e8 A090 401F 		.ascii	"\240\220@\037\212(\375Yv5\025\260\300\032\271s\3133\t\217\005"
  59      8A28 FD59 
  59      7635 15B0 
  59      C01A B973 
  59      CB33 098F 
  60 00fd 0E92 9BC8 		.ascii	"\016\222\233\310\334\230\366\310=\n\334\321\271\332\347_\003"
  60      DC98 F6C8 
  60      3D0A DCD1 
  60      B9DA E75F 
  60      03
  61 010e 7F3C CA5C 		.ascii	"\177<\312\\\035\203\026w\200\270\375\212\253\013\f\241\210\323"
  61      1D83 1677 
  61      80B8 FD8A 
  61      AB0B 0CA1 
  61      88D3 
  62 0120 3F8D 64AE 		.ascii	"?\215d\256\370\354\372\315\334Y0\f;\350E\201\2419\244\214L\366"
  62      F8EC FACD 
  62      DC59 300C 
  62      3BE8 4581 
  62      A139 A48C 
  63 0136 2C35 D88D 		.ascii	",5\330\215\354\201m\032\270\031\235\266\333\354d\354\0162\016"
  63      EC81 6D1A 
  63      B819 9DB6 
  63      DBEC 64EC 
  63      0E32 0E
  64 0149 271B 17C7 		.ascii	"'\033\027\307\334l<l\274l|\340\022~\376\f\260\t\262\021\242\236"
  64      DC6C 3C6C 
  64      BC6C 7CE0 
  64      127E FE0C 
  64      B009 B211 
  65 015f 8AB0 C00D 		.ascii	"\212\260\300\rR\343\267\\@|~j\361\252\235\353&$\237\255\2716"
  65      52E3 B75C 
  65      407C 7E6A 
  65      F1AA 9DEB 
  65      2624 9FAD 
  66 0175 FDC6 C167 		.ascii	"\375\306\301g\223\020\030\241vy5\220\02447\271\204\330\230\313"
GAS LISTING /tmp/cc8f3ufZ.s 			page 5


  66      9310 18A1 
  66      7679 3590 
  66      1434 37B9 
  66      84D8 98CB 
  67 0189 CA65 8157 		.ascii	"\312e\201W\247_\236\363\232HT\323X\nM\351$\202\265\205\376u-"
  67      A75F 9EF3 
  67      9A48 54D3 
  67      580A 4DE9 
  67      2482 B585 
  68 01a0 C406 1DE1 		.ascii	"\304\006\035\341\001\303\372\345\302(L\264\252q\341\016\302\202"
  68      01C3 FAE5 
  68      C228 4CB4 
  68      AA71 E10E 
  68      C282 
  69 01b2 0ABF 2FD9 		.ascii	"\n\277/\331 \365w\257X\002\273\020\300\335\365\252\272\230\337"
  69      20F5 77AF 
  69      5802 BB10 
  69      C0DD F5AA 
  69      BA98 DF
  70 01c5 27BF 215E 		.ascii	"'\277!^\310\231LM&\277\177pD\377\031NS\272\333$+u\017Q\261\271"
  70      C899 4C4D 
  70      26BF 7F70 
  70      44FF 194E 
  70      53BA DB24 
  71 01df 6D8F 1A43 		.ascii	"m\217\032C\315\237\311\237~\312\243[\342aq9\366\242\275\3578"
  71      CD9F C99F 
  71      7ECA A35B 
  71      E261 7139 
  71      F6A2 BDEF 
  72 01f4 371B 34A5 		.ascii	"7\0334\245\027\017\350f\335_k5\373ut\320E\311\255\252U\017\036"
  72      170F E866 
  72      DD5F 6B35 
  72      FB75 74D0 
  72      45C9 ADAA 
  73 020b 52AB AA20 		.ascii	"R\253\252 \222\210\232\322\247Z\261)\275X\200\336\ti5n\317K\002"
  73      9288 9AD2 
  73      A75A B129 
  73      BD58 80DE 
  73      0969 356E 
  74 0222 3FC6 9404 		.ascii	"?\306\224\004`\t\036\221\004KH\347\304tl>\201_\235\340\372J["
  74      6009 1E91 
  74      044B 48E7 
  74      C474 6C3E 
  74      815F 9DE0 
  75 0239 9364 70BC 		.ascii	"\223dp\274\232w\007\250\034\306\327\300\227;\2764\006\bl\375"
  75      9A77 07A8 
  75      1CC6 D7C0 
  75      973B BE34 
  75      0608 6CFD 
  76 024d 0AE2 B102 		.ascii	"\n\342\261\002k\f\236P\340\365)9\363jQ\307\244\"\251\233\230"
  76      6B0C 9E50 
  76      E0F5 2939 
  76      F36A 51C7 
  76      A422 A99B 
  77 0262 DA4A 72E5 		.ascii	"\332Jr\3459\357'\033\363N+R\315r\035,\224;\301[]L\317\344b\036"
  77      39EF 271B 
  77      F34E 2B52 
GAS LISTING /tmp/cc8f3ufZ.s 			page 6


  77      CD72 1D2C 
  77      943B C15B 
  78 027c 0A73 D2DF 		.ascii	"\ns\322\337\\\300K\252PxK\314\2576\372\266\300\002*\314\260\232"
  78      5CC0 4BAA 
  78      5078 4BCC 
  78      AF36 FAB6 
  78      C002 2ACC 
  79 0292 DFB9 5850 		.ascii	"\337\271XPm\017\260\302\315\252\375<\365\234\332\320\363)\302"
  79      6D0F B0C2 
  79      CDAA FD3C 
  79      F59C DAD0 
  79      F329 C2
  80 02a5 C413 3F10 		.ascii	"\304\023?\020\353\314\236\267n\005\257z\032#\335\007J\331\025"
  80      EBCC 9EB7 
  80      6E05 AF7A 
  80      1A23 DD07 
  80      4AD9 15
  81 02b8 0A85 4B2A 		.ascii	"\n\205K**\313*\017\036\336{\350H\370D$\\QZ\025\216\234*\347\367"
  81      2ACB 2A0F 
  81      1EDE 7BE8 
  81      48F8 4424 
  81      5C51 5A15 
  82 02d1 B193 A555 		.ascii	"\261\223\245U\241r!\313\316D\364\262\312\323\221\377\364\224"
  82      A172 21CB 
  82      CE44 F4B2 
  82      CAD3 91FF 
  82      F494 
  83 02e3 7867      		.ascii	"xg"
  84               	.text
  85               		.section	.gnu.lto_palSetBusMode.b014df14bfa01011,"",@progbits
  86 0000 789C 9592 		.string	"x\234\225\222\333K\025Q\024\306\3677k.\347\346%\350\241\007\t!H\f:C\177\203A\217A\227\347
  86      DB4B 1551 
  86      14C6 F737 
  86      6B2E E7E6 
  86      25E8 A107 
  87 008c 15D3 4837 		.string	"\025\323H7\020C\0035\021\306k\347RZ~\207\303-\3354e%\234\232].\257\323\302\2174t \237U\22
  87      1043 0335 
  87      11C6 6BE7 
  87      525A 7E87 
  87      C32D DD34 
  88 010d 4F1C 17AE 		.ascii	"O\034\027\256\216^\237\333\303\334n\217\253+\364!O\344\237\006"
  88      8E5E 9FDB 
  88      C3DC 6E8F 
  88      AB2B F421 
  88      4FE4 9F06 
  89 0121 D6AE 6498 		.ascii	"\326\256d\230\372\215?{A?L\360\300\023}SH;k\353\265Nz5\211\017"
  89      FA8D 3F7B 
  89      413F 4CF0 
  89      C013 7D53 
  89      483B 6BEB 
  90 013b 8722 1AC4 		.ascii	"\207\"\032\304\214\316\277\033&w\246\305\235\025\2202(]\b\036"
  90      8CCE BF1B 
  90      2677 A6C5 
  90      9D15 9032 
  90      285D 081E 
  91 014f 53D5 3146 		.ascii	"S\3251F\"\254'MF\232E\365\314\343\217\327M!\267\221\270\277Z"
  91      22AC 274D 
GAS LISTING /tmp/cc8f3ufZ.s 			page 7


  91      469A 45F5 
  91      CCE3 8FD7 
  91      4D21 B791 
  92 0166 33FE DA12 		.ascii	"3\376\332\022\367\004\205\0016$\255\2367\313'C_\020\037\016\372"
  92      F704 8501 
  92      3624 AD9E 
  92      37CB 2743 
  92      5F10 1F0E 
  93 017b 5A89 70E5 		.ascii	"Z\211p\345\351\213\013\021\027m\225\034|\256K\001&\370\277\360"
  93      E98B 0B11 
  93      176D 951C 
  93      7CAE 4B01 
  93      26F8 BFF0 
  94 018f B7E4 6CBC 		.ascii	"\267\344l\274\327\262{\034\377S\020\203p\321\354\035\b\206`+"
  94      D7B2 7B1C 
  94      FF53 1083 
  94      70D1 EC1D 
  94      0886 602B 
  95 01a3 5EF8 6DC1 		.ascii	"^\370m\301&\251\373\346\222\037a\020Y\270\363wU]\315\034\240"
  95      26A9 FBE6 
  95      921F 6110 
  95      59B8 F377 
  95      555D CD1C 
  96 01b8 7954 E78A 		.ascii	"yT\347\212R\250\251\324\267wV\354\227\023p)\324B\222\305]\304"
  96      52A8 A9D4 
  96      B777 56EC 
  96      9713 7029 
  96      D442 92C5 
  97 01ce D456 DB61 		.ascii	"\324V\333a/\350\252\237c\313\231\254\343{\020\226\370d\356yk"
  97      2FE8 AA9F 
  97      63CB 99AC 
  97      E37B 1096 
  97      F864 EE79 
  98 01e3 D769 319B 		.ascii	"\327i1\233\355R\004\367\371\356\334\333\260\272\376u\2607\310"
  98      ED52 04F7 
  98      F9EE DCDB 
  98      B0BA FE75 
  98      B037 C8
  99 01f6 E266 CF6A 		.ascii	"\342f\317j\030\017\330\252\267 R\210\271\224\341Y1\274\274$\200"
  99      180F D8AA 
  99      B720 5288 
  99      B994 E159 
  99      31BC BC24 
 100 020b CE05 F28D 		.ascii	"\316\005\362\215\233\333\212 \023\303^\004\220\bF8\202-aZ\333"
 100      9BDB 8A20 
 100      13C3 5E04 
 100      9008 4638 
 100      822D 615A 
 101 0220 2265 61D4 		.ascii	"\"ea\324#iBz\370/)\260\315cy\264y,c\036\251j1\001\037\025d_\f"
 101      2369 427A 
 101      F82F 29B0 
 101      CD63 79B4 
 101      792C 631E 
 102 023d 54F3 48FC 		.ascii	"T\363H\374/\377\354\0261\2004\347\317Qx\362\220K;\324\002\342"
 102      2FFF EC16 
 102      3180 34E7 
 102      CF51 78F2 
GAS LISTING /tmp/cc8f3ufZ.s 			page 8


 102      904B 3BD4 
 103 0253 ED23 0D7E 		.ascii	"\355#\r~\200\322\352x\307\034\035k\367D\243vAIiQ\351\341\243"
 103      80D2 EA78 
 103      C71C 1D6B 
 103      F744 A376 
 103      4149 6951 
 104 026a FB8F 1CB3 		.ascii	"\373\217\034\263\313+\354\222\3022\273\342\\\261\214'\316\026"
 104      CB2B EC92 
 104      C232 BBE2 
 104      5CB1 8C27 
 104      CE16 
 105 027c 9645 8B15 		.ascii	"\226E\213\025\025\235\257\320\317\224\237<\365\033\270\3554\216"
 105      159D AFD0 
 105      CF94 9F3C 
 105      F51B B8ED 
 105      348E 
 106               	.text
 107               		.section	.gnu.lto_.symbol_nodes.b014df14bfa01011,"",@progbits
 108 0000 789C 6365 		.string	"x\234ce`d\230\310"
 108      6064 98C8 
 108      00
 109 0009 044C 36F5 		.string	"\004L6\365\f\f\023\31610"
 109      0C0C 13CE 
 109      3130 00
 110 0014 A95D 0D8E 		.string	"\251]\r\216\f\f\254\007\030\030\032\224\030\030\230\231l\353\031Qe\01620Bd\354\352\231Pe\
 110      0C0C AC07 
 110      1818 1A94 
 110      1818 9899 
 110      6CEB 1951 
 111 0062 4568 2199 		.ascii	"Eh!\231"
 112               	.text
 113               		.section	.gnu.lto_.refs.b014df14bfa01011,"",@progbits
 114 0000 789C 6365 		.string	"x\234ce`d\020``"
 114      6064 1060 
 114      6000 
 115 000a 924C 8C2C 		.string	"\222L\214,\214LL\314,\214,L\254,\f"
 115      8C4C 4CCC 
 115      2C8C 2C4C 
 115      AC2C 0C00 
 116 001a 02ED 00   		.string	"\002\355"
 117 001d 3B        		.ascii	";"
 118               	.text
 119               		.section	.gnu.lto_.decls.b014df14bfa01011,"",@progbits
 120 0000 789C AD58 		.string	"x\234\255XiP\024I\026\256\254\354\206\246\351\006\005u\r\027'\304e\034tWZ\324`\235\230\21
 120      6950 1449 
 120      16AE ACEC 
 120      86A6 E906 
 120      0575 0D17 
 121 0082 5183 1C03 		.string	"Q\203\034\003\251\003i\006\371\005\214\353A8q,"
 121      A903 6906 
 121      F905 8CEB 
 121      4138 712C 
 121      00
 122 0093 CE03 4166 		.string	"\316\003Af\203\204\200,\004\0013\334\"h\277\002\371\235\210\225\216/y\216\233"
 122      8384 802C 
 122      0401 33DC 
 122      2268 BF02 
GAS LISTING /tmp/cc8f3ufZ.s 			page 9


 122      F99D 8895 
 123 00ad AD1F C824 		.string	"\255\037\310$\220v\321\346thU\320\316\202v\262\350\343k\304|\037\005\231\013\347\236\3046
 123      9076 D1E6 
 123      7468 55D0 
 123      CE82 76B2 
 123      E8E3 6BC4 
 124 00e2 3011 DAEF 		.string	"0\021\332\357d\376\211o\302\301\235\177\022w\355\377\360? \363\037(\363\377\225\302\377r\
 124      64FE 896F 
 124      C2C1 9D7F 
 124      1277 EDFF 
 124      F03F 20F3 
 125 015e F057 8AB4 		.ascii	"\360W\212\264\360o\b@\305\240\002\372zgJ5b\266\274A=~/\273Q\264"
 125      F06F 0840 
 125      C5A0 02FA 
 125      7A67 4A35 
 125      62B6 BC41 
 126 0178 7583 0C5F 		.ascii	"u\203\f_\035\252\037\326a\036\301\271\252\274\363\342E\025\n"
 126      1DAA 1FD6 
 126      611E C1B9 
 126      AABC F3E2 
 126      4515 0A
 127 018b D606 20B0 		.ascii	"\326\006 \260\206\n\005vh8T\201\264\350 \302\022\177\352\332"
 127      860A 0576 
 127      6838 5481 
 127      B4E8 20C2 
 127      127F EADA 
 128 019f 9E27 E0A9 		.ascii	"\236'\340\251\034Z\020\200\346\005p\250\034\005\023\024x>\004"
 128      1C5A 1080 
 128      E605 70A8 
 128      1C05 1314 
 128      783E 04
 129 01b2 D756 82EB 		.ascii	"\327V\202\353m\002\201]F\264\233*\216\257\35198\315j|\327\241"
 129      6D02 815D 
 129      46B4 9B2A 
 129      8EAF E939 
 129      38CD 6A7C 
 130 01c8 F6DB 4423 		.ascii	"\366\333D#\020\204\031\024\203\016\300\205e4\204\303\310O\n\204"
 130      1084 1914 
 130      830E C085 
 130      6534 84C3 
 130      C84F 0A84 
 131 01dc A0FB 071F 		.ascii	"\240\373\007\037\247yjE\247i\037u\n\350S\017_,\223\233>\3621"
 131      A779 6A45 
 131      A769 1F75 
 131      0AE8 530F 
 131      5F2C 939B 
 132 01f3 D355 E7B7 		.ascii	"\323U\347\267n\361\326\255\027\204$1\225G\221\037*r\346\362\030"
 132      6EF1 D6AD 
 132      1784 2431 
 132      9547 911F 
 132      2A72 E6F2 
 133 0208 D291 7849 		.ascii	"\322\221xI\013\340\352\241\323\317y\267y?.\345\275\214\361\030"
 133      0BE0 EAA1 
 133      D3CF 79B7 
 133      793F 2EE5 
 133      BD8C F118 
 134 021c 79B4 B953 		.ascii	"y\264\271S\314;\2718\251\2663\323\227\345\275\233\f\037\353\337"
GAS LISTING /tmp/cc8f3ufZ.s 			page 10


 134      CC3B B938 
 134      A9B6 33D3 
 134      97E5 BD9B 
 134      0C1F EBDF 
 135 0230 F185 3203 		.ascii	"\361\2052\003\325`\254\212\032\253\2414\217K4\213j\266\234\326"
 135      D560 AC8A 
 135      1AAB A134 
 135      8F4B 348B 
 135      6AB6 9CD6 
 136 0244 2B83 728B 		.ascii	"+\203r\213>\334p\362\271\247<\250\332qA\325\211A\325Q^\005O\252"
 136      3EDC 70F2 
 136      B9A7 3CA8 
 136      DA71 41D5 
 136      8941 D551 
 137 025c 9BD5 8CA6 		.ascii	"\233\325\214\246\236T^j\347\240\267\333\030\033\244\030\353Y"
 137      9E54 5E6A 
 137      E7A0 B7DB 
 137      181B A418 
 137      EB59 
 138 026e 8CA3 B712 		.ascii	"\214\243\267\022\337\361\354b\037P\307\036w\026\210\265\345 "
 138      DFF1 EC62 
 138      1F50 C71E 
 138      7716 88B5 
 138      E520 
 139 0280 C395 E5E9 		.ascii	"\303\225\345\351E\276\312 \355`\255\221Z;"
 139      45BE CA20 
 139      ED60 AD91 
 139      5A3B 
 140 028e 4169 3748 		.string	"Ai7H\264G+\357\227\277\027\244[tu}\341}\255<\310\246qA6\213A6\323 \177\0329P\343\303xz\22
 140      B447 2BEF 
 140      97BF 17A4 
 140      5B74 757D 
 140      E17D AD3C 
 141 038f DAC3 877B 		.ascii	"\332\303\207{6\213\373\3404B\347\351\355\317\360>\006\034Nk\277"
 141      368B FBE0 
 141      3442 E7E9 
 141      EDCF F03E 
 141      061C 4E6B 
 142 03a4 A522 859A 		.ascii	"\245\"\205\232\374\177\005\fW\364\245\334\357\366f\306\246\202"
 142      FC7F 050C 
 142      57F4 A5DC 
 142      EFF6 66C6 
 142      A682 
 143 03b6 BAF1 F5AB 		.ascii	"\272\361\365\253\016\r.b\326~~"
 143      0E0D 2E62 
 143      D67E 7E
 144 03c1 B3BE CF8B 		.string	"\263\276\317\213\215M\001\265\342\346\323:O\\\306\306\244\335\327\217\355\276II\355g\275\
 144      8D4D 01B5 
 144      E2E6 D33A 
 144      4F5C C6C6 
 144      A4DD D78F 
 145 04c2 790D 320A 		.ascii	"y\r2\n\362\016\344-\310\317 c \203 /@\206A^\201\274\004\031\002"
 145      F20E E42D 
 145      C8CF 2063 
 145      2083 202F 
 145      4086 415E 
 146 04db 7983 82E8 		.ascii	"y\203\202\3502f|\232d|n)\371\334T\206\332/\013\365\211\022}J"
GAS LISTING /tmp/cc8f3ufZ.s 			page 11


 146      3266 7C9A 
 146      647C 6E29 
 146      F9DC 5486 
 146      DA2F 0BF5 
 147 04f3 89EE 9AE3 		.ascii	"\211\356\232\343B\377\244DW\275\227F\031\272G\211\276\247D\017"
 147      42FF A444 
 147      57BD 9746 
 147      19BA 4789 
 147      BEA7 440F 
 148 0507 CB        		.ascii	"\313"
 149 0508 983C 56A2 		.string	"\230<V\242\367+\321\355\262(\257+\321\327\336\343-C\367)\321W\337c\"\343}G\211\276\355B\2
 149      F72B D1ED 
 149      B228 AF2B 
 149      D1D7 DEE3 
 149      2D43 F729 
 150 0609 B49E 77DE 		.string	"\264\236w\336\031\373\346\017\256%\267\337\f^\213~p\3051\235\335\030\325i\367.]\325 \262\
 150      19FB E60F 
 150      AE25 B7DF 
 150      0C5E 8B7E 
 150      70C5 319D 
 151 06f9 391D 4EEE 		.string	"9\035N\356{<W\221\377\370\361q/\253H\232\242{\355u\243\032|\230N\021\032\270]\031\246\342
 151      7B3C 5791 
 151      FFF8 F171 
 151      2FAB 489A 
 151      A27B ED75 
 152 07a1 433B 5DE4 		.ascii	"C;]\344v\312\311\355\241\344F\357\364\366\363\270\217\221+\271"
 152      76CA C9ED 
 152      A1E4 46EF 
 152      F4F6 F3B8 
 152      8F91 2BB9 
 153 07b5 58FC 5685 		.ascii	"X\374V\205\337\262\242\316\311y\322\343\353n\213\330\307\273"
 153      DFB2 A2CE 
 153      C979 D2E3 
 153      EB6E 8BD8 
 153      C7BB 
 154 07c7 7F78 FE4D 		.ascii	"\177x\376M\025}x\336\013"
 154      157D 78DE 
 154      0B
 155 07d0 2BAC 807F 		.ascii	"+\254\200\177\377\341\371~W\225CM\243%\b\226\201\246\321\023"
 155      FFE1 F97E 
 155      5795 434D 
 155      A325 0896 
 155      81A6 D113 
 156 07e4 291A 6706 		.ascii	")\032g\006\nY\006\356\214\264<\365p\233\201\"\232\201\375R\006"
 156      0A59 06EE 
 156      8CB4 3CF5 
 156      709B 8122 
 156      9A81 FD52 
 157 07f9 B6A6 27B5 		.ascii	"\266\246'\265\312\246\347qs\266 hU\004\205\362]$\362\345\t(\246"
 157      CAA6 E771 
 157      73B6 2068 
 157      5504 85F2 
 157      5D24 F2E5 
 158 0810 09B0 3BF6 		.ascii	"\t\260;\366\346b\234\252\246\t\270\225\234u\304C\276\314\310"
 158      E662 9CAA 
 158      A609 B895 
 158      9C75 C443 
GAS LISTING /tmp/cc8f3ufZ.s 			page 12


 158      BECC C8
 159 0823 0B9D 6B99 		.ascii	"\013\235k\231\225\262eF\256\312\316\255\340)\341Rg=\265\335\273"
 159      95B2 6546 
 159      AECA CEAD 
 159      E029 E152 
 159      673D B5DD 
 160 0838 9E8E DCF2 		.ascii	"\236\216\334\362=@\371\226I|7\364m_\253\003\276\335$e\305\370"
 160      3D40 F996 
 160      497C 37F4 
 160      6D5F AB03 
 160      BEDD 2465 
 161 084e 6E67 7791 		.ascii	"ngw\221\260i\022\205\241\022\027\341\022\236}\302@\007)\331\347"
 161      B069 1285 
 161      A112 17E1 
 161      129E 7DC2 
 161      4007 29D9 
 162 0863 FB92 B37C 		.ascii	"\373\222\263|q%#\373\241D6_/\255\361t\226W\005K\344\266\202\376"
 162      7125 23FB 
 162      A144 365F 
 162      2FAD F174 
 162      9657 054B 
 163 087b EDAC 936C 		.ascii	"\355\254\223l\221\207Xg{a\343\t\215[\266\207)\333J\211mSS}\257"
 163      9187 5867 
 163      7B61 E309 
 163      8D5B B687 
 163      29DB 4A89 
 164 0894 97C4 B66E 		.ascii	"\227\304\266n\306\223\262D\373\267\024\204\312]\\\313%\256G("
 164      C693 B244 
 164      FBB7 1484 
 164      CA5D 5CCB 
 164      25AE 4728 
 165 08a8 D7F3 A98F 		.ascii	"\327\363\251\217\262t\201g\325\273a[;\no\302\344\265!\377A\016"
 165      B274 8167 
 165      D5BB 615B 
 165      3B0A 6FC2 
 165      E4B5 21FF 
 166 08be C61D 8CFE 		.ascii	"\306\035\214\376\236\213\257r\264\270\207)U\302\216+\372\317"
 166      9E8B AF72 
 166      B4B8 8729 
 166      55C2 8E2B 
 166      FACF 
 167 08d0 0B84 363B 		.ascii	"\013\2046;\235\276\364\336\024!q\rl\274\344\343\306qp\001+I\366"
 167      9DBE F4DE 
 167      1421 710D 
 167      6CBC E4E3 
 167      C671 7001 
 168 08e7 49E4 18F4 		.ascii	"I\344\030\364\034\345\003\341\201\223\377\234\004\235\224\235"
 168      1CE5 03E1 
 168      8193 FF9C 
 168      049D 949D 
 169 08f7 EB1D F894 		.ascii	"\353\035\370\224z\252e\236:\332\3223|\361\0203\336\322\336\220"
 169      7AAA 659E 
 169      3ADA D233 
 169      7CF1 1033 
 169      DED2 DE90 
 170 090b AF11 8DF7 		.ascii	"\257\021\215\367\37421\317\2368\203~` \206a\025\310?K@O51\\K"
 170      FC32 31CF 
GAS LISTING /tmp/cc8f3ufZ.s 			page 13


 170      9E38 837E 
 170      6020 8661 
 170      15C8 3F4B 
 171 0925 0DAF 3FDD 		.ascii	"\r\257?\335\275\031\007\256\361 \206\233\230\341\254\313\351"
 171      BD19 07AE 
 171      F120 869B 
 171      98E1 ACCB 
 171      E9
 172 0936 AF55 38DB 		.ascii	"\257U8\333\203\032\356>\230\265U%\032\356\372\214\031n\022\r"
 172      831A EE3E 
 172      98B5 5525 
 172      1AEE FA8C 
 172      196E 120D 
 173 094a 4375 C93E 		.ascii	"Cu\311>\005\324CO\0351\334@\r?\276\335\336\250\222\327\031\231"
 173      05D4 434F 
 173      1D31 DC40 
 173      0D3F BEDD 
 173      DEA8 92D7 
 174 0960 7657 9D35 		.ascii	"vW\2355\212\333y#\335\316\337\224f\367\216\3738rx\034\330.\202"
 174      8ADB 7923 
 174      DDCE DF94 
 174      66F7 8EFB 
 174      3872 781C 
 175 0977 49AB 8A88 		.ascii	"I\253\212\210\016\217W\255\n\267\376[\363\307\277\374m\306\222"
 175      0E8F 57AD 
 175      0AB7 FE5B 
 175      F3C7 BFFC 
 175      6DC6 92
 176 098a D050 4E6B 		.ascii	"\320PNk4&\230cm\241aF\333?\r\361\026\213\315`3\317\265Y,1VC\\"
 176      3426 9863 
 176      6DA1 6146 
 176      DB3F 0DF1 
 176      168B CD60 
 177 09a7 78BC 6DBE 		.ascii	"x\274m\276a\2255n\341\202ysWFD\314\r\013\231\037\022\032\002"
 177      6195 356E 
 177      E182 7973 
 177      5746 44CC 
 177      0D0B 991F 
 178 09be D018 736C 		.ascii	"\320\030sl\302\367a\013\2451SL\224\301\034\033\021\223\020i2"
 178      C2F7 610B 
 178      A531 534C 
 178      94C1 1C1B 
 178      1193 1069 
 179 09d3 AC0A 8F88 		.ascii	"\254\n\217\2106\307\232\f\306HSTxB\214\315h[\035g\262\206Ds\032"
 179      36C7 9A0C 
 179      C648 5354 
 179      7842 8CCD 
 179      685B 1D67 
 180 09ec C9CD B24F 		.ascii	"\311\315\262O\341\306\272\332j0Zm\221`\023l\353\314\2268K\274"
 180      E1C6 BADA 
 180      6A30 5A6D 
 180      9160 136C 
 180      EBCC 9638 
 181 0a02 8D04 66B4 		.ascii	"\215\004f\264\205\205\204\030\226D\233W\230\277Y>w\211%\326\026"
 181      8585 8418 
 181      9644 9B57 
 181      98BF 593E 
GAS LISTING /tmp/cc8f3ufZ.s 			page 14


 181      7789 25D6 
 182 0a17 6F5E 61B0 		.ascii	"o^a\260X\r\321\3411\006\002\262\032\226.\377\026\314\375\203"
 182      580D D1E1 
 182      3106 02B2 
 182      1A96 2EFF 
 182      16CC FD83 
 183 0a2b F418 E340 		.ascii	"\364\030\343@bb\"\301\206\007\0314G\362f\0236\233\254*\253)&"
 183      6262 22C1 
 183      8607 1934 
 183      47F2 6613 
 183      369B AC2A 
 184 0a42 C20B 8623 		.ascii	"\302\013\206#\301\305\312\205\316\263\005\316\263\371\316\263"
 184      C1C5 CA85 
 184      CEB3 05CE 
 184      B3F9 CEB3 
 185 0a52 5002 A67F 		.ascii	"P\002\246\177\363p\274)V#\365\343Hs<\266$\330xs,6G\255\234\312"
 185      F370 BC29 
 185      5623 F5E3 
 185      4873 3CB6 
 185      24D8 7873 
 186 0a6c C2F8 DEB8 		.ascii	"\302\370\336\2702\316l1\306\233V\232\2556S\274\325h\3232\366"
 186      32CE 6C31 
 186      C69B 569A 
 186      AD36 53BC 
 186      D568 D332 
 187 0a81 E648 A3CD 		.ascii	"\346H\243\315\303\022\025e5\331t$W\306\250p\253m\221\321\266"
 187      C312 1565 
 187      35D9 7424 
 187      57C6 A870 
 187      AB6D 91D1 
 188 0a96 F493 E44B 		.ascii	"\364\223\344KJ\325\027\262\354,\373\253\224\030\t&\246\004p\352"
 188      4AD5 17B2 
 188      EC2C FBAB 
 188      9418 0926 
 188      A604 70EA 
 189 0aaa 3F7F F3FB 		.ascii	"?\177\363\373\004\253\026\224e\246\360H8\375\325\007/\264\306"
 189      04AB 1694 
 189      65A6 F048 
 189      38FD D507 
 189      2FB4 C6
 190 0abd 4738 2F8A 		.ascii	"G8/\212\340\274\241\371{\274\331f\002\274\036\316\227\233lp\266"
 190      E0BC A1F9 
 190      7BBC D966 
 190      02BC 1ECE 
 190      979B 6C70 
 191 0ad2 D412 69D2 		.ascii	"\324\022i\322\230-\253\2401\332\274\"\242\227\257\266\376)<\306"
 191      982D ABA0 
 191      31DA BC22 
 191      A297 AFB6 
 191      FE29 3CC6 
 192 0ae6 36F3 3D83 		.ascii	"6\363=\203\261f\027\223\210h 1Y\232\037#$ee\274%!\216\030\361"
 192      B166 1793 
 192      8868 2031 
 192      599A 1F23 
 192      2465 65BC 
 193 0aff 7691 E2F4 		.ascii	"v\221\342\364FcTBl\204\321\030\262 \354\3130\215\244\351dD\344"
 193      4663 5442 
GAS LISTING /tmp/cc8f3ufZ.s 			page 15


 193      6C84 D118 
 193      B220 ECCB 
 193      308D A4E9 
 194 0b16 98DF CE0B 		.ascii	"\230\337\316\013\365\031\307k\374`\330\177\001\227\244\240\343"
 194      F519 C76B 
 194      FC60 D87F 
 194      0197 A4A0 
 194      E3
 195               	.text
 196               		.section	.gnu.lto_.symtab.b014df14bfa01011,"",@progbits
 197 0000 7061 6C52 		.string	"palReadBus"
 197      6561 6442 
 197      7573 00
 198 000b 00        		.string	""
 199 000c 00        		.string	""
 200 000d 00        		.string	""
 201 000e 00        		.string	""
 202 000f 00        		.string	""
 203 0010 00        		.string	""
 204 0011 00        		.string	""
 205 0012 00        		.string	""
 206 0013 00        		.string	""
 207 0014 00        		.string	""
 208 0015 00        		.string	""
 209 0016 1C01 00   		.string	"\034\001"
 210 0019 00        		.string	""
 211 001a 7061 6C57 		.string	"palWriteBus"
 211      7269 7465 
 211      4275 7300 
 212 0026 00        		.string	""
 213 0027 00        		.string	""
 214 0028 00        		.string	""
 215 0029 00        		.string	""
 216 002a 00        		.string	""
 217 002b 00        		.string	""
 218 002c 00        		.string	""
 219 002d 00        		.string	""
 220 002e 00        		.string	""
 221 002f 00        		.string	""
 222 0030 00        		.string	""
 223 0031 2101 00   		.string	"!\001"
 224 0034 00        		.string	""
 225 0035 7061 6C53 		.string	"palSetBusMode"
 225      6574 4275 
 225      734D 6F64 
 225      6500 
 226 0043 00        		.string	""
 227 0044 00        		.string	""
 228 0045 00        		.string	""
 229 0046 00        		.string	""
 230 0047 00        		.string	""
 231 0048 00        		.string	""
 232 0049 00        		.string	""
 233 004a 00        		.string	""
 234 004b 00        		.string	""
 235 004c 00        		.string	""
 236 004d 00        		.string	""
GAS LISTING /tmp/cc8f3ufZ.s 			page 16


 237 004e 2901 00   		.string	")\001"
 238 0051 00        		.string	""
 239 0052 6368 5379 		.string	"chSysHalt"
 239      7348 616C 
 239      7400 
 240 005c 00        		.string	""
 241 005d 02        		.ascii	"\002"
 242 005e 00        		.string	""
 243 005f 00        		.string	""
 244 0060 00        		.string	""
 245 0061 00        		.string	""
 246 0062 00        		.string	""
 247 0063 00        		.string	""
 248 0064 00        		.string	""
 249 0065 00        		.string	""
 250 0066 00        		.string	""
 251 0067 2E01 00   		.string	".\001"
 252 006a 00        		.string	""
 253 006b 5F70 616C 		.string	"_pal_lld_setgroupmode"
 253      5F6C 6C64 
 253      5F73 6574 
 253      6772 6F75 
 253      706D 6F64 
 254 0081 00        		.string	""
 255 0082 02        		.ascii	"\002"
 256 0083 00        		.string	""
 257 0084 00        		.string	""
 258 0085 00        		.string	""
 259 0086 00        		.string	""
 260 0087 00        		.string	""
 261 0088 00        		.string	""
 262 0089 00        		.string	""
 263 008a 00        		.string	""
 264 008b 00        		.string	""
 265 008c 3401 00   		.string	"4\001"
 266 008f 00        		.string	""
 267               	.text
 268               		.section	.gnu.lto_.opts,"",@progbits
 269 0000 272D 666D 		.ascii	"'-fmath"
 269      6174 68
 270 0007 2D65 7272 		.string	"-errno' '-fsigned-zeros' '-ftrapping-math' '-fno-trapv' '-fno-openmp' '-fno-openacc' '-mm
 270      6E6F 2720 
 270      272D 6673 
 270      6967 6E65 
 270      642D 7A65 
 271               	.text
 272               		.section	.upper.bss,"aw",@nobits
 273               		.global	__gnu_lto_v1
 274               		.weak	__gnu_lto_v1
 275               	__gnu_lto_v1:
 276 0000 00        		.zero	1
 277               		.global	__gnu_lto_slim
 278               		.weak	__gnu_lto_slim
 279               	__gnu_lto_slim:
 280 0001 00        		.zero	1
 281               		.ident	"GCC: (SOMNIUM Technologies Limited - msp430-gcc 6.2.1.16) 6.2.1 20161212"
GAS LISTING /tmp/cc8f3ufZ.s 			page 17


DEFINED SYMBOLS
                            *ABS*:0000000000000000 hal_pal.c
     /tmp/cc8f3ufZ.s:275    .upper.bss:0000000000000000 __gnu_lto_v1
     /tmp/cc8f3ufZ.s:279    .upper.bss:0000000000000001 __gnu_lto_slim

UNDEFINED SYMBOLS
__crt0_init_highbss
