GAS LISTING /tmp/ccGiFuXe.s 			page 1


   1               		.file	"hal_dma_lld.c"
   2               		.section	.gnu.lto_.profile.b0bf75358b4c6142,"",@progbits
   3 0000 789C 6365 		.string	"x\234ce`d`c`"
   3      6064 6063 
   3      6000 
   4 000a 92BF 99B6 		.string	"\222\277\231\2663\002"
   4      3302 00
   5 0011 0603 01C3 		.ascii	"\006\003\001\303"
   6               	.text
   7               		.section	.gnu.lto_.icf.b0bf75358b4c6142,"",@progbits
   8 0000 789C 6365 		.string	"x\234ce`d\310a@"
   8      6064 C861 
   8      4000 
   9 000a 2186 657B 		.string	"!\206e{N\237\340f\004\223Lw\237-\225b\351~\361\253\221\233\365\314\327K\2339\330^\235X\26
   9      4E9F E066 
   9      0493 4C77 
   9      9F2D 9562 
   9      E97E F1AB 
  10 007b DA9D 3709 		.ascii	"\332\2357\t"
  11               	.text
  12               		.section	.gnu.lto_.jmpfuncs.b0bf75358b4c6142,"",@progbits
  13 0000 789C 6D8F 		.string	"x\234m\2171O\3030\020\205\357\371\234\004\t\222\006\304\300\300_@\371yU'\247B];0"
  13      314F C330 
  13      1085 EFF9 
  13      9C04 0992 
  13      06C4 C0C0 
  14 0020 131E 8C04 		.string	"\023\036\214\004\264\320\275\023R\377@\307\fl\314ll\225\220zgG\225\032a\311\216\342{~\357
  14      B4D0 BD13 
  14      52FF 40C7 
  14      0C6C CC6C 
  14      6C95 907A 
  15 004b 3B67 21CB 		.ascii	";g!\313\342\201\321M\273o47\236)0=\262J\345\366\351\356\271\035"
  15      E281 D14D 
  15      BB6F 3437 
  15      9E29 303D 
  15      B24A E5F6 
  16 0063 B9BF F6C4 		.ascii	"\271\277\366\3043\360\202F\336\276\302\021\f\231\211Jr=\254Z"
  16      33F0 8246 
  16      DEBE C211 
  16      0C99 894A 
  16      723D AC5A 
  17 0077 8AF8 7EB6 		.ascii	"\212\370~\266\331\026s\366l@x\303\265\244\310\304\325\247Dg\022"
  17      D916 73F6 
  17      6C40 78C3 
  17      B5A4 C8C4 
  17      D5A7 4467 
  18 008c E3A2 2E0D 		.ascii	"\343\242.\rJ\215\2073f\242h\362Q\246\252gJ\227\275\322\250\363"
  18      4A8D 8733 
  18      66A2 68F2 
  18      51A6 AA67 
  18      4A97 BDD2 
  19 00a2 EDEE F3B7 		.ascii	"\355\356\363\267\022\214+\317\034X\246X\b\005\325\375\203\324"
  19      128C 2BCF 
  19      1C58 A658 
  19      0805 D5FD 
  19      83D4 
  20 00b4 EC3C 7A82 		.ascii	"\354<z\202lBK.t\241\311\312\021[\256\327?_E\352c\203\226\304"
GAS LISTING /tmp/ccGiFuXe.s 			page 2


  20      6C42 4B2E 
  20      74A1 C9CA 
  20      115B AED7 
  20      3F5F 45EA 
  21 00cc 32D5 39E2 		.ascii	"2\3259\342\317\204\377\375\277\360<\260X\341C\303\351r\320i("
  21      CF84 FFFD 
  21      BFF0 3CB0 
  21      58E1 43C3 
  21      E972 D069 
  22 00e1 2E02 4B02 		.ascii	".\002K\002VQ\274\007\361\216F\002"
  22      5651 BC07 
  22      F18E 4602 
  23               	.text
  24               		.section	.gnu.lto_.inline.b0bf75358b4c6142,"",@progbits
  25 0000 789C 6D91 		.string	"x\234m\221\277N\002A\020\306\277\331]`\371sp(*\005\t'1\321F[;\037\341\036\300\304Z\205\03
  25      BF4E 0241 
  25      10C6 BFD9 
  25      5D60 F973 
  25      7028 2A05 
  26 003e 9CD9 3B4E 		.ascii	"\234\331;N\f^1;7\263\363\233\231o3 \234*\244\237\007d\fA\231"
  26      0C5E 313B 
  26      37B3 F39B 
  26      996F 3320 
  26      9C2A A49F 
  27 0057 4113 D941 		.ascii	"A\023\331A\323eh1\244P\366H\301\022g\305\030"
  27      D365 6831 
  27      A450 F648 
  27      C112 67C5 
  27      18
  28 0068 FBBC 1727 		.string	"\373\274\027'K\037\007\006jR)\3115\203\\\205+\331\233\025\032O\212\2430\213\365\r\366\266
  28      4B1F 0706 
  28      6A52 29C9 
  28      3583 5C85 
  28      2BD9 9B15 
  29 0169 7628 4E68 		.ascii	"v(Nh"
  30               	.text
  31               		.section	.gnu.lto_.pureconst.b0bf75358b4c6142,"",@progbits
  32 0000 789C 6365 		.string	"x\234ce`d\220e``\340e\330\305\310\270\213\221I\212E\202M\212[\212G\212W\202OJ@JPBHJD\n"
  32      6064 9065 
  32      6060 E065 
  32      D8C5 C8B8 
  32      8B91 498A 
  33 0029 3C51 0345 		.ascii	"<Q\003E"
  34               	.text
  35               		.section	.gnu.lto_port_lock.b0bf75358b4c6142,"",@progbits
  36 0000 789C 6365 		.string	"x\234ce`d\230\307\300\300\340\016\304\322@\314\310\314\300\3104\341\034\003C#\007\023##\2
  36      6064 98C7 
  36      C0C0 E00E 
  36      C4D2 40CC 
  36      C8CC C0C8 
  37 009e 0D60 0469 		.string	"\r`\004i\004\032e\242\247\247\357\234\221\231\224\351\037\254\353\234\237WR\224\231\244\2
  37      041A 65A2 
  37      A7A7 EF9C 
  37      9199 94E9 
  37      1FAC EB9C 
  38 00e9 00        		.string	""
  39 00ea 124B E8   		.ascii	"\022K\350"
GAS LISTING /tmp/ccGiFuXe.s 			page 3


  40               	.text
  41               		.section	.gnu.lto_port_unlock.b0bf75358b4c6142,"",@progbits
  42 0000 789C 6365 		.string	"x\234ce`d\230\307\300\300\340\013\304\322@\314\310\314\300\3104\341\034\003C#\007\023##\2
  42      6064 98C7 
  42      C0C0 E00B 
  42      C4D2 40CC 
  42      C8CC C0C8 
  43 009e 0D60 0469 		.string	"\r`\004i\004\032e\242\247\247\357\234\221\231\224\351\037\254\353\234\237WR\224\231\244\2
  43      041A 65A2 
  43      A7A7 EF9C 
  43      9199 94E9 
  43      1FAC EB9C 
  44 00ed FD43 4C8D 		.ascii	"\375CL\215"
  45               	.text
  46               		.section	.gnu.lto_dma_trigger_set.b0bf75358b4c6142,"",@progbits
  47 0000 789C 7D53 		.ascii	"x\234}SKHTQ\030>\377=s\347\336y\350\210m\202f\341F\304E\216`"
  47      4B48 5451 
  47      183E FF3D 
  47      73E7 DE79 
  47      E888 6D82 
  48 001b 05AD 5A18 		.ascii	"\005\255Z\030\005A\024\270i'\276\320\201IC]\264\233\343\214\316"
  48      0541 14B8 
  48      6927 BED0 
  48      8149 435D 
  48      B49B E38C 
  49 0030 A83D 8C22 		.ascii	"\250=\214\"Eq\270\202\305\344"
  49      4571 B882 
  49      C5E4 
  50 003a A39C 29AD 		.string	"\243\234)\255&\213.B\032bJ\021\265p\247=\230\320\036\"\031\222\332\377\3373\205\021t\341\
  50      268B 2E42 
  50      1A62 4A11 
  50      B570 A73D 
  50      98D0 1E22 
  51 013b 1A44 C1D6 		.ascii	"\032D\301\326T\216\301n\243\2402\"k\270\324t\f\272\203\202\023"
  51      548E C16E 
  51      A3A0 3222 
  51      6BB8 D474 
  51      0CBA 8382 
  52 0150 83C3 45C1 		.ascii	"\203\303E\301\r4D\026\201\331\024<\004\346P\310\245<\214ub]:"
  52      0D34 4416 
  52      81D9 143C 
  52      04E6 50C8 
  52      A53C 8C75 
  53 0167 880B 5CA1 		.ascii	"\210\013\\\241/OC8\021Y]\250\244Vb\\\211q\300F\237\355l\230\036"
  53      2F4F 4338 
  53      1159 5DA8 
  53      A456 625C 
  53      8971 C046 
  54 0180 9A58 0505 		.ascii	"\232X\005\005\2228@\032BkQ\220\034\2164\004\302}\221^\217Dl\b"
  54      9238 401A 
  54      426B 5190 
  54      1C8E 3404 
  54      C27D 915E 
  55 0198 EE56 D951 		.ascii	"\356V\331Qu\327R\205\373#i.I*2\272\333\246\0264b8-\367R\251\225"
  55      75D7 5285 
  55      FB23 692E 
  55      492A 32BA 
GAS LISTING /tmp/ccGiFuXe.s 			page 4


  55      DBA6 1634 
  56 01b3 452D B825 		.ascii	"E-\270%t\004\006\271\364h\245ui\336e@\254E\200\301]0\216W\345"
  56      7404 06B9 
  56      F468 A575 
  56      69DE 6540 
  56      AC45 80C1 
  57 01cc 1E39 883F 		.ascii	"\0369\210?]5\027\333\211\336.\304\300\246BI&\300 \373\356C\020"
  57      5D35 17DB 
  57      89DE 2EC4 
  57      C0A6 4249 
  57      26C0 20FB 
  58 01e3 9BA0 2637 		.ascii	"\233\240&7;\267\272\354\262\236\266\273\236\315\252\26713\333"
  58      3BB7 BAEC 
  58      B29E B6BB 
  58      9ECD AAB7 
  58      3133 DB
  59 01f6 EEB6 720B 		.ascii	"\356\266r\013\201\307\344\306\246\340\001%\207\207\224\b\333"
  59      81C7 E4C6 
  59      A6E0 0125 
  59      8787 9408 
  59      DB
  60 0207 FD69 6731 		.ascii	"\375ig1\236+M\230\210\316%\235$\306s\200\324o\023z\0352\275\216"
  60      9E2B 4D98 
  60      88CE 259D 
  60      24C6 7380 
  60      D46F 137A 
  61 021f 3CE9 4287 		.ascii	"<\351B\207&\021\007\202(\353\233\\\237UI\246\203\016\217\244"
  61      2611 0782 
  61      28EB 9B5C 
  61      9F55 49A6 
  61      830E 8FA4 
  62 0233 0B6B 9121 		.ascii	"\013k\221!U\222\234\310\270\366\344\313s\353>9@ls\230\004/\212"
  62      5592 9CC8 
  62      B8F6 E4CB 
  62      73EB 3E39 
  62      406C 7398 
  63 024a ADEA 918E 		.ascii	"\255\352\221\216\214Y.\354\037\311\262\344\245\344h\306\372\254"
  63      8C59 2EEC 
  63      1FC9 B2E4 
  63      A5E4 68C6 
  63      FAAC 
  64 025c 1877 13F1 		.ascii	"\030w\023\361k$\003d[\230\343\257\363\361 L\244\037\177\262\345"
  64      6B24 0364 
  64      5B98 E3AF 
  64      F3F1 204C 
  64      A41F 7FB2 
  65 0271 5809 3DC4 		.ascii	"X\t=\304\352\266\332\377\257\027\217\321\013\324\260U\b\r\340"
  65      EAB6 DAFF 
  65      AF17 8FD1 
  65      0BD4 B055 
  65      080D E0
  66 0284 3524 BE75 		.ascii	"5$\276u\201;\361\037\2027Fa\354PQ\221\257\264\316_\351?U\266"
  66      813B F11F 
  66      8237 4661 
  66      EC50 5191 
  66      AFB4 CE5F 
  67 029c BFB4 A1BE 		.ascii	"\277\264\241\276\271\321_\351kh\362\325U\004|\347\032\032\233"
GAS LISTING /tmp/ccGiFuXe.s 			page 5


  67      B9D1 5FE9 
  67      6B68 F2D5 
  67      5504 7CE7 
  67      1A1A 9B
  68 02af 9B7C 27CB 		.ascii	"\233|'\313N\037()>CHy\365\331\212\362@\240\272\250\212\251\376"
  68      4E1F 2829 
  68      3E43 4879 
  68      F5D9 8AF2 
  68      40A0 BAA8 
  69 02c6 FAEA 9AF3 		.ascii	"\372\352\232\363\032\322kkk\032yUs\340\027\353n;\033"
  69      1AD2 6B6B 
  69      6B1A 7955 
  69      73E0 17EB 
  69      6E3B 1B
  70               	.text
  71               		.section	.gnu.lto_dmaAcquireTimeoutS.part.0.b0bf75358b4c6142,"",@progbits
  72 0000 789C 6592 		.ascii	"x\234e\222MHTQ\024\307\357\377\235\347\314\350\320$\322\302\205"
  72      4D48 5451 
  72      14C7 EFFF 
  72      9DE7 CCE8 
  72      D024 D2C2 
  73 0015 0B37 83B9 		.ascii	"\0137\203\271p&(\372X\206\253\026Qd\213v\342\027\314\3048\023"
  73      7026 28FA 
  73      5886 AB16 
  73      5164 8B76 
  73      E217 CCC4 
  74 002b CEB8 9E3B 		.ascii	"\316\270\236;\346\220:\244\006\231)\rO\220p\2521?\372Pk\220\301"
  74      E690 3AA4 
  74      0699 290D 
  74      4F90 70AA 
  74      313F FA50 
  75 0042 3482 B44C 		.ascii	"4\202\264L\250M*Q\030Q\006\032\205-\374\350\334\367H\214\036"
  75      A84D 2A51 
  75      1851 061A 
  75      852D FCE8 
  75      DCF7 488C 
  76 0057 BC77 EFB9 		.ascii	"\274w\357\271\367\374\177\347\177\356}9\002bJ\023\242Q\bQ\306"
  76      F7FC 7FE7 
  76      7FEE 7D39 
  76      0262 4A13 
  76      A251 0851 
  77 006c 2F72 04F4 		.ascii	"/r\004\364\316W<\321\241\231\243\006Rc\314A\200\232H\007DT\327"
  77      CE57 3CD1 
  77      A199 A306 
  77      5263 CC41 
  77      809A 4807 
  78 0083 0851 7450 		.ascii	"\bQtP7\341M\363\360-j'\203X\302\341\372fr,W\205\300\001\016c"
  78      37E1 4DF3 
  78      F02D 6A27 
  78      8358 C2E1 
  78      FA66 722C 
  79 009d 5B73 0947 		.ascii	"[s\tG\351\200\344'\333\335\351\354\216\305\017\032\244\211\036"
  79      E980 E427 
  79      DBDD E9EC 
  79      8EC5 0F1A 
  79      A489 1E
  80 00b0 CE4E A108 		.ascii	"\316N\241\b\003(RE\357\240\224sgv6\262\373-\222\306\341\302\332"
GAS LISTING /tmp/ccGiFuXe.s 			page 6


  80      0328 5245 
  80      EFA0 9473 
  80      6776 36B2 
  80      FB2D 92C6 
  81 00c7 6CD2 6991 		.ascii	"l\322i\221\3629\\l\277\276\342\242\023\020<\337\\\315l\330Kn"
  81      F239 5C6C 
  81      BFBE E2A2 
  81      1310 3CDF 
  81      5CCD 6CD8 
  82 00dd 4BD9 24B3 		.ascii	"K\331$\263\323\205q\231\325\f\"\244A\212{\217\271w\231\313K\002"
  82      D385 7199 
  82      D50C 22A4 
  82      418A 7B8F 
  82      B977 99CB 
  83 00f3 8328 5182 		.ascii	"\203(Q\202\365\271\336O.\213U\314az\361\331\262\215N\232\254"
  83      F5B9 DE4F 
  83      2E8B 55CC 
  83      617A F1D9 
  83      B28D 4E9A 
  84 0108 2F3F BB5A 		.ascii	"/?\273Ztw\277\311\312\344\366\305\362\r\3221d\241\356\357Z\024"
  84      7477 BFC9 
  84      CAE4 F6C5 
  84      F20D D231 
  84      64A1 EEEF 
  85 011e 2AF5 7362 		.ascii	"*\365sbf\322N\247L\331\312\312R\245Rq_\313\351\202k1\231\222"
  85      66D2 4EA7 
  85      4CD9 CACA 
  85      52A5 5271 
  85      5FCB E982 
  86 0136 3A77 8611 		.ascii	":w\206\021K\231\372W\371qd\273k\237M\307(\334\030\206[\365\317"
  86      4B99 FA57 
  86      F971 64BB 
  86      6B9F 4DC7 
  86      28DC 1886 
  87 014d 6D3F 800D 		.ascii	"m?\200\rB\220Z\341\234\314\273\265%\323H\247\314>O\273ZS\331"
  87      4290 5AE1 
  87      9CCC BBB5 
  87      25D3 48A7 
  87      CC3E 4FBB 
  88 0164 A6E2 FFCF 		.ascii	"\246\342\377\317\212e\017\031\302\240\241\005H\271\275sE\312"
  88      8A65 0F19 
  88      C2A0 A105 
  88      48B9 BD73 
  88      45CA 
  89 0176 DE63 0536 		.ascii	"\336c\0056@\365\252q\3279\244>B\264q\ruam\244\253\221\022\314"
  89      40F5 AA71 
  89      D739 A43E 
  89      42B4 710D 
  89      7561 6DA4 
  90 018e 52E3 37C4 		.ascii	"R\3437\304?\364_\375\375c\036\273\306\232\255\373\031u\026\231"
  90      3FF4 5FFD 
  90      FD63 1EBB 
  90      C69A ADFB 
  90      1975 1699 
  91 01a2 A67A 087B 		.ascii	"\246z\b{L\013<\202\215\313>\206-I\352b&&V\337\333\243[\322a\020"
  91      4C0B 3C82 
  91      8DCB 3E86 
GAS LISTING /tmp/ccGiFuXe.s 			page 7


  91      2D49 EA62 
  91      2626 56DF 
  92 01bc A76A E636 		.ascii	"\247j\3466\306\020U\232\033\361\251\327vu\320v\023\261'\325\336"
  92      C610 559A 
  92      1BF1 A9D7 
  92      7675 D076 
  92      13B1 27D5 
  93 01d1 4FD6 597C 		.ascii	"O\326Y|\235};\235g \t\203\034\230\340\337h\\5\306\033\355\343"
  93      9D7D 3B9D 
  93      6720 0983 
  93      1C98 E0DF 
  93      685C 35C6 
  94 01e8 C3AD 0EEF 		.ascii	"\303\255\016\357\240\362\302\006\013_^.0(\027O`\340&K\3152\234"
  94      A0F2 C206 
  94      0B5F 5E2E 
  94      3028 174F 
  94      60E0 264B 
  95 01ff 9598 9FEC 		.ascii	"\225\230\237\354p1\262E\312\276\213\006\345\341)\274\226\205"
  95      7031 B245 
  95      CABE 8B06 
  95      E5E1 29BC 
  95      9685 
  96 0211 0CA2 4962 		.ascii	"\f\242Ib\252\223\353$\370\362U\263\337\241\211$\251\312\277@"
  96      AA93 EB24 
  96      F8F2 55B3 
  96      DFA1 8924 
  96      A9CA BF40 
  97 0225 6C5F 5B7E 		.ascii	"l_[~1x\234\217\004j\227\377\373\243\036\217\267\334\347\257\366"
  97      3178 9C8F 
  97      046A 97FF 
  97      FBA3 1E8F 
  97      B7DC E7AF 
  98 023a 9FA9 282B 		.ascii	"\237\251(+\017\005#\r\376jo(\354\365U\005\274\227B\r\221\260"
  98      0F05 230D 
  98      FE6A 6F28 
  98      ECF5 5505 
  98      BC97 420D 
  99 0250 F774 C5D9 		.ascii	"\367t\305\331#\207\017]P+\225\265\365U\225\201@\255\247F\330"
  99      2387 0F5D 
  99      502B 95B5 
  99      F555 9581 
  99      40AD A746 
 100 0265 23FE FABA 		.ascii	"#\376\372\272Pc\304^\343\253\n\006\353\002\266\206\272pc \342"
 100      5063 C45E 
 100      E3AB 0A06 
 100      EB02 B686 
 100      BA70 6320 
 101 027a DE43 3B77 		.ascii	"\336C;w\376/(\024\346O\320oM<>\361\007\370\262\013j"
 101      FE2F 2814 
 101      E64F D06F 
 101      4D3C 3EF1 
 101      07F8 B20B 
 102               	.text
 103               		.section	.gnu.lto_ISR_DMA_VECTOR.b0bf75358b4c6142,"",@progbits
 104 0000 789C 9D54 		.string	"x\234\235T]L\034U\024\276\337\334\235\231ewi) \254-ix\341\24112mjj|\361\205gS\223\276\370
 104      5D4C 1C55 
 104      14BE DFDC 
GAS LISTING /tmp/ccGiFuXe.s 			page 8


 104      9D99 6577 
 104      6929 20AC 
 105 00d8 7F02 F23D 		.string	"\177\002\362=\322\371mEE\\\210\220H\216DK\256\t\321&<.\007\336\002\247\337\260\273\f;\313
 105      D2F9 6D45 
 105      455C 8890 
 105      488E 444B 
 105      AE09 D126 
 106 0189 DEA5 9534 		.ascii	"\336\245\2254\206Z\323o\244|\222\240\235\233\0339\002\271\034"
 106      865A D36F 
 106      A47C 92A0 
 106      9D9B 1B39 
 106      02B9 1C
 107 019c 8138 87E2 		.ascii	"\2018\207\342\270\023\2715\341'\216\006A,\371x\217X\272\024K"
 107      B813 B935 
 107      E127 8E06 
 107      412C F978 
 107      8F58 BA14 
 108 01b1 37B1 1064 		.ascii	"7\261\020dx\351$4\240\304\304#\222&\264\324\364\222\255\2356"
 108      78E9 2434 
 108      A0C4 C423 
 108      9226 B4D4 
 108      F492 AD9D 
 109 01c6 F965 54EB 		.ascii	"\371eT\353\311(\327\036/9\tw:<<\311%5\260\n\364\020\344mD&S?"
 109      C928 D71E 
 109      2F39 0977 
 109      3A3C 3CC9 
 109      2535 B00A 
 110 01e2 4403 9930 		.ascii	"D\003\2310\212\031pOw\370t\214\201^\350\255:\3059\233)\341\212"
 110      8A19 704F 
 110      77F8 748C 
 110      815E E8AD 
 110      3AC5 399B 
 111 01f9 E55E EF6D 		.ascii	"\345^\357m\254o\235\3321R\366\276\374?\217 $\361\353$O9|\344"
 111      AC6F 9DDA 
 111      3152 F6BE 
 111      FC3F 8F20 
 111      24F1 EB24 
 112 0211 A3D8 A99F 		.ascii	"\243\330\251\237\306\332\375\022\323\203\002\364\251\252\204"
 112      C6DA FD12 
 112      D383 02F4 
 112      A9AA 84
 113 0220 CF67 63FC 		.ascii	"\317gc\374\177*\202\361\240\"\\\312\026\201\226^K\3166\313\360"
 113      7F2A 82F1 
 113      A022 5CCA 
 113      1681 965E 
 113      4BCE 36CB 
 114 0235 6621 623F 		.ascii	"f!b?/\250R~ +\303p\031\365\304*\253\336\237v\343"
 114      2FA8 527E 
 114      202B C370 
 114      19F5 C42A 
 114      ABDE 9F76 
 115 024a 9B34 4360 		.string	"\2334C`c\3257\251\252\337\035\275\321\034P\340B\224\273|3\311@\"\203\376\305\322R*\340t\2
 115      63D5 37A9 
 115      AADF 1DBD 
 115      D11C 50E0 
 115      4294 BB7C 
 116 034b 39A5 54A6 		.string	"9\245T\246\261\265#\344a\351\315\\\211\277<\227\211.\3767j\307\377^\355\304}j\207\316\f\3
GAS LISTING /tmp/ccGiFuXe.s 			page 9


 116      B1B5 23E4 
 116      61E9 CD5C 
 116      89BF 3C97 
 116      892E FE37 
 117 041f 2A23 4AA9 		.ascii	"*#J\251"
 118               	.text
 119               		.section	.gnu.lto_dmaInit.b0bf75358b4c6142,"",@progbits
 120 0000 789C 4D50 		.ascii	"x\234MPMKBQ\020\235\363\256=%p\037\024\024D\013\027\371\212\242"
 120      4D4B 4251 
 120      109D F3AE 
 120      3D25 701F 
 120      1414 440B 
 121 0018 3FD0 A245 		.ascii	"?\320\242ED\221-Z%\225\013\005\323H\367\276\242\017R\260 J]\304"
 121      4491 2D5A 
 121      2595 0B05 
 121      D348 F7BE 
 121      A20F 52B0 
 122 0030 835A D897 		.ascii	"\203Z\330\227iA\320\333\211\264\214\202\240M-\212\260\240\250"
 122      6941 D0DB 
 122      89B4 8C82 
 122      A04D 2D8A 
 122      B0A0 A8
 123 0043 552D 12FA 		.ascii	"U-\022\372\232\373\242\360\302\334;\2349s\316\314\255!P/\210"
 123      9AFB A2F0 
 123      C2DC 3B9C 
 123      3973 CECC 
 123      AD21 502F 
 124 0058 4688 A89E 		.ascii	"F\210\250\236\003\202\240,\237\021M;\024@&\272\003\024S\020\303"
 124      0382 A02C 
 124      9F11 4D3B 
 124      1440 26BA 
 124      0314 5310 
 125 006d 9248 0994 		.ascii	"\222H\t\224\026\036L\305\225\325\371\024S\005\373\274>Wg\b\242"
 125      161E 4CC5 
 125      95D5 F914 
 125      5305 FBBC 
 125      3E57 6708 
 126 0082 0C87 3CC8 		.ascii	"\f\207<\310\302EL\273;\370Zu\252\266_\034[P\331\202\362\027("
 126      C245 4CBB 
 126      3BF8 5A75 
 126      AAB6 5F1C 
 126      5B50 D982 
 127 0099 EA5F DF0B 		.ascii	"\352_\337\013z\261\274\201\243\036.\3059\244GB(\362\025\217("
 127      7AB1 BC81 
 127      A31E 2EC5 
 127      39A4 4742 
 127      28F2 158F 
 128 00ae BDBD 573E 		.ascii	"\275\275W>n\332\377%f-\247\225C\273\245\222\021\250V\3076T\226"
 128      6EDA FF25 
 128      662D A795 
 128      43BB A592 
 128      11A8 56C7 
 129 00c5 DF81 CAE0 		.ascii	"\337\201\312\340\332\\\351\334\236\024\206\200\3051\315\347k"
 129      DA5C E9DC 
 129      9E14 8680 
 129      C531 CDE7 
 129      6B
GAS LISTING /tmp/ccGiFuXe.s 			page 10


 130 00d6 7BEC 5377 		.ascii	"{\354Sw0\260)\247`\354\351\364\362\244\326\300:\f\241`\217W\332"
 130      30B0 29A7 
 130      60EC E9F4 
 130      F2A4 D6C0 
 130      3A0C A160 
 131 00ed 4583 5548 		.ascii	"E\203UH\036\027\026\035ZNz\335\336\2776\326\033B \007\003in\264"
 131      1E17 161D 
 131      5A4E 7ADD 
 131      DEBF 36D6 
 131      1B42 2007 
 132 0105 4CA4 7EAE 		.ascii	"L\244~\256lc\312\354\264\336d\b\033\366\241\245y\032\253\212"
 132      6C63 CAEC 
 132      B4DE 6408 
 132      1BF6 A1A5 
 132      791A AB8A 
 133 0119 3C34 66E4 		.ascii	"<4f\344\237\315\212SNP\303x\201\245_0s\233\270j\226\223[\277"
 133      9FCD 8A53 
 133      4E50 C378 
 133      81A5 5F30 
 133      739B B86A 
 134 0131 13E7 065E 		.ascii	"\023\347\006^S!\352r\273\265n\177`,\320\357i\355\016\207\242"
 134      5321 EA72 
 134      BBB5 6E7F 
 134      602C D0EF 
 134      69ED 0E87 
 135 0146 5381 312D 		.ascii	"S\2011-\034\321\374\243Am2<\025\215h}\236\201\316\216\266a\211"
 135      1CD1 FCA3 
 135      416D 323C 
 135      158D 687D 
 135      9E81 CE8E 
 136 015d 787D 13A3 		.ascii	"x}\023\243\336`\320\347\036\247\226\252\266\301\241\277\216p"
 136      DE60 D0E7 
 136      1EA7 96AA 
 136      B6C1 A1BF 
 136      8E70 
 137 016f 84AF 50E0 		.ascii	"\204\257P\3407q\373\351\007\375\240\215\377"
 137      3771 FBE9 
 137      07FD A08D 
 137      FF
 138               	.text
 139               		.section	.gnu.lto_dmaAcquireI.b0bf75358b4c6142,"",@progbits
 140 0000 789C 9D54 		.ascii	"x\234\235T[lTE\030\236o\346\334\366^J\355\323>\364\205 \032z"
 140      5B6C 5445 
 140      189E 6FE6 
 140      DCF6 5E4A 
 140      EDD3 3EF4 
 141 0018 4C34 1079 		.ascii	"L4\020yS\236\215&\274\370F\n\230\264fm\r\364\311\227=\273tKC"
 141      539E 8D26 
 141      BCF8 460A 
 141      98B4 666D 
 141      0DF4 C997 
 142 0031 A318 635B 		.ascii	"\243\030c[\301.KB\032D{\001EaW\213\207\335B\245\264%4Q\0330\022"
 142      C12E 4B42 
 142      1A44 7B01 
 142      4561 578B 
 142      87DD 42A5 
 143 004c 0A09 142B 		.ascii	"\n\t\024+\221\266J\214\224\372\317\314\202\233b\214z\222\235"
GAS LISTING /tmp/ccGiFuXe.s 			page 11


 143      91B6 4A8C 
 143      94FA CFCC 
 143      829B 628C 
 143      7A92 9D
 144 005f 73FE 7FBE 		.ascii	"s\376\177\276\371\376\333\267c2\260\031\223\261\027\031c\255"
 144      F9FE DBB7 
 144      6332 B019 
 144      93B1 1719 
 144      63AD 
 145 0071 F443 8081 		.ascii	"\364C\200\201\277;\311X\312\3410\365\207\340VQ0/hL\2161\346\205"
 145      BF3B C958 
 145      CAE1 30F5 
 145      87E0 5651 
 145      302F 684C 
 146 0089 0DED 3FE3 		.ascii	"\r\355?\343\230\\\214o\"\2775\262\232\334\026w\016\332d\331\363"
 146      985C 8C6F 
 146      22BF 35B2 
 146      9ADC 1677 
 146      0EDA 64D9 
 147 009e E724 CA86 		.ascii	"\347$\312\206\243O;\200\374\360\034\260$\027\206i\331\016\222"
 147      A34F 3B80 
 147      FCF0 1CB0 
 147      2417 8669 
 147      D90E 92
 148 00b1 DC64 F001 		.ascii	"\334d\360\001\301\344\263O\364\b\\j;\326+\336\0219\301`\220y"
 148      C1E4 B34F 
 148      F408 5C6A 
 148      3BD6 2BDE 
 148      1139 C160 
 149 00c7 F77E F664 		.ascii	"\367~\366d@\232@\r\231\251\245\211Ng\335\021\217\036\277g1\324"
 149      409A 400D 
 149      99A9 A589 
 149      4E67 DD11 
 149      8F1E BF67 
 150 00dd 93CA 3C99 		.ascii	"\223\312<\231\023\234\355'\364G\210\343\b\3422\367\243X'\217"
 150      139C ED27 
 150      F447 88E3 
 150      08E2 32F7 
 150      A358 278F 
 151 00f1 4E1C B81E 		.ascii	"N\034\270\036\325G\353\310\354\377\241\364\243%\236\007\243\357"
 151      D547 EBC8 
 151      ECFF A1F4 
 151      A325 9E07 
 151      A3EF 
 152 0103 4C71 3ABC 		.ascii	"Lq:\274\266\317\363\322\236\277\370>\274\232\234\020\370\004"
 152      B6CF F3D2 
 152      9EBF F83E 
 152      BC9A 9C10 
 152      F804 
 153 0115 42D2 7C5C 		.ascii	"B\322|\\\246!\027C?\326J\370\331\345{~L\347\304\311\234\372e"
 153      A621 1743 
 153      3FD6 4AF8 
 153      D9E5 7B7E 
 153      4CE7 C4C9 
 154 012c 3C1B D2C4 		.ascii	"<\033\322\304Ud\366](\235\216\212\027\024\361\371\316\233{\303"
 154      5564 F65D 
 154      289D 8E8A 
GAS LISTING /tmp/ccGiFuXe.s 			page 12


 154      1714 F1F9 
 154      CE9B 7BC3 
 155 0140 6B0E ABFC 		.ascii	"k\016\253\374~\033\212f<?]\227\023\006\2064\371 \221\017\250"
 155      7E1B 8A66 
 155      3C3F 5D97 
 155      1306 8634 
 155      F920 910F 
 156 0155 1C99 44CF 		.ascii	"\034\231D\317\034\177\320\025\261\f\034\303\032Y\002e~\034\026"
 156      1C7F D015 
 156      B10C 1CC3 
 156      1A59 0265 
 156      7E1C 16
 157 0168 E825 3D43 		.ascii	"\350%=CS\360\275\007\313{<\377;\367\352\211oW?\001&\335\2342"
 157      53F0 BD07 
 157      CB7B 3CFF 
 157      3BF7 EA89 
 157      6F57 3F01 
 158 0180 E306 2DA6 		.ascii	"\343\006-\246)\027\213\026\313\241\305\016\320\342\004\025&D"
 158      2917 8B16 
 158      CBA1 C50E 
 158      D0E2 0415 
 158      2644 
 159 0192 9F81 88DC 		.ascii	"\237\201\210\334\216\312%&1\325P\325\260\275\024\247\273\226"
 159      8ECA 2526 
 159      31D5 50D5 
 159      B0BD 14A7 
 159      BB96 
 160 01a4 5E9C 5EA2 		.ascii	"^\234^\242\223\252\034\337$f\221\236\337\363\366\335~\310\004"
 160      93AA 1CDF 
 160      2466 919E 
 160      DFF3 F6DD 
 160      7EC8 04
 161 01b7 B2C2 C80A 		.ascii	"\262\302\310\n\260Y\354>\320^v\230\344\253,\334D\025>\245:\b"
 161      B059 EC3E 
 161      D05E 7698 
 161      E4AB 2CDC 
 161      4415 3EA5 
 162 01cd D3FB 1063 		.ascii	"\323\373\020c\021\240;S\274hK@Pu#\237\237\273b'\227<\207\034"
 162      11A0 3B53 
 162      BC68 4B40 
 162      5075 239F 
 162      9FBB 6227 
 163 01e5 8785 AE79 		.ascii	"\207\205\256y\256mf2\224C6\345!'B8\201$>\223\035\241\255\367"
 163      AE6D 6632 
 163      9443 36E5 
 163      2127 4238 
 163      8124 3E93 
 164 01fd FC2B 1D12 		.ascii	"\374+\035\022\336\341y\207\026n+\226\317\221\223\375\370\002"
 164      DEE1 7987 
 164      166E 2B96 
 164      CF91 93FD 
 164      F802 
 165 020f 494A 82C2 		.ascii	"IJ\202\302\025\013\263\035\243!\035\320\251\f\030V\001\357\215"
 165      150B B31D 
 165      A321 1DD0 
 165      A90C 1856 
 165      01EF 8D
GAS LISTING /tmp/ccGiFuXe.s 			page 13


 166 0222 8E75 8415 		.ascii	"\216u\204\0259Q\f\202\352\216Pb8Y\016\360\375\374|)\354\016x"
 166      3951 0C82 
 166      EA8E 5062 
 166      3859 0EF0 
 166      FDFC 7C29 
 167 0239 6D29 EF50 		.ascii	"m)\357P\201\302Gq\212\370?P\352C\036\256\254\347~{\336\326\374"
 167      81C2 4771 
 167      8AF8 3F50 
 167      EA43 1EAE 
 167      ACE7 7E7B 
 168 0250 011D E251 		.ascii	"\001\035\342Q\321\016\025] \246\033h\273\\\032)W\035 \304\320"
 168      D10E 155D 
 168      20A6 1B68 
 168      BB5C 1A29 
 168      571D 20C4 
 169 0265 5CFE F788 		.ascii	"\\\376\367\210F0|Y\036o\2470\330\037\033\251\263\273\273\333"
 169      4630 7C59 
 169      1E6F A730 
 169      D81F 1BA9 
 169      B3BB BBDB 
 170 0279 97AE DEE2 		.ascii	"\227\256\336\342\032\036\244\316\342\351\270\3327\031\375\037"
 170      1A1E A4CE 
 170      E2E9 B8DA 
 170      3719 FD1F 
 171 0289 04B1 5D2C 		.ascii	"\004\261],\305\365.*\265f\200\343+M\366+\200\247\342|J\022\030"
 171      C5F5 2E2A 
 171      B566 80E3 
 171      2B4D F62B 
 171      80A7 E27C 
 172 02a0 53B5 74D6 		.ascii	"S\265t\326\222\303\243\243\323\245;\247\302\345\303\017\321\264"
 172      92C3 A3A3 
 172      D3A5 3BA7 
 172      C2E5 C30F 
 172      D1B4 
 173 02b2 6DB3 7D35 		.ascii	"m\263}5z\250\003\013\345\355\220\234\351O\310\324Is\305pb\373"
 173      7AA8 030B 
 173      E5ED 909C 
 173      E94F C8D4 
 173      4973 C570 
 174 02c8 85EC F230 		.ascii	"\205\354\3620\222\214\200\225m\255\242\212N#\236\023\253\230"
 174      928C 8095 
 174      6DAD A28A 
 174      4E23 9E13 
 174      AB98 
 175 02da A21B 5E48 		.ascii	"\242\033^Hh\272\310J\211D\311\367\230&b\377N\004_\377\263\b|"
 175      68BA C84A 
 175      8944 C9F7 
 175      9826 62FF 
 175      4E04 5FFF 
 176 02f1 2D82 3352 		.ascii	"-\2023R\004Q)\202\305[\037\336\f\312\b+G\336\254'\036\373\333"
 176      0451 2982 
 176      C55B 1FDE 
 176      0CCA 082B 
 176      47DE AC27 
 177 0308 89BF 2507 		.ascii	"\211\277%\007^T\003\207\034x\tne\251Q*uD\345O\374\275\377\227"
 177      5E54 0387 
 177      1C78 096E 
GAS LISTING /tmp/ccGiFuXe.s 			page 14


 177      65A9 512A 
 177      7544 E54F 
 178 0320 FFEC 5F82 		.ascii	"\377\354_\202:\247\370\273&\206\247\205\346\257\306\250\342O"
 178      3AA7 F8BB 
 178      2686 A785 
 178      E6AF C6A8 
 178      E24F 
 179 0332 77CF 1ED4 		.ascii	"w\317\036\324\"\256\214/\036W\360\353\024\256:+\252\361M9\\\337"
 179      22AE 8C2F 
 179      1E57 F0EB 
 179      14AE 3A2B 
 179      AAF1 4D39 
 180 0348 8DF4 A04D 		.ascii	"\215\364\240M\341\350\241k\305\302y\025\215\313hcp)1\315\236"
 180      E1E8 A16B 
 180      C5C2 7915 
 180      8DCB 6863 
 180      7029 31CD 
 181 035d 7BC4 FE5F 		.ascii	"{\304\376_\350\252pA\321\251\213h\\\322\205\224\230\034\251\265"
 181      E8AA 7041 
 181      D1A9 8B68 
 181      5CD2 8594 
 181      981C A9B5 
 182 0371 9FC1 491B 		.ascii	"\237\301I\033\\\211Q\336\201\313G\357\024,\2316\247\331M n]\276"
 182      5C89 51DE 
 182      81CB 47EF 
 182      142C 9936 
 182      A7D9 4D20 
 183 0388 7E0D 95E5 		.ascii	"~\r\225\345pj\347$\342v\341\366%\320m\003\326UK\2477\324\327"
 183      706A E724 
 183      E276 E1F6 
 183      25D0 6D03 
 183      D655 4BA7 
 184 039f BB9B 1B9B 		.ascii	"\273\233\033\233\2665\275\274e\375\346\226\346\326\235M\333\334"
 184      B635 BDBC 
 184      65FD E696 
 184      E6D6 9D4D 
 184      DBDC 
 185 03b1 965D 6E63 		.ascii	"\226]ncC\302}\263eg\353.\367\245-\257<\367\3543\257J\317\326"
 185      43C2 7DB3 
 185      6567 EB2E 
 185      F7A5 2DAF 
 185      3CF7 EC33 
 186 03c9 1D6F 346C 		.ascii	"\035o4lM$v\324og\366\366\306\206\346\346\327\022h\372\023\310"
 186      4D24 76D4 
 186      6F67 F6F6 
 186      C686 E6E6 
 186      D712 68FA 
 187 03df 0A01 4D   		.ascii	"\n\001M"
 188               	.text
 189               		.section	.gnu.lto_dmaAcquireTimeoutS.b0bf75358b4c6142,"",@progbits
 190 0000 789C 5551 		.string	"x\234UQMHTQ\024>\347\236\367\347O\026\341\242`\2106bB\372\204\242h\031\263j\021\006n\332\
 190      4D48 5451 
 190      143E E79E 
 190      F7E7 4F16 
 190      E1A2 6088 
 191 0065 78F9 4503 		.string	"x\371E\003Pt\177"
 191      5074 7F00 
GAS LISTING /tmp/ccGiFuXe.s 			page 15


 192 006d 8859 42D0 		.ascii	"\210YB\320\274\r\262X\237:\001\262\224\204\276'\030iw\336\001"
 192      BC0D B258 
 192      9F3A 01B2 
 192      9484 BE27 
 192      1869 77DE 
 193 0082 430D 75C5 		.ascii	"C\ru\305B\035Q\255\322B\210\n\322t\214\342-\352#\374\3249|\237"
 193      421D 51AD 
 193      D242 880A 
 193      D274 8CE2 
 193      2DEA 23FC 
 194 009a BA28 4D80 		.ascii	"\272(M\200\032\303\315\235\324x\221\202\210\345\fc\273\263\t"
 194      1AC3 CD9D 
 194      D478 9182 
 194      88E5 0C63 
 194      BBB3 09
 195 00ad ABAA 5FF2 		.ascii	"\253\252_\362\223\353\353.\351\213\305O\245I@\222\331\003\350"
 195      93EB EB2E 
 195      E98B C54F 
 195      A549 4092 
 195      D903 E8
 196 00c0 C17E F4A8 		.ascii	"\301~\364\250(\203X\245\244\263\367\276\227\271\322\223\f3K\371"
 196      2883 58A5 
 196      A4B3 F7BE 
 196      97B9 D293 
 196      0C33 4BF9 
 197 00d4 6583 2E20 		.ascii	"e\203. \360\177|z\241\264\362\221\224\327en\275\007ey\232\b\237"
 197      F07F 7C7A 
 197      A1B4 F291 
 197      94D7 656E 
 197      BD07 6579 
 198 00eb 2029 9BC7 		.ascii	" )\233\307\3736\\\002\314`%\263g\n[\271\303n$\301p\356\327\373"
 198      FB36 5C02 
 198      CC60 25B3 
 198      670A 5BB9 
 198      C36E 24C1 
 199 0103 5489 EB7B 		.ascii	"T\211\353{\204\341R\327\335\2252\272\350\370\356\254Om\231"
 199      84E1 52D7 
 199      DD95 32BA 
 199      E8F8 EEAC 
 199      4F6D 99
 200 0116 FBC6 AF8F 		.string	"\373\306\257\217\305eN\244I\303\254\353\374\224\235\207\034g\rp\030+\225`51\363\312\244K\
 200      C565 4EA4 
 200      49C3 ACEB 
 200      FC94 9D87 
 200      1C67 0D70 
 201 0217 2A29 6BCE 		.string	"*)k\316\325\324\330\336V\177\243\277\256\276\332\033l\217\204\374\215v0l\2676\004\354k\30
 201      D5D4 D8DE 
 201      567F A3BF 
 201      AEBE DA1B 
 201      6C8F 84FC 
 202               	.text
 203               		.section	.gnu.lto_dmaClaimI.b0bf75358b4c6142,"",@progbits
 204 0000 789C 9D54 		.string	"x\234\235T[h\024W\030>\337\234\271\354-\027\323 }\330\207\274E\037\232\021\024K\037\213 \
 204      5B68 1457 
 204      183E DF9C 
 204      B9EC 2D17 
 204      D320 7DD8 
GAS LISTING /tmp/ccGiFuXe.s 			page 16


 205 00a0 226E 48D3 		.string	"\"nH\323\262\021\307\027\262M\342J\262o\277\334%=)`\322\366\376\303\324\351 o\201r\332&\0
 205      B211 C717 
 205      B24D E24A 
 205      B26F BFDC 
 205      253D 2960 
 206 015b 2F41 5AEC 		.string	"/AZ\354\020-N\230\226@\tX\220\020\237\021\0267o'9\247\253\234@r,{g\300f\370\224\344\256\r
 206      102D 4E98 
 206      9640 0958 
 206      9010 9F11 
 206      1637 6F27 
 207 01ae 21ED BA69 		.string	"!\355\272i\346\354t1\345\275M\001v\303\261\363\035G>\366\220J\224z2\214\2234\276\023\314C
 207      E6EC 7431 
 207      E5BD 4D01 
 207      76C3 B1F3 
 207      1D47 3EF6 
 208 01ff AFDE BB94 		.ascii	"\257\336\273\224\n\263\030\013\245\370\206X(g\377\263\234\340"
 208      0AB3 180B 
 208      A5F8 8658 
 208      2867 FFB3 
 208      9CE0 
 209 0211 5CB5 4578 		.ascii	"\\\265Ex\301U\321AvE\261\311\344\215\2210\313U\360d1\276%\275"
 209      C155 D141 
 209      7645 B1C9 
 209      E48D 9130 
 209      CB55 F064 
 210 0229 A70B 7A77 		.ascii	"\247\013zwg\306[8\275E\251\316\351[\032%M\222\251\031\375\210"
 210      67C6 5B38 
 210      BD45 A9CE 
 210      E95B 1A25 
 210      4D92 A919 
 211 023f 9308 A21B 		.ascii	"\223\b\242\033\354\317\217\344\302>ah.a\211&\374/w\241%\242\301"
 211      ECCF 8FE4 
 211      C23E 6168 
 211      2E61 8926 
 211      FC2F 77A1 
 212 0256 0962 1B8D 		.ascii	"\tb\033\215\252\224t\341\273\002\376\265\251\251l\304=\246\222"
 212      AA94 74E1 
 212      BB02 FEB5 
 212      A9A9 6CC4 
 212      3DA6 92
 213 0269 09D5 D94F 		.ascii	"\t\325\331O\354\3630@\360\373\270\215\002g\340\262\235\207\333"
 213      ECF3 3040 
 213      F0FB B88D 
 213      0267 E0B2 
 213      9D87 DB
 214 027c D38E 0F1F 		.ascii	"\323\216\017\037\366\031f=\007\310\363\367\204DC\036\317.)\344"
 214      F619 663D 
 214      07C8 F3F7 
 214      8444 431E 
 214      CF2E 29E4 
 215 0290 5042 EF64 		.ascii	"PB\357d\372A\221\237 pvv\304\226\240\027\215f\334\334y\367\200"
 215      FA41 919F 
 215      2070 7676 
 215      C496 A017 
 215      8D66 DCDC 
 216 02a7 7CC5 98CB 		.ascii	"|\305\230\313\332\351\320\bdh\314\376Q\231\265b\022\316\017\210"
 216      DAE9 D008 
GAS LISTING /tmp/ccGiFuXe.s 			page 17


 216      6468 CCFE 
 216      5199 B562 
 216      12CE 0F88 
 217 02bb 7AF2 2D36 		.ascii	"z\362-6\374\317\315\353\177i\303/\332\213\275\316\336amoP\333"
 217      FCCF CDEB 
 217      7F69 C32F 
 217      DA8B BDCE 
 217      DE61 6D6F 
 218 02d1 03DB CBC2 		.ascii	"\003\333\313\302\235\3131\2178\316\351\001\022\301/\377\233\340"
 218      9DCB 318F 
 218      38CE E901 
 218      12C1 2FFF 
 218      9BE0 
 219 02e3 C7E7 FD1B 		.ascii	"\307\347\375\033\322\004{\207\317\214I\237\240\f9M\320\330\232"
 219      D204 7B87 
 219      CF8C 499F 
 219      A00C 394D 
 219      D0D8 9A
 220 02f6 FF2D F78C 		.ascii	"\377-\367\214`V\200|y^\033\210\257<E\223\374\251\300wh\242\261"
 220      6056 807C 
 220      795E 1B88 
 220      AF3C 4593 
 220      FCA9 C077 
 221 030d C721 3EA5 		.ascii	"\307!>\245\317\257\215\363\232\315`\266\013pI\031\243w\344o\346"
 221      CFAF 8DF3 
 221      9ACD 60B6 
 221      0B70 4919 
 221      A377 E46F 
 222 0322 5E29 FF0D 		.ascii	"^)\377\rp&.j8\3759\270\304p\246\236\233\255\337\207\3330h,\334"
 222      7026 2E6A 
 222      38FD 39B8 
 222      C470 A69E 
 222      9BAD DF87 
 223 033b B97F 017E 		.ascii	"\271\177\001~\225\272\357\364\333\254\333\240\363:\214\25093"
 223      95BA EFF4 
 223      DBAC DBA0 
 223      F33A 8CA8 
 223      3933 
 224 034d FD3B E6FA 		.ascii	"\375;\346\3721\250\241#\210Z?\317\\\001}\027\300(\244tiU\225"
 224      31A8 A123 
 224      885A 3FCF 
 224      5C01 7D17 
 224      C028 A474 
 225 0364 BBAC B66E 		.ascii	"\273\254\266nm\335\312\325\357,k\210m\336X\267\326m\330\344\326"
 225      6DDD CAD5 
 225      EF2C 6B88 
 225      6DDE 58B7 
 225      D66D D8E4 
 226 0379 56D7 BB9F 		.ascii	"V\327\273\2376l\334\274\311]\261z\325\222\305\213>\342\310\232"
 226      366C DCBC 
 226      C95D B17A 
 226      D592 C58B 
 226      3EE2 C89A 
 227 038d 9A4F AAD7 		.ascii	"\232O\252\327\324\327\327T\255\023\316\272\332\352Xl}\275U\027"
 227      D4D7 D754 
 227      AD13 CEBA 
 227      DAEA 586C 
GAS LISTING /tmp/ccGiFuXe.s 			page 18


 227      7DBD 5517 
 228 03a1 AB59 BFE5 		.ascii	"\253Y\277\345)\215\257\323\005"
 228      298D AFD3 
 228      05
 229               	.text
 230               		.section	.gnu.lto_dmaTransferI.b0bf75358b4c6142,"",@progbits
 231 0000 789C 9D96 		.string	"x\234\235\226\177lSU\024\307\357y\367\365\347\272v\256k\331\330\026\267?\310B\242+\213\30
 231      7F6C 5355 
 231      14C7 EF79 
 231      F7F5 E7BA 
 231      76AE 6BD9 
 232 00e6 0A18 0E31 		.string	"\n\030\01618"
 232      3800 
 233 00ec 25B8 7A62 		.ascii	"%\270zbG\360\222\312\237\020\226\333\343\301_\254\206\351dnH"
 233      47F0 92CA 
 233      9F10 96DB 
 233      E3C1 5FAC 
 233      86E9 646E 
 234 0101 8B29 3A57 		.ascii	"\213):W\241?\335Vep\020J\310\340\372\341\205w2\255\252\214\025"
 234      A13F DD56 
 234      6570 104A 
 234      C8E0 FAE1 
 234      8577 32AD 
 235 0118 06C0 0AF8 		.ascii	"\006\300\n\370;8\0161m\341n\273\026\233\316\333u\304\371 &\215"
 235      3B38 0E31 
 235      6DE1 6EBB 
 235      169B CEDB 
 235      75C4 F920 
 236 012e AE38 1A5A 		.ascii	"\2568\032ZTl\254\026jl\330\330\354@ \007\365\235\324wQ\223\211"
 236      546C AC16 
 236      6A6C D8D8 
 236      EC40 2007 
 236      F59D D477 
 237 0145 8DDD 43AB 		.ascii	"\215\335C\253\263\260qd\323\223\027\033\247\217\236\374\2648"
 237      B3B0 7164 
 237      D393 171B 
 237      A78F 9EFC 
 237      B438 
 238 0157 979A 3C6A 		.ascii	"\227\232<j\226c\223\221OO\024XF!5\214m\301pH\3477\271B\277<\001"
 238      9663 9391 
 238      4F4F 1458 
 238      4621 358C 
 238      6DC1 7048 
 239 0172 CD91 44DF 		.ascii	"\315\221D\337\230\225\"\354\346\244yGk\374\214\215\344\343\""
 239      9895 22EC 
 239      E6A4 7947 
 239      6BFC 8C8D 
 239      E4E3 22
 240 0185 F1DF 474F 		.ascii	"\361\337GO\274\341\322\241;\2105(\322\271\253\033e\035\304\\"
 240      BCE1 D2A1 
 240      3B88 3528 
 240      D2B9 AB1B 
 240      651D C45C 
 241 0199 696E EF74 		.ascii	"in\357t\363\200-pP\223S\0268\004:\354\024\265\201\303\020`\t"
 241      F380 2D70 
 241      5093 5316 
 241      3804 3AEC 
GAS LISTING /tmp/ccGiFuXe.s 			page 19


 241      14B5 81C3 
 242 01b0 8847 C61E 		.ascii	"\210G\306\036\227d\365^\262e1r&\272\207#\006\371\302\374\374"
 242      9764 F55E 
 242      B265 3172 
 242      26BA 8723 
 242      06F9 C2FC 
 243 01c5 880B C92D 		.ascii	"\210\013\311-\240s7|(\270$ \034\025\334\327\357\264\201\344Z"
 243      A073 377C 
 243      28B8 2420 
 243      1C15 DCD7 
 243      EFB4 81E4 
 244 01da 247A EBD5 		.ascii	"$z\353\325\360\020\020\332\r?\337\345\360\021b\320{\207\203\026"
 244      F010 10DA 
 244      0D3F DFE5 
 244      F011 62D0 
 244      7B87 8316 
 245 01ee 9972 3594 		.ascii	"\231r5\224r\3651\004\220\317\204B\373\253\244;[\032\254g\026"
 245      72F5 3104 
 245      90CF 8442 
 245      FBAB A43B 
 245      5B1A AC67 
 246 0203 D8D2 A2F4 		.ascii	"\330\322\242\364\270u\356\201O\004R!dXD\337\034\031{N\342\034"
 246      B875 EE81 
 246      4F04 5221 
 246      6458 44DF 
 246      1C19 7B4E 
 247 0219 F7AA A22E 		.ascii	"\367\252\242.\246JV7\267CdQ\275\037\200O\005Yl\260aI\236o_-\311"
 247      A64A 5637 
 247      B743 6451 
 247      BD1F 804F 
 247      0559 6CB0 
 248 0234 4E84 B39B 		.ascii	"N\204\263\233\320ZD]\262\r\207oM\330\232\376\324\354:\317\356"
 248      D05A 445D 
 248      B20D 876F 
 248      4DD8 9AFE 
 248      D4EC 3ACF 
 249 0249 A204 210A 		.ascii	"\242\004!\nM\f3\302\265:\367\3124\017\2042\244\271\313T\345="
 249      4D0C 33C2 
 249      B53A F7CA 
 249      340F 8432 
 249      A4B9 CB54 
 250 025f 702C 95E3 		.ascii	"p,\225\343g\311H\214\n\241\330.\231\364\032\243\032\177g\234"
 250      67C9 488C 
 250      0AA1 D82E 
 250      99F4 1AA3 
 250      1A7F 679C 
 251 0273 0369 91E5 		.ascii	"\003i\221\345\354\241dpl\366\344\371\343N\364\2155\361\301\347"
 251      ECA1 6470 
 251      6CF6 E4F9 
 251      E34E F48D 
 251      35F1 C1E7 
 252 0287 781C C40C 		.ascii	"x\034\304\f\307\263\321\3505^6(\324\255\327\271\037\342\350\031"
 252      C7B3 D1E8 
 252      355E 3628 
 252      D4AD D7B9 
 252      1FE2 E819 
 253 029b 9D88 4D37 		.ascii	"\235\210M7\002e\351\365\211(\354_E\364\303q\021\272J\366_\030"
GAS LISTING /tmp/ccGiFuXe.s 			page 20


 253      0265 E9F5 
 253      8928 EC5F 
 253      45F4 C371 
 253      11BA 4AF6 
 254 02b1 E5E9 1B70 		.ascii	"\345\351\033p\310\330=&_\200/S/\300h\262\324[\271de\231*\256"
 254      C8D8 3D26 
 254      5F80 2F53 
 254      2FC0 68B2 
 254      D45B B964 
 255 02c9 03BE 122C 		.ascii	"\003\276\022,\013\261\306\2205\013\357\367\270\3059\202\265{"
 255      0BB1 C690 
 255      350B EFF7 
 255      B8C5 3982 
 255      B57B 
 256 02db 323D CD7D 		.ascii	"2=\315}t\206\240\322\236\177n\353 \341\226\301\t\201\263Jyg\216"
 256      7486 A0D2 
 256      9E7F 6EEB 
 256      20E1 96C1 
 256      0981 B34A 
 257 02f2 B68F 2BC5 		.ascii	"\266\217+\305\353um'\316\345\322\310B8vCQ\261\200p\022\212\305"
 257      EB75 6D27 
 257      CEE5 D2C8 
 257      4238 7643 
 257      51B1 8070 
 258 0309 9AF7 EEBC 		.ascii	"\232\367\356\274\033\315\304\0218\005*|\215\02108-\316\327\335"
 258      1BCD C411 
 258      3805 2A7C 
 258      8D11 3038 
 258      2DCE D7DD 
 259 031d 73FD E72C 		.ascii	"s\375\347,\305\317K\343<Z\272\243+\261\315#\214\317\030\306\243"
 259      C5CF 4BE3 
 259      3C5A BAA3 
 259      2BB1 CD23 
 259      8CCF 18C6 
 260 0332 037A 8B95 		.ascii	"\003z\213\225\214\277\001\025S\307\231\263\240\312=68\346\225"
 260      8CBF 0115 
 260      53C7 99B3 
 260      A0CA 3D36 
 260      38E6 95
 261 0345 8264 9B14 		.ascii	"\202d\233\024w<%\356\271tq\275\246\304u\302\267\202e#\326\371"
 261      773C 25EE 
 261      B974 71BD 
 261      A6C4 75C2 
 261      B782 6523 
 262 035b FF2C 6EF6 		.ascii	"\377,n\366\222\342~'p\366\373\213{1]\334K(\356\005!\356\367\367"
 262      92E2 7E27 
 262      70F6 FB8B 
 262      7B31 5DDC 
 262      4B28 EE05 
 263 0373 1577 225D 		.ascii	"\025w\"]\334I\022\327\2133\227\223\342\016'Or\237Iq\257\244\304"
 263      DC49 12D7 
 263      8B33 9793 
 263      E20E 274F 
 263      729F 4971 
 264 038a FD21 29EE 		.ascii	"\375!)\356S\022\345"
 264      5312 E5
 265 0391 3779 2A5D 		.string	"7y*]\025(\007\241\256\311[\240C\336\002\351\272\016\201\324\325\267\204\256n\270.PNBM\321
GAS LISTING /tmp/ccGiFuXe.s 			page 21


 265      1528 07A1 
 265      AEC9 5BA0 
 265      43DE 02E9 
 265      BA0E 81D4 
 266 0492 C331 260F 		.ascii	"\3031&\017"
 267               	.text
 268               		.section	.gnu.lto_dmaTransfer.b0bf75358b4c6142,"",@progbits
 269 0000 789C 6D50 		.ascii	"x\234mPMh\023Q\020\236\357\315f7\210Z\020\017\025{\360\240\204"
 269      4D68 1351 
 269      109E EFCD 
 269      6637 885A 
 269      100F 157B 
 270 0017 1ECC 0A8A 		.ascii	"\036\314\n\212\340\261\364,\212\365\340\255$m \201\270\321$\236"
 270      E0B1 F42C 
 270      8AF5 E0AD 
 270      246D 2081 
 270      B8D1 249E 
 271 002b F352 9B16 		.ascii	"\363R\233\026k\261\212\325\022\261l\025\245\376T\323\372s\310"
 271      6BB1 8AD5 
 271      12B1 6C15 
 271      A5FE 54D3 
 271      FA73 C8
 272 003e 6D89 6705 		.ascii	"m\211g\005\305\203\322\242\242h\017\255\240x\021\261\325y\333"
 272      C583 D2A2 
 272      A268 0FAD 
 272      A078 11B1 
 272      D579 DB
 273 0051 2835 38F0 		.ascii	"(58\360\336\233\231\367\3157\337L\204@+ \362\210h\273\0340A\235"
 273      DE9B 99F7 
 273      CD37 DF4C 
 273      8440 2B20 
 273      F288 68BB 
 274 0069 7F46 548E 		.ascii	"\177FT\216*\3008:\n*)\2240\306\023\214\306\360\247\272\352\234"
 274      2AC0 383A 
 274      0A2A 2994 
 274      30C6 138C 
 274      C6F0 A7BA 
 275 007f D662 C1C4 		.ascii	"\326b\301\304\367\266!]i\367\231\250*\307\030\246\321)\250\347"
 275      F7B6 215D 
 275      69F7 99A8 
 275      2AC7 18A6 
 275      D129 A8E7 
 276 0093 83B3 57F9 		.ascii	"\203\263W\371\034\373\fX\022~}z\345\303f\023*\354\220pf\341\311"
 276      1CFB 0C58 
 276      127E 7D7A 
 276      E5C3 6613 
 276      2AEC 9070 
 277 00aa 1B9B 0F80 		.ascii	"\033\233\017\200\304\2574^m\214\335\324z@\007\313\343\320[}f"
 277      C4AF 345E 
 277      6D8C DDD4 
 277      7A40 07CB 
 277      E3D0 5B7D 
 278 00bf DC01 0B1F 		.ascii	"\334\001\013\037n\243\003\267\320A\222\"\334EL\320\363\027\312"
 278      6EA3 03B7 
 278      D041 9222 
 278      DC45 4CD0 
 278      F317 CA
GAS LISTING /tmp/ccGiFuXe.s 			page 22


 279 00d2 AF2D EE0A 		.ascii	"\257-\356\n+\307\032\345ov\263\364e\373\031\035(\237-\314\264"
 279      2BC7 1AE5 
 279      6F76 B3F4 
 279      65FB 191D 
 279      289F 2DCC 
 280 00e7 D65A 847B 		.ascii	"\326Z\204{\210\231\202\367s\253\2276\331\326\232V\334\207-cS"
 280      8899 82F7 
 280      73AB 9736 
 280      D9D6 9A56 
 280      DC87 2D63 
 281 00fc ED05 02BD 		.ascii	"\355\005\002\275\372kX\007\013\333~\\\337\340\310\320\322Jt\233"
 281      FA6B 5807 
 281      0BDB 7E5C 
 281      DFE0 C8D0 
 281      D24A 749B 
 282 0110 221A 11A8 		.ascii	"\"\032\021\250\331\301YV\346\345%\234~\2678\372\345-\376\322"
 282      D9C1 5956 
 282      E6E5 259C 
 282      7EB7 38FA 
 282      E52D FED2 
 283 0124 0D86 9BB8 		.ascii	"\r\206\233\270\370\263-d\2542\326wB\r\266\264\232\225[\262\365"
 283      F8B3 2D64 
 283      AC32 D677 
 283      420D B6B4 
 283      9A95 5BB2 
 284 0139 FAF2 BC53 		.ascii	"\372\362\274SZ\321Q\237#UY\205\371\304\034J\"\322\246%T\246\256"
 284      5AD1 519F 
 284      2355 5985 
 284      F9C4 1C4A 
 284      22D2 A625 
 285 0150 ED34 1C2D 		.ascii	"\3554\034-P\247*\343\023\036\bn\222\325$\313\026\243dt|\034\275"
 285      50A7 2AE3 
 285      131E 086E 
 285      92D5 24CB 
 285      16A3 6474 
 286 0167 9C6C 9531 		.ascii	"\234l\2251\276\245)\303\372G\306\303P\306\243\377\311\210\204"
 286      BEA5 29C3 
 286      FA47 C6C3 
 286      50C6 A3FF 
 286      C988 84
 287 017a 9F78 DC94 		.ascii	"\237x\334\224\361\031\003S\265\033\bu\030\033\221\201dpE\264"
 287      F119 0353 
 287      B51B 0875 
 287      181B 9181 
 287      6470 45B4 
 288 018e 3F1E 77BB 		.ascii	"?\036w\273\323\231d\346P\317\356\356\234W\314g\222n\256\340\246"
 288      D399 64E6 
 288      50CF EEEE 
 288      9C57 CC67 
 288      926E AEE0 
 289 01a3 1359 F744 		.ascii	"\023Y\367D._,\270\007{\016\357\333\273\347\230\311\364\366\037"
 289      2E5F 2CB8 
 289      077B 0EEF 
 289      DBBB E798 
 289      C9F4 F61F 
 290 01b7 4FF4 66B3 		.ascii	"O\364f\263\375\361>r\372\322\t\317Ke\235|\352\344\251T\241\270"
 290      FDF1 3E72 
GAS LISTING /tmp/ccGiFuXe.s 			page 23


 290      FAD2 09CF 
 290      4B65 9D7C 
 290      EAE4 A954 
 291 01cd 6B1D CD91 		.ascii	"k\035\315\221\243\177\030r\005\271\274\314\232\023O\323o\223"
 291      A37F 1872 
 291      05B9 BCCC 
 291      9A13 4FD3 
 291      6F93 
 292 01df BCC9 04   		.ascii	"\274\311\004"
 293               	.text
 294               		.section	.gnu.lto_dmaReleaseX.b0bf75358b4c6142,"",@progbits
 295 0000 789C 8553 		.ascii	"x\234\205SYHTQ\030\376\277{\356\3468nY\341\203\204/\021=\344"
 295      5948 5451 
 295      18FE BF7B 
 295      EEE6 386E 
 295      59E1 8384 
 296 0018 0D8A A0A7 		.ascii	"\r\212\240\247\036|\216\"{\350-lC\311\306\310\336\347\252\343"
 296      1E7C 8E22 
 296      7BE8 2D6C 
 296      43C9 C6C8 
 296      DEE7 AAE3 
 297 002c 8246 05AD 		.ascii	"\202F\005\255#\311\035\b\231l\321Vk\314r\232\251\2540[\240\205"
 297      23C9 1D08 
 297      996C D156 
 297      6BCC 729A 
 297      A9AC 305B 
 298 0042 8C88 94C8 		.ascii	"\214\210\224\3104(\333(\312\372\317\2756M\026t\340\336{\316\277"
 298      3428 DB28 
 298      CAFA CFBD 
 298      364D 1674 
 298      E0DE 7BCE 
 299 0057 7CDF F7FF 		.ascii	"|\337\367\377\367\374\032\201ZU\242MD\024\340\007\031\004e\367"
 299      F7FC 1A81 
 299      5A55 A24D 
 299      4414 E007 
 299      1904 65F7 
 300 006b 2051 8DA9 		.ascii	" Q\215\251(\"\242\221\355S\337\336 \262\375\002\252gW\025\255"
 300      2822 A291 
 300      ED53 DFDE 
 300      20B2 FD02 
 300      AA67 5715 
 301 0080 F53A 5B7C 		.ascii	"\365:[|\346'\203\355\232\242\247\037u\305\350\231#O\017->\031"
 301      E627 83ED 
 301      9AA2 A71F 
 301      75C5 E899 
 301      234F 0F2D 
 302 0096 30BD 2413 		.ascii	"0\275$\023\220\033\333\004\005\025\241j\272a\"\210]\342\200@"
 302      901B DB04 
 302      0515 A16A 
 302      BA61 2288 
 302      5DE2 8040 
 303 00aa A2F1 654C 		.ascii	"\242\361eL\231\037\265y\305\017t\3477\330\365\005\216 \n\363"
 303      991F B579 
 303      C50F 74E7 
 303      37D8 F505 
 303      8E20 0AF3 
 304 00be 2317 A298 		.ascii	"#\027\242\230\317Q\367B'\017\211\235"
GAS LISTING /tmp/ccGiFuXe.s 			page 24


 304      CF51 F742 
 304      270F 899D 
 305 00ca C211 80CA 		.string	"\302\021\200\312\307w\267[\207\263\345QA\021\037\217?M>\323\305R\020\357\353\023\217\375\
 305      C777 B75B 
 305      87B3 E551 
 305      4111 1F8F 
 305      3F4D 3ED3 
 306 01cb 67E1 C025 		.string	"g\341\300%\3049\004\035\341w\245\250n_X\371Prp\320?\245<M\252F|\217\304(j{n\032\236Wg\350
 306      C439 041D 
 306      E177 A5A8 
 306      6E5F 58F9 
 306      5072 70D0 
 307 022e 5E06 FB1E 		.ascii	"^\006\373\036ML$\375L\032\252\221\256\034\304\\RH\322\036&\035"
 307      4D4C 24FD 
 307      4C1A AA91 
 307      AE1C C45C 
 307      5248 D21E 
 308 0244 45DD B706 		.ascii	"E\335\267\006xP\246\207v\377\355@[\246$\326\221\213\213\f\223"
 308      7850 A687 
 308      76FF ED40 
 308      5BA6 24D6 
 308      918B 8B0C 
 309 0259 26CC 647F 		.ascii	"&\314d\177\327x\354K\226\347'\364\246\204\0314P \205}x5\336\221"
 309      D778 EC4B 
 309      96E7 27F4 
 309      A684 1934 
 309      5020 857D 
 310 0271 23A3 A709 		.ascii	"#\243\247\t\213\\\006\375G\333\245\337\332.\303\342\200^gG\207"
 310      8B5C 06FD 
 310      47DB A5DF 
 310      DA2E C3E2 
 310      805E 6747 
 311 0286 4F52 E540 		.ascii	"OR\345@A\037g\215\241>\322\027\325\376q;r\303\374\307\b\361i"
 311      411F 678D 
 311      A13E D217 
 311      D5FE 713B 
 311      72C3 FCC7 
 312 029d B723 0FD3 		.ascii	"\267#\017\323\342\362\016K\002\266\275\036xp\325\307\332\340"
 312      E2F2 0E4B 
 312      02B6 BD1E 
 312      7870 D5C7 
 312      DAE0 
 313 02af 8819 48F0 		.ascii	"\210\031H\360\355\2702\245*\362\365\313\003?\0077\271\315\314"
 313      EDB8 32A5 
 313      2AF2 F5CB 
 313      033F 0737 
 313      B9CD CC
 314 02c2 4332 753B 		.ascii	"C2u;\256\"\230\216\235\317\365_C\241#f\272\r0\247\006)\304\203"
 314      AE22 988E 
 314      9DCF F55F 
 314      43A1 2366 
 314      BA0D 30A7 
 315 02da 3431 5C30 		.ascii	"41\\0m\216\366L\344O\215\221\366\307\030]w\307\250\377\257zf"
 315      6D8E F64C 
 315      E44F 8D91 
 315      F6C7 185D 
 315      77C7 A8FF 
GAS LISTING /tmp/ccGiFuXe.s 			page 25


 316 02f1 85B9 51D2 		.ascii	"\205\271Q\322\211\033\\\022\317\230#f\323\033\324F\306\242\236"
 316      891B 5C12 
 316      CF98 2366 
 316      D31B D446 
 316      C6A2 9E
 317 0304 1AB9 9AB9 		.ascii	"\032\271\232\271\026&U\210\226\024\027[%\345\025\353*V\224.("
 317      1626 5588 
 317      9614 175B 
 317      25E5 15EB 
 317      2A56 942E 
 318 0319 A90A 6CDF 		.ascii	"\251\nl\337V\261\316\252\252\266\312\313*\255\255U\333\266W["
 318      56B1 CEAA 
 318      AAB6 CACB 
 318      2AAD AD55 
 318      DBB6 575B 
 319 032d CB4B 572E 		.ascii	"\313KW.^\264p\215\264\254\335\260\245lme\345\206\342\365d\254"
 319      5EB4 708D 
 319      B4AC DDB0 
 319      A56C 6D65 
 319      E586 E2F5 
 320 0343 2F2F 0B04 		.ascii	"//\013\0046V\316MK_\265\372WfU5\277\002\025\336\246\270\234~"
 320      3656 CE4D 
 320      4B5F B5FA 
 320      5766 5535 
 320      BF02 15DE 
 321 035b 0227 A7A4 		.ascii	"\002'\247\244\177"
 321      7F
 322               	.text
 323               		.section	.gnu.lto_dmaCancelI.b0bf75358b4c6142,"",@progbits
 324 0000 789C 9594 		.ascii	"x\234\225\224]H\024Q\024\307\357\177\356\314\354G\353h\021\321"
 324      5D48 1451 
 324      14C7 EF7F 
 324      EECC EC47 
 324      EB68 11D1 
 325 0014 8384 6FE1 		.ascii	"\203\204o\341CNP\004\321K\320s\037\020Dob\037\240\270iT\357;"
 325      434E 5004 
 325      D14B D073 
 325      1F10 446F 
 325      621F A0B8 
 326 002c DAAE 450B 		.ascii	"\332\256E\013\325C~\254d\263\020\342\267\366i\355\226\265\355"
 326      D543 7EAC 
 326      64B3 10E2 
 326      B7F6 69ED 
 326      96B5 ED
 327 003f F6A1 9545 		.ascii	"\366\241\225E>\244T\364P\022\231\026eA\024\245\235{\257\272\""
 327      3EA4 54F4 
 327      5012 9916 
 327      6541 14A5 
 327      9D7B AFBA 
 328 0054 0539 3077 		.ascii	"\00590w\346\236{\356\357\374\317=g\306``^\203\261\315\214\261"
 328      E69E 7BEE 
 328      EFFC CF3D 
 328      67C6 6060 
 328      5E83 B1CD 
 329 006a 6D74 C3C3 		.ascii	"mt\303\303\240\235~\302X\225W\323x\334`\216_\377\334\317\230"
 329      A09D 7EC2 
 329      5895 57D3 
GAS LISTING /tmp/ccGiFuXe.s 			page 26


 329      78DC 608E 
 329      5FFF DCCF 
 330 007f 13E0 D095 		.ascii	"\023\340\320\225]\327\314\3476\331\215\344*2\0330\225\331\004"
 330      5DD7 CCE7 
 330      36D9 8DE4 
 330      2A32 1B30 
 330      95D9 04
 331 0092 C48B E305 		.ascii	"\304\213\343\005\013i\\7L"
 331      0B69 5C37 
 331      4C
 332 009b 8470 8AD7 		.string	"\204p\212\327s\244\217\275Kh\205-\016]\251\372\306\0255Nd\245\313\031\213\321-.\264\240\2
 332      73A4 8FBD 
 332      4B68 852D 
 332      0E5D A9FA 
 332      C615 354E 
 333 019c 5C84 0B19 		.string	"\\\204\013\031\020\227\020r\371\022)E\227\312\307P\235\034\213E\375J\271I\233\277?xx< \26
 333      1097 1072 
 333      F912 2945 
 333      97CA C750 
 333      9D1C 8B45 
 334 01f1 91C3 5562 		.ascii	"\221\303Ub\311B\257$C\220\257I\362\321_51\237B{\025}\350\363"
 334      C942 AF24 
 334      4390 AF49 
 334      F2D1 5F35 
 334      319F 427B 
 335 0209 E3A6 2582 		.ascii	"\343\246%\202n\"\017\327\211#\253\260~\306\207\034z&\022?r\224"
 335      6E22 0FD7 
 335      8923 ABB0 
 335      7EC6 871C 
 335      7A26 123F 
 336 021f 0343      		.ascii	"\003C"
 337 0221 62AE 0606 		.string	"b\256\006\006K\256\342B\352\330\271qKy\373\376W\035\204\266dV\333\215YmP \277b]\355\272?)
 337      4BAE E242 
 337      EAD8 B971 
 337      4B79 FBFE 
 337      571D 84B6 
 338 0322 D681 B2FD 		.ascii	"\326\201\262\375"
 339               	.text
 340               		.section	.gnu.lto_.symbol_nodes.b0bf75358b4c6142,"",@progbits
 341 0000 789C 5D8F 		.string	"x\234]\217KN\002A\024Eo\325\253.P\033\204\226\250\250Q\343\300]\370\333\201;z\035B`\300\3
 341      4B4E 0241 
 341      1445 6FD5 
 341      AB2E 501B 
 341      8496 A8A8 
 342 0029 8E04 B1F1 		.string	"\216\004\261\361\003\370\327\251!80q\013\032\253\2735\3611\272\311\271\367\274JyP\330\327
 342      03F8 D7A9 
 342      2138 3071 
 342      0B1A ABBB 
 342      35F1 31BA 
 343 0047 B461 E060 		.string	"\264a\340`\b\270h\205\355\320:\344\261\232D;\254'\2207\204Y\217\017\274\202\351\267S\255j
 343      08B8 6885 
 343      EDD0 3AE4 
 343      B19A 443B 
 343      AC27 9037 
 344 00a8 9DEA 9760 		.string	"\235\352\227`_V/\240\244R\267\340\\R\001a\374k5"
 344      5F56 2FA0 
 344      A452 B7E0 
GAS LISTING /tmp/ccGiFuXe.s 			page 27


 344      5C52 0161 
 344      FC6B 3500 
 345 00bc E705 E883 		.string	"\347\005\350\203g\005\270\003\027\004x\006\027\005x\004\007\002<\201\347\376\0032\3638z\3
 345      6705 B803 
 345      1704 7806 
 345      1705 7804 
 345      0702 3C81 
 346 0138 DAD8 93CF 		.ascii	"\332\330\223\317"
 347               	.text
 348               		.section	.gnu.lto_.refs.b0bf75358b4c6142,"",@progbits
 349 0000 789C 0DC9 		.ascii	"x\234\r\311\311\025\200 \020D\301\356\217#\016\370\334\320\224"
 349      C915 8020 
 349      1044 C1EE 
 349      8F23 0EF8 
 349      DCD0 94
 350 0013 CC3F 24AD 		.ascii	"\314?$\255k\205\254W\222\241L\236\b\317\263\253\265@\246\332"
 350      6B85 AC57 
 350      92A1 4C9E 
 350      08CF B3AB 
 350      B540 A6DA 
 351 0027 A936 5C1F 		.ascii	"\2516\\\037w\207Y\311B\356l\354\377\206\017\267\316\305(D\367"
 351      7787 59C9 
 351      42EE 6CEC 
 351      FF86 0FB7 
 351      CEC5 2844 
 352 003c CD83 3E4A 		.ascii	"\315\203>J'\001\375"
 352      2701 FD
 353               	.text
 354               		.section	.gnu.lto_.decls.b0bf75358b4c6142,"",@progbits
 355 0000 789C AD5A 		.string	"x\234\255Z\tTU\327\271\276\373\354\313<Y5\326\244\270\226I\211a\265\211D\223\246\351z]\23
 355      0954 55D7 
 355      B9BE FBEC 
 355      CB3C 5935 
 355      D6A4 B896 
 356 00ba 2816 681B 		.string	"(\026h\033P\034P<P\002P\"P\n\320\t\240\323@y@\205@N \263\b\256%@e@\345@\227\201\256\002\3
 356      501C 503C 
 356      5002 5022 
 356      500A D009 
 356      A0D3 4079 
 357 00e2 D501 3511 		.string	"\325\0015\021"
 357      00
 358 00e7 8ADF 5702 		.string	"\212\337W\002\303\364\031o#\216\313\362\367W+|?\263\302\267\t\370\3348\037\361\305\\nk3\3
 358      C3F4 196F 
 358      238E CBF2 
 358      F757 2B7C 
 358      3FB3 C2B7 
 359 0175 FD0B 9016 		.string	"\375\013\220\026\206-\200\353K@?\004\362\346}ky\216\244\360\330\223\276o\212i\001\330`\31
 359      862D 80EB 
 359      4B40 3F04 
 359      F2E6 7D6B 
 359      798E A4F0 
 360 01da D0C7 7C2C 		.string	"\320\307|,\211\267\037\237O\253\254\344\352u\220\371\222\025\231\325Vl\033Dl^7\001\035\37
 360      89B7 1F9F 
 360      4FAB ACE4 
 360      EA75 90F9 
 360      9215 99D5 
 361 0230 8D00      		.string	"\215"
GAS LISTING /tmp/ccGiFuXe.s 			page 28


 362 0232 913A 4630 		.ascii	"\221:F0.\3408\377\007(\022\350k\240\371@\021@s\201\376\306\355"
 362      2EE0 38FF 
 362      0728 12E8 
 362      6BA0 F940 
 362      1140 7381 
 363 0249 F92B 9008 		.ascii	"\371+\220\b\024\316m\210U\304\3152\027\277\207Y]\262f\213\224"
 363      14CE 6D88 
 363      55C4 CD32 
 363      17BF 8759 
 363      5DB2 668B 
 364 025e F7A3 4031 		.ascii	"\367\243@1|\034\311[R\357\306\020\253CD\366#d\275\326|\037d\177"
 364      7C1C C95B 
 364      52EF C610 
 364      AB43 44F6 
 364      2364 BDD6 
 365 0276 D78A 6C65 		.ascii	"\327\212le\334\036\303}\001b\361#\265x\200\307O\351\253'H\236"
 365      DC1E C37D 
 365      0162 F123 
 365      B578 80C7 
 365      4FE9 AB27 
 366 028c 2724 9772 		.ascii	"'$\227r\241\375\024(\223\333'\371\306A\303\352\360$b\365\226"
 366      A1FD 1428 
 366      93DB 27F9 
 366      C641 C3EA 
 366      F024 62F5 
 367 02a1 C491 D4DE 		.ascii	"\304\221\324\336i\304\3520\341%u\327r\016\275\201\031\276o\302"
 367      69C4 EA30 
 367      E125 75D7 
 367      720E BD81 
 367      19BE 6FC2 
 368 02b5 E9C9 738C 		.ascii	"\351\311s\214\254\025\303V0V+\342\250\265\210\327K<\267\342\025"
 368      AC15 C356 
 368      3056 2BE2 
 368      A8B5 88D7 
 368      4B3C B7E2 
 369 02ca B945 8695 		.ascii	"\271E\206\225[\340\330\207Q\305\354S\223\307v\214\346:#\001\232"
 369      5BE0 D887 
 369      51C5 EC53 
 369      93C7 768C 
 369      E63A 2301 
 370 02df 0DA3 D70E 		.ascii	"\r\243\327\016\272@s\2763\232\003\315\256\311\264\337,=%\262"
 370      BA40 73BE 
 370      339A 03CD 
 370      AEC9 B4DF 
 370      2C3D 25B2 
 371 02f3 9FA3 200F 		.ascii	"\237\243 \017K\013\317\237\207!e\340\366L\342\214I\213_\246\367"
 371      4B0B CF9F 
 371      8721 65E0 
 371      F64C E28C 
 371      498B 5FA6 
 372 0308 7752 6A8F 		.ascii	"wRj\217\n0\\pF\263\263\b:\022M\365\177`mQ\374\033\264\363n>J"
 372      0A30 5C70 
 372      46B3 B308 
 372      3A12 4DF5 
 372      7F60 6D51 
 373 0323 17F0 22C2 		.ascii	"\027\360\"\302,L\017]\330\206\221\267\363q\"\3344\233\277\240"
 373      2C4C 0F5D 
GAS LISTING /tmp/ccGiFuXe.s 			page 29


 373      D886 91B7 
 373      F371 22DC 
 373      349B BFA0 
 374 0337 4814 E7A0 		.ascii	"H\024\347\240l\344\214N#\214\322\321Rb\250@\346\370f\302Q/\212"
 374      6CE4 8C4E 
 374      238C D2D1 
 374      5262 A840 
 374      E6F8 66C2 
 375 034e 76DE 1A94 		.ascii	"v\336\032\224\206<\321\t\344\251AY\310\233\310%|(\023:OA'h(H"
 375      863C D109 
 375      E4A9 4159 
 375      C89B C825 
 375      7C28 133A 
 376 0368 A889 77C7 		.ascii	"\250\211w\307\321\210\252\030\336s\312\335\254a$}I^\264(\n(\017"
 376      D188 AA18 
 376      DE73 CADD 
 376      AC61 247D 
 376      495E B428 
 377 037f 54E4 C82A 		.ascii	"T\344\310*@\243-\035\271\326u\364\210\323\373]q7\323QTR3$+yZ"
 377      40A3 2D1D 
 377      B9D6 75F4 
 377      88D3 FB5D 
 377      7137 D351 
 378 039a E29D 3025 		.ascii	"\342\2350%\212\213Q!(\311\227\225\344\331VR`]I\364\246\201\371"
 378      8A8B 5121 
 378      28C9 9795 
 378      E4D9 5652 
 378      605D 49F4 
 379 03b1 CE30 20FC 		.ascii	"\3160 \374[\016\300{.\324?C\310k\236w\212\030\025.\232Zj~\372"
 379      5B0E C07B 
 379      2ED4 3F43 
 379      C86B 9E77 
 379      8A18 152E 
 380 03ca AC7D B728 		.ascii	"\254}\267(\3068\2423\200\345$`)F\363d)>\220ah\031I\2638\216\352"
 380      C638 A233 
 380      80E5 2460 
 380      2946 F364 
 380      293E 9061 
 381 03e5 1782 4249 		.ascii	"\027\202BI\006\347\007-\350,(,B^4\370\314\314'\317\346\204\213"
 381      06E7 072D 
 381      E82C 282C 
 381      425E 34F8 
 381      CCCC 27CF 
 382 03fc 2222 1C1A 		.ascii	"\"\"\034\032n\"\317\214\306-\335\333\\p\215@}s\371\\]\253=\362"
 382      6E22 CF8C 
 382      C62D DDDB 
 382      5C70 8D40 
 382      7D73 F95C 
 383 0414 9EC7 06D5 		.ascii	"\236\307\006\325>\363\214$\203\316\203\330s\262k\210\f\033 J"
 383      3EF3 8C24 
 383      83CE 83D8 
 383      73B2 6B88 
 383      0C1B 204A 
 384 0428 40B1 3510 		.ascii	"@\2615\020D\004\350\272\036\225\235\204Y\362j\241"
 384      4404 E8BA 
 384      1E95 9D84 
 384      59F2 6AA1 
GAS LISTING /tmp/ccGiFuXe.s 			page 30


 385 0438 F9B0 26F1 		.string	"\371\260&\361\216;K\336\305\320\274\326\274\177\320\3035F\024#\304\235\341&;o\252\267\fD\
 385      8E3B 4BDE 
 385      C5D0 BCD6 
 385      BC7F D0C3 
 385      3546 1423 
 386 0539 DD89 2261 		.string	"\335\211\"a\273\216h7m\214\376\234\336\203\326\233\275'D\367\271;\251\td\032R\00550\360\0
 386      BB8E 6837 
 386      6D8C FE9C 
 386      DE83 D69B 
 386      BD27 44F7 
 387 05ca E09C DD53 		.ascii	"\340\234\335S\362\300\021'b\232\215c-\273\236\013\346I<\\b\017"
 387      F2C0 1127 
 387      629A 8D63 
 387      2DBB 9E0B 
 387      E649 3C5C 
 388 05e0 8143 B760 		.ascii	"\201C\267`\354M9\027[m\317\341\016\200i\r2\250\351\313\254~\252"
 388      EC4D 3917 
 388      5B6D CFE1 
 388      0E80 690D 
 388      32A8 E9CB 
 389 05f7 55BA E896 		.ascii	"U\272\350\226j\206vr\027uR\027\235\331h\212C8\203b\322\356\036"
 389      6A86 7672 
 389      1775 5217 
 389      9DD9 688A 
 389      4338 8362 
 390 060e 38B8 D79D 		.ascii	"8\270\327\235\244\022\311(o\226\003\263\263\377\213P\017\270"
 390      A412 C928 
 390      6F96 03B3 
 390      B3FF 8B50 
 390      0FB8 
 391 0620 5F4E 608D 		.ascii	"_N`\2159}\321\035P\r\017\331\254\270\r\275\335\346L\212K\371"
 391      397D D11D 
 391      500D 0FD9 
 391      ACB8 0DBD 
 391      DDE6 4C8A 
 392 0636 C09E 0E54 		.ascii	"\300\236\016T\344%a\355\222\363\222\264\001CK[T1\237>.\320,\236"
 392      E425 61ED 
 392      92F3 92B4 
 392      0143 4B5B 
 392      5431 9F3E 
 393 064e A87C 607B 		.ascii	"\250|`{\276\334\223\346\313]\226>\323\375\273\333\370`bO\304"
 393      BEDC 93E6 
 393      CB5D 963E 
 393      D3FD BBDB 
 393      F860 624F 
 394 0663 B9B6 380F 		.ascii	"\271\2668\0176_\272\311\343\302\261\2447,\023\267\017\204\365"
 394      365F BAC9 
 394      E3C2 B1A4 
 394      372C 13B7 
 394      0F84 F5
 395 0676 5261 FD34 		.ascii	"Ra\3754\271\356I\311\225vv_\245\233e*\332\344\316+\275\364\300"
 395      B9EE 49C9 
 395      9576 765F 
 395      A59B 652A 
 395      DAE4 CE2B 
 396 068d 41E9 E701 		.ascii	"A\351\347\001U*\016r?\017R\\\347\267<\232q\262i\324\220d\324"
 396      552A 0E72 
GAS LISTING /tmp/ccGiFuXe.s 			page 31


 396      3F0F 525C 
 396      E7B7 3C9A 
 396      71B2 69D4 
 397 06a4 3566 D499 		.ascii	"5f\324\231\236=e\274\202\264\222v|\331\314\r;K3\356#\346\004"
 397      9E3D 65BC 
 397      82B4 9276 
 397      7CD9 CC0D 
 397      3B4B 33EE 
 398 06bb 0D7A 4081 		.ascii	"\rz@\201\rI\300*\372FV[Za\223\271\350\352\376}.J+\206UV\214p"
 398      0D49 C02A 
 398      FA46 565B 
 398      5A61 93B9 
 398      E8EA FE7D 
 399 06d7 2B46 A815 		.ascii	"+F\250\025\251S\323\243diXBv\"XQ\320\227\260\202^v\365\362qW"
 399      A953 D3A3 
 399      6469 5842 
 399      7622 5851 
 399      D097 B082 
 400 06f1 9CCB 32BC 		.ascii	"\234\3132\274\260\256\240\007\212\2307\255\245\226\253\355#H"
 400      B0AE A007 
 400      8A98 37AD 
 400      A596 ABED 
 400      2348 
 401 0703 9C25 3C6F 		.ascii	"\234%<o\036B\347(t\362\312\377hA1\251\374\343\200zL\236\013K"
 401      1E42 E728 
 401      74F2 CAFF 
 401      6841 31A9 
 401      FCE3 807A 
 402 071b 38DE D2B8 		.ascii	"8\336\322\270\233\275\316\370<S\321\262\253\242\337\316\226\212"
 402      9BBD CEF8 
 402      3C53 D1B2 
 402      ABA2 DFCE 
 402      968A 
 403 072d A736 558C 		.ascii	"\2476U\214\244\377\340\"\255\375O@\307cY\307\270\344\224\035"
 403      A4FF E022 
 403      ADFD 4F40 
 403      C763 59C7 
 403      B8E4 941D 
 404 0741 0537 9F79 		.ascii	"\0057\237y\340J\246\344j~T\224\213-%S6\225\264\324xO\335 \376"
 404      E04A A6E4 
 404      6A7E 5494 
 404      8B2D 2553 
 404      3695 B4D4 
 405 075a 9F04 2513 		.ascii	"\237\004%\023\262\222'T\t\351\005Ew\2473\317\272\263\354\265"
 405      B292 2754 
 405      09E9 0545 
 405      77A7 33CF 
 405      BAB3 ECB5 
 406 076e 8766 E440 		.ascii	"\207f\344@e\261+\256\247zQN\356\350\210#nf\215\347\035\3413\002"
 406      65B1 2BAE 
 406      A77A 514E 
 406      EEE8 8823 
 406      6E66 8DE7 
 407 0786 6374 2795 		.ascii	"ct'\225\255\377\311fG\334\315\236Mmn\350\320\222\334\212\374"
 407      ADFF C966 
 407      47DC CD9E 
 407      4D6D 6EE8 
GAS LISTING /tmp/ccGiFuXe.s 			page 32


 407      D092 DC8A 
 408 079b 563E 200B 		.ascii	"V> \013oR\316\035\007|\217\r/N\215\016\267\307\375\254q\253:"
 408      6F52 CE1D 
 408      077C 8F0D 
 408      2F4E 8D0E 
 408      B7C7 FDAC 
 409 07b2 FD24 89F0 		.ascii	"\375$\211\360\033$\302\263\263\036\212\030\277\301b\334\260c"
 409      1B24 C2B3 
 409      B31E 8A18 
 409      BFC1 62DC 
 409      B063 
 410 07c4 EC98 031E 		.ascii	"\354\230\003\036b\276\211>\264}\267\263"
 410      62BE 893E 
 410      B47D B7B3 
 411 07d0 62D1 7E2D 		.ascii	"b\321~-n\023\361\353&\330HE\013f\223\3370/\251\335\242\350\004"
 411      6E13 F1EB 
 411      26D8 4845 
 411      0B66 93DF 
 411      302F A9DD 
 412 07e7 F8A4 FC42 		.ascii	"\370\244\374B\033\005o\"\227\342\213\022<Q\244\300\326\355cq"
 412      1B05 6F22 
 412      97E2 8B12 
 412      3C51 A4C0 
 412      D6ED 6371 
 413 07fb 29F6 F809 		.ascii	")\366\370\t\323q\271<k\223\253b"
 413      D371 B93C 
 413      6B93 AB62 
 414 0807 DD7E ED12 		.string	"\335~\355\022\215]\f\350\330,\353\330$\330T\262\305\272\222S#\205\335\216\314m\337rD}\177
 414      8D5D 0CE8 
 414      D82C EBD8 
 414      24D8 54B2 
 414      C5BA 9253 
 415 0908 06EF 97B3 		.string	"\006\357\227\263\213h\264\356L\224\b>\374\266\376\004\325\303\225\211[\355\225\365\366\20
 415      8B68 B4EE 
 415      4C94 083E 
 415      FCB6 FE04 
 415      D5C3 9589 
 416 09e7 D249 8851 		.string	"\322I\210Q\232\240\334\364\r'\262TK\267L5\242\370I\342+\273\250bb\373!K\315\252=_u\324T\2
 416      9AA0 DCF4 
 416      0D27 B254 
 416      4BB7 4C35 
 416      A2F8 49E2 
 417 0a60 E42B 7A0E 		.string	"\344+z\016\325*\333\272\007\370\2716\21593\333\2323k\323=\2313\001 :(X\210\232V\026\f\302
 417      D52A DBBA 
 417      07F8 B936 
 417      8D39 33DB 
 417      9A33 6BD3 
 418 0b0b 132E 4A38 		.ascii	"\023.J8\032\245n5V\216_\375\\\365\216\fI>;\376t\"\326\035'\321"
 418      1AA5 6E35 
 418      568E 5FFD 
 418      5CF5 8E0C 
 418      493E 3BFE 
 419 0b25 10A1 FAC2 		.ascii	"\020\241\372\302\246!d\263\210\235\243El\035\257a\r\027\222\366"
 419      A621 64B3 
 419      889D A345 
 419      6C1D AF61 
 419      0D17 92F6 
GAS LISTING /tmp/ccGiFuXe.s 			page 33


 420 0b39 38BD 7644 		.ascii	"8\275vD4u\213\246\247\247pq,Y<\321o\t\027:+G\024n\311\245\030"
 420      3475 8BA6 
 420      A7A7 7071 
 420      2C59 3CD1 
 420      6F09 173A 
 421 0b54 5CAD 4125 		.ascii	"\\\255A%\302k0\262\373p_\274\033\276\311T^;\337~M\340b\032\376"
 421      C26B 30B2 
 421      FB70 5FBC 
 421      1BBE C954 
 421      5E3B DF7E 
 422 0b6d 83AC 44A2 		.ascii	"\203\254D\242xD\240R\316\313R\316+\245\224R)\367\007\246\256"
 422      7844 A052 
 422      CECB 52CE 
 422      2BA5 9452 
 422      29F7 07A6 
 423 0b82 3BE2 3E26 		.ascii	";\342>&e\353PJ\217@\3531\311IV\220\343\212\247J\355\314}&\201"
 423      65EB 504A 
 423      8F40 EB31 
 423      C949 5690 
 423      E38A A74A 
 424 0b9b 76A6 D464 		.ascii	"v\246\324d\214\b6-,\247\026^\220\312tl\374\365<{\216m\266\024"
 424      8C08 362D 
 424      2CA7 165E 
 424      90CA 746C 
 424      FCF5 3C7B 
 425 0bb3 3F3F BB5B 		.ascii	"??\273[\024\235\265\204\013\225\311\330\312\224\330.Rl5\223\231"
 425      149D B584 
 425      0B95 C9D8 
 425      CA94 D82E 
 425      526C 3593 
 426 0bc8 51F6 F8B4 		.ascii	"Q\366\370\264=\305\226V\221\227\304pL\232\261\ru?\203\202]M\031"
 426      3DC5 9656 
 426      9197 C470 
 426      4C9A B10D 
 426      753F 8382 
 427 0bdf 84ED B999 		.ascii	"\204\355\271\231y\216lw\373\342\361\256Z\260r\274\343{\275\335"
 427      798E 6C77 
 427      FBE2 F1AE 
 427      5AB0 72BC 
 427      E37B BDDD 
 428 0bf3 4BE2 E95E 		.ascii	"K\342\351^\257\n\226\333J\031P\217\264\207>\026\227\\\345\210"
 428      AF0A 96DB 
 428      4A19 508F 
 428      B487 3E16 
 428      975C E588 
 429 0c07 1B99 96EC 		.ascii	"\033\231\226\354\311c7]\024{\270\037T\320=\334U\030{Y\036[%\277"
 429      C963 375D 
 429      147B B81F 
 429      54D0 3DDC 
 429      5518 7B59 
 430 0c1f 97B4 4472 		.ascii	"\227\264Dr\305\032\022rv\334\332x\323\036w0-\267\266o}\356b\313"
 430      C51A 1272 
 430      76DC DA78 
 430      D31E 7730 
 430      2DB7 B66F 
 431 0c37 965A DBB6 		.ascii	"\226Z\333\266<-y\277\217\332R\003x\256\311x\256\n\334\226\346"
 431      3C2D 79BF 
GAS LISTING /tmp/ccGiFuXe.s 			page 34


 431      8FDA 5203 
 431      78AE C978 
 431      AE0A DC96 
 432 0c4c B6AE 0A47 		.ascii	"\266\256\nGe\340\b\243\034\271:\032\271\n)r\323u\027O\271\313"
 432      65E0 08A3 
 432      1CB9 3A1A 
 432      B90A 2972 
 432      D375 174F 
 433 0c62 91AB BEB7 		.ascii	"\221\253\276\267G\fw\266'\\\350\222,\374\2222r\3654r\373n\037"
 433      470C 77B6 
 433      275C E892 
 433      2CFC 9232 
 433      72F5 3472 
 434 0c79 FA4F 7C9B 		.ascii	"\372O|\233\005\256j\274\277\221\034\001W9\243\037Bs[\177\356"
 434      05AE 6ABC 
 434      BF91 1C01 
 434      5739 A31F 
 434      4273 5B7F 
 435 0c8e 7917 1AC7 		.ascii	"y\027\032\307\006\262z\221\235z\357\376\033N\370!\343\336\\\363"
 435      06B2 7A91 
 435      9D7A EFFE 
 435      1B4E F821 
 435      E3DE 5CF3 
 436 0ca2 6882 6C09 		.ascii	"h\202l\t\320\rP\320H\200@\347\340\315\223\375\316x\232q\354\252"
 436      D00D 50D0 
 436      4880 40E7 
 436      E0CD 93FD 
 436      CE78 9A71 
 437 0cb8 CB2F 7020 		.ascii	"\313/p \034\315\240\0275\261\204<\266'\256\206\344\330\021@:"
 437      1CCD A017 
 437      35B1 843C 
 437      B627 AE86 
 437      E4D8 1140 
 438 0ccd 9320 D009 		.ascii	"\223 \320\t`\022\331\004\270.AE-\202\226\264d\264\255\024\355"
 438      6012 D904 
 438      B82E 4145 
 438      2D82 96B4 
 438      64B4 AD14 
 439 0ce2 E5BE F24E 		.ascii	"\345\276\362N\214\303\035\250\370\244\311\203&7.\251\362\240"
 439      8CC3 1DA8 
 439      F8A4 C983 
 439      2637 2EA9 
 439      F2A0 
 440 0cf4 2B9B 4A5C 		.ascii	"+\233J\\R\233lt\233RL;\025\023\323s\251\303\036oab\"\256\215"
 440      529B 6C74 
 440      9B52 4C3B 
 440      1513 D373 
 440      A9C3 1E6F 
 441 0d0d FF89 5A09 		.ascii	"\377\211Z\te\222g\253)1#\025\333\366\375-\352\373\016\311\367"
 441      6592 67AB 
 441      2931 2315 
 441      DBF6 FD2D 
 441      EAFB 0EC9 
 442 0d22 A9D3 7945 		.ascii	"\251\323yEZ\300\321\r8\232\263\334\3158\200\r\335\224q\334T\342"
 442      5AC0 D10D 
 442      389A B3DC 
 442      CD38 800D 
GAS LISTING /tmp/ccGiFuXe.s 			page 35


 442      DD94 71DC 
 443 0d38 E8A4 38EE 		.ascii	"\350\2448\356v\236\2063\307\036\007\233\323&\353B\367 6\203\353"
 443      769E 8633 
 443      C71E 079B 
 443      D326 EB42 
 443      F720 3683 
 444 0d4d E653 BA35 		.ascii	"\346S\2725\352\260\223mt\267)\272\036\t]IA\371\240;\367R\371"
 444      EAB0 936D 
 444      74B7 29BA 
 444      1E09 5D49 
 444      41F9 A03B 
 445 0d64 9B0C 5CB8 		.ascii	"\233\f\\\270@\270P\227\f\256K\t\356\016\0057>X\320\244\305i\016"
 445      40B8 5097 
 445      0CAE 4B09 
 445      EE0E 0537 
 445      3E58 D0A4 
 446 0d7b 36EB CDA6 		.ascii	"6\353\315\246\353\r\231\036fp\367\030\270\304\342+i\356\266\301"
 446      EB0D 991E 
 446      6670 F718 
 446      B8C4 E22B 
 446      69EE B6C1 
 447 0d8f F551 70BD 		.ascii	"\365Qp\275\022\270\3026S\262\300\3015\374\324\3549\340Bwepw\225"
 447      12B8 C236 
 447      53B2 C0C1 
 447      35FC D4EC 
 447      39E0 4277 
 448 0da7 E0FA 29B8 		.ascii	"\340\372)\270\363\261\275\315\3568\227\201\313\351~V\242e\033"
 448      F3B1 BDCD 
 448      EE38 9781 
 448      CBE9 7E56 
 448      A265 1B
 449 0dba BAB9 D0CC 		.ascii	"\272\271\320\314\310\037lF\270\214=k\256\276\322\354\202\253"
 449      C81F 6C46 
 449      B88C 3D6B 
 449      AEBE D2EC 
 449      82AB 
 450 0dcc 58A3 6157 		.ascii	"X\243aW~\227\003nb\215\274\255\221\031\002\356b\215\224\360\246"
 450      7E97 036E 
 450      628D BCAD 
 450      9119 02EE 
 450      628D 94F0 
 451 0de1 AB6E 7880 		.ascii	"\253nx\2005\356\017O\017y\340a\326\330\3240{\332\001O\260\306"
 451      35EE 0F4F 
 451      0F79 E061 
 451      D6D8 D430 
 451      7BDA 014F 
 452 0df7 AEE2 912A 		.ascii	"\256\342\221*\344\255x\273\004\325\364\241`~\271\004\034;\273"
 452      E4AD 78BB 
 452      04D5 F4A1 
 452      607E B904 
 452      1C3B BB
 453 0e0a 0A4A DD17 		.ascii	"\nJ\335\027\354&o\373E\362J\201\256=cP\007>[ \261\264Fol\267"
 453      EC26 6FFB 
 453      45F2 4A81 
 453      AE3D 6350 
 453      073E 5B20 
 454 0e24 53AE DAE3 		.ascii	"S\256\332\343\302\002\305\252\375\310\274\035\177\\Q\222\350"
GAS LISTING /tmp/ccGiFuXe.s 			page 36


 454      C202 C5AA 
 454      FDC8 BC1D 
 454      7F5C 5192 
 454      E8
 455 0e35 8A9F 33D5 		.ascii	"\212\2373\325\003\035\343\231\366\222\340\315V\005\357\256\330"
 455      031D E399 
 455      F692 E0CD 
 455      5605 EFAE 
 455      D8
 456 0e46 BBD9 4D29 		.ascii	"\273\331M)\370\211J\360S\263\340\276\276\344\335\374\205\357"
 456      F889 4AF0 
 456      53B3 E0BE 
 456      BEE4 DDFC 
 456      85EF 
 457 0e58 2B64 5AC7 		.ascii	"+dZ\307_8h\317_\370\302\321\3219>|K\257+\342\247E\370\261]\020"
 457      5F38 68CF 
 457      5FF8 C2D1 
 457      D139 3E7C 
 457      4BAF 2BE2 
 458 0e72 1C18 4B8F 		.ascii	"\034\030K\217\326F\321\003#\210B\217!@\323\326\267`\312\375\314"
 458      D646 D103 
 458      2388 428F 
 458      2140 D3D6 
 458      B760 CAFD 
 459 0e87 246C 3627 		.ascii	"$l6'\350\356w\232off\001\364\024ld\"\260\027\232\201\253\b\327"
 459      E8EE 779A 
 459      6F66 6601 
 459      F414 6C64 
 459      22B0 179A 
 460 0e9f E770 0D87 		.ascii	"\347p\r\207\3533\270Fb\345\266\2577i\341uz\306\"/N\206\270N\363"
 460      EB33 B846 
 460      62E5 B6AF 
 460      3769 E175 
 460      7AC6 222F 
 461 0eb8 198B 9D2D 		.ascii	"\031\213\235-\025{\265\006Ov\270#\334\017,\271{-wv\345\n\356"
 461      157B B506 
 461      4F76 B823 
 461      DC0F 2CB9 
 461      7B2D 7776 
 462 0ecf 114B EE54 		.ascii	"\021K\356T\301bO9|\200\355)\247\255\356)\2258\207-e]\263\324"
 462      C162 4F39 
 462      7C80 ED29 
 462      A7AD EE29 
 462      9538 872D 
 463 0ee7 DCAE D07C 		.ascii	"\334\256\320|\337\222{\306\222{\346\300\002\266a\205\344@\243"
 463      DF92 7BC6 
 463      927B E6C0 
 463      02B6 6185 
 463      E440 A3
 464 0efa 968E 2F55 		.ascii	"\226\216/U\261\023\240I\013\307(\026\262\035?\304\331\315\273"
 464      B113 A049 
 464      0BC7 2816 
 464      B21D 3FC4 
 464      D9CD BB
 465 0f0d FE41 41B9 		.ascii	"\376AA\271e\275\223\225r\022\341-\216t5;\363\260\"\313]:-X\004"
 465      65BD 9395 
 465      7212 E12D 
GAS LISTING /tmp/ccGiFuXe.s 			page 37


 465      8E74 353B 
 465      F3B0 22CB 
 466 0f26 106D C4DE 		.ascii	"\020m\304\336\377p\f\371f<\211\356}\243\361<\024\205\315\323"
 466      FF70 0CF9 
 466      663C 89EE 
 466      7DA3 F13C 
 466      1485 CDD3 
 467 0f3a 7A5A 3A45 		.ascii	"zZ:E\024\304\206\227\250\266\261\204Q\316\333MX\312\333\253\273"
 467      14C4 8697 
 467      A8B6 B184 
 467      51CE DB4D 
 467      58CA DBAB 
 468 0f4f CE56 39D0 		.ascii	"\316V9\320\212\003}\274\n\025>*:\352`\256B\2331\355\024+\316"
 468      8A03 7DBC 
 468      0A15 3E2A 
 468      3AEA 60AE 
 468      429B 31ED 
 469 0f66 3CD2 DADC 		.ascii	"<\322\332\334\365\304`R\204\266`^\204\362\217\336\217w\347\365"
 469      F5C4 6052 
 469      84B6 605E 
 469      84F2 8FDE 
 469      8F77 E7F5 
 470 0f7a 1BD6 CE43 		.ascii	"\033\326\316C\227\367\320]\017p\241\001\271\b\r(\213P,&E\250"
 470      97F7 D05D 
 470      0F70 A101 
 470      B908 0D28 
 470      8B50 2C26 
 471 0f90 F0F9 CC4E 		.ascii	"\360\371\314NG|\200\272\016\355\255\3324\342\302K"
 471      477C 80BA 
 471      0EED ADDA 
 471      34E2 C24B 
 472 0fa0 D9ED 9F9B 		.string	"\331\355\237\233K\031\221\262U\266\031ne)\333\250\224\244KI\221\030\237p\264\265\030\355\
 472      4B19 91B2 
 472      55B6 196E 
 472      6529 DBA8 
 472      94A4 4B49 
 473 0fd5 17DA 2EA3 		.ascii	"\027\332.\243\330\256D\021GQD\212\323\027\021\316c(b\272R\252"
 473      D8AE 4411 
 473      4751 448A 
 473      D317 11CE 
 473      6328 62BA 
 474 0feb A595 7570 		.ascii	"\245\225up\255J\312.Y\312.\245\224x*e\240\241\352k\\"
 474      AD4A CA2E 
 474      59CA 2EA5 
 474      9478 2A65 
 474      A0A1 EA6B 
 475 1000 EA68 733D 		.ascii	"\352hs=\033Lm\035`K\206\t\271\242=,XE\035u\017\265\266\227\214"
 475      1B4C 6D1D 
 475      604B 8609 
 475      B9A2 3D2C 
 475      5845 1D75 
 476 1019 7DD4 C2BD 		.ascii	"}\324\302\275\222\205M\3332+\t\266n\366\276\2635\2652BLF\224"
 476      9285 4DDB 
 476      322B 09B6 
 476      6EF6 BEB3 
 476      35B5 3242 
 477 1030 0DED 96C1 		.ascii	"\r\355\226\301\355\306\254*\243\004\n\354\304\371\255\007\021"
GAS LISTING /tmp/ccGiFuXe.s 			page 38


 477      EDC6 AC2A 
 477      A304 0AEC 
 477      C4F9 AD07 
 477      11
 478 1041 AE67 C8FA 		.ascii	"\256g\310\372\207+\017\270p\021\265uv\t1b\224\035\3355\354\227"
 478      872B 0FB8 
 478      7011 B575 
 478      7609 3162 
 478      941D DD35 
 479 1057 C7EF 97C6 		.ascii	"\307\357\227\306'\322\361G\022\236\f\330\343\333l|MEc\202\003"
 479      27D2 F147 
 479      129E 0CD8 
 479      E3DB 6C7C 
 479      4D45 6382 
 480 106c 7E46 1BDA 		.ascii	"~F\033\332\333\023\017Z0rb\337\303\2747\321\351*\356\204\372"
 480      DB13 0F5A 
 480      3072 62DF 
 480      C3BC 37D1 
 480      E92A EE84 
 481 1081 2C9D 108F 		.ascii	",\235\020\217\300\2649\210\235@\324!\354\211\016c\362\261\302"
 481      C0B4 3988 
 481      9D40 D421 
 481      EC89 0E63 
 481      F2B1 C2
 482 1094 91F6 D08F 		.ascii	"\221\366\320\217\026s\350\255bI\201&J\302\3125e\"2\247I"
 482      1673 E8AD 
 482      6249 8126 
 482      4AC2 CA35 
 482      6522 32A7 
 483 10a9 B5E0 1316 		.string	"\265\340\023\026\331A\311XyLI\330;\230b\307\215+\257\263\213\026\313\005\302\201\016\310\
 483      D941 C958 
 483      794C 49D8 
 483      3B98 62C7 
 483      8D2B AFB3 
 484 11aa F0A0 2C19 		.string	"\360\240,\031U\226\204*\217\242\332\177\344L\222\00761T\355G\217\355Vm\221\211\203dm\005\
 484      5596 842A 
 484      8FA2 DA7F 
 484      E44C 9207 
 484      3631 54ED 
 485 1275 170C 0558 		.ascii	"\027\f\005X\361\305\257\024z\316\023\301eT\360\365\274\232K."
 485      F1C5 AF14 
 485      7ACE 13C1 
 485      6554 F0F5 
 485      BC9A 4B2E 
 486 1289 AF1E A282 		.ascii	"\257\036\242\202\207\231\340\234}\247\177\2013\230\334\351\216"
 486      8799 E09C 
 486      7DA7 7F81 
 486      3398 DCE9 
 486      8E
 487 129a C172 B3DC 		.ascii	"\301r\263\334\265L\3560\227\013%Y\361\r\356\002\364\230\210\334"
 487      B54C EE30 
 487      970B 2559 
 487      F10D EE02 
 487      F498 88DC 
 488 12ae 722A F770 		.ascii	"r*\367pc\321Q\204\213\230\024\351\033\333\"\313ol\213\330\363"
 488      63D1 5184 
 488      8B98 14E9 
GAS LISTING /tmp/ccGiFuXe.s 			page 39


 488      1BDB 22CB 
 488      6F6C 8BD8 
 489 12c3 1D63 DB6E 		.ascii	"\035c\333n:a\023kl\272\023yM\253\334\003\003S\245\252^5D\307"
 489      3A61 136B 
 489      6CBA 1379 
 489      4DAB DC03 
 489      0353 A5AA 
 490 12db 7439 5BFF 		.ascii	"t9[\3778T\005\363l\021\237g\025P\016/a:\317\256vV\034&f\334\215"
 490      3854 05F3 
 490      6C11 9F67 
 490      1550 0E2F 
 490      613A CFAE 
 491 12f6 8493 7ADB 		.ascii	"\204\223z\333\353\255\223\227H\202\240j\310\251\213/\204\367"
 491      EBAD 9397 
 491      4882 A06A 
 491      C8A9 8B2F 
 491      84F7 
 492 1308 220D EF65 		.ascii	"\"\r\357ejF\316XG\266\033Nf\177\3004\032q\273\227\344\310\221"
 492      6A46 CE58 
 492      47B6 1B4E 
 492      667F C034 
 492      1A71 BB97 
 493 131f 08FA 86A6 		.ascii	"\b\372\206\246\354\354Nq\263=-\226W\270\020V\2225\244M\316\332"
 493      ECEC 4E71 
 493      B33D 2D96 
 493      57B8 1056 
 493      9235 A44D 
 494 1335 5444 4C46 		.ascii	"TDLF\231=\316e\022\266\236\213.u\001\t\307\030\216\021\005\216"
 494      993D CE65 
 494      12B6 9E8B 
 494      2E75 0109 
 494      C718 8E11 
 495 134b 6B2F E0B8 		.ascii	"k/\340\270F\205\324P!\333z\033\2368\342\"&\245\347\302\276\021"
 495      4685 D450 
 495      21DB 7A1B 
 495      9E38 E222 
 495      26A5 E7C2 
 496 1361 2DB7 A6BD 		.ascii	"-\267\246\275\316\201V6\"\242\366\005\021\265TD\035\025\021\231"
 496      CE81 5636 
 496      22A2 F605 
 496      11B5 5444 
 496      1D15 1199 
 497 1375 1A1B 0DD3 		.ascii	"\032\033\r\323\213\211\030\216\272\327\315?\356,\204fvI\324"
 497      8B89 188E 
 497      BAD7 CD3F 
 497      EE2C 8466 
 497      7649 D4
 498 1388 03FE 0731 		.string	"\003\376\0071&\362qg\213\330Vdg\363\323n#\346\237vO\260*6\361\274\247H\361\215Y\240\333\3
 498      26F2 7167 
 498      8BD8 5664 
 498      67F3 D36E 
 498      23E6 9F76 
 499 1489 6E73 E6DB 		.ascii	"ns\346\333\224\371a\375t\261\312\300s*\030w\260\364%\206\334"
 499      94F9 61FD 
 499      74B1 CAC0 
 499      732A 1877 
 499      B0F4 2586 
GAS LISTING /tmp/ccGiFuXe.s 			page 40


 500 149e 929D 55E4 		.ascii	"\222\235U\344\t8\177\334e\001K\270\222tY\016\016\013Xc\314\340"
 500      0938 7FDC 
 500      6501 4BB8 
 500      9274 590E 
 500      0E0B 5863 
 501 14b4 A09B CD65 		.ascii	"\240\233\315e\255\227\206\346\236\024\232\350\201\330\213\216"
 501      AD97 86E6 
 501      9E14 9AE8 
 501      81D8 8B8E 
 502 14c4 3C34 C365 		.ascii	"<4\303e\370\024\340\210\026\305r-\341Cw\345\310\334UF\246\217"
 502      F814 E088 
 502      16C5 722D 
 502      E143 77E5 
 502      C8DC 5546 
 503 14da 4626 766B 		.ascii	"F&vkf\215\263\352oXT\300\373\271\225\375\024\365\311\241\352"
 503      668D B3EA 
 503      6F58 54C0 
 503      FBB9 95FD 
 503      14F5 C9A1 
 504 14ef 3795 BC75 		.ascii	"7\225\274u*\336\001\316;@y\007n5\224\251\3768\346\270\312}\203"
 504      2ADE 01CE 
 504      3B40 7907 
 504      6E35 94A9 
 504      FE38 E6B8 
 505 1506 9C79 9032 		.ascii	"\234y\2202\227\217e\237\340Gs\254\250\003\363Y\0358\372(\265"
 505      978F 659F 
 505      E047 73AC 
 505      A803 F359 
 505      1D38 FA28 
 506 151b 19BF F047 		.ascii	"\031\277\360G\0310\035\207\350t|\240\230\311\244A\326\267\273"
 506      1930 1D87 
 506      E874 7CA0 
 506      98C9 A441 
 506      D6B7 BB
 507 152e 578E D8AE 		.ascii	"W\216\330\256\024\303R\245x\233\026\212\216\361\242<{K\361\262"
 507      14C3 52A5 
 507      789B 168A 
 507      8EF1 A23C 
 507      7B4B F1B2 
 508 1542 AF47 A8F8 		.ascii	"\257G\250\370a&~\204\212\337St%\026)m\213Q\3316\312m\033\245"
 508      6126 7E84 
 508      8ADF 5374 
 508      2516 296D 
 508      8B51 D936 
 509 155a B63D 8DEC 		.ascii	"\266=\215\354nt\3003,\324\207\023\266\246\271\361H\215\375\215"
 509      6E74 C033 
 509      2CD4 8713 
 509      B6A6 B9F1 
 509      488D FD8D 
 510 156e 9D31 92D9 		.ascii	"\2351\222\331\313\273\207r\234\036*\3434F\343\324\226\321s\317"
 510      CBBB 8772 
 510      9C1E 2AE3 
 510      3446 E3D4 
 510      96D1 73CF 
 511 1582 1EC7 B852 		.ascii	"\036\307\270R)u\235C\205\222\224+\233\261J\314\270,f\\)\346\021"
 511      2975 9D43 
 511      8592 942B 
GAS LISTING /tmp/ccGiFuXe.s 			page 41


 511      9BB1 4ACC 
 511      B82C 665C 
 512 1599 1573 B83B 		.ascii	"\025s\270;\277T\265\321-P!\177\314\221?\246\310\263\363\023\333"
 512      BF54 B5D1 
 512      2D50 217F 
 512      CC91 3FA6 
 512      C8B3 F313 
 513 15ae 5449 9DAB 		.ascii	"TI\235\253b~\302\231\237P\346\366\354\234l\225O2U\314O9\363S"
 513      627E C299 
 513      9F50 E6F6 
 513      EC9C 6C95 
 513      4F32 55CC 
 514 15c6 E693 C787 		.ascii	"\346\223\307\207J<p\002\263\246\354tz\233\007\267\246v\033.2"
 514      4A3C 7002 
 514      B3A6 EC74 
 514      7A9B 07B7 
 514      A676 1B2E 
 515 15db 672F C136 		.ascii	"g/\3016!\2333\2414g"
 515      219B 33A1 
 515      3467 
 516 15e5 929A 73A7 		.string	"\222\232s\247\371P\213\023\316arJnE\245\270r93\333\025\263\200 \231\222\345L)\345L\343\32
 516      F950 8B13 
 516      CE61 724A 
 516      6E45 A5B8 
 516      7239 33DB 
 517 16e6 6071 317B 		.string	"`q1{OG|\027\006\020\336\327\031\035\370U\353\027\340\033\212\201\345\365\027$\005\370\006
 517      4F47 7C17 
 517      0610 DED7 
 517      191D F855 
 517      EB17 E01B 
 518 17a7 120D 3A3C 		.ascii	"\022\r:<,\230\b\360 2a\330\027_\350C!\307\215\377/[\3754/\303"
 518      2C98 08F0 
 518      2032 61D8 
 518      175F E843 
 518      21C7 8DFF 
 519 17c1 ED2F FDFE 		.ascii	"\355/\375\376\034\026\030\252\377\004\334\035\022f\\"
 519      1C16 18AA 
 519      FF04 DC1D 
 519      1266 5C
 520 17d0 B394 24E9 		.string	"\263\224$\351R\022\025p\351\006c(8W\272\261[o"
 520      5212 1570 
 520      E906 6328 
 520      3857 BAB1 
 520      5B6F 00
 521 17e3 57B8 AF5C 		.string	"W\270\257\\\263Z\367\301G\277\324}\366\353\025\237|\274\332\t\236\352CC\3036\030\355\202B
 521      B35A F7C1 
 521      47BF D47D 
 521      F6EB 159F 
 521      7CBC DA09 
 522 1806 912B 8303 		.ascii	"\221+\203\003\215.\262\350\225s_T\343\004]+\202|\003\327\257"
 522      8D2E B2E8 
 522      9573 5F54 
 522      E304 5D2B 
 522      827C 03D7 
 523 181b 7485 BB4F 		.ascii	"t\205\273OB}\203\r\237\353CW:p\233\334\214\274G\267>\304_\357"
 523      427D 830D 
 523      9FEB 4357 
GAS LISTING /tmp/ccGiFuXe.s 			page 42


 523      3A70 9BDC 
 523      8CBC 47B7 
 524 1833 E4EF 6BF4 		.ascii	"\344\357k\364ew\276\376\376\254Ok\b\374\032\036\350\rF"
 524      6577 BEFE 
 524      FEAC 4F6B 
 524      08FC 1A1E 
 524      E80D 46
 525 1846 1DE9 D3FE 		.string	"\035\351\323\376wH\240\277\213!$,\324OO;TQ\n\325\377YG\021I\212\310\375j}\220\336\327\240
 525      7748 A0BF 
 525      8B21 242C 
 525      D44F 4F3B 
 525      5451 0AD5 
 526 1947 4ED2 2C33 		.ascii	"N\322,3\274,;\350\327\301\324t)&\212'\377J\372?^\367_z?#M:\362"
 526      BC2C 3BE8 
 526      D7C1 D474 
 526      2926 8A27 
 526      FF4A FA3F 
 527 1964 04FC 477C 		.ascii	"\004\374G|\346\306\357?\245\023f!o\275\340\331\227\370\003u\230"
 527      E6C6 EF3F 
 527      A513 6621 
 527      6FBD E0D9 
 527      97F8 0375 
 528 1979 FE0F 73FB 		.ascii	"\376\017s\373t\236"
 528      749E 
 529               	.text
 530               		.section	.gnu.lto_.symtab.b0bf75358b4c6142,"",@progbits
 531 0000 4953 525F 		.string	"ISR_DMA_VECTOR"
 531      444D 415F 
 531      5645 4354 
 531      4F52 00
 532 000f 00        		.string	""
 533 0010 00        		.string	""
 534 0011 00        		.string	""
 535 0012 00        		.string	""
 536 0013 00        		.string	""
 537 0014 00        		.string	""
 538 0015 00        		.string	""
 539 0016 00        		.string	""
 540 0017 00        		.string	""
 541 0018 00        		.string	""
 542 0019 00        		.string	""
 543 001a 5801 00   		.string	"X\001"
 544 001d 00        		.string	""
 545 001e 646D 6149 		.string	"dmaInit"
 545      6E69 7400 
 546 0026 00        		.string	""
 547 0027 00        		.string	""
 548 0028 00        		.string	""
 549 0029 00        		.string	""
 550 002a 00        		.string	""
 551 002b 00        		.string	""
 552 002c 00        		.string	""
 553 002d 00        		.string	""
 554 002e 00        		.string	""
 555 002f 00        		.string	""
 556 0030 00        		.string	""
 557 0031 5A01 00   		.string	"Z\001"
GAS LISTING /tmp/ccGiFuXe.s 			page 43


 558 0034 00        		.string	""
 559 0035 646D 6141 		.string	"dmaAcquireI"
 559      6371 7569 
 559      7265 4900 
 560 0041 00        		.string	""
 561 0042 00        		.string	""
 562 0043 00        		.string	""
 563 0044 00        		.string	""
 564 0045 00        		.string	""
 565 0046 00        		.string	""
 566 0047 00        		.string	""
 567 0048 00        		.string	""
 568 0049 00        		.string	""
 569 004a 00        		.string	""
 570 004b 00        		.string	""
 571 004c 5E01 00   		.string	"^\001"
 572 004f 00        		.string	""
 573 0050 646D 6141 		.string	"dmaAcquireTimeoutS"
 573      6371 7569 
 573      7265 5469 
 573      6D65 6F75 
 573      7453 00
 574 0063 00        		.string	""
 575 0064 00        		.string	""
 576 0065 00        		.string	""
 577 0066 00        		.string	""
 578 0067 00        		.string	""
 579 0068 00        		.string	""
 580 0069 00        		.string	""
 581 006a 00        		.string	""
 582 006b 00        		.string	""
 583 006c 00        		.string	""
 584 006d 00        		.string	""
 585 006e 6301 00   		.string	"c\001"
 586 0071 00        		.string	""
 587 0072 646D 6143 		.string	"dmaClaimI"
 587      6C61 696D 
 587      4900 
 588 007c 00        		.string	""
 589 007d 00        		.string	""
 590 007e 00        		.string	""
 591 007f 00        		.string	""
 592 0080 00        		.string	""
 593 0081 00        		.string	""
 594 0082 00        		.string	""
 595 0083 00        		.string	""
 596 0084 00        		.string	""
 597 0085 00        		.string	""
 598 0086 00        		.string	""
 599 0087 6801 00   		.string	"h\001"
 600 008a 00        		.string	""
 601 008b 646D 6154 		.string	"dmaTransferI"
 601      7261 6E73 
 601      6665 7249 
 601      00
 602 0098 00        		.string	""
 603 0099 00        		.string	""
GAS LISTING /tmp/ccGiFuXe.s 			page 44


 604 009a 00        		.string	""
 605 009b 00        		.string	""
 606 009c 00        		.string	""
 607 009d 00        		.string	""
 608 009e 00        		.string	""
 609 009f 00        		.string	""
 610 00a0 00        		.string	""
 611 00a1 00        		.string	""
 612 00a2 00        		.string	""
 613 00a3 8B01 00   		.string	"\213\001"
 614 00a6 00        		.string	""
 615 00a7 646D 6154 		.string	"dmaTransfer"
 615      7261 6E73 
 615      6665 7200 
 616 00b3 00        		.string	""
 617 00b4 00        		.string	""
 618 00b5 00        		.string	""
 619 00b6 00        		.string	""
 620 00b7 00        		.string	""
 621 00b8 00        		.string	""
 622 00b9 00        		.string	""
 623 00ba 00        		.string	""
 624 00bb 00        		.string	""
 625 00bc 00        		.string	""
 626 00bd 00        		.string	""
 627 00be 8D01 00   		.string	"\215\001"
 628 00c1 00        		.string	""
 629 00c2 646D 6152 		.string	"dmaReleaseX"
 629      656C 6561 
 629      7365 5800 
 630 00ce 00        		.string	""
 631 00cf 00        		.string	""
 632 00d0 00        		.string	""
 633 00d1 00        		.string	""
 634 00d2 00        		.string	""
 635 00d3 00        		.string	""
 636 00d4 00        		.string	""
 637 00d5 00        		.string	""
 638 00d6 00        		.string	""
 639 00d7 00        		.string	""
 640 00d8 00        		.string	""
 641 00d9 9101 00   		.string	"\221\001"
 642 00dc 00        		.string	""
 643 00dd 646D 6143 		.string	"dmaCancelI"
 643      616E 6365 
 643      6C49 00
 644 00e8 00        		.string	""
 645 00e9 00        		.string	""
 646 00ea 00        		.string	""
 647 00eb 00        		.string	""
 648 00ec 00        		.string	""
 649 00ed 00        		.string	""
 650 00ee 00        		.string	""
 651 00ef 00        		.string	""
 652 00f0 00        		.string	""
 653 00f1 00        		.string	""
 654 00f2 00        		.string	""
GAS LISTING /tmp/ccGiFuXe.s 			page 45


 655 00f3 9301 00   		.string	"\223\001"
 656 00f6 00        		.string	""
 657 00f7 444D 4143 		.string	"DMACTL0"
 657      544C 3000 
 658 00ff 00        		.string	""
 659 0100 02        		.ascii	"\002"
 660 0101 00        		.string	""
 661 0102 00        		.string	""
 662 0103 00        		.string	""
 663 0104 00        		.string	""
 664 0105 00        		.string	""
 665 0106 00        		.string	""
 666 0107 00        		.string	""
 667 0108 00        		.string	""
 668 0109 00        		.string	""
 669 010a C901 00   		.string	"\311\001"
 670 010d 00        		.string	""
 671 010e 5F5F 6D73 		.string	"__msp430x_in_isr"
 671      7034 3330 
 671      785F 696E 
 671      5F69 7372 
 671      00
 672 011f 00        		.string	""
 673 0120 02        		.ascii	"\002"
 674 0121 00        		.string	""
 675 0122 00        		.string	""
 676 0123 00        		.string	""
 677 0124 00        		.string	""
 678 0125 00        		.string	""
 679 0126 00        		.string	""
 680 0127 00        		.string	""
 681 0128 00        		.string	""
 682 0129 00        		.string	""
 683 012a CB01 00   		.string	"\313\001"
 684 012d 00        		.string	""
 685 012e 444D 4149 		.string	"DMAIV"
 685      5600 
 686 0134 00        		.string	""
 687 0135 02        		.ascii	"\002"
 688 0136 00        		.string	""
 689 0137 00        		.string	""
 690 0138 00        		.string	""
 691 0139 00        		.string	""
 692 013a 00        		.string	""
 693 013b 00        		.string	""
 694 013c 00        		.string	""
 695 013d 00        		.string	""
 696 013e 00        		.string	""
 697 013f CD01 00   		.string	"\315\001"
 698 0142 00        		.string	""
 699 0143 444D 4130 		.string	"DMA0CTL"
 699      4354 4C00 
 700 014b 00        		.string	""
 701 014c 02        		.ascii	"\002"
 702 014d 00        		.string	""
 703 014e 00        		.string	""
 704 014f 00        		.string	""
GAS LISTING /tmp/ccGiFuXe.s 			page 46


 705 0150 00        		.string	""
 706 0151 00        		.string	""
 707 0152 00        		.string	""
 708 0153 00        		.string	""
 709 0154 00        		.string	""
 710 0155 00        		.string	""
 711 0156 CF01 00   		.string	"\317\001"
 712 0159 00        		.string	""
 713 015a 6368 5365 		.string	"chSemWaitTimeoutS"
 713      6D57 6169 
 713      7454 696D 
 713      656F 7574 
 713      5300 
 714 016c 00        		.string	""
 715 016d 02        		.ascii	"\002"
 716 016e 00        		.string	""
 717 016f 00        		.string	""
 718 0170 00        		.string	""
 719 0171 00        		.string	""
 720 0172 00        		.string	""
 721 0173 00        		.string	""
 722 0174 00        		.string	""
 723 0175 00        		.string	""
 724 0176 00        		.string	""
 725 0177 9801 00   		.string	"\230\001"
 726 017a 00        		.string	""
 727 017b 6368 5363 		.string	"chSchDoReschedule"
 727      6844 6F52 
 727      6573 6368 
 727      6564 756C 
 727      6500 
 728 018d 00        		.string	""
 729 018e 02        		.ascii	"\002"
 730 018f 00        		.string	""
 731 0190 00        		.string	""
 732 0191 00        		.string	""
 733 0192 00        		.string	""
 734 0193 00        		.string	""
 735 0194 00        		.string	""
 736 0195 00        		.string	""
 737 0196 00        		.string	""
 738 0197 00        		.string	""
 739 0198 9A01 00   		.string	"\232\001"
 740 019b 00        		.string	""
 741 019c 6368 5363 		.string	"chSchIsPreemptionRequired"
 741      6849 7350 
 741      7265 656D 
 741      7074 696F 
 741      6E52 6571 
 742 01b6 00        		.string	""
 743 01b7 02        		.ascii	"\002"
 744 01b8 00        		.string	""
 745 01b9 00        		.string	""
 746 01ba 00        		.string	""
 747 01bb 00        		.string	""
 748 01bc 00        		.string	""
 749 01bd 00        		.string	""
GAS LISTING /tmp/ccGiFuXe.s 			page 47


 750 01be 00        		.string	""
 751 01bf 00        		.string	""
 752 01c0 00        		.string	""
 753 01c1 A201 00   		.string	"\242\001"
 754 01c4 00        		.string	""
 755 01c5 6368 5379 		.string	"chSysHalt"
 755      7348 616C 
 755      7400 
 756 01cf 00        		.string	""
 757 01d0 02        		.ascii	"\002"
 758 01d1 00        		.string	""
 759 01d2 00        		.string	""
 760 01d3 00        		.string	""
 761 01d4 00        		.string	""
 762 01d5 00        		.string	""
 763 01d6 00        		.string	""
 764 01d7 00        		.string	""
 765 01d8 00        		.string	""
 766 01d9 00        		.string	""
 767 01da A701 00   		.string	"\247\001"
 768 01dd 00        		.string	""
 769 01de 6368 5379 		.string	"chSysRestoreStatusX"
 769      7352 6573 
 769      746F 7265 
 769      5374 6174 
 769      7573 5800 
 770 01f2 00        		.string	""
 771 01f3 02        		.ascii	"\002"
 772 01f4 00        		.string	""
 773 01f5 00        		.string	""
 774 01f6 00        		.string	""
 775 01f7 00        		.string	""
 776 01f8 00        		.string	""
 777 01f9 00        		.string	""
 778 01fa 00        		.string	""
 779 01fb 00        		.string	""
 780 01fc 00        		.string	""
 781 01fd AE01 00   		.string	"\256\001"
 782 0200 00        		.string	""
 783 0201 6F73 616C 		.string	"osalThreadDequeueNextI"
 783      5468 7265 
 783      6164 4465 
 783      7175 6575 
 783      654E 6578 
 784 0218 00        		.string	""
 785 0219 02        		.ascii	"\002"
 786 021a 00        		.string	""
 787 021b 00        		.string	""
 788 021c 00        		.string	""
 789 021d 00        		.string	""
 790 021e 00        		.string	""
 791 021f 00        		.string	""
 792 0220 00        		.string	""
 793 0221 00        		.string	""
 794 0222 00        		.string	""
 795 0223 B301 00   		.string	"\263\001"
 796 0226 00        		.string	""
GAS LISTING /tmp/ccGiFuXe.s 			page 48


 797 0227 6368 5379 		.string	"chSysGetStatusAndLockX"
 797      7347 6574 
 797      5374 6174 
 797      7573 416E 
 797      644C 6F63 
 798 023e 00        		.string	""
 799 023f 02        		.ascii	"\002"
 800 0240 00        		.string	""
 801 0241 00        		.string	""
 802 0242 00        		.string	""
 803 0243 00        		.string	""
 804 0244 00        		.string	""
 805 0245 00        		.string	""
 806 0246 00        		.string	""
 807 0247 00        		.string	""
 808 0248 00        		.string	""
 809 0249 B601 00   		.string	"\266\001"
 810 024c 00        		.string	""
 811               	.text
 812               		.section	.gnu.lto_.opts,"",@progbits
 813 0000 272D 666D 		.ascii	"'-fmath"
 813      6174 68
 814 0007 2D65 7272 		.string	"-errno' '-fsigned-zeros' '-ftrapping-math' '-fno-trapv' '-fno-openmp' '-fno-openacc' '-mm
 814      6E6F 2720 
 814      272D 6673 
 814      6967 6E65 
 814      642D 7A65 
 815               	.text
 816               		.section	.upper.bss,"aw",@nobits
 817               		.global	__gnu_lto_v1
 818               		.weak	__gnu_lto_v1
 819               	__gnu_lto_v1:
 820 0000 00        		.zero	1
 821               		.global	__gnu_lto_slim
 822               		.weak	__gnu_lto_slim
 823               	__gnu_lto_slim:
 824 0001 00        		.zero	1
 825               		.ident	"GCC: (SOMNIUM Technologies Limited - msp430-gcc 6.2.1.16) 6.2.1 20161212"
GAS LISTING /tmp/ccGiFuXe.s 			page 49


DEFINED SYMBOLS
                            *ABS*:0000000000000000 hal_dma_lld.c
     /tmp/ccGiFuXe.s:819    .upper.bss:0000000000000000 __gnu_lto_v1
     /tmp/ccGiFuXe.s:823    .upper.bss:0000000000000001 __gnu_lto_slim

UNDEFINED SYMBOLS
__crt0_init_highbss
