GAS LISTING /tmp/ccdqoOWR.s 			page 1


   1               		.file	"hal_mmcsd.c"
   2               		.section	.gnu.lto_.profile.6dbfb9c953863f74,"",@progbits
   3 0000 789C 6365 		.string	"x\234ce`\004B "
   3      6004 4220 
   3      00
   4 0009 00        		.string	""
   5 000a 00        		.string	""
   6 000b 4200      		.string	"B"
   7 000d 08        		.ascii	"\b"
   8               	.text
   9               		.section	.gnu.lto_.icf.6dbfb9c953863f74,"",@progbits
  10 0000 789C 6365 		.string	"x\234ce`d`b@\006"
  10      6064 6062 
  10      4006 00
  11 000b 00        		.string	""
  12 000c 9800      		.string	"\230"
  13 000e 09        		.ascii	"\t"
  14               	.text
  15               		.section	.gnu.lto_.jmpfuncs.6dbfb9c953863f74,"",@progbits
  16 0000 789C 6365 		.string	"x\234ce`d`b@\006"
  16      6064 6062 
  16      4006 00
  17 000b 00        		.string	""
  18 000c 9800      		.string	"\230"
  19 000e 09        		.ascii	"\t"
  20               	.text
  21               		.section	.gnu.lto_.inline.6dbfb9c953863f74,"",@progbits
  22 0000 789C 6365 		.string	"x\234ce`d`b@\006"
  22      6064 6062 
  22      4006 00
  23 000b 00        		.string	""
  24 000c 9800      		.string	"\230"
  25 000e 09        		.ascii	"\t"
  26               	.text
  27               		.section	.gnu.lto_.pureconst.6dbfb9c953863f74,"",@progbits
  28 0000 789C 6365 		.string	"x\234ce`\004B "
  28      6004 4220 
  28      00
  29 0009 00        		.string	""
  30 000a 00        		.string	""
  31 000b 4200      		.string	"B"
  32 000d 08        		.ascii	"\b"
  33               	.text
  34               		.section	.gnu.lto_.symbol_nodes.6dbfb9c953863f74,"",@progbits
  35 0000 789C 6365 		.string	"x\234ce`d`b"
  35      6064 6062 
  35      00
  36 0009 0100      		.string	"\001"
  37 000b 00        		.string	""
  38 000c 5000      		.string	"P"
  39 000e 09        		.ascii	"\t"
  40               	.text
  41               		.section	.gnu.lto_.refs.6dbfb9c953863f74,"",@progbits
  42 0000 789C 6365 		.string	"x\234ce`\004B "
  42      6004 4220 
  42      00
  43 0009 00        		.string	""
GAS LISTING /tmp/ccdqoOWR.s 			page 2


  44 000a 00        		.string	""
  45 000b 4200      		.string	"B"
  46 000d 08        		.ascii	"\b"
  47               	.text
  48               		.section	.gnu.lto_.decls.6dbfb9c953863f74,"",@progbits
  49 0000 789C 6365 		.string	"x\234ce`d"
  49      6064 00
  50 0007 0110 A902 		.string	"\001\020\251\002\304\377\201"
  50      C4FF 8100 
  51 000f C45E CB40 		.string	"\304^\313@"
  51      00
  52 0014 00        		.string	""
  53 0015 00        		.string	""
  54 0016 BBE6 04D6 		.ascii	"\273\346\004\326"
  55               	.text
  56               		.section	.gnu.lto_.symtab.6dbfb9c953863f74,"",@progbits
  57               	.text
  58               		.section	.gnu.lto_.opts,"",@progbits
  59 0000 272D 666D 		.ascii	"'-fmath"
  59      6174 68
  60 0007 2D65 7272 		.string	"-errno' '-fsigned-zeros' '-ftrapping-math' '-fno-trapv' '-fno-openmp' '-fno-openacc' '-mm
  60      6E6F 2720 
  60      272D 6673 
  60      6967 6E65 
  60      642D 7A65 
  61               	.text
  62               		.section	.upper.bss,"aw",@nobits
  63               		.global	__gnu_lto_v1
  64               		.weak	__gnu_lto_v1
  65               	__gnu_lto_v1:
  66 0000 00        		.zero	1
  67               		.global	__gnu_lto_slim
  68               		.weak	__gnu_lto_slim
  69               	__gnu_lto_slim:
  70 0001 00        		.zero	1
  71               		.ident	"GCC: (SOMNIUM Technologies Limited - msp430-gcc 6.2.1.16) 6.2.1 20161212"
GAS LISTING /tmp/ccdqoOWR.s 			page 3


DEFINED SYMBOLS
                            *ABS*:0000000000000000 hal_mmcsd.c
     /tmp/ccdqoOWR.s:65     .upper.bss:0000000000000000 __gnu_lto_v1
     /tmp/ccdqoOWR.s:69     .upper.bss:0000000000000001 __gnu_lto_slim

UNDEFINED SYMBOLS
__crt0_init_highbss
