GAS LISTING /tmp/ccs2If2H.s 			page 1


   1               		.file	"hal_st.c"
   2               		.section	.gnu.lto_.profile.9ecbe4bd1e0c6661,"",@progbits
   3 0000 789C 6365 		.string	"x\234ce`d`e`"
   3      6064 6065 
   3      6000 
   4 000a 926D 8CBA 		.string	"\222m\214\272"
   4      00
   5 000f 024C 00   		.string	"\002L"
   6 0012 C1        		.ascii	"\301"
   7               	.text
   8               		.section	.gnu.lto_.icf.9ecbe4bd1e0c6661,"",@progbits
   9 0000 789C 6365 		.string	"x\234ce`dpb@"
   9      6064 7062 
   9      4000 
  10 000a 6E86 89B7 		.string	"n\206\211\267\347\277fg\3764\363\361'n\226\326\256k\025\254'\026-\231\305\312v\354\340\36
  10      E7BF 6667 
  10      FE34 F3F1 
  10      276E 96D6 
  10      AE6B 15AC 
  11 004e 643C 2147 		.ascii	"d<!G"
  12               	.text
  13               		.section	.gnu.lto_.jmpfuncs.9ecbe4bd1e0c6661,"",@progbits
  14 0000 789C 658C 		.string	"x\234e\2141\n\200@\020\003\223]O\024\301\332\257Z\355\201\217\260\264\270B}\205\217\262\0
  14      310A 8040 
  14      1003 935D 
  14      4F14 C1DA 
  14      AF5A ED81 
  15 005a 1F64 1B67 		.ascii	"\037d\033g"
  16               	.text
  17               		.section	.gnu.lto_.inline.9ecbe4bd1e0c6661,"",@progbits
  18 0000 789C 6365 		.string	"x\234ce`d8\305\200"
  18      6064 38C5 
  18      8000 
  19 000a 1C0C 0C5C 		.string	"\034\f\f\\\234\214\fL|\033r\031\330\026\3103\201\304\230\031\330X\201Bl\037\364\340B,\230
  19      9C8C 0C4C 
  19      7C1B 7219 
  19      D816 C833 
  19      81C4 9819 
  20 005c 00        		.string	""
  21 005d 42FD 0FD6 		.ascii	"B\375\017\326"
  22               	.text
  23               		.section	.gnu.lto_.pureconst.9ecbe4bd1e0c6661,"",@progbits
  24 0000 789C 6365 		.string	"x\234ce`d\020d``\340`\220b\226b\221b\225`\223\340\220\340\224\342\226\002"
  24      6064 1064 
  24      6060 E060 
  24      9062 9662 
  24      9162 9560 
  25 001d 0A16 0118 		.ascii	"\n\026\001\030"
  26               	.text
  27               		.section	.gnu.lto_st_lld_start_alarm.9ecbe4bd1e0c6661,"",@progbits
  28 0000 789C 9592 		.string	"x\234\225\222MH\033A\024\307\337\177g7\273UDAoz\027\017\315\026j\241\267\036<\226\242 \21
  28      4D48 1B41 
  28      14C7 DF7F 
  28      6737 BB55 
  28      4441 6F7A 
  29 009d 8DB7 275F 		.ascii	"\215\267'_\217\262\365j\253\241\211\267\277\013\353\247\215\342"
  29      8FB2 F56A 
GAS LISTING /tmp/ccs2If2H.s 			page 2


  29      ABA1 89B7 
  29      BF0B EBA7 
  29      8DE2 
  30 00af 2188 D787 		.ascii	"!\210\327\207\225ogh_\2242%\235\243>\331\222\023\002\005\b\346"
  30      956F 6768 
  30      5F94 3225 
  30      9DA3 3ED9 
  30      9213 0205 
  31 00c5 6119 6D58 		.ascii	"a\031mXB\033q\210\260\202v\225^\336\250\3164\004tO\017\253\b"
  31      421B 7188 
  31      B082 7695 
  31      5EDE A8CE 
  31      3404 744F 
  32 00dc 80E7 B513 		.ascii	"\200\347\265\0238\262Z\233\220\316\247<f\037\327\261sN\327\271"
  32      38B2 5A9B 
  32      90CE A73C 
  32      661F D7B1 
  32      734E D7B9 
  33 00f0 5037 D460 		.ascii	"P7\324`\252\301R\003\321$\027\252\317\232\022\232\232E\005\245"
  33      AAC1 5203 
  33      D124 17AA 
  33      CF9A 129A 
  33      9A45 05A5 
  34 0104 B9CA DE78 		.ascii	"\271\312\336x\263b1?=^\372`*\247\206\353\256X\274\370l&\377J"
  34      B362 313F 
  34      3D5E FA60 
  34      2AA7 86EB 
  34      AE58 BCF8 
  35 011c 8B03 0B4A 		.ascii	"\213\003\013J\222c\027/\312\307\3659d\307$r\"\200\267\374k\336"
  35      9263 172F 
  35      CAC7 F539 
  35      64C7 2472 
  35      2280 B7FC 
  36 0132 B04B C21A 		.ascii	"\260K\302\0328\312XF\246+\007\213.2+\364\3770\270\016\263\356"
  36      38CA 5846 
  36      A62B 078B 
  36      2E32 2BF4 
  36      FF30 B80E 
  37 0148 6336 18C3 		.ascii	"c6\030\303\214\347\177^\302#\030\036\244\360+U\026\312\232\216"
  37      8CE7 7F5E 
  37      C223 181E 
  37      A4F0 2B55 
  37      16CA 9A8E 
  38 015c 6A4D E01D 		.ascii	"jM\340\035'+\245;W\316o\240\261\351k\274w\255\032.`\371\320\360"
  38      272B A53B 
  38      57CE 6FA0 
  38      B1E9 6BBC 
  38      77AD 1A2E 
  39 0174 74CC 9B51 		.ascii	"t\314\233Q\266|\312\366\225\323\237\377\234Z\036\304\277n\035"
  39      B67C CAF6 
  39      95D3 9FFF 
  39      9C5A 1EC4 
  39      BF6E 1D
  40 0187 4DD8 B9BD 		.ascii	"M\330\271\275\317]_\241\350\372\264\350\013R\363\233iW\305}f"
  40      CF5D 5FA1 
  40      E8FA B4E8 
  40      0B52 F39B 
GAS LISTING /tmp/ccs2If2H.s 			page 3


  40      6957 C57D 
  41 019c 935C C8B7 		.ascii	"\223\\\310\267\307\017\367A0hw\205#\241Hw\357\335\256\330pb4"
  41      C70F F741 
  41      3068 7785 
  41      23A1 4877 
  41      EFDD AED8 
  42 01b3 12B2 6371 		.ascii	"\022\262cq;<\030\265Gb\243\211\270\375\244\267\247\363\376\275"
  42      3B3C 18B5 
  42      4762 A389 
  42      B8FD A4B7 
  42      A7F3 FEBD 
  43 01c7 7E15 1988 		.ascii	"~\025\031\210'\006\242\321\247\3010\231\203\241x\"2\364\354\022"
  43      2706 A2D1 
  43      A7C1 3099 
  43      83A1 7822 
  43      32F4 EC12 
  44 01db 37F0 EB18 		.ascii	"7\360\353\030"
  45               	.text
  46               		.section	.gnu.lto_st_lld_stop_alarm.9ecbe4bd1e0c6661,"",@progbits
  47 0000 789C 8D90 		.string	"x\234\215\220MK\202A\024\205\357\231\233\037!\255Z\326\037p\221oP\321:\\F\024\270i'I\013\
  47      4D4B 8241 
  47      1485 EF99 
  47      9B1F 21AD 
  47      5AD6 1F70 
  48 0039 8BB6 D146 		.string	"\213\266\321F\242\020\214~@\245\335Qh\335\300\235\031\016g\316s\357\270\b\264\004\242E\"\
  48      A210 8C7E 
  48      40A5 DD51 
  48      68DD C09D 
  48      190E 67CE 
  49 00a1 6523 CA8B 		.ascii	"e#\312\213\321\340\n\254\314\311]8\245\356Ku\322\274\255\260"
  49      D1E0 0AAC 
  49      CCC9 5D38 
  49      A5EE 4B75 
  49      D2BC ADB0 
  50 00b5 92C8 D2BE 		.ascii	"\222\310\322\276\363\3409\024\232\202!4\233\275gO\346G{E83\024"
  50      F3E0 3914 
  50      9A82 2134 
  50      9BBD 674F 
  50      E647 7B45 
  51 00cc D17A 7B9D 		.ascii	"\321z{\235\266\317F%\253a3\343B\272>\307\2644p\t\033\324\305"
  51      B6CF 4625 
  51      AB61 33E3 
  51      42BA 3EC7 
  51      B434 7009 
  52 00e3 EEF7 0146 		.ascii	"\356\367\001F\201<\312,\276\027\352l2\201\317\001\243!f\003\036"
  52      813C CA2C 
  52      BE17 EA6C 
  52      3281 CF01 
  52      A321 6603 
  53 00f8 37A6 FF31 		.ascii	"7\246\3771\256\376\030\327\302\220`\372\300\316\351Wi\310\031"
  53      AEFE 18D7 
  53      C290 60FA 
  53      C0CE E957 
  53      69C8 19
  54 010b 7E49 5EC6 		.ascii	"~I^\306\223\211\024\321B `\005\243\261Hl54\023Ll\245\223\261"
  54      9389 14D1 
  54      4220 6005 
GAS LISTING /tmp/ccs2If2H.s 			page 4


  54      A3B1 486C 
  54      3534 134C 
  55 0123 8895 4859 		.ascii	"\210\225HY\321\215\270\265\235H\246S\326Jhm~nv\335(\341T:\034"
  55      D18D B8B5 
  55      9D48 A653 
  55      D64A 686D 
  55      7E6E 76DD 
  56 013c 8F6F 06A2 		.ascii	"\217o\006\242\364\013Dg{,"
  56      F40B 4467 
  56      7B2C 
  57               	.text
  58               		.section	.gnu.lto_st_lld_is_alarm_active.9ecbe4bd1e0c6661,"",@progbits
  59 0000 789C 2D8E 		.ascii	"x\234-\216\273K\202Q\030\306\337\347\034o J\273\016\255\022\371"
  59      BB4B 8251 
  59      18C6 DFE7 
  59      1C6F 204A 
  59      BB0E AD12 
  60 0015 0916 FD01 		.ascii	"\t\026\375\001\316]\300\245M\222\006\005\311Pw\217v1\nJ\b\225"
  60      CE5D C0A5 
  60      4D92 0605 
  60      C950 778F 
  60      7631 0A4A 
  61 002b 868F 6F08 		.ascii	"\206\217o\b2\323\220\226\300M\234\305\302-\032\0027\301\2405"
  61      32D3 9096 
  61      C04D 9CC5 
  61      C22D 1A02 
  61      37C1 A035 
  62 003f 28EB 3D7D 		.ascii	"(\353=}\r\347\302s~\347\367\274N\002-\201h\215\210\002\274 \t"
  62      0DE7 C273 
  62      7EE7 F7BC 
  62      4E02 2D81 
  62      688D 8802 
  63 0056 A23A 222A 		.ascii	"\242:\"*y\004\240/\312\003*\n\024q!\033\022\227\265\352\233?"
  63      7904 A02F 
  63      CA03 2A0A 
  63      1471 211B 
  63      1297 B5EA 
  64 006c D454 AAAC 		.ascii	"\324T\252\254\372\215\261\277s\362\254\244%\211\256\370_4\210"
  64      FA8D B1BF 
  64      73F2 ACA4 
  64      2589 AEF8 
  64      5F34 88
  65 007f 4850 3B9A 		.ascii	"HP;\232\b\021\263\223\207y\315\347r\3507\016o\341\342\036\352"
  65      0811 B393 
  65      8779 CDE7 
  65      72E8 370E 
  65      6FE1 E21E 
  66 0094 8ED1 57F3 		.ascii	"\216\321W\363\237\212\352\017o\360\262\341\024dI.\345\315AZD"
  66      9F8A EA0F 
  66      6FF0 B2E1 
  66      1464 492E 
  66      E5CD 415A 
  67 00a9 A7BC E9DE 		.ascii	"\247\274\351\3363)\364)\247\030\324\247\355J@\013L)\330[?\032"
  67      3329 F429 
  67      A718 D4A7 
  67      ED4A 400B 
  67      4C29 D85B 
GAS LISTING /tmp/ccs2If2H.s 			page 5


  68 00bf 3CB9 CFB9 		.ascii	"<\271\317\271V@\327\364z\263Ww\361[y8\270\326\006\316f\207\223"
  68      5640 D7F4 
  68      7AB3 5777 
  68      F15B 7938 
  68      B8D6 06CE 
  69 00d6 91D7 8259 		.ascii	"\221\327\202YR\260\244\304\035\217\337\002\317\2066,\320\024"
  69      52B0 A4C4 
  69      1D8F DF02 
  69      CF86 362C 
  69      D014 
  70 00e8 075F C7B0 		.ascii	"\007_\307\260\205\322v\216?\206\246W;\201\005t\030e\346\261\322"
  70      85D2 768E 
  70      3F86 A657 
  70      3B81 0574 
  70      1865 E6B1 
  71 00fd 9236 E460 		.ascii	"\2226\344`\216\241\356\254\367\351\263!\302=C\357(/\376\023\364"
  71      8EA1 EEAC 
  71      F7E9 B321 
  71      C23D 43EF 
  71      282F FE13 
  72 0112 373A F4C8 		.ascii	"7:\364\310\202h5\0346b\251t2\275\031_\216e\367\n\271t\322\310"
  72      8268 351C 
  72      3662 A974 
  72      32BD 195F 
  72      8E65 F70A 
  73 012a E68D D44E 		.ascii	"\346\215\324N\306\330\317\346\nyc=\276\265\022\215l\353$\221"
  73      C6D8 CFE6 
  73      0A79 633D 
  73      BEB5 128D 
  73      6CEB 2491 
  74 013e 2F24 3299 		.ascii	"/$2\231\335p\212~\001\215\235o\303"
  74      DD70 8A7E 
  74      018D 9D6F 
  74      C3
  75               	.text
  76               		.section	.gnu.lto_stInit.9ecbe4bd1e0c6661,"",@progbits
  77 0000 789C 6365 		.string	"x\234ce`dX\314\300\300\240\002\304\322@\314\310\314\300\3104\341\034\003C#\007\023##\210\
  77      6064 58CC 
  77      C0C0 A002 
  77      C4D2 40CC 
  77      C8CC C0C8 
  78 00d3 B480 42BB 		.ascii	"\264\200B\273"
  79               	.text
  80               		.section	.gnu.lto_stStartAlarm.9ecbe4bd1e0c6661,"",@progbits
  81 0000 789C 6D50 		.string	"x\234mP\317KTQ\024>\337;w\336<\177\245\013\027-D$\020\021j\336\246\377@p+h\373P\t\034*\00
  81      CF4B 5451 
  81      143E DF3B 
  81      77DE 3C7F 
  81      A50B 172D 
  82 007e 451E 1B44 		.ascii	"E\036\033D\270\305\363\214\255\311\267%\257s\331J\304\363e\377"
  82      B8C5 F38C 
  82      ADC9 B725 
  82      AF73 D94A 
  82      C4F3 65FF 
  83 0092 BA9D 38ED 		.ascii	"\272\2358\355\230('G\003\313\350\024\324v\345k\334x\223\035\003"
  83      9828 2747 
  83      03CB E814 
GAS LISTING /tmp/ccs2If2H.s 			page 6


  83      D476 E56B 
  83      DC78 931D 
  84 00a7 9EA4 FB9F 		.ascii	"\236\244\373\237\366\362u\232zh\222\364\373\312\372\313Fn\007"
  84      F6F2 759A 
  84      7A68 92F4 
  84      FBCA FACB 
  84      466E 07
  85 00ba C97B F7DD 		.ascii	"\311{\367\335\321\033t,Y;f\343\303>\333\354\230\261\002\026>"
  85      D11B 742C 
  85      593B 66E3 
  85      C33E DBEC 
  85      98B1 0216 
  86 00cf DC47 0BEE 		.ascii	"\334G\013\356\241\205\244D(\242C\341\2576\216g\033|\263\370{"
  86      A185 A444 
  86      28A2 43E1 
  86      AF36 8E67 
  86      1B7C B3F8 
  87 00e4 241E C017 		.ascii	"$\036\300\027[\220\302\332>b{\\\231\264\361\227\273x\336\035"
  87      5B90 C2DA 
  87      3E62 7B5C 
  87      99B4 F197 
  87      BB78 DE1D 
  88 00f8 1869 343E 		.ascii	"\030i4>\252\2354%`\2653\315\236\336\374\001\343\205\312\r\326"
  88      AA9D 3425 
  88      60B5 33CD 
  88      9EDE FC01 
  88      E385 CA0D 
  89 010d F63C 1B21 		.ascii	"\366<\033!.\225\016\017\222\321\017\0338N\344X)\037\"\022\006"
  89      2E95 0E0F 
  89      92D1 0F1B 
  89      384E E458 
  89      291F 2212 
  90 0122 9F5E 237B 		.ascii	"\237^#{\320\365\00787\261\365,\251^\f\b\253\"OcZ$\226[\2055\333"
  90      D0F5 0738 
  90      37B1 F52C 
  90      A95E 0C08 
  90      AB22 4F63 
  91 013d A648 FA97 		.ascii	"\246H\372\2270\231\223\251\2045!\374\233 \250.`\374\333\223\243"
  91      3099 93A9 
  91      8435 21FC 
  91      9B20 A82E 
  91      60FC DB93 
  92 0152 5382 9335 		.ascii	"S\202\2235\006jKk;w\212\227\035\362\243M\216k\260!\253_\3279"
  92      066A 4B6B 
  92      3B77 8A97 
  92      1DF2 A34D 
  92      8E6B B021 
  93 016a F251 79BF 		.ascii	"\362Qy\277\271Z#\340\005k\333\224`\023\016\325\201x\204\310q"
  93      B95A 23E0 
  93      056B DB94 
  93      6013 0ED5 
  93      8178 84C8 
  94 017f 6D55 8AF9 		.ascii	"mU\212\371\3450[Xj\370\217\232\272\234\210%<\0265y\366\035\327"
  94      E530 5B58 
  94      6AF8 8F9A 
  94      BA9C 8825 
  94      3C16 3579 
GAS LISTING /tmp/ccs2If2H.s 			page 7


  95 0196 D347 8C15 		.ascii	"\323G\214\025\2123'D\032S\342_(D\363\231T*\354\032J\017\244{"
  95      8A33 2744 
  95      1A53 E25F 
  95      2844 F399 
  95      542A EC1A 
  96 01ae FACE F55E 		.ascii	"\372\316\365^\b\257e\302\241\376+afxP\357\213\231\221\324 %\373"
  96      08AF 65C2 
  96      A1FE 2B61 
  96      6678 50EF 
  96      8B99 91D4 
  97 01c5 0732 23E9 		.ascii	"\0072#\351\253\227~\002=y\257\264"
  97      AB97 7E02 
  97      3D79 AFB4 
  98               	.text
  99               		.section	.gnu.lto_stStopAlarm.9ecbe4bd1e0c6661,"",@progbits
 100 0000 789C 6365 		.string	"x\234ce`dX\312\300\300\240\002\304\322@\314\310\314\300\3104\341\034\003C#\007\023##\210\
 100      6064 58CA 
 100      C0C0 A002 
 100      C4D2 40CC 
 100      C8CC C0C8 
 101 004e 2A7B B4F1 		.string	"*{\264\361\337T^6\026\2108\343\nF6F \275\376\022\343\201\206\177\377\333\033\016\034Y\314
 101      DF54 5E36 
 101      1688 38E3 
 101      0A46 3646 
 101      20BD FE12 
 102 00d5 2CCB 437A 		.ascii	",\313Cz"
 103               	.text
 104               		.section	.gnu.lto_stSetAlarm.9ecbe4bd1e0c6661,"",@progbits
 105 0000 789C 5D50 		.ascii	"x\234]PMkSQ\020\235\363\346\345\345\265\251\266\013\027.J)\212"
 105      4D6B 5351 
 105      109D F3E6 
 105      E5E5 B5A9 
 105      B60B 172E 
 106 0017 9482 E609 		.ascii	"\224\202\346\t\326_\220\205\033E1.\334\225\246\n\tF#I\366\271"
 106      D65F 9085 
 106      1B45 312E 
 106      DC95 A60A 
 106      0946 2349 
 107 002d 6D53 0B06 		.ascii	"mS\013\006\252\033\215)\204'T\251\266\332\217\370E\nb\b\270\020"
 107      AA1B 8D29 
 107      8427 54A9 
 107      B6DA 8FF8 
 107      450A 6208 
 108 0043 A542 176E 		.ascii	"\245B\027nZEJ\024\252\025\205.D\305\306\271\257\226F/\\\346\316"
 108      5A45 4A14 
 108      AA15 852E 
 108      44C5 C6B9 
 108      AF96 462F 
 109 005a DC33 67CE 		.ascii	"\3343g\316\034\037\201\366\033D\021\"\352\221\013\037\301\270"
 109      1C1F 81F6 
 109      1B44 1122 
 109      EA91 0B1F 
 109      C1B8 
 110 006c BA40 3460 		.ascii	"\272@4`\033\006\317w\220j1\3378\244\232\031\346f\331\004\364"
 110      1B06 CF77 
 110      906A 31DF 
 110      38A4 9A19 
GAS LISTING /tmp/ccs2If2H.s 			page 8


 110      E666 D904 
 111 0081 43D9 A08C 		.ascii	"C\331\240\214\301&2\270\302yFu\344c\331\350\236Pr*\371\222\377"
 111      C126 32B8 
 111      C279 4675 
 111      E463 D9E8 
 111      9E50 722A 
 112 0098 921A DEED 		.ascii	"\222\032\336\3552QA\256>\230@\267\240\236\327\277WZG\331e\300"
 112      3251 41AE 
 112      3E98 40B7 
 112      A09E D7BF 
 112      575A 47D9 
 113 00ae 9074 F1DB 		.ascii	"\220t\361\333\253b@\247\006\332$\37559\273\334\312\373@\362~"
 113      AB62 40A7 
 113      06DA 24FD 
 113      3539 BBDC 
 113      CAFB 40F2 
 114 00c3 B9BA FE01 		.ascii	"\271\272\376\001]\267\225\032T\225\345\260\332\3452c\022,|\270"
 114      5DB7 951A 
 114      5495 E5B0 
 114      DAE5 3263 
 114      122C 7CB8 
 115 00d7 8B76 DC41 		.ascii	"\213v\334A;I\2110\205.\r_\231\333\270\266\3032\307\267F\342\036"
 115      3B49 8930 
 115      852E 0D5F 
 115      99DB B8B6 
 115      C332 C7B7 
 116 00ee 2C48 90C2 		.ascii	",H\220\302\314\""
 116      CC22 
 117 00f4 2A6A A33E 		.string	"*j\243>\242*\265[xz\3046\245\321\264\340u\322e\001\353url\350\310\2371t\363\353(\353\366\
 117      A22A B55B 
 117      787A C436 
 117      A5D1 B4E0 
 117      75D2 6501 
 118 01f5 0D25 2EA4 		.ascii	"\r%.\244\223\261\310\026\376b\"\231N9\307\302'z\016\035<\375"
 118      93B1 C816 
 118      FE62 2299 
 118      4E39 C7C2 
 118      277A 0E1D 
 119 020b B7B3 371E 		.ascii	"\267\2637\036?\023\214\322\037\241s\325\355"
 119      3F13 8CD2 
 119      1FA1 73D5 
 119      ED
 120               	.text
 121               		.section	.gnu.lto_stGetAlarm.9ecbe4bd1e0c6661,"",@progbits
 122 0000 789C 5D50 		.ascii	"x\234]P\317KTa\024\275\347\3357\357\215\216\245\313\b\021i\347"
 122      CF4B 5461 
 122      14BD E7DD 
 122      37EF 8D8E 
 122      A5CB 0811 
 123 0016 A279 41F6 		.ascii	"\242yA\366\027\314\242\225\024\331\"\332H\332b\206\206&ff\377"
 123      17CC A295 
 123      14D9 22DA 
 123      48DA 6286 
 123      8626 6666 
 124 002b 3E75 429A 		.ascii	">uB\232@\335\244M5\274`\026V\226\277\262\205n\032\204\210\240"
 124      40DD A44D 
 124      35BC 6016 
GAS LISTING /tmp/ccs2If2H.s 			page 9


 124      5696 BFB2 
 124      856E 1A84 
 125 0041 2C5C 48E0 		.ascii	",\\H\340&\304Me\024\265\210\204q\272\367\2458\266\370\336\367"
 125      26C4 4D65 
 125      14B5 8884 
 125      71BA F7A5 
 125      38B6 F8DE 
 126 0056 EEF9 CE3D 		.ascii	"\356\371\316=\367\334\023!\320\016\210.\023Q\267\034D\b\326\370"
 126      F7DC 1321 
 126      D00E 882E 
 126      1351 B71C 
 126      4408 D6F8 
 127 006a 2AD1 60D4 		.ascii	"*\321`\324\262x\271\203L\213\275\356\221if\330\377`\033\320\037"
 127      B278 B983 
 127      4C8B BDEE 
 127      9169 66D8 
 127      FF60 1BD0 
 128 007f 1305 F916 		.ascii	"\023\005\371\026\333\3601\306\223\214W\365\337\325\326Q\016X"
 128      DBF0 31C6 
 128      938C 57F5 
 128      DFD5 D651 
 128      0E58 
 129 0091 FAA5 5CFB 		.ascii	"\372\245\\\373\361\266\034\323\022h\223rn\375\365G\267k\312\230"
 129      F1B6 1CD3 
 129      1268 9372 
 129      6EFD F547 
 129      B76B CA98 
 130 00a5 2153 9DFC 		.ascii	"!S\235\374\351\336/~0\221\200-*\t\375\021\3321\205v\035\376\030"
 130      E9DE 2F7E 
 130      3091 802D 
 130      2A09 FD11 
 130      DA31 8576 
 131 00bc 5D24 ECCD 		.ascii	"]$\354\315\371\335;G\034\273\302\244\004\301\237\300\021\217"
 131      F9DD 3B47 
 131      1CBB C2A4 
 131      04C1 9FC0 
 131      118F 
 132 00ce 1060 760D 		.ascii	"\020`v\rU\263[\0371\325\255\njg]\233\002fG>6QQ\270j\355\266\b"
 132      55B3 5B1F 
 132      31D5 AD0A 
 132      6A67 5D9B 
 132      0266 473E 
 133 00ea CBCD 5F31 		.ascii	"\313\315_1\374\360\373\030kw\231m\321]Z\332\336p\375\232\211"
 133      FCF0 FB18 
 133      6B77 996D 
 133      D15D 5ADA 
 133      DE70 FD9A 
 134 00ff 061C 29B1 		.ascii	"\006\034)\261*N\303\227^\207\266P\330H\034\020'n\256\274w\325"
 134      2A4E C397 
 134      5E87 B650 
 134      D848 1C10 
 134      276E AEBC 
 135 0115 BD90 F034 		.ascii	"\275\220\3604\364\246\262L\313\035\242Z\350T&\035\026tK2\225"
 135      F4A6 B24C 
 135      CB1D A25A 
 135      E854 261D 
 135      1674 4B32 
GAS LISTING /tmp/ccs2If2H.s 			page 10


 136 012a F04C 041B 		.ascii	"\360L\004\033\005$%)\207w^\376:*\274c\002\350V\212\275\2717}"
 136      0524 2529 
 136      8777 5EFE 
 136      3A2A BC63 
 136      02E8 568A 
 137 0142 2D40 79B0 		.ascii	"-@y\260-\340&\314J\2143:G\036\352_\026f\232\204|\327\230N\025"
 137      2DE0 26CC 
 137      4A8C 333A 
 137      471E EA5F 
 137      1666 9A84 
 138 015b 9843 8070 		.ascii	"\230C\200p \346\341\007\334\034Z\261\303\r?ce\342\317\273\305"
 138      20E6 E107 
 138      DC1C 5AB1 
 138      C30D 3F63 
 138      65E2 CFBB 
 139 0170 07C7 0F42 		.ascii	"\007\307\017B\013\303\022#\013\272\213\323h%\206\377,\307*\232"
 139      0BC3 1223 
 139      0BBA 8BD3 
 139      6825 86FF 
 139      2CC7 2A9A 
 140 0184 8160 DB85 		.ascii	"\201`\333\205\315\325\230z1\b\270\005\213b\346\271\232\301\013"
 140      CDD5 987A 
 140      3108 B805 
 140      8B62 E6B9 
 140      9AC1 0B
 141 0197 194D DF30 		.ascii	"\031M\3370\364\351Vm/FG\223(J\237\214\227}O\304\343^\"\231\352"
 141      F4E9 566D 
 141      2F46 4793 
 141      284A 9F8C 
 141      977D 4FC4 
 142 01b0 4F9D EB3D 		.ascii	"O\235\353=y\341\242\227\311y\311+i/\227\035\320\273/\227\217"
 142      79E1 A297 
 142      C979 C92B 
 142      692F 971D 
 142      D0BB 2F97 
 143 01c5 0FD0 9906 		.ascii	"\017\320\231\006J\"s=\237M\365\357\363nd\262\371\234\327\323"
 143      4A22 733D 
 143      9F4D F5EF 
 143      F36E 64B2 
 143      F99C D7D3 
 144 01d9 7BBE FBF4 		.ascii	"{\276\373\364\251K{\035}\351\364\325x\222\376\002i\303\304W"
 144      A94B 7B1D 
 144      7DE9 F4D5 
 144      7892 FE02 
 144      69C3 C457 
 145               	.text
 146               		.section	.gnu.lto_.symbol_nodes.9ecbe4bd1e0c6661,"",@progbits
 147 0000 789C 5D8E 		.ascii	"x\234]\216K\n\3020\024EO\222\246\266\024]\203\350\026\004\005"
 147      4B0A C230 
 147      1445 4F92 
 147      A6B6 145D 
 147      83E8 1604 
 148 0015 FF2B 7BC1 		.ascii	"\377+{\301\025\270\006q\tNtd\375\316\\\203\202\353\020cZ\301"
 148      15B8 0671 
 148      094E 7464 
 148      FDCE 5C83 
 148      82EB 1063 
GAS LISTING /tmp/ccs2If2H.s 			page 11


 149 002b 38BA DC73 		.ascii	"8\272\334s.\217gQt\025\240\373\002\313\033\370\330\272\322\245"
 149      2E8F 6751 
 149      7415 A0FB 
 149      02CB 1BF8 
 149      D8BA D2A5 
 150 003f 60CF 98B6 		.ascii	"`\317\230\266W\366D\362I=\020\3657\321C\321\377h$\346\213vn\356"
 150      57F6 44F2 
 150      493D 10F5 
 150      37D1 43D1 
 150      FF68 24E6 
 151 0057 C158 9208 		.ascii	"\301X\222\b\330#\270\016\030=\021\033O\247\222\306\323\013\252"
 151      D823 B80E 
 151      183D 111B 
 151      4FA7 92C6 
 151      D30B AA
 152 006a 9AEE 9146 		.ascii	"\232\356\221F\254\256\350\240T\211dA\371\263n\006\352\200\344"
 152      ACAE E8A0 
 152      5489 6441 
 152      F9B3 6E06 
 152      EA80 E4
 153 007d BFC0 D826 		.ascii	"\277\300\330&\353\373K\2314a\025\262\305s\3233\376\333\305\303"
 153      EBFB 4B99 
 153      3461 15B2 
 153      C573 D333 
 153      FEDB C5C3 
 154 0091 D7CC 5438 		.ascii	"\327\314T8\257u^\351\242\256E\250\274\001\311\233Gn"
 154      AF75 5EE9 
 154      A2AE 45A8 
 154      BC01 C99B 
 154      476E 
 155               	.text
 156               		.section	.gnu.lto_.refs.9ecbe4bd1e0c6661,"",@progbits
 157 0000 789C 15C8 		.string	"x\234\025\310\311\r\200@\f\004\301\351\266\315\212#\034\362\217\r\366URM\310\233d\002D\26
 157      C90D 8040 
 157      0C04 C1E9 
 157      B6CD 8A23 
 157      1CF2 8F0D 
 158 0030 198C 00   		.string	"\031\214"
 159 0033 CB        		.ascii	"\313"
 160               	.text
 161               		.section	.gnu.lto_.decls.9ecbe4bd1e0c6661,"",@progbits
 162 0000 789C AD56 		.ascii	"x\234\255V{LTW\032\277\347\336\031`\206\031e\2111n\026\262hS"
 162      7B4C 5457 
 162      1ABF E7DE 
 162      1960 8619 
 162      6589 316E 
 163 0018 4336 CB0C 		.ascii	"C6\313\fT\313\306\246\311fK\262\335M\366\321\210m\366\237\315"
 163      54CB C6A6 
 163      C966 4BB2 
 163      DD4D F6D1 
 163      886D F69F 
 164 002d 0487 B14C 		.ascii	"\004\207\261L2\016\204\0316\353\177\027\006\n\325VY\245B\251"
 164      320E 8419 
 164      36EB 7F17 
 164      060A D556 
 164      59A5 42A9 
 165 0041 16B0 68A9 		.ascii	"\026\260h\251b\005A\220UdV\304*\017\031^\345\r\002-\017_<\244"
GAS LISTING /tmp/ccs2If2H.s 			page 12


 165      6205 4190 
 165      5564 56C4 
 165      2A0F 195E 
 165      E50D 022D 
 166 0059 0579 EE77 		.ascii	"\005y\356w\036w\346\016:f7\351\r\037\367~\347\374\316\357\367"
 166      1E77 E60E 
 166      3A66 37E9 
 166      0D1F F77E 
 166      E7FC CEEF 
 167 006e 7DE7 7CE7 		.ascii	"}\347|\347\234Qr\210K\327p\\\005\317qN\260uxT\034\307]\004\003"
 167      9C51 7288 
 167      4BD7 705C 
 167      05CF 714E 
 167      B075 7854 
 168 0087 97AB 02AB 		.ascii	"\227\253\002\253\345\350\243\006s\201u\200\365\203\r\202\r\203"
 168      E5E8 A306 
 168      7381 7580 
 168      F583 0D82 
 168      0D83 
 169 0099 8D80 8D81 		.ascii	"\215\200\215\201\215\203M\202=\006S\202\315\202\315\203-\200"
 169      8D83 4D82 
 169      3D06 5382 
 169      CD82 CD83 
 169      2D80 
 170 00ab AD61 02C4 		.ascii	"\255a\002\304y=E\340\373\303\373=\260`\260-`\315`\241\030\n}"
 170      793D 45E0 
 170      FBC3 FB3D 
 170      B060 B02D 
 170      60CD 60A1 
 171 00c2 AB0C 8798 		.ascii	"\253\f\207\230.\357\203\347K\360\025\214\347Ec;\244!\033\306"
 171      2EEF 83E7 
 171      4BF0 158C 
 171      E745 633B 
 171      A421 1BC6 
 172 00d6 55B3 71DF 		.ascii	"U\263q\337\372\030\327\357c\3345\360\005\246\307\303w;k\347\331"
 172      FA18 D7EF 
 172      63DC 35F0 
 172      05A6 C7C3 
 172      773B 6BE7 
 173 00eb 9C4C 72CF 		.ascii	"\234Lr\317?u\200\323\276 W\254-@_\037\274\025\210\316\367\025"
 173      3F75 80D3 
 173      BE20 57AC 
 173      2D40 5F1F 
 173      BC15 88CE 
 174 0101 B047 604A 		.ascii	"\260G`J\360[\331x\034\3470\213\3511\233\017\034\326\354\006\235"
 174      F05B D978 
 174      1CE7 308B 
 174      E931 9B0F 
 174      1CD6 EC06 
 175 0116 FA97 C436 		.ascii	"\372\227\3046\302\346b\343\363\315\377\030\033\256\203\353,6"
 175      C2E6 62E3 
 175      F3CD FF18 
 175      1BAE 83EB 
 175      2C36 
 176 0128 F95C 61BD 		.ascii	"\371\\a\2751YlX\013\257\373\332\006\235"
 176      3159 6C58 
 176      0BAF FBDA 
GAS LISTING /tmp/ccs2If2H.s 			page 13


 176      069D 
 177 0136 16A6 B351 		.string	"\026\246\263Qc\347\377\2413\276A\307][\262'W@m\351e\247\204\243\002\nV#\005\270\263-\371c
 177      63E7 FFA1 
 177      33BE 41C7 
 177      5D5B B227 
 177      5740 6DE9 
 178 0237 5E9D 71AD 		.string	"^\235q\255j\350T\252\301\255\375p~M\345s\035\256J\353PM\343\352\356M\257ak\032\bn\365\310
 178      6AE8 54AA 
 178      C1AD FD70 
 178      7E4D E573 
 178      1DAE 4AEB 
 179 0294 4149 B063 		.ascii	"AI\260c\005\3213\006^\330\210\273.=\b\221vh\345\311\177\n\244"
 179      05D1 3306 
 179      5ED8 88BB 
 179      2E3D 0891 
 179      7668 E5C9 
 180 02ab 5069 841B 		.string	"Pi\204\033B]\236Q\222?\366F2FNj\222s\3406^\252?$\r\204\036\036\003\344\341prm\357XY\374\3
 180      425D 9E51 
 180      923F F646 
 180      3246 4E6A 
 180      9273 E036 
 181 03ac 0862 BF82 		.ascii	"\bb\277\202d\3274\332\254\336v\022\023\200R\020\217\336\333\352"
 181      64D7 34DA 
 181      ACDE 7612 
 181      1380 5210 
 181      8FDE DBEA 
 182 03c0 D6E2 502B 		.ascii	"\326\342P+\332\006\377\357!\005%x\342Z}\272iG\241\350\274\017"
 182      DA06 FFEF 
 182      2105 2578 
 182      E25A 7DBA 
 182      6947 A1E8 
 183 03d6 2935 FEFA 		.ascii	")5\376\372BO\216(\302\216\020\221\002#Q\235G\263\216\234s\350"
 183      424F 8E28 
 183      C28E 1091 
 183      0223 519D 
 183      47B3 8E9C 
 184 03ec 061A 82DA 		.ascii	"\006\032\202\332p\241\0350\270\177\275\246P+4\221C\022\271\252"
 184      70A1 1D30 
 184      B87F BDA6 
 184      502B 3491 
 184      4312 B9AA 
 185 0400 BA1E 229F 		.ascii	"\272\036\"\237\262\355Dv?S\275\365}^\201\244\332\027\221!:\323"
 185      B2ED 4476 
 185      3F53 BDF5 
 185      7D5E 81A4 
 185      DA17 9121 
 186 0416 44B1 90C7 		.ascii	"D\261\220\307 \324\346Ql\223+v\020\305{+w\312\375\204A\252\330"
 186      20D4 E651 
 186      6C93 2B76 
 186      10C5 7B2B 
 186      77CA FD84 
 187 042d D2D0 91E7 		.ascii	"\322\320\221\347/\314\3233zt\361q\267\200T\364\210\016\317\304"
 187      2FCC D333 
 187      7A74 F171 
 187      B780 54F4 
 187      880E CFC4 
 188 0441 F3EC 14B3 		.ascii	"\363\354\024\263\203\220\373P\354\205Y\376\026\301O$\324\r\220"
GAS LISTING /tmp/ccs2If2H.s 			page 14


 188      8390 FB50 
 188      EC85 59FE 
 188      16C1 4F24 
 188      D40D 90
 189 0454 1E72 1207 		.ascii	"\036r\022\007\220\026r\b\007\221O\331\331\016.\352\362\234\355"
 189      9016 7208 
 189      0791 4FD9 
 189      D90E 2EEA 
 189      F29C ED
 190 0467 A0B7 E828 		.ascii	"\240\267\350(\357R\3113\304\020O\212}^)\016\236\030\352E,\305"
 190      EF52 C933 
 190      C410 4F8A 
 190      7D5E 290E 
 190      9E18 EA45 
 191 047d C637 DC29 		.ascii	"\3067\334)\002\buzR\354\224\247\330OR\314\274\374dX),\321\024"
 191      0208 757A 
 191      52EC 94A7 
 191      D84F 52CC 
 191      BCFC 6458 
 192 0495 3FEF CB39 		.ascii	"?\357\3139\207Y\n\201\245u2r\002\226\006\212NT\220\251\032\360"
 192      8759 0A81 
 192      A575 3272 
 192      0296 068A 
 192      4E54 90A9 
 193 04ab F00C C879 		.ascii	"\360\f\310y\006\t\217\243\264\357\260R(\026\bO\336\312\342\234"
 193      0609 8FA3 
 193      B4EF B052 
 193      2816 084F 
 193      DECA E29C 
 194 04bf C078 1EFC 		.ascii	"\300x\036\374\234F\003\265\213\227x\310\3032$g\031&,w\227/o\022"
 194      9C46 03B5 
 194      8B97 78C8 
 194      C332 2467 
 194      1926 2C77 
 195 04d7 CA29 49E5 		.ascii	"\312)I\345\327\235S\nF\322\367\0137\t\016\345\276\207\344\276"
 195      D79D 530A 
 195      46D2 F70B 
 195      3709 0EE5 
 195      BE87 E4BE 
 196 04eb 9C64 8490 		.ascii	"\234d\204\220\034\257X(P\n\265\224\245x\346\370\224\212\2614"
 196      1CAF 5828 
 196      500A B594 
 196      A578 E6F8 
 196      948A B134 
 197 04ff 867A 8532 		.ascii	"\206z\2052\352a\031\225\263\214\021\226\322y\327e\255p\207\262"
 197      EA61 1995 
 197      B38C 1196 
 197      D279 D765 
 197      AD70 87B2 
 198 0513 64B7 7F38 		.ascii	"d\267\1778\350U\344\270\376=k\361\275\327Z\224,e?\360c\222\367"
 198      E855 E4B8 
 198      FE3D 6BF1 
 198      BDD7 5A94 
 198      2C65 3FF0 
 199 052a 0AB6 B689 		.ascii	"\n\266\266\211b\211\210w\025\240\320w\036\315\357\344\232\343"
 199      6289 8877 
 199      15A0 D077 
GAS LISTING /tmp/ccs2If2H.s 			page 15


 199      1ECD EFE4 
 199      9AE3 
 200 053c 4473 F6A3 		.ascii	"Ds\366\243\351\302\315B\007\213\274j\245\036/\306}\274\375\033"
 200      E9C2 CD42 
 200      078B BC6A 
 200      A51E 2FC6 
 200      7DBC FD1B 
 201 0550 7717 94E5 		.ascii	"w\027\224\345\210YjR\332h\302\3032\301j\006M\022\006\347Lq\236"
 201      8859 6A52 
 201      DA68 C2C3 
 201      32C1 6A06 
 201      4D12 06E7 
 202 0567 200C 5386 		.ascii	" \fS\206\001\307\211J?\371\215\203"
 202      01C7 894A 
 202      3FF9 8D83 
 203 0573 EF27 CF8D 		.string	"\357'\317\215\363\200\3368x\324'ye<\331\327\320\306\366\265k\244\373\210\357\r\366\210d\3
 203      F380 DE38 
 203      78D4 2779 
 203      653C D9D7 
 203      D0C6 F6B5 
 204 0674 B4EC 75AC 		.string	"\264\354u\254\264g\034\036V\343\237K\216\347n\206\0258\263B\331\315\260\004\215\317\350O\
 204      B467 1C1E 
 204      56E3 9F4B 
 204      8EE7 6E86 
 204      1538 B342 
 205 0772 B598 AD29 		.ascii	"\265\230\255)\377\214\336-\365\231,\007\364f\253\321\222\022"
 205      FF8C DE2D 
 205      F599 2C07 
 205      F466 ABD1 
 205      9212 
 206 0784 6FD2 1F8C 		.ascii	"o\322\037\2143&\230\255&\275!\336t .\305b7\330\017%\231l\272"
 206      3326 98AD 
 206      26BD 21DE 
 206      7420 2EC5 
 206      6237 D80F 
 207 079c 042E 4092 		.ascii	"\004.@\222\331\373S\310\330\016\331\364\220O<p\002\267\n\\\273"
 207      D9FB 53C8 
 207      D80E D9F4 
 207      904F 3C70 
 207      02B7 0A5C 
 208 07b1 F9A0 C960 		.ascii	"\371\240\311`\337\241\323\351c\022\314\373\315\177\215\215\330"
 208      DFA1 D3E9 
 208      6312 CCFB 
 208      CD7F 8D8D 
 208      D8
 209 07c2 BB4F 9F68 		.ascii	"\273O\237h\323[\315\026\367(c\002\200_"
 209      D35B CD16 
 209      F728 6302 
 209      805F 
 210 07d0 9741 6212 		.ascii	"\227Ab\022\255\366d\363~\214K\210\263\350\223\022\223\3556\375"
 210      ADF6 64F3 
 210      7E8C 4B88 
 210      B3E8 9312 
 210      93ED 36FD 
 211 07e4 9F63 DF01 		.ascii	"\237c\337\001\271\277\341\026\003\2359\030\3653\367\034&&\321"
 211      B9BF E116 
 211      039D 3918 
GAS LISTING /tmp/ccs2If2H.s 			page 16


 211      F533 F71C 
 211      2626 D1
 212 07f7 29DC CA5A 		.ascii	")\334\312Z\3146\352\033\342\214v\363?LJ\303[\220\226\237\315"
 212      CC36 EA1B 
 212      E28C 76F3 
 212      3F4C 4AC3 
 212      5B90 969F 
 213 080c FE47 ABF9 		.ascii	"\376G\253\371\005\341`\031[\262\221\221\353\214\234\306f\217"
 213      05E1 6019 
 213      5BB2 9191 
 213      EB8C 9CC6 
 213      668F 
 214 081e C5EB F23B 		.ascii	"\305\353\362;\314\021\210\235\304$\362\255\206o\223]\372|\333"
 214      CC11 889D 
 214      C424 F2AD 
 214      866F 935D 
 214      FA7C DB
 215 0831 E446 5055 		.ascii	"\344FPU`W\031\023b\017\331\376\020g\261k\345$\234\326`8\220b"
 215      6057 1913 
 215      620F D9FE 
 215      1067 B16B 
 215      E524 9CD6 
 216 0849 351A 0CBA 		.ascii	"5\032\f\272]\321{\366\004H^\240\207P\016\371Mdt\240\207\337\253"
 216      5DD1 7BF6 
 216      0448 5EA0 
 216      8750 0EF9 
 216      4D64 74A0 
 217 0860 272A D27F 		.ascii	"'*\322\177\337[\22111{#5)V\233\371}\253)>\ff<\366')\024\322t"
 217      DF5B 9131 
 217      317B 2335 
 217      2956 9BF9 
 217      7DAB 293E 
 218 087d 20F9 F53D 		.ascii	" \371\365=\321{py\020\241}\177\212\374/\230,\315("
 218      D17B 7079 
 218      10A1 7D7F 
 218      8AFC 2F98 
 218      2CCD 28
 219               	.text
 220               		.section	.gnu.lto_.symtab.9ecbe4bd1e0c6661,"",@progbits
 221 0000 7374 496E 		.string	"stInit"
 221      6974 00
 222 0007 00        		.string	""
 223 0008 00        		.string	""
 224 0009 00        		.string	""
 225 000a 00        		.string	""
 226 000b 00        		.string	""
 227 000c 00        		.string	""
 228 000d 00        		.string	""
 229 000e 00        		.string	""
 230 000f 00        		.string	""
 231 0010 00        		.string	""
 232 0011 00        		.string	""
 233 0012 DD00      		.string	"\335"
 234 0014 00        		.string	""
 235 0015 00        		.string	""
 236 0016 7374 5374 		.string	"stStartAlarm"
 236      6172 7441 
GAS LISTING /tmp/ccs2If2H.s 			page 17


 236      6C61 726D 
 236      00
 237 0023 00        		.string	""
 238 0024 00        		.string	""
 239 0025 00        		.string	""
 240 0026 00        		.string	""
 241 0027 00        		.string	""
 242 0028 00        		.string	""
 243 0029 00        		.string	""
 244 002a 00        		.string	""
 245 002b 00        		.string	""
 246 002c 00        		.string	""
 247 002d 00        		.string	""
 248 002e DF00      		.string	"\337"
 249 0030 00        		.string	""
 250 0031 00        		.string	""
 251 0032 7374 5374 		.string	"stStopAlarm"
 251      6F70 416C 
 251      6172 6D00 
 252 003e 00        		.string	""
 253 003f 00        		.string	""
 254 0040 00        		.string	""
 255 0041 00        		.string	""
 256 0042 00        		.string	""
 257 0043 00        		.string	""
 258 0044 00        		.string	""
 259 0045 00        		.string	""
 260 0046 00        		.string	""
 261 0047 00        		.string	""
 262 0048 00        		.string	""
 263 0049 E100      		.string	"\341"
 264 004b 00        		.string	""
 265 004c 00        		.string	""
 266 004d 7374 5365 		.string	"stSetAlarm"
 266      7441 6C61 
 266      726D 00
 267 0058 00        		.string	""
 268 0059 00        		.string	""
 269 005a 00        		.string	""
 270 005b 00        		.string	""
 271 005c 00        		.string	""
 272 005d 00        		.string	""
 273 005e 00        		.string	""
 274 005f 00        		.string	""
 275 0060 00        		.string	""
 276 0061 00        		.string	""
 277 0062 00        		.string	""
 278 0063 E300      		.string	"\343"
 279 0065 00        		.string	""
 280 0066 00        		.string	""
 281 0067 7374 4765 		.string	"stGetAlarm"
 281      7441 6C61 
 281      726D 00
 282 0072 00        		.string	""
 283 0073 00        		.string	""
 284 0074 00        		.string	""
 285 0075 00        		.string	""
GAS LISTING /tmp/ccs2If2H.s 			page 18


 286 0076 00        		.string	""
 287 0077 00        		.string	""
 288 0078 00        		.string	""
 289 0079 00        		.string	""
 290 007a 00        		.string	""
 291 007b 00        		.string	""
 292 007c 00        		.string	""
 293 007d E600      		.string	"\346"
 294 007f 00        		.string	""
 295 0080 00        		.string	""
 296 0081 5442 3043 		.string	"TB0CCR0"
 296      4352 3000 
 297 0089 00        		.string	""
 298 008a 02        		.ascii	"\002"
 299 008b 00        		.string	""
 300 008c 00        		.string	""
 301 008d 00        		.string	""
 302 008e 00        		.string	""
 303 008f 00        		.string	""
 304 0090 00        		.string	""
 305 0091 00        		.string	""
 306 0092 00        		.string	""
 307 0093 00        		.string	""
 308 0094 FE00      		.string	"\376"
 309 0096 00        		.string	""
 310 0097 00        		.string	""
 311 0098 5442 3043 		.string	"TB0CCTL0"
 311      4354 4C30 
 311      00
 312 00a1 00        		.string	""
 313 00a2 02        		.ascii	"\002"
 314 00a3 00        		.string	""
 315 00a4 00        		.string	""
 316 00a5 00        		.string	""
 317 00a6 00        		.string	""
 318 00a7 00        		.string	""
 319 00a8 00        		.string	""
 320 00a9 00        		.string	""
 321 00aa 00        		.string	""
 322 00ab 00        		.string	""
 323 00ac 00        		.string	""
 324 00ad 0100      		.string	"\001"
 325 00af 00        		.string	""
 326 00b0 7374 5F6C 		.string	"st_lld_init"
 326      6C64 5F69 
 326      6E69 7400 
 327 00bc 00        		.string	""
 328 00bd 02        		.ascii	"\002"
 329 00be 00        		.string	""
 330 00bf 00        		.string	""
 331 00c0 00        		.string	""
 332 00c1 00        		.string	""
 333 00c2 00        		.string	""
 334 00c3 00        		.string	""
 335 00c4 00        		.string	""
 336 00c5 00        		.string	""
 337 00c6 00        		.string	""
GAS LISTING /tmp/ccs2If2H.s 			page 19


 338 00c7 E800      		.string	"\350"
 339 00c9 00        		.string	""
 340 00ca 00        		.string	""
 341 00cb 6368 5379 		.string	"chSysHalt"
 341      7348 616C 
 341      7400 
 342 00d5 00        		.string	""
 343 00d6 02        		.ascii	"\002"
 344 00d7 00        		.string	""
 345 00d8 00        		.string	""
 346 00d9 00        		.string	""
 347 00da 00        		.string	""
 348 00db 00        		.string	""
 349 00dc 00        		.string	""
 350 00dd 00        		.string	""
 351 00de 00        		.string	""
 352 00df 00        		.string	""
 353 00e0 ED00      		.string	"\355"
 354 00e2 00        		.string	""
 355 00e3 00        		.string	""
 356               	.text
 357               		.section	.gnu.lto_.opts,"",@progbits
 358 0000 272D 666D 		.ascii	"'-fmath"
 358      6174 68
 359 0007 2D65 7272 		.string	"-errno' '-fsigned-zeros' '-ftrapping-math' '-fno-trapv' '-fno-openmp' '-fno-openacc' '-mm
 359      6E6F 2720 
 359      272D 6673 
 359      6967 6E65 
 359      642D 7A65 
 360               	.text
 361               		.section	.upper.bss,"aw",@nobits
 362               		.global	__gnu_lto_v1
 363               		.weak	__gnu_lto_v1
 364               	__gnu_lto_v1:
 365 0000 00        		.zero	1
 366               		.global	__gnu_lto_slim
 367               		.weak	__gnu_lto_slim
 368               	__gnu_lto_slim:
 369 0001 00        		.zero	1
 370               		.ident	"GCC: (SOMNIUM Technologies Limited - msp430-gcc 6.2.1.16) 6.2.1 20161212"
GAS LISTING /tmp/ccs2If2H.s 			page 20


DEFINED SYMBOLS
                            *ABS*:0000000000000000 hal_st.c
     /tmp/ccs2If2H.s:364    .upper.bss:0000000000000000 __gnu_lto_v1
     /tmp/ccs2If2H.s:368    .upper.bss:0000000000000001 __gnu_lto_slim

UNDEFINED SYMBOLS
__crt0_init_highbss
