GAS LISTING /tmp/cczkABow.s 			page 1


   1               		.file	"init.c"
   2               		.section	.gnu.lto_.profile.2e8ac33784e83470,"",@progbits
   3 0000 789C 6365 		.string	"x\234ce`d`a`"
   3      6064 6061 
   3      6000 
   4 000a 923A EC00 		.string	"\222:\354"
   5 000e 00        		.string	""
   6 000f D500      		.string	"\325"
   7 0011 3F        		.ascii	"?"
   8               	.text
   9               		.section	.gnu.lto_.icf.2e8ac33784e83470,"",@progbits
  10 0000 789C 6365 		.string	"x\234ce`d\020a@"
  10      6064 1061 
  10      4000 
  11 000a 6686 8397 		.string	"f\206\203\227\366\354\342d\232\273\367f\0373\363\241\373?Or1"
  11      F6EC E264 
  11      9ABB F766 
  11      1F33 F3A1 
  11      FB3F 4F72 
  12 0020 00        		.string	""
  13 0021 62D2 0966 		.ascii	"b\322\tf"
  14               	.text
  15               		.section	.gnu.lto_.jmpfuncs.2e8ac33784e83470,"",@progbits
  16 0000 789C 6365 		.string	"x\234ce`d\340a@"
  16      6064 E061 
  16      4000 
  17 000a 2628 0601 		.string	"&(\006\001"
  17      00
  18 000f 020A 00   		.string	"\002\n"
  19 0012 17        		.ascii	"\027"
  20               	.text
  21               		.section	.gnu.lto_.inline.2e8ac33784e83470,"",@progbits
  22 0000 789C 6365 		.string	"x\234ce`d\260f@"
  22      6064 B066 
  22      4000 
  23 000a 2606 0616 		.string	"&\006\006\026f \305t\201\237\201m\201<\023D\214]\223\021\"\304\302"
  23      6620 C574 
  23      819F 816D 
  23      813C 1344 
  23      8C5D 9311 
  24 0022 1661 E4C2 		.string	"\026a\344\302$\030"
  24      2418 00
  25 0029 89CF 033D 		.ascii	"\211\317\003="
  26               	.text
  27               		.section	.gnu.lto_.pureconst.2e8ac33784e83470,"",@progbits
  28 0000 789C 6365 		.string	"x\234ce`d`e```b\220b2\005"
  28      6064 6065 
  28      6060 6062 
  28      9062 3205 
  28      00
  29 0011 0117 00   		.string	"\001\027"
  30 0014 5F        		.ascii	"_"
  31               	.text
  32               		.section	.gnu.lto_disable_watchdog.2e8ac33784e83470,"",@progbits
  33 0000 789C 254E 		.string	"x\234%N=k\002Q\020\334y{z'\222_\240\177\300\306\312\177\224\312\306\312\376\236!\242\030P
  33      3D6B 0251 
  33      10DC 797B 
GAS LISTING /tmp/cczkABow.s 			page 2


  33      7A27 925F 
  33      A07F C0C6 
  34 004b 4C30 ED05 		.string	"L0\355\005Q\3053\200>\254\007\362\r|\264\270\307\210k?\241\311\215\254L\324;9v\034!`\242W
  34      51C5 3380 
  34      3EAC 07F2 
  34      0D7C B4B8 
  34      C788 6B3F 
  35 00ce 73D1 8E78 		.ascii	"s\321\216x\032\354S\032qk\334`h\264!r\213\245b9\377H\377yUN9"
  35      1AEC 531A 
  35      716B DC60 
  35      68B4 2172 
  35      8BA5 6239 
  36               	.text
  37               		.section	.gnu.lto_main.2e8ac33784e83470,"",@progbits
  38 0000 789C 7591 		.ascii	"x\234u\221;K\003Q\020\205\347\354\354#\022D\033+\363\007\322"
  38      3B4B 0351 
  38      1085 E7EC 
  38      EC23 1244 
  38      1B2B F307 
  39 0015 5889 BDBF 		.ascii	"X\211\275\277\305*\215\225\375n\320\240\254\2406&D\b\033\264"
  39      C52A 8D95 
  39      FD6E D0A0 
  39      ACA0 3626 
  39      4408 1BB4 
  40 0029 488C 8F98 		.ascii	"H\214\217\230H\212-\002KP\004\221\b\301\316BH\345#\205\205`e"
  40      488A 2D02 
  40      4B50 0491 
  40      08C1 CE42 
  40      48E5 2385 
  41 0040 E28C 6B11 		.ascii	"\342\214k\021\304\f\334\275w\316|\234\231{\327\"P\031DSD\264"
  41      C40C DCBD 
  41      77CE 7C9C 
  41      997B D722 
  41      5019 4453 
  42 0056 240B 16C1 		.ascii	"$\013\026\301\330\353\022e\023\0068>0\314\370`\306\3122\3105"
  42      D8EB 1265 
  42      1306 383E 
  42      30CC F860 
  42      C6CA 32C8 
  43 006b D884 7C28 		.ascii	"\330\204|(\216].0\256G\237\321\314\016\007,\016\222\366\336\357"
  43      8E5D 2E30 
  43      AE47 9FD1 
  43      CC0E 072C 
  43      0E92 F6DE 
  44 0080 4A49 4D81 		.ascii	"JIM\201YI\017n\037j\311t\305\223\210\n\315\271\\52\0026\250("
  44      5949 0F6E 
  44      1F6A C974 
  44      C593 880A 
  44      CDB9 5C35 
  45 0099 7415 2954 		.ascii	"t\025)T\220\322\356\307H\223\300\375\306p\177\3326\265*b\r\266"
  45      90D2 EEC7 
  45      4893 C0FD 
  45      C670 7FDA 
  45      36B5 2A62 
  46 00af 4C48 F51E 		.ascii	"LH\365\036\"o8\332\364\242\253C\214,\207\310\2272h[l\300/\350"
  46      226F 38DA 
  46      F4A2 AB43 
GAS LISTING /tmp/cczkABow.s 			page 3


  46      8C2C 87C8 
  46      9732 685B 
  47 00c7 7C3C BF2E 		.ascii	"|<\277.*,\006\371\\\347\336\321\346\f\365\013\303\301\243\343"
  47      2A2C 06F9 
  47      5CE7 DED1 
  47      E60C F50B 
  47      C3C1 A3E3 
  48 00db 7E79 0911 		.ascii	"~y\t\021\216\324S\264\301F\277\233\fP\312z\b\3442\247pq\242C"
  48      8ED4 53B4 
  48      C146 BF9B 
  48      0C50 CA7A 
  48      08E4 32A7 
  49 00f3 E00C 01A4 		.ascii	"\340\f\001\244\376\224\337\272a\2650\341\265\200s\251\275a\275"
  49      FE94 DFBA 
  49      61B5 30E1 
  49      B580 73A9 
  49      BD61 BD
  50 0106 7C39 AF2D 		.ascii	"|9\257-\376\230ZE\351C\250\303\245\200\355\037\256\305\377s\206"
  50      FE98 5A45 
  50      E943 A8C3 
  50      A580 ED1F 
  50      AEC5 FF73 
  51 011b 7017 635C 		.ascii	"p\027c\\8\201\323\2535\306\270\366\004\316\024\256\371\313\351"
  51      3881 D3AB 
  51      35C6 B8F6 
  51      04CE 14AE 
  51      F9CB E9
  52 012e 8B30 C92F 		.ascii	"\2130\311/b_t\331\341\353\\\022Nf5\263\266\260B\337\3212\213"
  52      625F 74D9 
  52      E1EB 5C12 
  52      4E66 35B3 
  52      B6B0 42DF 
  53 0145 FC        		.ascii	"\374"
  54               	.text
  55               		.section	.gnu.lto_nil_thd_configs.2e8ac33784e83470,"",@progbits
  56 0000 789C 6365 		.string	"x\234ce`dPgf`0`\200\200\351\314\214\323Z\017\235g\357c\236\317\f\224\002r\337\257\3355\21
  56      6064 5067 
  56      6660 3060 
  56      8080 E9CC 
  56      8CD3 5A0F 
  57 005c 9AB9 8A51 		.string	"\232\271\212Qf\0063#\204bb\\\311X?\003\250v9\210\307\302\250'\003\322t\350\323\206\345< 3
  57      6606 3323 
  57      8462 625C 
  57      C958 3F03 
  57      A876 3988 
  58 009e C461 6C20 		.string	"\304al \201#}\223\3663B\034\006\024bg\\\007uT\377\205\371\2679@\006r0\036`B5\021\250\216s
  58      8123 7D93 
  58      F633 421C 
  58      0614 6267 
  58      5C07 7554 
  59 019c A9AD 8C32 		.string	"\251\255\2142\214[\200\364\032 \275\232\321\202\201\361\b\220`\315L\311Ie`\317\314\313,\3
  59      8C5B 80F4 
  59      1A20 BD9A 
  59      D182 81F1 
  59      0890 60CD 
  60 01d4 4A2C 214C 		.ascii	"J,!L"
  61               	.text
GAS LISTING /tmp/cczkABow.s 			page 4


  62               		.section	.gnu.lto_.symbol_nodes.2e8ac33784e83470,"",@progbits
  63 0000 789C 558C 		.string	"x\234U\214\313\t\302@\024E\357\314dT\374\364 \026 A,\300NBLD\005A\320\200\313\227\200\005
  63      CB09 C240 
  63      1445 EFCC 
  63      6454 FCF4 
  63      2016 2041 
  64 003e F01D 0898 		.ascii	"\360\035\b\230\305\320XE\2330W\367F\201c\333\315\206\337\037"
  64      C5D0 5845 
  64      9B30 57F7 
  64      4681 63DB 
  64      CD86 DF1F 
  65 0052 BBED 41C7 		.ascii	"\273\355A\307\231\270\201\327\363\207]@\036\201\252>:\200Xr\264"
  65      99B8 81D7 
  65      F387 5D40 
  65      1E81 AA3E 
  65      3A80 5872 
  66 0067 0E17 EA91 		.ascii	"\016\027\352\221\334\203E5\325\344\t\\o\330\031\304\315\006\b"
  66      DC83 4535 
  66      D5E4 095C 
  66      6FD8 19C4 
  66      CD06 08
  67 007a E72D 1562 		.ascii	"\347-\025b\b\023. \221\tWX&\334@V:\260\027H&\"\324\342\t\312"
  67      0813 2E20 
  67      9109 5758 
  67      26DC 4056 
  67      3AB0 1748 
  68 0094 65C4 0394 		.ascii	"e\304\003\224\317\210;\250\220\026\202W\260}\377\230\340e|\r"
  68      CF88 3BA8 
  68      9016 8257 
  68      B07D FF98 
  68      E065 7C0D 
  69 00a8 4B98 7E34 		.ascii	"K\230~4\213X*\342\017:\036?\251"
  69      8B58 2AE2 
  69      0F3A 1E3F 
  69      A9
  70               	.text
  71               		.section	.gnu.lto_.refs.2e8ac33784e83470,"",@progbits
  72 0000 789C 6365 		.string	"x\234ce`d\220g`"
  72      6064 9067 
  72      6000 
  73 000a 928C 40C0 		.string	"\222\214@\300\004\304\234\314L,@\310\312\304\006\204\354L\034@\310\311"
  73      04C4 9CCC 
  73      4C2C 40C8 
  73      CAC4 0684 
  73      EC4C 1C40 
  74 0021 00        		.string	""
  75 0022 09FB 00   		.string	"\t\373"
  76 0025 87        		.ascii	"\207"
  77               	.text
  78               		.section	.gnu.lto_.decls.2e8ac33784e83470,"",@progbits
  79 0000 789C AD57 		.string	"x\234\255WiPSY\026~\367\335\204\204\020\304A\253\333\356\246\247pi'3\245Dm\307\262\377\31
  79      6950 5359 
  79      167E F7DD 
  79      8484 10C4 
  79      41AB DBEE 
  80 00ad 257C 0912 		.ascii	"%|\t\022\001\317\267\370<\342\030\210\373\360\276\266\300\244"
  80      01CF B7F8 
GAS LISTING /tmp/cczkABow.s 			page 5


  80      3CE2 1888 
  80      FBF0 BEB6 
  80      C0A4 
  81 00bf 0AEE E120 		.ascii	"\n\356\341 \023A\026y\331~\f\367j\256\247\344\034\257sNW9\307"
  81      1341 1679 
  81      D97E 0CF7 
  81      6AAE A7E4 
  81      1CAF 734E 
  82 00d6 9FF2 3959 		.ascii	"\237\3629Y\024\2040\270\367\223gP\230\0022\002\317\343\020\303"
  82      1484 30B8 
  82      F793 6750 
  82      9802 3202 
  82      CFE3 10C3 
  83 00ea F815 DC75 		.ascii	"\370\025\334u\210a\376\032\3563@f\202\314\006\231\003\022\206"
  83      8861 FE1A 
  83      EE33 4066 
  83      82CC 0699 
  83      0312 86
  84 00fd 189E 12EE 		.ascii	"\030\236\022\356A \n\220`\302\223\307\347\346y\"\371\"\343\217"
  84      4120 0A90 
  84      60C2 93C7 
  84      E7E6 7922 
  84      F922 E38F 
  85 0111 783E DEF7 		.ascii	"x>\336\367\313\307v\214^U\036\272+\336B]HD\002_E\210\375\"*t"
  85      CBC7 768C 
  85      5E55 1EBA 
  85      2BDE 425D 
  85      4844 025F 
  86 012b 382A 5F08 		.ascii	"8*_\b\321y\230\025\351/Sd\252\262\305\230\n\033\212\334%\375"
  86      D179 9815 
  86      E92F 5364 
  86      AAB2 C598 
  86      0A1B 8ADC 
  87 0141 E377 E4E5 		.ascii	"\343w\344\345Q\220\247\274}\2209Q\246\211dCX\021\211\2027\035"
  87      5190 A7BC 
  87      7D90 3951 
  87      A689 6443 
  87      5811 8982 
  88 0157 C11B DB97 		.ascii	"\301\033\333\227+\347\357\273\356\223\002$\247A\332.\335Sc\310"
  88      2BE7 EFBB 
  88      EE93 0224 
  88      A741 DA2E 
  88      DD53 63C8 
  89 016b 013C 97DD 		.ascii	"\001<\227\335\357\311\037\207'\320\347\304\256\336b\245\002b"
  89      EFC9 1F87 
  89      27D0 E7C4 
  89      AEDE 62A5 
  89      0262 
  90 017d 3D88 30D3 		.ascii	"=\2100\323L\334\177\333\255\304\037\321\325\256\207\365\031\""
  90      4CDC 7FDB 
  90      ADC4 1FD1 
  90      D5AE 87F5 
  90      1922 
  91 018f 592D 8255 		.ascii	"Y-\202Ut\b)\310\344h\356\301\001\r\236F\025v\226\347\f`\242P"
  91      7408 29C8 
  91      E468 EEC1 
  91      010D 9E46 
GAS LISTING /tmp/cczkABow.s 			page 6


  91      1576 96E7 
  92 01a7 4214 8A99 		.ascii	"B\024\212\231\302\340\366\306\216\260M\030\205k\320\0070lI*\313"
  92      C2E0 F6C6 
  92      8EB0 4D18 
  92      856B D007 
  92      306C 492A 
  93 01bc C56C A880 		.ascii	"\305l\250\200\341\017\257\363N\006\303p\242\006M\204a\376\366"
  93      E10F AFF3 
  93      4E06 C370 
  93      A206 4D84 
  93      61FE F6
  94 01cf E236 AC49 		.ascii	"\3426\254I\221\340JK\250R\352\210\332\021\024\201\312P\004\320"
  94      91E0 4A4B 
  94      A852 EA88 
  94      DA11 1481 
  94      CA50 04D0 
  95 01e3 3F8A 34F0 		.ascii	"?\2124\360\253\217@\2450\004\355\276\276\335\031Z\346\353C\030"
  95      AB8F 40A5 
  95      3004 EDBE 
  95      BEDD 195A 
  95      E6EB 4318 
  96 01f7 DE4C 3F97 		.ascii	"\336L?\227\027\304|\271\021\214\257\275\250x\245\305\277!\324"
  96      17C4 7CB9 
  96      118C AFBD 
  96      A878 A5C5 
  96      BF21 D4
  97 020a 14A5 1D4D 		.ascii	"\024\245\035MM\n\244\323D \360\206\366K\354R\013\350$\322\240"
  97      4D0A A4D3 
  97      4420 F086 
  97      F64B EC52 
  97      0BE8 24D2 
  98 021f 721A 2DBD 		.ascii	"r\032-\275(tU\276\204'\t\350\323\b4+B@'\220\216h\001\362)\260"
  98      2874 55BE 
  98      8427 09E8 
  98      D308 342B 
  98      4240 2790 
  99 0239 3D0D D0D9 		.ascii	"=\r\320\331\022QkAt\232\016\006~O\237\001\264\350\312\245\327"
  99      1251 6B41 
  99      749A 0E06 
  99      7E4F 9F01 
  99      B4E8 CAA5 
 100 024e AAF0 341A 		.ascii	"\252\3604\032\201$ER\035t\034\f\217\321\020\316\240p9\020\242"
 100      8124 4552 
 100      1D74 1C0C 
 100      8FD1 10CE 
 100      A070 3910 
 101 0263 DD9A 7EA9 		.ascii	"\335\232~\251/t\262~\227\264#\222.\301\324\236\276\334\006\005"
 101      2F74 B27E 
 101      97B4 2392 
 101      2EC1 D49E 
 101      BEDC 0605 
 102 0277 2451 4067 		.ascii	"$Q@g\321d\252t/\241v{(\376+Mqsfk\231\232\244\270\002a\364-R\240"
 102      D164 AA74 
 102      2FA1 767B 
 102      28FE 2B4D 
 102      7173 666B 
 103 0295 C32C CBC5 		.ascii	"\303,\313\305\347\263.\205\340\305T\247\262k]&\255b%)\303wL\241"
GAS LISTING /tmp/cczkABow.s 			page 7


 103      E7B3 2E85 
 103      E0C5 54A7 
 103      B26B 5D26 
 103      AD62 2529 
 104 02ad FB65 E1C2 		.ascii	"\373e\341\302\250b9\356R9`X\251\031}^\305\013$\302\360\312@c"
 104      A862 39EE 
 104      5239 6058 
 104      A919 7D5E 
 104      C50B 24C2 
 105 02c5 5E08 CBE2 		.ascii	"^\b\313\342x\030\272O\\{\210&e\022+\267$\215\027\321\227\357"
 105      7818 BA4F 
 105      5C7B 8826 
 105      6512 2BB7 
 105      248D 17D1 
 106 02db A10B 10CE 		.ascii	"\241\013\020\316y\032N5\232\004\277\313\025\314S\352\332g\303"
 106      791A 4E35 
 106      9A04 BFCB 
 106      15CC 53EA 
 106      DA67 C3
 107 02ee DA29 F992 		.ascii	"\332)\371\222t[\252\252\313\215LO\225\326$KR\202\202\250\241"
 107      745B AAAA 
 107      CB8D 4C4F 
 107      95D6 244B 
 107      5282 82A8 
 108 0303 4220 7C0E 		.ascii	"B |\016E\201z\025\320.\244)G\007\320-\350\321\0324\005\254\263"
 108      4581 7A15 
 108      D02E A429 
 108      4707 D02D 
 108      E8D1 1A34 
 109 031a 1A1B D231 		.ascii	"\032\033\3221\216\241!\274\205\272H\343\205Z\347\203\372\244"
 109      8EA1 21BC 
 109      85BA 48E3 
 109      855A E783 
 109      FAA4 
 110 032c A0A5 5909 		.ascii	"\240\245Y\t\250\371w\244\252\313\313\222\245\2525`%"
 110      A8F9 77A4 
 110      AACB CB92 
 110      A5AA 3560 
 110      25
 111 033d 1225 542B 		.string	"\022%T+c\n\344\321\003x\221\002\336x\334:\027\307R\274\303\305\303e\032\232\364eZ\342\030
 111      630A E4D1 
 111      0378 9102 
 111      DE78 DC3A 
 111      17C7 52BC 
 112 043e 62DF EEB1 		.string	"b\337\356\261o\227\355\257S\373\227\033\357\fip\005\263\337\367jx\200\354I\037k`\257\3050
 112      6F97 EDAF 
 112      53FB 971B 
 112      EF0C 6970 
 112      05B3 DFF7 
 113 04b0 B4AA 0675 		.string	"\264\252\006u\260\020\274z\257\203\200\241n\364\t\030&t\235\256\020\361>L\231\265\366\356
 113      B010 BC7A 
 113      AF83 80A1 
 113      6EF4 0918 
 113      2674 9DAE 
 114 054b F7E8 21E4 		.string	"\367\350!\344\333\007!\373\354\340%%c\252\206\341\325\336m[5\370\002c\372t\250?E\245\341'
 114      DB07 21FB 
 114      ECE0 2525 
GAS LISTING /tmp/cczkABow.s 			page 8


 114      63AA 86E1 
 114      D5DE 6D5B 
 115 0570 721A 26A6 		.string	"r\032&\246\037\017\362\216\353\tT\313\023\327"
 115      1F0F F28E 
 115      EB09 54CB 
 115      13D7 00
 116 057f E545 4FA9 		.ascii	"\345EO\251\234\215\371\032\\\217}Zm\272\177\253Mg\255V\331P\277"
 116      9C8D F91A 
 116      5C8F 7D5A 
 116      6DBA 7FAB 
 116      4D67 AD56 
 117 0596 5F8B 2FB3 		.ascii	"_\213/\263\f\234h.\277\243A\032]\n\001\361o\245! 5\235\267\322"
 117      0C9C 682E 
 117      BFA3 411A 
 117      5D0A 01F1 
 117      6FA5 2120 
 118 05ae 8F30 F914 		.ascii	"\2170\371\024&Y"
 118      2659 
 119 05b4 AA9A 87A3 		.string	"\252\232\207\243\266\255#[\3403`4\350I\325t~\350|\267\245\263W\203O*(F\373\326\232\373\31
 119      B6AD 235B 
 119      E033 6034 
 119      E849 D574 
 119      7EE8 7CB7 
 120 06b5 D788 7ECA 		.ascii	"\327\210~\312\367<\312\2542\265\243\343\023$\t\021-\201\027\305"
 120      F73C CAAC 
 120      32B5 A3E3 
 120      1324 0911 
 120      2D81 17C5 
 121 06c9 1355 EFE8 		.ascii	"\023U\357\350\207[\023\244B\366\252\336\367\007\356\363\370\""
 121      875B 13A4 
 121      42F6 AADE 
 121      F707 EEF3 
 121      F822 
 122 06db EFDC A6F6 		.ascii	"\357\334\246\366\352P\374\210\265I\313`b\273\210t\023\030\306"
 122      EA50 FC88 
 122      B549 CB60 
 122      62BB 8874 
 122      1318 C6
 123 06ee AD37 BF4C 		.ascii	"\2557\277L$\030\337\200u\2528V{\002\t\377\247\374T\3627@\302"
 123      2418 DF80 
 123      75AA 3856 
 123      7B02 09FF 
 123      A7FC 54F2 
 124 0705 FF9F E493 		.ascii	"\377\237\344\223\367\360yzU\260\3473M\244(w\201\343\035Jo\243"
 124      F7F0 797A 
 124      55B0 E733 
 124      4DA4 2877 
 124      81E3 1D4A 
 125 071b 182E 6F82 		.ascii	"\030.o\202D\373\304\350\321!\325\004\216\231\022\bSx\027`\321"
 125      44FB C4E8 
 125      D121 D504 
 125      8E99 1208 
 125      5378 1760 
 126 0730 E58C 1EE4 		.ascii	"\345\214\036\344\r\270\351]\200\373\276yx-\024\016\204\262*\372"
 126      0DB8 E95D 
 126      80FB BE79 
 126      782D 140E 
GAS LISTING /tmp/cczkABow.s 			page 9


 126      84B2 2AFA 
 127 0744 2595 019F 		.ascii	"%\225\001\2374J\264Y\fG\267\371q\340\261$3K\201Q\232H\016\204"
 127      344A B459 
 127      0C47 B7F9 
 127      71E0 B124 
 127      334B 8151 
 128 075c 072F D286 		.ascii	"\007/\322\206B\361k\326\332\233\335\273:\325\254\265\253\310"
 128      42F1 6BD6 
 128      DA9B DDBB 
 128      3AD5 ACB5 
 128      ABC8 
 129 076e A7DD B6F3 		.ascii	"\247\335\266\363\t\205a\374D \275\236y\374\324!\276\251\357\""
 129      0985 61FC 
 129      4420 BD9E 
 129      79FC D421 
 129      BEA9 EF22 
 130 0782 BDFE 74EF 		.ascii	"\275\376t\357\226\021\024\360H\330&\362#!C\244\033\340\215\376"
 130      9611 14F0 
 130      48D8 26F2 
 130      2321 43A4 
 130      1BE0 8DFE 
 131 0796 C6A6 50EF 		.ascii	"\306\246P\357\210\310\273\227\016y\331*\022\365L\032\0215\242"
 131      88C8 BB97 
 131      0E79 D92A 
 131      12F5 4C1A 
 131      1135 A2
 132 07a9 07C8 DDDE 		.ascii	"\007\310\335\336\n\025DD\316\350';\347'\357\225\252\026\021\035"
 132      0A15 4444 
 132      CEE8 273B 
 132      E727 EF95 
 132      AA16 111D 
 133 07bd B485 95D6 		.ascii	"\264\205\225\326\313\022f\340w;\215\247\242\333\235\245\300k"
 133      CB12 66E0 
 133      773B 8DA7 
 133      A2DB 9DA5 
 133      C06B 
 134 07cf 83        		.ascii	"\203"
 135 07d0 683C A7A4 		.ascii	"h<\247\244G_q\027\235\007\347f\222\257\004\342a\307[\036vP\017"
 135      475F 7117 
 135      9D07 E766 
 135      92AF 04E2 
 135      61C7 5B1E 
 136 07e7 59D4 43C9 		.ascii	"Y\324C\311\271{-\030ob\036\n\222\372\037(\270\213\013\3053r\326"
 136      B97B 2D18 
 136      6F62 1E0A 
 136      92FA 1F28 
 136      B88B 0BC5 
 137 07fe 902F 05E2 		.ascii	"\220/\005\342#\373-\037\331\324G\016\365\361\346F\267\332{\227"
 137      23FB 2D1F 
 137      D9D4 470E 
 137      F5F1 E646 
 137      B7DA 7B97 
 138 0812 B9E5 B3CB 		.ascii	"\271\345\263\313\344\212t\227!w\262\237\270\207O\373(W\373\234"
 138      E48A 7497 
 138      2177 B29F 
 138      B887 4FFB 
 138      2857 FB9C 
GAS LISTING /tmp/cczkABow.s 			page 10


 139 0826 7779 A27C 		.ascii	"wy\242|\032\221GZ\244:\2672`\322w\312I/c\247N}\301\231\327\374"
 139      1A91 475A 
 139      A43A B732 
 139      60D2 77CA 
 139      492F 63A7 
 140 0840 1027 677A 		.ascii	"\020'gz\316\2177\373\371\277O:\262\263?\273\271U\355\377\317"
 140      CE8F 37FB 
 140      F9BF 4F3A 
 140      B2B3 3FBB 
 140      B955 EDFF 
 141 0855 473E 84B4 		.ascii	"G>\204\264\213\206\264\233\226\204\272\244\003\362\225\333Y\377"
 141      8B86 B49B 
 141      9684 BAA4 
 141      03F2 95DB 
 141      59FF 
 142 0867 7D98 375B 		.ascii	"}\2307[\230\366b\273\207\207\266\207R-:\261\357\f?\346\203a\230"
 142      98F6 62BB 
 142      8787 B687 
 142      522D 3AB1 
 142      EF0C 3FE6 
 143 087e 9437 EC16 		.ascii	"\2247\354\026\0032/\220\231\357e\35522\340\036\341\3145^\037"
 143      0332 2F90 
 143      99EF 65ED 
 143      3232 E01E 
 143      E1CC 355E 
 144 0893 2B13 F9C7 		.ascii	"+\023\371\307Jg\357\001i\234?\365\375@}\037\245~\200R/`\324\017"
 144      4A67 EF01 
 144      699C 3FF5 
 144      FD40 7D1F 
 144      A57E 8052 
 145 08ab 50EA E9B9 		.ascii	"P\352\351\271\245\177\363f~\300\207y!g^H\231\247\024\336N\326"
 145      A57F F366 
 145      7EC0 8779 
 145      2167 5E48 
 145      99A7 14DE 
 146 08c1 7A2B 67FA 		.ascii	"z+g\372(\037\344\312\007\251\362\271\202\027\345!\001\343:$\307"
 146      281F E4CA 
 146      07A9 F2B9 
 146      8217 E521 
 146      01E3 3A24 
 147 08d6 F598 5564 		.ascii	"\365\230UdCMy-f\201\\\244-\226\2673;\310?\220\"\221\345\001\376"
 147      434D 792D 
 147      6681 5CA4 
 147      2D96 B733 
 147      3BC8 3F90 
 148 08ef 2BA6 811C 		.ascii	"+\246\201\034b\201\024\323@\022\2364\234\362\351\230b\037r%\234"
 148      6281 14D3 
 148      4012 9E34 
 148      9CF2 E998 
 148      621F 7225 
 149 0904 5C09 2557 		.ascii	"\\\t%W\261~\360Mp@r\207er\373X\322\333;\222N\363\212\205\300"
 149      B17E F04D 
 149      7040 7287 
 149      6572 FB58 
 149      D2DB 3B92 
 150 091d F0E4 9D6D 		.ascii	"\360\344\235m\225\274]\256\323\177<*\337\\U\372s-\003\256\245"
 150      95BC 5DAE 
GAS LISTING /tmp/cczkABow.s 			page 11


 150      D37F 3C2A 
 150      DF5C 55FA 
 150      732D 03AE 
 151 0932 94EB 11CA 		.ascii	"\224\353\021\312\3650\343z\204r\355\252<\367\334\347\253\347"
 151      F530 E37A 
 151      8472 EDAA 
 151      3CF7 DCE7 
 151      ABE7 
 152 0944 880F D7A3 		.ascii	"\210\017\327\243\234+\271\2177[\235\306\3456\213a\225\321e\212"
 152      9C2B B98F 
 152      375B 9DC6 
 152      E536 8B61 
 152      95D1 658A 
 153 0958 313B 56A8 		.ascii	"1;V\250\354\016\223\315a\267\250\355\016\253\335f\265[\224v\343"
 153      EC0E 93CD 
 153      61B7 A8ED 
 153      0EAB DD66 
 153      B55B 9476 
 154 096d D716 B3C2 		.ascii	"\327\026\263\302\024c\214\3730\312\024\3472\314\2325w\216\277"
 154      1463 8CFB 
 154      30CA 14E7 
 154      32CC 9A35 
 154      778E BF
 155 0980 95A0 725A 		.ascii	"\225\240rZL.\253\303\256\210wZ\314\352?\177\261,r\301\354\331"
 155      4C2E ABC3 
 155      AE88 775A 
 155      CCEA 3F7F 
 155      B12C 72C1 
 156 0996 82CA 6AB7 		.ascii	"\202\312j\267\272\242L\202\"\326h\265\253\226\375q\361\322\245"
 156      BAA2 4C82 
 156      22D6 68B5 
 156      AB96 FD71 
 156      F1D2 A5
 157 09a9 31E6 B028 		.ascii	"1\346\260(\275\336\344\210\263\350\343\215q\256\250\030A\271"
 157      BDDE E488 
 157      B3E8 E38D 
 157      71AE A818 
 157      41B9 
 158 09bb 7821 CC86 		.ascii	"x!\314\206\312\263q\3210\027\264 \326\354\255j\2125;a:\330\024"
 158      CAB3 71D1 
 158      3017 B420 
 158      D6EC AD6A 
 158      8A35 3B61 
 159 09d2 B364 B5F3 		.ascii	"\263d\265\363/\340tJT\224~A\214u\271\365\037Kf.^\252w8\365v\253"
 159      2FE0 744A 
 159      5494 7E41 
 159      8C75 B9F5 
 159      1F4B 662E 
 160 09ed 4D6F B59B 		.ascii	"Mo\265\233l\361fP\217\001\345\020\213m\365\3028c,Q\037s\024\r"
 160      6CF1 6650 
 160      8F01 E510 
 160      8B6D F5C2 
 160      3863 2C51 
 161 0a05 13C4 11AC 		.ascii	"\023\304\021\254}\3619Y\031\303\265\333`^\025c\264\221\331\251"
 161      7DF1 3959 
 161      19C3 B5DB 
 161      605E 1563 
GAS LISTING /tmp/cczkABow.s 			page 12


 161      B491 D9A9 
 162 0a19 6FB9 8785 		.ascii	"o\271\207\2051\367\360L8\376\363OK\027,\375\\\033owZW\330-\346"
 162      31F7 F04C 
 162      38FE F34F 
 162      4B17 2CFD 
 162      5C1B 6F77 
 163 0a32 48AB DDB5 		.ascii	"H\253\335\265D\037\347p\270\364.\353L\227\303as\352WB\210s\364"
 163      441F E770 
 163      B8F4 2EEB 
 163      4C97 C361 
 163      73EA 5742 
 164 0a49 B1CE 9573 		.ascii	"\261\316\225s?\2355s\205\3114s^\324\234\250\331Q\263\347\031"
 164      3F9D 3573 
 164      85C9 3473 
 164      5ED4 9CA8 
 164      D951 B3E7 
 165 0a5e 20B5 F1FF 		.ascii	" \265\361\377\2367W^\263\330\242\307\334\263\251\350\270\337"
 165      9E37 575E 
 165      B3D8 A2C7 
 165      DCB3 A9E8 
 165      B8DF 
 166 0a70 7E36 EF33 		.ascii	"~6\3573\300\t\203\310\f\256\030\263\301\344\260G[W8\225\321\361"
 166      C009 83C8 
 166      0CAE 18B3 
 166      C1E4 B047 
 166      5B57 3895 
 167 0a86 76D3 4A95 		.ascii	"v\323J\225\213\334\f.(O\254e\245b\225\305n\326\030\f\361\300"
 167      8BDC 0C2E 
 167      284F AC65 
 167      A562 95C5 
 167      6ED6 180C 
 168 0a9c 019C BBFE 		.ascii	"\001\234\273\376\365\263\3600\232b\240\001\364\006\263%\332\030"
 168      F5B3 F030 
 168      9A62 A001 
 168      F406 B325 
 168      DA18 
 169 0aae 6F73 195C 		.ascii	"os\031\\\253WZH\031\3242\314\342\237\003\306\271\332\25178]f"
 169      AB57 5A48 
 169      19D4 32CC 
 169      E29F 03C6 
 169      B9DA A937 
 170 0ac5 F009 BE35 		.ascii	"\360\t\2765N\327\327F\033$\324\340\232\353U\204\005\016\273+"
 170      4ED7 D746 
 170      1B24 D4E0 
 170      9AEB 5584 
 170      050E BB2B 
 171 0ad9 CEBA 9C54 		.ascii	"\316\272\234T\302\344\210\215u\330\365+\035q.\247\376\357K\026"
 171      C2E4 888D 
 171      75D8 F52B 
 171      1D71 2EA7 
 171      FEEF 4B16 
 172 0aed 81BF AFA0 		.ascii	"\201\277\257\240\342\244\210\244\233V-7:-\343X\316\342,FH[\364"
 172      E2A4 88A4 
 172      9B56 2D37 
 172      3A2D E358 
 172      CEE2 2C46 
 173 0b04 0A6C 8C5B 		.ascii	"\nl\214[\021&\017i\026\r\256\340UF\336\220\252UF\332\202\352"
GAS LISTING /tmp/cczkABow.s 			page 13


 173      1126 0F69 
 173      160D AEE0 
 173      5546 DE90 
 173      AA55 46DA 
 174 0b1a 5546 D676 		.ascii	"UF\326v\377\003h\346\b\251"
 174      FF03 68E6 
 174      08A9 
 175               	.text
 176               		.section	.gnu.lto_.symtab.2e8ac33784e83470,"",@progbits
 177 0000 6D61 696E 		.string	"main"
 177      00
 178 0005 00        		.string	""
 179 0006 00        		.string	""
 180 0007 00        		.string	""
 181 0008 00        		.string	""
 182 0009 00        		.string	""
 183 000a 00        		.string	""
 184 000b 00        		.string	""
 185 000c 00        		.string	""
 186 000d 00        		.string	""
 187 000e 00        		.string	""
 188 000f 00        		.string	""
 189 0010 C800      		.string	"\310"
 190 0012 00        		.string	""
 191 0013 00        		.string	""
 192 0014 6E69 6C5F 		.string	"nil_thd_configs"
 192      7468 645F 
 192      636F 6E66 
 192      6967 7300 
 193 0024 00        		.string	""
 194 0025 00        		.string	""
 195 0026 00        		.string	""
 196 0027 00        		.string	""
 197 0028 00        		.string	""
 198 0029 00        		.string	""
 199 002a 00        		.string	""
 200 002b 00        		.string	""
 201 002c 00        		.string	""
 202 002d 00        		.string	""
 203 002e 00        		.string	""
 204 002f 1001 00   		.string	"\020\001"
 205 0032 00        		.string	""
 206 0033 5744 5443 		.string	"WDTCTL"
 206      544C 00
 207 003a 00        		.string	""
 208 003b 02        		.ascii	"\002"
 209 003c 00        		.string	""
 210 003d 00        		.string	""
 211 003e 00        		.string	""
 212 003f 00        		.string	""
 213 0040 00        		.string	""
 214 0041 00        		.string	""
 215 0042 00        		.string	""
 216 0043 00        		.string	""
 217 0044 00        		.string	""
 218 0045 DF00      		.string	"\337"
 219 0047 00        		.string	""
GAS LISTING /tmp/cczkABow.s 			page 14


 220 0048 00        		.string	""
 221 0049 7761 5541 		.string	"waUARTThd"
 221      5254 5468 
 221      6400 
 222 0053 00        		.string	""
 223 0054 02        		.ascii	"\002"
 224 0055 00        		.string	""
 225 0056 00        		.string	""
 226 0057 00        		.string	""
 227 0058 00        		.string	""
 228 0059 00        		.string	""
 229 005a 00        		.string	""
 230 005b 00        		.string	""
 231 005c 00        		.string	""
 232 005d 00        		.string	""
 233 005e 1701 00   		.string	"\027\001"
 234 0061 00        		.string	""
 235 0062 5541 5254 		.string	"UARTThd"
 235      5468 6400 
 236 006a 00        		.string	""
 237 006b 02        		.ascii	"\002"
 238 006c 00        		.string	""
 239 006d 00        		.string	""
 240 006e 00        		.string	""
 241 006f 00        		.string	""
 242 0070 00        		.string	""
 243 0071 00        		.string	""
 244 0072 00        		.string	""
 245 0073 00        		.string	""
 246 0074 00        		.string	""
 247 0075 CC00      		.string	"\314"
 248 0077 00        		.string	""
 249 0078 00        		.string	""
 250 0079 7761 5246 		.string	"waRFThd"
 250      5468 6400 
 251 0081 00        		.string	""
 252 0082 02        		.ascii	"\002"
 253 0083 00        		.string	""
 254 0084 00        		.string	""
 255 0085 00        		.string	""
 256 0086 00        		.string	""
 257 0087 00        		.string	""
 258 0088 00        		.string	""
 259 0089 00        		.string	""
 260 008a 00        		.string	""
 261 008b 00        		.string	""
 262 008c 1901 00   		.string	"\031\001"
 263 008f 00        		.string	""
 264 0090 5246 5468 		.string	"RFThd"
 264      6400 
 265 0096 00        		.string	""
 266 0097 02        		.ascii	"\002"
 267 0098 00        		.string	""
 268 0099 00        		.string	""
 269 009a 00        		.string	""
 270 009b 00        		.string	""
 271 009c 00        		.string	""
GAS LISTING /tmp/cczkABow.s 			page 15


 272 009d 00        		.string	""
 273 009e 00        		.string	""
 274 009f 00        		.string	""
 275 00a0 00        		.string	""
 276 00a1 CE00      		.string	"\316"
 277 00a3 00        		.string	""
 278 00a4 00        		.string	""
 279 00a5 7761 436D 		.string	"waCmdThd"
 279      6454 6864 
 279      00
 280 00ae 00        		.string	""
 281 00af 02        		.ascii	"\002"
 282 00b0 00        		.string	""
 283 00b1 00        		.string	""
 284 00b2 00        		.string	""
 285 00b3 00        		.string	""
 286 00b4 00        		.string	""
 287 00b5 00        		.string	""
 288 00b6 00        		.string	""
 289 00b7 00        		.string	""
 290 00b8 00        		.string	""
 291 00b9 1B01 00   		.string	"\033\001"
 292 00bc 00        		.string	""
 293 00bd 436D 6454 		.string	"CmdThd"
 293      6864 00
 294 00c4 00        		.string	""
 295 00c5 02        		.ascii	"\002"
 296 00c6 00        		.string	""
 297 00c7 00        		.string	""
 298 00c8 00        		.string	""
 299 00c9 00        		.string	""
 300 00ca 00        		.string	""
 301 00cb 00        		.string	""
 302 00cc 00        		.string	""
 303 00cd 00        		.string	""
 304 00ce 00        		.string	""
 305 00cf D000      		.string	"\320"
 306 00d1 00        		.string	""
 307 00d2 00        		.string	""
 308 00d3 6368 5379 		.string	"chSysInit"
 308      7349 6E69 
 308      7400 
 309 00dd 00        		.string	""
 310 00de 02        		.ascii	"\002"
 311 00df 00        		.string	""
 312 00e0 00        		.string	""
 313 00e1 00        		.string	""
 314 00e2 00        		.string	""
 315 00e3 00        		.string	""
 316 00e4 00        		.string	""
 317 00e5 00        		.string	""
 318 00e6 00        		.string	""
 319 00e7 00        		.string	""
 320 00e8 D200      		.string	"\322"
 321 00ea 00        		.string	""
 322 00eb 00        		.string	""
 323 00ec 656C 7946 		.string	"elyFramInit"
GAS LISTING /tmp/cczkABow.s 			page 16


 323      7261 6D49 
 323      6E69 7400 
 324 00f8 00        		.string	""
 325 00f9 02        		.ascii	"\002"
 326 00fa 00        		.string	""
 327 00fb 00        		.string	""
 328 00fc 00        		.string	""
 329 00fd 00        		.string	""
 330 00fe 00        		.string	""
 331 00ff 00        		.string	""
 332 0100 00        		.string	""
 333 0101 00        		.string	""
 334 0102 00        		.string	""
 335 0103 D400      		.string	"\324"
 336 0105 00        		.string	""
 337 0106 00        		.string	""
 338 0107 656C 794E 		.string	"elyNLInit"
 338      4C49 6E69 
 338      7400 
 339 0111 00        		.string	""
 340 0112 02        		.ascii	"\002"
 341 0113 00        		.string	""
 342 0114 00        		.string	""
 343 0115 00        		.string	""
 344 0116 00        		.string	""
 345 0117 00        		.string	""
 346 0118 00        		.string	""
 347 0119 00        		.string	""
 348 011a 00        		.string	""
 349 011b 00        		.string	""
 350 011c D600      		.string	"\326"
 351 011e 00        		.string	""
 352 011f 00        		.string	""
 353 0120 6861 6C49 		.string	"halInit"
 353      6E69 7400 
 354 0128 00        		.string	""
 355 0129 02        		.ascii	"\002"
 356 012a 00        		.string	""
 357 012b 00        		.string	""
 358 012c 00        		.string	""
 359 012d 00        		.string	""
 360 012e 00        		.string	""
 361 012f 00        		.string	""
 362 0130 00        		.string	""
 363 0131 00        		.string	""
 364 0132 00        		.string	""
 365 0133 D800      		.string	"\330"
 366 0135 00        		.string	""
 367 0136 00        		.string	""
 368               	.text
 369               		.section	.gnu.lto_.opts,"",@progbits
 370 0000 272D 666D 		.ascii	"'-fmath"
 370      6174 68
 371 0007 2D65 7272 		.string	"-errno' '-fsigned-zeros' '-ftrapping-math' '-fno-trapv' '-fno-openmp' '-fno-openacc' '-mm
 371      6E6F 2720 
 371      272D 6673 
 371      6967 6E65 
GAS LISTING /tmp/cczkABow.s 			page 17


 371      642D 7A65 
 372               	.text
 373               		.section	.upper.bss,"aw",@nobits
 374               		.global	__gnu_lto_v1
 375               		.weak	__gnu_lto_v1
 376               	__gnu_lto_v1:
 377 0000 00        		.zero	1
 378               		.global	__gnu_lto_slim
 379               		.weak	__gnu_lto_slim
 380               	__gnu_lto_slim:
 381 0001 00        		.zero	1
 382               		.ident	"GCC: (SOMNIUM Technologies Limited - msp430-gcc 6.2.1.16) 6.2.1 20161212"
GAS LISTING /tmp/cczkABow.s 			page 18


DEFINED SYMBOLS
                            *ABS*:0000000000000000 init.c
     /tmp/cczkABow.s:376    .upper.bss:0000000000000000 __gnu_lto_v1
     /tmp/cczkABow.s:380    .upper.bss:0000000000000001 __gnu_lto_slim

UNDEFINED SYMBOLS
__crt0_init_highbss
