GAS LISTING /tmp/ccpZlXVM.s 			page 1


   1               		.file	"main.c"
   2               		.section	.gnu.lto_.profile.c9e09b42889b6c12,"",@progbits
   3 0000 789C 6365 		.string	"x\234ce`d`e`"
   3      6064 6065 
   3      6000 
   4 000a 92A7 18AD 		.ascii	"\222\247\030\255\001\003&\001\023"
   4      0103 2601 
   4      13
   5               	.text
   6               		.section	.gnu.lto_.icf.c9e09b42889b6c12,"",@progbits
   7 0000 789C 6365 		.string	"x\234ce`d\360g@"
   7      6064 F067 
   7      4000 
   8 000a 5E86 657B 		.string	"^\206e{N\237\340f\004\223L\377\366t\316aa\356\3722\177\031\007\313\3435{\212Y'\276\234\36
   8      4E9F E066 
   8      0493 4CFF 
   8      F674 CE61 
   8      61EE FA32 
   9 005c 20EA 26D8 		.ascii	" \352&\330"
  10               	.text
  11               		.section	.gnu.lto_.jmpfuncs.c9e09b42889b6c12,"",@progbits
  12 0000 789C 6365 		.string	"x\234ce`d\370\316\200"
  12      6064 F8CE 
  12      8000 
  13 000a 1C40 CCC8 		.string	"\034@\314\310\300\300\304\304\310\310X\317\300\nd\001\005\230\030\24733\356\334\371\3466{
  13      C0C0 C4C4 
  13      C8C8 58CF 
  13      C00A 6401 
  13      0598 18A7 
  14 0085 5844 3563 		.ascii	"XD5c"
  15               	.text
  16               		.section	.gnu.lto_.inline.c9e09b42889b6c12,"",@progbits
  17 0000 789C 6365 		.string	"x\234ce`d\370\304\200"
  17      6064 F8C4 
  17      8000 
  18 000a 1C0C 0CAC 		.string	"\034\f\f\254,\214\fL,\013\344\031\330\026\3103\201\304\0301\205\230\03089\200B<\027\242\3
  18      2C8C 0C4C 
  18      2C0B E419 
  18      D816 C833 
  18      81C4 1831 
  19 0058 901A 4608 		.string	"\220\032F\b\207\201\205\027d\373\004?n\006\016IT\343\020\252@\362<\f\034\332X\254\203\333
  19      8781 8517 
  19      64FB 043F 
  19      6E06 0E49 
  19      54E3 10AA 
  20 007c 00        		.string	""
  21 007d 4B82 12E1 		.ascii	"K\202\022\341"
  22               	.text
  23               		.section	.gnu.lto_.pureconst.c9e09b42889b6c12,"",@progbits
  24 0000 789C 6365 		.string	"x\234ce`d\020f``\340`\330\305\310\270\213\221I\202U\212C\202S\202[\202G\002"
  24      6064 1066 
  24      6060 E060 
  24      D8C5 C8B8 
  24      8B91 4982 
  25 001f 1E30 025A 		.ascii	"\0360\002Z"
  26               	.text
  27               		.section	.gnu.lto_port_lock.c9e09b42889b6c12,"",@progbits
GAS LISTING /tmp/ccpZlXVM.s 			page 2


  28 0000 789C 6365 		.string	"x\234ce`d\230\307\300\300\340\016\304\322@\314\310\314\300\3104\341\034\003C#\007\023##\2
  28      6064 98C7 
  28      C0C0 E00E 
  28      C4D2 40CC 
  28      C8CC C0C8 
  29 009e 0D60 0469 		.string	"\r`\004i\004\032e\242\247\247\357\234\221\231\224\351\037\254\353\234\237WR\224\231\244\2
  29      041A 65A2 
  29      A7A7 EF9C 
  29      9199 94E9 
  29      1FAC EB9C 
  30 00e9 00        		.string	""
  31 00ea 124B E8   		.ascii	"\022K\350"
  32               	.text
  33               		.section	.gnu.lto_port_unlock.c9e09b42889b6c12,"",@progbits
  34 0000 789C 6365 		.string	"x\234ce`d\230\307\300\300\340\013\304\322@\314\310\314\300\3104\341\034\003C#\007\023##\2
  34      6064 98C7 
  34      C0C0 E00B 
  34      C4D2 40CC 
  34      C8CC C0C8 
  35 009e 0D60 0469 		.string	"\r`\004i\004\032e\242\247\247\357\234\221\231\224\351\037\254\353\234\237WR\224\231\244\2
  35      041A 65A2 
  35      A7A7 EF9C 
  35      9199 94E9 
  35      1FAC EB9C 
  36 00ed FD43 4C8D 		.ascii	"\375CL\215"
  37               	.text
  38               		.section	.gnu.lto_fw_allocator.c9e09b42889b6c12,"",@progbits
  39 0000 789C 8D93 		.string	"x\234\215\223\337K\223a\024\307\317\367}\236\275\357\3741\215\020\272Y \204\fo\266\233\27
  39      DF4B 9361 
  39      14C7 CFF7 
  39      7D9E BDEF 
  39      FC31 8D10 
  40 0023 9111 0B33 		.string	"\221\021\0133\320\272\351f\217\233?\232\213\024\302\211\2661k\205\263\037N\373\241\255,Ff
  40      D0BA E966 
  40      8F9B 3F9A 
  40      8B14 C289 
  40      B631 6B85 
  41 006a 7FE0 2218 		.ascii	"\177\340\"\030\203/\210\272\334\206!?[\244\252E\366\t\221\252"
  41      832F 88BA 
  41      DC86 213F 
  41      5BA4 AA45 
  41      F609 91AA 
  42 007e 1590 4E5E 		.ascii	"\025\220N^\002\372\240\334\240\260!$\302\030\020\303\002\257"
  42      02FA A0DC 
  42      A0B0 2124 
  42      C218 10C3 
  42      02AF 
  43 0090 BAA7 92E2 		.ascii	"\272\247\222\342\234H\013\202\344\360\333\363\321\217u:\004\032"
  43      9C48 0B82 
  43      E4F0 DBF3 
  43      D18F 753A 
  43      041A 
  44 00a2 395C 4E2C 		.ascii	"9\\N,\347d\363\270R\021U\030>k\306\262\005#-\f\032\341\352,\274"
  44      E764 F3B8 
  44      5211 5518 
  44      3E6B C6B2 
  44      0523 2D0C 
GAS LISTING /tmp/ccpZlXVM.s 			page 3


  45 00bb 1887 575F 		.ascii	"\030\207W_>\201f\335\372+5[\345\2646px\251\253\370\314#v\203"
  45      3E81 66DD 
  45      FA2B 355B 
  45      E5B4 3670 
  45      78A9 ABF8 
  46 00d3 F8BC BA36 		.ascii	"\370\274\2726\024\253\361]\2611+\347\241\032\322B\340\032\204"
  46      14AB F15D 
  46      B131 2BE7 
  46      A11A D242 
  46      E01A 84
  47 00e6 E65C AD70 		.ascii	"\346\\\255p8E\270\016\037\227/l\257\027\352\035M\006\207Kk\213"
  47      3845 B80E 
  47      1F97 2F6C 
  47      AF17 EA1D 
  47      4D06 874B 
  48 00fc A91A 07BC 		.ascii	"\251\032\007\274\213\303\301\315\255\367\226\330c\203\263O\323"
  48      8BC3 C1CD 
  48      ADF7 96D8 
  48      6383 B34F 
  48      D3
  49 010d 4954 C0EF 		.ascii	"IT\300\357\216h\256D\316\341N2\367\206\315\225\204)\370t"
  49      8E68 AE44 
  49      CEE1 4E32 
  49      F786 CD95 
  49      8429 F874 
  50 0121 F9A7 F8C2 		.string	"\371\247\370\302CK\354\265[\277gG\346dS\306n-_\0241U\2104\2627L;\355\177\355\221\256\3760
  50      434B ECB5 
  50      5BBF 6747 
  50      E664 53C6 
  50      6E2D 5F14 
  51 0222 E0F7 1AA3 		.ascii	"\340\367\032\243}ul@\274\351\367\360\330\241k\370\217S\357\017"
  51      7D75 6C40 
  51      BCE9 F7F0 
  51      D8A1 6BF8 
  51      8F53 EF0F 
  52 0236 045A 4F74 		.ascii	"\004ZOt\004\003\307[B\355\376V\222\235\241\323AWK[\350h\273\331"
  52      0403 C75B 
  52      42ED FE56 
  52      929D A1D3 
  52      4157 4B5B 
  53 024e 11EC 3CD5 		.ascii	"\021\354<\325v\36272s\376\326"
  53      76F2 3732 
  53      73FE D6
  54               	.text
  55               		.section	.gnu.lto_elyFWGetBufferI.c9e09b42889b6c12,"",@progbits
  56 0000 789C 8D52 		.ascii	"x\234\215R\315k\023q\020\235\267\263\331|\230T\364\344\241\207"
  56      CD6B 1371 
  56      109D B7B3 
  56      D97C 9854 
  56      F4E4 A187 
  57 0014 5E0A 16A4 		.ascii	"^\n\026\244{\022\377\036\t=\b~@\325s~\211\251Q\003\255\nIMi\331"
  57      7B12 FF1E 
  57      093D 087E 
  57      40D5 737E 
  57      89A9 5103 
  58 002e 4090 A8B5 		.ascii	"@\220\250\265\266\365;\021JH\265H\261\025[\002RADE\211\037\240"
  58      B6F5 3B11 
GAS LISTING /tmp/ccpZlXVM.s 			page 4


  58      4A48 B548 
  58      B115 5B02 
  58      5241 4445 
  59 0045 8287 8A36 		.ascii	"\202\207\2126\316$\301&\036\304\303\356\376f~o\336{3\263>\002"
  59      CE24 C126 
  59      1EC4 C3EE 
  59      FE66 7E6F 
  59      DE7B 33B3 
  60 005b ED62 A23D 		.ascii	"\355b\242=D\264_\036\370\b\326\371U\242x\300\262\354e&\023\342"
  60      44B4 5F1E 
  60      F808 D6F9 
  60      55A2 78C0 
  60      B2EC 6526 
  61 0071 A565 2213 		.ascii	"\245e\"\023f\330\255\274\r\350\301\004@1\213m\3040\306\343\214"
  61      66D8 ADBC 
  61      0DE8 C104 
  61      4031 8B6D 
  61      C430 C6E3 
  62 0086 67C9 B949 		.ascii	"g\311\271I\036e\217\t\266\204_W&\336\364h\b\364I\270XYy\345\033"
  62      1E65 8F09 
  62      B684 5F57 
  62      26DE F468 
  62      08F4 49B8 
  63 009f 281A 9330 		.ascii	"(\032\2230\225\361/\373.\304G\366zlQN\320W\320\213\"zU\374*\006"
  63      95F1 2FFB 
  63      2EC4 47F6 
  63      7A6C 514E 
  63      D057 D08B 
  64 00b9 48C0 EFD2 		.ascii	"H\300\357\322\217\026\374\274\033z\316\244F3V\177\241Y\270\272"
  64      8F16 FCBC 
  64      1B7A CEA4 
  64      4633 567F 
  64      A159 B8BA 
  65 00cd CE67 4D25 		.ascii	"\316gM%\321'\225\270\006\356.&E\277\236\337\312D\034\033\323"
  65      D127 95B8 
  65      06EE 2E26 
  65      45BF 9EDF 
  65      CA44 1C1B 
  66 00e2 E857 6EA1 		.ascii	"\350Wn\241\274\016\007\362\321\314\354\032*f\253\2212\225\245"
  66      BC0E 07F2 
  66      D1CC EC1A 
  66      2A66 AB91 
  66      3295 A5
  67 00f5 7514 A643 		.ascii	"u\024\246C\021\2200I\303r\347\310\221\375\362\262\003\372\nj"
  67      1190 3049 
  67      C372 E7C8 
  67      91FD F2B2 
  67      03FA 0A6A 
  68 0109 18D6 6BA2 		.ascii	"\030\326k\242s\302\243\r\247%\220/\177D2\377\276\016e\236b\237"
  68      73C2 A30D 
  68      A725 902F 
  68      7F44 32FF 
  68      BE0E 659E 
  69 011f 8896 4A9F 		.ascii	"\210\226J\237^\370c\277L\300c_\216U"
  69      5EF8 63BF 
  69      4CC0 635F 
  69      8E55 
GAS LISTING /tmp/ccpZlXVM.s 			page 5


  70 012d 6D06 3175 		.string	"m\0061u\223\035\251>\365\353\f\234f+\0358\247\300-\303\037\236\324\036\206<L\301c?fe\2267
  70      931D A93E 
  70      F5EB 0C9C 
  70      662B 1D38 
  70      A7C0 2DC3 
  71 022e 3B        		.ascii	";"
  72               	.text
  73               		.section	.gnu.lto_fw_mpool.c9e09b42889b6c12,"",@progbits
  74 0000 789C 6365 		.string	"x\234ce`dHc``\020d\200\200\351\314\214;w\276\271\315^\377\267\241\243\241\341A\367Z\001\2
  74      6064 4863 
  74      6060 1064 
  74      8080 E9CC 
  74      8C3B 77BE 
  75 005c AA5E 01A2 		.string	"\252^\001\242\230\030\2273\32630\256b\264`\340\327\323\327O\316/J\325\317M\314\314\323Kf"
  75      9818 9733 
  75      D633 30AE 
  75      62B4 60E0 
  75      D7D3 D74F 
  76 007c 00        		.string	""
  77 007d 10E0 2607 		.ascii	"\020\340&\007"
  78               	.text
  79               		.section	.gnu.lto_fw_sem.c9e09b42889b6c12,"",@progbits
  80 0000 789C 6365 		.string	"x\234ce`d\320e`"
  80      6064 D065 
  80      6000 
  81 000a 9210 309D 		.string	"\222\0200\235\231\361b\313\2069\314}\314\363\231\031\030Y\200\334\037W\367v\260Zlk\350X\3
  81      99F1 62CB 
  81      8639 CC7D 
  81      CCF3 9919 
  81      1859 80DC 
  82 003b 8386 0E69 		.ascii	"\203\206\016i"
  83               	.text
  84               		.section	.gnu.lto_elyFWGetBuffer.c9e09b42889b6c12,"",@progbits
  85 0000 789C 758F 		.string	"x\234u\217\277KBQ\024\307\317\367\335\347S\202\n\232\242\034\\\204\034\362\375M!\006A?\30
  85      BF4B 4251 
  85      14C7 CFF7 
  85      DDE7 5382 
  85      0A9A A21C 
  86 005e E4A1 4320 		.ascii	"\344\241C \307\200\2035UR\270[>\331V\005\3452fr\371\321\334z"
  86      C780 8335 
  86      5552 B85B 
  86      3ED9 5605 
  86      E532 6672 
  87 0076 1E90 1288 		.ascii	"\036\220\022\210py\3455\037\003\261\232\326\031\355\2256\307"
  87      7079 E535 
  87      1F03 B19A 
  87      D619 ED95 
  87      36C7 
  88 0088 37D2 2B63 		.ascii	"7\322+c\2562\250\314\364.\302\250!,\021{\210\021\303\355\374"
  88      AE32 A8CC 
  88      F42E C2A8 
  88      212C 117B 
  88      8811 C3ED 
  89 009d CD45 500D 		.ascii	"\315EP\rA\336\305l\241hD\253~\343\347\275Z\325^&\302\235\330"
  89      41DE C56C 
  89      A168 44AB 
  89      7EE3 E7BD 
GAS LISTING /tmp/ccpZlXVM.s 			page 6


  89      5AD5 5E26 
  90 00b4 87EA 6D26 		.ascii	"\207\352m&\241\237N\273\305~\313\304\001\242\342f\345!,^\002"
  90      A19F 4EBB 
  90      C57E CBC4 
  90      01A2 E266 
  90      E521 2C5E 
  91 00c9 F253 6FC1 		.ascii	"\362So\301\323\335\357\254\366\332\327\250v\372,\223|\220rL\312"
  91      D3DD EFAC 
  91      F6DA D7A8 
  91      76FA 2C93 
  91      7C90 724C 
  92 00de 4279 9E88 		.ascii	"By\236\210o\325\301R\345lDZ\305\331h\274=\004\235/\035r\025G"
  92      6FD5 C152 
  92      E56C 445A 
  92      C5D9 68BC 
  92      3D04 9D2F 
  93 00f6 8AEC 080E 		.ascii	"\212\354\b\016\271\312$\341\316_!\340\2162{\321@\231e\204c\037"
  93      B9CA 24E1 
  93      CE5F 21E0 
  93      8E32 7BD1 
  93      4099 6584 
  94 010c B57C F4F2 		.ascii	"\265|\364\362\037%\247\243\376\253|G\246\362\322\372S\312V9\216"
  94      1F25 A7A3 
  94      FEAB 7C47 
  94      A6F2 D2FA 
  94      53CA 5639 
  95 0121 E4A1 5836 		.ascii	"\344\241X6\030\267\355\304\\*i\317LL\315\306\023d\245\222\363"
  95      18B7 EDC4 
  95      5C2A 69CF 
  95      4C4C CDC6 
  95      1364 A592 
  96 0136 8BD3 0B3F 		.ascii	"\213\323\013?&%zq"
  96      2625 7A71 
  97               	.text
  98               		.section	.gnu.lto_elyFWGetBufferTimeoutS.c9e09b42889b6c12,"",@progbits
  99 0000 789C 6D92 		.string	"x\234m\222MOSQ\020\206g\356\334\217\266\264\245\022\026\306\260\250\211\004Y\b;\027&\374\
  99      4D4F 5351 
  99      1086 67EE 
  99      DC8F B6B4 
  99      A512 16C6 
 100 0022 43C0 1045 		.string	"C\300\020E\022>\326= \004\225\0041\261b\221z\2334\212\212\362)B\001\241R0\232\200F\f\232\
 100      123E D63D 
 100      2004 9504 
 100      31B1 6291 
 100      7A9B 348A 
 101 0064 9CE5 1F1A 		.string	"\234\345\037\032\200J\313[\200Z\207\242\350\013>\020.\032(\002\341&E\215h\034i\353\257\20
 101      804A CB5B 
 101      805A 87A2 
 101      E80B 3E10 
 101      2E1A 2802 
 102 0096 6F50 2BE1 		.string	"oP+\341\373\372\236vj&\223"
 102      FBFA 9E76 
 102      6A26 9300 
 103 00a2 550E 3766 		.ascii	"U\0167f\332\276ye\210\350\3470\021\237\371\242\345w\bQ'\342\255"
 103      DABE 7965 
 103      88E8 E730 
 103      119F F9A2 
GAS LISTING /tmp/ccpZlXVM.s 			page 7


 103      E577 0851 
 104 00b9 43A7 6ED6 		.ascii	"C\247n\3266\2344I\201\020\253\037b\016v`\216\244z\204\371\254"
 104      369C 3449 
 104      8110 AB1F 
 104      620E 7660 
 104      8EA4 7A84 
 105 00cf 9D4A 6EC6 		.ascii	"\235Jn\3063m'\205\303\331\365\351p\206\355\344\343\360s\363\255"
 105      336D 2785 
 105      C3D9 F5E9 
 105      7086 EDE4 
 105      E3F0 73F3 
 106 00e4 EF5E CA42 		.ascii	"\357^\312B\340\363\366\352\350\246\221w\337r]<'\262M\"|\202$"
 106      E0F3 F6EA 
 106      E8A6 9177 
 106      DF72 5D3C 
 106      27B2 4D22 
 107 00fb 5D3B D9F5 		.ascii	"];\331\3651\273r\n\360)\346I\371R\323\324\230A\307\254\322`c"
 107      31BB 720A 
 107      F029 E649 
 107      F952 D3D4 
 107      9841 C7AC 
 108 0112 7350 C98D 		.ascii	"sP\311\215Z\245K\037\351\232\210\327\371\231\b\273\354\362}("
 108      5AA5 4B1F 
 108      E99A 88D7 
 108      F999 08BB 
 108      ECF2 7D28 
 109 0126 90EA 8DED 		.ascii	"\220\352\215\355\360\240\323f\310\346p\272'\366I\245\343\226"
 109      F0A0 D366 
 109      C8E6 70BA 
 109      27F6 49A5 
 109      E396 
 110 0138 D1D0 BDF6 		.ascii	"\321\320\275\366?$\215\204\210\257\005\367\214T\354\265\215z"
 110      3F24 8D84 
 110      88AF 05F7 
 110      8C54 ECB5 
 110      8D7A 
 111 014a D28D BEF6 		.ascii	"\322\215\276\366\356\004=\272\212}\230\213\335\230\033\345\235"
 111      EE04 3DBA 
 111      8A7D 988B 
 111      DD98 1BE5 
 111      9D
 112 015b B08A 47EF 		.ascii	"\260\212G\357G\035\001\350\300\207\356Y\214\213\235d#\363\315"
 112      471D 01E8 
 112      C087 EE59 
 112      8C8B 9D64 
 112      23F3 CD
 113 016e E183 F10C 		.ascii	"\341\203\361\f\017\3620\212\206r\032^\037\013\235 \245n\231\006"
 113      0FF2 308A 
 113      8672 1A5E 
 113      1F0B 9D20 
 113      A56E 9906 
 114 0182 B8CE 3672 		.ascii	"\270\3166r3M\034\360?\255`C$yF\372\206\311\340\316\261\330\352"
 114      334D 1CF0 
 114      3FAD 6043 
 114      2479 46FA 
 114      86C9 E0CE 
 115 0199 8211 F82B 		.ascii	"\202\021\370+\034&i!\342^\370\f\003\022\351v\303\304;C\316\246"
GAS LISTING /tmp/ccpZlXVM.s 			page 8


 115      1C26 6921 
 115      E25E F80C 
 115      0312 E976 
 115      C3C4 3B43 
 116 01af 5BF3 1CD0 		.ascii	"[\363\034\320\351Q\251\343\334\362\364\334\244\313\3040\232d"
 116      E951 A9E3 
 116      DCF2 F4DC 
 116      A4CB C430 
 116      9A64 
 117 01c1 E073 DEF8 		.ascii	"\340s\336\370\200\234\210?D\266~\317\271Y|U\210H\251t\030D\023"
 117      809C 883F 
 117      44B6 7ECF 
 117      B959 7C55 
 117      8848 A974 
 118 01d8 654F C021 		.ascii	"eO\300!\f\204I3\311\001\213X\277\220xU\272\217\222\352\250\""
 118      0C84 4933 
 118      C901 8B58 
 118      BF90 7855 
 118      BA8F 92EA 
 119 01ee 606C F772 		.ascii	"`l\367r\232xQ\003E\214]\037\351_A[\354L\347q\206\344\2408|\210"
 119      9A78 5103 
 119      458C 5D1F 
 119      E95F 415B 
 119      EC4C E771 
 120 0208 DB75 98DB 		.ascii	"\333u\230\333\025\225\272t\356\f\034e\356\221\377p\017\243\264"
 120      1595 BA74 
 120      EE0C 1C65 
 120      EE91 FF70 
 120      0FA3 B4
 121 021b 7891 021F 		.ascii	"x\221\002\037\303\200InI=\237X;\275\017\222\352\2470\365x\212"
 121      C380 496E 
 121      493D 9F58 
 121      3BBD 0F92 
 121      EAA7 30F5 
 122 0231 5A85 1655 		.ascii	"Z\205\026UR\373\255\352t\020O\210\207\002\214\037\002\366Z\300"
 122      52FB ADEA 
 122      7410 4F88 
 122      8702 8C1F 
 122      02F6 5AC0 
 123 0245 57B6 C67F 		.ascii	"W\266\306\177zYw\224\023\362\035\310\334\233\266\316\213\314"
 123      7A59 7794 
 123      13F2 1DC8 
 123      DC9B B6CE 
 123      8BCC 
 124 0257 5BEB 3329 		.ascii	"[\3533)\023'\030\370\345.pr\271\257\313\311\342;B\370\245A\""
 124      1327 18F8 
 124      E52E 7072 
 124      B9AF CBC9 
 124      E23B 42F8 
 125 026e 853B 2971 		.ascii	"\205;)q}\026\212\266w\201#\037v/\320\235\316s$\304\270\200S\314"
 125      7D16 8AB6 
 125      7781 231F 
 125      762F D09D 
 125      CE73 24C4 
 126 0286 C333 9994 		.ascii	"\3033\231\224e\225\351\326{\371\201\n'y\337\360\013Q\316\247"
 126      6595 E9D6 
 126      7BF9 810A 
GAS LISTING /tmp/ccpZlXVM.s 			page 9


 126      2779 DFF0 
 126      0B51 CEA7 
 127 029a 0CB7 79D9 		.ascii	"\f\267y\331A\233\277\353\341\307\205R\304\267\232YPXX\\QYRX~"
 127      419B BFEB 
 127      E1C7 8552 
 127      C4B7 9A59 
 127      5058 585C 
 128 02b3 BEEC 7241 		.ascii	"\276\354rA1\030\325e\345%\0255\325zeIU\315\245j*\257\272\360"
 128      3118 D565 
 128      E525 1535 
 128      D57A 6549 
 128      55CD A56A 
 129 02cb 0F29 2E52 		.ascii	"\017).R\025"
 129      15
 130               	.text
 131               		.section	.gnu.lto___func__.4776.c9e09b42889b6c12,"",@progbits
 132 0000 789C 6365 		.string	"x\234ce`d\020e``\220d\200\200\351\314\214\277\373;\332y\025\231\3467p\314gf``\\\316\250\3
 132      6064 1065 
 132      6060 9064 
 132      8080 E9CC 
 132      8CBF FB3B 
 133 003d 00        		.string	""
 134 003e 5AD2 0EDE 		.ascii	"Z\322\016\336"
 135               	.text
 136               		.section	.gnu.lto_elyFWFreeBufferI.c9e09b42889b6c12,"",@progbits
 137 0000 789C 6D90 		.string	"x\234m\220\313KBQ\020\306\347\273\343\365\221= Z\024\265p'n\364o\252HhQA\320\372\236\304(
 137      CB4B 4251 
 137      10C6 E7BB 
 137      E3F5 913D 
 137      205A 14B5 
 138 0060 9D28 2FC8 		.ascii	"\235(/\3102`a\216\023\214\223\311\247\202\021\312(\t'\361\326"
 138      3260 618E 
 138      138C 93C9 
 138      A782 11CA 
 138      2809 27F1 
 139 0075 A5B2 0E6C 		.ascii	"\245\262\016l&J\312\322\201\fB\242\272\212\347Vx\226m\006\\R"
 139      264A CAD2 
 139      810C 42A2 
 139      BA8A E756 
 139      7896 6D06 
 140 008b BE9E 2F3F 		.ascii	"\276\236/?\264\352\322@@\312L\374\370\306\307\355 \311\235\255"
 140      B4EA D240 
 140      40CA 4CFC 
 140      F8C6 C7ED 
 140      20C9 9DAD 
 141 009f B33B 23B8 		.ascii	"\263;#\270\246TL9\305\005\250\016\233\031\033`1\304:z\220E\017"
 141      A654 4C39 
 141      C505 A80E 
 141      9B19 1B60 
 141      31C4 3A7A 
 142 00b6 498B B089 		.ascii	"I\213\260\211\240\326\337\347k\213-n\327\317@l\301-\354\264{"
 142      A0D6 DFE7 
 142      6B8B 2D6E 
 142      D7CF 406C 
 142      C12D ECB4 
 143 00cb 0D47 D5BE 		.ascii	"\rG\325\276&\305b\rU\323\024r-\247i\021\351'\314\260\241w.c\""
 143      26C5 620D 
GAS LISTING /tmp/ccpZlXVM.s 			page 10


 143      55D3 1472 
 143      2DA7 6911 
 143      E927 CCB0 
 144 00e4 5DEE D6B7 		.ascii	"]\356\326\267\264U\241\360r\353\261>\225\327fW\222\305\007\333"
 144      B455 A1F0 
 144      72EB B13E 
 144      95D7 6657 
 144      92C5 07DB 
 145 00f8 B0F4 C1D2 		.ascii	"\260\364\301\322\304\311\245G\343\232h\320\231\253z\254\364\236"
 145      C4C9 A547 
 145      E39A 68D0 
 145      99AB 7AAC 
 145      F49E 
 146 010a 8BA5 D326 		.ascii	"\213\245\323&\033)y\274\033\273\3629;\302\251\017\322\037\325"
 146      1B29 79BC 
 146      1BBB F239 
 146      3BC2 A90F 
 146      D21F D5
 147 011d 52B3 88A7 		.ascii	"R\263\210\247\224\nh\203\034l\324\007\"\017+\305\206\315\036"
 147      940A 6883 
 147      1C6C D407 
 147      220F 2BC5 
 147      86CD 1E
 148 0130 2A23 9EAE 		.ascii	"*#\236\256\360?\030\336\244\200\022\366\0320|\215\030\276U\215"
 148      F03F 18DE 
 148      A480 12F6 
 148      1A30 7C8D 
 148      18BE 558D 
 149 0144 FB17 A309 		.ascii	"\373\027\243\t\007\202\261\377/\206\017\207\277\030G\260l\366"
 149      0782 B1FF 
 149      2F86 0F87 
 149      BF18 47B0 
 149      6CF6 
 150 0156 5305 B1F4 		.ascii	"S\005\261\364\273\277\336\3221-\206\362C2\275-\034\211\364\217"
 150      BBBF DED2 
 150      312D 86F2 
 150      4332 BD2D 
 150      1C89 F48F 
 151 016a 8C0E 4486 		.ascii	"\214\016D\206z\007\207\303\375\344\356\033\213F\007F\277\001"
 151      7A07 87C3 
 151      FDE4 EE1B 
 151      8B46 0746 
 151      BF01 
 152 017c 7761 A6BA 		.ascii	"wa\246\272"
 153               	.text
 154               		.section	.gnu.lto_elyFWFreeBuffer.c9e09b42889b6c12,"",@progbits
 155 0000 789C 758F 		.ascii	"x\234u\217\277KBQ\024\307\317\367\236\347\323\240\037\020\r\205"
 155      BF4B 4251 
 155      14C7 CFF7 
 155      9EE7 D3A0 
 155      1F10 0D85 
 156 0014 0E6D E2A2 		.ascii	"\016m\342\242\377E\377G\211\202C\005Bk\357\246\017\004\213j("
 156      FF45 FF47 
 156      8982 4305 
 156      426B EFA6 
 156      0F04 8B6A 
 157 0029 C428 DE6B 		.ascii	"\304(\336k\020\265,m\224\226GD[Am\0214\024\264XC{i\347V4\331"
GAS LISTING /tmp/ccpZlXVM.s 			page 11


 157      10B5 2C6D 
 157      9496 4744 
 157      5B41 6D11 
 157      3414 B458 
 158 0044 81CB BDE7 		.ascii	"\201\313\275\347\362\271\237\357\271!\002\255\202h\232\210\242"
 158      F2B9 9FEF 
 158      B921 02AD 
 158      8268 9A88 
 158      A2
 159 0055 B2C0 04B5 		.ascii	"\262\300\004\265}C\264\026Q\2009\350\b\310Qp\260\305\025\306"
 159      7D43 B416 
 159      5180 39E8 
 159      08C8 5170 
 159      B0C5 15C6 
 160 0069 45E9 A5AB 		.ascii	"E\351\245\253\022u-\025T>ft#\200\307DUY\246PGB\250[\267\263\317"
 160      1275 2D15 
 160      543E 6674 
 160      2380 C744 
 160      5559 A650 
 161 0084 9BEC 3160 		.ascii	"\233\3541`I\373~\275\367<nZ\205Yi\353\356\371\375\bO\202\344"
 161      49FB 7EBD 
 161      F73C 6E5A 
 161      8559 69EB 
 161      EEF9 FD08 
 162 009b 1CB4 AE1E 		.ascii	"\034\264\256\036U\274\246uA\007\227;\320S\0363\216\300\"D\023"
 162      55BC A675 
 162      4107 973B 
 162      D053 1E33 
 162      8EC0 2244 
 163 00b0 3134 1023 		.ascii	"14\020#\271\"\034#n\370\247\263\376\356\230m\375\004\242\005"
 163      B922 1C23 
 163      6EF8 A7B3 
 163      FEEE 986D 
 163      FD04 A205 
 164 00c4 5B66 A7F6 		.ascii	"[f\247\366\035\002\335\037\224DQCe.,\261\006\247\262@\346\013"
 164      1D02 DD1F 
 164      9444 5143 
 164      652E 2CB1 
 164      06A7 B240 
 165 00da EBAC CCCE 		.ascii	"\353\254\314\316=\024\375A\324\2742\252n\367\365!\354|\352\210"
 165      3D14 FD41 
 165      D4BC 32AA 
 165      6EF7 F521 
 165      EC7C EA88 
 166 00ee C756 95C5 		.ascii	"\307V\225\305\203\0238\022\026\242\036\\\377pt\bgW\305D8\025"
 166      8313 3812 
 166      16A2 1E5C 
 166      FF70 7408 
 166      6757 C544 
 167 0104 EE80 E53F 		.ascii	"\356\200\345?a2\312\3320T\224\222\216\366\237\262\3507\377\341"
 167      6132 CADA 
 167      3054 9492 
 167      8EF6 9FB2 
 167      E837 FFE1 
 168 0118 2CE1 3ABF 		.ascii	",\341:\277\334\033\n~{\003\337\240\251\262\f&\243K\352D2\225"
 168      DC1B 0A7E 
 168      7B03 DFA0 
GAS LISTING /tmp/ccpZlXVM.s 			page 12


 168      A9B2 0C26 
 168      A34B EA44 
 169 012e 4A2F E733 		.ascii	"J/\3473\251\305\371\334R2M\366\302J6\233\311\177\001GV\200\272"
 169      A9C5 F9DC 
 169      5232 4DF6 
 169      C24A 369B 
 169      C97F 0147 
 170               	.text
 171               		.section	.gnu.lto_.symbol_nodes.c9e09b42889b6c12,"",@progbits
 172 0000 789C 65CD 		.string	"x\234e\315;N\0031\024\205\341\337\3668\231a\036\274z\n\026\300\032`1)h\020\"\351\257\205\
 172      3B4E 0331 
 172      1485 E1DF 
 172      F638 9961 
 172      1EBC 7A0A 
 173 0037 E150 1DDD 		.string	"\341P\035\335\317\347^[\024C\005\350H`{"
 173      CFE7 5E5B 
 173      1443 05E8 
 173      4860 7B00 
 174 0047 3E0E DDB1 		.string	">\016\335\261kx\262\242&\351\034\321?v\264\263\002\366\f\343\026YZom\264W\333\235\326Z\00
 174      6B78 B2A2 
 174      26E9 1CD1 
 174      3F76 B4B3 
 174      02F6 0CE3 
 175 00a4 CF48 16C0 		.ascii	"\317H\026\300\023\222\007\360\202\024\177\301\330\202\336\353"
 175      1392 07F0 
 175      8214 7FC1 
 175      D882 DEEB 
 176 00b4 5819 9BD3 		.ascii	"X\031\233\323\335\372\\01\354\226sl9\251R\361^f2S\367\222\202"
 176      DDFA 5C30 
 176      31EC 9673 
 176      6C39 A952 
 176      F15E 6632 
 177 00cc D1DE 87CF 		.ascii	"\321\336\207\317iz\007\306$9\375}?\246s\365s:K\277\314\354\373"
 177      697A 07C6 
 177      2439 FD7D 
 177      3FA6 73F5 
 177      733A 4BBF 
 178 00e3 4C96 D667 		.ascii	"L\226\326g\262yFU*6\337\306\212/A\261}~"
 178      B279 4655 
 178      2A36 DFC6 
 178      8A2F 41B1 
 178      7D7E 
 179               	.text
 180               		.section	.gnu.lto_.refs.c9e09b42889b6c12,"",@progbits
 181 0000 789C 0DC9 		.string	"x\234\r\311\301\021\200@\f\0031{}\211\007\350\205\376\313\003}5\262^IA1\3478\223a\255\306
 181      C111 8040 
 181      0C03 317B 
 181      7D89 07E8 
 181      85FE CB03 
 182 002d 184A 00   		.string	"\030J"
 183 0030 D9        		.ascii	"\331"
 184               	.text
 185               		.section	.gnu.lto_.decls.c9e09b42889b6c12,"",@progbits
 186 0000 789C AD58 		.string	"x\234\255X{PT\327\031\277\347\336\005v\227\005\254:\232\314\220\016\311\030\313t\0326\032
 186      7B50 54D7 
 186      19BF E7DE 
 186      0576 9705 
GAS LISTING /tmp/ccpZlXVM.s 			page 13


 186      AC3A 9ACC 
 187 0046 1410 9445 		.string	"\024\020\224E\0055\200 \250\200\370"
 187      0535 8020 
 187      A880 F800 
 188 0052 1515 7983 		.string	"\025\025y\203\212\bJ\277\363\270{\357\222]\247\231\351\035\016{\3179\337\371}\277\363}\33
 188      8A08 4ABF 
 188      F3B8 7BEF 
 188      925D A799 
 188      E91D 0E7B 
 189 0100 2C1B 04BF 		.string	",\033\004\277fDm\326"
 189      6644 6DD6 
 189      00
 190 0109 C50F 51BB 		.string	"\305\017Q\273\rBy"
 190      0D42 7900 
 191 0111 E56F 50F7 		.string	"\345oP\367e\234\0372\373\362\314Vo0\214\217\231]\224\317n\350"
 191      659C 1F32 
 191      FBF2 CC56 
 191      6F30 8C8F 
 191      995D 94CF 
 192 0128 F770 36C6 		.string	"\367p6\306\3678\303\307\343\353\240\234\207R\257\340=\3739\310Sl\236q\221\364;{4 \3441kn\
 192      F738 C3C7 
 192      E3EB A09C 
 192      8752 AFE0 
 192      3DFB 39C8 
 193 015f 6BDE 2C2C 		.ascii	"k\336,,\037(\313\241\204(l\363\276\023\273\205\"\032w\035P\336"
 193      1F28 CBA1 
 193      8428 6CF3 
 193      BE13 BB85 
 193      221A 771D 
 194 0175 46B2 ED88 		.ascii	"F\262\355\210\3759\032o\277P\304\031\266\037\266\207\024W\037"
 194      FD39 1A6F 
 194      BF50 C419 
 194      B61F B687 
 194      1457 1F
 195 0188 CFB2 610E 		.ascii	"\317\262a\016O\347\335\341b\336\370\321\203\f\216\375/gq\266"
 195      4FE7 DDE1 
 195      62DE F8D1 
 195      830C 8EFD 
 195      2F67 71B6 
 196 019c 28B8 FD16 		.ascii	"(\270\375\026\336\303\024\334\177\311\364`\335\013Y\234\377\352"
 196      DEC3 14DC 
 196      7FC9 F460 
 196      DD0B 599C 
 196      FFEA 
 197 01ae 15BE 7C0F 		.ascii	"\025\276|\017:\324NtH6\376\007\374.P\314\363uf\343\205l\3758"
 197      3AD4 4E74 
 197      4836 FE07 
 197      FC2E 50CC 
 197      F375 66E3 
 198 01c6 B373 9A80 		.ascii	"\263s\232\200.\307\036\315\022\266\th\256\026\251\240:\332\224"
 198      2EC7 1ECD 
 198      12B6 0968 
 198      AE16 A9A0 
 198      3ADA 94
 199 01d9 79D7 1BAA 		.ascii	"y\327\033\252\363\265\310\017\252\231U\217\277s\243\275j\334"
 199      F3B5 C80F 
 199      AA99 558F 
GAS LISTING /tmp/ccpZlXVM.s 			page 14


 199      BF73 A3BD 
 199      6ADC 
 200 01eb 3B9D 5DAE 		.ascii	";\235]\256\241\275\363\241\332\237\231\235\256\022\300\211\360"
 200      A1BD F3A1 
 200      DA9F 999D 
 200      AE12 C089 
 200      F0
 201 01fc 3EF4 B263 		.ascii	">\364\262c\322\023\272>\325\242\231\231_C\303\221\201\312I/\332"
 201      D213 BA3E 
 201      D5A2 9999 
 201      5F43 C391 
 201      81CA 492F 
 202 0211 80FB 6F4F 		.ascii	"\200\373oO\346\257\f(\022\351\243\376\261L wr\270\\',\304B|_"
 202      E6AF 0C28 
 202      12E9 A3FE 
 202      B14C 2077 
 202      72B8 5C27 
 203 022a DDCD 0437 		.ascii	"\335\315\0047\344\257\315\303B\266\211\235\001\343q\242\310\243"
 203      E4AF CDC3 
 203      42B6 899D 
 203      01E3 71A2 
 203      C8A3 
 204 023c 6348 8B8E 		.ascii	"cH\213\216 \001\035F\001x\316\237j\341\177\202(F\213IQ67\177"
 204      2001 1D46 
 204      0178 CE9F 
 204      6AE1 7F82 
 204      2846 8B49 
 205 0254 0E15 225F 		.ascii	"\016\025\"_t\b\371r\350(\362\307\372\260\034*\206\306\"h\004"
 205      7408 F972 
 205      E828 F2C7 
 205      FAB0 1C2A 
 205      86C6 2268 
 206 0269 1549 3726 		.ascii	"\025I7&\253=\205o\b\217\364\035E\225H\370\017~W=)L\215\361F\363"
 206      AB3D 856F 
 206      088F F41D 
 206      4595 48F8 
 206      0F7E 573D 
 207 0283 74FE 8B92 		.ascii	"t\376\213\222\261\302\244(\3617<\207\362%\264RPY\206\346a8t\002"
 207      B1C2 A428 
 207      F137 3C87 
 207      F225 B452 
 207      5059 86E6 
 208 029b 90CB D122 		.ascii	"\220\313\321\"Bz\223]5\351\226\3449t\034\341 \340(\373\333\005"
 208      427A 935D 
 208      35E9 96E4 
 208      3974 1CE1 
 208      20E0 28FB 
 209 02b1 7EF1 3198 		.ascii	"~\3611\230=\310p\214:~\366\343\321\266K\207<\022E[4\217\307\240"
 209      3DC8 708C 
 209      3A7E F6E3 
 209      D1B6 4B87 
 209      3C12 455B 
 210 02c9 12A6 C8AE 		.ascii	"\022\246\310\256"
 211 02cd 598F D196 		.string	"Y\217\321\226\370R\003M=L\351D\324\007:\250FWu&\373P\037t\343\356\256=\365}:\241\006\221\
 211      F852 034D 
 211      3D4C E944 
 211      D407 3AA8 
GAS LISTING /tmp/ccpZlXVM.s 			page 15


 211      4657 7526 
 212 03ce 3E24 4B53 		.string	">$KS\263\324\247\317\215\022E\204\245\224A\204}\266\253\356[\017!\201\254>\376L\355\203\b
 212      B3D4 A7CF 
 212      8D12 4584 
 212      A594 4184 
 212      7DB6 ABEE 
 213 03f9 F045 D990 		.ascii	"\360E\331\220\030\201\343\234\031\005}\007\266x\225]p\300\324"
 213      1881 E39C 
 213      1905 7D07 
 213      B678 955D 
 213      70C0 D4
 214 040c DD2C 71F0 		.ascii	"\335,q\360r\203C\3447\322\310\307\277 \374dr\323\220\206F\327"
 214      7283 43E4 
 214      37D2 C8C7 
 214      BF20 FC64 
 214      72D3 9086 
 215 0422 02A8 26E4 		.ascii	"\002\250&\344\215\237A\332\004\272\304\360Xh/\264\017\275\204"
 215      8D9F 41DA 
 215      04BA C4F0 
 215      5868 2FB4 
 215      0FBD 84
 216 0435 6039 8351 		.ascii	"`9\203QQ\023]\254\343iq\211j:x!T3\022\023U42+\020T\257>;\365"
 216      5113 5DAC 
 216      E369 7189 
 216      6A3A 7821 
 216      5433 1213 
 217 0453 5C27 EC22 		.ascii	"\\'\354\"\263V\035\351ljRA\272\360E\200\206\362\244\344\302\241"
 217      B356 1DE9 
 217      6C6A 5241 
 217      BAF0 4580 
 217      86F2 A4E4 
 218 0469 36B0 ED65 		.ascii	"6\260\355e$Hi\216\250\266\355\023\205\3278\364\236/z\027\246"
 218      2448 698E 
 218      A8B6 ED13 
 218      85D7 38F4 
 218      9E2F 7A17 
 219 047e DC0A D36C 		.ascii	"\334\n\323l#\232\257\300\330\253\240:S\304b\227\021i&\225\221"
 219      239A AFC0 
 219      D8AB A03A 
 219      53C4 6297 
 219      1169 2695 
 220 0493 5F93 77D0 		.ascii	"_\223w\320\272\315vwH;7\211\331\316\217\310\240\026\030\330L"
 220      BACD 7677 
 220      483B 3789 
 220      D9CE 8FC8 
 220      A016 18D8 
 221 04a8 A670 0DCD 		.ascii	"\246p\r\315\225&\202\245\307\236\366%xh\231\322\204W*\005\351"
 221      9526 82A5 
 221      C79E F625 
 221      7868 99D2 
 221      8457 2A05 
 222 04bd B4A2 D873 		.ascii	"\264\242\330s\016\330\355\257\302\036\250H\031\320*\375\320\201"
 222      0ED8 EDAF 
 222      C21E A848 
 222      19D0 2AFD 
 222      D081 
 223 04cf E62A FCD0 		.ascii	"\346*\374\320\311\374\320I\374\220\037U6O\330M\363sy\346K\233"
GAS LISTING /tmp/ccpZlXVM.s 			page 16


 223      C9FC D049 
 223      FC90 1F55 
 223      364F D84D 
 223      F373 79E6 
 224 04e5 4A28 A0   		.ascii	"J(\240"
 225 04e8 95BB FB2F 		.string	"\225\273\373/\035\340\301\252<N\326\330\254\231\266\226\277\322\272(\376\033/\324\256\307
 225      1DE0 C1AA 
 225      3C4E D6D8 
 225      AC99 B696 
 225      BFD2 BA28 
 226 05e9 143B 2301 		.ascii	"\024;#\001z\032\257e<\362Q\306\354\240C\356\030b1;Db\366yM\341"
 226      7A1A AF65 
 226      3CF2 51C6 
 226      ECA0 43EE 
 226      1862 313B 
 227 0603 1DFE 1658 		.ascii	"\035\376\026X\nbO:U#\372\037\221B\2523\322\203\020i\307\361\307"
 227      0A62 4F3A 
 227      5523 FA1F 
 227      9142 AA33 
 227      D283 1069 
 228 061a B103 326B 		.ascii	"\261\0032k\262\377pv\021Z\345\031$\371c\277H\201\310IMJ\f\334"
 228      B2FF 7076 
 228      115A E519 
 228      24F9 63BF 
 228      4881 C849 
 229 0632 C64B F904 		.ascii	"\306K\371\004I\003\241\207\307\002J:\234R\267#W\306\337\261\337"
 229      4903 A187 
 229      C702 4A3A 
 229      9C52 B723 
 229      57C6 DFB1 
 230 0647 E198 8724 		.ascii	"\341\230\207$\233\345M<\333\354-\364\021\337\240\226\023W\373"
 230      9BE5 4D3C 
 230      DBEC 2DF4 
 230      11DF A096 
 230      1357 FB
 231 065a 9172 3FFE 		.ascii	"\221r?\376r\201b?\036%\373\361\032\266\035\267\326f\245j\336"
 231      7281 623F 
 231      1E25 FBF1 
 231      1AB6 1DB7 
 231      D666 A56A 
 232 066f DA27 DABA 		.ascii	"\332'\332\272a'\333#Tn\306\201\205~\217\245\320\210\354\311\021"
 232      6127 DB23 
 232      546E C681 
 232      857E 8FA5 
 232      D088 ECC9 
 233 0684 921D D130 		.ascii	"\222\035\3210\254`\016\215\241\267`d\367\336\007;\275\204|7\242"
 233      AC60 0E8D 
 233      A1B7 6064 
 233      F7DE 073B 
 233      BD84 7C37 
 234 0699 B2F1 D4F5 		.ascii	"\262\361\324\365F\236\301\264\376%\016v,Q\334\307\023\224q\031"
 234      469E C1B4 
 234      FE25 0E76 
 234      2C51 DCC7 
 234      1394 7119 
 235 06ad 655C 89F2 		.ascii	"e\\\211\362\230\240\304\314T\364\270\te\024\345DBt\254\032P\272"
 235      98A0 C4CC 
GAS LISTING /tmp/ccpZlXVM.s 			page 17


 235      54F4 B809 
 235      6514 E544 
 235      4274 AC1A 
 236 06c3 01A5 B942 		.ascii	"\001\245\271B\330x\200,\021\3617\344\020\201\236\310@O\224@O"
 236      D878 802C 
 236      11F1 37E4 
 236      1081 9EC8 
 236      404F 9440 
 237 06d8 0950 54F6 		.ascii	"\tPT\366\225(\225p\231\002\035\211\273W\2007\005_HXHq\270\364"
 237      9528 9570 
 237      9902 1D89 
 237      BB57 8037 
 237      055F 4858 
 238 06f0 A587 CB32 		.ascii	"\245\207\3132\333x\261J\350!\262|\342\306\2324\225\"]-\217!\351"
 238      DB78 B14A 
 238      E821 B27C 
 238      E2C6 9A34 
 238      9522 5D2D 
 239 0707 6A1A 56D6 		.ascii	"j\032V\326sY\243\257\375\020\351\2701LA\354\372\262%;\t6~F\327"
 239      7359 A3AF 
 239      FD10 E9B8 
 239      314C 41EC 
 239      FAB2 253B 
 240 0720 78C1 DEFC 		.ascii	"x\301\336\374s^B?\325\220qqS\232\217\"[--!\331j\0064\274\220"
 240      735E 423F 
 240      D590 7171 
 240      539A 8F22 
 240      5B2D 2D21 
 241 073a 354C 2317 		.ascii	"5L#\027*^:Wq\345t\212\315C\271L0\236\274LD^\307b\243\374\372"
 241      2A5E 3A57 
 241      71E5 748A 
 241      CD43 B94C 
 241      309E BC4C 
 242 0755 D026 8770 		.ascii	"\320&\207p\200.E<D\361\312x\310\310\371\256\323SvA\305\211\024"
 242      802E 453C 
 242      44F1 CA78 
 242      C8C8 F9AE 
 242      D353 7641 
 243 076c 51D4 AAB0 		.ascii	"Q\324\252\260\020\232\220\271N(\355\037\315\223p\210\216?\345"
 243      109A 90B9 
 243      4E28 ED1F 
 243      CD93 7088 
 243      8E3F E5
 244 077f 218C 53FB 		.ascii	"!\214S\373?+I\252\322\002\312>@\271\263Z\004\fq\016\301\210\341"
 244      3F2B 49AA 
 244      D202 CA3E 
 244      40B9 B35A 
 244      040C 710E 
 245 0796 ED18 F02A 		.ascii	"\355\030\360*c\304\022\214\374\301\214\007\032!\332\235`\034"
 245      63C4 128C 
 245      FCC1 8C07 
 245      1A21 DA9D 
 245      601C 
 246 07a8 7C3E 3582 		.ascii	"|>5\202\2774\026\343MGP8q1ubM\303\305<\235\220A\204\371\023\315"
 246      BF34 16E3 
 246      4D47 5038 
 246      7131 7562 
GAS LISTING /tmp/ccpZlXVM.s 			page 18


 246      4DC3 C53C 
 247 07c3 C77B B448 		.ascii	"\307{\264H\353O\3147;\255n\342\375"
 247      EB4F CC37 
 247      3BAD 6EE2 
 247      FD
 248 07d0 F120 62C0 		.string	"\361 b\300x\336\027m\344}9\311\333\001\251\304\333\211\220v\023dn\213\331\366y:\271\353\2
 248      78DE 176D 
 248      E47D 39C9 
 248      DB01 A9C4 
 248      DB89 9076 
 249 0859 2914 272B 		.string	")\024'+\214S\272u'qk\331\205\261\253Z\241\234\272\265\367\332\301R/\302\003+\243<RK\237m\
 249      8C53 BA75 
 249      2771 6BD9 
 249      85B1 AB5A 
 249      A19C BAB5 
 250 08aa 6293 19FB 		.string	"b\223\031\373\212E(\306H\2271\322\225\030\031\004#\353V\355\026\215\320\341z*\347\013\237
 250      8A45 28C6 
 250      4897 31D2 
 250      9518 1904 
 250      23EB 56ED 
 251 0900 6769 C621 		.ascii	"gi\306!\377y\345i\235\313\357\261}\204\302^\211B\365\363\266"
 251      FF79 E569 
 251      9DCB EFB1 
 251      7D84 C25E 
 251      8942 F5F3 
 252 0915 973A 46E1 		.ascii	"\227:F\341v\301\317\nK(\005\220B{d\n{$\n9\204\202m$7]\020^P\n"
 252      76C1 CF0A 
 252      4B28 0590 
 252      427B 640A 
 252      7B24 0A39 
 253 0933 3762 7696 		.ascii	"7bv\226\271+\023Q\273C\":`OD\266\324\364\243<\341z\300n\257\226"
 253      B92B 1351 
 253      BB43 223A 
 253      604F 44B6 
 253      D4F4 A33C 
 254 094d 9EF6 CDAE 		.ascii	"\236\366\315\256\367\252\203\204k\256\304u\333\320\356x\211+"
 254      F7AA 8384 
 254      6BAE C475 
 254      DBD0 EE78 
 254      892B 
 255 095f 44FC EDCE 		.ascii	"D\374\355\316\356|1i>\021C\373e\262\373%\262y\204l_\353\371o"
 255      EE7C 3169 
 255      3E11 43FB 
 255      65B2 FB25 
 255      B279 846C 
 256 0977 8478 0FE4 		.ascii	"\204x\017\344j\025<:\330\321GM\bG\n\224\317\223\306\362\215\266"
 256      6A15 3C3A 
 256      D8D1 474D 
 256      0847 0A94 
 256      CF93 C6F2 
 257 098d 6424 6490 		.ascii	"d$d\220Q\252\224\276\354]\336\370\233\001\177:\370\323\303\376"
 257      51AA 94BE 
 257      EC5D DEF8 
 257      9B01 7F3A 
 257      F8D3 C3FE 
 258 09a1 CCCC 7F10 		.ascii	"\314\314\177\020*\202\325%\177\250(n\026\016\303J-\222\216r\305"
 258      2A82 D525 
GAS LISTING /tmp/ccpZlXVM.s 			page 19


 258      7FA8 286E 
 258      160E C34A 
 258      2D92 8E72 
 259 09b6 B054 BFE5 		.ascii	"\260T\277\345\245O\206\344\375\037\270\223\201\212\017\020,Z"
 259      A54F 86E4 
 259      FD1F B893 
 259      818A 0F10 
 259      2C5A 
 260 09c8 C8DB 3F40 		.ascii	"\310\333?@\360]I\3674L#\207\350\347\267\225\024\227\252iR\370"
 260      F05D 49F7 
 260      344C 2387 
 260      E8E7 B795 
 260      1497 AA69 
 261 09de BEAA 63CE 		.ascii	"\276\252c\316TI\351\355\255\3121|f=\n\375Gd\003\025II!79\347"
 261      5449 E9ED 
 261      ADCA 317C 
 261      663D 0AFD 
 261      4764 0315 
 262 09f8 BC5A 28A2 		.ascii	"\274Z(\242Z\216N\346vy*\266\251\237\326\221\264U\006cK\344\261"
 262      5A8E 4EE6 
 262      7679 2AB6 
 262      A99F D691 
 262      B455 0663 
 263 0a0f 47E5 83FB 		.ascii	"G\345\203\373l&\245\316\230\340\265\266\245\255\313]8N\265\334"
 263      6C26 A5CE 
 263      98E0 B5B6 
 263      A5AD CB5D 
 263      384E B5DC 
 264 0a23 DCB6 E585 		.ascii	"\334\266\345\205\247\253\271\224\273\236\313\304\313\367\037"
 264      A7AB B994 
 264      BB9E CBC4 
 264      CBF7 1F
 265 0a32 9054 7D02 		.ascii	"\220T}\002\372\217\313|\312\244\271T\334h\036U)#\t\013\312\241"
 265      FA8F CB7C 
 265      CAA4 B954 
 265      DC68 1E55 
 265      2923 090B 
 266 0a48 5441 42A9 		.ascii	"TAB\251@\n\245\253[\213\353\275\344P\332\324u\217\206\022\210"
 266      400A A5AB 
 266      5B8B EBBD 
 266      E450 DAD4 
 266      758F 8612 
 267 0a5d A143 32FA 		.ascii	"\241C2\372!)\224*I(\245M\334\217\362\026\252h,\325\r\264\\U\333"
 267      2129 942A 
 267      4928 A54D 
 267      DC8F F216 
 267      AA68 2CD5 
 268 0a76 E386 C652 		.ascii	"\343\206\306R\255\330r\321u8W\023\016U\022\207\362\351\346vw"
 268      ADD8 72D1 
 268      7538 5713 
 268      0E55 1287 
 268      F2E9 E676 
 269 0a8b C6E1 7E87 		.ascii	"\306\341~\207[\372&1\326\r\313\240\2232\201\223"
 269      5BFA 2631 
 269      D60D CBA0 
 269      9332 8193 
 270 0a9b 1281 5384 		.string	"\022\201S\204\300\350\311\274qA\270\3401\353\366\346\013I\177\316p\267\247=\033\324\320PN
GAS LISTING /tmp/ccpZlXVM.s 			page 20


 270      C0E8 C9BC 
 270      7141 B8E0 
 270      31EB F6E6 
 270      0B49 7FCE 
 271 0b9c 6C0B C00E 		.string	"l\013\300\016-\217\332g\213\362#\037\357\3150\036\266U\305'\377%\206\330B\020\017\f\307\3
 271      2D8F DA67 
 271      8BF2 231F 
 271      EFCD 301E 
 271      B655 C527 
 272 0bc8 7B25 4F3E 		.ascii	"{%O>\246.3br\024\\f"
 272      A62E 3362 
 272      7214 5C66 
 273 0bd4 18AD 04E3 		.string	"\030\255\004\343E\307\336iwp\002\276s\"^m\253\356t\023r(\346\253\355v\225\331\315\301T\32
 273      45C7 DE69 
 273      7770 02BE 
 273      7322 5E6D 
 273      ABEE 7413 
 274 0cd5 D8DE C74E 		.string	"\330\336\307N\203*\250\276s\270\177\201R3>c\310\232\373\230\346>B\263/'\241\333K)\234\345
 274      832A A8BE 
 274      73B8 7F81 
 274      5233 3E63 
 274      C89A FB98 
 275 0d23 5EE1 203C 		.string	"^\341 <\310\204\007)\355\233\2555\016\2568\350 <\304\204\207(\355\2121\207;\322Z\007\331a
 275      C884 0729 
 275      ED9B AD35 
 275      0EAE 38E8 
 275      203C C484 
 276 0e1b C968 0937 		.string	"\311h\t7\001\220\027\274Z\3027\030\b\037\253\312\030\024\030\356\025j\0166D\230B\002\303\
 276      0190 17BC 
 276      5AC2 3718 
 276      081F ABCA 
 276      1814 18EE 
 277 0e70 5607 4C80 		.string	"V\007L\200v\203i\030\254+\024\006Za\t\265\206\203Ud+\205Y\302\255\021\372\217W}\006P\177\
 277      7683 6918 
 277      AC2B 1406 
 277      5A61 09B5 
 277      8683 5564 
 278 0eda 23E7 630A 		.ascii	"#\347c\n\336\260\362\253\017M\326\337E\256[g\n\377\b|\026\tS"
 278      DEB0 F2AB 
 278      0F4D D6DF 
 278      45AE 5B67 
 278      0AFF 087C 
 279 0ef1 7FDF 60F5 		.ascii	"\177\337`\365`\277\336\216\022\013\034\253\253\315!&K\244u\225"
 279      60BF DE8E 
 279      120B 1CAB 
 279      ABCD 2126 
 279      4BA4 7595 
 280 0f05 968E C36E 		.ascii	"\226\216\303nPK/\032\260\245\025\372\r\3269d\320\312p\223\211"
 280      504B 2F1A 
 280      B0A5 15FA 
 280      0DD6 3964 
 280      D0CA 7093 
 281 0f1a A9F1 99D5 		.ascii	"\251\361\231\325\240\201\372'\177XmY\371\225\227D04\030\346\241"
 281      A081 FA27 
 281      7F58 6D59 
 281      F995 9744 
 281      3034 18E6 
GAS LISTING /tmp/ccpZlXVM.s 			page 21


 282 0f2f 3306 7D06 		.ascii	"3\006}\006\276\374-\246\377\221\306\030\264jC\304\357\003\203"
 282      BEFC 2DA6 
 282      FF91 C618 
 282      B46A 43C4 
 282      EF03 83
 283 0f42 AD3F 8237 		.ascii	"\255?\2027S\310W\201f\253\244\337\203\304\332\322w\265\3447\314"
 283      53C8 5781 
 283      66AB A4DF 
 283      83C4 DAD2 
 283      77B5 E437 
 284 0f57 1A0E 3CA4 		.ascii	"\032\016<\244\027\267\220\210\365\006\253\216\214Ye^\037\032"
 284      17B7 9088 
 284      F506 AB8E 
 284      8C59 655E 
 284      1F1A 
 285 0f69 18FC 9127 		.ascii	"\030\374\221'\305\305\004>\232\003\035\306\240\317M\021\306 "
 285      C5C5 043E 
 285      9A03 1DC6 
 285      A0CF 4D11 
 285      C620 
 286 0f7b D3DA C860 		.ascii	"\323\332\310`\323*5\030\214,\031]@\0308\322\034a5\205Z9\217\b"
 286      D32A 3518 
 286      8C2C 195D 
 286      4018 38D2 
 286      1C61 3585 
 287 0f93 58F6 664B 		.ascii	"X\366fK\250\227\301@\226\215!`\331"
 287      A897 C140 
 287      968D 2160 
 287      D9
 288 0fa0 CF7F BE5C 		.ascii	"\317\177\276\\-\325\334a\020\370\317\307\030\031\036\016\024"
 288      2DD5 DC61 
 288      10F8 CFC7 
 288      1819 1E0E 
 288      14
 289 0fb1 D69A BE86 		.ascii	"\326\232\276\206\376\345K\264r]\213%\300\005\201\353M\377\005"
 289      FEE5 4BB4 
 289      725D 8B25 
 289      C005 81EB 
 289      4DFF 05
 290 0fc4 95B8 101F 		.ascii	"\225\270\020\037"
 291               	.text
 292               		.section	.gnu.lto_.symtab.c9e09b42889b6c12,"",@progbits
 293 0000 6677 5F61 		.string	"fw_allocator"
 293      6C6C 6F63 
 293      6174 6F72 
 293      00
 294 000d 00        		.string	""
 295 000e 00        		.string	""
 296 000f 00        		.string	""
 297 0010 00        		.string	""
 298 0011 00        		.string	""
 299 0012 00        		.string	""
 300 0013 00        		.string	""
 301 0014 00        		.string	""
 302 0015 00        		.string	""
 303 0016 00        		.string	""
 304 0017 00        		.string	""
GAS LISTING /tmp/ccpZlXVM.s 			page 22


 305 0018 F600      		.string	"\366"
 306 001a 00        		.string	""
 307 001b 00        		.string	""
 308 001c 656C 7946 		.string	"elyFWGetBufferI"
 308      5747 6574 
 308      4275 6666 
 308      6572 4900 
 309 002c 00        		.string	""
 310 002d 00        		.string	""
 311 002e 00        		.string	""
 312 002f 00        		.string	""
 313 0030 00        		.string	""
 314 0031 00        		.string	""
 315 0032 00        		.string	""
 316 0033 00        		.string	""
 317 0034 00        		.string	""
 318 0035 00        		.string	""
 319 0036 00        		.string	""
 320 0037 0201 00   		.string	"\002\001"
 321 003a 00        		.string	""
 322 003b 656C 7946 		.string	"elyFWGetBuffer"
 322      5747 6574 
 322      4275 6666 
 322      6572 00
 323 004a 00        		.string	""
 324 004b 00        		.string	""
 325 004c 00        		.string	""
 326 004d 00        		.string	""
 327 004e 00        		.string	""
 328 004f 00        		.string	""
 329 0050 00        		.string	""
 330 0051 00        		.string	""
 331 0052 00        		.string	""
 332 0053 00        		.string	""
 333 0054 00        		.string	""
 334 0055 0401 00   		.string	"\004\001"
 335 0058 00        		.string	""
 336 0059 656C 7946 		.string	"elyFWGetBufferTimeoutS"
 336      5747 6574 
 336      4275 6666 
 336      6572 5469 
 336      6D65 6F75 
 337 0070 00        		.string	""
 338 0071 00        		.string	""
 339 0072 00        		.string	""
 340 0073 00        		.string	""
 341 0074 00        		.string	""
 342 0075 00        		.string	""
 343 0076 00        		.string	""
 344 0077 00        		.string	""
 345 0078 00        		.string	""
 346 0079 00        		.string	""
 347 007a 00        		.string	""
 348 007b 1301 00   		.string	"\023\001"
 349 007e 00        		.string	""
 350 007f 656C 7946 		.string	"elyFWFreeBufferI"
 350      5746 7265 
GAS LISTING /tmp/ccpZlXVM.s 			page 23


 350      6542 7566 
 350      6665 7249 
 350      00
 351 0090 00        		.string	""
 352 0091 00        		.string	""
 353 0092 00        		.string	""
 354 0093 00        		.string	""
 355 0094 00        		.string	""
 356 0095 00        		.string	""
 357 0096 00        		.string	""
 358 0097 00        		.string	""
 359 0098 00        		.string	""
 360 0099 00        		.string	""
 361 009a 00        		.string	""
 362 009b 1701 00   		.string	"\027\001"
 363 009e 00        		.string	""
 364 009f 656C 7946 		.string	"elyFWFreeBuffer"
 364      5746 7265 
 364      6542 7566 
 364      6665 7200 
 365 00af 00        		.string	""
 366 00b0 00        		.string	""
 367 00b1 00        		.string	""
 368 00b2 00        		.string	""
 369 00b3 00        		.string	""
 370 00b4 00        		.string	""
 371 00b5 00        		.string	""
 372 00b6 00        		.string	""
 373 00b7 00        		.string	""
 374 00b8 00        		.string	""
 375 00b9 00        		.string	""
 376 00ba 1901 00   		.string	"\031\001"
 377 00bd 00        		.string	""
 378 00be 656C 794E 		.string	"elyNLToFW"
 378      4C54 6F46 
 378      5700 
 379 00c8 00        		.string	""
 380 00c9 02        		.ascii	"\002"
 381 00ca 00        		.string	""
 382 00cb 00        		.string	""
 383 00cc 00        		.string	""
 384 00cd 00        		.string	""
 385 00ce 00        		.string	""
 386 00cf 00        		.string	""
 387 00d0 00        		.string	""
 388 00d1 00        		.string	""
 389 00d2 00        		.string	""
 390 00d3 1D01 00   		.string	"\035\001"
 391 00d6 00        		.string	""
 392 00d7 6368 506F 		.string	"chPoolAllocI"
 392      6F6C 416C 
 392      6C6F 6349 
 392      00
 393 00e4 00        		.string	""
 394 00e5 02        		.ascii	"\002"
 395 00e6 00        		.string	""
 396 00e7 00        		.string	""
GAS LISTING /tmp/ccpZlXVM.s 			page 24


 397 00e8 00        		.string	""
 398 00e9 00        		.string	""
 399 00ea 00        		.string	""
 400 00eb 00        		.string	""
 401 00ec 00        		.string	""
 402 00ed 00        		.string	""
 403 00ee 00        		.string	""
 404 00ef 2101 00   		.string	"!\001"
 405 00f2 00        		.string	""
 406 00f3 6368 5379 		.string	"chSysHalt"
 406      7348 616C 
 406      7400 
 407 00fd 00        		.string	""
 408 00fe 02        		.ascii	"\002"
 409 00ff 00        		.string	""
 410 0100 00        		.string	""
 411 0101 00        		.string	""
 412 0102 00        		.string	""
 413 0103 00        		.string	""
 414 0104 00        		.string	""
 415 0105 00        		.string	""
 416 0106 00        		.string	""
 417 0107 00        		.string	""
 418 0108 2601 00   		.string	"&\001"
 419 010b 00        		.string	""
 420 010c 6368 5365 		.string	"chSemWaitTimeoutS"
 420      6D57 6169 
 420      7454 696D 
 420      656F 7574 
 420      5300 
 421 011e 00        		.string	""
 422 011f 02        		.ascii	"\002"
 423 0120 00        		.string	""
 424 0121 00        		.string	""
 425 0122 00        		.string	""
 426 0123 00        		.string	""
 427 0124 00        		.string	""
 428 0125 00        		.string	""
 429 0126 00        		.string	""
 430 0127 00        		.string	""
 431 0128 00        		.string	""
 432 0129 3901 00   		.string	"9\001"
 433 012c 00        		.string	""
 434 012d 6368 5365 		.string	"chSemSignalI"
 434      6D53 6967 
 434      6E61 6C49 
 434      00
 435 013a 00        		.string	""
 436 013b 02        		.ascii	"\002"
 437 013c 00        		.string	""
 438 013d 00        		.string	""
 439 013e 00        		.string	""
 440 013f 00        		.string	""
 441 0140 00        		.string	""
 442 0141 00        		.string	""
 443 0142 00        		.string	""
 444 0143 00        		.string	""
GAS LISTING /tmp/ccpZlXVM.s 			page 25


 445 0144 00        		.string	""
 446 0145 3D01 00   		.string	"=\001"
 447 0148 00        		.string	""
 448 0149 6368 506F 		.string	"chPoolFreeI"
 448      6F6C 4672 
 448      6565 4900 
 449 0155 00        		.string	""
 450 0156 02        		.ascii	"\002"
 451 0157 00        		.string	""
 452 0158 00        		.string	""
 453 0159 00        		.string	""
 454 015a 00        		.string	""
 455 015b 00        		.string	""
 456 015c 00        		.string	""
 457 015d 00        		.string	""
 458 015e 00        		.string	""
 459 015f 00        		.string	""
 460 0160 4201 00   		.string	"B\001"
 461 0163 00        		.string	""
 462 0164 6368 5363 		.string	"chSchRescheduleS"
 462      6852 6573 
 462      6368 6564 
 462      756C 6553 
 462      00
 463 0175 00        		.string	""
 464 0176 02        		.ascii	"\002"
 465 0177 00        		.string	""
 466 0178 00        		.string	""
 467 0179 00        		.string	""
 468 017a 00        		.string	""
 469 017b 00        		.string	""
 470 017c 00        		.string	""
 471 017d 00        		.string	""
 472 017e 00        		.string	""
 473 017f 00        		.string	""
 474 0180 4401 00   		.string	"D\001"
 475 0183 00        		.string	""
 476               	.text
 477               		.section	.gnu.lto_.opts,"",@progbits
 478 0000 272D 666D 		.ascii	"'-fmath"
 478      6174 68
 479 0007 2D65 7272 		.string	"-errno' '-fsigned-zeros' '-ftrapping-math' '-fno-trapv' '-fno-openmp' '-fno-openacc' '-mm
 479      6E6F 2720 
 479      272D 6673 
 479      6967 6E65 
 479      642D 7A65 
 480               	.text
 481               		.section	.upper.bss,"aw",@nobits
 482               		.global	__gnu_lto_v1
 483               		.weak	__gnu_lto_v1
 484               	__gnu_lto_v1:
 485 0000 00        		.zero	1
 486               		.global	__gnu_lto_slim
 487               		.weak	__gnu_lto_slim
 488               	__gnu_lto_slim:
 489 0001 00        		.zero	1
 490               		.ident	"GCC: (SOMNIUM Technologies Limited - msp430-gcc 6.2.1.16) 6.2.1 20161212"
GAS LISTING /tmp/ccpZlXVM.s 			page 26


GAS LISTING /tmp/ccpZlXVM.s 			page 27


DEFINED SYMBOLS
                            *ABS*:0000000000000000 main.c
     /tmp/ccpZlXVM.s:484    .upper.bss:0000000000000000 __gnu_lto_v1
     /tmp/ccpZlXVM.s:488    .upper.bss:0000000000000001 __gnu_lto_slim

UNDEFINED SYMBOLS
__crt0_init_highbss
