GAS LISTING /tmp/ccaqmnX7.s 			page 1


   1               		.file	"msp_vectors.c"
   2               		.section	.lowtext,"ax",@progbits
   3               		.balign 2
   4               		.global	Vector1
   5               		.section	__interrupt_vector_1,"ax",@progbits
   6 0000 0000      		.word	Vector1
   7               			.section	.lowtext
   8               		.type	Vector1, @function
   9               	Vector1:
  10               	; start of function
  11               	; attributes: interrupt 
  12               	; framesize_regs:     0
  13               	; framesize_locals:   0
  14               	; framesize_outgoing: 0
  15               	; framesize:          0
  16               	; elim ap -> fp       4
  17               	; elim fp -> sp       0
  18               	; saved regs:(none)
  19               		; start of prologue
  20               		; end of prologue
  21               	.L2:
  22 0000 8000 0000 		BRA	#.L2
  23               		.size	Vector1, .-Vector1
  24               		.balign 2
  25               		.global	Vector2
  26               		.section	__interrupt_vector_2,"ax",@progbits
  27 0000 0000      		.word	Vector2
  28               			.section	.lowtext
  29               		.type	Vector2, @function
  30               	Vector2:
  31               	; start of function
  32               	; attributes: interrupt 
  33               	; framesize_regs:     0
  34               	; framesize_locals:   0
  35               	; framesize_outgoing: 0
  36               	; framesize:          0
  37               	; elim ap -> fp       4
  38               	; elim fp -> sp       0
  39               	; saved regs:(none)
  40               		; start of prologue
  41               		; end of prologue
  42               	.L4:
  43 0004 8000 0000 		BRA	#.L4
  44               		.size	Vector2, .-Vector2
  45               		.balign 2
  46               		.global	Vector3
  47               		.section	__interrupt_vector_3,"ax",@progbits
  48 0000 0000      		.word	Vector3
  49               			.section	.lowtext
  50               		.type	Vector3, @function
  51               	Vector3:
  52               	; start of function
  53               	; attributes: interrupt 
  54               	; framesize_regs:     0
  55               	; framesize_locals:   0
  56               	; framesize_outgoing: 0
  57               	; framesize:          0
GAS LISTING /tmp/ccaqmnX7.s 			page 2


  58               	; elim ap -> fp       4
  59               	; elim fp -> sp       0
  60               	; saved regs:(none)
  61               		; start of prologue
  62               		; end of prologue
  63               	.L6:
  64 0008 8000 0000 		BRA	#.L6
  65               		.size	Vector3, .-Vector3
  66               		.balign 2
  67               		.global	Vector4
  68               		.section	__interrupt_vector_4,"ax",@progbits
  69 0000 0000      		.word	Vector4
  70               			.section	.lowtext
  71               		.type	Vector4, @function
  72               	Vector4:
  73               	; start of function
  74               	; attributes: interrupt 
  75               	; framesize_regs:     0
  76               	; framesize_locals:   0
  77               	; framesize_outgoing: 0
  78               	; framesize:          0
  79               	; elim ap -> fp       4
  80               	; elim fp -> sp       0
  81               	; saved regs:(none)
  82               		; start of prologue
  83               		; end of prologue
  84               	.L8:
  85 000c 8000 0000 		BRA	#.L8
  86               		.size	Vector4, .-Vector4
  87               		.balign 2
  88               		.global	Vector5
  89               		.section	__interrupt_vector_5,"ax",@progbits
  90 0000 0000      		.word	Vector5
  91               			.section	.lowtext
  92               		.type	Vector5, @function
  93               	Vector5:
  94               	; start of function
  95               	; attributes: interrupt 
  96               	; framesize_regs:     0
  97               	; framesize_locals:   0
  98               	; framesize_outgoing: 0
  99               	; framesize:          0
 100               	; elim ap -> fp       4
 101               	; elim fp -> sp       0
 102               	; saved regs:(none)
 103               		; start of prologue
 104               		; end of prologue
 105               	.L10:
 106 0010 8000 0000 		BRA	#.L10
 107               		.size	Vector5, .-Vector5
 108               		.balign 2
 109               		.global	Vector6
 110               		.section	__interrupt_vector_6,"ax",@progbits
 111 0000 0000      		.word	Vector6
 112               			.section	.lowtext
 113               		.type	Vector6, @function
 114               	Vector6:
GAS LISTING /tmp/ccaqmnX7.s 			page 3


 115               	; start of function
 116               	; attributes: interrupt 
 117               	; framesize_regs:     0
 118               	; framesize_locals:   0
 119               	; framesize_outgoing: 0
 120               	; framesize:          0
 121               	; elim ap -> fp       4
 122               	; elim fp -> sp       0
 123               	; saved regs:(none)
 124               		; start of prologue
 125               		; end of prologue
 126               	.L12:
 127 0014 8000 0000 		BRA	#.L12
 128               		.size	Vector6, .-Vector6
 129               		.balign 2
 130               		.global	Vector7
 131               		.section	__interrupt_vector_7,"ax",@progbits
 132 0000 0000      		.word	Vector7
 133               			.section	.lowtext
 134               		.type	Vector7, @function
 135               	Vector7:
 136               	; start of function
 137               	; attributes: interrupt 
 138               	; framesize_regs:     0
 139               	; framesize_locals:   0
 140               	; framesize_outgoing: 0
 141               	; framesize:          0
 142               	; elim ap -> fp       4
 143               	; elim fp -> sp       0
 144               	; saved regs:(none)
 145               		; start of prologue
 146               		; end of prologue
 147               	.L14:
 148 0018 8000 0000 		BRA	#.L14
 149               		.size	Vector7, .-Vector7
 150               		.balign 2
 151               		.global	Vector8
 152               		.section	__interrupt_vector_8,"ax",@progbits
 153 0000 0000      		.word	Vector8
 154               			.section	.lowtext
 155               		.type	Vector8, @function
 156               	Vector8:
 157               	; start of function
 158               	; attributes: interrupt 
 159               	; framesize_regs:     0
 160               	; framesize_locals:   0
 161               	; framesize_outgoing: 0
 162               	; framesize:          0
 163               	; elim ap -> fp       4
 164               	; elim fp -> sp       0
 165               	; saved regs:(none)
 166               		; start of prologue
 167               		; end of prologue
 168               	.L16:
 169 001c 8000 0000 		BRA	#.L16
 170               		.size	Vector8, .-Vector8
 171               		.balign 2
GAS LISTING /tmp/ccaqmnX7.s 			page 4


 172               		.global	Vector9
 173               		.section	__interrupt_vector_9,"ax",@progbits
 174 0000 0000      		.word	Vector9
 175               			.section	.lowtext
 176               		.type	Vector9, @function
 177               	Vector9:
 178               	; start of function
 179               	; attributes: interrupt 
 180               	; framesize_regs:     0
 181               	; framesize_locals:   0
 182               	; framesize_outgoing: 0
 183               	; framesize:          0
 184               	; elim ap -> fp       4
 185               	; elim fp -> sp       0
 186               	; saved regs:(none)
 187               		; start of prologue
 188               		; end of prologue
 189               	.L18:
 190 0020 8000 0000 		BRA	#.L18
 191               		.size	Vector9, .-Vector9
 192               		.balign 2
 193               		.global	Vector10
 194               		.section	__interrupt_vector_10,"ax",@progbits
 195 0000 0000      		.word	Vector10
 196               			.section	.lowtext
 197               		.type	Vector10, @function
 198               	Vector10:
 199               	; start of function
 200               	; attributes: interrupt 
 201               	; framesize_regs:     0
 202               	; framesize_locals:   0
 203               	; framesize_outgoing: 0
 204               	; framesize:          0
 205               	; elim ap -> fp       4
 206               	; elim fp -> sp       0
 207               	; saved regs:(none)
 208               		; start of prologue
 209               		; end of prologue
 210               	.L20:
 211 0024 8000 0000 		BRA	#.L20
 212               		.size	Vector10, .-Vector10
 213               		.balign 2
 214               		.global	Vector11
 215               		.section	__interrupt_vector_11,"ax",@progbits
 216 0000 0000      		.word	Vector11
 217               			.section	.lowtext
 218               		.type	Vector11, @function
 219               	Vector11:
 220               	; start of function
 221               	; attributes: interrupt 
 222               	; framesize_regs:     0
 223               	; framesize_locals:   0
 224               	; framesize_outgoing: 0
 225               	; framesize:          0
 226               	; elim ap -> fp       4
 227               	; elim fp -> sp       0
 228               	; saved regs:(none)
GAS LISTING /tmp/ccaqmnX7.s 			page 5


 229               		; start of prologue
 230               		; end of prologue
 231               	.L22:
 232 0028 8000 0000 		BRA	#.L22
 233               		.size	Vector11, .-Vector11
 234               		.balign 2
 235               		.global	Vector12
 236               		.section	__interrupt_vector_12,"ax",@progbits
 237 0000 0000      		.word	Vector12
 238               			.section	.lowtext
 239               		.type	Vector12, @function
 240               	Vector12:
 241               	; start of function
 242               	; attributes: interrupt 
 243               	; framesize_regs:     0
 244               	; framesize_locals:   0
 245               	; framesize_outgoing: 0
 246               	; framesize:          0
 247               	; elim ap -> fp       4
 248               	; elim fp -> sp       0
 249               	; saved regs:(none)
 250               		; start of prologue
 251               		; end of prologue
 252               	.L24:
 253 002c 8000 0000 		BRA	#.L24
 254               		.size	Vector12, .-Vector12
 255               		.balign 2
 256               		.global	Vector13
 257               		.section	__interrupt_vector_13,"ax",@progbits
 258 0000 0000      		.word	Vector13
 259               			.section	.lowtext
 260               		.type	Vector13, @function
 261               	Vector13:
 262               	; start of function
 263               	; attributes: interrupt 
 264               	; framesize_regs:     0
 265               	; framesize_locals:   0
 266               	; framesize_outgoing: 0
 267               	; framesize:          0
 268               	; elim ap -> fp       4
 269               	; elim fp -> sp       0
 270               	; saved regs:(none)
 271               		; start of prologue
 272               		; end of prologue
 273               	.L26:
 274 0030 8000 0000 		BRA	#.L26
 275               		.size	Vector13, .-Vector13
 276               		.balign 2
 277               		.global	Vector14
 278               		.section	__interrupt_vector_14,"ax",@progbits
 279 0000 0000      		.word	Vector14
 280               			.section	.lowtext
 281               		.type	Vector14, @function
 282               	Vector14:
 283               	; start of function
 284               	; attributes: interrupt 
 285               	; framesize_regs:     0
GAS LISTING /tmp/ccaqmnX7.s 			page 6


 286               	; framesize_locals:   0
 287               	; framesize_outgoing: 0
 288               	; framesize:          0
 289               	; elim ap -> fp       4
 290               	; elim fp -> sp       0
 291               	; saved regs:(none)
 292               		; start of prologue
 293               		; end of prologue
 294               	.L28:
 295 0034 8000 0000 		BRA	#.L28
 296               		.size	Vector14, .-Vector14
 297               		.balign 2
 298               		.global	Vector15
 299               		.section	__interrupt_vector_15,"ax",@progbits
 300 0000 0000      		.word	Vector15
 301               			.section	.lowtext
 302               		.type	Vector15, @function
 303               	Vector15:
 304               	; start of function
 305               	; attributes: interrupt 
 306               	; framesize_regs:     0
 307               	; framesize_locals:   0
 308               	; framesize_outgoing: 0
 309               	; framesize:          0
 310               	; elim ap -> fp       4
 311               	; elim fp -> sp       0
 312               	; saved regs:(none)
 313               		; start of prologue
 314               		; end of prologue
 315               	.L30:
 316 0038 8000 0000 		BRA	#.L30
 317               		.size	Vector15, .-Vector15
 318               		.balign 2
 319               		.global	Vector16
 320               		.section	__interrupt_vector_16,"ax",@progbits
 321 0000 0000      		.word	Vector16
 322               			.section	.lowtext
 323               		.type	Vector16, @function
 324               	Vector16:
 325               	; start of function
 326               	; attributes: interrupt 
 327               	; framesize_regs:     0
 328               	; framesize_locals:   0
 329               	; framesize_outgoing: 0
 330               	; framesize:          0
 331               	; elim ap -> fp       4
 332               	; elim fp -> sp       0
 333               	; saved regs:(none)
 334               		; start of prologue
 335               		; end of prologue
 336               	.L32:
 337 003c 8000 0000 		BRA	#.L32
 338               		.size	Vector16, .-Vector16
 339               		.balign 2
 340               		.global	Vector17
 341               		.section	__interrupt_vector_17,"ax",@progbits
 342 0000 0000      		.word	Vector17
GAS LISTING /tmp/ccaqmnX7.s 			page 7


 343               			.section	.lowtext
 344               		.type	Vector17, @function
 345               	Vector17:
 346               	; start of function
 347               	; attributes: interrupt 
 348               	; framesize_regs:     0
 349               	; framesize_locals:   0
 350               	; framesize_outgoing: 0
 351               	; framesize:          0
 352               	; elim ap -> fp       4
 353               	; elim fp -> sp       0
 354               	; saved regs:(none)
 355               		; start of prologue
 356               		; end of prologue
 357               	.L34:
 358 0040 8000 0000 		BRA	#.L34
 359               		.size	Vector17, .-Vector17
 360               		.balign 2
 361               		.global	Vector18
 362               		.section	__interrupt_vector_18,"ax",@progbits
 363 0000 0000      		.word	Vector18
 364               			.section	.lowtext
 365               		.type	Vector18, @function
 366               	Vector18:
 367               	; start of function
 368               	; attributes: interrupt 
 369               	; framesize_regs:     0
 370               	; framesize_locals:   0
 371               	; framesize_outgoing: 0
 372               	; framesize:          0
 373               	; elim ap -> fp       4
 374               	; elim fp -> sp       0
 375               	; saved regs:(none)
 376               		; start of prologue
 377               		; end of prologue
 378               	.L36:
 379 0044 8000 0000 		BRA	#.L36
 380               		.size	Vector18, .-Vector18
 381               		.balign 2
 382               		.global	Vector19
 383               		.section	__interrupt_vector_19,"ax",@progbits
 384 0000 0000      		.word	Vector19
 385               			.section	.lowtext
 386               		.type	Vector19, @function
 387               	Vector19:
 388               	; start of function
 389               	; attributes: interrupt 
 390               	; framesize_regs:     0
 391               	; framesize_locals:   0
 392               	; framesize_outgoing: 0
 393               	; framesize:          0
 394               	; elim ap -> fp       4
 395               	; elim fp -> sp       0
 396               	; saved regs:(none)
 397               		; start of prologue
 398               		; end of prologue
 399               	.L38:
GAS LISTING /tmp/ccaqmnX7.s 			page 8


 400 0048 8000 0000 		BRA	#.L38
 401               		.size	Vector19, .-Vector19
 402               		.balign 2
 403               		.global	Vector20
 404               		.section	__interrupt_vector_20,"ax",@progbits
 405 0000 0000      		.word	Vector20
 406               			.section	.lowtext
 407               		.type	Vector20, @function
 408               	Vector20:
 409               	; start of function
 410               	; attributes: interrupt 
 411               	; framesize_regs:     0
 412               	; framesize_locals:   0
 413               	; framesize_outgoing: 0
 414               	; framesize:          0
 415               	; elim ap -> fp       4
 416               	; elim fp -> sp       0
 417               	; saved regs:(none)
 418               		; start of prologue
 419               		; end of prologue
 420               	.L40:
 421 004c 8000 0000 		BRA	#.L40
 422               		.size	Vector20, .-Vector20
 423               		.balign 2
 424               		.global	Vector21
 425               		.section	__interrupt_vector_21,"ax",@progbits
 426 0000 0000      		.word	Vector21
 427               			.section	.lowtext
 428               		.type	Vector21, @function
 429               	Vector21:
 430               	; start of function
 431               	; attributes: interrupt 
 432               	; framesize_regs:     0
 433               	; framesize_locals:   0
 434               	; framesize_outgoing: 0
 435               	; framesize:          0
 436               	; elim ap -> fp       4
 437               	; elim fp -> sp       0
 438               	; saved regs:(none)
 439               		; start of prologue
 440               		; end of prologue
 441               	.L42:
 442 0050 8000 0000 		BRA	#.L42
 443               		.size	Vector21, .-Vector21
 444               		.balign 2
 445               		.global	Vector22
 446               		.section	__interrupt_vector_22,"ax",@progbits
 447 0000 0000      		.word	Vector22
 448               			.section	.lowtext
 449               		.type	Vector22, @function
 450               	Vector22:
 451               	; start of function
 452               	; attributes: interrupt 
 453               	; framesize_regs:     0
 454               	; framesize_locals:   0
 455               	; framesize_outgoing: 0
 456               	; framesize:          0
GAS LISTING /tmp/ccaqmnX7.s 			page 9


 457               	; elim ap -> fp       4
 458               	; elim fp -> sp       0
 459               	; saved regs:(none)
 460               		; start of prologue
 461               		; end of prologue
 462               	.L44:
 463 0054 8000 0000 		BRA	#.L44
 464               		.size	Vector22, .-Vector22
 465               		.balign 2
 466               		.global	Vector23
 467               		.section	__interrupt_vector_23,"ax",@progbits
 468 0000 0000      		.word	Vector23
 469               			.section	.lowtext
 470               		.type	Vector23, @function
 471               	Vector23:
 472               	; start of function
 473               	; attributes: interrupt 
 474               	; framesize_regs:     0
 475               	; framesize_locals:   0
 476               	; framesize_outgoing: 0
 477               	; framesize:          0
 478               	; elim ap -> fp       4
 479               	; elim fp -> sp       0
 480               	; saved regs:(none)
 481               		; start of prologue
 482               		; end of prologue
 483               	.L46:
 484 0058 8000 0000 		BRA	#.L46
 485               		.size	Vector23, .-Vector23
 486               		.balign 2
 487               		.global	Vector24
 488               		.section	__interrupt_vector_24,"ax",@progbits
 489 0000 0000      		.word	Vector24
 490               			.section	.lowtext
 491               		.type	Vector24, @function
 492               	Vector24:
 493               	; start of function
 494               	; attributes: interrupt 
 495               	; framesize_regs:     0
 496               	; framesize_locals:   0
 497               	; framesize_outgoing: 0
 498               	; framesize:          0
 499               	; elim ap -> fp       4
 500               	; elim fp -> sp       0
 501               	; saved regs:(none)
 502               		; start of prologue
 503               		; end of prologue
 504               	.L48:
 505 005c 8000 0000 		BRA	#.L48
 506               		.size	Vector24, .-Vector24
 507               		.balign 2
 508               		.global	Vector25
 509               		.section	__interrupt_vector_25,"ax",@progbits
 510 0000 0000      		.word	Vector25
 511               			.section	.lowtext
 512               		.type	Vector25, @function
 513               	Vector25:
GAS LISTING /tmp/ccaqmnX7.s 			page 10


 514               	; start of function
 515               	; attributes: interrupt 
 516               	; framesize_regs:     0
 517               	; framesize_locals:   0
 518               	; framesize_outgoing: 0
 519               	; framesize:          0
 520               	; elim ap -> fp       4
 521               	; elim fp -> sp       0
 522               	; saved regs:(none)
 523               		; start of prologue
 524               		; end of prologue
 525               	.L50:
 526 0060 8000 0000 		BRA	#.L50
 527               		.size	Vector25, .-Vector25
 528               		.balign 2
 529               		.global	Vector26
 530               		.section	__interrupt_vector_26,"ax",@progbits
 531 0000 0000      		.word	Vector26
 532               			.section	.lowtext
 533               		.type	Vector26, @function
 534               	Vector26:
 535               	; start of function
 536               	; attributes: interrupt 
 537               	; framesize_regs:     0
 538               	; framesize_locals:   0
 539               	; framesize_outgoing: 0
 540               	; framesize:          0
 541               	; elim ap -> fp       4
 542               	; elim fp -> sp       0
 543               	; saved regs:(none)
 544               		; start of prologue
 545               		; end of prologue
 546               	.L52:
 547 0064 8000 0000 		BRA	#.L52
 548               		.size	Vector26, .-Vector26
 549               		.balign 2
 550               		.global	Vector27
 551               		.section	__interrupt_vector_27,"ax",@progbits
 552 0000 0000      		.word	Vector27
 553               			.section	.lowtext
 554               		.type	Vector27, @function
 555               	Vector27:
 556               	; start of function
 557               	; attributes: interrupt 
 558               	; framesize_regs:     0
 559               	; framesize_locals:   0
 560               	; framesize_outgoing: 0
 561               	; framesize:          0
 562               	; elim ap -> fp       4
 563               	; elim fp -> sp       0
 564               	; saved regs:(none)
 565               		; start of prologue
 566               		; end of prologue
 567               	.L54:
 568 0068 8000 0000 		BRA	#.L54
 569               		.size	Vector27, .-Vector27
 570               		.balign 2
GAS LISTING /tmp/ccaqmnX7.s 			page 11


 571               		.global	Vector28
 572               		.section	__interrupt_vector_28,"ax",@progbits
 573 0000 0000      		.word	Vector28
 574               			.section	.lowtext
 575               		.type	Vector28, @function
 576               	Vector28:
 577               	; start of function
 578               	; attributes: interrupt 
 579               	; framesize_regs:     0
 580               	; framesize_locals:   0
 581               	; framesize_outgoing: 0
 582               	; framesize:          0
 583               	; elim ap -> fp       4
 584               	; elim fp -> sp       0
 585               	; saved regs:(none)
 586               		; start of prologue
 587               		; end of prologue
 588               	.L56:
 589 006c 8000 0000 		BRA	#.L56
 590               		.size	Vector28, .-Vector28
 591               		.balign 2
 592               		.global	Vector29
 593               		.section	__interrupt_vector_29,"ax",@progbits
 594 0000 0000      		.word	Vector29
 595               			.section	.lowtext
 596               		.type	Vector29, @function
 597               	Vector29:
 598               	; start of function
 599               	; attributes: interrupt 
 600               	; framesize_regs:     0
 601               	; framesize_locals:   0
 602               	; framesize_outgoing: 0
 603               	; framesize:          0
 604               	; elim ap -> fp       4
 605               	; elim fp -> sp       0
 606               	; saved regs:(none)
 607               		; start of prologue
 608               		; end of prologue
 609               	.L58:
 610 0070 8000 0000 		BRA	#.L58
 611               		.size	Vector29, .-Vector29
 612               		.balign 2
 613               		.global	Vector30
 614               		.section	__interrupt_vector_30,"ax",@progbits
 615 0000 0000      		.word	Vector30
 616               			.section	.lowtext
 617               		.type	Vector30, @function
 618               	Vector30:
 619               	; start of function
 620               	; attributes: interrupt 
 621               	; framesize_regs:     0
 622               	; framesize_locals:   0
 623               	; framesize_outgoing: 0
 624               	; framesize:          0
 625               	; elim ap -> fp       4
 626               	; elim fp -> sp       0
 627               	; saved regs:(none)
GAS LISTING /tmp/ccaqmnX7.s 			page 12


 628               		; start of prologue
 629               		; end of prologue
 630               	.L60:
 631 0074 8000 0000 		BRA	#.L60
 632               		.size	Vector30, .-Vector30
 633               		.balign 2
 634               		.global	Vector31
 635               		.section	__interrupt_vector_31,"ax",@progbits
 636 0000 0000      		.word	Vector31
 637               			.section	.lowtext
 638               		.type	Vector31, @function
 639               	Vector31:
 640               	; start of function
 641               	; attributes: interrupt 
 642               	; framesize_regs:     0
 643               	; framesize_locals:   0
 644               	; framesize_outgoing: 0
 645               	; framesize:          0
 646               	; elim ap -> fp       4
 647               	; elim fp -> sp       0
 648               	; saved regs:(none)
 649               		; start of prologue
 650               		; end of prologue
 651               	.L62:
 652 0078 8000 0000 		BRA	#.L62
 653               		.size	Vector31, .-Vector31
 654               		.balign 2
 655               		.global	Vector32
 656               		.section	__interrupt_vector_32,"ax",@progbits
 657 0000 0000      		.word	Vector32
 658               			.section	.lowtext
 659               		.type	Vector32, @function
 660               	Vector32:
 661               	; start of function
 662               	; attributes: interrupt 
 663               	; framesize_regs:     0
 664               	; framesize_locals:   0
 665               	; framesize_outgoing: 0
 666               	; framesize:          0
 667               	; elim ap -> fp       4
 668               	; elim fp -> sp       0
 669               	; saved regs:(none)
 670               		; start of prologue
 671               		; end of prologue
 672               	.L64:
 673 007c 8000 0000 		BRA	#.L64
 674               		.size	Vector32, .-Vector32
 675               		.balign 2
 676               		.global	Vector35
 677               		.section	__interrupt_vector_35,"ax",@progbits
 678 0000 0000      		.word	Vector35
 679               			.section	.lowtext
 680               		.type	Vector35, @function
 681               	Vector35:
 682               	; start of function
 683               	; attributes: interrupt 
 684               	; framesize_regs:     0
GAS LISTING /tmp/ccaqmnX7.s 			page 13


 685               	; framesize_locals:   0
 686               	; framesize_outgoing: 0
 687               	; framesize:          0
 688               	; elim ap -> fp       4
 689               	; elim fp -> sp       0
 690               	; saved regs:(none)
 691               		; start of prologue
 692               		; end of prologue
 693               	.L66:
 694 0080 8000 0000 		BRA	#.L66
 695               		.size	Vector35, .-Vector35
 696               		.balign 2
 697               		.global	Vector36
 698               		.section	__interrupt_vector_36,"ax",@progbits
 699 0000 0000      		.word	Vector36
 700               			.section	.lowtext
 701               		.type	Vector36, @function
 702               	Vector36:
 703               	; start of function
 704               	; attributes: interrupt 
 705               	; framesize_regs:     0
 706               	; framesize_locals:   0
 707               	; framesize_outgoing: 0
 708               	; framesize:          0
 709               	; elim ap -> fp       4
 710               	; elim fp -> sp       0
 711               	; saved regs:(none)
 712               		; start of prologue
 713               		; end of prologue
 714               	.L68:
 715 0084 8000 0000 		BRA	#.L68
 716               		.size	Vector36, .-Vector36
 717               		.balign 2
 718               		.global	Vector38
 719               		.section	__interrupt_vector_38,"ax",@progbits
 720 0000 0000      		.word	Vector38
 721               			.section	.lowtext
 722               		.type	Vector38, @function
 723               	Vector38:
 724               	; start of function
 725               	; attributes: interrupt 
 726               	; framesize_regs:     0
 727               	; framesize_locals:   0
 728               	; framesize_outgoing: 0
 729               	; framesize:          0
 730               	; elim ap -> fp       4
 731               	; elim fp -> sp       0
 732               	; saved regs:(none)
 733               		; start of prologue
 734               		; end of prologue
 735               	.L70:
 736 0088 8000 0000 		BRA	#.L70
 737               		.size	Vector38, .-Vector38
 738               		.balign 2
 739               		.global	Vector39
 740               		.section	__interrupt_vector_39,"ax",@progbits
 741 0000 0000      		.word	Vector39
GAS LISTING /tmp/ccaqmnX7.s 			page 14


 742               			.section	.lowtext
 743               		.type	Vector39, @function
 744               	Vector39:
 745               	; start of function
 746               	; attributes: interrupt 
 747               	; framesize_regs:     0
 748               	; framesize_locals:   0
 749               	; framesize_outgoing: 0
 750               	; framesize:          0
 751               	; elim ap -> fp       4
 752               	; elim fp -> sp       0
 753               	; saved regs:(none)
 754               		; start of prologue
 755               		; end of prologue
 756               	.L72:
 757 008c 8000 0000 		BRA	#.L72
 758               		.size	Vector39, .-Vector39
 759               		.balign 2
 760               		.global	Vector42
 761               		.section	__interrupt_vector_42,"ax",@progbits
 762 0000 0000      		.word	Vector42
 763               			.section	.lowtext
 764               		.type	Vector42, @function
 765               	Vector42:
 766               	; start of function
 767               	; attributes: interrupt 
 768               	; framesize_regs:     0
 769               	; framesize_locals:   0
 770               	; framesize_outgoing: 0
 771               	; framesize:          0
 772               	; elim ap -> fp       4
 773               	; elim fp -> sp       0
 774               	; saved regs:(none)
 775               		; start of prologue
 776               		; end of prologue
 777               	.L74:
 778 0090 8000 0000 		BRA	#.L74
 779               		.size	Vector42, .-Vector42
 780               		.balign 2
 781               		.global	Vector45
 782               		.section	__interrupt_vector_45,"ax",@progbits
 783 0000 0000      		.word	Vector45
 784               			.section	.lowtext
 785               		.type	Vector45, @function
 786               	Vector45:
 787               	; start of function
 788               	; attributes: interrupt 
 789               	; framesize_regs:     0
 790               	; framesize_locals:   0
 791               	; framesize_outgoing: 0
 792               	; framesize:          0
 793               	; elim ap -> fp       4
 794               	; elim fp -> sp       0
 795               	; saved regs:(none)
 796               		; start of prologue
 797               		; end of prologue
 798               	.L76:
GAS LISTING /tmp/ccaqmnX7.s 			page 15


 799 0094 8000 0000 		BRA	#.L76
 800               		.size	Vector45, .-Vector45
 801               		.balign 2
 802               		.global	Vector46
 803               		.section	__interrupt_vector_46,"ax",@progbits
 804 0000 0000      		.word	Vector46
 805               			.section	.lowtext
 806               		.type	Vector46, @function
 807               	Vector46:
 808               	; start of function
 809               	; attributes: interrupt 
 810               	; framesize_regs:     0
 811               	; framesize_locals:   0
 812               	; framesize_outgoing: 0
 813               	; framesize:          0
 814               	; elim ap -> fp       4
 815               	; elim fp -> sp       0
 816               	; saved regs:(none)
 817               		; start of prologue
 818               		; end of prologue
 819               	.L78:
 820 0098 8000 0000 		BRA	#.L78
 821               		.size	Vector46, .-Vector46
 822               		.balign 2
 823               		.global	Vector47
 824               		.section	__interrupt_vector_47,"ax",@progbits
 825 0000 0000      		.word	Vector47
 826               			.section	.lowtext
 827               		.type	Vector47, @function
 828               	Vector47:
 829               	; start of function
 830               	; attributes: interrupt 
 831               	; framesize_regs:     0
 832               	; framesize_locals:   0
 833               	; framesize_outgoing: 0
 834               	; framesize:          0
 835               	; elim ap -> fp       4
 836               	; elim fp -> sp       0
 837               	; saved regs:(none)
 838               		; start of prologue
 839               		; end of prologue
 840               	.L80:
 841 009c 8000 0000 		BRA	#.L80
 842               		.size	Vector47, .-Vector47
 843               		.balign 2
 844               		.global	Vector50
 845               		.section	__interrupt_vector_50,"ax",@progbits
 846 0000 0000      		.word	Vector50
 847               			.section	.lowtext
 848               		.type	Vector50, @function
 849               	Vector50:
 850               	; start of function
 851               	; attributes: interrupt 
 852               	; framesize_regs:     0
 853               	; framesize_locals:   0
 854               	; framesize_outgoing: 0
 855               	; framesize:          0
GAS LISTING /tmp/ccaqmnX7.s 			page 16


 856               	; elim ap -> fp       4
 857               	; elim fp -> sp       0
 858               	; saved regs:(none)
 859               		; start of prologue
 860               		; end of prologue
 861               	.L82:
 862 00a0 8000 0000 		BRA	#.L82
 863               		.size	Vector50, .-Vector50
 864               		.balign 2
 865               		.global	Vector51
 866               		.section	__interrupt_vector_51,"ax",@progbits
 867 0000 0000      		.word	Vector51
 868               			.section	.lowtext
 869               		.type	Vector51, @function
 870               	Vector51:
 871               	; start of function
 872               	; attributes: interrupt 
 873               	; framesize_regs:     0
 874               	; framesize_locals:   0
 875               	; framesize_outgoing: 0
 876               	; framesize:          0
 877               	; elim ap -> fp       4
 878               	; elim fp -> sp       0
 879               	; saved regs:(none)
 880               		; start of prologue
 881               		; end of prologue
 882               	.L84:
 883 00a4 8000 0000 		BRA	#.L84
 884               		.size	Vector51, .-Vector51
 885               		.balign 2
 886               		.global	Vector53
 887               		.section	__interrupt_vector_53,"ax",@progbits
 888 0000 0000      		.word	Vector53
 889               			.section	.lowtext
 890               		.type	Vector53, @function
 891               	Vector53:
 892               	; start of function
 893               	; attributes: interrupt 
 894               	; framesize_regs:     0
 895               	; framesize_locals:   0
 896               	; framesize_outgoing: 0
 897               	; framesize:          0
 898               	; elim ap -> fp       4
 899               	; elim fp -> sp       0
 900               	; saved regs:(none)
 901               		; start of prologue
 902               		; end of prologue
 903               	.L86:
 904 00a8 8000 0000 		BRA	#.L86
 905               		.size	Vector53, .-Vector53
 906               		.balign 2
 907               		.global	Vector54
 908               		.section	__interrupt_vector_54,"ax",@progbits
 909 0000 0000      		.word	Vector54
 910               			.section	.lowtext
 911               		.type	Vector54, @function
 912               	Vector54:
GAS LISTING /tmp/ccaqmnX7.s 			page 17


 913               	; start of function
 914               	; attributes: interrupt 
 915               	; framesize_regs:     0
 916               	; framesize_locals:   0
 917               	; framesize_outgoing: 0
 918               	; framesize:          0
 919               	; elim ap -> fp       4
 920               	; elim fp -> sp       0
 921               	; saved regs:(none)
 922               		; start of prologue
 923               		; end of prologue
 924               	.L88:
 925 00ac 8000 0000 		BRA	#.L88
 926               		.size	Vector54, .-Vector54
 927               		.balign 2
 928               		.global	Vector55
 929               		.section	__interrupt_vector_55,"ax",@progbits
 930 0000 0000      		.word	Vector55
 931               			.section	.lowtext
 932               		.type	Vector55, @function
 933               	Vector55:
 934               	; start of function
 935               	; attributes: interrupt 
 936               	; framesize_regs:     0
 937               	; framesize_locals:   0
 938               	; framesize_outgoing: 0
 939               	; framesize:          0
 940               	; elim ap -> fp       4
 941               	; elim fp -> sp       0
 942               	; saved regs:(none)
 943               		; start of prologue
 944               		; end of prologue
 945               	.L90:
 946 00b0 8000 0000 		BRA	#.L90
 947               		.size	Vector55, .-Vector55
 948               		.ident	"GCC: (SOMNIUM Technologies Limited - msp430-gcc 6.2.1.16) 6.2.1 20161212"
GAS LISTING /tmp/ccaqmnX7.s 			page 18


DEFINED SYMBOLS
                            *ABS*:0000000000000000 msp_vectors.c
     /tmp/ccaqmnX7.s:9      .lowtext:0000000000000000 Vector1
     /tmp/ccaqmnX7.s:30     .lowtext:0000000000000004 Vector2
     /tmp/ccaqmnX7.s:51     .lowtext:0000000000000008 Vector3
     /tmp/ccaqmnX7.s:72     .lowtext:000000000000000c Vector4
     /tmp/ccaqmnX7.s:93     .lowtext:0000000000000010 Vector5
     /tmp/ccaqmnX7.s:114    .lowtext:0000000000000014 Vector6
     /tmp/ccaqmnX7.s:135    .lowtext:0000000000000018 Vector7
     /tmp/ccaqmnX7.s:156    .lowtext:000000000000001c Vector8
     /tmp/ccaqmnX7.s:177    .lowtext:0000000000000020 Vector9
     /tmp/ccaqmnX7.s:198    .lowtext:0000000000000024 Vector10
     /tmp/ccaqmnX7.s:219    .lowtext:0000000000000028 Vector11
     /tmp/ccaqmnX7.s:240    .lowtext:000000000000002c Vector12
     /tmp/ccaqmnX7.s:261    .lowtext:0000000000000030 Vector13
     /tmp/ccaqmnX7.s:282    .lowtext:0000000000000034 Vector14
     /tmp/ccaqmnX7.s:303    .lowtext:0000000000000038 Vector15
     /tmp/ccaqmnX7.s:324    .lowtext:000000000000003c Vector16
     /tmp/ccaqmnX7.s:345    .lowtext:0000000000000040 Vector17
     /tmp/ccaqmnX7.s:366    .lowtext:0000000000000044 Vector18
     /tmp/ccaqmnX7.s:387    .lowtext:0000000000000048 Vector19
     /tmp/ccaqmnX7.s:408    .lowtext:000000000000004c Vector20
     /tmp/ccaqmnX7.s:429    .lowtext:0000000000000050 Vector21
     /tmp/ccaqmnX7.s:450    .lowtext:0000000000000054 Vector22
     /tmp/ccaqmnX7.s:471    .lowtext:0000000000000058 Vector23
     /tmp/ccaqmnX7.s:492    .lowtext:000000000000005c Vector24
     /tmp/ccaqmnX7.s:513    .lowtext:0000000000000060 Vector25
     /tmp/ccaqmnX7.s:534    .lowtext:0000000000000064 Vector26
     /tmp/ccaqmnX7.s:555    .lowtext:0000000000000068 Vector27
     /tmp/ccaqmnX7.s:576    .lowtext:000000000000006c Vector28
     /tmp/ccaqmnX7.s:597    .lowtext:0000000000000070 Vector29
     /tmp/ccaqmnX7.s:618    .lowtext:0000000000000074 Vector30
     /tmp/ccaqmnX7.s:639    .lowtext:0000000000000078 Vector31
     /tmp/ccaqmnX7.s:660    .lowtext:000000000000007c Vector32
     /tmp/ccaqmnX7.s:681    .lowtext:0000000000000080 Vector35
     /tmp/ccaqmnX7.s:702    .lowtext:0000000000000084 Vector36
     /tmp/ccaqmnX7.s:723    .lowtext:0000000000000088 Vector38
     /tmp/ccaqmnX7.s:744    .lowtext:000000000000008c Vector39
     /tmp/ccaqmnX7.s:765    .lowtext:0000000000000090 Vector42
     /tmp/ccaqmnX7.s:786    .lowtext:0000000000000094 Vector45
     /tmp/ccaqmnX7.s:807    .lowtext:0000000000000098 Vector46
     /tmp/ccaqmnX7.s:828    .lowtext:000000000000009c Vector47
     /tmp/ccaqmnX7.s:849    .lowtext:00000000000000a0 Vector50
     /tmp/ccaqmnX7.s:870    .lowtext:00000000000000a4 Vector51
     /tmp/ccaqmnX7.s:891    .lowtext:00000000000000a8 Vector53
     /tmp/ccaqmnX7.s:912    .lowtext:00000000000000ac Vector54
     /tmp/ccaqmnX7.s:933    .lowtext:00000000000000b0 Vector55
     /tmp/ccaqmnX7.s:21     .lowtext:0000000000000000 .L2
     /tmp/ccaqmnX7.s:42     .lowtext:0000000000000004 .L4
     /tmp/ccaqmnX7.s:63     .lowtext:0000000000000008 .L6
     /tmp/ccaqmnX7.s:84     .lowtext:000000000000000c .L8
     /tmp/ccaqmnX7.s:105    .lowtext:0000000000000010 .L10
     /tmp/ccaqmnX7.s:126    .lowtext:0000000000000014 .L12
     /tmp/ccaqmnX7.s:147    .lowtext:0000000000000018 .L14
     /tmp/ccaqmnX7.s:168    .lowtext:000000000000001c .L16
     /tmp/ccaqmnX7.s:189    .lowtext:0000000000000020 .L18
     /tmp/ccaqmnX7.s:210    .lowtext:0000000000000024 .L20
GAS LISTING /tmp/ccaqmnX7.s 			page 19


     /tmp/ccaqmnX7.s:231    .lowtext:0000000000000028 .L22
     /tmp/ccaqmnX7.s:252    .lowtext:000000000000002c .L24
     /tmp/ccaqmnX7.s:273    .lowtext:0000000000000030 .L26
     /tmp/ccaqmnX7.s:294    .lowtext:0000000000000034 .L28
     /tmp/ccaqmnX7.s:315    .lowtext:0000000000000038 .L30
     /tmp/ccaqmnX7.s:336    .lowtext:000000000000003c .L32
     /tmp/ccaqmnX7.s:357    .lowtext:0000000000000040 .L34
     /tmp/ccaqmnX7.s:378    .lowtext:0000000000000044 .L36
     /tmp/ccaqmnX7.s:399    .lowtext:0000000000000048 .L38
     /tmp/ccaqmnX7.s:420    .lowtext:000000000000004c .L40
     /tmp/ccaqmnX7.s:441    .lowtext:0000000000000050 .L42
     /tmp/ccaqmnX7.s:462    .lowtext:0000000000000054 .L44
     /tmp/ccaqmnX7.s:483    .lowtext:0000000000000058 .L46
     /tmp/ccaqmnX7.s:504    .lowtext:000000000000005c .L48
     /tmp/ccaqmnX7.s:525    .lowtext:0000000000000060 .L50
     /tmp/ccaqmnX7.s:546    .lowtext:0000000000000064 .L52
     /tmp/ccaqmnX7.s:567    .lowtext:0000000000000068 .L54
     /tmp/ccaqmnX7.s:588    .lowtext:000000000000006c .L56
     /tmp/ccaqmnX7.s:609    .lowtext:0000000000000070 .L58
     /tmp/ccaqmnX7.s:630    .lowtext:0000000000000074 .L60
     /tmp/ccaqmnX7.s:651    .lowtext:0000000000000078 .L62
     /tmp/ccaqmnX7.s:672    .lowtext:000000000000007c .L64
     /tmp/ccaqmnX7.s:693    .lowtext:0000000000000080 .L66
     /tmp/ccaqmnX7.s:714    .lowtext:0000000000000084 .L68
     /tmp/ccaqmnX7.s:735    .lowtext:0000000000000088 .L70
     /tmp/ccaqmnX7.s:756    .lowtext:000000000000008c .L72
     /tmp/ccaqmnX7.s:777    .lowtext:0000000000000090 .L74
     /tmp/ccaqmnX7.s:798    .lowtext:0000000000000094 .L76
     /tmp/ccaqmnX7.s:819    .lowtext:0000000000000098 .L78
     /tmp/ccaqmnX7.s:840    .lowtext:000000000000009c .L80
     /tmp/ccaqmnX7.s:861    .lowtext:00000000000000a0 .L82
     /tmp/ccaqmnX7.s:882    .lowtext:00000000000000a4 .L84
     /tmp/ccaqmnX7.s:903    .lowtext:00000000000000a8 .L86
     /tmp/ccaqmnX7.s:924    .lowtext:00000000000000ac .L88
     /tmp/ccaqmnX7.s:945    .lowtext:00000000000000b0 .L90

NO UNDEFINED SYMBOLS
