GAS LISTING /tmp/ccF8ysfJ.s 			page 1


   1               		.file	"mych.c"
   2               		.section	.gnu.lto_.profile.242ac1f5d95c073c,"",@progbits
   3 0000 789C 6365 		.string	"x\234ce`d`a`"
   3      6064 6061 
   3      6000 
   4 000a 92F2 A200 		.string	"\222\362\242"
   5 000e 00        		.string	""
   6 000f C900      		.string	"\311"
   7 0011 40        		.ascii	"@"
   8               	.text
   9               		.section	.gnu.lto_.icf.242ac1f5d95c073c,"",@progbits
  10 0000 789C 6365 		.string	"x\234ce`d\340`@"
  10      6064 E060 
  10      4000 
  11 000a 4686 86B9 		.string	"F\206\206\271o\332\270\030"
  11      6FDA B818 
  11      00
  12 0013 0CB5 02A9 		.ascii	"\f\265\002\251"
  13               	.text
  14               		.section	.gnu.lto_.jmpfuncs.242ac1f5d95c073c,"",@progbits
  15 0000 789C 6365 		.string	"x\234ce`dPc@"
  15      6064 5063 
  15      4000 
  16 000a 4606 2646 		.string	"F\006&FF\346\372z\026\306\351\314\214\027[6\314a\356c\236\317\314\300\310\302\270\234Q\20
  16      46E6 FA7A 
  16      16C6 E9CC 
  16      8C17 5B36 
  16      CC61 EE63 
  17 0030 9BE5 06F0 		.ascii	"\233\345\006\360"
  18               	.text
  19               		.section	.gnu.lto_.inline.242ac1f5d95c073c,"",@progbits
  20 0000 789C 6365 		.string	"x\234ce`d\360e@"
  20      6064 F065 
  20      4000 
  21 000a 4606 0671 		.string	"F\006\006q\001FfF\201\254\351\314\214\273n\\5\357c\236\317\314\310\370\377?3\343rF\031\00
  21      0146 6646 
  21      81AC E9CC 
  21      8CBB 6E5C 
  21      35EF 639E 
  22 003f 03D7 0631 		.string	"\003\327\0061\016\220\021,\274\f\034\fL\f\023\374\030"
  22      0E90 112C 
  22      BC0C 1C0C 
  22      4C0C 13FC 
  22      1800 
  23 0051 8531 0E28 		.ascii	"\2051\016("
  24               	.text
  25               		.section	.gnu.lto_.pureconst.242ac1f5d95c073c,"",@progbits
  26 0000 789C 6365 		.string	"x\234ce`d`f`"
  26      6064 6066 
  26      6000 
  27 000a 9252 00   		.string	"\222R"
  28 000d 00        		.string	""
  29 000e 7D00      		.string	"}"
  30 0010 25        		.ascii	"%"
  31               	.text
  32               		.section	.gnu.lto_chEvtWaitAnyTimeoutS.242ac1f5d95c073c,"",@progbits
  33 0000 789C 9553 		.string	"x\234\225S\333oLk\024_\277\375\355\313\314\350\314T\217\344x\250 \321L<0\036$\344<\034\37
GAS LISTING /tmp/ccF8ysfJ.s 			page 2


  33      DB6F 4C6B 
  33      145F BFFD 
  33      EDCB CCE8 
  33      CC54 8FE4 
  34 006f C1DA 799B 		.string	"\301\332y\233\250&`Y\252.F~\310\225g\221\262\274\201il\331\003\363\330\262-\357S\204-\247
  34      A826 6059 
  34      AA2E 467E 
  34      C895 6791 
  34      B2BC 8169 
  35 009e 555B CA76 		.string	"U[\312v\\\017\325\330\241\366(\334\335\324\265W5\250\224\"\330l\276\277\325\374,\"&0\203\
  35      5C0F D5D8 
  35      A1F6 28DC 
  35      DDD4 B557 
  35      35A8 9422 
  36 019c D127 A8EF 		.string	"\321'\250\357B\220\236\302\354v#r\027\325\336b9N\226G\211<\210\266q:\231s=\213\313o5\202\
  36      4290 9EC2 
  36      EC76 2372 
  36      17D5 DE62 
  36      394E 9647 
  37 01db 3B0E 28D3 		.string	";\016(\323\302\313\301\341\276P\nI\244T"
  37      C2CB C1E1 
  37      BE50 0A49 
  37      A454 00
  38 01ea 6779 4DCE 		.ascii	"gyM\316H{|\321p\216\007\034\357\360\371\327\222\206h\320\215"
  38      487B 7CD1 
  38      708E 071C 
  38      EFF0 F9D7 
  38      9286 68D0 
  39 01ff 141A 258C 		.ascii	"\024\032%\214p\016q\322\331\232\026\233l^a6[g\033\275~\263\256"
  39      700E 71D2 
  39      D99A 169B 
  39      6C5E 6136 
  39      5B67 1BBD 
  40 0216 8899 6B98 		.ascii	"\210\231k\230\2015\frI\350\311\223\037z^{\3343\344z.iM\r\241"
  40      8135 0C72 
  40      49E8 C993 
  40      1F7A 5E7B 
  40      DC33 E47A 
  41 022f 3EAF A937 		.ascii	">\257\2517~I\264\345\033\341@/\251\002\364\034\233\036\365\316"
  41      7E49 B4E5 
  41      1BE1 402F 
  41      A902 F41C 
  41      9B1E F5CE 
  42 0243 CFFB 0AD3 		.ascii	"\317\373\n\323Y,\350\205\374P\352y\037\352bJc\357\327\344\031"
  42      592C E885 
  42      FC50 EA79 
  42      1FEA 624A 
  42      63EF D7E4 
  43 0258 428C 4E3F 		.ascii	"B\214N?\030^ `\336\334\234\302\305q\270M\007\247\212p\315#\373"
  43      185E 2060 
  43      DEDC 9CC2 
  43      C571 B84D 
  43      07A7 8A70 
  44 026f 960A FABB 		.ascii	"\226\n\372\273\302[\226\323OK\017\341\222.\3352j\336\333\351"
  44      C25B 96D3 
  44      4F4B 0FE1 
  44      922E DD32 
GAS LISTING /tmp/ccF8ysfJ.s 			page 3


  44      6ADE DBE9 
  45 0283 3722 2FDA 		.ascii	"7\"/\332Z\251\3542\342\215JoE\006q\351\342\0256\267\344\006`"
  45      5AA9 EC32 
  45      E28D 4A6F 
  45      4506 71E9 
  45      E215 36B7 
  46 029a 0A0B 7F3B 		.ascii	"\n\013\177;\224IM\"\001\256\240\232\n?\325\"\330\270\212R\356"
  46      9449 4D22 
  46      01AE A09A 
  46      0A3F D522 
  46      D8B8 8A52 
  47 02af 23A5 C222 		.ascii	"#\245\302\"\303\355\336\276\002\202q\035\"\254C\357xc\016\r\375"
  47      C3ED DEBE 
  47      0282 711D 
  47      22AC 43EF 
  47      7863 0E0D 
  48 02c4 6136 E2E8 		.ascii	"a6\342\350B\003\216\374\346P\372&\206\322?6\224\r\206*\312\255"
  48      4203 8EFC 
  48      E650 FA26 
  48      86D2 3F36 
  48      940D 862A 
  49 02da 30A1 4EE4 		.ascii	"0\241N\344\322\243\277L\242\216\277\315m\361/%\232#9\256M\344"
  49      D2A3 BF4C 
  49      A28E BFCD 
  49      6DF1 2F25 
  49      9A23 39AE 
  50 02f0 B86E 762A 		.ascii	"\270nv*\233hs\f\315\344$_\350\254\377\345\007Y\302\334\354\027"
  50      9B68 730C 
  50      CDE4 245F 
  50      E8AC FFE5 
  50      0759 C2DC 
  51 0306 D8EE E00F 		.ascii	"\330\356\340\017\246\365\223D\003\023\211n\310$J\210>\002\274"
  51      A6F5 9344 
  51      0313 896E 
  51      C824 4A88 
  51      3E02 BC
  52 0319 4956 3A11 		.ascii	"IV:\021\346\206\234\3177\0257\343\351\017\351\r,J\352\231~\204"
  52      E686 9CCF 
  52      3715 37E3 
  52      E90F E90D 
  52      2C4A EA99 
  53 032f 25BB A59A 		.ascii	"%\273\245\232\267D\345m\267\207\270(\367s}\230?>\b\226A\321\271"
  53      B744 E56D 
  53      B787 B828 
  53      F773 7D98 
  53      3F3E 0896 
  54 0346 F178 F9EA 		.ascii	"\361x\371\352\265\025\361\312\r\345+\346\226\223]\271l\335*\257"
  54      B515 F1CA 
  54      0DE5 2BE6 
  54      9693 5DB9 
  54      6CDD 2AAF 
  55 035a 6A65 65C5 		.ascii	"jee\305\352\365U\250T\345Uk\276\002\241z\263u"
  55      EAF5 55A8 
  55      54E5 556B 
  55      BE02 A17A 
  55      B375 
  56               	.text
GAS LISTING /tmp/ccF8ysfJ.s 			page 4


  57               		.section	.gnu.lto_.symbol_nodes.242ac1f5d95c073c,"",@progbits
  58 0000 789C 6365 		.string	"x\234ce`d0d"
  58      6064 3064 
  58      00
  59 0009 0226 C97A 		.string	"\002&\311z\006\206\t\347\030\030\200\324\256\006G\006\006V)\006\005\2408\243t=#X\234\201\
  59      0686 09E7 
  59      1818 80D4 
  59      AE06 4706 
  59      0656 2906 
  60 0036 EC5E 096C 		.ascii	"\354^\tl"
  61               	.text
  62               		.section	.gnu.lto_.refs.242ac1f5d95c073c,"",@progbits
  63 0000 789C 6365 		.string	"x\234ce`d`c`"
  63      6064 6063 
  63      6000 
  64 000a 920C 8C8C 		.string	"\222\f\214\214\f"
  64      0C00 
  65 0010 00        		.string	""
  66 0011 A700      		.string	"\247"
  67 0013 10        		.ascii	"\020"
  68               	.text
  69               		.section	.gnu.lto_.decls.242ac1f5d95c073c,"",@progbits
  70 0000 789C AD58 		.string	"x\234\255XyLTI\032\357z\325\3354M\003\006\330\211\331\220\2111\214\222\311J\253\343\272\2
  70      794C 5449 
  70      1AEF 7AD5 
  70      DD34 4D03 
  70      06D8 89D9 
  71 0090 8240 C290 		.string	"\202@\302\220\302\351\227\016m_x\372\201\004\200\\\023\347~\016\375\213\341\331\005\022\0
  71      C2E9 970E 
  71      6D5F 78FA 
  71      8104 805C 
  71      13E7 7E0E 
  72 00b0 F923 C83F 		.string	"\371#\310?\020\343x\f\362\020D\tb\204\276\325 \177"
  72      10E3 780C 
  72      F210 4409 
  72      6284 BED5 
  72      207F 00
  73 00c3 F913 7A3F 		.ascii	"\371\023z?\357n\214\216LN\215\3404\214\026i\321\354,\206\216"
  73      EF6E 8C8E 
  73      4C4E 8DE0 
  73      348C 1669 
  73      D1EC 2C86 
  74 00d8 92E7 9513 		.ascii	"\222\347\225\023\336\254\203\214\337\237(\374\"\344\244\300~"
  74      DEAC 838C 
  74      DF9F 28FC 
  74      22E4 A4C0 
  74      7E
  75 00e9 1A4E 9A78 		.ascii	"\032N\232x\271\251\361\250\016{QP\355\354\270\325\027\346\370"
  75      B9A9 F1A8 
  75      0E7B 5150 
  75      EDEC B8D5 
  75      17E6 F8
  76 00fc 6911 07CD 		.ascii	"i\021\007\315[#\315\271^\320\f\320\242y\2731w\376\306\271~-\322"
  76      5B23 CDB9 
  76      5ED0 0CD0 
  76      A279 BB31 
  76      77FE C6B9 
GAS LISTING /tmp/ccF8ysfJ.s 			page 5


  77 0113 0627 0B42 		.ascii	"\006'\013B\274\320&\b\252`\005:\211\002\321\t\024\250@\247P0"
  77      BCD0 2608 
  77      AA60 053A 
  77      8902 D109 
  77      14A8 40A7 
  78 0129 A12A 4221 		.ascii	"\241*B!\nT\b\235\307\240\363(\341\262\216\217~P)\b\363P1\322"
  78      0A54 089D 
  78      C7A0 F328 
  78      E1B2 8E8F 
  78      7E50 2908 
  79 0141 A2E3 0853 		.ascii	"\242\343\bS\b\230\261H\313\370\2533\273\007\264\230'\374\\gV"
  79      0898 B148 
  79      CBF8 AB33 
  79      BB07 B498 
  79      27FC 5C67 
  80 0156 ED13 953B 		.ascii	"\355\023\225;\206\323n\031^\036\374\370\352fA\340P)P\224H\024"
  80      86D3 6E19 
  80      5E1E FCF8 
  80      EA66 41E0 
  80      5029 5094 
  81 016c C0C8 38D2 		.ascii	"\300\3108\322\317uO\373\3426DI\232\316&&z\271#9\353\226\244\263"
  81      CF75 4FFB 
  81      E236 4449 
  81      9ACE 2626 
  81      7AB9 2339 
  82 0184 2A78 F28E 		.ascii	"*x\362\216 ,@e@rF\")\245$\244\027\210&/\037\177\300\365\241\036"
  82      202C 4065 
  82      4072 4622 
  82      29A5 24A4 
  82      1788 262F 
  83 019e C421 8518 		.ascii	"\304!\205\030#\204\330_D"
  83      2384 D85F 
  83      44
  84 01a7 8536 67ED 		.string	"\2056g\355?\204h?\364r\364/\0032\250}\206\003\302\232\234\270$\375'>\221lE\205\275K\276\0
  84      3F84 683F 
  84      F472 F42F 
  84      0332 A87D 
  84      8603 C29A 
  85 02a8 59AA 1CD1 		.string	"Y\252\034\321\020dd\277\276\216\347\357\"TP\004\3638:f\257\003\005\252C\260'\242Z\244d\02
  85      1064 64BF 
  85      BE8E E7EF 
  85      2254 5004 
  85      F338 3A66 
  86 02da 0E10 9404 		.string	"\016\020\224\004\207\316K\312\301+y\234C}\220\033\365h!1q\300Z\244\306[\260\333d(\331\374
  86      87CE 4BCA 
  86      C12B 799C 
  86      437D 901B 
  86      F568 2131 
  87 03a9 AA91 D9D9 		.ascii	"\252\221\331\331\377 \324\005\314\311D\267\2148+\331\034;\355"
  87      FF20 D405 
  87      CCC9 44B7 
  87      8C38 2BD9 
  87      1C3B ED
  88 03bc E9D5 0DCC 		.ascii	"\351\325\r\3140\310\250\357A\357]\350\245\023\205\314\374\337"
  88      30C8 A8EF 
  88      41EF 5DE8 
  88      A513 85CC 
GAS LISTING /tmp/ccF8ysfJ.s 			page 6


  88      FCDF 
  89 03ce ABE9 C4A3 		.ascii	"\253\351\304\243\366#FA\241\0354\037\354\373\3023\333t>\207\253"
  89      F623 4641 
  89      A11D 341F 
  89      ECFB C233 
  89      DB74 3E87 
  90 03e3 991B D2CE 		.ascii	"\231\033\322\316\024\227i\330>\374.U\337\\Tb\320\263\026eS\207"
  90      1497 69D8 
  90      3EFC 2E55 
  90      DF5C 5462 
  90      D0B3 1665 
  91 03f9 F5C2 788F 		.ascii	"\365\302x\217\344\260.\373n_\220y\250^\203\033\031K\351DA\267"
  91      E4B0 2EFB 
  91      6E5F 9079 
  91      A85E 831B 
  91      194B E944 
  92 040f 972C 9E1F 		.ascii	"\227,\236\037\327\322x\366\303\334\373\322\334^\273\263\337\325"
  92      D7D2 78F6 
  92      C3DC FBD2 
  92      DC5E BBB3 
  92      DFD5 
  93 0421 C436 9726 		.ascii	"\3046\227&\300\322\271\355v\267\032\337b,\275i\333\336z\271\263"
  93      C0D2 B9ED 
  93      76B7 1ADF 
  93      622C BD69 
  93      DBDE 7AB9 
  94 0436 E591 7B5B 		.ascii	"\345\221{[:[?\035\244\266<\204\361\007\222>\375v[\322\032\316"
  94      3A5B 3F1D 
  94      A4B6 3C84 
  94      F107 923E 
  94      FD76 5BD2 
  95 044c BC56 CBAB 		.ascii	"\274V\313\253\364\241S\225>\246U\332n\257\322\241\343\263I\236"
  95      F4A1 5395 
  95      3EA6 55DA 
  95      6EAF D2A1 
  95      E3B3 499E 
  96 0460 50A5 367A 		.ascii	"P\2456z^\375\342\306\221\272x\341\020\2420\324 \255\336 \006"
  96      5EFD E2C6 
  96      91BA 78E1 
  96      10A2 30D4 
  96      20AD DE20 
  97 0475 050D D002 		.ascii	"\005\r\320\002m9\224=\316\341\273,I\356\336\257\333\310v\332"
  97      6D39 943D 
  97      CEE1 BB2C 
  97      49EE DEAF 
  97      DBC8 76DA 
  98 0489 56D2 7C78 		.ascii	"V\322|x\270vT\315rf\204l\275o{\342f86\356C\362k\370D\2717kZ\t"
  98      B876 54CD 
  98      7266 846C 
  98      BD6F 7BE2 
  98      6638 36EE 
  99 04a7 7CF7 8B89 		.ascii	"|\367\213\211\2373\264@\321#moul\230\234\216/O\035\315A\270\207"
  99      9F33 B440 
  99      D123 6D6F 
  99      756C 989C 
  99      8E2F 4F1D 
 100 04bf 11B5 BFB9 		.ascii	"\021\265\277\2714\251\303C\264\241,\351ji!e\r\231\b\377d9\364"
GAS LISTING /tmp/ccF8ysfJ.s 			page 7


 100      34A9 C343 
 100      B4A1 2CE9 
 100      6A69 2165 
 100      0D99 08FF 
 101 04d6 0ACC 7D29 		.ascii	"\n\314})\345\020\365\257s9\214\200w_\021w\241Q\230;\346\310\310"
 101      E510 F5AF 
 101      7339 8C80 
 101      775F 1177 
 101      A151 983B 
 102 04ed 9B88 76B3 		.ascii	"\233\210v\263\274\376\214\276\003\353\350\353\247\311\036Zq\231"
 102      BCFE 8CBE 
 102      03EB E8EB 
 102      A7C9 1E5A 
 102      7199 
 103 04ff E41F 5D86 		.ascii	"\344\037]\206\354z\t\331g\325\272TR\2034\250\350{P\307\276\333"
 103      EC7A 09D9 
 103      67D5 BA54 
 103      5283 34A8 
 103      E87B 50C7 
 104 0515 2A        		.ascii	"*"
 105 0516 D00F 4827 		.string	"\320\017H'&vo\373\330+L\200\t\357\001\346T}\177]\305<\242!\267\266\373o\372\275\360K\346\
 105      2676 6FFB 
 105      D82B 4C80 
 105      09EF 01E6 
 105      547D 7F5D 
 106 0617 897A DC4F 		.ascii	"\211z\334O\234\200w\326\264M#\024\344\037\234/$\306\221B\377"
 106      9C80 77D6 
 106      B44D 2314 
 106      E41F 9C2F 
 106      24C6 9142 
 107 062c CDF4 BD1D 		.ascii	"\315\364\275\035\202\220\252Ai\200\216\007]28\177i\025=\311\300"
 107      8290 AA41 
 107      6980 8E07 
 107      5D32 387F 
 107      6915 3DC9 
 108 0641 65E4 1323 		.ascii	"e\344\023#S\324\352\267\234\214$N\304\003\013\312\004\302t.\210"
 108      53D4 EAB7 
 108      9C8C 244E 
 108      C403 0BCA 
 108      04C2 742E 
 109 0656 961A 33F3 		.ascii	"\226\0323\363\365\364\2748A@\004\241\020M\0243\371v\212m\273"
 109      F5F4 BC38 
 109      4140 04A1 
 109      104D 1433 
 109      F976 8A6D 
 110 066b 17BE C47C 		.ascii	"\027\276\304|\323Xu\343\256\032\005\373\263I\255\323\201\td\322"
 110      D358 75E3 
 110      AE1A 05FB 
 110      B349 ADD3 
 110      8109 64D2 
 111 067f 0E58 364B 		.ascii	"\016X6Kr\rY\303\215\022\331@<\227\022\300\323\334\261w\310W^"
 111      720D 59C3 
 111      8D12 D940 
 111      3C97 12C0 
 111      D3DC B177 
 112 0696 8364 55A9 		.ascii	"\203dU\251\264vr\366\322JJ9\375L\213\033Y\206Vff\275\320\340"
 112      B476 72F6 
GAS LISTING /tmp/ccF8ysfJ.s 			page 8


 112      D24A 4A39 
 112      FD4C 8B1B 
 112      5986 5666 
 113 06ae 16D6 68B6 		.ascii	"\026\326h\266\246\224h\261Ml\224Vv*\361\003\326\350\315}9\246"
 113      A694 68B1 
 113      4D6C 9456 
 113      762A F103 
 113      D6E8 CD7D 
 114 06c4 C403 ACF1 		.ascii	"\304\003\254\361fOc\2017~\316\032Y'\333:\325x\2045*.\275X\316"
 114      664F 6381 
 114      377E CE1A 
 114      5927 DB3A 
 114      D578 8435 
 115 06dd AA27 9054 		.ascii	"\252'\220TOe\255\240\301clhx\346\356\004\371FZCJ\3413\331\355"
 115      4F65 ADA0 
 115      C163 6C68 
 115      78E6 EE04 
 115      F946 5A43 
 116 06f6 650D BBBD 		.ascii	"e\r\273\275\354\033\255\377\031~\315\2744y\240\274\303\361y\343"
 116      EC1B ADFF 
 116      197E CDBC 
 116      3479 A0BC 
 116      C3F1 79E3 
 117 070a 7A4A 1C06 		.ascii	"zJ\034\006\263\327\210\301\316\203`\037\344\354\207\304\340A"
 117      B3D7 88C1 
 117      CE83 601F 
 117      E4EC 87C4 
 117      E041 
 118 071c BCAF 368D 		.ascii	"\274\2576\215\\\266\362!\276\207$\207\256\021\017\211\341\304"
 118      5CB6 F221 
 118      BE87 2487 
 118      AE11 0F89 
 118      E1C4 
 119 072e C736 2FA6 		.ascii	"\3076/\246\337|r\316\017\337\231\366\306\247UN\207\276\037=\364"
 119      DF7C 72CE 
 119      0FDF 99F6 
 119      C6A7 554E 
 119      87BE 1F3D 
 120 0743 9130 517D 		.ascii	"\2210Q}O\215\317\2611\373\367\235\037\375\276C\335;\337\330<"
 120      4F8D CFB1 
 120      31FB F79D 
 120      1FFD BE43 
 120      DD3B DFD8 
 121 0758 7105 1B6B 		.ascii	"q\005\033kh\337zY\211\253X\343X\223MP\341j\326\270\230\3324\255"
 121      68DF 7A59 
 121      89AB 58E3 
 121      5893 4D50 
 121      E16A D6B8 
 122 0770 C135 AC91 		.ascii	"\3015\254\221s!)^\213\257\261\306\211\331\261t\035\256\027\211"
 122      7321 295E 
 122      8BAF B1C6 
 122      89D9 B174 
 122      1DAE 1789 
 123 0784 C54B BA1F 		.ascii	"\305K\272\037\275\244\243SO.\357\327\212G\003|[j\223\312\207"
 123      BDA4 A353 
 123      4F2E EFD7 
 123      8A47 037C 
GAS LISTING /tmp/ccF8ysfJ.s 			page 9


 123      5B6A 93CA 
 124 0799 92D5 2888 		.ascii	"\222\325(\210\375\202\375\203\362\351E\247\265\370\303\3148\241"
 124      FD82 FD83 
 124      F2E9 45A7 
 124      B5F8 C3CC 
 124      38A1 
 125 07ab 7001 B5B4 		.ascii	"p\001\265\264\030,\255\204`;\\$e2CO.I\021\254\361\034\005\037"
 125      182C AD84 
 125      603B 5C24 
 125      6532 434F 
 125      2E49 11AC 
 126 07c3 7105 1770 		.ascii	"q\005\027p.\350[2\364IW4K"
 126      2EE8 5B32 
 126      F449 5734 
 126      4B
 127 07d0 2619 7A48 		.string	"&\031zH\206.rE\027\272\256}O\206>\341\212\036w]{T\206>\346\212>\352\272\366\003\031\372\2
 127      862E 7245 
 127      17BA AE7D 
 127      4F86 3EE1 
 127      8A1E 775D 
 128 085d 47FB 81B0 		.string	"G\373\201\260Z\266\210\353\026\227\021G\355t\f_\024\361\304\316\313`\347%\247-\256\256\20
 128      5AB6 88EB 
 128      1697 1147 
 128      ED74 0C5F 
 128      14F1 C4CE 
 129 0922 3483 5C54 		.ascii	"4\203\\T{+\301\263\b\334&8\005\\Ag\021\275n"
 129      7B2B C1B3 
 129      08DC 2638 
 129      055C 4167 
 129      11BD 6E
 130 0935 815E 3741 		.string	"\201^7A\2276\220V\220\026\220f'7\f\247\342\312m\3601\253\244N\230\005&2w\216\314b\360\216
 130      9736 9056 
 130      9016 9066 
 130      2737 0CA7 
 130      E2CA 6DF0 
 131 0a36 EC91 7663 		.ascii	"\354\221vc\242[\007\007\237?l\tA\2546\206\323qe*\r\025)\2167"
 131      A25B 0707 
 131      9F3F 6C09 
 131      41AC 3686 
 131      D371 652A 
 132 0a4f 9083 3679 		.ascii	"\220\2036yq\274s~\324\245\333\223\220\354\b\223\"\376"
 132      71BC 737E 
 132      D4A5 DB93 
 132      90EC 0893 
 132      22FE 
 133 0a61 E21C 6799 		.string	"\342\034g\231\274p\237\302\370\0232\336\305\261\t\244@\372\241@\036BQ\334\007\351\003y\00
 133      BC70 9FC2 
 133      F813 32DE 
 133      C5B1 09A4 
 133      40FA A140 
 134 0b62 1A11 1E15 		.ascii	"\032\021\036\025\273q\345\n\373\230)\342[}x\2241\"v\275I\037"
 134      BB71 E50A 
 134      FB98 29E2 
 134      5B7D 7894 
 134      3122 76BD 
 135 0b78 196A 0C0B 		.ascii	"\031j\f\013\2172\351\r\353M\337\206\306F\360\006~S\214\311\022"
 135      8F32 E90D 
GAS LISTING /tmp/ccF8ysfJ.s 			page 10


 135      EB4D DF86 
 135      C646 F006 
 135      7E53 8CC9 
 136 0b8d 12A6 D0D8 		.ascii	"\022\246\320\330i\276\374\177\320X6Y\364\006\013\277\036\326"
 136      69BE FC7F 
 136      D058 3659 
 136      F406 0BBF 
 136      1ED6 
 137 0b9f 84B5 3DA1 		.ascii	"\204\265=\241\311\207G\232\f\374\302\220\020\375\252\260\360"
 137      C987 479A 
 137      0CFC C290 
 137      10FD AAB0 
 137      F0
 138 0bb0 75E1 6BD6 		.ascii	"u\341k\326.\371\362+}\264E\037\025\036\341\230e\f\003p\2001\354"
 138      2EF9 F22B 
 138      7DB4 451F 
 138      151E E198 
 138      650C 0370 
 139 0bc7 F3EF F8BF 		.ascii	"\363\357\370\277\205\206\363\277\213\332\364\025\314\212\216"
 139      8586 F3BF 
 139      8BDA F415 
 139      CC8A 8E
 140 0bd6 E5D7 8A6E 		.ascii	"\345\327\212n\370d\271\201\327\330_\274L\337\231\242\370\310"
 140      F864 B981 
 140      D7D8 5FBC 
 140      4CDF 99A2 
 140      F8C8 
 141 0be8 50CB 3F0D 		.ascii	"P\313?\r\374*\331\272\253\242\243xs\370:\262\2701:22:J\037\023"
 141      FC2A D9BA 
 141      ABA2 A378 
 141      73F8 3AB2 
 141      B831 3A32 
 142 0c01 6DE6 2DFA 		.ascii	"m\346-\372?\257\375+\250\371w\322\031\023\036a2[\364\253W\255"
 142      3FAF FD2B 
 142      A8F9 77D2 
 142      1913 1E61 
 142      325B F4AB 
 143 0c17 024E BB07 		.ascii	"\002N\273\007|C\3640f\006\037m\002E\214D\221\265\306\260\325"
 143      7C43 F430 
 143      6606 1F6D 
 143      0245 8C44 
 143      91B5 C6B0 
 144 0c2c D16B 234C 		.ascii	"\321k#L\246\030\273\"\236L\221O\r\274\207\370\324\360\026>\224"
 144      A618 BB22 
 144      9E4C 914F 
 144      0DBC 87F8 
 144      D4F0 163E 
 145 0c41 07DB 3C0C 		.ascii	"\007\333<\f\006\350Y\276TK\2371\274\031\306\354/\252H\313\006"
 145      06E8 59BE 
 145      544B 9F31 
 145      BC19 C6EC 
 145      2FAA 48CB 
 146 0c56 038F C158 		.ascii	"\003\217\301X\357\365\3536\030bB\243\302\215\006\350S\032\303"
 146      EFF5 EB36 
 146      1862 42A3 
 146      C28D 06E8 
 146      531A C3
GAS LISTING /tmp/ccF8ysfJ.s 			page 11


 147 0c69 42CD 1EA2 		.ascii	"B\315\036\242{\224Q\246\215\274\007\317\230\270\330ej\323\277"
 147      7B94 51A6 
 147      8DBC 07CF 
 147      98B8 D865 
 147      6AD3 BF
 148 0c7c 8875 4A8B 		.ascii	"\210uJ\213)2\306\033\246\032\340%4&\fT\304\306(\336\223\322\220"
 148      2932 C61B 
 148      A61A E025 
 148      3426 0C54 
 148      C4C6 28DE 
 149 0c93 8879 884F 		.ascii	"\210y\210O\025\364\202[\034( \344\3151~|\230\331\024\272\336"
 149      15F4 825B 
 149      1C28 20E4 
 149      CD31 7E7C 
 149      98D9 14BA 
 150 0ca8 6036 7D6B 		.ascii	"`6}k2\233\242\214\320\215b0p\253\250\336\330\310o\344,1\234y"
 150      329B A28C 
 150      D08D 6230 
 150      70AB A8DE 
 150      D8C8 6FE4 
 151 0cc0 A9CA 6C02 		.ascii	"\251\312l\002\035W\374/\236\f#\376\002\327a\363\262\245\234\371"
 151      1D57 FC2F 
 151      9E0C 23FE 
 151      02D7 61F3 
 151      B2A5 9CF9 
 152 0cd4 D79C F953 		.ascii	"\327\234\371S\316\374+\316\274\2223\377\2223\257\360\"h\242$"
 152      CEFC 2BCE 
 152      BC92 33FF 
 152      9233 AFF0 
 152      2268 A224 
 153 0ce8 50E8 E8BB 		.ascii	"P\350\350\273\021\026\004\033\265\304\030\246\226\332\024Cl\324"
 153      1116 041B 
 153      B5C4 18A6 
 153      96DA 1443 
 153      6CD4 
 154 0cfa 884A F21E 		.ascii	"\210J\362\036\306X3h\311 \304/\246H\0176f\321I]\006\376\277u"
 154      C658 3368 
 154      C920 C42F 
 154      A648 0F36 
 154      66D1 495D 
 155 0d12 72D3 D0   		.ascii	"r\323\320"
 156               	.text
 157               		.section	.gnu.lto_.symtab.242ac1f5d95c073c,"",@progbits
 158 0000 6368 4576 		.string	"chEvtWaitAnyTimeoutS"
 158      7457 6169 
 158      7441 6E79 
 158      5469 6D65 
 158      6F75 7453 
 159 0015 00        		.string	""
 160 0016 00        		.string	""
 161 0017 00        		.string	""
 162 0018 00        		.string	""
 163 0019 00        		.string	""
 164 001a 00        		.string	""
 165 001b 00        		.string	""
 166 001c 00        		.string	""
 167 001d 00        		.string	""
GAS LISTING /tmp/ccF8ysfJ.s 			page 12


 168 001e 00        		.string	""
 169 001f 00        		.string	""
 170 0020 C700      		.string	"\307"
 171 0022 00        		.string	""
 172 0023 00        		.string	""
 173 0024 6E69 6C00 		.string	"nil"
 174 0028 00        		.string	""
 175 0029 02        		.ascii	"\002"
 176 002a 00        		.string	""
 177 002b 00        		.string	""
 178 002c 00        		.string	""
 179 002d 00        		.string	""
 180 002e 00        		.string	""
 181 002f 00        		.string	""
 182 0030 00        		.string	""
 183 0031 00        		.string	""
 184 0032 00        		.string	""
 185 0033 6801 00   		.string	"h\001"
 186 0036 00        		.string	""
 187 0037 6368 5363 		.string	"chSchGoSleepTimeoutS"
 187      6847 6F53 
 187      6C65 6570 
 187      5469 6D65 
 187      6F75 7453 
 188 004c 00        		.string	""
 189 004d 02        		.ascii	"\002"
 190 004e 00        		.string	""
 191 004f 00        		.string	""
 192 0050 00        		.string	""
 193 0051 00        		.string	""
 194 0052 00        		.string	""
 195 0053 00        		.string	""
 196 0054 00        		.string	""
 197 0055 00        		.string	""
 198 0056 00        		.string	""
 199 0057 E600      		.string	"\346"
 200 0059 00        		.string	""
 201 005a 00        		.string	""
 202               	.text
 203               		.section	.gnu.lto_.opts,"",@progbits
 204 0000 272D 666D 		.ascii	"'-fmath"
 204      6174 68
 205 0007 2D65 7272 		.string	"-errno' '-fsigned-zeros' '-ftrapping-math' '-fno-trapv' '-fno-openmp' '-fno-openacc' '-mm
 205      6E6F 2720 
 205      272D 6673 
 205      6967 6E65 
 205      642D 7A65 
 206               	.text
 207               		.section	.upper.bss,"aw",@nobits
 208               		.global	__gnu_lto_v1
 209               		.weak	__gnu_lto_v1
 210               	__gnu_lto_v1:
 211 0000 00        		.zero	1
 212               		.global	__gnu_lto_slim
 213               		.weak	__gnu_lto_slim
 214               	__gnu_lto_slim:
 215 0001 00        		.zero	1
GAS LISTING /tmp/ccF8ysfJ.s 			page 13


 216               		.ident	"GCC: (SOMNIUM Technologies Limited - msp430-gcc 6.2.1.16) 6.2.1 20161212"
GAS LISTING /tmp/ccF8ysfJ.s 			page 14


DEFINED SYMBOLS
                            *ABS*:0000000000000000 mych.c
     /tmp/ccF8ysfJ.s:210    .upper.bss:0000000000000000 __gnu_lto_v1
     /tmp/ccF8ysfJ.s:214    .upper.bss:0000000000000001 __gnu_lto_slim

UNDEFINED SYMBOLS
__crt0_init_highbss
