GAS LISTING /tmp/ccHl0iRN.s 			page 1


   1               		.file	"osal.c"
   2               		.section	.gnu.lto_.profile.d4af86498906fa6e,"",@progbits
   3 0000 789C 6365 		.string	"x\234ce`d`a`"
   3      6064 6061 
   3      6000 
   4 000a 92A9 BA00 		.string	"\222\251\272"
   5 000e 016D 00   		.string	"\001m"
   6 0011 9E        		.ascii	"\236"
   7               	.text
   8               		.section	.gnu.lto_.icf.d4af86498906fa6e,"",@progbits
   9 0000 789C 6365 		.string	"x\234ce`d\220b@"
   9      6064 9062 
   9      4000 
  10 000a 1686 E53F 		.string	"\026\206\345?\216-\341c:\366d\312Vf\346\211'\266\355\347f\331\265\346\365\031N\006"
  10      8E2D E163 
  10      3AF6 64CA 
  10      5666 E689 
  10      27B6 EDE7 
  11 0027 A7CF 0C3A 		.ascii	"\247\317\f:"
  12               	.text
  13               		.section	.gnu.lto_.jmpfuncs.d4af86498906fa6e,"",@progbits
  14 0000 789C 6365 		.string	"x\234ce`d\230\301\200"
  14      6064 98C1 
  14      8000 
  15 000a 4C0C 4C8C 		.string	"L\fL\214\214\314\365\214L\214\323\231\031\233\177\355\377\314W\377\267Ab>3\303bf\240,\343
  15      8CCC F58C 
  15      4C8C D399 
  15      199B 7FED 
  15      FFCC 57FF 
  16 0052 A9F7 243E 		.ascii	"\251\367$>"
  17               	.text
  18               		.section	.gnu.lto_.inline.d4af86498906fa6e,"",@progbits
  19 0000 789C 6365 		.string	"x\234ce`dX\317\200"
  19      6064 58CF 
  19      8000 
  20 000a 4C0C 0C92 		.string	"L\f\f\222\206\214,\f\002i\323\231\031\247\265\036:\317\336\307<\237\231\211\221\201q9\243
  20      868C 2C0C 
  20      0269 D399 
  20      19A7 B51E 
  20      3ACF DEC7 
  21 0091 00        		.string	""
  22 0092 BA4C 168F 		.ascii	"\272L\026\217"
  23               	.text
  24               		.section	.gnu.lto_.pureconst.d4af86498906fa6e,"",@progbits
  25 0000 789C 6365 		.string	"x\234ce`d`e```b\220b\226\002"
  25      6064 6065 
  25      6060 6062 
  25      9062 9602 
  25      00
  26 0011 00        		.string	""
  27 0012 FE00      		.string	"\376"
  28 0014 45        		.ascii	"E"
  29               	.text
  30               		.section	.gnu.lto_osalThreadDequeueNextI.d4af86498906fa6e,"",@progbits
  31 0000 789C 8555 		.ascii	"x\234\205UkO\034U\030>\317\234\331\335\271\354rq\241\320\004"
  31      6B4F 1C55 
  31      183E CF9C 
GAS LISTING /tmp/ccHl0iRN.s 			page 2


  31      D9DD B9EC 
  31      7271 A1D0 
  32 0015 13BE 106C 		.ascii	"\023\276\020lR\331\222j\374l\372\003L\324?\240~\260D\255\230"
  32      52D9 926A 
  32      FC6C FA03 
  32      4CD4 3FA0 
  32      7EB0 44AD 
  33 002a 367E 65A0 		.ascii	"6~e\240\333n\201^Hca\251\254K\262 \265\264\334jK\301\"\313E\240"
  33      DB6E 815E 
  33      4863 61A9 
  33      AC4B B220 
  33      B5B4 DC6A 
  34 0044 7581 42A9 		.ascii	"u\201B\251k\241\251I[1\200&\212\326\306\266\202\35793\205\025"
  34      6BA1 A949 
  34      5B31 8026 
  34      8AD6 C6B6 
  34      82EF 3933 
  35 005a 9A32 C9CE 		.ascii	"\2322\311\316\234s\336w\236\367y\236\367\234Y\027\003\253\361"
  35      9C73 DE77 
  35      9EF7 799E 
  35      F79C 5917 
  35      03AB F1
  36 006d 30F6 2A63 		.ascii	"0\366*c\254\206~\3602(5\023\214\225k\212\302\247\362\230e\230"
  36      AC86 7EF0 
  36      3228 3513 
  36      8C95 6B8A 
  36      C2A7 F298 
  37 0083 FDC5 CCF2 		.ascii	"\375\305\314\362r\270\3042T\373\371\272Kq\007=\024\325\217\216"
  37      72B8 C432 
  37      54FB F9BA 
  37      4B71 073D 
  37      14D5 8F8E 
  38 0097 320A BB15 		.ascii	"2\n\273\025\317\330.\232jc/\322\314\003\315\306\320`\332\003"
  38      CFD8 2E9A 
  38      6A63 2FD2 
  38      CC03 CDC6 
  38      D060 DA03 
  39 00ab 5D31 66B6 		.ascii	"]1f\266Q\\\275\362\032\305\r\250\366\262\t\210\201\245\201\225"
  39      515C BDF2 
  39      1AC5 0DA8 
  39      F6B2 0988 
  39      81A5 8195 
  40 00bf 295C 75B9 		.ascii	")\\u\271=\232n\230(S\\\314\276N\360:\216\301\320|\217\262\243"
  40      3D9A 6E98 
  40      2853 5CCC 
  40      BE4E F03A 
  40      8EC1 D07C 
  41 00d6 C5A2 2B5E 		.ascii	"\305\242+^\367\367v\353L\034Q\316X=\267s\320\202\035\2245\025"
  41      F7F7 76EB 
  41      4C1C 51CE 
  41      583D B773 
  41      D082 1D94 
  42 00ec EC68 E0C7 		.ascii	"\354h\340\307y\224\003*M\377\030?}/ML\025\344\323\364\366\347"
  42      7994 032A 
  42      4DFF 183F 
  42      7D2F 4D4C 
  42      15E4 D3F4 
GAS LISTING /tmp/ccHl0iRN.s 			page 3


  43 0102 7756 74FE 		.ascii	"wVt\376\022\030\215G\302\275]\351\205\315\226Ua\305\377:\005"
  43      1218 8D47 
  43      C2BD 5DE9 
  43      85CD 9655 
  43      61C5 FF3A 
  44 0117 2B2B CA39 		.ascii	"++\3129\316\202\023 \276B\036\316 \217\321\022C+\n\005\322\223"
  44      CE82 1320 
  44      BE42 1ECE 
  44      208F D112 
  44      432B 0A05 
  45 012d 48B7 6E23 		.ascii	"H\267n#e\3214\321\321\223T\371N\211\364\270\252{\b\002\211\230"
  45      65D1 34D1 
  45      D193 54F9 
  45      4E89 F4B8 
  45      AA7B 0802 
  46 0143 25EA 2492 		.ascii	"%\352$\222\212\3636\322\2715$\225\241\r\205\"\377\344\271\353"
  46      8AF3 36D2 
  46      B935 2495 
  46      A10D 8522 
  46      FFE4 B9EB 
  47 0157 4937 DF25 		.ascii	"I7\337%\337\375\347l\305O\274 &Y\314\207\\\225V\274\"?\312]h"
  47      DFFD E76C 
  47      C54F BC20 
  47      2659 CC87 
  47      5C95 56BC 
  48 0170 FF3F 1171 		.ascii	"\377?\021qQ\366\335\316\225S>\267\212\016\024\304\236jG'\334"
  48      51F6 DDCE 
  48      9553 3EB7 
  48      8A0E 14C4 
  48      9E6A 4727 
  49 0185 608C 3B8B 		.ascii	"`\214;\213\2245\374\363\223i\223\357\226\370K\241\201\230\351"
  49      9435 FCF3 
  49      9369 93EF 
  49      96F8 4BA1 
  49      8198 E9
  50 0198 E0AF 3CE4 		.ascii	"\340\257<\344\016\276\033]\233\361q\001\005\355\323\210[+\253"
  50      0EBE 1B5D 
  50      9BF1 7101 
  50      05ED D388 
  50      5B2B AB
  51 01ab 212B 7EE7 		.ascii	"!+~\347\027\264\304\216!\027r\335\005a\203\233\211\"\032\211"
  51      17B4 C48E 
  51      2117 72DD 
  51      0561 839B 
  51      8922 1A89 
  52 01bf F1E8 72D9 		.ascii	"\361\350r\331\240\241\313\224C\237XM\247\233\226!n\231b\352\247"
  52      A0A1 CB94 
  52      439F 584D 
  52      A79B 9621 
  52      6E99 62EA 
  53 01d4 9B9E 0DA1 		.ascii	"\233\236\r\241;G&1VE\224\303~V\315\025z\360\005T<\n\215\2370"
  53      3B47 2631 
  53      5645 94C3 
  53      7E56 CD15 
  53      7AF0 0554 
  54 01ed 8486 0877 		.ascii	"\204\206\bw\023\337\332C\203\223\036a"
  54      13DF DA43 
GAS LISTING /tmp/ccHl0iRN.s 			page 4


  54      8393 1E61 
  55 01f9 3397 F41F 		.string	"3\227\364\037\216^;\342\215\"RN\3366\316\203\360\214\b\271\363\265\240L\341\346\373\025m\
  55      8E5E 3BE2 
  55      8D22 524E 
  55      DE36 CE83 
  55      F08C 08B9 
  56 02fa D1CE E12C 		.ascii	"\321\316\341,\302uU\030\344&\203\270lZ\365=\267\235\352Ke\351"
  56      C275 5518 
  56      E426 83B8 
  56      6C5A F53D 
  56      B79D EA4B 
  57 0310 DAC4 5274 		.ascii	"\332\304RtJ4q\310\341\230\\^\036\362\246\364iXr\224\215\372\216"
  57      4A34 71C8 
  57      E198 5C5E 
  57      1EF2 A6F4 
  57      6958 7294 
  58 0327 5890 2DCB 		.ascii	"X\220-\313\241J\227\rM\342|\264r\260\366\260C+\203\326\b\343"
  58      A14A 970D 
  58      4DE2 7CB4 
  58      72B0 F6B0 
  58      432B 83D6 
  59 033d 6228 D169 		.ascii	"b(\321i\210r\032\200\021\002\226o99\231\224&\366U\255.\346\033"
  59      8872 1A80 
  59      1102 966F 
  59      3939 9994 
  59      26F6 55AD 
  60 0354 3DDB C7B6 		.ascii	"=\333\307\266\3403\272\316g\f\001\202c\262S\307b\216\\\377f}"
  60      E033 BACE 
  60      670C 0182 
  60      63B2 53C7 
  60      628E 5CFF 
  61 036a CFE9 4126 		.ascii	"\317\351A&\256J<\361\005\3055\333\345\271=\353H\225\r\365\255"
  61      AE4A 3CF1 
  61      05C5 35DB 
  61      E5B9 3DEB 
  61      4895 0DF5 
  62 037f D2B8 4C70 		.ascii	"\322\270Lp|\277\266\017=\254]\345K\b\346\213L\201\332\323\363"
  62      7CBF B60F 
  62      3DAC 5DE5 
  62      4B08 E68B 
  62      4C81 DAD3 
  63 0394 EB9C 87B6 		.ascii	"\353\234\207\266\233\026\345/\324\013vH\320\351Iu\336/\235?\370"
  63      9B16 E52F 
  63      D40B 7648 
  63      D0E9 4975 
  63      DE2F 9D3F 
  64 03a9 A8FF CF34 		.ascii	"\250\377\3174\312\313\245\205\230\323\370\253\247[?\020d3\242"
  64      CACB A585 
  64      98D3 F8AB 
  64      A75B 3F10 
  64      6433 A2
  65 03bc 3C0B 1328 		.ascii	"<\013\023(\303\270Cuu\261\253M\247\344\260\244\352\307$Q\225"
  65      C3B8 4375 
  65      75B1 AB4D 
  65      A7E4 B0A4 
  65      EAC7 2451 
  66 03d1 0571 1D65 		.ascii	"\005q\035eQ\236-\251h\242\343K8\324\330\347}\006\231m\365\342"
GAS LISTING /tmp/ccHl0iRN.s 			page 5


  66      519E 2DA9 
  66      68A2 E34B 
  66      38D4 D8E7 
  66      7D06 996D 
  67 03e7 4060 8AC8 		.ascii	"@`\212\310\220\t\021\236\035\3459\3625]n\177\352]\303\341\346"
  67      9009 119E 
  67      1DE5 39F2 
  67      355D 6E7F 
  67      EA5D C3E1 
  68 03fc DDB6 5EB2 		.ascii	"\335\266^\262\035\364\366\364\357\211\210i\3773d`\232\250\220"
  68      1DF4 F6F4 
  68      EF89 8869 
  68      FF33 6460 
  68      9AA8 90
  69 040f 25B7 86E6 		.ascii	"%\267\206\346\353\323\234\254TQ\271\330P/7&\304\323\332b\342"
  69      EBD3 9CAC 
  69      5451 B9D8 
  69      502F 3726 
  69      C4D3 DA62 
  70 0424 E6B0 41AA 		.ascii	"\346\260A\252h#o\307\f\211\272\341\210:~\271\243R[\363\337\207"
  70      6823 6FC7 
  70      0C89 BAE1 
  70      883A 7EB9 
  70      A352 5BF3 
  71 043a 9BD2 7FE7 		.ascii	"\233\322\177\347\3246\f\224W\232\305\355N0\035? \200\235y\316"
  71      D436 0C94 
  71      579A C5ED 
  71      4E30 1D3F 
  71      2080 9D79 
  72 044f 17E4 B3A3 		.ascii	"\027\344\263\243\211E\347H\313Os\022\305$\355G\222f7\305`\223"
  72      8945 E748 
  72      CB4F 7312 
  72      C524 ED47 
  72      9266 37C5 
  73 0465 595B 34E5 		.ascii	"Y[4\345\226\335\224-\2730\373\234.\314\255u\341\366z\027L\361"
  73      96DD 942D 
  73      BB30 FB9C 
  73      2ECC AD75 
  73      E1F6 7A17 
  74 047b 95FE 0D8A 		.ascii	"\225\376\r\212\375\037[E\305\302~\232\024\024\025\005\366\354"
  74      FD1F 5B45 
  74      C5C2 7E9A 
  74      1414 1505 
  74      F6EC 
  75 048d 2D79 B7E4 		.ascii	"-y\267\344\215\267^~\363\355\300\307\373\003{\337\371\220\036"
  75      8DB7 5E7E 
  75      F3ED C0C7 
  75      FB03 7BDF 
  75      F990 1E
  76 04a0 74DB 5762 		.ascii	"t\333Wb\017\212\336c\374\300'\245\374\243\375\357+\373K\225\003"
  76      0F8A DE63 
  76      FCC0 27A5 
  76      FCA3 FDEF 
  76      2BFB 4B95 
  77 04b5 A5FF 0112 		.ascii	"\245\377\001\022\275y\022"
  77      BD79 12
  78               	.text
GAS LISTING /tmp/ccHl0iRN.s 			page 6


  79               		.section	.gnu.lto___func__.2715.d4af86498906fa6e,"",@progbits
  80 0000 789C 6365 		.string	"x\234ce`d\020e``\220d\200\200\351\314\214\315\357\216\317cWd\232\337\3001\237\231\201\201
  80      6064 1065 
  80      6060 9064 
  80      8080 E9CC 
  80      8CCD EF8E 
  81 003e 6747 0F37 		.ascii	"gG\0177"
  82               	.text
  83               		.section	.gnu.lto_osalThreadDequeueAllI.d4af86498906fa6e,"",@progbits
  84 0000 789C 8555 		.ascii	"x\234\205U[OTW\024\336\337\3313s\316\231\203\334\206\242U\036"
  84      5B4F 5457 
  84      14DE DFD9 
  84      3373 CE99 
  84      83DC 86A2 
  85 0016 78A1 6862 		.ascii	"x\241hb\231\3324\261M\037\375\001M\332\376\201\352C5m\221\006"
  85      99DA 34B1 
  85      4D1F FD01 
  85      4DDA FE81 
  85      EA43 356D 
  86 002c 9ECB E1EE 		.ascii	"\236\313\341\356\255hi\225\353t&\001\003\025\025\264*\002*\303"
  86      AD68 6995 
  86      EB74 2601 
  86      0315 15B4 
  86      2A02 2AC3 
  87 0040 4551 3B5C 		.ascii	"EQ;\\\253\214\002\265\211X\022\3206\255\205\020\251B\327\336"
  87      AB8C 02B5 
  87      8958 12D0 
  87      36AD 8510 
  87      A942 D7DE 
  88 0054 FB70 2925 		.ascii	"\373p)%z\222\331s\366\336k}\353[\337Z{\0377\003\253\326\031{"
  88      7A92 D973 
  88      F6DE 6B7D 
  88      EB5B DF5A 
  88      7B1F 3703 
  89 006c 8F31 F62D 		.ascii	"\2171\366-\375\020\303\240\035\353g,\317\320\340U/\\s\335If\266"
  89      FD10 C3A0 
  89      1DEB 672C 
  89      CFD0 E055 
  89      2F5C 73DD 
  90 0083 D77D 6527 		.ascii	"\327}e'\263c\\p\253e\267\346\031\267h\331\274\320\305h\335\243"
  90      B363 5C70 
  90      AB65 B7E6 
  90      19B7 68D9 
  90      BCD0 C568 
  91 0099 E905 5B69 		.ascii	"\351\005[ij|\375\006\315t\030\312\312\200\251^L\005\327ix5~\244"
  91      6A7C FD06 
  91      CD74 18CA 
  91      CA80 A95E 
  91      4C05 D769 
  92 00b1 973C BC56 		.ascii	"\227<\274V\241N\226\026 \326m\003,W\343.\267G7L\257\205\\\315"
  92      A14E 9616 
  92      20D6 6D03 
  92      2C57 E32E 
  92      B747 374C 
  93 00c9 CBD4 7394 		.ascii	"\313\324s\224\227st\225L\266j\333\352mz\302\3453\236b\273hS\220"
  93      9773 7495 
  93      4CB6 6ADB 
GAS LISTING /tmp/ccHl0iRN.s 			page 7


  93      EA6D 7AC2 
  93      E533 9E62 
  94 00e1 3356 C995 		.ascii	"3V\311\225\r\352\261\215\254\206\n\233kx)\017r\300E\323\277\372"
  94      0DEA B18D 
  94      AC86 0A9B 
  94      6B78 290F 
  94      72C0 45D3 
  95 00f7 AA26 62C5 		.ascii	"\252&b\305TC*M\307\253\037,\230|+\030\275\337\250h;\037\227~"
  95      5443 2A4D 
  95      C7AB 1F2C 
  95      987C 2B18 
  95      BDDF A868 
  96 010f D2B6 F3ED 		.ascii	"\322\266\363\355\360\223\343\260\223\202\234\343\0248\001\342"
  96      F093 E3B0 
  96      9382 9CE3 
  96      1438 01E2 
  97 011f 07A4 A001 		.ascii	"\007\244\240\001)\214\226\030\032\221.\220\236\007ZL\205\224"
  97      298C 9618 
  97      1A91 2E90 
  97      9E07 5A4C 
  97      8594 
  98 0131 44D3 4873 		.ascii	"D\323Hsk\324\305\267K\244\177\016\265tC \021\263\236r\211\344"
  98      6BD4 C5B7 
  98      4BA4 7F0E 
  98      B574 4320 
  98      11B3 9E72 
  99 0147 C219 8574 		.ascii	"\302\031\205tz\031\311\305p\026\351\302\376\372\342\\8Nq\324"
  99      7A19 C9C5 
  99      7016 E9C2 
  99      FEFA E25C 
  99      384E 71D4 
 100 015b 683A FC67 		.ascii	"h:\374g$`)\344x\232\266T-\204]\374-\211\334X\024)r\247\325J\344"
 100      2460 29E4 
 100      789A B654 
 100      2D84 5DFC 
 100      2D89 DC58 
 101 0176 3FAA 1387 		.ascii	"?\252\023\207l\273\301v\005\271\033\347\024z3\2417\021\272x\310"
 101      6CBB C176 
 101      05B9 1BE7 
 101      147A 33A1 
 101      3711 BA78 
 102 018b BCE7 B7E7 		.ascii	"\274\347\267\347\303\026\177G\272>.\351\254\265\204+\2457Y\275"
 102      C316 7F47 
 102      BA3E 2EE9 
 102      ACB5 842B 
 102      A537 59BD 
 103 019f F99B 3CE5 		.ascii	"\371\233<\345\352\301\217\377M\321q-;=\030\365\360\235\322\365"
 103      EAC1 8FFF 
 103      4DD1 712D 
 103      3B3D 18F5 
 103      F09D D2F5 
 104 01b3 D9A9 FC5F 		.ascii	"\331\251\374_\271\343\372\240:\276\314q\325qq]\327\207\347\026"
 104      B9E3 FAA0 
 104      3ABE CC71 
 104      D571 715D 
 104      D787 E716 
 105 01c7 8E6F F0B8 		.ascii	"\216o\360\270p\ti\270@\277\363H\253]*\fZ\340\001ck7\233\206\021"
GAS LISTING /tmp/ccHl0iRN.s 			page 8


 105      7009 69B8 
 105      40BF F348 
 105      AB5D 2A0C 
 105      5AE0 0163 
 106 01e0 B617 164B 		.ascii	"\266\027\026K\354\360\310\226\02733\t\033\301\304\256\306\304"
 106      ECF0 C896 
 106      1733 3309 
 106      1BC1 C4AE 
 106      C6C4 
 107 01f2 3E97 A301 		.ascii	">\227\243\001!\274\311\204\247%WbID=\216\006#\201\0063Q\f>\271"
 107      21BC C984 
 107      A725 5762 
 107      4944 3D8E 
 107      0623 8106 
 108 020b 9304 216D 		.ascii	"\223\004!m\262\304`\354\020\005\246\276:\3145\372\343S\310\237"
 108      B2C4 60EC 
 108      1005 A6BE 
 108      3ACC 35FA 
 108      E353 C89F 
 109 021f 2FB9 DA12 		.ascii	"/\271\332\022\202\240\022\340&\021>Q\3245\240\013\301\271Lw\256"
 109      82A0 12E0 
 109      2611 3E51 
 109      D435 A00B 
 109      C1B9 4C77 
 110 0234 F7F6 8198 		.ascii	"\367\366\201\230 \002y\244rh\022\004\353\rp\003\227E\206\264"
 110      2002 79A4 
 110      7268 1204 
 110      EB0D 7003 
 110      9745 86B4 
 111 0248 7DF2 51FE 		.ascii	"}\362Q\376Y\335\177F\324 5\310-\264\"\210\n\356\344>V\327Yg\345"
 111      59DD 7F46 
 111      D420 35C8 
 111      2DB4 2288 
 111      0AEE E43E 
 112 0261 BE10 9BA1 		.ascii	"\276\020\233\241K\020\032\265\301Oi\267#\227M\241\253m\252c\302"
 112      4B10 1AB5 
 112      C14F 69B7 
 112      2397 4DA1 
 112      AB6D AA63 
 113 0276 096C AD0E 		.ascii	"\tl\255\016\254\377?p&\305\265D\334+N\334\350\323\247\3351\024"
 113      ACFF 3F70 
 113      26C5 B544 
 113      DC2B 4EDC 
 113      E8D3 A7DD 
 114 028c B730 4FC4 		.ascii	"\2670O\304\215\301U\031\027B\324k\024\203\320g\032nr\001\276"
 114      8DC1 5519 
 114      1742 D46B 
 114      1483 D067 
 114      1A6E 7201 
 115 02a1 162A F915 		.ascii	"\026*\371\025H\035+Ha\370\311\240\351I\353\263\r\202\327\006"
 115      481D 2B48 
 115      61F8 C9A0 
 115      E949 EBB3 
 115      0D82 D706 
 116 02b5 AA43 A7AC 		.ascii	"\252C\247\254\354a\352|:\243\374\021\n\357w?LQ9`u\016\2612\207"
 116      EC61 EA7C 
 116      3AA3 FC11 
GAS LISTING /tmp/ccHl0iRN.s 			page 9


 116      0AEF 773F 
 116      4C51 3960 
 117 02ce D6D6 2763 		.ascii	"\326\326'c:\t`\320B\255\300\244\265\351\310\335\036/\221!=\342"
 117      3A09 60D0 
 117      42AD C0A4 
 117      B5E9 C8DD 
 117      1E2F 9121 
 118 02e4 D08D 5C74 		.ascii	"\320\215\\t9DJ/7\0374\226\245\214G\217$\242))k:\363\016Z;\232"
 118      3944 4A2F 
 118      371F 3496 
 118      A58C 478F 
 118      24A2 2929 
 119 02ff 9CCD 045C 		.ascii	"\234\315\004\\\207\037\333S\034\235\277;\022\231\216\2430\007"
 119      871F DB53 
 119      1C9D BF3B 
 119      1299 8EA3 
 119      3007 
 120 0311 E4A6 0737 		.ascii	"\344\246\0077\260\203\330\367\222\312L\222u\261\201$\376\030"
 120      B083 D8F7 
 120      92CA 4C92 
 120      75B1 8124 
 120      FE18 
 121 0323 85A9 82E8 		.ascii	"\205\251\202\350\032^\211\225\202\027n\222\361j\376>\311\277"
 121      1A5E 8995 
 121      8217 6E92 
 121      F16A FE3E 
 121      C9BF 
 122 0335 60BE E3EF 		.ascii	"`\276\343\357X\262\243\273\304'\272V\254\335\252j\374Lh\031\037"
 122      58B2 A3BB 
 122      C427 BA56 
 122      ACDD AA6A 
 122      FC4C 6819 
 123 034a E449 B84D 		.ascii	"\344I\270M\374o9\374\027\247\317\2375\311\270B\262\360\341'\342"
 123      FC6F 39FC 
 123      17A7 CF9F 
 123      35C9 B842 
 123      B2F0 E127 
 124 035f 2F03 2282 		.ascii	"/\003\"\202\334 \177MRqK\335\250\355\332\246\356M\350J\270\330"
 124      DC20 7F4D 
 124      5271 4BDD 
 124      A8ED DAA6 
 124      EE4D E84A 
 125 0375 D581 3DEB 		.ascii	"\325\201=\353\027?\201\364E\337\272M\227\214~\251\224\303\357"
 125      173F 81F4 
 125      45DF BA4D 
 125      978C 7EA9 
 125      94C3 EF
 126 0388 E763 7605 		.ascii	"\347cv\005\324f\350+\321L\003\360W\220\004\224\344 u\006\225"
 126      D466 E82B 
 126      D14C 03F0 
 126      5790 0494 
 126      E420 7506 
 127 039d 6CB4 BB67 		.ascii	"l\264\273g\251\337)\270\243\221\207\335\365*^\243KM\031\267\206"
 127      A9DF 29B8 
 127      A391 87DD 
 127      F52A 5EA3 
 127      4B4D 19B7 
GAS LISTING /tmp/ccHl0iRN.s 			page 10


 128 03b2 48EA 4B69 		.ascii	"H\352Kil\304\220\244\341\026\221\206U\244\261]+H\007k*\033e\206"
 128      6CC4 90A4 
 128      E116 9186 
 128      55A4 B15D 
 128      2B48 076B 
 129 03ca 1B41 249D 		.ascii	"\033A$\235\013\3420\327Y\273\373\025\265\271\243j\363\312b\334"
 129      0BE2 30D7 
 129      59BB FB15 
 129      B5B9 A36A 
 129      F3CA 62DC 
 130 03de 7D49 3146 		.ascii	"}I1F\226\213\021])\206\341\344\374\264\244\257}\257bJ\tr:=\005"
 130      968B 115D 
 130      2986 E1E4 
 130      FCB4 A4AF 
 130      7DAF 624A 
 131 03f7 278A 1D11 		.ascii	"'\212\035\021\022i\215\360.\226D\316y\005{\023\300=\n\"\335\034"
 131      1269 8DF0 
 131      2E96 44CE 
 131      7905 7B13 
 131      C03D 0A22 
 132 040d 1B1F 99B1 		.ascii	"\033\037\231\261\307(\n\315\225\352\353\244\261\251Rt1\356S\032"
 132      C728 0ACD 
 132      95EA EBA4 
 132      B1A9 5274 
 132      31EE 531A 
 133 0421 245F 80D3 		.ascii	"$_\200\323\027\340u\031\337t\232\241\240\246x\366}\005\225\254"
 133      17E0 7519 
 133      DF74 9AA1 
 133      A0A6 78F6 
 133      7D05 95AC 
 134 0435 CED1 F2AD 		.ascii	"\316\321\362\255\017\304cT\3444\013\215\250\271\t\301gT\315\r"
 134      0FC4 6354 
 134      E434 0B8D 
 134      A8B9 09C1 
 134      6754 CD0D 
 135 0449 82DC BD8C 		.ascii	"\202\334\275\214>\214\342\f\366w\217\324\274\255\374\371\352"
 135      3E8C E20C 
 135      F677 8FD4 
 135      BCAD FCF9 
 135      EA
 136 045a 5E72 D381 		.ascii	"^r\323\201\035SJ\317B\300F\363\242\017\227z\243\276t\013\235"
 136      1D53 4ACF 
 136      42C0 46F3 
 136      A20F 977A 
 136      A3BE 740B 
 137 046f 323A 95CB 		.ascii	"2:\225\313g\354\373\262:\3339F\241\335A\276\031\343\362\266\372"
 137      67EC FBB2 
 137      3ADB 3946 
 137      A1DD 41BE 
 137      19E3 F2B6 
 138 0484 85BE B5C3 		.ascii	"\205\276\265\303D;\331\234\237{w\026\234n+mz\177\200k\246\310"
 138      443B D99C 
 138      9F7B 7716 
 138      9C6E 2B6D 
 138      7A7F 806B 
 139 049a C112 D7E8 		.ascii	"\301\022\327\350\357\310\017\325\037U\002\213\347\020\325\255"
 139      EFC8 0FD5 
GAS LISTING /tmp/ccHl0iRN.s 			page 11


 139      1F55 028B 
 139      E710 D5AD 
 140 04aa 5027 D8B4 		.ascii	"P'\330\264\214\f\377\256\275\373v\357\373\340\2437?\374\330\277"
 140      8C0C FFAE 
 140      BDFB 76EF 
 140      FBE0 A337 
 140      3FFC D8BF 
 141 04be 3FDB BFF7 		.ascii	"?\333\277\367\223\317\351\217\206\314}\352%c\017\3439_f\361/"
 141      93CF E98F 
 141      86CC 7DEA 
 141      2563 0FE3 
 141      395F 66F1 
 142 04d3 B23F E57B 		.ascii	"\262?\345{2s\264\234,-;\353_[\017\207\306"
 142      3273 B49C 
 142      2C2D 3BEB 
 142      5F5B 0F87 
 142      C6
 143               	.text
 144               		.section	.gnu.lto_.symbol_nodes.d4af86498906fa6e,"",@progbits
 145 0000 789C 5589 		.ascii	"x\234U\211+\016\002A\020\005\253\347\245\367\024\b\202\302\341"
 145      2B0E 0241 
 145      1005 ABE7 
 145      A5F7 1408 
 145      82C2 E1
 146 0013 F82C 0838 		.ascii	"\370,\b8\331\214 \220\260\206C\354\005\260\350U\204p\013,(<\235"
 146      D98C 2090 
 146      B086 43EC 
 146      05B0 E855 
 146      8470 0B2C 
 147 002a 51F0 4CA5 		.ascii	"Q\360L\245^9FG,\3153\234\037\020\270\226\035\3702\215\343\367"
 147      5E39 4647 
 147      2CCD 339C 
 147      1F10 B896 
 147      1DF8 328D 
 148 0040 9632 01A5 		.ascii	"\2262\001\245E\266\377\276\261\032l\225S\rP\312\026l\235\365"
 148      45B6 FFBE 
 148      B11A 6C95 
 148      530D 50CA 
 148      166C 9DF5 
 149 0054 EBC2 D9DF 		.ascii	"\353\302\331\337\236\022\r\375\351\355\325\273\317Tr\372Kxp8"
 149      9E12 0DFD 
 149      E9ED D5BB 
 149      CF54 72FA 
 149      4B78 7038 
 150 0068 DC47 52C3 		.ascii	"\334GR\303p|\315\370\002\310\225\0373"
 150      707C CDF8 
 150      02C8 951F 
 150      33
 151               	.text
 152               		.section	.gnu.lto_.refs.d4af86498906fa6e,"",@progbits
 153 0000 789C 6365 		.string	"x\234ce`d\220e```a`bdab\022`b\024fb\022aa\006\361XX\231X\270\230\030\005\031"
 153      6064 9065 
 153      6060 6061 
 153      6062 6461 
 153      6212 6062 
 154 0026 0C6E 00   		.string	"\fn"
 155 0029 AE        		.ascii	"\256"
GAS LISTING /tmp/ccHl0iRN.s 			page 12


 156               	.text
 157               		.section	.gnu.lto_.decls.d4af86498906fa6e,"",@progbits
 158 0000 789C AD59 		.string	"x\234\255YyPTI\232\177\371\262\252(\212\313"
 158      7950 5449 
 158      9A7F F9B2 
 158      AA28 8ACB 
 158      00
 159 0011 DBEE 9861 		.string	"\333\356\230a'\034\203n\211\211\226R\333qz\"&bf\303\211\235\355?v\234\350\356\231\230\215
 159      271C 836E 
 159      8989 9652 
 159      DB71 7A22 
 159      2662 66C3 
 160 00f0 F5BF 42F9 		.string	"\365\277B\371/(\241\242\236\317\025z\363\242\336\316:\367B\003\0229\334}\356\003\340\247n
 160      2F28 A1A2 
 160      9ECF 157A 
 160      F3A2 DECE 
 160      3AF7 4203 
 161 0169 9FAC 389B 		.ascii	"\237\2548\233:\230\300\016\243@t\b\201\241\250\034\351\340[\037"
 161      3A98 C00E 
 161      A340 7408 
 161      81A1 A81C 
 161      E9E0 5B1F 
 162 017d 88CA A00A 		.ascii	"\210\312\240\n\350\311\274\244T-\223\365>Tw\245\246\252\230\250"
 162      E8C9 BCA4 
 162      542D 93F5 
 162      3E54 77A5 
 162      A6AA 98A8 
 163 0191 5A04 D51B 		.ascii	"Z\004\325\033oN\317xc\036\001RUy\253\263S\205\202u\201\b\204"
 163      6F4E CF78 
 163      631E 0152 
 163      5579 ABB3 
 163      5385 8275 
 164 01a8 A183 02FB 		.ascii	"\241\203\002\373h9T\205t\350(\302\222\372\224\331V(\340\0178"
 164      6839 5485 
 164      74E8 28C2 
 164      92FA 94D9 
 164      5628 E00F 
 165 01bd F449 205A 		.ascii	"\364I Z\035\310\241J\024LP@|\f\372\036\007\346\335\002\201]E"
 165      1DC8 A14A 
 165      144C 5040 
 165      7C0C FA1E 
 165      07E6 DD02 
 166 01d4 F435 AD8C 		.ascii	"\3645\255\214\377\226\376\006\322\f\333\3751\235\177\0265@\020"
 166      FF96 FE06 
 166      D20C DBFD 
 166      319D 7F16 
 166      3540 10
 167 01e7 9653 0CAA 		.ascii	"\226S\f\252\200\216G\250\005\325\310_\262\203\240'^?N\361\320"
 167      808E 47A8 
 167      05D5 C85F 
 167      B283 A027 
 167      5E3F 4EF1 
 168 01fc 89A4 293F 		.ascii	"\211\244)?H\n\350\274#\211\347\035d\237\370!\331Ok\267?\325y"
 168      480A E8BC 
 168      2389 E71D 
 168      649F F821 
 168      D94F 6BB7 
GAS LISTING /tmp/ccHl0iRN.s 			page 13


 169 0213 A709 42BC 		.ascii	"\247\tB\274\350\312\032\344\217J\355\276<\211\274\211\301\344"
 169      E8CA 1AE4 
 169      8F4A EDBE 
 169      3C89 BC89 
 169      C1E4 
 170 0225 09E0 FB87 		.ascii	"\t\340\373\207\026\3624\314\223\357Au\260\254u\300}\030j\245"
 170      16F2 34CC 
 170      93EF 4175 
 170      B0AC 75C0 
 170      7D18 6AA5 
 171 0239 309C 627A 		.ascii	"0\234bz]\337\2377\344\305\034_E\034?\376\340u\271\207\263\017"
 171      5DDF 9F37 
 171      E4C5 1C5F 
 171      451C 3FFE 
 171      E075 B987 
 172 024f EA10 0B1B 		.ascii	"\352\020\013\033\207\352\251\236\265\222\236g\312\026\216\251"
 172      87EA A99E 
 172      B592 9E67 
 172      CA16 8EA9 
 173 025f 9DAD 728B 		.ascii	"\235\255r\213\316\277\177/\233WZ\325\340`U\243hU#\263\252\350"
 173      CEBF 7F2F 
 173      9B57 5AD5 
 173      E060 55A3 
 173      6855 23B3 
 174 0275 7231 0F8A 		.ascii	"r1\017\212\361"
 174      F1
 175 027a 3AB4 B848 		.string	":\264\270H4\333m\353\372\033\253\013\302wP\2773]\372o!G\244\321\340!\217\341\352\276\227e
 175      34DB 6DEB 
 175      FA1B AB0B 
 175      C277 50BF 
 175      335D FA6F 
 176 037b A53A 9C92 		.string	"\245:\234\222\333QWQ\177\307v\207\034\212\2441X1\230T\342\201\013h\002C\247\266\330\262\0
 176      DB51 5751 
 176      7FC7 7687 
 176      1C8A A431 
 176      5831 9854 
 177 045e BE2D 8677 		.string	"\276-\206w\367\202M\205\037\321\n\336\321\3345\207PP@p\221\220\030'\330F\006~3w{\273 \244
 177      F782 4D85 
 177      1FD1 0ADE 
 177      D1DC 3587 
 177      5050 4070 
 178 04c7 EB74 792E 		.string	"\353ty.0\201tz\bb\357\313\246\023\031n\224x"
 178      3081 747A 
 178      0862 EFCB 
 178      A613 196E 
 178      9478 00
 179 04da C4AE 9400 		.string	"\304\256\224"
 180 04de 6BBB 3AEB 		.ascii	"k\273:\353{0\n\b\016r\325\221C\303b\257\021\350\365\310A\365"
 180      7B30 0A08 
 180      0E72 D591 
 180      43C3 62AF 
 180      11E8 F5C8 
 181 04f4 3BA3 1F37 		.ascii	";\243\0377\036'Yj\330Q\367\"\332:\334\350\337-\b\245\313\251"
 181      1E27 596A 
 181      D851 F722 
 181      DA3A DCE8 
 181      DF2D 08A5 
GAS LISTING /tmp/ccHl0iRN.s 			page 14


 182 050a 9203 A0E4 		.ascii	"\222\003\240\344\260k\237\201\245\365;\032\237iq3\263t\2427g"
 182      B06B 9F81 
 182      A5F5 3B1A 
 182      9F69 7133 
 182      B374 A237 
 183 051f 9EB7 5B3A 		.ascii	"\236\267[:\326\250\201\t\201F\241\357c\331\320a\367\206>\001"
 183      D6A8 8109 
 183      8146 A1EF 
 183      63D9 D061 
 183      F786 3E01 
 184 0533 355D A90C 		.ascii	"5]\251\f4#\025\027\246T\312\245\213H\225\227\256\247l\351\"\213"
 184      3423 1517 
 184      A654 CAA5 
 184      8B48 9597 
 184      AEA7 6CE9 
 185 0549 4FFF 60BA 		.ascii	"O\377`\272\206\216\034x\007i\220\016\235\374\311\341\027\352"
 185      868E 1C78 
 185      0769 900E 
 185      9DFC C9E1 
 185      17EA 
 186 055b 0F76 8A9C 		.ascii	"\017v\212\234Kx\364\227e\n/\215\241\017\340\373\031R1\t\205\373"
 186      4B78 F497 
 186      650A 2F8D 
 186      A10F E0FB 
 186      1952 3109 
 187 0571 66A7 BD56 		.ascii	"f\247\275V\024\n\205C0Pg>\036\001R\230;\202\212\340P\247lH'\235"
 187      140A 8543 
 187      3050 673E 
 187      1E01 5298 
 187      3B82 8AE0 
 188 058b E3A8 0306 		.ascii	"\343\250\003\006\t\207\236\243\025\320\265\271\357\216?\236\242"
 188      0987 9EA3 
 188      15D0 B5B9 
 188      EF8E 3F9E 
 188      A2
 189 059c BE40 67F2 		.ascii	"\276@g\362\222\212\265\242\230\356\237&\t\266x\201\214x\"d\\"
 189      928A B5A2 
 189      98EE 9F26 
 189      09B6 7881 
 189      8C78 2264 
 190 05b1 1632 AE14 		.ascii	"\0262\256\024\362\202\n\261\215\227\344c\234\256\242R\372\023"
 190      F282 0AB1 
 190      8D97 E463 
 190      9CAE A252 
 190      FA13 
 191 05c3 724F 6894 		.ascii	"rOh\224v\223\005^\266{\322n\267mG~\025O\355\206w\342\214\351"
 191      7693 055E 
 191      B67B D26E 
 191      B76D 477E 
 191      154F ED86 
 192 05db BADB BB15 		.ascii	"\272\333\273\025\2715\373\0255\373\245dv\306\330\236do\320wH"
 192      B935 FB15 
 192      35FB A564 
 192      76C6 D89E 
 192      646F D077 
 193 05f0 A0B3 A633 		.ascii	"\240\263\2463\2515^\330\217(\fM\310\nO\210\231\r\275\246\312"
 193      A935 5ED8 
GAS LISTING /tmp/ccHl0iRN.s 			page 15


 193      8F28 0C4D 
 193      C80A 4F88 
 193      990D BDA6 
 194 0605 5E15 6C8B 		.ascii	"^\025l\213\030\3471e]\315\332\331G\333o!\266\001 \273\212\371"
 194      18E7 3165 
 194      5DCD DAD9 
 194      47DB 6F21 
 194      B601 20BB 
 195 061b F1AE 796F 		.ascii	"\361\256yoV%\253U\177\306\366\207\276\270X\354>3;N\366\276\037"
 195      5625 AB55 
 195      7FC6 F687 
 195      BEB8 58EC 
 195      3E33 3B4E 
 196 0632 911D 0786 		.ascii	"\221\035\007\206\027\225O\353\246}\330\013\322\336t\251\375\240"
 196      1795 4FEB 
 196      A67D D80B 
 196      D2DE 74A9 
 196      FDA0 
 197 0644 372E A760 		.ascii	"7.\247`\376\344\225\232\273:\226z\342\337Z\037\005>\230t\242"
 197      FEE4 959A 
 197      BB3A 967A 
 197      E2DF 5A1F 
 197      053E 9874 
 198 0659 9967 1E5E 		.ascii	"\231g\036^\316\311YtrY\035\331c,\202\202\013\262U\037I\373\251"
 198      CEC9 5974 
 198      7259 1DD9 
 198      632C 8282 
 198      0BB2 551F 
 199 0670 ECBE 611D 		.ascii	"\354\276a\035>\311(zsZ\036\251\335Q$\270\245\200d{\216&\333x"
 199      3EC9 287A 
 199      735A 1EA9 
 199      DD51 24B8 
 199      A580 647B 
 200 0688 58A2 E378 		.ascii	"X\242\343x;\307\242\224\3342k\372\346\374p\023#\271t\"1\321\313"
 200      3BC7 A294 
 200      DC32 6BFA 
 200      E6FC 7013 
 200      23B9 7422 
 201 069f 1DC9 16B7 		.ascii	"\035\311\026\267$#\003"
 201      2423 03
 202 06a6 C133 D7C9 		.string	"\3013\327\311\374M\002\222D\231$\236\027I\006s\313\357y\221\335C\302;I\205\036\017f+\352}
 202      FC4D 0292 
 202      4499 249E 
 202      1749 0673 
 202      CBEF 7991 
 203 07a7 1808 6144 		.ascii	"\030\baD\212\030\006\262\030\236\260MV\250\360\036\212\345S\267"
 203      8A18 06B2 
 203      189E B04D 
 203      56A8 F01E 
 203      8AE5 53B7 
 204 07bb 34E5 A914 		.ascii	"4\345\251\0241\364\243\033\365\375`\371\367\262\345\201v\303"
 204      31F4 A31B 
 204      F5FD 60F9 
 204      F7B2 E581 
 204      76C3 
 205 07cd 1D0F 81   		.ascii	"\035\017\201"
 206 07d0 8560 76A0 		.string	"\205`v\240h\366>0\273@\f\340\367\245\347}\360\001F\260\253=-\317O\021\300\265\307i"
GAS LISTING /tmp/ccHl0iRN.s 			page 16


 206      68F6 3E30 
 206      BB40 0CE0 
 206      F7A5 E77D 
 206      F001 46B0 
 207 07ef 4B80 A148 		.string	"K\200\241Hf\330\317\273\241(vMQr\256\362\252\007\256`\024'ntda\3456\275\227\216\303C@q@\2
 207      66D8 CFBB 
 207      A128 764D 
 207      5172 AEF2 
 207      AA07 AE60 
 208 08ef A749 5DF2 		.string	"\247I]\362\251' /\210}\202\003\202\212h\324.W\374,;\216l^\210\341\r`x\033\037 {L\336\2740
 208      A927 202F 
 208      887D 8203 
 208      828A 68D4 
 208      2E57 FC2C 
 209 09ef 9394 5B1D 		.string	"\223\224[\035\177lJ\215kXc\365b\331\026\214\033iei\267PtJ\205\274\275\003\202\002\202\202
 209      7F6C 4A8D 
 209      6B58 63F5 
 209      62D9 168C 
 209      1B69 6569 
 210 0a34 A4F4 8866 		.string	"\244\364\210f\336\207\337\367 lw\241\334\204\322\013\345\206C\bG\006>\336Z\234\221 \024\3
 210      DE87 DFF7 
 210      206C 77A1 
 210      DC84 D20B 
 210      E586 4308 
 211 0ace 3ADF 3D5A 		.ascii	":\337=Z\021\362n@\312\206\f\260\331!\346\273TQ\332\237\275\321"
 211      11F2 6E40 
 211      CA86 0CB0 
 211      D921 E6BB 
 211      5451 DA9F 
 212 0ae4 EE1F A426 		.ascii	"\356\037\244&\007\334T\\\3074%\033\372=\"\334E.\025\017|\251"
 212      07DC 545C 
 212      C734 251B 
 212      FA3D 22DC 
 212      452E 150F 
 213 0afa 981E 6D01 		.ascii	"\230\036m\001\344t\246$V\203,\262\035U\321\025w\257\030\016q"
 213      E474 A624 
 213      5683 2CB2 
 213      1D55 D115 
 213      77AF 180E 
 214 0b0f 713D E41C 		.ascii	"q=\344\034\273\213\222\232t\216:\307\316\231\2705\025\347\223"
 214      BB8B 929A 
 214      748E 3AC7 
 214      CE99 B835 
 214      15E7 93
 215 0b22 0D49 8FE3 		.ascii	"\rI\217\343\364\023\017\334\263\313\250Vd\036\\\225\327A\202"
 215      F413 0FDC 
 215      B3CB A856 
 215      641E 5C95 
 215      D741 82
 216 0b35 9520 8329 		.ascii	"\225 \203)\370\b\351O\374\266K\206\\\243\216#\353\372\374\341"
 216      F808 E94F 
 216      FCB6 4B86 
 216      5CA3 8E23 
 216      EBFA FCE1 
 217 0b49 E32A 7AB0 		.ascii	"\343*z\260!\323\347\r;T\026\224\266?V)OW\244M>^\215\360\344x"
 217      21D3 E70D 
 217      3B54 1694 
GAS LISTING /tmp/ccHl0iRN.s 			page 17


 217      B63F 5629 
 217      4F57 A44D 
 218 0b63 35CC 8BC7 		.ascii	"5\314\213\307\253\202\2513uH<^-\\V\027\244\t\211j\202AS\362)"
 218      AB82 A933 
 218      7548 3C5E 
 218      2D5C 5617 
 218      A409 896A 
 219 0b7c 644A 3A5B 		.ascii	"dJ:[=\342\311\331*\275!\361{?\334\302\262\303\376\316\311\235"
 219      3DE2 C9D9 
 219      2ABD 21F1 
 219      7B3F DCC2 
 219      B2C3 FECE 
 220 0b92 3A7C 8D55 		.ascii	":|\215U\n\007;\f\037\026\013]6rB]\227\177<Q\210\333\002\026\222"
 220      0A07 3B0C 
 220      1F16 0B5D 
 220      3672 425D 
 220      977F 3C51 
 221 0bab 4BEA 27A0 		.ascii	"K\352'\240>\034F\025W\333\217\341\315\2270\262G\371\017\311\026"
 221      3E1C 4615 
 221      57DB 8FE1 
 221      CD97 30B2 
 221      47F9 0FC9 
 222 0bc0 B0FE C04B 		.ascii	"\260\376\300K\257\237\367k\276\207\223y\003\362g\327\302\363"
 222      AF9F F76B 
 222      BE87 9379 
 222      03F2 67D7 
 222      C2F3 
 223 0bd2 E55E 7892 		.ascii	"\345^x\222\211\036\335\327\321\354+\312\036\336\253\213+\264"
 223      891E DDD7 
 223      D1EC 2BCA 
 223      1EDE AB8B 
 223      2BB4 
 224 0be4 C52D A7F7 		.string	"\305-\247\367\304D0\034P\025\267\313\317\340\315S\376\347p\200\246\222;\367\347N\3618\316
 224      C444 301C 
 224      5015 B7CB 
 224      CFE0 CD53 
 224      FEE7 7080 
 225 0ce5 6511 B25D 		.string	"e\021\262]\022<\023\260\303\315W:\233p\320\343\355\333\243\326\275\270.\236j\002v\242YQ\2
 225      123C 13B0 
 225      C3CD 573A 
 225      9B70 D0E3 
 225      EDDB A3D6 
 226 0da4 7E3C D0DD 		.string	"~<\320\335\344p\303F.~dp\206\b\316\240\340\326\366\311[Z%\230d2\031\234)\2023)8\257'}\336
 226      E470 C346 
 226      2E7E 6470 
 226      8608 CEA0 
 226      E0D6 F6C9 
 227 0e15 3422 3C2A 		.ascii	"4\"<*v\363\372uR\233)\342k}x\2241\"v\223I\037\031j\f\013\217"
 227      76F3 FA75 
 227      529B 29E2 
 227      6B7D 7894 
 227      3122 7693 
 228 0e30 32E9 0D9B 		.ascii	"2\351\r\233L_\207\306FX\r\326ocL\226\2200\316Cd\371\374\377\203"
 228      4C5F 87C6 
 228      4658 0DD6 
 228      6F63 4C96 
 228      9030 CE43 
GAS LISTING /tmp/ccHl0iRN.s 			page 18


 229 0e49 C5F2 AD45 		.ascii	"\305\362\255Eo\260X7\201L\020\2556F\001\317\206\220\020\375\206"
 229      6FB0 5837 
 229      814C 10AD 
 229      3646 01CF 
 229      8690 10FD 
 230 0e5e B0F0 AFC2 		.ascii	"\260\360\257\3027~\261jCt\224\325\034\376\225>\332\2427FGFFG"
 230      377E B16A 
 230      4374 94D5 
 230      1CFE 953E 
 230      DAA2 3746 
 231 0e76 E963 A2CD 		.ascii	"\351c\242\315V\213\376?\276\370\023\210\372+y\031\023\036a2["
 231      568B FE3F 
 231      BEF8 1388 
 231      FA2B 7919 
 231      131E 6132 
 232 0e8b F47F D8B0 		.ascii	"\364\177\330\260Ao\f\223\224\\\026m\t\215\3702\314l\n\335\364"
 232      416F 0C93 
 232      945C 166D 
 232      098D F832 
 232      CC6C 0ADD 
 233 0ea0 7BD3 3F62 		.ascii	"{\323?bM\261\246?\2326[?\363\240>Z\273ZG\2371V\263\301\252\225"
 233      4DB1 A63F 
 233      9A36 5B3F 
 233      F3A0 3E5A 
 233      BB5A 479F 
 234 0eba 7EA8 232D 		.ascii	"~\250#-\337\030\254\330b\212\364\211\n\2170\30034&,\332l\302"
 234      DF18 ACD8 
 234      628A F489 
 234      0A8F 30C0 
 234      3334 262C 
 235 0ed1 A0D4 0A85 		.ascii	"\240\324\n\205J\237\177I\264\001\210\335\bc\0300z\331;\030\254"
 235      4A9F 7F49 
 235      B401 88DD 
 235      0863 1830 
 235      7AD9 3B18 
 236 0ee6 1FBE 050F 		.ascii	"\037\276\005\017\013\215\320\023\225h?\362\003z\370Y\251~\026"
 236      0B8D D013 
 236      9568 3FF2 
 236      037A F859 
 236      A97E 16
 237 0ef9 03D5 EFDD 		.ascii	"\003\325\357\335z\031\271\367\336\262\354_#\">\3634\206}\361"
 237      7A19 B9F7 
 237      DEB2 EC5F 
 237      2322 3EF3 
 237      3486 7DF1 
 238 0f0d ADE5 DF43 		.ascii	"\255\345\337C#\254^\360\313\030\36694\177\373\231\2075<\322\024"
 238      23AC 5EF0 
 238      CB18 F639 
 238      347F FB99 
 238      8735 3CD2 
 239 0f22 1D6B 0573 		.ascii	"\035k\005sc\305\250i\245\037\236\340z\322l\260\362\261k4\246"
 239      63C5 A869 
 239      A51F 9EE0 
 239      7AD2 6CB0 
 239      F2B1 6B34 
 240 0f37 FF89 0CB5 		.ascii	"\377\211\f\265\374]\304}\262V\304\221\037^\246\3776EYI\253\301"
 240      FC5D C47D 
GAS LISTING /tmp/ccHl0iRN.s 			page 19


 240      B256 C491 
 240      1F5E A6FF 
 240      3645 5949 
 241 0f4d AA02 1B63 		.ascii	"\252\002\033c\260\325\034\343\317T7\230M_\233\314\246(#HA1\030"
 241      B0D5 1CE3 
 241      CF54 3798 
 241      4D5F 9BCC 
 241      A628 2348 
 242 0f64 1CA8 B658 		.ascii	"\034\250\266XC\255&O&\347S\203\325C|j\255\264\001\374k\264n\346"
 242      43AD 264F 
 242      26E7 5383 
 242      D543 7C6A 
 242      ADB4 01FC 
 243 0f7c 2D31 BC79 		.ascii	"-1\274y\265\332l\002\177\257\373\277\004;\314\b\356\005\317a"
 243      B5DA 6C02 
 243      7FAF FBBF 
 243      043B CC08 
 243      EE05 CF61 
 244 0f90 F39A D5BC 		.ascii	"\363\232\325\274\371\327\274\371S\336\374+\336\274\2367"
 244      F9D7 BCF9 
 244      53DE FC2B 
 244      DEBC 9E37 
 245 0fa0 FF92 37AF 		.ascii	"\377\2227\257\363\"h\022W\240\360\246\277\215 \020\302\256#\361"
 245      F322 6812 
 245      57A0 F0A6 
 245      BF8D 2010 
 245      C2AE 23F1 
 246 0fb4 641A 6B4C 		.ascii	"d\032kL1\304\024\255\250\277\325\307`\370:6\312h0\204\254\375"
 246      31C4 14AD 
 246      A8BF D5C7 
 246      60F8 3A36 
 246      CA68 3084 
 247 0fca D59A 5F6A 		.ascii	"\325\232_j\245\332\333\303\2078\231S\242\327\256\303 \326g\323"
 247      A5DA DBC3 
 247      8738 9953 
 247      A2D7 AEC3 
 247      20D6 67D3 
 248 0fde 57DF 1862 		.ascii	"W\337\030bB\243\302\215\006\260\336C\364\251*\nX=\214\261f\360"
 248      42A3 C28D 
 248      06B0 DE43 
 248      F4A9 2A0A 
 248      583D 8CB1 
 249 0ff4 0D63 270D 		.ascii	"\rc'\r\246H\0171\342\336\362+"
 249      A648 0F31 
 249      E2DE F22B 
 250 1000 83F5 7F01 		.ascii	"\203\365\177\001\036\235\234\b"
 250      1E9D 9C08 
 251               	.text
 252               		.section	.gnu.lto_.symtab.d4af86498906fa6e,"",@progbits
 253 0000 6F73 616C 		.string	"osalThreadDequeueNextI"
 253      5468 7265 
 253      6164 4465 
 253      7175 6575 
 253      654E 6578 
 254 0017 00        		.string	""
 255 0018 00        		.string	""
 256 0019 00        		.string	""
GAS LISTING /tmp/ccHl0iRN.s 			page 20


 257 001a 00        		.string	""
 258 001b 00        		.string	""
 259 001c 00        		.string	""
 260 001d 00        		.string	""
 261 001e 00        		.string	""
 262 001f 00        		.string	""
 263 0020 00        		.string	""
 264 0021 00        		.string	""
 265 0022 EF00      		.string	"\357"
 266 0024 00        		.string	""
 267 0025 00        		.string	""
 268 0026 6F73 616C 		.string	"osalThreadDequeueAllI"
 268      5468 7265 
 268      6164 4465 
 268      7175 6575 
 268      6541 6C6C 
 269 003c 00        		.string	""
 270 003d 00        		.string	""
 271 003e 00        		.string	""
 272 003f 00        		.string	""
 273 0040 00        		.string	""
 274 0041 00        		.string	""
 275 0042 00        		.string	""
 276 0043 00        		.string	""
 277 0044 00        		.string	""
 278 0045 00        		.string	""
 279 0046 00        		.string	""
 280 0047 F100      		.string	"\361"
 281 0049 00        		.string	""
 282 004a 00        		.string	""
 283 004b 6E69 6C00 		.string	"nil"
 284 004f 00        		.string	""
 285 0050 02        		.ascii	"\002"
 286 0051 00        		.string	""
 287 0052 00        		.string	""
 288 0053 00        		.string	""
 289 0054 00        		.string	""
 290 0055 00        		.string	""
 291 0056 00        		.string	""
 292 0057 00        		.string	""
 293 0058 00        		.string	""
 294 0059 00        		.string	""
 295 005a 8901 00   		.string	"\211\001"
 296 005d 00        		.string	""
 297 005e 6368 5379 		.string	"chSysHalt"
 297      7348 616C 
 297      7400 
 298 0068 00        		.string	""
 299 0069 02        		.ascii	"\002"
 300 006a 00        		.string	""
 301 006b 00        		.string	""
 302 006c 00        		.string	""
 303 006d 00        		.string	""
 304 006e 00        		.string	""
 305 006f 00        		.string	""
 306 0070 00        		.string	""
 307 0071 00        		.string	""
GAS LISTING /tmp/ccHl0iRN.s 			page 21


 308 0072 00        		.string	""
 309 0073 F600      		.string	"\366"
 310 0075 00        		.string	""
 311 0076 00        		.string	""
 312 0077 6368 5363 		.string	"chSchReadyI"
 312      6852 6561 
 312      6479 4900 
 313 0083 00        		.string	""
 314 0084 02        		.ascii	"\002"
 315 0085 00        		.string	""
 316 0086 00        		.string	""
 317 0087 00        		.string	""
 318 0088 00        		.string	""
 319 0089 00        		.string	""
 320 008a 00        		.string	""
 321 008b 00        		.string	""
 322 008c 00        		.string	""
 323 008d 00        		.string	""
 324 008e 6801 00   		.string	"h\001"
 325 0091 00        		.string	""
 326               	.text
 327               		.section	.gnu.lto_.opts,"",@progbits
 328 0000 272D 666D 		.ascii	"'-fmath"
 328      6174 68
 329 0007 2D65 7272 		.string	"-errno' '-fsigned-zeros' '-ftrapping-math' '-fno-trapv' '-fno-openmp' '-fno-openacc' '-mm
 329      6E6F 2720 
 329      272D 6673 
 329      6967 6E65 
 329      642D 7A65 
 330               	.text
 331               		.section	.upper.bss,"aw",@nobits
 332               		.global	__gnu_lto_v1
 333               		.weak	__gnu_lto_v1
 334               	__gnu_lto_v1:
 335 0000 00        		.zero	1
 336               		.global	__gnu_lto_slim
 337               		.weak	__gnu_lto_slim
 338               	__gnu_lto_slim:
 339 0001 00        		.zero	1
 340               		.ident	"GCC: (SOMNIUM Technologies Limited - msp430-gcc 6.2.1.16) 6.2.1 20161212"
GAS LISTING /tmp/ccHl0iRN.s 			page 22


DEFINED SYMBOLS
                            *ABS*:0000000000000000 osal.c
     /tmp/ccHl0iRN.s:334    .upper.bss:0000000000000000 __gnu_lto_v1
     /tmp/ccHl0iRN.s:338    .upper.bss:0000000000000001 __gnu_lto_slim

UNDEFINED SYMBOLS
__crt0_init_highbss
