GAS LISTING /tmp/ccgIkuGE.s 			page 1


   1               		.file	"rf.c"
   2               		.section	.text.port_lock,"ax",@progbits
   3               		.balign 2
   4               		.type	port_lock, @function
   5               	port_lock:
   6               	; start of function
   7               	; framesize_regs:     0
   8               	; framesize_locals:   0
   9               	; framesize_outgoing: 0
  10               	; framesize:          0
  11               	; elim ap -> fp       4
  12               	; elim fp -> sp       0
  13               	; saved regs:(none)
  14               		; start of prologue
  15               		; end of prologue
  16               	 ; 347 "../ChibiOS-Contrib/os/common/ports/MSP430X/chcore.h" 1
  17 0000 32C2 0343 		dint { nop
  18               	 ; 0 "" 2
  19               	 ; 348 "../ChibiOS-Contrib/os/common/ports/MSP430X/chcore.h" 1
  20 0004 0343      		nop
  21               	 ; 0 "" 2
  22               		; start of epilogue
  23 0006 1001      		RETA
  24               		.size	port_lock, .-port_lock
  25               		.section	.text.port_unlock,"ax",@progbits
  26               		.balign 2
  27               		.type	port_unlock, @function
  28               	port_unlock:
  29               	; start of function
  30               	; framesize_regs:     0
  31               	; framesize_locals:   0
  32               	; framesize_outgoing: 0
  33               	; framesize:          0
  34               	; elim ap -> fp       4
  35               	; elim fp -> sp       0
  36               	; saved regs:(none)
  37               		; start of prologue
  38               		; end of prologue
  39               	 ; 355 "../ChibiOS-Contrib/os/common/ports/MSP430X/chcore.h" 1
  40 0000 0343      		nop
  41               	 ; 0 "" 2
  42               	 ; 356 "../ChibiOS-Contrib/os/common/ports/MSP430X/chcore.h" 1
  43 0002 0343 32D2 		nop { eint { nop
  43      0343 
  44               	 ; 0 "" 2
  45               		; start of epilogue
  46 0008 1001      		RETA
  47               		.size	port_unlock, .-port_unlock
  48               		.section	.text.elyRFPostI,"ax",@progbits
  49               		.balign 2
  50               		.global	elyRFPostI
  51               		.type	elyRFPostI, @function
  52               	elyRFPostI:
  53               	; start of function
  54               	; framesize_regs:     4
  55               	; framesize_locals:   0
  56               	; framesize_outgoing: 0
GAS LISTING /tmp/ccgIkuGE.s 			page 2


  57               	; framesize:          4
  58               	; elim ap -> fp       8
  59               	; elim fp -> sp       0
  60               	; saved regs: R10
  61               		; start of prologue
  62 0000 0A14      		PUSHM.A	#1, R10
  63               		; end of prologue
  64 0002 CD0C      		MOVA	R12, R13
  65 0004 8C00 0000 		MOVA	#rf_mbox, R12
  66 0008 B013 0000 		CALLA	#chMBPostI
  67 000c CA0C      		MOVA	R12, R10
  68 000e 9C00 0000 		CMPA	#0, R12 { JNE	.L3
  68      0020 
  69 0014 3D40 0004 		MOV.W	#1024, R13
  70 0018 4E43      		MOV.B	#0, R14
  71 001a 2C00 0000 		MOVA	&rf_thd, R12
  72 001e B013 0000 		CALLA	#chEvtSignalI
  73               	.L3:
  74 0022 CC0A      		MOVA	R10, R12
  75               		; start of epilogue
  76 0024 0A16      		POPM.A	#1, r10
  77 0026 1001      		RETA
  78               		.size	elyRFPostI, .-elyRFPostI
  79               		.section	.text.elyRFPost,"ax",@progbits
  80               		.balign 2
  81               		.global	elyRFPost
  82               		.type	elyRFPost, @function
  83               	elyRFPost:
  84               	; start of function
  85               	; framesize_regs:     8
  86               	; framesize_locals:   0
  87               	; framesize_outgoing: 0
  88               	; framesize:          8
  89               	; elim ap -> fp       12
  90               	; elim fp -> sp       0
  91               	; saved regs: R9 R10
  92               		; start of prologue
  93 0000 1A14      		PUSHM.A	#2, R10
  94               		; end of prologue
  95 0002 CA0C      		MOVA	R12, R10
  96 0004 094D      		MOV.W	R13, R9
  97 0006 B013 0000 		CALLA	#port_lock
  98 000a 0E49      		MOV.W	R9, R14
  99 000c CD0A      		MOVA	R10, R13
 100 000e 8C00 0000 		MOVA	#rf_mbox, R12
 101 0012 B013 0000 		CALLA	#chMBPostS
 102 0016 CA0C      		MOVA	R12, R10
 103 0018 9C00 0000 		CMPA	#0, R12 { JNE	.L6
 103      0020 
 104 001e 3D40 0004 		MOV.W	#1024, R13
 105 0022 4E43      		MOV.B	#0, R14
 106 0024 2C00 0000 		MOVA	&rf_thd, R12
 107 0028 B013 0000 		CALLA	#chEvtSignalI
 108               	.L6:
 109 002c B013 0000 		CALLA	#port_unlock
 110 0030 CC0A      		MOVA	R10, R12
 111               		; start of epilogue
GAS LISTING /tmp/ccgIkuGE.s 			page 3


 112 0032 1916      		POPM.A	#2, r10
 113 0034 1001      		RETA
 114               		.size	elyRFPost, .-elyRFPost
 115               		.section	.text.elyRFCfgMarkDirtyI,"ax",@progbits
 116               		.balign 2
 117               		.global	elyRFCfgMarkDirtyI
 118               		.type	elyRFCfgMarkDirtyI, @function
 119               	elyRFCfgMarkDirtyI:
 120               	; start of function
 121               	; framesize_regs:     8
 122               	; framesize_locals:   0
 123               	; framesize_outgoing: 0
 124               	; framesize:          8
 125               	; elim ap -> fp       12
 126               	; elim fp -> sp       0
 127               	; saved regs: R9 R10
 128               		; start of prologue
 129 0000 1A14      		PUSHM.A	#2, R10
 130               		; end of prologue
 131 0002 0A4C      		MOV.W	R12, R10
 132 0004 094D      		MOV.W	R13, R9
 133 0006 0018 D292 		CMPX.A	&rf_thd, &nil { JNE	.L8
 133      0000 0000 
 133      0020 
 134 0010 8C00 0000 		MOVA	#__func__.4781, R12
 135 0014 B013 0000 		CALLA	#chSysHalt
 136               	.L8:
 137 0018 3AB0 FF03 		BIT.W	#1023, R10 { JNE	.L9
 137      0020 
 138 001e 8C00 0000 		MOVA	#__func__.4781, R12
 139 0022 B013 0000 		CALLA	#chSysHalt
 140               	.L9:
 141 0026 0D4A      		MOV.W	R10, R13
 142 0028 0E49      		MOV.W	R9, R14
 143 002a 2C00 0000 		MOVA	&rf_thd, R12
 144 002e B013 0000 		CALLA	#chEvtSignalI
 145               		; start of epilogue
 146 0032 1916      		POPM.A	#2, r10
 147 0034 1001      		RETA
 148               		.size	elyRFCfgMarkDirtyI, .-elyRFCfgMarkDirtyI
 149               		.section	.text.elyRFCfgMarkDirty,"ax",@progbits
 150               		.balign 2
 151               		.global	elyRFCfgMarkDirty
 152               		.type	elyRFCfgMarkDirty, @function
 153               	elyRFCfgMarkDirty:
 154               	; start of function
 155               	; framesize_regs:     8
 156               	; framesize_locals:   0
 157               	; framesize_outgoing: 0
 158               	; framesize:          8
 159               	; elim ap -> fp       12
 160               	; elim fp -> sp       0
 161               	; saved regs: R9 R10
 162               		; start of prologue
 163 0000 1A14      		PUSHM.A	#2, R10
 164               		; end of prologue
 165 0002 0A4C      		MOV.W	R12, R10
GAS LISTING /tmp/ccgIkuGE.s 			page 4


 166 0004 094D      		MOV.W	R13, R9
 167 0006 0018 D292 		CMPX.A	&rf_thd, &nil { JNE	.L11
 167      0000 0000 
 167      0020 
 168 0010 8C00 0000 		MOVA	#__func__.4785, R12
 169 0014 B013 0000 		CALLA	#chSysHalt
 170               	.L11:
 171 0018 3AB0 FF03 		BIT.W	#1023, R10 { JNE	.L12
 171      0020 
 172 001e 8C00 0000 		MOVA	#__func__.4785, R12
 173 0022 B013 0000 		CALLA	#chSysHalt
 174               	.L12:
 175 0026 0D4A      		MOV.W	R10, R13
 176 0028 0E49      		MOV.W	R9, R14
 177 002a 2C00 0000 		MOVA	&rf_thd, R12
 178 002e B013 0000 		CALLA	#chEvtSignal
 179               		; start of epilogue
 180 0032 1916      		POPM.A	#2, r10
 181 0034 1001      		RETA
 182               		.size	elyRFCfgMarkDirty, .-elyRFCfgMarkDirty
 183               		.section	.text.elyRFChangeTxFreqS,"ax",@progbits
 184               		.balign 2
 185               		.weak	elyRFChangeTxFreqS
 186               		.type	elyRFChangeTxFreqS, @function
 187               	elyRFChangeTxFreqS:
 188               	; start of function
 189               	; attributes: 
 190               	; framesize_regs:     8
 191               	; framesize_locals:   0
 192               	; framesize_outgoing: 0
 193               	; framesize:          8
 194               	; elim ap -> fp       12
 195               	; elim fp -> sp       0
 196               	; saved regs: R8 R10
 197               		; start of prologue
 198 0000 0A14      		PUSHM.A	#1, R10
 199 0002 0814      		PUSHM.A	#1, R8
 200               		; end of prologue
 201 0004 CA0C      		MOVA	R12, R10
 202 0006 B013 0000 		CALLA	#port_lock
 203 000a 2E00 0000 		MOVA	&bank0p, R14
 204 000e 5D4E 0100 		MOV.B	1(R14), R13
 205 0012 4718 0D5D 		rpt	#8 { rlax.w	R13
 206 0016 6C4E      		MOV.B	@R14, R12
 207 0018 0DDC      		BIS.W	R12, R13
 208 001a 5C4E 0300 		MOV.B	3(R14), R12
 209 001e 4718 0C5C 		rpt	#8 { rlax.w	R12
 210 0022 5E4E 0200 		MOV.B	2(R14), R14
 211 0026 0CDE      		BIS.W	R14, R12
 212 0028 3E40 EC38 		MOV.W	#14572, R14
 213 002c 0E9C 0028 		CMP.W	R12, R14 { JLO	.L14
 214 0030 0C9E 0020 		CMP.W	R14, R12 { JNE	.L19
 215 0034 3E40 C024 		MOV.W	#9408, R14
 216 0038 0E9D 0028 		CMP.W	R13, R14 { JLO	.L14
 217               	.L19:
 218 003c 8A4D 0C00 		MOV.W	R13, 12(R10)
 219 0040 8A4C 0E00 		MOV.W	R12, 14(R10)
GAS LISTING /tmp/ccgIkuGE.s 			page 5


 220               	.L16:
 221 0044 3C40 8E33 		MOV.W	#13198, R12
 222 0048 1C9A 0E00 		CMP.W	14(R10), R12 { JLO	.L17
 222      0028 
 223 004e 8A9C 0E00 		CMP.W	R12, 14(R10) { JNE	.L20
 223      0020 
 224 0054 3E40 3FDA 		MOV.W	#-9665, R14
 225 0058 1E9A 0C00 		CMP.W	12(R10), R14 { JLO	.L17
 225      0028 
 226               	.L20:
 227 005e BA40 40DA 		MOV.W	#-9664, 12(R10)
 227      0C00 
 228 0064 BA40 8E33 		MOV.W	#13198, 14(R10)
 228      0E00 
 229 006a 2800 0000 		MOVA	&bank0w, R8
 230 006e F840 4000 		MOV.B	#64, @R8
 230      0000 
 231 0074 1C4A 0C00 		MOV.W	12(R10), R12
 232 0078 1D4A 0E00 		MOV.W	14(R10), R13
 233 007c B013 0000 		CALLA	#__mspabi_srll_8
 234 0080 C84C 0100 		MOV.B	R12, 1(R8)
 235 0084 1C4A 0C00 		MOV.W	12(R10), R12
 236 0088 1D4A 0E00 		MOV.W	14(R10), R13
 237 008c 7E40 1000 		MOV.B	#16, R14
 238 0090 B013 0000 		CALLA	#__mspabi_srll
 239 0094 C84C 0200 		MOV.B	R12, 2(R8)
 240 0098 1C4A 0C00 		MOV.W	12(R10), R12
 241 009c 1D4A 0E00 		MOV.W	14(R10), R13
 242 00a0 7E40 1800 		MOV.B	#24, R14
 243 00a4 B013 0000 		CALLA	#__mspabi_srll
 244 00a8 C84C 0300 		MOV.B	R12, 3(R8)
 245               	.L17:
 246 00ac B013 0000 		CALLA	#port_unlock
 247 00b0 1D4A 0C00 		MOV.W	12(R10), R13
 248 00b4 1E4A 0E00 		MOV.W	14(R10), R14
 249 00b8 8C00 0000 		MOVA	#SX1278D1, R12
 250 00bc B013 0000 		CALLA	#sx1278SetFrequency
 251               		; start of epilogue
 252 00c0 0816      		POPM.A	#1, r8
 253 00c2 0A16      		POPM.A	#1, r10
 254 00c4 1001      		RETA
 255               	.L14:
 256 00c6 BA40 C024 		MOV.W	#9408, 12(R10)
 256      0C00 
 257 00cc BA40 EC38 		MOV.W	#14572, 14(R10)
 257      0E00 
 258 00d2 2800 0000 		MOVA	&bank0w, R8
 259 00d6 F840 C0FF 		MOV.B	#-64, @R8
 259      0000 
 260 00dc 1C4A 0C00 		MOV.W	12(R10), R12
 261 00e0 1D4A 0E00 		MOV.W	14(R10), R13
 262 00e4 B013 0000 		CALLA	#__mspabi_srll_8
 263 00e8 C84C 0100 		MOV.B	R12, 1(R8)
 264 00ec 1C4A 0C00 		MOV.W	12(R10), R12
 265 00f0 1D4A 0E00 		MOV.W	14(R10), R13
 266 00f4 7E40 1000 		MOV.B	#16, R14
 267 00f8 B013 0000 		CALLA	#__mspabi_srll
GAS LISTING /tmp/ccgIkuGE.s 			page 6


 268 00fc C84C 0200 		MOV.B	R12, 2(R8)
 269 0100 1C4A 0C00 		MOV.W	12(R10), R12
 270 0104 1D4A 0E00 		MOV.W	14(R10), R13
 271 0108 7E40 1800 		MOV.B	#24, R14
 272 010c B013 0000 		CALLA	#__mspabi_srll
 273 0110 C84C 0300 		MOV.B	R12, 3(R8)
 274 0114 8000 0000 		BRA	#.L16
 275               		.size	elyRFChangeTxFreqS, .-elyRFChangeTxFreqS
 276               		.section	.text.elyRFChangeRxFreqS,"ax",@progbits
 277               		.balign 2
 278               		.weak	elyRFChangeRxFreqS
 279               		.type	elyRFChangeRxFreqS, @function
 280               	elyRFChangeRxFreqS:
 281               	; start of function
 282               	; attributes: 
 283               	; framesize_regs:     8
 284               	; framesize_locals:   0
 285               	; framesize_outgoing: 0
 286               	; framesize:          8
 287               	; elim ap -> fp       12
 288               	; elim fp -> sp       0
 289               	; saved regs: R8 R10
 290               		; start of prologue
 291 0000 0A14      		PUSHM.A	#1, R10
 292 0002 0814      		PUSHM.A	#1, R8
 293               		; end of prologue
 294 0004 CA0C      		MOVA	R12, R10
 295 0006 B013 0000 		CALLA	#port_lock
 296 000a 2E00 0000 		MOVA	&bank0p, R14
 297 000e 5D4E 0500 		MOV.B	5(R14), R13
 298 0012 4718 0D5D 		rpt	#8 { rlax.w	R13
 299 0016 5C4E 0400 		MOV.B	4(R14), R12
 300 001a 0DDC      		BIS.W	R12, R13
 301 001c 5C4E 0700 		MOV.B	7(R14), R12
 302 0020 4718 0C5C 		rpt	#8 { rlax.w	R12
 303 0024 5E4E 0600 		MOV.B	6(R14), R14
 304 0028 0CDE      		BIS.W	R14, R12
 305 002a 3E40 121C 		MOV.W	#7186, R14
 306 002e 0E9C 0028 		CMP.W	R12, R14 { JLO	.L22
 307 0032 0C9E 0020 		CMP.W	R14, R12 { JNE	.L27
 308 0036 3E40 C0E3 		MOV.W	#-7232, R14
 309 003a 0E9D 0028 		CMP.W	R13, R14 { JLO	.L22
 310               	.L27:
 311 003e 8A4D 1000 		MOV.W	R13, 16(R10)
 312 0042 8A4C 1200 		MOV.W	R12, 18(R10)
 313               	.L24:
 314 0046 3C40 3D1B 		MOV.W	#6973, R12
 315 004a 1C9A 1200 		CMP.W	18(R10), R12 { JLO	.L25
 315      0028 
 316 0050 8A9C 1200 		CMP.W	R12, 18(R10) { JNE	.L28
 316      0020 
 317 0056 3E40 3F44 		MOV.W	#17471, R14
 318 005a 1E9A 1000 		CMP.W	16(R10), R14 { JLO	.L25
 318      0028 
 319               	.L28:
 320 0060 BA40 4044 		MOV.W	#17472, 16(R10)
 320      1000 
GAS LISTING /tmp/ccgIkuGE.s 			page 7


 321 0066 BA40 3D1B 		MOV.W	#6973, 18(R10)
 321      1200 
 322 006c 2800 0000 		MOVA	&bank0w, R8
 323 0070 F840 4000 		MOV.B	#64, 4(R8)
 323      0400 
 324 0076 1C4A 1000 		MOV.W	16(R10), R12
 325 007a 1D4A 1200 		MOV.W	18(R10), R13
 326 007e B013 0000 		CALLA	#__mspabi_srll_8
 327 0082 C84C 0500 		MOV.B	R12, 5(R8)
 328 0086 1C4A 1000 		MOV.W	16(R10), R12
 329 008a 1D4A 1200 		MOV.W	18(R10), R13
 330 008e 7E40 1000 		MOV.B	#16, R14
 331 0092 B013 0000 		CALLA	#__mspabi_srll
 332 0096 C84C 0600 		MOV.B	R12, 6(R8)
 333 009a 1C4A 1000 		MOV.W	16(R10), R12
 334 009e 1D4A 1200 		MOV.W	18(R10), R13
 335 00a2 7E40 1800 		MOV.B	#24, R14
 336 00a6 B013 0000 		CALLA	#__mspabi_srll
 337 00aa C84C 0700 		MOV.B	R12, 7(R8)
 338               	.L25:
 339 00ae B013 0000 		CALLA	#port_unlock
 340 00b2 1D4A 1000 		MOV.W	16(R10), R13
 341 00b6 1E4A 1200 		MOV.W	18(R10), R14
 342 00ba 8C00 0000 		MOVA	#SX1212D1, R12
 343 00be B013 0000 		CALLA	#sx1212SetFrequency
 344               		; start of epilogue
 345 00c2 0816      		POPM.A	#1, r8
 346 00c4 0A16      		POPM.A	#1, r10
 347 00c6 1001      		RETA
 348               	.L22:
 349 00c8 BA40 C0E3 		MOV.W	#-7232, 16(R10)
 349      1000 
 350 00ce BA40 121C 		MOV.W	#7186, 18(R10)
 350      1200 
 351 00d4 2800 0000 		MOVA	&bank0w, R8
 352 00d8 F840 C0FF 		MOV.B	#-64, 4(R8)
 352      0400 
 353 00de 1C4A 1000 		MOV.W	16(R10), R12
 354 00e2 1D4A 1200 		MOV.W	18(R10), R13
 355 00e6 B013 0000 		CALLA	#__mspabi_srll_8
 356 00ea C84C 0500 		MOV.B	R12, 5(R8)
 357 00ee 1C4A 1000 		MOV.W	16(R10), R12
 358 00f2 1D4A 1200 		MOV.W	18(R10), R13
 359 00f6 7E40 1000 		MOV.B	#16, R14
 360 00fa B013 0000 		CALLA	#__mspabi_srll
 361 00fe C84C 0600 		MOV.B	R12, 6(R8)
 362 0102 1C4A 1000 		MOV.W	16(R10), R12
 363 0106 1D4A 1200 		MOV.W	18(R10), R13
 364 010a 7E40 1800 		MOV.B	#24, R14
 365 010e B013 0000 		CALLA	#__mspabi_srll
 366 0112 C84C 0700 		MOV.B	R12, 7(R8)
 367 0116 8000 0000 		BRA	#.L24
 368               		.size	elyRFChangeRxFreqS, .-elyRFChangeRxFreqS
 369               		.section	.text.elyRFChangeTxBRS,"ax",@progbits
 370               		.balign 2
 371               		.weak	elyRFChangeTxBRS
 372               		.type	elyRFChangeTxBRS, @function
GAS LISTING /tmp/ccgIkuGE.s 			page 8


 373               	elyRFChangeTxBRS:
 374               	; start of function
 375               	; attributes: 
 376               	; framesize_regs:     8
 377               	; framesize_locals:   0
 378               	; framesize_outgoing: 0
 379               	; framesize:          8
 380               	; elim ap -> fp       12
 381               	; elim fp -> sp       0
 382               	; saved regs: R8 R10
 383               		; start of prologue
 384 0000 0A14      		PUSHM.A	#1, R10
 385 0002 0814      		PUSHM.A	#1, R8
 386               		; end of prologue
 387 0004 CA0C      		MOVA	R12, R10
 388 0006 B013 0000 		CALLA	#port_lock
 389 000a 2E00 0000 		MOVA	&bank0p, R14
 390 000e 5D4E 1900 		MOV.B	25(R14), R13
 391 0012 4718 0D5D 		rpt	#8 { rlax.w	R13
 392 0016 5C4E 1800 		MOV.B	24(R14), R12
 393 001a 0DDC      		BIS.W	R12, R13
 394 001c 5C4E 1B00 		MOV.B	27(R14), R12
 395 0020 4718 0C5C 		rpt	#8 { rlax.w	R12
 396 0024 5E4E 1A00 		MOV.B	26(R14), R14
 397 0028 0CDE      		BIS.W	R14, R12
 398 002a 6E42      		MOV.B	#4, R14
 399 002c 0E9C 0028 		CMP.W	R12, R14 { JLO	.L30
 400 0030 0C9E 0020 		CMP.W	R14, R12 { JNE	.L35
 401 0034 3E40 E093 		MOV.W	#-27680, R14
 402 0038 0E9D 0028 		CMP.W	R13, R14 { JLO	.L30
 403               	.L35:
 404 003c 8A4D 0800 		MOV.W	R13, 8(R10)
 405 0040 8A4C 0A00 		MOV.W	R12, 10(R10)
 406               	.L32:
 407 0044 8A93 0A00 		CMP.W	#0, 10(R10) { JNE	.L33
 407      0020 
 408 004a 3C40 AF04 		MOV.W	#1199, R12
 409 004e 1C9A 0800 		CMP.W	8(R10), R12 { JLO	.L33
 409      0028 
 410 0054 BA40 B004 		MOV.W	#1200, 8(R10)
 410      0800 
 411 005a 8A43 0A00 		MOV.W	#0, 10(R10)
 412 005e 2800 0000 		MOVA	&bank0w, R8
 413 0062 F840 B0FF 		MOV.B	#-80, 24(R8)
 413      1800 
 414 0068 1C4A 0800 		MOV.W	8(R10), R12
 415 006c 1D4A 0A00 		MOV.W	10(R10), R13
 416 0070 B013 0000 		CALLA	#__mspabi_srll_8
 417 0074 C84C 1900 		MOV.B	R12, 25(R8)
 418 0078 1C4A 0800 		MOV.W	8(R10), R12
 419 007c 1D4A 0A00 		MOV.W	10(R10), R13
 420 0080 7E40 1000 		MOV.B	#16, R14
 421 0084 B013 0000 		CALLA	#__mspabi_srll
 422 0088 C84C 1A00 		MOV.B	R12, 26(R8)
 423 008c 1C4A 0800 		MOV.W	8(R10), R12
 424 0090 1D4A 0A00 		MOV.W	10(R10), R13
 425 0094 7E40 1800 		MOV.B	#24, R14
GAS LISTING /tmp/ccgIkuGE.s 			page 9


 426 0098 B013 0000 		CALLA	#__mspabi_srll
 427 009c C84C 1B00 		MOV.B	R12, 27(R8)
 428               	.L33:
 429 00a0 B013 0000 		CALLA	#port_unlock
 430 00a4 1D4A 0800 		MOV.W	8(R10), R13
 431 00a8 1E4A 0A00 		MOV.W	10(R10), R14
 432 00ac 8C00 0000 		MOVA	#SX1278D1, R12
 433 00b0 B013 0000 		CALLA	#sx1278SetBitrate
 434               		; start of epilogue
 435 00b4 0816      		POPM.A	#1, r8
 436 00b6 0A16      		POPM.A	#1, r10
 437 00b8 1001      		RETA
 438               	.L30:
 439 00ba BA40 E093 		MOV.W	#-27680, 8(R10)
 439      0800 
 440 00c0 AA42 0A00 		MOV.W	#4, 10(R10)
 441 00c4 2800 0000 		MOVA	&bank0w, R8
 442 00c8 F840 E0FF 		MOV.B	#-32, 24(R8)
 442      1800 
 443 00ce 1C4A 0800 		MOV.W	8(R10), R12
 444 00d2 1D4A 0A00 		MOV.W	10(R10), R13
 445 00d6 B013 0000 		CALLA	#__mspabi_srll_8
 446 00da C84C 1900 		MOV.B	R12, 25(R8)
 447 00de 1C4A 0800 		MOV.W	8(R10), R12
 448 00e2 1D4A 0A00 		MOV.W	10(R10), R13
 449 00e6 7E40 1000 		MOV.B	#16, R14
 450 00ea B013 0000 		CALLA	#__mspabi_srll
 451 00ee C84C 1A00 		MOV.B	R12, 26(R8)
 452 00f2 1C4A 0800 		MOV.W	8(R10), R12
 453 00f6 1D4A 0A00 		MOV.W	10(R10), R13
 454 00fa 7E40 1800 		MOV.B	#24, R14
 455 00fe B013 0000 		CALLA	#__mspabi_srll
 456 0102 C84C 1B00 		MOV.B	R12, 27(R8)
 457 0106 8000 0000 		BRA	#.L32
 458               		.size	elyRFChangeTxBRS, .-elyRFChangeTxBRS
 459               		.section	.text.elyRFChangeRxBRS,"ax",@progbits
 460               		.balign 2
 461               		.weak	elyRFChangeRxBRS
 462               		.type	elyRFChangeRxBRS, @function
 463               	elyRFChangeRxBRS:
 464               	; start of function
 465               	; attributes: 
 466               	; framesize_regs:     8
 467               	; framesize_locals:   0
 468               	; framesize_outgoing: 0
 469               	; framesize:          8
 470               	; elim ap -> fp       12
 471               	; elim fp -> sp       0
 472               	; saved regs: R8 R10
 473               		; start of prologue
 474 0000 0A14      		PUSHM.A	#1, R10
 475 0002 0814      		PUSHM.A	#1, R8
 476               		; end of prologue
 477 0004 CA0C      		MOVA	R12, R10
 478 0006 B013 0000 		CALLA	#port_lock
 479 000a 2E00 0000 		MOVA	&bank0p, R14
 480 000e 5D4E 1D00 		MOV.B	29(R14), R13
GAS LISTING /tmp/ccgIkuGE.s 			page 10


 481 0012 4718 0D5D 		rpt	#8 { rlax.w	R13
 482 0016 5C4E 1C00 		MOV.B	28(R14), R12
 483 001a 0DDC      		BIS.W	R12, R13
 484 001c 5C4E 1F00 		MOV.B	31(R14), R12
 485 0020 4718 0C5C 		rpt	#8 { rlax.w	R12
 486 0024 5E4E 1E00 		MOV.B	30(R14), R14
 487 0028 0CDE      		BIS.W	R14, R12
 488 002a 6E43      		MOV.B	#2, R14
 489 002c 0E9C 0028 		CMP.W	R12, R14 { JLO	.L38
 490 0030 0C9E 0020 		CMP.W	R14, R12 { JNE	.L43
 491 0034 3E40 F049 		MOV.W	#18928, R14
 492 0038 0E9D 0028 		CMP.W	R13, R14 { JLO	.L38
 493               	.L43:
 494 003c 8A4D 0C00 		MOV.W	R13, 12(R10)
 495 0040 8A4C 0E00 		MOV.W	R12, 14(R10)
 496               	.L40:
 497 0044 8A93 0E00 		CMP.W	#0, 14(R10) { JNE	.L41
 497      0020 
 498 004a 3C40 0B03 		MOV.W	#779, R12
 499 004e 1C9A 0C00 		CMP.W	12(R10), R12 { JLO	.L41
 499      0028 
 500 0054 BA40 0C03 		MOV.W	#780, 12(R10)
 500      0C00 
 501 005a 8A43 0E00 		MOV.W	#0, 14(R10)
 502 005e 2800 0000 		MOVA	&bank0w, R8
 503 0062 F840 0C00 		MOV.B	#12, 28(R8)
 503      1C00 
 504 0068 1C4A 0C00 		MOV.W	12(R10), R12
 505 006c 1D4A 0E00 		MOV.W	14(R10), R13
 506 0070 B013 0000 		CALLA	#__mspabi_srll_8
 507 0074 C84C 1D00 		MOV.B	R12, 29(R8)
 508 0078 1C4A 0C00 		MOV.W	12(R10), R12
 509 007c 1D4A 0E00 		MOV.W	14(R10), R13
 510 0080 7E40 1000 		MOV.B	#16, R14
 511 0084 B013 0000 		CALLA	#__mspabi_srll
 512 0088 C84C 1E00 		MOV.B	R12, 30(R8)
 513 008c 1C4A 0C00 		MOV.W	12(R10), R12
 514 0090 1D4A 0E00 		MOV.W	14(R10), R13
 515 0094 7E40 1800 		MOV.B	#24, R14
 516 0098 B013 0000 		CALLA	#__mspabi_srll
 517 009c C84C 1F00 		MOV.B	R12, 31(R8)
 518               	.L41:
 519 00a0 B013 0000 		CALLA	#port_unlock
 520 00a4 1D4A 0C00 		MOV.W	12(R10), R13
 521 00a8 1E4A 0E00 		MOV.W	14(R10), R14
 522 00ac 8C00 0000 		MOVA	#SX1212D1, R12
 523 00b0 B013 0000 		CALLA	#sx1212SetBitrate
 524               		; start of epilogue
 525 00b4 0816      		POPM.A	#1, r8
 526 00b6 0A16      		POPM.A	#1, r10
 527 00b8 1001      		RETA
 528               	.L38:
 529 00ba BA40 F049 		MOV.W	#18928, 12(R10)
 529      0C00 
 530 00c0 AA43 0E00 		MOV.W	#2, 14(R10)
 531 00c4 2800 0000 		MOVA	&bank0w, R8
 532 00c8 F840 F0FF 		MOV.B	#-16, 28(R8)
GAS LISTING /tmp/ccgIkuGE.s 			page 11


 532      1C00 
 533 00ce 1C4A 0C00 		MOV.W	12(R10), R12
 534 00d2 1D4A 0E00 		MOV.W	14(R10), R13
 535 00d6 B013 0000 		CALLA	#__mspabi_srll_8
 536 00da C84C 1D00 		MOV.B	R12, 29(R8)
 537 00de 1C4A 0C00 		MOV.W	12(R10), R12
 538 00e2 1D4A 0E00 		MOV.W	14(R10), R13
 539 00e6 7E40 1000 		MOV.B	#16, R14
 540 00ea B013 0000 		CALLA	#__mspabi_srll
 541 00ee C84C 1E00 		MOV.B	R12, 30(R8)
 542 00f2 1C4A 0C00 		MOV.W	12(R10), R12
 543 00f6 1D4A 0E00 		MOV.W	14(R10), R13
 544 00fa 7E40 1800 		MOV.B	#24, R14
 545 00fe B013 0000 		CALLA	#__mspabi_srll
 546 0102 C84C 1F00 		MOV.B	R12, 31(R8)
 547 0106 8000 0000 		BRA	#.L40
 548               		.size	elyRFChangeRxBRS, .-elyRFChangeRxBRS
 549               		.section	.text.elyRFChangeTxDevS,"ax",@progbits
 550               		.balign 2
 551               		.weak	elyRFChangeTxDevS
 552               		.type	elyRFChangeTxDevS, @function
 553               	elyRFChangeTxDevS:
 554               	; start of function
 555               	; attributes: 
 556               	; framesize_regs:     8
 557               	; framesize_locals:   0
 558               	; framesize_outgoing: 0
 559               	; framesize:          8
 560               	; elim ap -> fp       12
 561               	; elim fp -> sp       0
 562               	; saved regs: R8 R10
 563               		; start of prologue
 564 0000 0A14      		PUSHM.A	#1, R10
 565 0002 0814      		PUSHM.A	#1, R8
 566               		; end of prologue
 567 0004 CA0C      		MOVA	R12, R10
 568 0006 B013 0000 		CALLA	#port_lock
 569 000a 2E00 0000 		MOVA	&bank0p, R14
 570 000e 5D4E 0900 		MOV.B	9(R14), R13
 571 0012 4718 0D5D 		rpt	#8 { rlax.w	R13
 572 0016 5C4E 0800 		MOV.B	8(R14), R12
 573 001a 0DDC      		BIS.W	R12, R13
 574 001c 5C4E 0B00 		MOV.B	11(R14), R12
 575 0020 4718 0C5C 		rpt	#8 { rlax.w	R12
 576 0024 5E4E 0A00 		MOV.B	10(R14), R14
 577 0028 0CDE      		BIS.W	R14, R12
 578 002a 7E40 0300 		MOV.B	#3, R14
 579 002e 0E9C 0028 		CMP.W	R12, R14 { JLO	.L46
 580 0032 0C9E 0020 		CMP.W	R14, R12 { JNE	.L51
 581 0036 3E40 400D 		MOV.W	#3392, R14
 582 003a 0E9D 0028 		CMP.W	R13, R14 { JLO	.L46
 583               	.L51:
 584 003e 8A4D 1000 		MOV.W	R13, 16(R10)
 585 0042 8A4C 1200 		MOV.W	R12, 18(R10)
 586               	.L48:
 587 0046 8A93 1200 		CMP.W	#0, 18(R10) { JNE	.L49
 587      0020 
GAS LISTING /tmp/ccgIkuGE.s 			page 12


 588 004c 3C40 5702 		MOV.W	#599, R12
 589 0050 1C9A 1000 		CMP.W	16(R10), R12 { JLO	.L49
 589      0028 
 590 0056 BA40 5802 		MOV.W	#600, 16(R10)
 590      1000 
 591 005c 8A43 1200 		MOV.W	#0, 18(R10)
 592 0060 2800 0000 		MOVA	&bank0w, R8
 593 0064 F840 5800 		MOV.B	#88, 8(R8)
 593      0800 
 594 006a 1C4A 1000 		MOV.W	16(R10), R12
 595 006e 1D4A 1200 		MOV.W	18(R10), R13
 596 0072 B013 0000 		CALLA	#__mspabi_srll_8
 597 0076 C84C 0900 		MOV.B	R12, 9(R8)
 598 007a 1C4A 1000 		MOV.W	16(R10), R12
 599 007e 1D4A 1200 		MOV.W	18(R10), R13
 600 0082 7E40 1000 		MOV.B	#16, R14
 601 0086 B013 0000 		CALLA	#__mspabi_srll
 602 008a C84C 0A00 		MOV.B	R12, 10(R8)
 603 008e 1C4A 1000 		MOV.W	16(R10), R12
 604 0092 1D4A 1200 		MOV.W	18(R10), R13
 605 0096 7E40 1800 		MOV.B	#24, R14
 606 009a B013 0000 		CALLA	#__mspabi_srll
 607 009e C84C 0B00 		MOV.B	R12, 11(R8)
 608               	.L49:
 609 00a2 B013 0000 		CALLA	#port_unlock
 610 00a6 1D4A 1000 		MOV.W	16(R10), R13
 611 00aa 1E4A 1200 		MOV.W	18(R10), R14
 612 00ae 8C00 0000 		MOVA	#SX1278D1, R12
 613 00b2 B013 0000 		CALLA	#sx1278SetDeviation
 614               		; start of epilogue
 615 00b6 0816      		POPM.A	#1, r8
 616 00b8 0A16      		POPM.A	#1, r10
 617 00ba 1001      		RETA
 618               	.L46:
 619 00bc BA40 400D 		MOV.W	#3392, 16(R10)
 619      1000 
 620 00c2 BA40 0300 		MOV.W	#3, 18(R10)
 620      1200 
 621 00c8 2800 0000 		MOVA	&bank0w, R8
 622 00cc F840 4000 		MOV.B	#64, 8(R8)
 622      0800 
 623 00d2 1C4A 1000 		MOV.W	16(R10), R12
 624 00d6 1D4A 1200 		MOV.W	18(R10), R13
 625 00da B013 0000 		CALLA	#__mspabi_srll_8
 626 00de C84C 0900 		MOV.B	R12, 9(R8)
 627 00e2 1C4A 1000 		MOV.W	16(R10), R12
 628 00e6 1D4A 1200 		MOV.W	18(R10), R13
 629 00ea 7E40 1000 		MOV.B	#16, R14
 630 00ee B013 0000 		CALLA	#__mspabi_srll
 631 00f2 C84C 0A00 		MOV.B	R12, 10(R8)
 632 00f6 1C4A 1000 		MOV.W	16(R10), R12
 633 00fa 1D4A 1200 		MOV.W	18(R10), R13
 634 00fe 7E40 1800 		MOV.B	#24, R14
 635 0102 B013 0000 		CALLA	#__mspabi_srll
 636 0106 C84C 0B00 		MOV.B	R12, 11(R8)
 637 010a 8000 0000 		BRA	#.L48
 638               		.size	elyRFChangeTxDevS, .-elyRFChangeTxDevS
GAS LISTING /tmp/ccgIkuGE.s 			page 13


 639               		.section	.text.elyRFChangeRxDevS,"ax",@progbits
 640               		.balign 2
 641               		.weak	elyRFChangeRxDevS
 642               		.type	elyRFChangeRxDevS, @function
 643               	elyRFChangeRxDevS:
 644               	; start of function
 645               	; attributes: 
 646               	; framesize_regs:     8
 647               	; framesize_locals:   0
 648               	; framesize_outgoing: 0
 649               	; framesize:          8
 650               	; elim ap -> fp       12
 651               	; elim fp -> sp       0
 652               	; saved regs: R8 R10
 653               		; start of prologue
 654 0000 0A14      		PUSHM.A	#1, R10
 655 0002 0814      		PUSHM.A	#1, R8
 656               		; end of prologue
 657 0004 CA0C      		MOVA	R12, R10
 658 0006 B013 0000 		CALLA	#port_lock
 659 000a 2E00 0000 		MOVA	&bank0p, R14
 660 000e 5D4E 0D00 		MOV.B	13(R14), R13
 661 0012 4718 0D5D 		rpt	#8 { rlax.w	R13
 662 0016 5C4E 0C00 		MOV.B	12(R14), R12
 663 001a 0DDC      		BIS.W	R12, R13
 664 001c 5C4E 0F00 		MOV.B	15(R14), R12
 665 0020 4718 0C5C 		rpt	#8 { rlax.w	R12
 666 0024 5E4E 0E00 		MOV.B	14(R14), R14
 667 0028 0CDE      		BIS.W	R14, R12
 668 002a 7E40 0300 		MOV.B	#3, R14
 669 002e 0E9C 0028 		CMP.W	R12, R14 { JLO	.L54
 670 0032 0C9E 0020 		CMP.W	R14, R12 { JNE	.L59
 671 0036 3E40 400D 		MOV.W	#3392, R14
 672 003a 0E9D 0028 		CMP.W	R13, R14 { JLO	.L54
 673               	.L59:
 674 003e 8A4D 1400 		MOV.W	R13, 20(R10)
 675 0042 8A4C 1600 		MOV.W	R12, 22(R10)
 676               	.L56:
 677 0046 8A93 1600 		CMP.W	#0, 22(R10) { JNE	.L57
 677      0020 
 678 004c 3C40 E780 		MOV.W	#-32537, R12
 679 0050 1C9A 1400 		CMP.W	20(R10), R12 { JLO	.L57
 679      0028 
 680 0056 BA40 E880 		MOV.W	#-32536, 20(R10)
 680      1400 
 681 005c 8A43 1600 		MOV.W	#0, 22(R10)
 682 0060 2800 0000 		MOVA	&bank0w, R8
 683 0064 F840 E8FF 		MOV.B	#-24, 12(R8)
 683      0C00 
 684 006a 1C4A 1400 		MOV.W	20(R10), R12
 685 006e 1D4A 1600 		MOV.W	22(R10), R13
 686 0072 B013 0000 		CALLA	#__mspabi_srll_8
 687 0076 C84C 0D00 		MOV.B	R12, 13(R8)
 688 007a 1C4A 1400 		MOV.W	20(R10), R12
 689 007e 1D4A 1600 		MOV.W	22(R10), R13
 690 0082 7E40 1000 		MOV.B	#16, R14
 691 0086 B013 0000 		CALLA	#__mspabi_srll
GAS LISTING /tmp/ccgIkuGE.s 			page 14


 692 008a C84C 0E00 		MOV.B	R12, 14(R8)
 693 008e 1C4A 1400 		MOV.W	20(R10), R12
 694 0092 1D4A 1600 		MOV.W	22(R10), R13
 695 0096 7E40 1800 		MOV.B	#24, R14
 696 009a B013 0000 		CALLA	#__mspabi_srll
 697 009e C84C 0F00 		MOV.B	R12, 15(R8)
 698               	.L57:
 699 00a2 B013 0000 		CALLA	#port_unlock
 700 00a6 1D4A 1400 		MOV.W	20(R10), R13
 701 00aa 1E4A 1600 		MOV.W	22(R10), R14
 702 00ae 8C00 0000 		MOVA	#SX1212D1, R12
 703 00b2 B013 0000 		CALLA	#sx1212SetDeviation
 704               		; start of epilogue
 705 00b6 0816      		POPM.A	#1, r8
 706 00b8 0A16      		POPM.A	#1, r10
 707 00ba 1001      		RETA
 708               	.L54:
 709 00bc BA40 400D 		MOV.W	#3392, 20(R10)
 709      1400 
 710 00c2 BA40 0300 		MOV.W	#3, 22(R10)
 710      1600 
 711 00c8 2800 0000 		MOVA	&bank0w, R8
 712 00cc F840 4000 		MOV.B	#64, 12(R8)
 712      0C00 
 713 00d2 1C4A 1400 		MOV.W	20(R10), R12
 714 00d6 1D4A 1600 		MOV.W	22(R10), R13
 715 00da B013 0000 		CALLA	#__mspabi_srll_8
 716 00de C84C 0D00 		MOV.B	R12, 13(R8)
 717 00e2 1C4A 1400 		MOV.W	20(R10), R12
 718 00e6 1D4A 1600 		MOV.W	22(R10), R13
 719 00ea 7E40 1000 		MOV.B	#16, R14
 720 00ee B013 0000 		CALLA	#__mspabi_srll
 721 00f2 C84C 0E00 		MOV.B	R12, 14(R8)
 722 00f6 1C4A 1400 		MOV.W	20(R10), R12
 723 00fa 1D4A 1600 		MOV.W	22(R10), R13
 724 00fe 7E40 1800 		MOV.B	#24, R14
 725 0102 B013 0000 		CALLA	#__mspabi_srll
 726 0106 C84C 0F00 		MOV.B	R12, 15(R8)
 727 010a 8000 0000 		BRA	#.L56
 728               		.size	elyRFChangeRxDevS, .-elyRFChangeRxDevS
 729               		.section	.text.elyRFChangeTxSyncS,"ax",@progbits
 730               		.balign 2
 731               		.weak	elyRFChangeTxSyncS
 732               		.type	elyRFChangeTxSyncS, @function
 733               	elyRFChangeTxSyncS:
 734               	; start of function
 735               	; attributes: 
 736               	; framesize_regs:     4
 737               	; framesize_locals:   0
 738               	; framesize_outgoing: 0
 739               	; framesize:          4
 740               	; elim ap -> fp       8
 741               	; elim fp -> sp       0
 742               	; saved regs: R10
 743               		; start of prologue
 744 0000 0A14      		PUSHM.A	#1, R10
 745               		; end of prologue
GAS LISTING /tmp/ccgIkuGE.s 			page 15


 746 0002 CA0C      		MOVA	R12, R10
 747 0004 B013 0000 		CALLA	#port_lock
 748 0008 2E00 0000 		MOVA	&bank0p, R14
 749 000c 5D4E 1100 		MOV.B	17(R14), R13
 750 0010 4718 0D5D 		rpt	#8 { rlax.w	R13
 751 0014 5C4E 1300 		MOV.B	19(R14), R12
 752 0018 4718 0C5C 		rpt	#8 { rlax.w	R12
 753 001c 5F4E 1200 		MOV.B	18(R14), R15
 754 0020 0CDF      		BIS.W	R15, R12
 755 0022 5E4E 1000 		MOV.B	16(R14), R14
 756 0026 0EDD      		BIS.W	R13, R14
 757 0028 8A4E 1800 		MOV.W	R14, 24(R10)
 758 002c 8A4C 1A00 		MOV.W	R12, 26(R10)
 759 0030 B013 0000 		CALLA	#port_unlock
 760 0034 1D4A 1800 		MOV.W	24(R10), R13
 761 0038 1E4A 1A00 		MOV.W	26(R10), R14
 762 003c 8C00 0000 		MOVA	#SX1278D1, R12
 763 0040 B013 0000 		CALLA	#sx1278SetSync
 764               		; start of epilogue
 765 0044 0A16      		POPM.A	#1, r10
 766 0046 1001      		RETA
 767               		.size	elyRFChangeTxSyncS, .-elyRFChangeTxSyncS
 768               		.section	.text.elyRFChangeRxSyncS,"ax",@progbits
 769               		.balign 2
 770               		.weak	elyRFChangeRxSyncS
 771               		.type	elyRFChangeRxSyncS, @function
 772               	elyRFChangeRxSyncS:
 773               	; start of function
 774               	; attributes: 
 775               	; framesize_regs:     4
 776               	; framesize_locals:   0
 777               	; framesize_outgoing: 0
 778               	; framesize:          4
 779               	; elim ap -> fp       8
 780               	; elim fp -> sp       0
 781               	; saved regs: R10
 782               		; start of prologue
 783 0000 0A14      		PUSHM.A	#1, R10
 784               		; end of prologue
 785 0002 CA0C      		MOVA	R12, R10
 786 0004 B013 0000 		CALLA	#port_lock
 787 0008 2E00 0000 		MOVA	&bank0p, R14
 788 000c 5D4E 1500 		MOV.B	21(R14), R13
 789 0010 4718 0D5D 		rpt	#8 { rlax.w	R13
 790 0014 5C4E 1700 		MOV.B	23(R14), R12
 791 0018 4718 0C5C 		rpt	#8 { rlax.w	R12
 792 001c 5F4E 1600 		MOV.B	22(R14), R15
 793 0020 0CDF      		BIS.W	R15, R12
 794 0022 5E4E 1400 		MOV.B	20(R14), R14
 795 0026 0EDD      		BIS.W	R13, R14
 796 0028 8A4E 1C00 		MOV.W	R14, 28(R10)
 797 002c 8A4C 1E00 		MOV.W	R12, 30(R10)
 798 0030 B013 0000 		CALLA	#port_unlock
 799 0034 1D4A 1C00 		MOV.W	28(R10), R13
 800 0038 1E4A 1E00 		MOV.W	30(R10), R14
 801 003c 8C00 0000 		MOVA	#SX1212D1, R12
 802 0040 B013 0000 		CALLA	#sx1212SetSync
GAS LISTING /tmp/ccgIkuGE.s 			page 16


 803               		; start of epilogue
 804 0044 0A16      		POPM.A	#1, r10
 805 0046 1001      		RETA
 806               		.size	elyRFChangeRxSyncS, .-elyRFChangeRxSyncS
 807               		.section	.text.rfic_pow_to_reg,"ax",@progbits
 808               		.balign 2
 809               		.global	rfic_pow_to_reg
 810               		.type	rfic_pow_to_reg, @function
 811               	rfic_pow_to_reg:
 812               	; start of function
 813               	; framesize_regs:     0
 814               	; framesize_locals:   0
 815               	; framesize_outgoing: 0
 816               	; framesize:          0
 817               	; elim ap -> fp       4
 818               	; elim fp -> sp       0
 819               	; saved regs:(none)
 820               		; start of prologue
 821               		; end of prologue
 822 0000 0D4C      		MOV.W	R12, R13
 823 0002 5D03 4D18 		rrum.w	#1, R13 { rpt	#14 { rrax.w	R13
 823      0D11 
 824 0008 0C5D      		ADD.W	R13, R12
 825 000a 0C11      		RRA.W	R12
 826 000c 3C50 1500 		ADD.W	#21, R12
 827 0010 4C0E 4C0D 		RLAM.A #4, R12 { RRAM.A #4, R12
 828 0014 4018 5C4C 		MOVX.B	lut.4816(R12), R12
 828      0000 
 829               		; start of epilogue
 830 001a 1001      		RETA
 831               		.size	rfic_pow_to_reg, .-rfic_pow_to_reg
 832               		.section	.text.elyRFChangeTxPowerS,"ax",@progbits
 833               		.balign 2
 834               		.weak	elyRFChangeTxPowerS
 835               		.type	elyRFChangeTxPowerS, @function
 836               	elyRFChangeTxPowerS:
 837               	; start of function
 838               	; attributes: 
 839               	; framesize_regs:     0
 840               	; framesize_locals:   0
 841               	; framesize_outgoing: 0
 842               	; framesize:          0
 843               	; elim ap -> fp       4
 844               	; elim fp -> sp       0
 845               	; saved regs:(none)
 846               		; start of prologue
 847               		; end of prologue
 848 0000 FC40 7F00 		MOV.B	#127, 21(R12)
 848      1500 
 849 0006 7D40 7F00 		MOV.B	#127, R13
 850 000a 8C00 0000 		MOVA	#SX1278D1, R12
 851 000e B013 0000 		CALLA	#sx1278SetPower
 852               		; start of epilogue
 853 0012 1001      		RETA
 854               		.size	elyRFChangeTxPowerS, .-elyRFChangeTxPowerS
 855               		.section	.text.elyRFChangeTxFilterParamsS,"ax",@progbits
 856               		.balign 2
GAS LISTING /tmp/ccgIkuGE.s 			page 17


 857               		.weak	elyRFChangeTxFilterParamsS
 858               		.type	elyRFChangeTxFilterParamsS, @function
 859               	elyRFChangeTxFilterParamsS:
 860               	; start of function
 861               	; attributes: 
 862               	; framesize_regs:     0
 863               	; framesize_locals:   0
 864               	; framesize_outgoing: 0
 865               	; framesize:          0
 866               	; elim ap -> fp       4
 867               	; elim fp -> sp       0
 868               	; saved regs:(none)
 869               		; start of prologue
 870               		; end of prologue
 871 0000 2E00 0000 		MOVA	&bank0p, R14
 872 0004 5D4E 2000 		MOV.B	32(R14), R13
 873 0008 5D0F      		rrum.w	#4, R13
 874 000a 7DF0 0300 		AND.B	#3, R13
 875 000e CC4D 1400 		MOV.B	R13, 20(R12)
 876 0012 8C00 0000 		MOVA	#SX1278D1, R12
 877 0016 B013 0000 		CALLA	#sx1278SetFilterParams
 878               		; start of epilogue
 879 001a 1001      		RETA
 880               		.size	elyRFChangeTxFilterParamsS, .-elyRFChangeTxFilterParamsS
 881               		.section	.text.elyRFChangeRxFilterParamsS,"ax",@progbits
 882               		.balign 2
 883               		.weak	elyRFChangeRxFilterParamsS
 884               		.type	elyRFChangeRxFilterParamsS, @function
 885               	elyRFChangeRxFilterParamsS:
 886               	; start of function
 887               	; attributes: 
 888               	; framesize_regs:     0
 889               	; framesize_locals:   0
 890               	; framesize_outgoing: 0
 891               	; framesize:          0
 892               	; elim ap -> fp       4
 893               	; elim fp -> sp       0
 894               	; saved regs:(none)
 895               		; start of prologue
 896               		; end of prologue
 897 0000 2E00 0000 		MOVA	&bank0p, R14
 898 0004 5D4E 2000 		MOV.B	32(R14), R13
 899 0008 7DF0 0F00 		AND.B	#15, R13
 900 000c 4E4D 0F43 		MOV.B	R13,R14 { CLR	R15
 901 0010 8C4E 1800 		MOV.W	R14, 24(R12)
 902 0014 8C4F 1A00 		MOV.W	R15, 26(R12)
 903 0018 8C00 0000 		MOVA	#SX1212D1, R12
 904 001c B013 0000 		CALLA	#sx1212SetRxBw
 905               		; start of epilogue
 906 0020 1001      		RETA
 907               		.size	elyRFChangeRxFilterParamsS, .-elyRFChangeRxFilterParamsS
 908               		.global	__ucmpsi2
 909               		.section	.text.RFThd,"ax",@progbits
 910               		.balign 2
 911               		.global	RFThd
 912               		.type	RFThd, @function
 913               	RFThd:
GAS LISTING /tmp/ccgIkuGE.s 			page 18


 914               	; start of function
 915               	; framesize_regs:     28
 916               	; framesize_locals:   8
 917               	; framesize_outgoing: 0
 918               	; framesize:          36
 919               	; elim ap -> fp       32
 920               	; elim fp -> sp       8
 921               	; saved regs: R4 R5 R6 R7 R8 R9 R10
 922               		; start of prologue
 923 0000 6A14      		PUSHM.A	#7, R10
 924 0002 B100 0800 		SUBA	#8, R1
 925               		; end of prologue
 926 0006 0018 D242 		MOVX.A	&nil, &rf_thd
 926      0000 0000 
 927 000e 8800 0000 		MOVA	#port_lock, R8
 928 0012 4813      		CALLA	R8
 929 0014 2600 0000 		MOVA	&bank0p, R6
 930 0018 8400 0000 		MOVA	#tx_cfg, R4
 931 001c 5D46 1900 		MOV.B	25(R6), R13
 932 0020 4718 0D5D 		rpt	#8 { rlax.w	R13
 933 0024 5C46 1B00 		MOV.B	27(R6), R12
 934 0028 4718 0C5C 		rpt	#8 { rlax.w	R12
 935 002c 5E46 1A00 		MOV.B	26(R6), R14
 936 0030 0CDE      		BIS.W	R14, R12
 937 0032 5E46 1800 		MOV.B	24(R6), R14
 938 0036 0EDD      		BIS.W	R13, R14
 939 0038 844E 0800 		MOV.W	R14, 8(R4)
 940 003c 844C 0A00 		MOV.W	R12, 10(R4)
 941 0040 5D46 0100 		MOV.B	1(R6), R13
 942 0044 4718 0D5D 		rpt	#8 { rlax.w	R13
 943 0048 5C46 0300 		MOV.B	3(R6), R12
 944 004c 4718 0C5C 		rpt	#8 { rlax.w	R12
 945 0050 5E46 0200 		MOV.B	2(R6), R14
 946 0054 0CDE      		BIS.W	R14, R12
 947 0056 6E46      		MOV.B	@R6, R14
 948 0058 0EDD      		BIS.W	R13, R14
 949 005a 844E 0C00 		MOV.W	R14, 12(R4)
 950 005e 844C 0E00 		MOV.W	R12, 14(R4)
 951 0062 5D46 0900 		MOV.B	9(R6), R13
 952 0066 4718 0D5D 		rpt	#8 { rlax.w	R13
 953 006a 5C46 0B00 		MOV.B	11(R6), R12
 954 006e 4718 0C5C 		rpt	#8 { rlax.w	R12
 955 0072 5E46 0A00 		MOV.B	10(R6), R14
 956 0076 0CDE      		BIS.W	R14, R12
 957 0078 5E46 0800 		MOV.B	8(R6), R14
 958 007c 0EDD      		BIS.W	R13, R14
 959 007e 844E 1000 		MOV.W	R14, 16(R4)
 960 0082 844C 1200 		MOV.W	R12, 18(R4)
 961 0086 5C46 2000 		MOV.B	32(R6), R12
 962 008a 5C0F      		rrum.w	#4, R12
 963 008c 7CF0 0300 		AND.B	#3, R12
 964 0090 C44C 1400 		MOV.B	R12, 20(R4)
 965 0094 5C46 2100 		MOV.B	33(R6), R12
 966 0098 0C5C      		RLA.W	R12
 967 009a 3C50 60FF 		ADD.W	#-160, R12
 968 009e 0C11      		RRA.W	R12
 969 00a0 3C50 1500 		ADD.W	#21, R12
GAS LISTING /tmp/ccgIkuGE.s 			page 19


 970 00a4 4C0E 4C0D 		RLAM.A #4, R12 { RRAM.A #4, R12
 971 00a8 4018 D44C 		MOVX.B	lut.4816(R12), 21(R4)
 971      0000 1500 
 972 00b0 5D46 1100 		MOV.B	17(R6), R13
 973 00b4 4718 0D5D 		rpt	#8 { rlax.w	R13
 974 00b8 5C46 1300 		MOV.B	19(R6), R12
 975 00bc 4718 0C5C 		rpt	#8 { rlax.w	R12
 976 00c0 5E46 1200 		MOV.B	18(R6), R14
 977 00c4 0CDE      		BIS.W	R14, R12
 978 00c6 5E46 1000 		MOV.B	16(R6), R14
 979 00ca 0EDD      		BIS.W	R13, R14
 980 00cc 844E 1800 		MOV.W	R14, 24(R4)
 981 00d0 844C 1A00 		MOV.W	R12, 26(R4)
 982 00d4 8A00 0000 		MOVA	#port_unlock, R10
 983 00d8 4A13      		CALLA	R10
 984 00da 8C00 0000 		MOVA	#SX1278D1, R12
 985 00de B013 0000 		CALLA	#sx1278ObjectInit
 986 00e2 CD04      		MOVA	R4, R13
 987 00e4 8C00 0000 		MOVA	#SX1278D1, R12
 988 00e8 B013 0000 		CALLA	#sx1278Start
 989 00ec 8C00 0000 		MOVA	#SX1278D1, R12
 990 00f0 B013 0000 		CALLA	#elyRFDLLTxInit
 991 00f4 4813      		CALLA	R8
 992 00f6 8400 0000 		MOVA	#rx_cfg, R4
 993 00fa 5D46 1D00 		MOV.B	29(R6), R13
 994 00fe 4718 0D5D 		rpt	#8 { rlax.w	R13
 995 0102 5C46 1F00 		MOV.B	31(R6), R12
 996 0106 4718 0C5C 		rpt	#8 { rlax.w	R12
 997 010a 5E46 1E00 		MOV.B	30(R6), R14
 998 010e 0CDE      		BIS.W	R14, R12
 999 0110 5E46 1C00 		MOV.B	28(R6), R14
 1000 0114 0EDD      		BIS.W	R13, R14
 1001 0116 844E 0C00 		MOV.W	R14, 12(R4)
 1002 011a 844C 0E00 		MOV.W	R12, 14(R4)
 1003 011e 5D46 0500 		MOV.B	5(R6), R13
 1004 0122 4718 0D5D 		rpt	#8 { rlax.w	R13
 1005 0126 5C46 0700 		MOV.B	7(R6), R12
 1006 012a 4718 0C5C 		rpt	#8 { rlax.w	R12
 1007 012e 5E46 0600 		MOV.B	6(R6), R14
 1008 0132 0CDE      		BIS.W	R14, R12
 1009 0134 5E46 0400 		MOV.B	4(R6), R14
 1010 0138 0EDD      		BIS.W	R13, R14
 1011 013a 844E 1000 		MOV.W	R14, 16(R4)
 1012 013e 844C 1200 		MOV.W	R12, 18(R4)
 1013 0142 5D46 0D00 		MOV.B	13(R6), R13
 1014 0146 4718 0D5D 		rpt	#8 { rlax.w	R13
 1015 014a 5C46 0F00 		MOV.B	15(R6), R12
 1016 014e 4718 0C5C 		rpt	#8 { rlax.w	R12
 1017 0152 5E46 0E00 		MOV.B	14(R6), R14
 1018 0156 0CDE      		BIS.W	R14, R12
 1019 0158 5E46 0C00 		MOV.B	12(R6), R14
 1020 015c 0EDD      		BIS.W	R13, R14
 1021 015e 844E 1400 		MOV.W	R14, 20(R4)
 1022 0162 844C 1600 		MOV.W	R12, 22(R4)
 1023 0166 5C46 2000 		MOV.B	32(R6), R12
 1024 016a 7CF0 0F00 		AND.B	#15, R12
 1025 016e 4D4C 0E43 		MOV.B	R12,R13 { CLR	R14
GAS LISTING /tmp/ccgIkuGE.s 			page 20


 1026 0172 844D 1800 		MOV.W	R13, 24(R4)
 1027 0176 844E 1A00 		MOV.W	R14, 26(R4)
 1028 017a 5D46 1500 		MOV.B	21(R6), R13
 1029 017e 4718 0D5D 		rpt	#8 { rlax.w	R13
 1030 0182 5C46 1700 		MOV.B	23(R6), R12
 1031 0186 4718 0C5C 		rpt	#8 { rlax.w	R12
 1032 018a 5E46 1600 		MOV.B	22(R6), R14
 1033 018e 0CDE      		BIS.W	R14, R12
 1034 0190 5646 1400 		MOV.B	20(R6), R6
 1035 0194 06DD      		BIS.W	R13, R6
 1036 0196 8446 1C00 		MOV.W	R6, 28(R4)
 1037 019a 844C 1E00 		MOV.W	R12, 30(R4)
 1038 019e 4A13      		CALLA	R10
 1039 01a0 CD04      		MOVA	R4, R13
 1040 01a2 8C00 0000 		MOVA	#SX1212D1, R12
 1041 01a6 B013 0000 		CALLA	#sx1212Start
 1042 01aa 8C00 0000 		MOVA	#SX1212D1, R12
 1043 01ae B013 0000 		CALLA	#elyRFDLLRxInit
 1044 01b2 4018 B240 		MOVX.W	#8192, &events
 1044      0020 0000 
 1045 01ba 4018 9243 		MOVX.W	#1, &events+2
 1045      0000 
 1046 01c0 4813      		CALLA	R8
 1047 01c2 4018 1C42 		MOVX.W	&rf_mbox+16, R12
 1047      0000 
 1048 01c8 4D43      		MOV.B	#0, R13
 1049 01ca 0D9C 0034 		CMP.W	R12, R13 { JGE	.L68
 1050 01ce 4018 B240 		MOVX.W	#9216, &events
 1050      0024 0000 
 1051 01d6 4018 9243 		MOVX.W	#1, &events+2
 1051      0000 
 1052               	.L68:
 1053 01dc 4A13      		CALLA	R10
 1054 01de 8900 0000 		MOVA	#elyRFDLLHandleRxFifo, R9
 1055 01e2 4443      		MOV.B	#0, R4
 1056 01e4 4543      		MOV.B	#0, R5
 1057               	.L94:
 1058 01e6 4018 1C42 		MOVX.W	&events, R12
 1058      0000 
 1059 01ec 3CF0 0030 		AND.W	#12288, R12
 1060 01f0 3C90 0030 		CMP.W	#12288, R12 { JNE	.L69
 1060      0020 
 1061 01f6 8C00 0000 		MOVA	#SX1212D1, R12
 1062 01fa 4913      		CALLA	R9
 1063 01fc C01F B2F0 		ANDX.W	#-12289, &events
 1063      FFCF 0000 
 1064 0204 4018 82C3 		BICX.W	#0, &events+2
 1064      0000 
 1065               	.L69:
 1066 020a 4018 1D42 		MOVX.W	&events, R13
 1066      0000 
 1067 0210 3DF0 0028 		AND.W	#10240, R13
 1068 0214 4018 1C42 		MOVX.W	&events+2, R12
 1068      0000 
 1069 021a 5CF3      		AND.B	#1, R12
 1070 021c 3D90 0028 		CMP.W	#10240, R13 { JNE	.L70
 1070      0020 
GAS LISTING /tmp/ccgIkuGE.s 			page 21


 1071 0222 1C93 0020 		CMP.W	#1, R12 { JNE	.L70
 1072 0226 8C00 0000 		MOVA	#SX1278D1, R12
 1073 022a B013 0000 		CALLA	#elyRFDLLInitiateTransmit
 1074 022e C01F B2F0 		ANDX.W	#-10241, &events
 1074      FFD7 0000 
 1075 0236 4018 92C3 		BICX.W	#1, &events+2
 1075      0000 
 1076               	.L70:
 1077 023c 4018 1C42 		MOVX.W	&events, R12
 1077      0000 
 1078 0242 3CF0 00A0 		AND.W	#-24576, R12
 1079 0246 3C90 00A0 		CMP.W	#-24576, R12 { JNE	.L71
 1079      0020 
 1080 024c 8C00 0000 		MOVA	#SX1278D1, R12
 1081 0250 B013 0000 		CALLA	#elyRFDLLHandleTxFifo
 1082 0254 4018 B2F0 		ANDX.W	#24575, &events
 1082      FF5F 0000 
 1083 025c 4018 82C3 		BICX.W	#0, &events+2
 1083      0000 
 1084               	.L71:
 1085 0262 4018 1C42 		MOVX.W	&events, R12
 1085      0000 
 1086 0268 4018 1D42 		MOVX.W	&events+2, R13
 1086      0000 
 1087 026e 5DF3      		AND.B	#1, R13
 1088 0270 4018 3CB0 		BITX.W	#1024, R12 { JEQ	.L72
 1088      0004 0024 
 1089 0278 1D93 0020 		CMP.W	#1, R13 { JNE	.L72
 1090 027c 3CB0 0008 		BIT.W	#2048, R12 { JNE	.L72
 1090      0020 
 1091 0282 B013 0000 		CALLA	#elyRFDLLBuildFrame
 1092 0286 4018 1C42 		MOVX.W	&events, R12
 1092      0000 
 1093 028c 3CF0 FFFB 		AND.W	#-1025, R12
 1094 0290 3CD0 0008 		BIS.W	#2048, R12
 1095 0294 4018 824C 		MOVX.W	R12, &events
 1095      0000 
 1096               	.L72:
 1097 029a 4018 1C42 		MOVX.W	&events, R12
 1097      0000 
 1098 02a0 4018 1D42 		MOVX.W	&events+2, R13
 1098      0000 
 1099 02a6 5DF3      		AND.B	#1, R13
 1100 02a8 4018 3CB0 		BITX.W	#8192, R12 { JEQ	.L79
 1100      0020 0024 
 1101 02b0 1D93 0024 		CMP.W	#1, R13 { JEQ	.L108
 1102               	.L79:
 1103 02b4 4018 1C42 		MOVX.W	&events, R12
 1103      0000 
 1104 02ba 0D4C      		MOV.W	R12, R13
 1105 02bc 3DF0 0060 		AND.W	#24576, R13
 1106 02c0 3D90 0060 		CMP.W	#24576, R13 { JNE	.L77
 1106      0020 
 1107 02c6 3CB0 AA00 		BIT.W	#170, R12 { JNE	.L95
 1107      0020 
 1108               	.L77:
 1109 02cc 4E43      		MOV.B	#0, R14
GAS LISTING /tmp/ccgIkuGE.s 			page 22


 1110 02ce 3C43      		MOV.W	#-1, R12
 1111 02d0 5D43      		MOV.B	#1, R13
 1112 02d2 B013 0000 		CALLA	#chEvtWaitAnyTimeout
 1113 02d6 4018 82DC 		BISX.W	R12, &events
 1113      0000 
 1114 02dc 4018 82DD 		BISX.W	R13, &events+2
 1114      0000 
 1115 02e2 8000 0000 		BRA	#.L94
 1116               	.L108:
 1117 02e6 3CB0 5501 		BIT.W	#341, R12 { JEQ	.L79
 1117      0024 
 1118 02ec 8A00 0000 		MOVA	#__ucmpsi2, R10
 1119 02f0 8800 0000 		MOVA	#chSysHalt, R8
 1120 02f4 8000 0000 		BRA	#.L112
 1121               	.L93:
 1122 02f8 0644      		MOV.W	R4, R6
 1123 02fa 0745      		MOV.W	R5, R7
 1124 02fc 4018 1681 		SUBX	4(R1), R6 { SUBCX	6(R1), R7
 1124      0400 4018 
 1124      1771 0600 
 1125 0308 16F1 0400 		AND.W	4(R1), R6
 1126 030c 3690 1000 		CMP.W	#16, R6 { JNE	.L82
 1126      0020 
 1127 0312 8C00 0000 		MOVA	#tx_cfg, R12
 1128 0316 B013 0000 		CALLA	#elyRFChangeTxDevS
 1129               	.L92:
 1130 031a 4018 82C6 		BICX.W	R6, &events
 1130      0000 
 1131               	.L112:
 1132 0320 4018 1C42 		MOVX.W	&events, R12
 1132      0000 
 1133 0326 3CF0 5501 		AND.W	#341, R12
 1134 032a 814C 0400 		MOV.W	R12, 4(R1)
 1135 032e 8143 0600 		MOV.W	#0, 6(R1)
 1136 0332 0C93 0020 		CMP.W	#0, R12 { JNE	.L93
 1137 0336 8000 0000 		BRA	#.L79
 1138               	.L82:
 1139 033a 7E40 1000 		MOV.B	#16, R14
 1140 033e 4F43      		MOV.B	#0, R15
 1141 0340 0C46      		MOV.W	R6, R12
 1142 0342 4D43      		MOV.B	#0, R13
 1143 0344 4A13      		CALLA	R10
 1144 0346 5E43      		MOV.B	#1, R14
 1145 0348 0E9C 0028 		CMP.W	R12, R14 { JLO	.L83
 1146 034c 069E 0024 		CMP.W	R14, R6 { JEQ	.L109
 1147 0350 2692 0024 		CMP.W	#4, R6 { JEQ	.L110
 1148               	.L80:
 1149 0354 8C00 0000 		MOVA	#__func__.4848, R12
 1150 0358 4813      		CALLA	R8
 1151 035a 8000 0000 		BRA	#.L92
 1152               	.L83:
 1153 035e 3690 4000 		CMP.W	#64, R6 { JEQ	.L111
 1153      0024 
 1154 0364 3690 0001 		CMP.W	#256, R6 { JNE	.L80
 1154      0020 
 1155               	.L90:
 1156 036a 8C00 0000 		MOVA	#tx_cfg, R12
GAS LISTING /tmp/ccgIkuGE.s 			page 23


 1157 036e B013 0000 		CALLA	#elyRFChangeTxPowerS
 1158 0372 8000 0000 		BRA	#.L92
 1159               	.L109:
 1160 0376 8C00 0000 		MOVA	#tx_cfg, R12
 1161 037a B013 0000 		CALLA	#elyRFChangeTxFreqS
 1162 037e 8000 0000 		BRA	#.L92
 1163               	.L110:
 1164 0382 8C00 0000 		MOVA	#tx_cfg, R12
 1165 0386 B013 0000 		CALLA	#elyRFChangeTxBRS
 1166 038a 8000 0000 		BRA	#.L92
 1167               	.L111:
 1168 038e 8C00 0000 		MOVA	#tx_cfg, R12
 1169 0392 B013 0000 		CALLA	#elyRFChangeTxSyncS
 1170 0396 8000 0000 		BRA	#.L90
 1171               	.L107:
 1172 039a 0644      		MOV.W	R4, R6
 1173 039c 0745      		MOV.W	R5, R7
 1174 039e 4018 2681 		SUBX	@R1, R6 { SUBCX	2(R1), R7
 1174      4018 1771 
 1174      0200 
 1175 03a8 26F1      		AND.W	@R1, R6
 1176 03aa 3692 0020 		CMP.W	#8, R6 { JNE	.L98
 1177 03ae 8C00 0000 		MOVA	#rx_cfg, R12
 1178 03b2 B013 0000 		CALLA	#elyRFChangeRxBRS
 1179               	.L106:
 1180 03b6 4018 82C6 		BICX.W	R6, &events
 1180      0000 
 1181               	.L116:
 1182 03bc 4018 1E42 		MOVX.W	&events, R14
 1182      0000 
 1183 03c2 7EF0 AA00 		AND.B	#170, R14
 1184 03c6 814E 0000 		MOV.W	R14, @R1
 1185 03ca 8143 0200 		MOV.W	#0, 2(R1)
 1186 03ce 0E93 0020 		CMP.W	#0, R14 { JNE	.L107
 1187 03d2 8000 0000 		BRA	#.L77
 1188               	.L98:
 1189 03d6 7E42      		MOV.B	#8, R14
 1190 03d8 4F43      		MOV.B	#0, R15
 1191 03da 0C46      		MOV.W	R6, R12
 1192 03dc 4D43      		MOV.B	#0, R13
 1193 03de 4A13      		CALLA	R10
 1194 03e0 5D43      		MOV.B	#1, R13
 1195 03e2 0D9C 0028 		CMP.W	R12, R13 { JLO	.L99
 1196 03e6 2693 0024 		CMP.W	#2, R6 { JEQ	.L113
 1197               	.L96:
 1198 03ea 8C00 0000 		MOVA	#__func__.4848, R12
 1199 03ee 4813      		CALLA	R8
 1200 03f0 8000 0000 		BRA	#.L106
 1201               	.L99:
 1202 03f4 3690 2000 		CMP.W	#32, R6 { JEQ	.L114
 1202      0024 
 1203 03fa 3690 8000 		CMP.W	#128, R6 { JNE	.L96
 1203      0020 
 1204 0400 8C00 0000 		MOVA	#rx_cfg, R12
 1205 0404 B013 0000 		CALLA	#elyRFChangeRxSyncS
 1206 0408 8C00 0000 		MOVA	#rx_cfg, R12
 1207 040c B013 0000 		CALLA	#elyRFChangeRxFilterParamsS
GAS LISTING /tmp/ccgIkuGE.s 			page 24


 1208 0410 8000 0000 		BRA	#.L106
 1209               	.L113:
 1210 0414 8C00 0000 		MOVA	#rx_cfg, R12
 1211 0418 B013 0000 		CALLA	#elyRFChangeRxFreqS
 1212 041c 8000 0000 		BRA	#.L106
 1213               	.L114:
 1214 0420 8C00 0000 		MOVA	#rx_cfg, R12
 1215 0424 B013 0000 		CALLA	#elyRFChangeRxDevS
 1216 0428 8000 0000 		BRA	#.L106
 1217               	.L95:
 1218 042c 8A00 0000 		MOVA	#__ucmpsi2, R10
 1219 0430 8800 0000 		MOVA	#chSysHalt, R8
 1220 0434 8000 0000 		BRA	#.L116
 1221               		.size	RFThd, .-RFThd
 1222               		.section	.upper.rodata,"a",@progbits
 1223               		.type	__func__.4848, @object
 1224               		.size	__func__.4848, 6
 1225               	__func__.4848:
 1226 0000 5246 5468 		.string	"RFThd"
 1226      6400 
 1227               		.type	lut.4816, @object
 1228               		.size	lut.4816, 92
 1229               	lut.4816:
 1230 0006 00        		.byte	0
 1231 0007 00        		.byte	0
 1232 0008 00        		.byte	0
 1233 0009 10        		.byte	16
 1234 000a 20        		.byte	32
 1235 000b 01        		.byte	1
 1236 000c 01        		.byte	1
 1237 000d 01        		.byte	1
 1238 000e 11        		.byte	17
 1239 000f 21        		.byte	33
 1240 0010 02        		.byte	2
 1241 0011 70        		.byte	112
 1242 0012 70        		.byte	112
 1243 0013 12        		.byte	18
 1244 0014 22        		.byte	34
 1245 0015 03        		.byte	3
 1246 0016 71        		.byte	113
 1247 0017 71        		.byte	113
 1248 0018 13        		.byte	19
 1249 0019 23        		.byte	35
 1250 001a 04        		.byte	4
 1251 001b 72        		.byte	114
 1252 001c 72        		.byte	114
 1253 001d 14        		.byte	20
 1254 001e 24        		.byte	36
 1255 001f 05        		.byte	5
 1256 0020 73        		.byte	115
 1257 0021 73        		.byte	115
 1258 0022 15        		.byte	21
 1259 0023 25        		.byte	37
 1260 0024 06        		.byte	6
 1261 0025 74        		.byte	116
 1262 0026 74        		.byte	116
 1263 0027 16        		.byte	22
GAS LISTING /tmp/ccgIkuGE.s 			page 25


 1264 0028 26        		.byte	38
 1265 0029 07        		.byte	7
 1266 002a 75        		.byte	117
 1267 002b 75        		.byte	117
 1268 002c 17        		.byte	23
 1269 002d 27        		.byte	39
 1270 002e 08        		.byte	8
 1271 002f 76        		.byte	118
 1272 0030 76        		.byte	118
 1273 0031 18        		.byte	24
 1274 0032 28        		.byte	40
 1275 0033 09        		.byte	9
 1276 0034 77        		.byte	119
 1277 0035 77        		.byte	119
 1278 0036 19        		.byte	25
 1279 0037 29        		.byte	41
 1280 0038 0A        		.byte	10
 1281 0039 78        		.byte	120
 1282 003a 78        		.byte	120
 1283 003b 1A        		.byte	26
 1284 003c 2A        		.byte	42
 1285 003d 0B        		.byte	11
 1286 003e 79        		.byte	121
 1287 003f 79        		.byte	121
 1288 0040 1B        		.byte	27
 1289 0041 2B        		.byte	43
 1290 0042 0C        		.byte	12
 1291 0043 7A        		.byte	122
 1292 0044 7A        		.byte	122
 1293 0045 1C        		.byte	28
 1294 0046 2C        		.byte	44
 1295 0047 0D        		.byte	13
 1296 0048 7B        		.byte	123
 1297 0049 7B        		.byte	123
 1298 004a 1D        		.byte	29
 1299 004b 2D        		.byte	45
 1300 004c 0E        		.byte	14
 1301 004d 7C        		.byte	124
 1302 004e 7C        		.byte	124
 1303 004f 1E        		.byte	30
 1304 0050 2E        		.byte	46
 1305 0051 0F        		.byte	15
 1306 0052 7D        		.byte	125
 1307 0053 7D        		.byte	125
 1308 0054 1F        		.byte	31
 1309 0055 2F        		.byte	47
 1310 0056 3F        		.byte	63
 1311 0057 7E        		.byte	126
 1312 0058 7E        		.byte	126
 1313 0059 7E        		.byte	126
 1314 005a 4F        		.byte	79
 1315 005b 6F        		.byte	111
 1316 005c 7F        		.byte	127
 1317 005d 7F        		.byte	127
 1318 005e 7F        		.byte	127
 1319 005f 7F        		.byte	127
 1320 0060 7F        		.byte	127
GAS LISTING /tmp/ccgIkuGE.s 			page 26


 1321 0061 7F        		.byte	127
 1322               		.type	__func__.4785, @object
 1323               		.size	__func__.4785, 18
 1324               	__func__.4785:
 1325 0062 656C 7952 		.string	"elyRFCfgMarkDirty"
 1325      4643 6667 
 1325      4D61 726B 
 1325      4469 7274 
 1325      7900 
 1326               		.type	__func__.4781, @object
 1327               		.size	__func__.4781, 19
 1328               	__func__.4781:
 1329 0074 656C 7952 		.string	"elyRFCfgMarkDirtyI"
 1329      4643 6667 
 1329      4D61 726B 
 1329      4469 7274 
 1329      7949 00
 1330               		.global	waRFThd
 1331               		.section	.upper.bss,"aw",@nobits
 1332               		.balign 2
 1333               		.type	waRFThd, @object
 1334               		.size	waRFThd, 320
 1335               	waRFThd:
 1336 0000 0000 0000 		.zero	320
 1336      0000 0000 
 1336      0000 0000 
 1336      0000 0000 
 1336      0000 0000 
 1337               		.section	.persistent,"aw"
 1338               		.balign 2
 1339               		.type	rx_cfg, @object
 1340               		.size	rx_cfg, 44
 1341               	rx_cfg:
 1342 0000 0000 0000 		.long	SPIDA0
 1343 0004 0000 0000 		.long	rf_spi_cfg
 1344 0008 0042 0000 		.long	16896
 1345 000c A861 0000 		.long	25000
 1346 0010 0014 A81B 		.long	464000000
 1347 0014 50C3 0000 		.long	50000
 1348 0018 0000 0000 		.long	0
 1349 001c 2ABB D88A 		.long	-1965507798
 1350 0020 00        		.byte	0
 1351 0021 00        		.zero	1
 1352 0022 2013 0000 		.long	4896
 1353 0026 0000 0000 		.long	0
 1354 002a 00        		.byte	0
 1355 002b 00        		.byte	0
 1356               		.balign 2
 1357               		.type	tx_cfg, @object
 1358               		.size	tx_cfg, 62
 1359               	tx_cfg:
 1360 002c 0000 0000 		.long	SPIDA0
 1361 0030 0000 0000 		.long	rf_spi_cfg
 1362 0034 C012 0000 		.long	4800
 1363 0038 8050 DE19 		.long	434000000
 1364 003c 8813 0000 		.long	5000
 1365 0040 00        		.byte	0
GAS LISTING /tmp/ccgIkuGE.s 			page 27


 1366 0041 00        		.byte	0
 1367 0042 0800      		.short	8
 1368 0044 EA83 E997 		.long	-1746304022
 1369 0048 00        		.byte	0
 1370 0049 01        		.byte	1
 1371 004a 2033 0000 		.long	13088
 1372 004e 20F2 0000 		.long	61984
 1373 0052 0000 0000 		.long	DLLTxPktCfg
 1374 0056 00        		.byte	0
 1375 0057 00        		.zero	1
 1376 0058 0000      		.short	0
 1377 005a 2082 0000 		.long	33312
 1378 005e 2022 0000 		.long	8736
 1379 0062 2012 0000 		.long	4640
 1380 0066 2002 0000 		.long	544
 1381 006a 0022 0000 		.long	8704
 1382 006e 0000 0000 		.long	0
 1383               		.global	rf_spi_cfg
 1384               		.balign 2
 1385               		.type	rf_spi_cfg, @object
 1386               		.size	rf_spi_cfg, 16
 1387               	rf_spi_cfg:
 1388 0072 0000 0000 		.long	0
 1389 0076 2003 0000 		.long	800
 1390 007a 4042 0F00 		.long	1000000
 1391 007e 01        		.byte	1
 1392 007f 00        		.byte	0
 1393 0080 00        		.byte	0
 1394 0081 00        		.zero	1
 1395               		.local	events
 1396               		.comm	events,4,2
 1397               		.global	rf_thd
 1398               		.section	.upper.bss
 1399               		.balign 2
 1400               		.type	rf_thd, @object
 1401               		.size	rf_thd, 4
 1402               	rf_thd:
 1403 0140 0000 0000 		.zero	4
 1404               		.global	rf_mbox
 1405               		.section	.persistent
 1406               		.balign 2
 1407               		.type	rf_mbox, @object
 1408               		.size	rf_mbox, 20
 1409               	rf_mbox:
 1410 0082 0000 0000 		.long	rf_buffer
 1411 0086 0000 0000 		.long	rf_buffer+48
 1412 008a 0000 0000 		.long	rf_buffer
 1413 008e 0000 0000 		.long	rf_buffer
 1414 0092 0000      		.short	0
 1415 0094 0C00      		.short	12
 1416               		.balign 2
 1417               		.type	rf_buffer, @object
 1418               		.size	rf_buffer, 48
 1419               	rf_buffer:
 1420 0096 0000 0000 		.zero	48
 1420      0000 0000 
 1420      0000 0000 
GAS LISTING /tmp/ccgIkuGE.s 			page 28


 1420      0000 0000 
 1420      0000 0000 
 1421               		.ident	"GCC: (SOMNIUM Technologies Limited - msp430-gcc 6.2.1.16) 6.2.1 20161212"
GAS LISTING /tmp/ccgIkuGE.s 			page 29


DEFINED SYMBOLS
                            *ABS*:0000000000000000 rf.c
     /tmp/ccgIkuGE.s:5      .text.port_lock:0000000000000000 port_lock
     /tmp/ccgIkuGE.s:28     .text.port_unlock:0000000000000000 port_unlock
     /tmp/ccgIkuGE.s:52     .text.elyRFPostI:0000000000000000 elyRFPostI
     /tmp/ccgIkuGE.s:1409   .persistent:0000000000000082 rf_mbox
     /tmp/ccgIkuGE.s:1402   .upper.bss:0000000000000140 rf_thd
     /tmp/ccgIkuGE.s:83     .text.elyRFPost:0000000000000000 elyRFPost
     /tmp/ccgIkuGE.s:119    .text.elyRFCfgMarkDirtyI:0000000000000000 elyRFCfgMarkDirtyI
     /tmp/ccgIkuGE.s:1328   .upper.rodata:0000000000000074 __func__.4781
     /tmp/ccgIkuGE.s:153    .text.elyRFCfgMarkDirty:0000000000000000 elyRFCfgMarkDirty
     /tmp/ccgIkuGE.s:1324   .upper.rodata:0000000000000062 __func__.4785
     /tmp/ccgIkuGE.s:187    .text.elyRFChangeTxFreqS:0000000000000000 elyRFChangeTxFreqS
     /tmp/ccgIkuGE.s:280    .text.elyRFChangeRxFreqS:0000000000000000 elyRFChangeRxFreqS
     /tmp/ccgIkuGE.s:373    .text.elyRFChangeTxBRS:0000000000000000 elyRFChangeTxBRS
     /tmp/ccgIkuGE.s:463    .text.elyRFChangeRxBRS:0000000000000000 elyRFChangeRxBRS
     /tmp/ccgIkuGE.s:553    .text.elyRFChangeTxDevS:0000000000000000 elyRFChangeTxDevS
     /tmp/ccgIkuGE.s:643    .text.elyRFChangeRxDevS:0000000000000000 elyRFChangeRxDevS
     /tmp/ccgIkuGE.s:733    .text.elyRFChangeTxSyncS:0000000000000000 elyRFChangeTxSyncS
     /tmp/ccgIkuGE.s:772    .text.elyRFChangeRxSyncS:0000000000000000 elyRFChangeRxSyncS
     /tmp/ccgIkuGE.s:811    .text.rfic_pow_to_reg:0000000000000000 rfic_pow_to_reg
     /tmp/ccgIkuGE.s:1229   .upper.rodata:0000000000000006 lut.4816
     /tmp/ccgIkuGE.s:836    .text.elyRFChangeTxPowerS:0000000000000000 elyRFChangeTxPowerS
     /tmp/ccgIkuGE.s:859    .text.elyRFChangeTxFilterParamsS:0000000000000000 elyRFChangeTxFilterParamsS
     /tmp/ccgIkuGE.s:885    .text.elyRFChangeRxFilterParamsS:0000000000000000 elyRFChangeRxFilterParamsS
     /tmp/ccgIkuGE.s:913    .text.RFThd:0000000000000000 RFThd
     /tmp/ccgIkuGE.s:1359   .persistent:000000000000002c tx_cfg
     /tmp/ccgIkuGE.s:1341   .persistent:0000000000000000 rx_cfg
     /tmp/ccgIkuGE.s:1396   .bss:0000000000000000 events
     /tmp/ccgIkuGE.s:1225   .upper.rodata:0000000000000000 __func__.4848
     /tmp/ccgIkuGE.s:1335   .upper.bss:0000000000000000 waRFThd
     /tmp/ccgIkuGE.s:1387   .persistent:0000000000000072 rf_spi_cfg
     /tmp/ccgIkuGE.s:1419   .persistent:0000000000000096 rf_buffer
     /tmp/ccgIkuGE.s:73     .text.elyRFPostI:0000000000000022 .L3
     /tmp/ccgIkuGE.s:108    .text.elyRFPost:000000000000002c .L6
     /tmp/ccgIkuGE.s:136    .text.elyRFCfgMarkDirtyI:0000000000000018 .L8
     /tmp/ccgIkuGE.s:140    .text.elyRFCfgMarkDirtyI:0000000000000026 .L9
     /tmp/ccgIkuGE.s:170    .text.elyRFCfgMarkDirty:0000000000000018 .L11
     /tmp/ccgIkuGE.s:174    .text.elyRFCfgMarkDirty:0000000000000026 .L12
     /tmp/ccgIkuGE.s:255    .text.elyRFChangeTxFreqS:00000000000000c6 .L14
     /tmp/ccgIkuGE.s:217    .text.elyRFChangeTxFreqS:000000000000003c .L19
     /tmp/ccgIkuGE.s:245    .text.elyRFChangeTxFreqS:00000000000000ac .L17
     /tmp/ccgIkuGE.s:226    .text.elyRFChangeTxFreqS:000000000000005e .L20
     /tmp/ccgIkuGE.s:220    .text.elyRFChangeTxFreqS:0000000000000044 .L16
     /tmp/ccgIkuGE.s:348    .text.elyRFChangeRxFreqS:00000000000000c8 .L22
     /tmp/ccgIkuGE.s:310    .text.elyRFChangeRxFreqS:000000000000003e .L27
     /tmp/ccgIkuGE.s:338    .text.elyRFChangeRxFreqS:00000000000000ae .L25
     /tmp/ccgIkuGE.s:319    .text.elyRFChangeRxFreqS:0000000000000060 .L28
     /tmp/ccgIkuGE.s:313    .text.elyRFChangeRxFreqS:0000000000000046 .L24
     /tmp/ccgIkuGE.s:438    .text.elyRFChangeTxBRS:00000000000000ba .L30
     /tmp/ccgIkuGE.s:403    .text.elyRFChangeTxBRS:000000000000003c .L35
     /tmp/ccgIkuGE.s:428    .text.elyRFChangeTxBRS:00000000000000a0 .L33
     /tmp/ccgIkuGE.s:406    .text.elyRFChangeTxBRS:0000000000000044 .L32
     /tmp/ccgIkuGE.s:528    .text.elyRFChangeRxBRS:00000000000000ba .L38
     /tmp/ccgIkuGE.s:493    .text.elyRFChangeRxBRS:000000000000003c .L43
     /tmp/ccgIkuGE.s:518    .text.elyRFChangeRxBRS:00000000000000a0 .L41
     /tmp/ccgIkuGE.s:496    .text.elyRFChangeRxBRS:0000000000000044 .L40
GAS LISTING /tmp/ccgIkuGE.s 			page 30


     /tmp/ccgIkuGE.s:618    .text.elyRFChangeTxDevS:00000000000000bc .L46
     /tmp/ccgIkuGE.s:583    .text.elyRFChangeTxDevS:000000000000003e .L51
     /tmp/ccgIkuGE.s:608    .text.elyRFChangeTxDevS:00000000000000a2 .L49
     /tmp/ccgIkuGE.s:586    .text.elyRFChangeTxDevS:0000000000000046 .L48
     /tmp/ccgIkuGE.s:708    .text.elyRFChangeRxDevS:00000000000000bc .L54
     /tmp/ccgIkuGE.s:673    .text.elyRFChangeRxDevS:000000000000003e .L59
     /tmp/ccgIkuGE.s:698    .text.elyRFChangeRxDevS:00000000000000a2 .L57
     /tmp/ccgIkuGE.s:676    .text.elyRFChangeRxDevS:0000000000000046 .L56
     /tmp/ccgIkuGE.s:1052   .text.RFThd:00000000000001dc .L68
     /tmp/ccgIkuGE.s:1065   .text.RFThd:000000000000020a .L69
     /tmp/ccgIkuGE.s:1076   .text.RFThd:000000000000023c .L70
     /tmp/ccgIkuGE.s:1084   .text.RFThd:0000000000000262 .L71
     /tmp/ccgIkuGE.s:1096   .text.RFThd:000000000000029a .L72
     /tmp/ccgIkuGE.s:1102   .text.RFThd:00000000000002b4 .L79
     /tmp/ccgIkuGE.s:1116   .text.RFThd:00000000000002e6 .L108
     /tmp/ccgIkuGE.s:1108   .text.RFThd:00000000000002cc .L77
     /tmp/ccgIkuGE.s:1217   .text.RFThd:000000000000042c .L95
     /tmp/ccgIkuGE.s:1057   .text.RFThd:00000000000001e6 .L94
     /tmp/ccgIkuGE.s:1131   .text.RFThd:0000000000000320 .L112
     /tmp/ccgIkuGE.s:1138   .text.RFThd:000000000000033a .L82
     /tmp/ccgIkuGE.s:1121   .text.RFThd:00000000000002f8 .L93
     /tmp/ccgIkuGE.s:1152   .text.RFThd:000000000000035e .L83
     /tmp/ccgIkuGE.s:1159   .text.RFThd:0000000000000376 .L109
     /tmp/ccgIkuGE.s:1163   .text.RFThd:0000000000000382 .L110
     /tmp/ccgIkuGE.s:1129   .text.RFThd:000000000000031a .L92
     /tmp/ccgIkuGE.s:1167   .text.RFThd:000000000000038e .L111
     /tmp/ccgIkuGE.s:1148   .text.RFThd:0000000000000354 .L80
     /tmp/ccgIkuGE.s:1155   .text.RFThd:000000000000036a .L90
     /tmp/ccgIkuGE.s:1188   .text.RFThd:00000000000003d6 .L98
     /tmp/ccgIkuGE.s:1171   .text.RFThd:000000000000039a .L107
     /tmp/ccgIkuGE.s:1201   .text.RFThd:00000000000003f4 .L99
     /tmp/ccgIkuGE.s:1209   .text.RFThd:0000000000000414 .L113
     /tmp/ccgIkuGE.s:1179   .text.RFThd:00000000000003b6 .L106
     /tmp/ccgIkuGE.s:1213   .text.RFThd:0000000000000420 .L114
     /tmp/ccgIkuGE.s:1197   .text.RFThd:00000000000003ea .L96
     /tmp/ccgIkuGE.s:1181   .text.RFThd:00000000000003bc .L116

UNDEFINED SYMBOLS
chMBPostI
chEvtSignalI
chMBPostS
nil
chSysHalt
chEvtSignal
bank0p
bank0w
__mspabi_srll_8
__mspabi_srll
SX1278D1
sx1278SetFrequency
SX1212D1
sx1212SetFrequency
sx1278SetBitrate
sx1212SetBitrate
sx1278SetDeviation
sx1212SetDeviation
sx1278SetSync
GAS LISTING /tmp/ccgIkuGE.s 			page 31


sx1212SetSync
sx1278SetPower
sx1278SetFilterParams
sx1212SetRxBw
__ucmpsi2
sx1278ObjectInit
sx1278Start
elyRFDLLTxInit
sx1212Start
elyRFDLLRxInit
elyRFDLLHandleRxFifo
elyRFDLLInitiateTransmit
elyRFDLLHandleTxFifo
elyRFDLLBuildFrame
chEvtWaitAnyTimeout
__crt0_init_highbss
SPIDA0
DLLTxPktCfg
__crt0_init_bss
