GAS LISTING /tmp/ccWEUqiN.s 			page 1


   1               		.file	"sdlp.c"
   2               		.section	.text.rxfifothresh_callback,"ax",@progbits
   3               		.balign 2
   4               		.global	rxfifothresh_callback
   5               		.type	rxfifothresh_callback, @function
   6               	rxfifothresh_callback:
   7               	; start of function
   8               	; framesize_regs:     0
   9               	; framesize_locals:   0
  10               	; framesize_outgoing: 0
  11               	; framesize:          0
  12               	; elim ap -> fp       4
  13               	; elim fp -> sp       0
  14               	; saved regs:(none)
  15               		; start of prologue
  16               		; end of prologue
  17 0000 3D40 0010 		MOV.W	#4096, R13
  18 0004 4E43      		MOV.B	#0, R14
  19 0006 2C00 0000 		MOVA	&rf_thd, R12
  20 000a B013 0000 		CALLA	#chEvtSignalI
  21               		; start of epilogue
  22 000e 1001      		RETA
  23               		.size	rxfifothresh_callback, .-rxfifothresh_callback
  24               		.section	.text.txlvl_callback,"ax",@progbits
  25               		.balign 2
  26               		.global	txlvl_callback
  27               		.type	txlvl_callback, @function
  28               	txlvl_callback:
  29               	; start of function
  30               	; framesize_regs:     0
  31               	; framesize_locals:   0
  32               	; framesize_outgoing: 0
  33               	; framesize:          0
  34               	; elim ap -> fp       4
  35               	; elim fp -> sp       0
  36               	; saved regs:(none)
  37               		; start of prologue
  38               		; end of prologue
  39 0000 3D40 0080 		MOV.W	#-32768, R13
  40 0004 4E43      		MOV.B	#0, R14
  41 0006 2C00 0000 		MOVA	&rf_thd, R12
  42 000a B013 0000 		CALLA	#chEvtSignalI
  43               		; start of epilogue
  44 000e 1001      		RETA
  45               		.size	txlvl_callback, .-txlvl_callback
  46               		.section	.text.write_cb,"ax",@progbits
  47               		.balign 2
  48               		.global	write_cb
  49               		.type	write_cb, @function
  50               	write_cb:
  51               	; start of function
  52               	; framesize_regs:     8
  53               	; framesize_locals:   0
  54               	; framesize_outgoing: 0
  55               	; framesize:          8
  56               	; elim ap -> fp       12
  57               	; elim fp -> sp       0
GAS LISTING /tmp/ccWEUqiN.s 			page 2


  58               	; saved regs: R9 R10
  59               		; start of prologue
  60 0000 1A14      		PUSHM.A	#2, R10
  61               		; end of prologue
  62 0002 2C00 0000 		MOVA	&SX1278D1, R12
  63 0006 3C0C 2200 		MOVA	34(R12), R12
  64 000a CA0C      		MOVA	R12, R10
  65 000c 0018 7AF0 		ANDX.A	#4095, R10
  65      FF0F 
  66 0012 194A 0200 		MOV.W	2(R10), R9
  67 0016 0C14 4018 		PUSHM.A	#1, R12 { POPX.W	R12 { POPX.W	R13 ; move pointer in R12 into reg-pair R12:R13
  67      3C41 4018 
  67      3D41 
  68 0020 B013 0000 		CALLA	#__mspabi_srll_12
  69 0024 0D12 0C12 		PUSH.W	R13 { PUSH.W	R12 { POPM.A	#1, R12
  69      0C16 
  70 002a 4018 0D4C 		MOVX	R12, R13
  71 002e 5C43      		MOV.B	#1, R12
  72 0030 B013 0000 		CALLA	#__mspabi_slli
  73 0034 0CD9      		BIS.W	R9, R12
  74 0036 8A4C 0200 		MOV.W	R12, 2(R10)
  75 003a 8A00 0000 		MOVA	#chEvtSignalI, R10
  76 003e 4018 9292 		CMPX.W	&tf_len, &tf_idx { JNE	.L4
  76      0000 0000 
  76      0020 
  77 0048 C01F B2F0 		ANDX.W	#-4097, &546
  77      FFEF 2202 
  78 0050 6D43      		MOV.B	#2, R13
  79 0052 3C40 2002 		MOV.W	#544, R12
  80 0056 B013 0000 		CALLA	#_pal_lld_disablepadevent
  81 005a 3D40 0020 		MOV.W	#8192, R13
  82 005e 5E43      		MOV.B	#1, R14
  83 0060 2C00 0000 		MOVA	&rf_thd, R12
  84 0064 4A13      		CALLA	R10
  85 0066 4018 8243 		MOVX.W	#0, &tf_idx
  85      0000 
  86               	.L3:
  87               		; start of epilogue
  88 006c 1916      		POPM.A	#2, r10
  89 006e 1001      		RETA
  90               	.L4:
  91 0070 3D40 0020 		MOV.W	#8192, R13
  92 0074 4E43      		MOV.B	#0, R14
  93 0076 2C00 0000 		MOVA	&rf_thd, R12
  94 007a 4A13      		CALLA	R10
  95 007c 8000 0000 		BRA	#.L3
  96               		.size	write_cb, .-write_cb
  97               		.section	.text.elyRFChangeTxSyncS,"ax",@progbits
  98               		.balign 2
  99               		.global	elyRFChangeTxSyncS
 100               		.type	elyRFChangeTxSyncS, @function
 101               	elyRFChangeTxSyncS:
 102               	; start of function
 103               	; framesize_regs:     4
 104               	; framesize_locals:   0
 105               	; framesize_outgoing: 0
 106               	; framesize:          4
GAS LISTING /tmp/ccWEUqiN.s 			page 3


 107               	; elim ap -> fp       8
 108               	; elim fp -> sp       0
 109               	; saved regs: R10
 110               		; start of prologue
 111 0000 0A14      		PUSHM.A	#1, R10
 112               		; end of prologue
 113 0002 2A00 0000 		MOVA	&bank0p, R10
 114 0006 EAB2 C400 		BIT.B	#4, 196(R10) { JNE	.L6
 114      0020 
 115 000c 5D4A 1100 		MOV.B	17(R10), R13
 116 0010 4718 0D5D 		rpt	#8 { rlax.w	R13
 117 0014 5E4A 1000 		MOV.B	16(R10), R14
 118 0018 0DDE      		BIS.W	R14, R13
 119 001a 5E4A 1300 		MOV.B	19(R10), R14
 120 001e 4718 0E5E 		rpt	#8 { rlax.w	R14
 121 0022 5A4A 1200 		MOV.B	18(R10), R10
 122 0026 0EDA      		BIS.W	R10, R14
 123 0028 8C4D 1800 		MOV.W	R13, 24(R12)
 124 002c 8C4E 1A00 		MOV.W	R14, 26(R12)
 125 0030 8C00 0000 		MOVA	#SX1278D1, R12
 126 0034 B013 0000 		CALLA	#sx1278SetSync
 127               	.L6:
 128               		; start of epilogue
 129 0038 0A16      		POPM.A	#1, r10
 130 003a 1001      		RETA
 131               		.size	elyRFChangeTxSyncS, .-elyRFChangeTxSyncS
 132               		.section	.text.elyRFDLLClampReg,"ax",@progbits
 133               		.balign 2
 134               		.global	elyRFDLLClampReg
 135               		.type	elyRFDLLClampReg, @function
 136               	elyRFDLLClampReg:
 137               	; start of function
 138               	; framesize_regs:     8
 139               	; framesize_locals:   0
 140               	; framesize_outgoing: 0
 141               	; framesize:          8
 142               	; elim ap -> fp       12
 143               	; elim fp -> sp       0
 144               	; saved regs: R9 R10
 145               		; start of prologue
 146 0000 1A14      		PUSHM.A	#2, R10
 147               		; end of prologue
 148 0002 494C      		MOV.B	R12, R9
 149 0004 4A4D      		MOV.B	R13, R10
 150 0006 4C49      		MOV.B	R9, R12
 151 0008 7C50 4000 		ADD.B	#64, R12
 152 000c 7D40 1400 		MOV.B	#20, R13
 153 0010 4D9C 002C 		CMP.B	R12, R13 { JHS	.L9
 154 0014 8C00 0000 		MOVA	#__func__.5179, R12
 155 0018 B013 0000 		CALLA	#chSysHalt
 156               	.L9:
 157 001c 7990 C3FF 		CMP.B	#-61, R9 { JEQ	.L11
 157      0024 
 158 0022 7D40 C3FF 		MOV.B	#-61, R13
 159 0026 4D99 0028 		CMP.B	R9, R13 { JLO	.L12
 160 002a 7990 C1FF 		CMP.B	#-63, R9 { JEQ	.L13
 160      0024 
GAS LISTING /tmp/ccWEUqiN.s 			page 4


 161 0030 7D40 C1FF 		MOV.B	#-63, R13
 162 0034 4D99 0028 		CMP.B	R9, R13 { JLO	.L14
 163 0038 7990 C0FF 		CMP.B	#-64, R9 { JEQ	.L15
 163      0024 
 164               	.L10:
 165 003e 4C4A      		MOV.B	R10, R12
 166               		; start of epilogue
 167 0040 1916      		POPM.A	#2, r10
 168 0042 1001      		RETA
 169               	.L12:
 170 0044 7990 C7FF 		CMP.B	#-57, R9 { JEQ	.L16
 170      0024 
 171 004a 7990 C7FF 		CMP.B	#-57, R9 { JLO	.L10
 171      0028 
 172 0050 7950 3500 		ADD.B	#53, R9
 173 0054 7C42      		MOV.B	#8, R12
 174 0056 4C99 0028 		CMP.B	R9, R12 { JLO	.L10
 175 005a 4018 3AB0 		BITX.W	#16, R10 { JEQ	.L19
 175      1000 0024 
 176 0062 3A90 1000 		CMP.W	#16, R10 { JEQ	.L19
 176      0024 
 177 0068 7C40 88FF 		MOV.B	#-120, R12
 178 006c B013 0000 		CALLA	#elyErrorSignal
 179 0070 7A40 1000 		MOV.B	#16, R10
 180 0074 8000 0000 		BRA	#.L10
 181               	.L15:
 182 0078 7D40 0600 		MOV.B	#6, R13
 183 007c 4D9A 0028 		CMP.B	R10, R13 { JLO	.L10
 184 0080 7C40 88FF 		MOV.B	#-120, R12
 185 0084 B013 0000 		CALLA	#elyErrorSignal
 186 0088 7A40 0700 		MOV.B	#7, R10
 187 008c 8000 0000 		BRA	#.L10
 188               	.L13:
 189 0090 7C40 4000 		MOV.B	#64, R12
 190 0094 4C9A 002C 		CMP.B	R10, R12 { JHS	.L10
 191 0098 7C40 88FF 		MOV.B	#-120, R12
 192 009c B013 0000 		CALLA	#elyErrorSignal
 193 00a0 7A40 4000 		MOV.B	#64, R10
 194 00a4 8000 0000 		BRA	#.L10
 195               	.L14:
 196 00a8 4C4A      		MOV.B	R10, R12
 197 00aa 7CF0 3800 		AND.B	#56, R12
 198 00ae 7C90 3800 		CMP.B	#56, R12 { JNE	.L18
 198      0020 
 199 00b4 7AF0 F700 		AND.B	#247, R10
 200               	.L18:
 201 00b8 4C4A      		MOV.B	R10, R12
 202 00ba 7CF0 0700 		AND.B	#7, R12
 203 00be 7D40 0500 		MOV.B	#5, R13
 204 00c2 4D9C 002C 		CMP.B	R12, R13 { JHS	.L10
 205 00c6 7AF0 FC00 		AND.B	#252, R10
 206 00ca 1AD3      		BIS.W	#1, R10
 207 00cc 8000 0000 		BRA	#.L10
 208               	.L11:
 209 00d0 4C4A      		MOV.B	R10, R12
 210 00d2 7CF0 0300 		AND.B	#3, R12
 211 00d6 7C90 0300 		CMP.B	#3, R12 { JNE	.L10
GAS LISTING /tmp/ccWEUqiN.s 			page 5


 211      0020 
 212               	.L16:
 213 00dc 7AF0 FE00 		AND.B	#254, R10
 214 00e0 8000 0000 		BRA	#.L10
 215               	.L19:
 216 00e4 4018 3AB2 		BITX.W	#8, R10 { JEQ	.L20
 216      0024 
 217 00ea 3A92 0024 		CMP.W	#8, R10 { JEQ	.L20
 218 00ee 7C40 88FF 		MOV.B	#-120, R12
 219 00f2 B013 0000 		CALLA	#elyErrorSignal
 220 00f6 7A42      		MOV.B	#8, R10
 221 00f8 8000 0000 		BRA	#.L10
 222               	.L20:
 223 00fc 4018 2AB2 		BITX.W	#4, R10 { JEQ	.L21
 223      0024 
 224 0102 2A92 0024 		CMP.W	#4, R10 { JEQ	.L21
 225 0106 7C40 88FF 		MOV.B	#-120, R12
 226 010a B013 0000 		CALLA	#elyErrorSignal
 227 010e 6A42      		MOV.B	#4, R10
 228 0110 8000 0000 		BRA	#.L10
 229               	.L21:
 230 0114 4018 2AB3 		BITX.W	#2, R10 { JEQ	.L22
 230      0024 
 231 011a 2A93 0024 		CMP.W	#2, R10 { JEQ	.L22
 232 011e 7C40 88FF 		MOV.B	#-120, R12
 233 0122 B013 0000 		CALLA	#elyErrorSignal
 234 0126 6A43      		MOV.B	#2, R10
 235 0128 8000 0000 		BRA	#.L10
 236               	.L22:
 237 012c 4018 1AB3 		BITX.W	#1, R10 { JEQ	.L23
 237      0024 
 238 0132 1A93 0024 		CMP.W	#1, R10 { JEQ	.L23
 239 0136 7C40 88FF 		MOV.B	#-120, R12
 240 013a B013 0000 		CALLA	#elyErrorSignal
 241 013e 5A43      		MOV.B	#1, R10
 242 0140 8000 0000 		BRA	#.L10
 243               	.L23:
 244 0144 7AB0 D0FF 		BIT.B	#-48, R10 { JEQ	.L10
 244      0024 
 245 014a 7C40 88FF 		MOV.B	#-120, R12
 246 014e B013 0000 		CALLA	#elyErrorSignal
 247 0152 4A43      		MOV.B	#0, R10
 248 0154 8000 0000 		BRA	#.L10
 249               		.size	elyRFDLLClampReg, .-elyRFDLLClampReg
 250               		.section	.text.elyRFDLLBuildFrame,"ax",@progbits
 251               		.balign 2
 252               		.global	elyRFDLLBuildFrame
 253               		.type	elyRFDLLBuildFrame, @function
 254               	elyRFDLLBuildFrame:
 255               	; start of function
 256               	; framesize_regs:     28
 257               	; framesize_locals:   0
 258               	; framesize_outgoing: 0
 259               	; framesize:          28
 260               	; elim ap -> fp       32
 261               	; elim fp -> sp       0
 262               	; saved regs: R4 R5 R6 R7 R8 R9 R10
GAS LISTING /tmp/ccWEUqiN.s 			page 6


 263               		; start of prologue
 264 0000 6A14      		PUSHM.A	#7, R10
 265               		; end of prologue
 266 0002 8A00 0000 		MOVA	#chEvtSignal, R10
 267 0006 3D40 0004 		MOV.W	#1024, R13
 268 000a 4E43      		MOV.B	#0, R14
 269 000c 2C00 0000 		MOVA	&rf_thd, R12
 270 0010 4A13      		CALLA	R10
 271 0012 2400 0000 		MOVA	&bank0p, R4
 272 0016 5C44 CA00 		MOV.B	202(R4), R12
 273 001a 5D44 C900 		MOV.B	201(R4), R13
 274 001e 8600 0000 		MOVA	#tf_buffer, R6
 275 0022 0F4D      		MOV.W	R13, R15
 276 0024 5F0F      		rrum.w	#4, R15
 277 0026 6FD6      		BIS.B	@R6, R15
 278 0028 0E4C      		MOV.W	R12, R14
 279 002a 4318 0E5E 		rpt	#4 { rlax.w	R14
 280 002e 7EF0 3000 		AND.B	#48, R14
 281 0032 4FDE      		BIS.B	R14, R15
 282 0034 C64F 0000 		MOV.B	R15, @R6
 283 0038 4318 0D5D 		rpt	#4 { rlax.w	R13
 284 003c 5DD6 0100 		BIS.B	1(R6), R13
 285 0040 0C11      		RRA.W	R12
 286 0042 7CF0 0E00 		AND.B	#14, R12
 287 0046 4DDC      		BIS.B	R12, R13
 288 0048 C64D 0100 		MOV.B	R13, 1(R6)
 289 004c 4018 5E42 		MOVX.B	&mcfc, R14
 289      0000 
 290 0052 C64E 0200 		MOV.B	R14, 2(R6)
 291 0056 8C00 0000 		MOVA	#vcfc, R12
 292 005a 6D4C      		MOV.B	@R12, R13
 293 005c C64D 0300 		MOV.B	R13, 3(R6)
 294 0060 5E53      		ADD.B	#1, R14
 295 0062 4018 C24E 		MOVX.B	R14, &mcfc
 295      0000 
 296 0068 5D53      		ADD.B	#1, R13
 297 006a CC4D 0000 		MOV.B	R13, @R12
 298 006e 5C46 0400 		MOV.B	4(R6), R12
 299 0072 7CF0 BFFF 		AND.B	#-65, R12
 300 0076 7CD0 0700 		BIS.B	#7, R12
 301 007a C64C 0400 		MOV.B	R12, 4(R6)
 302 007e 4018 F243 		MOVX.B	#-1, &tf_buffer+5
 302      0000 
 303 0084 4018 C293 		CMPX.B	#0, &state.5199 { JNE	.L78
 303      0000 0020 
 304 008c 3E43      		MOV.W	#-1, R14
 305 008e 8D00 0000 		MOVA	#active_packet.5204, R13
 306 0092 8C00 0000 		MOVA	#rf_mbox, R12
 307 0096 B013 0000 		CALLA	#chMBFetch
 308 009a 9C00 0000 		CMPA	#0, R12 { JEQ	.L60
 308      0024 
 309 00a0 8C00 0000 		MOVA	#__func__.5207, R12
 310 00a4 B013 0000 		CALLA	#chSysHalt
 311               	.L60:
 312 00a8 2C00 0000 		MOVA	&active_packet.5204, R12
 313 00ac B013 0000 		CALLA	#elyNLGetLength
 314 00b0 600C 0000 		MOVA	R12, &pkt_len.5205
GAS LISTING /tmp/ccWEUqiN.s 			page 7


 315 00b4 F6F0 F8FF 		AND.B	#-8, 4(R6)
 315      0400 
 316 00ba 4018 C243 		MOVX.B	#0, &tf_buffer+5
 316      0000 
 317 00c0 0018 C243 		MOVX.A	#0, &idle_len.5200
 317      0000 
 318 00c6 0018 C243 		MOVX.A	#0, &idle_idx.5201
 318      0000 
 319 00cc 0018 C243 		MOVX.A	#0, &pkt_idx.5206
 319      0000 
 320 00d2 5943      		MOV.B	#1, R9
 321               	.L59:
 322 00d4 4018 D243 		MOVX.B	#1, &state.5199
 322      0000 
 323 00da 7A40 0600 		MOV.B	#6, R10
 324 00de 8500 0000 		MOVA	#elyNLFreeBufferChecked, R5
 325 00e2 8700 0000 		MOVA	#chMBFetch, R7
 326               	.L61:
 327 00e6 2800 0000 		MOVA	&tf_data_len, R8
 328 00ea DA08 0020 		CMPA	R8, R10 { JNE	.L76
 329 00ee C493 C200 		CMP.B	#0, 194(R4) { JGE	.L77
 329      0034 
 330 00f4 4018 1D42 		MOVX	&tf_len, R13
 330      0000 
 331 00fa 8C00 0000 		MOVA	#tf_buffer, R12
 332 00fe B013 0000 		CALLA	#crcGenSDLP
 333               	.L77:
 334 0102 3D40 0008 		MOV.W	#2048, R13
 335 0106 4E43      		MOV.B	#0, R14
 336 0108 2C00 0000 		MOVA	&rf_thd, R12
 337 010c B013 0000 		CALLA	#chEvtSignal
 338               		; start of epilogue
 339 0110 6416      		POPM.A	#7, r10
 340 0112 1001      		RETA
 341               	.L78:
 342 0114 4943      		MOV.B	#0, R9
 343 0116 8000 0000 		BRA	#.L59
 344               	.L76:
 345 011a 4018 5C42 		MOVX.B	&state.5199, R12
 345      0000 
 346 0120 6C93 0024 		CMP.B	#2, R12 { JEQ	.L63
 347 0124 7C90 0300 		CMP.B	#3, R12 { JEQ	.L64
 347      0024 
 348 012a 5C93 0020 		CMP.B	#1, R12 { JNE	.L82
 349 012e 0018 C293 		CMPX.A	#0, &idle_len.5200 { JEQ	.L66
 349      0000 0024 
 350 0136 4018 F240 		MOVX.B	#3, &state.5199
 350      0300 0000 
 351 013e 8000 0000 		BRA	#.L61
 352               	.L66:
 353 0142 4018 E243 		MOVX.B	#2, &state.5199
 353      0000 
 354 0148 8000 0000 		BRA	#.L61
 355               	.L63:
 356 014c 0018 D292 		CMPX.A	&pkt_len.5205, &pkt_idx.5206 { JNE	.L68
 356      0000 0000 
 356      0020 
GAS LISTING /tmp/ccWEUqiN.s 			page 8


 357 0156 0018 C243 		MOVX.A	#0, &pkt_idx.5206
 357      0000 
 358 015c 2C00 0000 		MOVA	&active_packet.5204, R12
 359 0160 4513      		CALLA	R5
 360 0162 0993 0020 		CMP.W	#0, R9 { JNE	.L69
 361 0166 CC0A      		MOVA	R10, R12
 362 0168 AC0F FAFF 		ADDA	#-6, R12
 363 016c 0C14 4018 		PUSHM.A	#1, R12 { POPX.W	R12 { POPX.W	R13 ; move pointer in R12 into reg-pair R12:R13
 363      3C41 4018 
 363      3D41 
 364 0176 B013 0000 		CALLA	#__mspabi_srll_8
 365 017a 0D12 0C12 		PUSH.W	R13 { PUSH.W	R12 { POPM.A	#1, R12
 365      0C16 
 366 0180 C6DC 0400 		BIS.B	R12, 4(R6)
 367 0184 4C4A      		MOV.B	R10, R12
 368 0186 7C50 FAFF 		ADD.B	#-6, R12
 369 018a C64C 0500 		MOV.B	R12, 5(R6)
 370               	.L69:
 371 018e 7E40 6400 		MOV.B	#100, R14
 372 0192 8D00 0000 		MOVA	#active_packet.5204, R13
 373 0196 8C00 0000 		MOVA	#rf_mbox, R12
 374 019a 4713      		CALLA	R7
 375 019c 9C00 0000 		CMPA	#0, R12 { JEQ	.L70
 375      0024 
 376 01a2 2E00 0000 		MOVA	&tf_data_len, R14
 377 01a6 0018 4C4E 		MOVX.A	R14, R12 { SUBX.A	R10, R12
 377      0018 4C8A 
 378 01ae 7D40 0600 		MOV.B	#6, R13
 379 01b2 DD0C 002C 		CMPA	R12, R13 { JHS	.L71
 380 01b6 600C 0000 		MOVA	R12, &idle_len.5200
 381               	.L72:
 382 01ba 2800 0000 		MOVA	&idle_len.5200, R8
 383 01be 8900 0000 		MOVA	#idle_header, R9
 384 01c2 CC08      		MOVA	R8, R12
 385 01c4 AC0F F9FF 		ADDA	#-7, R12
 386 01c8 0C14 4018 		PUSHM.A	#1, R12 { POPX.W	R12 { POPX.W	R13 ; move pointer in R12 into reg-pair R12:R13
 386      3C41 4018 
 386      3D41 
 387 01d2 B013 0000 		CALLA	#__mspabi_srll_8
 388 01d6 0D12 0C12 		PUSH.W	R13 { PUSH.W	R12 { POPM.A	#1, R12
 388      0C16 
 389 01dc C94C 0400 		MOV.B	R12, 4(R9)
 390 01e0 7850 F9FF 		ADD.B	#-7, R8
 391 01e4 C948 0500 		MOV.B	R8, 5(R9)
 392 01e8 0018 C243 		MOVX.A	#0, &idle_idx.5201
 392      0000 
 393 01ee 4018 F240 		MOVX.B	#3, &state.5199
 393      0300 0000 
 394 01f6 5943      		MOV.B	#1, R9
 395 01f8 8000 0000 		BRA	#.L61
 396               	.L71:
 397 01fc EE0C      		ADDA	R12, R14
 398 01fe 600E 0000 		MOVA	R14, &idle_len.5200
 399 0202 8000 0000 		BRA	#.L72
 400               	.L70:
 401 0206 2C00 0000 		MOVA	&active_packet.5204, R12
 402 020a B013 0000 		CALLA	#elyNLGetLength
GAS LISTING /tmp/ccWEUqiN.s 			page 9


 403 020e 600C 0000 		MOVA	R12, &pkt_len.5205
 404 0212 5943      		MOV.B	#1, R9
 405               	.L68:
 406 0214 2C00 0000 		MOVA	&pkt_idx.5206, R12
 407 0218 CD0C      		MOVA	R12, R13
 408 021a AD00 0100 		ADDA	#1, R13
 409 021e 600D 0000 		MOVA	R13, &pkt_idx.5206
 410 0222 0018 5C52 		ADDX.A	&active_packet.5204, R12
 410      0000 
 411 0228 4018 EA4C 		MOVX.B	@R12, tf_buffer(R10)
 411      0000 
 412 022e AA00 0100 		ADDA	#1, R10
 413 0232 8000 0000 		BRA	#.L61
 414               	.L64:
 415 0236 2C00 0000 		MOVA	&idle_idx.5201, R12
 416 023a CE0A      		MOVA	R10, R14
 417 023c AE00 0100 		ADDA	#1, R14
 418 0240 AA00 0000 		ADDA	#tf_buffer, R10
 419 0244 7D40 0500 		MOV.B	#5, R13
 420 0248 DD0C 0028 		CMPA	R12, R13 { JLO	.L73
 421 024c CD0C      		MOVA	R12, R13
 422 024e AD00 0100 		ADDA	#1, R13
 423 0252 600D 0000 		MOVA	R13, &idle_idx.5201
 424 0256 4018 DA4C 		MOVX.B	idle_header(R12), @R10
 424      0000 0000 
 425               	.L83:
 426 025e CA0E      		MOVA	R14, R10
 427 0260 0018 D292 		CMPX.A	&idle_len.5200, &idle_idx.5201 { JNE	.L61
 427      0000 0000 
 427      0020 
 428 026a DE08 0024 		CMPA	R8, R14 { JEQ	.L75
 429 026e 8C00 0000 		MOVA	#__func__.5207, R12
 430 0272 B013 0000 		CALLA	#chSysHalt
 431               	.L75:
 432 0276 0018 C243 		MOVX.A	#0, &idle_len.5200
 432      0000 
 433 027c 3E43      		MOV.W	#-1, R14
 434 027e 3C40 0004 		MOV.W	#1024, R12
 435 0282 4D43      		MOV.B	#0, R13
 436 0284 B013 0000 		CALLA	#chEvtWaitAnyTimeout
 437 0288 4018 C243 		MOVX.B	#0, &state.5199
 437      0000 
 438 028e 8000 0000 		BRA	#.L61
 439               	.L73:
 440 0292 FA40 AAFF 		MOV.B	#-86, @R10
 440      0000 
 441 0298 AC00 0100 		ADDA	#1, R12
 442 029c 600C 0000 		MOVA	R12, &idle_idx.5201
 443 02a0 8000 0000 		BRA	#.L83
 444               	.L82:
 445 02a4 8C00 0000 		MOVA	#__func__.5207, R12
 446 02a8 B013 0000 		CALLA	#chSysHalt
 447 02ac 8000 0000 		BRA	#.L61
 448               		.size	elyRFDLLBuildFrame, .-elyRFDLLBuildFrame
 449               		.section	.text.packet_callback,"ax",@progbits
 450               		.balign 2
 451               		.global	packet_callback
GAS LISTING /tmp/ccWEUqiN.s 			page 10


 452               		.type	packet_callback, @function
 453               	packet_callback:
 454               	; start of function
 455               	; framesize_regs:     12
 456               	; framesize_locals:   0
 457               	; framesize_outgoing: 0
 458               	; framesize:          12
 459               	; elim ap -> fp       16
 460               	; elim fp -> sp       0
 461               	; saved regs: R6 R8 R10
 462               		; start of prologue
 463 0000 0A14      		PUSHM.A	#1, R10
 464 0002 0814      		PUSHM.A	#1, R8
 465 0004 0614      		PUSHM.A	#1, R6
 466               		; end of prologue
 467 0006 CA0C      		MOVA	R12, R10
 468 0008 4018 1D52 		ADDX.W	&rx_idx, R13
 468      0000 
 469 000e 4018 824D 		MOVX.W	R13, &rx_idx
 469      0000 
 470 0014 4018 1C42 		MOVX.W	&rx_pkt_len, R12
 470      0000 
 471 001a 8600 0000 		MOVA	#sx1212ReceiveI, R6
 472 001e 8800 0000 		MOVA	#chEvtSignalI, R8
 473 0022 0D9C 002C 		CMP.W	R12, R13 { JHS	.L85
 474 0026 7D40 3F00 		MOV.B	#63, R13
 475 002a 0D9C 002C 		CMP.W	R12, R13 { JHS	.L86
 476 002e 7C40 3000 		MOV.B	#48, R12
 477               	.L86:
 478 0032 4018 C24C 		MOVX.B	R12, &curr_threshold
 478      0000 
 479 0038 8E00 0000 		MOVA	#rxfifothresh_callback, R14
 480 003c 4018 0D4C 		MOVX	R12, R13
 481 0040 CC0A      		MOVA	R10, R12
 482 0042 4613      		CALLA	R6
 483 0044 3D40 0020 		MOV.W	#8192, R13
 484               	.L88:
 485 0048 4E43      		MOV.B	#0, R14
 486 004a 2C00 0000 		MOVA	&rf_thd, R12
 487 004e 4813      		CALLA	R8
 488               		; start of epilogue
 489 0050 0616      		POPM.A	#1, r6
 490 0052 0816      		POPM.A	#1, r8
 491 0054 0A16      		POPM.A	#1, r10
 492 0056 1001      		RETA
 493               	.L85:
 494 0058 2C00 0000 		MOVA	&rx_active_buffer, R12
 495 005c B013 0000 		CALLA	#elyNLRouteRFI
 496 0060 CC0A      		MOVA	R10, R12
 497 0062 B013 0000 		CALLA	#sx1212StopReceiveI
 498 0066 8E00 0000 		MOVA	#rxfifothresh_callback, R14
 499 006a 7D40 0500 		MOV.B	#5, R13
 500 006e CC0A      		MOVA	R10, R12
 501 0070 4613      		CALLA	R6
 502 0072 3D40 0060 		MOV.W	#24576, R13
 503 0076 8000 0000 		BRA	#.L88
 504               		.size	packet_callback, .-packet_callback
GAS LISTING /tmp/ccWEUqiN.s 			page 11


 505               		.section	.text.header_callback,"ax",@progbits
 506               		.balign 2
 507               		.global	header_callback
 508               		.type	header_callback, @function
 509               	header_callback:
 510               	; start of function
 511               	; framesize_regs:     4
 512               	; framesize_locals:   0
 513               	; framesize_outgoing: 0
 514               	; framesize:          4
 515               	; elim ap -> fp       8
 516               	; elim fp -> sp       0
 517               	; saved regs: R10
 518               		; start of prologue
 519 0000 0A14      		PUSHM.A	#1, R10
 520               		; end of prologue
 521 0002 CA0C      		MOVA	R12, R10
 522 0004 9D00 0500 		CMPA	#5, R13 { JEQ	.L90
 522      0024 
 523 000a 8C00 0000 		MOVA	#__func__.5230, R12
 524 000e B013 0000 		CALLA	#chSysHalt
 525               	.L90:
 526 0012 8E00 0000 		MOVA	#tc_hdr_buff, R14
 527 0016 5C4E 0200 		MOV.B	2(R14), R12
 528 001a 4718 0C5C 		rpt	#8 { rlax.w	R12
 529 001e 3CF0 0003 		AND.W	#768, R12
 530 0022 5E4E 0300 		MOV.B	3(R14), R14
 531 0026 0CDE      		BIS.W	R14, R12
 532 0028 3C50 FBFF 		ADD.W	#-5, R12
 533 002c 4018 824C 		MOVX.W	R12, &rx_pkt_len
 533      0000 
 534 0032 B013 0000 		CALLA	#elyNLGetBufferI
 535 0036 600C 0000 		MOVA	R12, &rx_active_buffer
 536 003a 4018 1D42 		MOVX.W	&rx_pkt_len, R13
 536      0000 
 537 0040 7C40 3F00 		MOV.B	#63, R12
 538 0044 0C9D 002C 		CMP.W	R13, R12 { JHS	.L91
 539 0048 7D40 3000 		MOV.B	#48, R13
 540               	.L91:
 541 004c 4018 C24D 		MOVX.B	R13, &curr_threshold
 541      0000 
 542 0052 4018 8243 		MOVX.W	#0, &rx_idx
 542      0000 
 543 0058 8E00 0000 		MOVA	#rxfifothresh_callback, R14
 544 005c 4018 0D4D 		MOVX	R13, R13
 545 0060 CC0A      		MOVA	R10, R12
 546 0062 B013 0000 		CALLA	#sx1212ReceiveI
 547 0066 3D40 0020 		MOV.W	#8192, R13
 548 006a 4E43      		MOV.B	#0, R14
 549 006c 2C00 0000 		MOVA	&rf_thd, R12
 550 0070 B013 0000 		CALLA	#chEvtSignalI
 551 0074 4018 D243 		MOVX.B	#1, &dll_state
 551      0000 
 552               		; start of epilogue
 553 007a 0A16      		POPM.A	#1, r10
 554 007c 1001      		RETA
 555               		.size	header_callback, .-header_callback
GAS LISTING /tmp/ccWEUqiN.s 			page 12


 556               		.section	.text.elyRFDLLRxInit,"ax",@progbits
 557               		.balign 2
 558               		.global	elyRFDLLRxInit
 559               		.type	elyRFDLLRxInit, @function
 560               	elyRFDLLRxInit:
 561               	; start of function
 562               	; framesize_regs:     4
 563               	; framesize_locals:   0
 564               	; framesize_outgoing: 0
 565               	; framesize:          4
 566               	; elim ap -> fp       8
 567               	; elim fp -> sp       0
 568               	; saved regs: R10
 569               		; start of prologue
 570 0000 0A14      		PUSHM.A	#1, R10
 571               		; end of prologue
 572 0002 CA0C      		MOVA	R12, R10
 573 0004 B013 0000 		CALLA	#sx1212StopReceive
 574 0008 8E00 0000 		MOVA	#rxfifothresh_callback, R14
 575 000c 7D40 0500 		MOV.B	#5, R13
 576 0010 CC0A      		MOVA	R10, R12
 577 0012 B013 0000 		CALLA	#sx1212StartReceive
 578 0016 4018 C243 		MOVX.B	#0, &dll_state
 578      0000 
 579 001c 3D40 0060 		MOV.W	#24576, R13
 580 0020 4E43      		MOV.B	#0, R14
 581 0022 2C00 0000 		MOVA	&rf_thd, R12
 582 0026 B013 0000 		CALLA	#chEvtSignal
 583               		; start of epilogue
 584 002a 0A16      		POPM.A	#1, r10
 585 002c 1001      		RETA
 586               		.size	elyRFDLLRxInit, .-elyRFDLLRxInit
 587               		.section	.text.elyRFDLLHandleRxFifo,"ax",@progbits
 588               		.balign 2
 589               		.global	elyRFDLLHandleRxFifo
 590               		.type	elyRFDLLHandleRxFifo, @function
 591               	elyRFDLLHandleRxFifo:
 592               	; start of function
 593               	; framesize_regs:     12
 594               	; framesize_locals:   0
 595               	; framesize_outgoing: 0
 596               	; framesize:          12
 597               	; elim ap -> fp       16
 598               	; elim fp -> sp       0
 599               	; saved regs: R6 R8 R10
 600               		; start of prologue
 601 0000 0A14      		PUSHM.A	#1, R10
 602 0002 0814      		PUSHM.A	#1, R8
 603 0004 0614      		PUSHM.A	#1, R6
 604               		; end of prologue
 605 0006 CA0C      		MOVA	R12, R10
 606 0008 8600 0000 		MOVA	#sx1212FifoRead, R6
 607 000c 4018 C293 		CMPX.B	#0, &dll_state { JNE	.L97
 607      0000 0020 
 608 0014 8800 0000 		MOVA	#tc_hdr_buff, R8
 609 0018 CE08      		MOVA	R8, R14
 610 001a 7D40 0500 		MOV.B	#5, R13
GAS LISTING /tmp/ccWEUqiN.s 			page 13


 611 001e 4613      		CALLA	R6
 612 0020 F8B0 CCFF 		BIT.B	#-52, @R8 { JEQ	.L98
 612      0000 0024 
 613               	.L100:
 614 0028 CC0A      		MOVA	R10, R12
 615 002a B013 0000 		CALLA	#elyRFDLLRxInit
 616               	.L96:
 617               		; start of epilogue
 618 002e 0616      		POPM.A	#1, r6
 619 0030 0816      		POPM.A	#1, r8
 620 0032 0A16      		POPM.A	#1, r10
 621 0034 1001      		RETA
 622               	.L98:
 623 0036 5C48 0200 		MOV.B	2(R8), R12
 624 003a 4718 0C5C 		rpt	#8 { rlax.w	R12
 625 003e 3CF0 0003 		AND.W	#768, R12
 626 0042 5848 0300 		MOV.B	3(R8), R8
 627 0046 0CD8      		BIS.W	R8, R12
 628 0048 3C50 FCFF 		ADD.W	#-4, R12
 629 004c 4018 824C 		MOVX.W	R12, &rx_pkt_len
 629      0000 
 630               	 ; 347 "../ChibiOS-Contrib/os/common/ports/MSP430X/chcore.h" 1
 631 0052 32C2 0343 		dint { nop
 632               	 ; 0 "" 2
 633               	 ; 348 "../ChibiOS-Contrib/os/common/ports/MSP430X/chcore.h" 1
 634 0056 0343      		nop
 635               	 ; 0 "" 2
 636 0058 B013 0000 		CALLA	#elyNLGetBufferI
 637 005c 600C 0000 		MOVA	R12, &rx_active_buffer
 638 0060 9C00 0000 		CMPA	#0, R12 { JEQ	.L100
 638      0024 
 639 0066 4018 1D42 		MOVX.W	&rx_pkt_len, R13
 639      0000 
 640 006c 7C40 3F00 		MOV.B	#63, R12
 641 0070 0C9D 002C 		CMP.W	R13, R12 { JHS	.L101
 642 0074 7D40 2000 		MOV.B	#32, R13
 643               	.L101:
 644 0078 4018 C24D 		MOVX.B	R13, &curr_threshold
 644      0000 
 645 007e 4018 8243 		MOVX.W	#0, &rx_idx
 645      0000 
 646 0084 8E00 0000 		MOVA	#rxfifothresh_callback, R14
 647 0088 4018 0D4D 		MOVX	R13, R13
 648 008c CC0A      		MOVA	R10, R12
 649 008e B013 0000 		CALLA	#sx1212ReceiveI
 650 0092 3D40 0020 		MOV.W	#8192, R13
 651 0096 4E43      		MOV.B	#0, R14
 652 0098 2C00 0000 		MOVA	&rf_thd, R12
 653 009c B013 0000 		CALLA	#chEvtSignalI
 654 00a0 4018 D243 		MOVX.B	#1, &dll_state
 654      0000 
 655               	.L107:
 656               	 ; 355 "../ChibiOS-Contrib/os/common/ports/MSP430X/chcore.h" 1
 657 00a6 0343      		nop
 658               	 ; 0 "" 2
 659               	 ; 356 "../ChibiOS-Contrib/os/common/ports/MSP430X/chcore.h" 1
 660 00a8 0343 32D2 		nop { eint { nop
GAS LISTING /tmp/ccWEUqiN.s 			page 14


 660      0343 
 661               	 ; 0 "" 2
 662 00ae 8000 0000 		BRA	#.L96
 663               	.L97:
 664 00b2 4018 1E42 		MOVX	&rx_idx, R14
 664      0000 
 665 00b8 0018 5E52 		ADDX.A	&rx_active_buffer, R14
 665      0000 
 666 00be 4018 5F42 		MOVX.B	&curr_threshold, R15
 666      0000 
 667 00c4 4018 0D4F 		MOVX	R15, R13
 668 00c8 4613      		CALLA	R6
 669 00ca 4018 5C42 		MOVX.B	&curr_threshold, R12
 669      0000 
 670 00d0 4018 1C52 		ADDX.W	&rx_idx, R12
 670      0000 
 671 00d6 4018 824C 		MOVX.W	R12, &rx_idx
 671      0000 
 672 00dc 4018 1D42 		MOVX.W	&rx_pkt_len, R13
 672      0000 
 673 00e2 0C9D 002C 		CMP.W	R13, R12 { JHS	.L102
 674               	 ; 347 "../ChibiOS-Contrib/os/common/ports/MSP430X/chcore.h" 1
 675 00e6 32C2 0343 		dint { nop
 676               	 ; 0 "" 2
 677               	 ; 348 "../ChibiOS-Contrib/os/common/ports/MSP430X/chcore.h" 1
 678 00ea 0343      		nop
 679               	 ; 0 "" 2
 680 00ec 7C40 3F00 		MOV.B	#63, R12
 681 00f0 0C9D 002C 		CMP.W	R13, R12 { JHS	.L103
 682 00f4 7D40 3000 		MOV.B	#48, R13
 683               	.L103:
 684 00f8 4018 C24D 		MOVX.B	R13, &curr_threshold
 684      0000 
 685 00fe 8E00 0000 		MOVA	#rxfifothresh_callback, R14
 686 0102 4018 0D4D 		MOVX	R13, R13
 687 0106 CC0A      		MOVA	R10, R12
 688 0108 B013 0000 		CALLA	#sx1212ReceiveI
 689 010c 3D40 0020 		MOV.W	#8192, R13
 690 0110 4E43      		MOV.B	#0, R14
 691 0112 2C00 0000 		MOVA	&rf_thd, R12
 692 0116 B013 0000 		CALLA	#chEvtSignalI
 693 011a 8000 0000 		BRA	#.L107
 694               	.L102:
 695 011e 2C00 0000 		MOVA	&rx_active_buffer, R12
 696 0122 B013 0000 		CALLA	#elyNLRouteRF
 697 0126 CC0A      		MOVA	R10, R12
 698 0128 B013 0000 		CALLA	#elyRFDLLRxInit
 699 012c 3D40 0020 		MOV.W	#8192, R13
 700 0130 4E43      		MOV.B	#0, R14
 701 0132 2C00 0000 		MOVA	&rf_thd, R12
 702 0136 B013 0000 		CALLA	#chEvtSignal
 703 013a 8000 0000 		BRA	#.L96
 704               		.size	elyRFDLLHandleRxFifo, .-elyRFDLLHandleRxFifo
 705               		.section	.text.elyRFDLLTxInit,"ax",@progbits
 706               		.balign 2
 707               		.global	elyRFDLLTxInit
 708               		.type	elyRFDLLTxInit, @function
GAS LISTING /tmp/ccWEUqiN.s 			page 15


 709               	elyRFDLLTxInit:
 710               	; start of function
 711               	; framesize_regs:     0
 712               	; framesize_locals:   0
 713               	; framesize_outgoing: 0
 714               	; framesize:          0
 715               	; elim ap -> fp       4
 716               	; elim fp -> sp       0
 717               	; saved regs:(none)
 718               		; start of prologue
 719               		; end of prologue
 720               	 ; 347 "../ChibiOS-Contrib/os/common/ports/MSP430X/chcore.h" 1
 721 0000 32C2 0343 		dint { nop
 722               	 ; 0 "" 2
 723               	 ; 348 "../ChibiOS-Contrib/os/common/ports/MSP430X/chcore.h" 1
 724 0004 0343      		nop
 725               	 ; 0 "" 2
 726 0006 2E00 0000 		MOVA	&bank0p, R14
 727 000a 5D4E C100 		MOV.B	193(R14), R13
 728 000e 4718 0D5D 		rpt	#8 { rlax.w	R13
 729 0012 5F4E C000 		MOV.B	192(R14), R15
 730 0016 0DDF      		BIS.W	R15, R13
 731 0018 4018 824D 		MOVX.W	R13, &tf_len
 731      0000 
 732 001e 5E4E C400 		MOV.B	196(R14), R14
 733 0022 4018 3EB0 		BITX.W	#32, R14 { JEQ	.L109
 733      2000 0024 
 734 002a 3D50 FCFF 		ADD.W	#-4, R13
 735               	.L109:
 736 002e 0018 C24D 		MOVX.A	R13, &tf_data_len
 736      0000 
 737 0034 4018 2EB2 		BITX.W	#4, R14 { JEQ	.L111
 737      0024 
 738 003a 3D40 1DFC 		MOV.W	#-995, R13
 739 003e 3E40 CF1A 		MOV.W	#6863, R14
 740 0042 B013 0000 		CALLA	#sx1278SetSync
 741               	.L111:
 742               	 ; 355 "../ChibiOS-Contrib/os/common/ports/MSP430X/chcore.h" 1
 743 0046 0343      		nop
 744               	 ; 0 "" 2
 745               	 ; 356 "../ChibiOS-Contrib/os/common/ports/MSP430X/chcore.h" 1
 746 0048 0343 32D2 		nop { eint { nop
 746      0343 
 747               	 ; 0 "" 2
 748               		; start of epilogue
 749 004e 1001      		RETA
 750               		.size	elyRFDLLTxInit, .-elyRFDLLTxInit
 751               		.section	.text.elyRFDLLInitiateTransmit,"ax",@progbits
 752               		.balign 2
 753               		.global	elyRFDLLInitiateTransmit
 754               		.type	elyRFDLLInitiateTransmit, @function
 755               	elyRFDLLInitiateTransmit:
 756               	; start of function
 757               	; framesize_regs:     0
 758               	; framesize_locals:   0
 759               	; framesize_outgoing: 4
 760               	; framesize:          4
GAS LISTING /tmp/ccWEUqiN.s 			page 16


 761               	; elim ap -> fp       4
 762               	; elim fp -> sp       4
 763               	; saved regs:(none)
 764               		; start of prologue
 765 0000 B100 0400 		SUBA	#4, R1
 766               		; end of prologue
 767 0004 4018 B2D0 		BISX.W	#4096, &546
 767      0010 2202 
 768 000c 4018 1D42 		MOVX	&tf_len, R13
 768      0000 
 769 0012 0018 F140 		MOVX.A	#write_cb, @R1
 769      0000 0000 
 770 001a 8F00 0000 		MOVA	#txlvl_callback, R15
 771 001e 8E00 0000 		MOVA	#tf_buffer, R14
 772 0022 B013 0000 		CALLA	#sx1278StartTransmit
 773 0026 4018 824C 		MOVX.W	R12, &tf_idx
 773      0000 
 774               		; start of epilogue
 775 002c A100 0400 		ADDA	#4, R1
 776 0030 1001      		RETA
 777               		.size	elyRFDLLInitiateTransmit, .-elyRFDLLInitiateTransmit
 778               		.section	.text.elyRFDLLHandleTxFifo,"ax",@progbits
 779               		.balign 2
 780               		.global	elyRFDLLHandleTxFifo
 781               		.type	elyRFDLLHandleTxFifo, @function
 782               	elyRFDLLHandleTxFifo:
 783               	; start of function
 784               	; framesize_regs:     4
 785               	; framesize_locals:   0
 786               	; framesize_outgoing: 0
 787               	; framesize:          4
 788               	; elim ap -> fp       8
 789               	; elim fp -> sp       0
 790               	; saved regs: R10
 791               		; start of prologue
 792 0000 0A14      		PUSHM.A	#1, R10
 793               		; end of prologue
 794 0002 4018 1E42 		MOVX.W	&tf_idx, R14
 794      0000 
 795 0008 4018 1A42 		MOVX.W	&tf_len, R10
 795      0000 
 796 000e 0A8E      		SUB.W	R14, R10
 797 0010 7D40 1F00 		MOV.B	#31, R13
 798 0014 0D9A 002C 		CMP.W	R10, R13 { JHS	.L117
 799 0018 0A4D      		MOV.W	R13, R10
 800               	.L117:
 801               	 ; 347 "../ChibiOS-Contrib/os/common/ports/MSP430X/chcore.h" 1
 802 001a 32C2 0343 		dint { nop
 803               	 ; 0 "" 2
 804               	 ; 348 "../ChibiOS-Contrib/os/common/ports/MSP430X/chcore.h" 1
 805 001e 0343      		nop
 806               	 ; 0 "" 2
 807 0020 4018 0E4E 		MOVX	R14, R14
 808 0024 8F00 0000 		MOVA	#write_cb, R15
 809 0028 AE00 0000 		ADDA	#tf_buffer, R14
 810 002c 4018 0D4A 		MOVX	R10, R13
 811 0030 B013 0000 		CALLA	#sx1278FifoWriteAsyncS
GAS LISTING /tmp/ccWEUqiN.s 			page 17


 812 0034 4018 825A 		ADDX.W	R10, &tf_idx
 812      0000 
 813               	 ; 355 "../ChibiOS-Contrib/os/common/ports/MSP430X/chcore.h" 1
 814 003a 0343      		nop
 815               	 ; 0 "" 2
 816               	 ; 356 "../ChibiOS-Contrib/os/common/ports/MSP430X/chcore.h" 1
 817 003c 0343 32D2 		nop { eint { nop
 817      0343 
 818               	 ; 0 "" 2
 819               		; start of epilogue
 820 0042 0A16      		POPM.A	#1, r10
 821 0044 1001      		RETA
 822               		.size	elyRFDLLHandleTxFifo, .-elyRFDLLHandleTxFifo
 823               		.section	.upper.rodata,"a",@progbits
 824               		.type	__func__.5230, @object
 825               		.size	__func__.5230, 16
 826               	__func__.5230:
 827 0000 6865 6164 		.string	"header_callback"
 827      6572 5F63 
 827      616C 6C62 
 827      6163 6B00 
 828               		.local	pkt_idx.5206
 829               		.comm	pkt_idx.5206,4,2
 830               		.local	idle_idx.5201
 831               		.comm	idle_idx.5201,4,2
 832               		.local	idle_len.5200
 833               		.comm	idle_len.5200,4,2
 834               		.local	pkt_len.5205
 835               		.comm	pkt_len.5205,4,2
 836               		.type	__func__.5207, @object
 837               		.size	__func__.5207, 19
 838               	__func__.5207:
 839 0010 656C 7952 		.string	"elyRFDLLBuildFrame"
 839      4644 4C4C 
 839      4275 696C 
 839      6446 7261 
 839      6D65 00
 840               		.local	active_packet.5204
 841               		.comm	active_packet.5204,4,2
 842               		.local	state.5199
 843               		.comm	state.5199,1,1
 844               		.type	__func__.5179, @object
 845               		.size	__func__.5179, 17
 846               	__func__.5179:
 847 0023 656C 7952 		.string	"elyRFDLLClampReg"
 847      4644 4C4C 
 847      436C 616D 
 847      7052 6567 
 847      00
 848               		.global	DLLRxPktCfg
 849               		.section	.persistent,"aw"
 850               		.type	DLLRxPktCfg, @object
 851               		.size	DLLRxPktCfg, 1
 852               	DLLRxPktCfg:
 853 0000 01        		.byte	1
 854               		.global	DLLTxPktCfg
 855               		.type	DLLTxPktCfg, @object
GAS LISTING /tmp/ccWEUqiN.s 			page 18


 856               		.size	DLLTxPktCfg, 1
 857               	DLLTxPktCfg:
 858 0001 A2        		.byte	162
 859               		.type	idle_header, @object
 860               		.size	idle_header, 7
 861               	idle_header:
 862 0002 03        		.byte	3
 863 0003 FF        		.byte	-1
 864 0004 C0        		.byte	-64
 865 0005 00        		.byte	0
 866 0006 00        		.byte	0
 867 0007 00        		.byte	0
 868 0008 AA        		.byte	-86
 869               		.global	b_frames
 870               		.type	b_frames, @object
 871               		.size	b_frames, 1
 872               	b_frames:
 873 0009 00        		.zero	1
 874               		.global	a_frames
 875               		.type	a_frames, @object
 876               		.size	a_frames, 1
 877               	a_frames:
 878 000a 00        		.zero	1
 879               		.global	double_frames
 880               		.type	double_frames, @object
 881               		.size	double_frames, 1
 882               	double_frames:
 883 000b 00        		.zero	1
 884               		.global	missed_frames
 885               		.type	missed_frames, @object
 886               		.size	missed_frames, 1
 887               	missed_frames:
 888 000c 00        		.zero	1
 889               		.global	seq_no
 890               		.type	seq_no, @object
 891               		.size	seq_no, 1
 892               	seq_no:
 893 000d 00        		.zero	1
 894               		.global	fecf
 895               		.type	fecf, @object
 896               		.size	fecf, 1
 897               	fecf:
 898 000e 00        		.zero	1
 899               		.global	fec
 900               		.type	fec, @object
 901               		.size	fec, 1
 902               	fec:
 903 000f 00        		.zero	1
 904               		.type	curr_threshold, @object
 905               		.size	curr_threshold, 1
 906               	curr_threshold:
 907 0010 00        		.zero	1
 908 0011 00        		.balign 2
 909               		.type	rx_pkt_len, @object
 910               		.size	rx_pkt_len, 2
 911               	rx_pkt_len:
 912 0012 0000      		.zero	2
GAS LISTING /tmp/ccWEUqiN.s 			page 19


 913               		.balign 2
 914               		.type	rx_idx, @object
 915               		.size	rx_idx, 2
 916               	rx_idx:
 917 0014 0000      		.zero	2
 918               		.balign 2
 919               		.type	rx_active_buffer, @object
 920               		.size	rx_active_buffer, 4
 921               	rx_active_buffer:
 922 0016 0000 0000 		.zero	4
 923               		.type	tc_hdr_buff, @object
 924               		.size	tc_hdr_buff, 5
 925               	tc_hdr_buff:
 926 001a 0000 0000 		.zero	5
 926      00
 927               		.type	dll_state, @object
 928               		.size	dll_state, 1
 929               	dll_state:
 930 001f 00        		.zero	1
 931               		.type	vcfc, @object
 932               		.size	vcfc, 2
 933               	vcfc:
 934 0020 0000      		.zero	2
 935               		.type	mcfc, @object
 936               		.size	mcfc, 1
 937               	mcfc:
 938 0022 00        		.zero	1
 939 0023 00        		.balign 2
 940               		.type	tf_data_len, @object
 941               		.size	tf_data_len, 4
 942               	tf_data_len:
 943 0024 0008 0000 		.long	2048
 944               		.balign 2
 945               		.type	tf_idx, @object
 946               		.size	tf_idx, 2
 947               	tf_idx:
 948 0028 0000      		.zero	2
 949               		.balign 2
 950               		.type	tf_len, @object
 951               		.size	tf_len, 2
 952               	tf_len:
 953 002a 0008      		.short	2048
 954               		.section	.upper.data,"aw",@progbits
 955               		.type	tf_buffer, @object
 956               		.size	tf_buffer, 2048
 957               	tf_buffer:
 958 0000 02        		.byte	2
 959 0001 F0        		.byte	-16
 960 0002 00        		.byte	0
 961 0003 00        		.byte	0
 962 0004 18        		.byte	24
 963 0005 00        		.byte	0
 964 0006 0000 0000 		.zero	2042
 964      0000 0000 
 964      0000 0000 
 964      0000 0000 
 964      0000 0000 
GAS LISTING /tmp/ccWEUqiN.s 			page 20


 965               		.ident	"GCC: (SOMNIUM Technologies Limited - msp430-gcc 6.2.1.16) 6.2.1 20161212"
GAS LISTING /tmp/ccWEUqiN.s 			page 21


DEFINED SYMBOLS
                            *ABS*:0000000000000000 sdlp.c
     /tmp/ccWEUqiN.s:6      .text.rxfifothresh_callback:0000000000000000 rxfifothresh_callback
     /tmp/ccWEUqiN.s:28     .text.txlvl_callback:0000000000000000 txlvl_callback
     /tmp/ccWEUqiN.s:50     .text.write_cb:0000000000000000 write_cb
     /tmp/ccWEUqiN.s:952    .persistent:000000000000002a tf_len
     /tmp/ccWEUqiN.s:947    .persistent:0000000000000028 tf_idx
     /tmp/ccWEUqiN.s:101    .text.elyRFChangeTxSyncS:0000000000000000 elyRFChangeTxSyncS
     /tmp/ccWEUqiN.s:136    .text.elyRFDLLClampReg:0000000000000000 elyRFDLLClampReg
     /tmp/ccWEUqiN.s:846    .upper.rodata:0000000000000023 __func__.5179
     /tmp/ccWEUqiN.s:254    .text.elyRFDLLBuildFrame:0000000000000000 elyRFDLLBuildFrame
     /tmp/ccWEUqiN.s:957    .upper.data:0000000000000000 tf_buffer
     /tmp/ccWEUqiN.s:937    .persistent:0000000000000022 mcfc
     /tmp/ccWEUqiN.s:933    .persistent:0000000000000020 vcfc
     /tmp/ccWEUqiN.s:841    .bss:0000000000000014 state.5199
     /tmp/ccWEUqiN.s:841    .bss:0000000000000010 active_packet.5204
     /tmp/ccWEUqiN.s:838    .upper.rodata:0000000000000010 __func__.5207
     /tmp/ccWEUqiN.s:835    .bss:000000000000000c pkt_len.5205
     /tmp/ccWEUqiN.s:833    .bss:0000000000000008 idle_len.5200
     /tmp/ccWEUqiN.s:831    .bss:0000000000000004 idle_idx.5201
     /tmp/ccWEUqiN.s:829    .bss:0000000000000000 pkt_idx.5206
     /tmp/ccWEUqiN.s:942    .persistent:0000000000000024 tf_data_len
     /tmp/ccWEUqiN.s:861    .persistent:0000000000000002 idle_header
     /tmp/ccWEUqiN.s:453    .text.packet_callback:0000000000000000 packet_callback
     /tmp/ccWEUqiN.s:916    .persistent:0000000000000014 rx_idx
     /tmp/ccWEUqiN.s:911    .persistent:0000000000000012 rx_pkt_len
     /tmp/ccWEUqiN.s:906    .persistent:0000000000000010 curr_threshold
     /tmp/ccWEUqiN.s:921    .persistent:0000000000000016 rx_active_buffer
     /tmp/ccWEUqiN.s:509    .text.header_callback:0000000000000000 header_callback
     /tmp/ccWEUqiN.s:826    .upper.rodata:0000000000000000 __func__.5230
     /tmp/ccWEUqiN.s:925    .persistent:000000000000001a tc_hdr_buff
     /tmp/ccWEUqiN.s:929    .persistent:000000000000001f dll_state
     /tmp/ccWEUqiN.s:560    .text.elyRFDLLRxInit:0000000000000000 elyRFDLLRxInit
     /tmp/ccWEUqiN.s:591    .text.elyRFDLLHandleRxFifo:0000000000000000 elyRFDLLHandleRxFifo
     /tmp/ccWEUqiN.s:709    .text.elyRFDLLTxInit:0000000000000000 elyRFDLLTxInit
     /tmp/ccWEUqiN.s:755    .text.elyRFDLLInitiateTransmit:0000000000000000 elyRFDLLInitiateTransmit
     /tmp/ccWEUqiN.s:782    .text.elyRFDLLHandleTxFifo:0000000000000000 elyRFDLLHandleTxFifo
     /tmp/ccWEUqiN.s:852    .persistent:0000000000000000 DLLRxPktCfg
     /tmp/ccWEUqiN.s:857    .persistent:0000000000000001 DLLTxPktCfg
     /tmp/ccWEUqiN.s:872    .persistent:0000000000000009 b_frames
     /tmp/ccWEUqiN.s:877    .persistent:000000000000000a a_frames
     /tmp/ccWEUqiN.s:882    .persistent:000000000000000b double_frames
     /tmp/ccWEUqiN.s:887    .persistent:000000000000000c missed_frames
     /tmp/ccWEUqiN.s:892    .persistent:000000000000000d seq_no
     /tmp/ccWEUqiN.s:897    .persistent:000000000000000e fecf
     /tmp/ccWEUqiN.s:902    .persistent:000000000000000f fec
     /tmp/ccWEUqiN.s:90     .text.write_cb:0000000000000070 .L4
     /tmp/ccWEUqiN.s:86     .text.write_cb:000000000000006c .L3
     /tmp/ccWEUqiN.s:127    .text.elyRFChangeTxSyncS:0000000000000038 .L6
     /tmp/ccWEUqiN.s:156    .text.elyRFDLLClampReg:000000000000001c .L9
     /tmp/ccWEUqiN.s:208    .text.elyRFDLLClampReg:00000000000000d0 .L11
     /tmp/ccWEUqiN.s:169    .text.elyRFDLLClampReg:0000000000000044 .L12
     /tmp/ccWEUqiN.s:188    .text.elyRFDLLClampReg:0000000000000090 .L13
     /tmp/ccWEUqiN.s:195    .text.elyRFDLLClampReg:00000000000000a8 .L14
     /tmp/ccWEUqiN.s:181    .text.elyRFDLLClampReg:0000000000000078 .L15
     /tmp/ccWEUqiN.s:212    .text.elyRFDLLClampReg:00000000000000dc .L16
     /tmp/ccWEUqiN.s:164    .text.elyRFDLLClampReg:000000000000003e .L10
GAS LISTING /tmp/ccWEUqiN.s 			page 22


     /tmp/ccWEUqiN.s:215    .text.elyRFDLLClampReg:00000000000000e4 .L19
     /tmp/ccWEUqiN.s:200    .text.elyRFDLLClampReg:00000000000000b8 .L18
     /tmp/ccWEUqiN.s:222    .text.elyRFDLLClampReg:00000000000000fc .L20
     /tmp/ccWEUqiN.s:229    .text.elyRFDLLClampReg:0000000000000114 .L21
     /tmp/ccWEUqiN.s:236    .text.elyRFDLLClampReg:000000000000012c .L22
     /tmp/ccWEUqiN.s:243    .text.elyRFDLLClampReg:0000000000000144 .L23
     /tmp/ccWEUqiN.s:341    .text.elyRFDLLBuildFrame:0000000000000114 .L78
     /tmp/ccWEUqiN.s:311    .text.elyRFDLLBuildFrame:00000000000000a8 .L60
     /tmp/ccWEUqiN.s:344    .text.elyRFDLLBuildFrame:000000000000011a .L76
     /tmp/ccWEUqiN.s:333    .text.elyRFDLLBuildFrame:0000000000000102 .L77
     /tmp/ccWEUqiN.s:321    .text.elyRFDLLBuildFrame:00000000000000d4 .L59
     /tmp/ccWEUqiN.s:355    .text.elyRFDLLBuildFrame:000000000000014c .L63
     /tmp/ccWEUqiN.s:414    .text.elyRFDLLBuildFrame:0000000000000236 .L64
     /tmp/ccWEUqiN.s:444    .text.elyRFDLLBuildFrame:00000000000002a4 .L82
     /tmp/ccWEUqiN.s:352    .text.elyRFDLLBuildFrame:0000000000000142 .L66
     /tmp/ccWEUqiN.s:326    .text.elyRFDLLBuildFrame:00000000000000e6 .L61
     /tmp/ccWEUqiN.s:405    .text.elyRFDLLBuildFrame:0000000000000214 .L68
     /tmp/ccWEUqiN.s:370    .text.elyRFDLLBuildFrame:000000000000018e .L69
     /tmp/ccWEUqiN.s:400    .text.elyRFDLLBuildFrame:0000000000000206 .L70
     /tmp/ccWEUqiN.s:396    .text.elyRFDLLBuildFrame:00000000000001fc .L71
     /tmp/ccWEUqiN.s:381    .text.elyRFDLLBuildFrame:00000000000001ba .L72
     /tmp/ccWEUqiN.s:439    .text.elyRFDLLBuildFrame:0000000000000292 .L73
     /tmp/ccWEUqiN.s:431    .text.elyRFDLLBuildFrame:0000000000000276 .L75
     /tmp/ccWEUqiN.s:425    .text.elyRFDLLBuildFrame:000000000000025e .L83
     /tmp/ccWEUqiN.s:493    .text.packet_callback:0000000000000058 .L85
     /tmp/ccWEUqiN.s:477    .text.packet_callback:0000000000000032 .L86
     /tmp/ccWEUqiN.s:484    .text.packet_callback:0000000000000048 .L88
     /tmp/ccWEUqiN.s:525    .text.header_callback:0000000000000012 .L90
     /tmp/ccWEUqiN.s:540    .text.header_callback:000000000000004c .L91
     /tmp/ccWEUqiN.s:663    .text.elyRFDLLHandleRxFifo:00000000000000b2 .L97
     /tmp/ccWEUqiN.s:622    .text.elyRFDLLHandleRxFifo:0000000000000036 .L98
     /tmp/ccWEUqiN.s:613    .text.elyRFDLLHandleRxFifo:0000000000000028 .L100
     /tmp/ccWEUqiN.s:643    .text.elyRFDLLHandleRxFifo:0000000000000078 .L101
     /tmp/ccWEUqiN.s:616    .text.elyRFDLLHandleRxFifo:000000000000002e .L96
     /tmp/ccWEUqiN.s:694    .text.elyRFDLLHandleRxFifo:000000000000011e .L102
     /tmp/ccWEUqiN.s:683    .text.elyRFDLLHandleRxFifo:00000000000000f8 .L103
     /tmp/ccWEUqiN.s:655    .text.elyRFDLLHandleRxFifo:00000000000000a6 .L107
     /tmp/ccWEUqiN.s:735    .text.elyRFDLLTxInit:000000000000002e .L109
     /tmp/ccWEUqiN.s:741    .text.elyRFDLLTxInit:0000000000000046 .L111
     /tmp/ccWEUqiN.s:800    .text.elyRFDLLHandleTxFifo:000000000000001a .L117

UNDEFINED SYMBOLS
rf_thd
chEvtSignalI
SX1278D1
__mspabi_srll_12
__mspabi_slli
_pal_lld_disablepadevent
bank0p
sx1278SetSync
chSysHalt
elyErrorSignal
chEvtSignal
rf_mbox
chMBFetch
elyNLGetLength
elyNLFreeBufferChecked
GAS LISTING /tmp/ccWEUqiN.s 			page 23


crcGenSDLP
__mspabi_srll_8
chEvtWaitAnyTimeout
sx1212ReceiveI
elyNLRouteRFI
sx1212StopReceiveI
elyNLGetBufferI
sx1212StopReceive
sx1212StartReceive
sx1212FifoRead
elyNLRouteRF
sx1278StartTransmit
sx1278FifoWriteAsyncS
__crt0_init_bss
__crt0_move_highdata
