GAS LISTING /tmp/ccTYDOZd.s 			page 1


   1               		.file	"sx1278.c"
   2               		.section	.text.spi_callback,"ax",@progbits
   3               		.balign 2
   4               		.global	spi_callback
   5               		.type	spi_callback, @function
   6               	spi_callback:
   7               	; start of function
   8               	; framesize_regs:     16
   9               	; framesize_locals:   0
  10               	; framesize_outgoing: 0
  11               	; framesize:          16
  12               	; elim ap -> fp       20
  13               	; elim fp -> sp       0
  14               	; saved regs: R6 R8 R9 R10
  15               		; start of prologue
  16 0000 2A14      		PUSHM.A	#3, R10
  17 0002 0614      		PUSHM.A	#1, R6
  18               		; end of prologue
  19 0004 CA0C      		MOVA	R12, R10
  20 0006 8800 0000 		MOVA	#SX1278D1, R8
  21 000a 0C08      		MOVA	@R8, R12
  22 000c 3C0C 2200 		MOVA	34(R12), R12
  23 0010 C60C      		MOVA	R12, R6
  24 0012 0018 76F0 		ANDX.A	#4095, R6
  24      FF0F 
  25 0018 1946 0200 		MOV.W	2(R6), R9
  26 001c 0C14 4018 		PUSHM.A	#1, R12 { POPX.W	R12 { POPX.W	R13 ; move pointer in R12 into reg-pair R12:R13
  26      3C41 4018 
  26      3D41 
  27 0026 B013 0000 		CALLA	#__mspabi_srll_12
  28 002a 0D12 0C12 		PUSH.W	R13 { PUSH.W	R12 { POPM.A	#1, R12
  28      0C16 
  29 0030 4018 0D4C 		MOVX	R12, R13
  30 0034 5C43      		MOV.B	#1, R12
  31 0036 B013 0000 		CALLA	#__mspabi_slli
  32 003a 0CD9      		BIS.W	R9, R12
  33 003c 864C 0200 		MOV.W	R12, 2(R6)
  34 0040 3E08 0800 		MOVA	8(R8), R14
  35 0044 9E00 0000 		CMPA	#0, R14 { JEQ	.L1
  35      0024 
  36 004a CC0A      		MOVA	R10, R12
  37 004c 4E13      		CALLA	R14
  38               	.L1:
  39               		; start of epilogue
  40 004e 0616      		POPM.A	#1, r6
  41 0050 2816      		POPM.A	#3, r10
  42 0052 1001      		RETA
  43               		.size	spi_callback, .-spi_callback
  44               		.section	.text.blocking_callback,"ax",@progbits
  45               		.balign 2
  46               		.type	blocking_callback, @function
  47               	blocking_callback:
  48               	; start of function
  49               	; framesize_regs:     0
  50               	; framesize_locals:   0
  51               	; framesize_outgoing: 0
  52               	; framesize:          0
GAS LISTING /tmp/ccTYDOZd.s 			page 2


  53               	; elim ap -> fp       4
  54               	; elim fp -> sp       0
  55               	; saved regs:(none)
  56               		; start of prologue
  57               		; end of prologue
  58 0000 4D43      		MOV.B	#0, R13
  59 0002 8C00 0000 		MOVA	#tr, R12
  60 0006 B013 0000 		CALLA	#chThdResumeI
  61               		; start of epilogue
  62 000a 1001      		RETA
  63               		.size	blocking_callback, .-blocking_callback
  64               		.section	.text.sx1278Reset.isra.0,"ax",@progbits
  65               		.balign 2
  66               		.type	sx1278Reset.isra.0, @function
  67               	sx1278Reset.isra.0:
  68               	; start of function
  69               	; framesize_regs:     12
  70               	; framesize_locals:   0
  71               	; framesize_outgoing: 0
  72               	; framesize:          12
  73               	; elim ap -> fp       16
  74               	; elim fp -> sp       0
  75               	; saved regs: R8 R9 R10
  76               		; start of prologue
  77 0000 2A14      		PUSHM.A	#3, R10
  78               		; end of prologue
  79 0002 C80C      		MOVA	R12, R8
  80 0004 0C0C      		MOVA	@R12, R12
  81 0006 0018 CC93 		CMPX.A	#0, 30(R12) { JNE	.L8
  81      1E00 0020 
  82 000e 8C00 0000 		MOVA	#__func__.5053, R12
  83 0012 B013 0000 		CALLA	#chSysHalt
  84               	.L8:
  85 0016 0C08      		MOVA	@R8, R12
  86 0018 3A0C 1E00 		MOVA	30(R12), R10
  87 001c 0A14 4018 		PUSHM.A	#1, R10 { POPX.W	R12 { POPX.W	R13 ; move pointer in R10 into reg-pair R12:R13
  87      3C41 4018 
  87      3D41 
  88 0026 B013 0000 		CALLA	#__mspabi_srll_12
  89 002a 0D12 0C12 		PUSH.W	R13 { PUSH.W	R12 { POPM.A	#1, R12
  89      0C16 
  90 0030 4018 0D4C 		MOVX	R12, R13
  91 0034 5C43      		MOV.B	#1, R12
  92 0036 B013 0000 		CALLA	#__mspabi_slli
  93 003a 7E40 0600 		MOV.B	#6, R14
  94 003e 0D4C      		MOV.W	R12, R13
  95 0040 CC0A      		MOVA	R10, R12
  96 0042 0018 7CF0 		ANDX.A	#4095, R12
  96      FF0F 
  97 0048 B013 0000 		CALLA	#_pal_lld_setgroupmode
  98 004c 0C08      		MOVA	@R8, R12
  99 004e 3C0C 1E00 		MOVA	30(R12), R12
 100 0052 CA0C      		MOVA	R12, R10
 101 0054 0018 7AF0 		ANDX.A	#4095, R10
 101      FF0F 
 102 005a 194A 0200 		MOV.W	2(R10), R9
 103 005e 0C14 4018 		PUSHM.A	#1, R12 { POPX.W	R12 { POPX.W	R13 ; move pointer in R12 into reg-pair R12:R13
GAS LISTING /tmp/ccTYDOZd.s 			page 3


 103      3C41 4018 
 103      3D41 
 104 0068 B013 0000 		CALLA	#__mspabi_srll_12
 105 006c 0D12 0C12 		PUSH.W	R13 { PUSH.W	R12 { POPM.A	#1, R12
 105      0C16 
 106 0072 4018 0D4C 		MOVX	R12, R13
 107 0076 5C43      		MOV.B	#1, R12
 108 0078 B013 0000 		CALLA	#__mspabi_slli
 109 007c 09CC      		BIC.W	R12, R9
 110 007e 8A49 0200 		MOV.W	R9, 2(R10)
 111 0082 8A00 0000 		MOVA	#chThdSleep, R10
 112 0086 5C43      		MOV.B	#1, R12
 113 0088 4A13      		CALLA	R10
 114 008a 0C08      		MOVA	@R8, R12
 115 008c 3C0C 1E00 		MOVA	30(R12), R12
 116 0090 C80C      		MOVA	R12, R8
 117 0092 0018 78F0 		ANDX.A	#4095, R8
 117      FF0F 
 118 0098 1948 0200 		MOV.W	2(R8), R9
 119 009c 0C14 4018 		PUSHM.A	#1, R12 { POPX.W	R12 { POPX.W	R13 ; move pointer in R12 into reg-pair R12:R13
 119      3C41 4018 
 119      3D41 
 120 00a6 B013 0000 		CALLA	#__mspabi_srll_12
 121 00aa 0D12 0C12 		PUSH.W	R13 { PUSH.W	R12 { POPM.A	#1, R12
 121      0C16 
 122 00b0 4018 0D4C 		MOVX	R12, R13
 123 00b4 5C43      		MOV.B	#1, R12
 124 00b6 B013 0000 		CALLA	#__mspabi_slli
 125 00ba 0CD9      		BIS.W	R9, R12
 126 00bc 884C 0200 		MOV.W	R12, 2(R8)
 127 00c0 7C40 0500 		MOV.B	#5, R12
 128 00c4 4A13      		CALLA	R10
 129               		; start of epilogue
 130 00c6 2816      		POPM.A	#3, r10
 131 00c8 1001      		RETA
 132               		.size	sx1278Reset.isra.0, .-sx1278Reset.isra.0
 133               		.section	.text.sx1278ReadRegister,"ax",@progbits
 134               		.balign 2
 135               		.global	sx1278ReadRegister
 136               		.type	sx1278ReadRegister, @function
 137               	sx1278ReadRegister:
 138               	; start of function
 139               	; framesize_regs:     20
 140               	; framesize_locals:   0
 141               	; framesize_outgoing: 0
 142               	; framesize:          20
 143               	; elim ap -> fp       24
 144               	; elim fp -> sp       0
 145               	; saved regs: R6 R7 R8 R9 R10
 146               		; start of prologue
 147 0000 4A14      		PUSHM.A	#5, R10
 148               		; end of prologue
 149 0002 CA0C      		MOVA	R12, R10
 150 0004 494D      		MOV.B	R13, R9
 151 0006 39B0 7F00 		BIT.W	#127, R9 { JNE	.L10
 151      0020 
 152 000c 8C00 0000 		MOVA	#__func__.4986, R12
GAS LISTING /tmp/ccTYDOZd.s 			page 4


 153 0010 B013 0000 		CALLA	#chSysHalt
 154               	.L10:
 155 0014 060A      		MOVA	@R10, R6
 156 0016 3C06 2200 		MOVA	34(R6), R12
 157 001a C80C      		MOVA	R12, R8
 158 001c 0018 78F0 		ANDX.A	#4095, R8
 158      FF0F 
 159 0022 1748 0200 		MOV.W	2(R8), R7
 160 0026 0C14 4018 		PUSHM.A	#1, R12 { POPX.W	R12 { POPX.W	R13 ; move pointer in R12 into reg-pair R12:R13
 160      3C41 4018 
 160      3D41 
 161 0030 B013 0000 		CALLA	#__mspabi_srll_12
 162 0034 0D12 0C12 		PUSH.W	R13 { PUSH.W	R12 { POPM.A	#1, R12
 162      0C16 
 163 003a 4018 0D4C 		MOVX	R12, R13
 164 003e 5C43      		MOV.B	#1, R12
 165 0040 B013 0000 		CALLA	#__mspabi_slli
 166 0044 07CC      		BIC.W	R12, R7
 167 0046 8847 0200 		MOV.W	R7, 2(R8)
 168 004a 8800 0000 		MOVA	#spi_lld_polled_exchange, R8
 169 004e 4D49      		MOV.B	R9, R13
 170 0050 0C06      		MOVA	@R6, R12
 171 0052 4813      		CALLA	R8
 172 0054 0C0A      		MOVA	@R10, R12
 173 0056 7D43      		MOV.B	#-1, R13
 174 0058 0C0C      		MOVA	@R12, R12
 175 005a 4813      		CALLA	R8
 176 005c 494C      		MOV.B	R12, R9
 177 005e 0C0A      		MOVA	@R10, R12
 178 0060 3C0C 2200 		MOVA	34(R12), R12
 179 0064 CA0C      		MOVA	R12, R10
 180 0066 0018 7AF0 		ANDX.A	#4095, R10
 180      FF0F 
 181 006c 184A 0200 		MOV.W	2(R10), R8
 182 0070 0C14 4018 		PUSHM.A	#1, R12 { POPX.W	R12 { POPX.W	R13 ; move pointer in R12 into reg-pair R12:R13
 182      3C41 4018 
 182      3D41 
 183 007a B013 0000 		CALLA	#__mspabi_srll_12
 184 007e 0D12 0C12 		PUSH.W	R13 { PUSH.W	R12 { POPM.A	#1, R12
 184      0C16 
 185 0084 4018 0D4C 		MOVX	R12, R13
 186 0088 5C43      		MOV.B	#1, R12
 187 008a B013 0000 		CALLA	#__mspabi_slli
 188 008e 0CD8      		BIS.W	R8, R12
 189 0090 8A4C 0200 		MOV.W	R12, 2(R10)
 190 0094 4C49      		MOV.B	R9, R12
 191               		; start of epilogue
 192 0096 4616      		POPM.A	#5, r10
 193 0098 1001      		RETA
 194               		.size	sx1278ReadRegister, .-sx1278ReadRegister
 195               		.section	.text.sx1278BlockTimeout,"ax",@progbits
 196               		.balign 2
 197               		.type	sx1278BlockTimeout, @function
 198               	sx1278BlockTimeout:
 199               	; start of function
 200               	; framesize_regs:     28
 201               	; framesize_locals:   4
GAS LISTING /tmp/ccTYDOZd.s 			page 5


 202               	; framesize_outgoing: 0
 203               	; framesize:          32
 204               	; elim ap -> fp       32
 205               	; elim fp -> sp       4
 206               	; saved regs: R4 R5 R6 R7 R8 R9 R10
 207               		; start of prologue
 208 0000 6A14      		PUSHM.A	#7, R10
 209 0002 B100 0400 		SUBA	#4, R1
 210               		; end of prologue
 211 0006 C40C      		MOVA	R12, R4
 212 0008 494D      		MOV.B	R13, R9
 213 000a 4A4E      		MOV.B	R14, R10
 214 000c 084F      		MOV.W	R15, R8
 215 000e 5643      		MOV.B	#1, R6
 216 0010 4699 002C 		CMP.B	R9, R6 { JHS	.L12
 217 0014 8C00 0000 		MOVA	#__func__.5088, R12
 218 0018 B013 0000 		CALLA	#chSysHalt
 219               	.L12:
 220 001c 0E04      		MOVA	@R4, R14
 221 001e 0F49      		MOV.W	R9, R15
 222 0020 0749      		MOV.W	R9, R7
 223 0022 470E 470D 		RLAM.A #4, R7 { RRAM.A #4, R7
 224 0026 CC07      		MOVA	R7, R12
 225 0028 EC0E      		ADDA	R14, R12
 226 002a 594C 1C00 		MOV.B	28(R12), R9
 227 002e 7C40 0500 		MOV.B	#5, R12
 228 0032 4C99 0028 		CMP.B	R9, R12 { JLO	.L13
 229 0036 0C49 0D43 		MOV.W	R9,R12 { MOV.W	#0,R13
 230 003a 064C      		MOV.W	R12, R6
 231 003c 074D      		MOV.W	R13, R7
 232 003e 0656 0767 		RLA.W	R6 { RLC.W	R7 { RLA.W	R6 { RLC.W	R7
 232      0656 0767 
 233 0046 8146 0000 		MOV.W	R6, @R1
 234 004a 8147 0200 		MOV.W	R7, 2(R1)
 235 004e 0018 6E51 		ADDX.A	@R1, R14
 236 0052 360E 2E00 		MOVA	46(R14), R6
 237 0056 9600 0000 		CMPA	#0, R6 { JNE	.L14
 237      0020 
 238               	.L13:
 239 005c 074F      		MOV.W	R15, R7
 240 005e 470E 470D 		RLAM.A #4, R7 { RRAM.A #4, R7
 241 0062 4018 5D47 		MOVX.B	irqbits(R7), R13
 241      0000 
 242 0068 7C40 0700 		MOV.B	#7, R12
 243 006c 4C9D 0028 		CMP.B	R13, R12 { JLO	.L21
 244 0070 5C43      		MOV.B	#1, R12
 245 0072 B013 0000 		CALLA	#__mspabi_slli
 246 0076 454C      		MOV.B	R12, R5
 247 0078 7740 3E00 		MOV.B	#62, R7
 248               	.L15:
 249 007c 8600 0000 		MOVA	#nil, R6
 250 0080 1946 0800 		MOV.W	8(R6), R9
 251 0084 5AE3      		XOR.B	#1, R10
 252 0086 3AF0 FF00 		AND	#0xff, R10
 253 008a 3A53      		ADD.W	#-1, R10
 254 008c 5A03 4D18 		rrum.w	#1, R10 { rpt	#14 { rrax.w	R10
 254      0A11 
GAS LISTING /tmp/ccTYDOZd.s 			page 6


 255               	.L25:
 256 0092 4D47      		MOV.B	R7, R13
 257 0094 CC04      		MOVA	R4, R12
 258 0096 B013 0000 		CALLA	#sx1278ReadRegister
 259 009a 4CF5      		AND.B	R5, R12
 260 009c 4D4C      		MOV.B	R12, R13
 261 009e 4018 0C43 		MOVX.W	#0, R12 { SUBX.W	R13, R12
 261      4018 0C8D 
 262 00a6 5C03 4D18 		rrum.w	#1, R12 { rpt	#14 { rrax.w	R12
 262      0C11 
 263 00ac 4C9A 0020 		CMP.B	R10, R12 { JNE	.L18
 264 00b0 4C43      		MOV.B	#0, R12
 265               	.L11:
 266               		; start of epilogue
 267 00b2 A100 0400 		ADDA	#4, R1
 268 00b6 6416      		POPM.A	#7, r10
 269 00b8 1001      		RETA
 270               	.L21:
 271 00ba 5543      		MOV.B	#1, R5
 272 00bc 7740 3F00 		MOV.B	#63, R7
 273 00c0 8000 0000 		BRA	#.L15
 274               	.L18:
 275 00c4 3893 0024 		CMP.W	#-1, R8 { JEQ	.L23
 276 00c8 0893 0024 		CMP.W	#0, R8 { JEQ	.L25
 277 00cc 1C46 0800 		MOV.W	8(R6), R12
 278 00d0 0C89      		SUB.W	R9, R12
 279 00d2 0C98 0028 		CMP.W	R8, R12 { JLO	.L25
 280               	.L23:
 281 00d6 8C0F FFFF 		MOVA	#-1, R12
 282 00da 8000 0000 		BRA	#.L11
 283               	.L14:
 284               	 ; 347 "../ChibiOS-Contrib/os/common/ports/MSP430X/chcore.h" 1
 285 00de 32C2 0343 		dint { nop
 286               	 ; 0 "" 2
 287               	 ; 348 "../ChibiOS-Contrib/os/common/ports/MSP430X/chcore.h" 1
 288 00e2 0343      		nop
 289               	 ; 0 "" 2
 290 00e4 0614 4018 		PUSHM.A	#1, R6 { POPX.W	R12 { POPX.W	R13 ; move pointer in R6 into reg-pair R12:R13
 290      3C41 4018 
 290      3D41 
 291 00ee B013 0000 		CALLA	#__mspabi_srll_12
 292 00f2 0D12 0C12 		PUSH.W	R13 { PUSH.W	R12 { POPM.A	#1, R12
 292      0C16 
 293 00f8 8F00 0000 		MOVA	#blocking_callback, R15
 294 00fc 4E4A      		MOV.B	R10, R14
 295 00fe 4D4C      		MOV.B	R12, R13
 296 0100 CC06      		MOVA	R6, R12
 297 0102 0018 7CF0 		ANDX.A	#4095, R12
 297      FF0F 
 298 0108 B013 0000 		CALLA	#_pal_lld_enablepadevent
 299 010c 0C01      		MOVA	@R1, R12
 300 010e 0018 6C54 		ADDX.A	@R4, R12
 301 0112 3C0C 2E00 		MOVA	46(R12), R12
 302 0116 CE0C      		MOVA	R12, R14
 303 0118 0018 7EF0 		ANDX.A	#4095, R14
 303      FF0F 
 304 011e 2A4E      		MOV.W	@R14, R10
GAS LISTING /tmp/ccTYDOZd.s 			page 7


 305 0120 0C14 4018 		PUSHM.A	#1, R12 { POPX.W	R12 { POPX.W	R13 ; move pointer in R12 into reg-pair R12:R13
 305      3C41 4018 
 305      3D41 
 306 012a B013 0000 		CALLA	#__mspabi_srll_12
 307 012e 0D12 0C12 		PUSH.W	R13 { PUSH.W	R12 { POPM.A	#1, R12
 307      0C16 
 308 0134 4018 0D4C 		MOVX	R12, R13
 309 0138 0C4A      		MOV.W	R10, R12
 310 013a B013 0000 		CALLA	#__mspabi_srli
 311 013e 4018 1CB3 		BITX.W	#1, R12 { JEQ	.L19
 311      0024 
 312 0144 0018 C243 		MOVX.A	#0, &suspend_result
 312      0000 
 313               	.L20:
 314 014a 0C49 0D43 		MOV.W	R9,R12 { MOV.W	#0,R13
 315 014e 0E4C      		MOV.W	R12, R14
 316 0150 0F4D      		MOV.W	R13, R15
 317 0152 0E5E 0F6F 		RLA.W	R14 { RLC.W	R15 { RLA.W	R14 { RLC.W	R15
 317      0E5E 0F6F 
 318 015a 814E 0000 		MOV.W	R14, @R1
 319 015e 814F 0200 		MOV.W	R15, 2(R1)
 320 0162 0C01      		MOVA	@R1, R12
 321 0164 0018 6C54 		ADDX.A	@R4, R12
 322 0168 3A0C 2E00 		MOVA	46(R12), R10
 323 016c 0A14 4018 		PUSHM.A	#1, R10 { POPX.W	R12 { POPX.W	R13 ; move pointer in R10 into reg-pair R12:R13
 323      3C41 4018 
 323      3D41 
 324 0176 B013 0000 		CALLA	#__mspabi_srll_12
 325 017a 0D12 0C12 		PUSH.W	R13 { PUSH.W	R12 { POPM.A	#1, R12
 325      0C16 
 326 0180 4D4C      		MOV.B	R12, R13
 327 0182 CC0A      		MOVA	R10, R12
 328 0184 0018 7CF0 		ANDX.A	#4095, R12
 328      FF0F 
 329 018a B013 0000 		CALLA	#_pal_lld_disablepadevent
 330               	 ; 355 "../ChibiOS-Contrib/os/common/ports/MSP430X/chcore.h" 1
 331 018e 0343      		nop
 332               	 ; 0 "" 2
 333               	 ; 356 "../ChibiOS-Contrib/os/common/ports/MSP430X/chcore.h" 1
 334 0190 0343 32D2 		nop { eint { nop
 334      0343 
 335               	 ; 0 "" 2
 336 0196 2C00 0000 		MOVA	&suspend_result, R12
 337 019a 8000 0000 		BRA	#.L11
 338               	.L19:
 339 019e 0D48      		MOV.W	R8, R13
 340 01a0 8C00 0000 		MOVA	#tr, R12
 341 01a4 B013 0000 		CALLA	#chThdSuspendTimeoutS
 342 01a8 600C 0000 		MOVA	R12, &suspend_result
 343 01ac 8000 0000 		BRA	#.L20
 344               		.size	sx1278BlockTimeout, .-sx1278BlockTimeout
 345               		.section	.text.sx1278SetRegister,"ax",@progbits
 346               		.balign 2
 347               		.global	sx1278SetRegister
 348               		.type	sx1278SetRegister, @function
 349               	sx1278SetRegister:
 350               	; start of function
GAS LISTING /tmp/ccTYDOZd.s 			page 8


 351               	; framesize_regs:     24
 352               	; framesize_locals:   0
 353               	; framesize_outgoing: 0
 354               	; framesize:          24
 355               	; elim ap -> fp       28
 356               	; elim fp -> sp       0
 357               	; saved regs: R5 R6 R7 R8 R9 R10
 358               		; start of prologue
 359 0000 5A14      		PUSHM.A	#6, R10
 360               		; end of prologue
 361 0002 CA0C      		MOVA	R12, R10
 362 0004 494D      		MOV.B	R13, R9
 363 0006 474E      		MOV.B	R14, R7
 364 0008 39B0 7F00 		BIT.W	#127, R9 { JNE	.L28
 364      0020 
 365 000e 8C00 0000 		MOVA	#__func__.4992, R12
 366 0012 B013 0000 		CALLA	#chSysHalt
 367               	.L28:
 368 0016 7990 1100 		CMP.B	#17, R9 { JEQ	.L29
 368      0024 
 369 001c 7990 3C00 		CMP.B	#60, R9 { JEQ	.L29
 369      0024 
 370 0022 7990 4200 		CMP.B	#66, R9 { JNE	.L30
 370      0020 
 371               	.L29:
 372 0028 8C00 0000 		MOVA	#__func__.4992, R12
 373 002c B013 0000 		CALLA	#chSysHalt
 374               	.L30:
 375 0030 060A      		MOVA	@R10, R6
 376 0032 3C06 2200 		MOVA	34(R6), R12
 377 0036 C80C      		MOVA	R12, R8
 378 0038 0018 78F0 		ANDX.A	#4095, R8
 378      FF0F 
 379 003e 1548 0200 		MOV.W	2(R8), R5
 380 0042 0C14 4018 		PUSHM.A	#1, R12 { POPX.W	R12 { POPX.W	R13 ; move pointer in R12 into reg-pair R12:R13
 380      3C41 4018 
 380      3D41 
 381 004c B013 0000 		CALLA	#__mspabi_srll_12
 382 0050 0D12 0C12 		PUSH.W	R13 { PUSH.W	R12 { POPM.A	#1, R12
 382      0C16 
 383 0056 4018 0D4C 		MOVX	R12, R13
 384 005a 5C43      		MOV.B	#1, R12
 385 005c B013 0000 		CALLA	#__mspabi_slli
 386 0060 05CC      		BIC.W	R12, R5
 387 0062 8845 0200 		MOV.W	R5, 2(R8)
 388 0066 8800 0000 		MOVA	#spi_lld_polled_exchange, R8
 389 006a 4D49      		MOV.B	R9, R13
 390 006c 7DD0 80FF 		BIS.B	#-128, R13
 391 0070 0C06      		MOVA	@R6, R12
 392 0072 4813      		CALLA	R8
 393 0074 0C0A      		MOVA	@R10, R12
 394 0076 4D47      		MOV.B	R7, R13
 395 0078 0C0C      		MOVA	@R12, R12
 396 007a 4813      		CALLA	R8
 397 007c 494C      		MOV.B	R12, R9
 398 007e 0C0A      		MOVA	@R10, R12
 399 0080 3C0C 2200 		MOVA	34(R12), R12
GAS LISTING /tmp/ccTYDOZd.s 			page 9


 400 0084 CA0C      		MOVA	R12, R10
 401 0086 0018 7AF0 		ANDX.A	#4095, R10
 401      FF0F 
 402 008c 184A 0200 		MOV.W	2(R10), R8
 403 0090 0C14 4018 		PUSHM.A	#1, R12 { POPX.W	R12 { POPX.W	R13 ; move pointer in R12 into reg-pair R12:R13
 403      3C41 4018 
 403      3D41 
 404 009a B013 0000 		CALLA	#__mspabi_srll_12
 405 009e 0D12 0C12 		PUSH.W	R13 { PUSH.W	R12 { POPM.A	#1, R12
 405      0C16 
 406 00a4 4018 0D4C 		MOVX	R12, R13
 407 00a8 5C43      		MOV.B	#1, R12
 408 00aa B013 0000 		CALLA	#__mspabi_slli
 409 00ae 0CD8      		BIS.W	R8, R12
 410 00b0 8A4C 0200 		MOV.W	R12, 2(R10)
 411 00b4 4C49      		MOV.B	R9, R12
 412               		; start of epilogue
 413 00b6 5516      		POPM.A	#6, r10
 414 00b8 1001      		RETA
 415               		.size	sx1278SetRegister, .-sx1278SetRegister
 416               		.section	.text.sx1278SetMode.constprop.3,"ax",@progbits
 417               		.balign 2
 418               		.type	sx1278SetMode.constprop.3, @function
 419               	sx1278SetMode.constprop.3:
 420               	; start of function
 421               	; framesize_regs:     4
 422               	; framesize_locals:   0
 423               	; framesize_outgoing: 0
 424               	; framesize:          4
 425               	; elim ap -> fp       8
 426               	; elim fp -> sp       0
 427               	; saved regs: R10
 428               		; start of prologue
 429 0000 0A14      		PUSHM.A	#1, R10
 430               		; end of prologue
 431 0002 CA0C      		MOVA	R12, R10
 432 0004 5E4C 0500 		MOV.B	5(R12), R14
 433 0008 7EF0 F8FF 		AND.B	#-8, R14
 434 000c CC4E 0500 		MOV.B	R14, 5(R12)
 435 0010 5D43      		MOV.B	#1, R13
 436 0012 B013 0000 		CALLA	#sx1278SetRegister
 437               		; start of epilogue
 438 0016 0A16      		POPM.A	#1, r10
 439 0018 1001      		RETA
 440               		.size	sx1278SetMode.constprop.3, .-sx1278SetMode.constprop.3
 441               		.global	__mspabi_divul
 442               		.section	.text.sx1278SetBitrate,"ax",@progbits
 443               		.balign 2
 444               		.global	sx1278SetBitrate
 445               		.type	sx1278SetBitrate, @function
 446               	sx1278SetBitrate:
 447               	; start of function
 448               	; framesize_regs:     20
 449               	; framesize_locals:   0
 450               	; framesize_outgoing: 0
 451               	; framesize:          20
 452               	; elim ap -> fp       24
GAS LISTING /tmp/ccTYDOZd.s 			page 10


 453               	; elim fp -> sp       0
 454               	; saved regs: R6 R7 R8 R9 R10
 455               		; start of prologue
 456 0000 4A14      		PUSHM.A	#5, R10
 457               		; end of prologue
 458 0002 C80C      		MOVA	R12, R8
 459 0004 064D      		MOV.W	R13, R6
 460 0006 0A4E      		MOV.W	R14, R10
 461 0008 0E4D      		MOV.W	R13, R14
 462 000a 0F4A      		MOV.W	R10, R15
 463 000c 3C40 0080 		MOV.W	#-32768, R12
 464 0010 3D40 841E 		MOV.W	#7812, R13
 465 0014 B013 0000 		CALLA	#__mspabi_divul
 466 0018 094C      		MOV.W	R12, R9
 467 001a B013 0000 		CALLA	#__mspabi_srll_4
 468 001e 074C      		MOV.W	R12, R7
 469 0020 79F0 0F00 		AND.B	#15, R9
 470 0024 6C42      		MOV.B	#4, R12
 471 0026 0C9A 0028 		CMP.W	R10, R12 { JLO	.L41
 472 002a 0A9C 0020 		CMP.W	R12, R10 { JNE	.L39
 473 002e 3C40 DF93 		MOV.W	#-27681, R12
 474 0032 0C96 002C 		CMP.W	R6, R12 { JHS	.L39
 475               	.L41:
 476 0036 8C00 0000 		MOVA	#__func__.5014, R12
 477 003a B013 0000 		CALLA	#chSysHalt
 478               	.L39:
 479 003e 8A00 0000 		MOVA	#sx1278SetRegister, R10
 480 0042 0E47      		MOV.W	R7, R14
 481 0044 5E0F 5E0F 		rrum.w	#4, R14 { rrum.w	#4, R14 
 482 0048 6D43      		MOV.B	#2, R13
 483 004a CC08      		MOVA	R8, R12
 484 004c 4A13      		CALLA	R10
 485 004e 4E47      		MOV.B	R7, R14
 486 0050 7D40 0300 		MOV.B	#3, R13
 487 0054 CC08      		MOVA	R8, R12
 488 0056 4A13      		CALLA	R10
 489 0058 4E49      		MOV.B	R9, R14
 490 005a 7D40 5D00 		MOV.B	#93, R13
 491 005e CC08      		MOVA	R8, R12
 492 0060 4A13      		CALLA	R10
 493               		; start of epilogue
 494 0062 4616      		POPM.A	#5, r10
 495 0064 1001      		RETA
 496               		.size	sx1278SetBitrate, .-sx1278SetBitrate
 497               		.section	.text.sx1278SetDeviation,"ax",@progbits
 498               		.balign 2
 499               		.global	sx1278SetDeviation
 500               		.type	sx1278SetDeviation, @function
 501               	sx1278SetDeviation:
 502               	; start of function
 503               	; framesize_regs:     20
 504               	; framesize_locals:   0
 505               	; framesize_outgoing: 0
 506               	; framesize:          20
 507               	; elim ap -> fp       24
 508               	; elim fp -> sp       0
 509               	; saved regs: R6 R7 R8 R9 R10
GAS LISTING /tmp/ccTYDOZd.s 			page 11


 510               		; start of prologue
 511 0000 4A14      		PUSHM.A	#5, R10
 512               		; end of prologue
 513 0002 C80C      		MOVA	R12, R8
 514 0004 064D      		MOV.W	R13, R6
 515 0006 094E      		MOV.W	R14, R9
 516 0008 0C4D      		MOV.W	R13, R12
 517 000a 0D4E      		MOV.W	R14, R13
 518 000c B013 0000 		CALLA	#__mspabi_slll_11
 519 0010 3E40 48E8 		MOV.W	#-6072, R14
 520 0014 5F43      		MOV.B	#1, R15
 521 0016 3C50 24F4 		ADD	#-3036, R12 ; cy
 522 001a 0D63      		ADDC	#0, R13
 523 001c B013 0000 		CALLA	#__mspabi_divul
 524 0020 074C      		MOV.W	R12, R7
 525 0022 0A4C      		MOV.W	R12, R10
 526 0024 7C40 0300 		MOV.B	#3, R12
 527 0028 0C99 0028 		CMP.W	R9, R12 { JLO	.L45
 528 002c 099C 0020 		CMP.W	R12, R9 { JNE	.L43
 529 0030 3C40 3F0D 		MOV.W	#3391, R12
 530 0034 0C96 002C 		CMP.W	R6, R12 { JHS	.L43
 531               	.L45:
 532 0038 8C00 0000 		MOVA	#__func__.5020, R12
 533 003c B013 0000 		CALLA	#chSysHalt
 534               	.L43:
 535 0040 8600 0000 		MOVA	#sx1278SetRegister, R6
 536 0044 0E4A      		MOV.W	R10, R14
 537 0046 5E0F 5E0F 		rrum.w	#4, R14 { rrum.w	#4, R14 
 538 004a 6D42      		MOV.B	#4, R13
 539 004c CC08      		MOVA	R8, R12
 540 004e 4613      		CALLA	R6
 541 0050 4E47      		MOV.B	R7, R14
 542 0052 7D40 0500 		MOV.B	#5, R13
 543 0056 CC08      		MOVA	R8, R12
 544 0058 4613      		CALLA	R6
 545               		; start of epilogue
 546 005a 4616      		POPM.A	#5, r10
 547 005c 1001      		RETA
 548               		.size	sx1278SetDeviation, .-sx1278SetDeviation
 549               		.section	.text.sx1278SetFrequency,"ax",@progbits
 550               		.balign 2
 551               		.global	sx1278SetFrequency
 552               		.type	sx1278SetFrequency, @function
 553               	sx1278SetFrequency:
 554               	; start of function
 555               	; framesize_regs:     24
 556               	; framesize_locals:   0
 557               	; framesize_outgoing: 0
 558               	; framesize:          24
 559               	; elim ap -> fp       28
 560               	; elim fp -> sp       0
 561               	; saved regs: R5 R6 R7 R8 R9 R10
 562               		; start of prologue
 563 0000 5A14      		PUSHM.A	#6, R10
 564               		; end of prologue
 565 0002 CA0C      		MOVA	R12, R10
 566 0004 084D      		MOV.W	R13, R8
GAS LISTING /tmp/ccTYDOZd.s 			page 12


 567 0006 054E      		MOV.W	R14, R5
 568 0008 3E40 093D 		MOV.W	#15625, R14
 569 000c 4F43      		MOV.B	#0, R15
 570 000e 0C4D      		MOV.W	R13, R12
 571 0010 3C50 841E 		ADD	#7812, R12 ; cy
 572 0014 0D45      		MOV.W	R5, R13
 573 0016 0D63      		ADDC	#0, R13
 574 0018 B013 0000 		CALLA	#__mspabi_divul
 575 001c 074C      		MOV.W	R12, R7
 576 001e B013 0000 		CALLA	#__mspabi_slll_8
 577 0022 064C      		MOV.W	R12, R6
 578 0024 094D      		MOV.W	R13, R9
 579 0026 0D48      		MOV.W	R8, R13
 580 0028 3D50 C08B 		ADD	#-29760, R13 ; cy
 581 002c 0C45      		MOV.W	R5, R12
 582 002e 3C60 D5F7 		ADDC	#-2091, R12
 583 0032 3E40 4302 		MOV.W	#579, R14
 584 0036 0E9C 0028 		CMP.W	R12, R14 { JLO	.L56
 585 003a 0C9E 0020 		CMP.W	R14, R12 { JNE	.L47
 586 003e 3C40 80D5 		MOV.W	#-10880, R12
 587 0042 0C9D 002C 		CMP.W	R13, R12 { JHS	.L47
 588               	.L56:
 589 0046 0D48      		MOV.W	R8, R13
 590 0048 3D50 80E5 		ADD	#-6784, R13 ; cy
 591 004c 0C45      		MOV.W	R5, R12
 592 004e 3C60 8FE7 		ADDC	#-6257, R12
 593 0052 3E40 DA06 		MOV.W	#1754, R14
 594 0056 0E9C 0028 		CMP.W	R12, R14 { JLO	.L49
 595 005a 0C9E 0020 		CMP.W	R14, R12 { JNE	.L47
 596 005e 3C40 C0C2 		MOV.W	#-15680, R12
 597 0062 0C9D 0028 		CMP.W	R13, R12 { JLO	.L49
 598               	.L47:
 599 0066 FAD2 0500 		BIS.B	#8, 5(R10)
 600               	.L51:
 601 006a 39B0 00FF 		BIT.W	#-256, R9 { JEQ	.L54
 601      0024 
 602 0070 8C00 0000 		MOVA	#__func__.5026, R12
 603 0074 B013 0000 		CALLA	#chSysHalt
 604               	.L54:
 605 0078 8800 0000 		MOVA	#sx1278SetRegister, R8
 606 007c 5E4A 0500 		MOV.B	5(R10), R14
 607 0080 5D43      		MOV.B	#1, R13
 608 0082 CC0A      		MOVA	R10, R12
 609 0084 4813      		CALLA	R8
 610 0086 0C46      		MOV.W	R6, R12
 611 0088 0D49      		MOV.W	R9, R13
 612 008a 7E40 1000 		MOV.B	#16, R14
 613 008e B013 0000 		CALLA	#__mspabi_srll
 614 0092 4E4C      		MOV.B	R12, R14
 615 0094 7D40 0600 		MOV.B	#6, R13
 616 0098 CC0A      		MOVA	R10, R12
 617 009a 4813      		CALLA	R8
 618 009c 4E47      		MOV.B	R7, R14
 619 009e 7D40 0700 		MOV.B	#7, R13
 620 00a2 CC0A      		MOVA	R10, R12
 621 00a4 4813      		CALLA	R8
 622 00a6 4E43      		MOV.B	#0, R14
GAS LISTING /tmp/ccTYDOZd.s 			page 13


 623 00a8 7D42      		MOV.B	#8, R13
 624 00aa CC0A      		MOVA	R10, R12
 625 00ac 4813      		CALLA	R8
 626               		; start of epilogue
 627 00ae 5516      		POPM.A	#6, r10
 628 00b0 1001      		RETA
 629               	.L49:
 630 00b2 3850 80EC 		ADD	#-4992, R8 ; cy
 631 00b6 3560 9ECC 		ADDC	#-13154, R5
 632 00ba 3E40 6A09 		MOV.W	#2410, R14
 633 00be 0E95 0028 		CMP.W	R5, R14 { JLO	.L52
 634 00c2 059E 0020 		CMP.W	R14, R5 { JNE	.L57
 635 00c6 3C40 80E3 		MOV.W	#-7296, R12
 636 00ca 0C98 0028 		CMP.W	R8, R12 { JLO	.L52
 637               	.L57:
 638 00ce FAC2 0500 		BIC.B	#8, 5(R10)
 639 00d2 8000 0000 		BRA	#.L51
 640               	.L52:
 641 00d6 8C00 0000 		MOVA	#__func__.5026, R12
 642 00da B013 0000 		CALLA	#chSysHalt
 643 00de 8000 0000 		BRA	#.L51
 644               		.size	sx1278SetFrequency, .-sx1278SetFrequency
 645               		.section	.text.sx1278SetPower,"ax",@progbits
 646               		.balign 2
 647               		.global	sx1278SetPower
 648               		.type	sx1278SetPower, @function
 649               	sx1278SetPower:
 650               	; start of function
 651               	; framesize_regs:     0
 652               	; framesize_locals:   0
 653               	; framesize_outgoing: 0
 654               	; framesize:          0
 655               	; elim ap -> fp       4
 656               	; elim fp -> sp       0
 657               	; saved regs:(none)
 658               		; start of prologue
 659               		; end of prologue
 660 0000 4E4D      		MOV.B	R13, R14
 661 0002 7D40 0900 		MOV.B	#9, R13
 662 0006 B013 0000 		CALLA	#sx1278SetRegister
 663               		; start of epilogue
 664 000a 1001      		RETA
 665               		.size	sx1278SetPower, .-sx1278SetPower
 666               		.section	.text.sx1278SetFilterParams,"ax",@progbits
 667               		.balign 2
 668               		.global	sx1278SetFilterParams
 669               		.type	sx1278SetFilterParams, @function
 670               	sx1278SetFilterParams:
 671               	; start of function
 672               	; framesize_regs:     4
 673               	; framesize_locals:   0
 674               	; framesize_outgoing: 0
 675               	; framesize:          4
 676               	; elim ap -> fp       8
 677               	; elim fp -> sp       0
 678               	; saved regs: R10
 679               		; start of prologue
GAS LISTING /tmp/ccTYDOZd.s 			page 14


 680 0000 0A14      		PUSHM.A	#1, R10
 681               		; end of prologue
 682 0002 CA0C      		MOVA	R12, R10
 683 0004 7C40 0300 		MOV.B	#3, R12
 684 0008 4C9D 002C 		CMP.B	R13, R12 { JHS	.L63
 685 000c 8C00 0000 		MOVA	#__func__.5035, R12
 686 0010 B013 0000 		CALLA	#chSysHalt
 687               	.L63:
 688 0014 7E40 6F00 		MOV.B	#111, R14
 689 0018 7D40 0A00 		MOV.B	#10, R13
 690 001c CC0A      		MOVA	R10, R12
 691 001e B013 0000 		CALLA	#sx1278SetRegister
 692               		; start of epilogue
 693 0022 0A16      		POPM.A	#1, r10
 694 0024 1001      		RETA
 695               		.size	sx1278SetFilterParams, .-sx1278SetFilterParams
 696               		.section	.text.sx1278SetSync,"ax",@progbits
 697               		.balign 2
 698               		.global	sx1278SetSync
 699               		.type	sx1278SetSync, @function
 700               	sx1278SetSync:
 701               	; start of function
 702               	; framesize_regs:     28
 703               	; framesize_locals:   0
 704               	; framesize_outgoing: 0
 705               	; framesize:          28
 706               	; elim ap -> fp       32
 707               	; elim fp -> sp       0
 708               	; saved regs: R4 R5 R6 R7 R8 R9 R10
 709               		; start of prologue
 710 0000 6A14      		PUSHM.A	#7, R10
 711               		; end of prologue
 712 0002 C40C      		MOVA	R12, R4
 713 0004 094D      		MOV.W	R13, R9
 714 0006 074E      		MOV.W	R14, R7
 715 0008 0DDE      		BIS.W	R14, R13
 716 000a 0D93 0024 		CMP.W	#0, R13 { JEQ	.L64
 717 000e 0E0C      		MOVA	@R12, R14
 718 0010 3E0E 2600 		MOVA	38(R14), R14
 719 0014 6E4E      		MOV.B	@R14, R14
 720 0016 7EF0 2000 		AND.B	#32, R14
 721 001a 8800 0000 		MOVA	#sx1278SetRegister, R8
 722 001e 7ED0 93FF 		BIS.B	#-109, R14
 723 0022 7D40 2700 		MOV.B	#39, R13
 724 0026 4813      		CALLA	R8
 725 0028 7A40 2800 		MOV.B	#40, R10
 726 002c 7640 1800 		MOV.B	#24, R6
 727 0030 8800 0000 		MOVA	#chSysHalt, R8
 728               	.L67:
 729 0034 0C49      		MOV.W	R9, R12
 730 0036 0D47      		MOV.W	R7, R13
 731 0038 0E46 0F43 		MOV.W	R6,R14 { MOV.W	#0,R15
 732 003c B013 0000 		CALLA	#__mspabi_srll
 733 0040 054C      		MOV.W	R12, R5
 734 0042 4C93 0020 		CMP.B	#0, R12 { JNE	.L66
 735 0046 8C00 0000 		MOVA	#__func__.5045, R12
 736 004a 4813      		CALLA	R8
GAS LISTING /tmp/ccTYDOZd.s 			page 15


 737               	.L66:
 738 004c 4E45      		MOV.B	R5, R14
 739 004e 4D4A      		MOV.B	R10, R13
 740 0050 CC04      		MOVA	R4, R12
 741 0052 B013 0000 		CALLA	#sx1278SetRegister
 742 0056 3650 F8FF 		ADD.W	#-8, R6
 743 005a 4C4A      		MOV.B	R10, R12
 744 005c 5C53      		ADD.B	#1, R12
 745 005e 4A4C      		MOV.B	R12, R10
 746 0060 7C90 2C00 		CMP.B	#44, R12 { JNE	.L67
 746      0020 
 747               	.L64:
 748               		; start of epilogue
 749 0066 6416      		POPM.A	#7, r10
 750 0068 1001      		RETA
 751               		.size	sx1278SetSync, .-sx1278SetSync
 752               		.section	.text.sx1278ObjectInit,"ax",@progbits
 753               		.balign 2
 754               		.global	sx1278ObjectInit
 755               		.type	sx1278ObjectInit, @function
 756               	sx1278ObjectInit:
 757               	; start of function
 758               	; framesize_regs:     0
 759               	; framesize_locals:   0
 760               	; framesize_outgoing: 0
 761               	; framesize:          0
 762               	; elim ap -> fp       4
 763               	; elim fp -> sp       0
 764               	; saved regs:(none)
 765               		; start of prologue
 766               		; end of prologue
 767 0000 FC40 0900 		MOV.B	#9, 5(R12)
 767      0500 
 768 0006 CC43 0600 		MOV.B	#0, 6(R12)
 769 000a DC43 0400 		MOV.B	#1, 4(R12)
 770               		; start of epilogue
 771 000e 1001      		RETA
 772               		.size	sx1278ObjectInit, .-sx1278ObjectInit
 773               		.section	.text.sx1278Start,"ax",@progbits
 774               		.balign 2
 775               		.global	sx1278Start
 776               		.type	sx1278Start, @function
 777               	sx1278Start:
 778               	; start of function
 779               	; framesize_regs:     16
 780               	; framesize_locals:   0
 781               	; framesize_outgoing: 0
 782               	; framesize:          16
 783               	; elim ap -> fp       20
 784               	; elim fp -> sp       0
 785               	; saved regs: R6 R8 R9 R10
 786               		; start of prologue
 787 0000 2A14      		PUSHM.A	#3, R10
 788 0002 0614      		PUSHM.A	#1, R6
 789               		; end of prologue
 790 0004 CA0C      		MOVA	R12, R10
 791 0006 C80D      		MOVA	R13, R8
GAS LISTING /tmp/ccTYDOZd.s 			page 16


 792 0008 7A0D 0000 		MOVA	R13, @R10
 793 000c B013 0000 		CALLA	#sx1278Reset.isra.0
 794 0010 3D08 0400 		MOVA	4(R8), R13
 795 0014 0018 FD40 		MOVX.A	#spi_callback, @R13
 795      0000 0000 
 796 001c 0C08      		MOVA	@R8, R12
 797 001e B013 0000 		CALLA	#spiStart
 798 0022 CC0A      		MOVA	R10, R12
 799 0024 B013 0000 		CALLA	#sx1278SetMode.constprop.3
 800 0028 1D48 0C00 		MOV.W	12(R8), R13
 801 002c 1E48 0E00 		MOV.W	14(R8), R14
 802 0030 CC0A      		MOVA	R10, R12
 803 0032 B013 0000 		CALLA	#sx1278SetFrequency
 804 0036 1D48 1000 		MOV.W	16(R8), R13
 805 003a 1E48 1200 		MOV.W	18(R8), R14
 806 003e CC0A      		MOVA	R10, R12
 807 0040 B013 0000 		CALLA	#sx1278SetDeviation
 808 0044 1D48 0800 		MOV.W	8(R8), R13
 809 0048 1E48 0A00 		MOV.W	10(R8), R14
 810 004c CC0A      		MOVA	R10, R12
 811 004e B013 0000 		CALLA	#sx1278SetBitrate
 812 0052 5D48 1500 		MOV.B	21(R8), R13
 813 0056 CC0A      		MOVA	R10, R12
 814 0058 B013 0000 		CALLA	#sx1278SetPower
 815 005c 1948 1600 		MOV.W	22(R8), R9
 816 0060 8600 0000 		MOVA	#sx1278SetRegister, R6
 817 0064 0E49      		MOV.W	R9, R14
 818 0066 5E0F 5E0F 		rrum.w	#4, R14 { rrum.w	#4, R14 
 819 006a 7D40 2500 		MOV.B	#37, R13
 820 006e CC0A      		MOVA	R10, R12
 821 0070 4613      		CALLA	R6
 822 0072 4E49      		MOV.B	R9, R14
 823 0074 7D40 2600 		MOV.B	#38, R13
 824 0078 CC0A      		MOVA	R10, R12
 825 007a 4613      		CALLA	R6
 826 007c 1D48 1800 		MOV.W	24(R8), R13
 827 0080 1E48 1A00 		MOV.W	26(R8), R14
 828 0084 CC0A      		MOVA	R10, R12
 829 0086 B013 0000 		CALLA	#sx1278SetSync
 830 008a FA40 1800 		MOV.B	#24, 6(R10)
 830      0600 
 831 0090 7E40 1800 		MOV.B	#24, R14
 832 0094 7D40 3600 		MOV.B	#54, R13
 833 0098 CC0A      		MOVA	R10, R12
 834 009a 4613      		CALLA	R6
 835 009c 0C0A      		MOVA	@R10, R12
 836 009e 380C 2600 		MOVA	38(R12), R8
 837 00a2 6C48      		MOV.B	@R8, R12
 838 00a4 4D4C      		MOV.B	R12, R13
 839 00a6 7DF0 0300 		AND.B	#3, R13
 840 00aa 5D93 0024 		CMP.B	#1, R13 { JEQ	.L82
 841 00ae 4943      		MOV.B	#0, R9
 842               	.L72:
 843 00b0 7CF0 0C00 		AND.B	#12, R12
 844 00b4 7C90 0C00 		CMP.B	#12, R12 { JNE	.L73
 844      0020 
 845 00ba 8C00 0000 		MOVA	#__func__.5078, R12
GAS LISTING /tmp/ccTYDOZd.s 			page 17


 846 00be B013 0000 		CALLA	#chSysHalt
 847               	.L73:
 848 00c2 6D48      		MOV.B	@R8, R13
 849 00c4 0C4D      		MOV.W	R13, R12
 850 00c6 4318 0C5C 		rpt	#4 { rlax.w	R12
 851 00ca 7CF0 4000 		AND.B	#64, R12
 852 00ce 0E4D      		MOV.W	R13, R14
 853 00d0 4118 0E5E 		rpt	#2 { rlax.w	R14
 854 00d4 7EF0 2000 		AND.B	#32, R14
 855 00d8 4CDE      		BIS.B	R14, R12
 856 00da 0E4D      		MOV.W	R13, R14
 857 00dc 7EF0 1000 		AND.B	#16, R14
 858 00e0 4EDC      		BIS.B	R12, R14
 859 00e2 4ED9      		BIS.B	R9, R14
 860 00e4 7D40 3000 		MOV.B	#48, R13
 861 00e8 CC0A      		MOVA	R10, R12
 862 00ea 4613      		CALLA	R6
 863 00ec 6C48      		MOV.B	@R8, R12
 864 00ee 7CF0 0300 		AND.B	#3, R12
 865 00f2 4C93 0020 		CMP.B	#0, R12 { JNE	.L74
 866 00f6 0C0A      		MOVA	@R10, R12
 867 00f8 1C4C 2C00 		MOV.W	44(R12), R12
 868 00fc B013 0000 		CALLA	#__mspabi_srli_8
 869 0100 4E4C      		MOV.B	R12, R14
 870 0102 7ED0 4000 		BIS.B	#64, R14
 871 0106 7D40 3100 		MOV.B	#49, R13
 872 010a CC0A      		MOVA	R10, R12
 873 010c 4613      		CALLA	R6
 874 010e 0C0A      		MOVA	@R10, R12
 875 0110 5E4C 2C00 		MOV.B	44(R12), R14
 876               	.L85:
 877 0114 7D40 3200 		MOV.B	#50, R13
 878 0118 CC0A      		MOVA	R10, R12
 879 011a 4613      		CALLA	R6
 880 011c 080A      		MOVA	@R10, R8
 881 011e 5C48 1C00 		MOV.B	28(R8), R12
 882 0122 7D40 0500 		MOV.B	#5, R13
 883 0126 4D9C 0028 		CMP.B	R12, R13 { JLO	.L76
 884 012a 0C93 0024 		CMP.W	#0, R12 { JEQ	.L76
 885 012e 8C00 0000 		MOVA	#__func__.5066, R12
 886 0132 B013 0000 		CALLA	#chSysHalt
 887               	.L76:
 888 0136 5C48 1D00 		MOV.B	29(R8), R12
 889 013a 7D40 0500 		MOV.B	#5, R13
 890 013e 4D9C 0028 		CMP.B	R12, R13 { JLO	.L79
 891 0142 1C93 0024 		CMP.W	#1, R12 { JEQ	.L79
 892 0146 8C00 0000 		MOVA	#__func__.5066, R12
 893 014a B013 0000 		CALLA	#chSysHalt
 894               	.L79:
 895 014e 4E43      		MOV.B	#0, R14
 896 0150 7D40 4000 		MOV.B	#64, R13
 897 0154 CC0A      		MOVA	R10, R12
 898 0156 4613      		CALLA	R6
 899 0158 7E40 4000 		MOV.B	#64, R14
 900 015c 7D40 4100 		MOV.B	#65, R13
 901 0160 CC0A      		MOVA	R10, R12
 902 0162 4613      		CALLA	R6
GAS LISTING /tmp/ccTYDOZd.s 			page 18


 903 0164 EA43 0400 		MOV.B	#2, 4(R10)
 904               		; start of epilogue
 905 0168 0616      		POPM.A	#1, r6
 906 016a 2816      		POPM.A	#3, r10
 907 016c 1001      		RETA
 908               	.L82:
 909 016e 7940 8000 		MOV.B	#128, R9
 910 0172 8000 0000 		BRA	#.L72
 911               	.L74:
 912 0176 7E40 4000 		MOV.B	#64, R14
 913 017a 7D40 3100 		MOV.B	#49, R13
 914 017e CC0A      		MOVA	R10, R12
 915 0180 4613      		CALLA	R6
 916 0182 4E43      		MOV.B	#0, R14
 917 0184 8000 0000 		BRA	#.L85
 918               		.size	sx1278Start, .-sx1278Start
 919               		.section	.text.sx1278Stop,"ax",@progbits
 920               		.balign 2
 921               		.global	sx1278Stop
 922               		.type	sx1278Stop, @function
 923               	sx1278Stop:
 924               	; start of function
 925               	; framesize_regs:     4
 926               	; framesize_locals:   0
 927               	; framesize_outgoing: 0
 928               	; framesize:          4
 929               	; elim ap -> fp       8
 930               	; elim fp -> sp       0
 931               	; saved regs: R10
 932               		; start of prologue
 933 0000 0A14      		PUSHM.A	#1, R10
 934               		; end of prologue
 935 0002 CA0C      		MOVA	R12, R10
 936 0004 B013 0000 		CALLA	#sx1278Reset.isra.0
 937 0008 0C0A      		MOVA	@R10, R12
 938 000a 3D0C 0400 		MOVA	4(R12), R13
 939 000e 0C0C      		MOVA	@R12, R12
 940 0010 B013 0000 		CALLA	#spiStart
 941 0014 CC0A      		MOVA	R10, R12
 942 0016 B013 0000 		CALLA	#sx1278SetMode.constprop.3
 943 001a FA40 0900 		MOV.B	#9, 5(R10)
 943      0500 
 944 0020 0C0A      		MOVA	@R10, R12
 945 0022 0C0C      		MOVA	@R12, R12
 946 0024 B013 0000 		CALLA	#spiStop
 947 0028 DA43 0400 		MOV.B	#1, 4(R10)
 948               		; start of epilogue
 949 002c 0A16      		POPM.A	#1, r10
 950 002e 1001      		RETA
 951               		.size	sx1278Stop, .-sx1278Stop
 952               		.section	.text.sx1278Sleep,"ax",@progbits
 953               		.balign 2
 954               		.global	sx1278Sleep
 955               		.type	sx1278Sleep, @function
 956               	sx1278Sleep:
 957               	; start of function
 958               	; framesize_regs:     4
GAS LISTING /tmp/ccTYDOZd.s 			page 19


 959               	; framesize_locals:   0
 960               	; framesize_outgoing: 0
 961               	; framesize:          4
 962               	; elim ap -> fp       8
 963               	; elim fp -> sp       0
 964               	; saved regs: R10
 965               		; start of prologue
 966 0000 0A14      		PUSHM.A	#1, R10
 967               		; end of prologue
 968 0002 CA0C      		MOVA	R12, R10
 969 0004 B013 0000 		CALLA	#sx1278SetMode.constprop.3
 970 0008 EA42 0400 		MOV.B	#4, 4(R10)
 971               		; start of epilogue
 972 000c 0A16      		POPM.A	#1, r10
 973 000e 1001      		RETA
 974               		.size	sx1278Sleep, .-sx1278Sleep
 975               		.section	.text.sx1278FifoWriteAsync,"ax",@progbits
 976               		.balign 2
 977               		.global	sx1278FifoWriteAsync
 978               		.type	sx1278FifoWriteAsync, @function
 979               	sx1278FifoWriteAsync:
 980               	; start of function
 981               	; framesize_regs:     20
 982               	; framesize_locals:   4
 983               	; framesize_outgoing: 0
 984               	; framesize:          24
 985               	; elim ap -> fp       24
 986               	; elim fp -> sp       4
 987               	; saved regs: R4 R6 R8 R9 R10
 988               		; start of prologue
 989 0000 2A14      		PUSHM.A	#3, R10
 990 0002 0614      		PUSHM.A	#1, R6
 991 0004 0414      		PUSHM.A	#1, R4
 992 0006 B100 0400 		SUBA	#4, R1
 993               		; end of prologue
 994 000a CA0C      		MOVA	R12, R10
 995 000c C80D      		MOVA	R13, R8
 996 000e 7C0F 0800 		MOVA	R15, 8(R12)
 997 0012 060C      		MOVA	@R12, R6
 998 0014 3C06 2200 		MOVA	34(R6), R12
 999 0018 C40C      		MOVA	R12, R4
 1000 001a 0018 74F0 		ANDX.A	#4095, R4
 1000      FF0F 
 1001 0020 1944 0200 		MOV.W	2(R4), R9
 1002 0024 0C14 4018 		PUSHM.A	#1, R12 { POPX.W	R12 { POPX.W	R13 ; move pointer in R12 into reg-pair R12:R13
 1002      3C41 4018 
 1002      3D41 
 1003 002e 710E 0000 		MOVA	R14, @R1
 1004 0032 B013 0000 		CALLA	#__mspabi_srll_12
 1005 0036 0D12 0C12 		PUSH.W	R13 { PUSH.W	R12 { POPM.A	#1, R12
 1005      0C16 
 1006 003c 4018 0D4C 		MOVX	R12, R13
 1007 0040 5C43      		MOV.B	#1, R12
 1008 0042 B013 0000 		CALLA	#__mspabi_slli
 1009 0046 09CC      		BIC.W	R12, R9
 1010 0048 8449 0200 		MOV.W	R9, 2(R4)
 1011 004c 7D40 80FF 		MOV.B	#-128, R13
GAS LISTING /tmp/ccTYDOZd.s 			page 20


 1012 0050 0C06      		MOVA	@R6, R12
 1013 0052 B013 0000 		CALLA	#spi_lld_polled_exchange
 1014 0056 0A0A      		MOVA	@R10, R10
 1015 0058 3C0A 0400 		MOVA	4(R10), R12
 1016 005c 0018 FC40 		MOVX.A	#spi_callback, @R12
 1016      0000 0000 
 1017 0064 0E01      		MOVA	@R1, R14
 1018 0066 CD08      		MOVA	R8, R13
 1019 0068 0C0A      		MOVA	@R10, R12
 1020 006a B013 0000 		CALLA	#spiStartSend
 1021               		; start of epilogue
 1022 006e A100 0400 		ADDA	#4, R1
 1023 0072 0416      		POPM.A	#1, r4
 1024 0074 0616      		POPM.A	#1, r6
 1025 0076 2816      		POPM.A	#3, r10
 1026 0078 1001      		RETA
 1027               		.size	sx1278FifoWriteAsync, .-sx1278FifoWriteAsync
 1028               		.section	.text.sx1278FifoWriteAsyncS,"ax",@progbits
 1029               		.balign 2
 1030               		.global	sx1278FifoWriteAsyncS
 1031               		.type	sx1278FifoWriteAsyncS, @function
 1032               	sx1278FifoWriteAsyncS:
 1033               	; start of function
 1034               	; framesize_regs:     20
 1035               	; framesize_locals:   4
 1036               	; framesize_outgoing: 0
 1037               	; framesize:          24
 1038               	; elim ap -> fp       24
 1039               	; elim fp -> sp       4
 1040               	; saved regs: R4 R6 R8 R9 R10
 1041               		; start of prologue
 1042 0000 2A14      		PUSHM.A	#3, R10
 1043 0002 0614      		PUSHM.A	#1, R6
 1044 0004 0414      		PUSHM.A	#1, R4
 1045 0006 B100 0400 		SUBA	#4, R1
 1046               		; end of prologue
 1047 000a CA0C      		MOVA	R12, R10
 1048 000c C80D      		MOVA	R13, R8
 1049 000e 7C0F 0800 		MOVA	R15, 8(R12)
 1050 0012 060C      		MOVA	@R12, R6
 1051 0014 3C06 2200 		MOVA	34(R6), R12
 1052 0018 C40C      		MOVA	R12, R4
 1053 001a 0018 74F0 		ANDX.A	#4095, R4
 1053      FF0F 
 1054 0020 1944 0200 		MOV.W	2(R4), R9
 1055 0024 0C14 4018 		PUSHM.A	#1, R12 { POPX.W	R12 { POPX.W	R13 ; move pointer in R12 into reg-pair R12:R13
 1055      3C41 4018 
 1055      3D41 
 1056 002e 710E 0000 		MOVA	R14, @R1
 1057 0032 B013 0000 		CALLA	#__mspabi_srll_12
 1058 0036 0D12 0C12 		PUSH.W	R13 { PUSH.W	R12 { POPM.A	#1, R12
 1058      0C16 
 1059 003c 4018 0D4C 		MOVX	R12, R13
 1060 0040 5C43      		MOV.B	#1, R12
 1061 0042 B013 0000 		CALLA	#__mspabi_slli
 1062 0046 09CC      		BIC.W	R12, R9
 1063 0048 8449 0200 		MOV.W	R9, 2(R4)
GAS LISTING /tmp/ccTYDOZd.s 			page 21


 1064 004c 7D40 80FF 		MOV.B	#-128, R13
 1065 0050 0C06      		MOVA	@R6, R12
 1066 0052 B013 0000 		CALLA	#spi_lld_polled_exchange
 1067 0056 0A0A      		MOVA	@R10, R10
 1068 0058 3C0A 0400 		MOVA	4(R10), R12
 1069 005c 0018 FC40 		MOVX.A	#spi_callback, @R12
 1069      0000 0000 
 1070 0064 0C0A      		MOVA	@R10, R12
 1071 0066 FC40 0300 		MOV.B	#3, @R12
 1071      0000 
 1072 006c 0E01      		MOVA	@R1, R14
 1073 006e CD08      		MOVA	R8, R13
 1074 0070 B013 0000 		CALLA	#spi_lld_send
 1075               		; start of epilogue
 1076 0074 A100 0400 		ADDA	#4, R1
 1077 0078 0416      		POPM.A	#1, r4
 1078 007a 0616      		POPM.A	#1, r6
 1079 007c 2816      		POPM.A	#3, r10
 1080 007e 1001      		RETA
 1081               		.size	sx1278FifoWriteAsyncS, .-sx1278FifoWriteAsyncS
 1082               		.section	.text.sx1278StartTransmit,"ax",@progbits
 1083               		.balign 2
 1084               		.global	sx1278StartTransmit
 1085               		.type	sx1278StartTransmit, @function
 1086               	sx1278StartTransmit:
 1087               	; start of function
 1088               	; framesize_regs:     20
 1089               	; framesize_locals:   8
 1090               	; framesize_outgoing: 0
 1091               	; framesize:          28
 1092               	; elim ap -> fp       24
 1093               	; elim fp -> sp       8
 1094               	; saved regs: R4 R6 R8 R9 R10
 1095               		; start of prologue
 1096 0000 2A14      		PUSHM.A	#3, R10
 1097 0002 0614      		PUSHM.A	#1, R6
 1098 0004 0414      		PUSHM.A	#1, R4
 1099 0006 B100 0800 		SUBA	#8, R1
 1100               		; end of prologue
 1101 000a CA0C      		MOVA	R12, R10
 1102 000c C40D      		MOVA	R13, R4
 1103 000e C60E      		MOVA	R14, R6
 1104 0010 7840 1800 		MOV.B	#24, R8
 1105 0014 D80D 0028 		CMPA	R13, R8 { JLO	.L93
 1106 0018 4E4D      		MOV.B	R13, R14
 1107 001a 7E53      		ADD.B	#-1, R14
 1108 001c 3EF0 FF00 		AND	#0xff, R14
 1109               	.L91:
 1110 0020 8800 0000 		MOVA	#sx1278SetRegister, R8
 1111 0024 7D40 3500 		MOV.B	#53, R13
 1112 0028 CC0A      		MOVA	R10, R12
 1113 002a 710F 0000 		MOVA	R15, @R1
 1114 002e 4813      		CALLA	R8
 1115 0030 5E4A 0600 		MOV.B	6(R10), R14
 1116 0034 7EF0 7F00 		AND.B	#127, R14
 1117 0038 CA4E 0600 		MOV.B	R14, 6(R10)
 1118 003c 7ED0 4000 		BIS.B	#64, R14
GAS LISTING /tmp/ccTYDOZd.s 			page 22


 1119 0040 7D40 3600 		MOV.B	#54, R13
 1120 0044 CC0A      		MOVA	R10, R12
 1121 0046 4813      		CALLA	R8
 1122 0048 5E4A 0600 		MOV.B	6(R10), R14
 1123 004c 7ED0 80FF 		BIS.B	#-128, R14
 1124 0050 CA4E 0600 		MOV.B	R14, 6(R10)
 1125 0054 7D40 3600 		MOV.B	#54, R13
 1126 0058 CC0A      		MOVA	R10, R12
 1127 005a 4813      		CALLA	R8
 1128               	 ; 347 "../ChibiOS-Contrib/os/common/ports/MSP430X/chcore.h" 1
 1129 005c 32C2 0343 		dint { nop
 1130               	 ; 0 "" 2
 1131               	 ; 348 "../ChibiOS-Contrib/os/common/ports/MSP430X/chcore.h" 1
 1132 0060 0343      		nop
 1133               	 ; 0 "" 2
 1134 0062 0E0A      		MOVA	@R10, R14
 1135 0064 5C4E 1D00 		MOV.B	29(R14),R12 { CLR	R13
 1135      0D43 
 1136 006a 084C      		MOV.W	R12, R8
 1137 006c 094D      		MOV.W	R13, R9
 1138 006e 0858 0969 		RLA.W	R8 { RLC.W	R9 { RLA.W	R8 { RLC.W	R9
 1138      0858 0969 
 1139 0076 8148 0400 		MOV.W	R8, 4(R1)
 1140 007a 8149 0600 		MOV.W	R9, 6(R1)
 1141 007e 0018 5E51 		ADDX.A	4(R1), R14
 1141      0400 
 1142 0084 380E 2E00 		MOVA	46(R14), R8
 1143 0088 0814 4018 		PUSHM.A	#1, R8 { POPX.W	R12 { POPX.W	R13 ; move pointer in R8 into reg-pair R12:R13
 1143      3C41 4018 
 1143      3D41 
 1144 0092 B013 0000 		CALLA	#__mspabi_srll_12
 1145 0096 0D12 0C12 		PUSH.W	R13 { PUSH.W	R12 { POPM.A	#1, R12
 1145      0C16 
 1146 009c 0F01      		MOVA	@R1, R15
 1147 009e 6E43      		MOV.B	#2, R14
 1148 00a0 4D4C      		MOV.B	R12, R13
 1149 00a2 CC08      		MOVA	R8, R12
 1150 00a4 0018 7CF0 		ANDX.A	#4095, R12
 1150      FF0F 
 1151 00aa B013 0000 		CALLA	#_pal_lld_enablepadevent
 1152               	 ; 355 "../ChibiOS-Contrib/os/common/ports/MSP430X/chcore.h" 1
 1153 00ae 0343      		nop
 1154               	 ; 0 "" 2
 1155               	 ; 356 "../ChibiOS-Contrib/os/common/ports/MSP430X/chcore.h" 1
 1156 00b0 0343 32D2 		nop { eint { nop
 1156      0343 
 1157               	 ; 0 "" 2
 1158 00b6 7940 2F00 		MOV.B	#47, R9
 1159 00ba D904 002C 		CMPA	R4, R9 { JHS	.L92
 1160 00be C409      		MOVA	R9, R4
 1161               	.L92:
 1162 00c0 3F01 2000 		MOVA	32(R1), R15
 1163 00c4 CE06      		MOVA	R6, R14
 1164 00c6 CD04      		MOVA	R4, R13
 1165 00c8 CC0A      		MOVA	R10, R12
 1166 00ca B013 0000 		CALLA	#sx1278FifoWriteAsync
 1167 00ce CC04      		MOVA	R4, R12
GAS LISTING /tmp/ccTYDOZd.s 			page 23


 1168               		; start of epilogue
 1169 00d0 A100 0800 		ADDA	#8, R1
 1170 00d4 0416      		POPM.A	#1, r4
 1171 00d6 0616      		POPM.A	#1, r6
 1172 00d8 2816      		POPM.A	#3, r10
 1173 00da 1001      		RETA
 1174               	.L93:
 1175 00dc 7E40 1700 		MOV.B	#23, R14
 1176 00e0 8000 0000 		BRA	#.L91
 1177               		.size	sx1278StartTransmit, .-sx1278StartTransmit
 1178               		.section	.text.sx1278Send,"ax",@progbits
 1179               		.balign 2
 1180               		.global	sx1278Send
 1181               		.type	sx1278Send, @function
 1182               	sx1278Send:
 1183               	; start of function
 1184               	; framesize_regs:     28
 1185               	; framesize_locals:   10
 1186               	; framesize_outgoing: 0
 1187               	; framesize:          38
 1188               	; elim ap -> fp       32
 1189               	; elim fp -> sp       10
 1190               	; saved regs: R4 R5 R6 R7 R8 R9 R10
 1191               		; start of prologue
 1192 0000 6A14      		PUSHM.A	#7, R10
 1193 0002 B100 0A00 		SUBA	#10, R1
 1194               		; end of prologue
 1195 0006 CA0C      		MOVA	R12, R10
 1196 0008 C70D      		MOVA	R13, R7
 1197 000a 094E      		MOV.W	R14, R9
 1198 000c 814F 0400 		MOV.W	R15, 4(R1)
 1199 0010 5C4C 0400 		MOV.B	4(R12), R12
 1200 0014 6C93 0024 		CMP.B	#2, R12 { JEQ	.L95
 1201 0018 6C92 0024 		CMP.B	#4, R12 { JEQ	.L95
 1202 001c 8C00 0000 		MOVA	#__func__.5145, R12
 1203 0020 B013 0000 		CALLA	#chSysHalt
 1204               	.L95:
 1205 0024 FA40 0300 		MOV.B	#3, 4(R10)
 1205      0400 
 1206 002a 0E0A      		MOVA	@R10, R14
 1207 002c 3C0E 2600 		MOVA	38(R14), R12
 1208 0030 6C4C      		MOV.B	@R12, R12
 1209 0032 4D4C      		MOV.B	R12, R13
 1210 0034 7DF0 0300 		AND.B	#3, R13
 1211 0038 4D93 0020 		CMP.B	#0, R13 { JNE	.L96
 1212 003c 8E99 2C00 		CMP.W	R9, 44(R14) { JEQ	.L103
 1212      0024 
 1213 0042 8C00 0000 		MOVA	#__func__.5145, R12
 1214 0046 B013 0000 		CALLA	#chSysHalt
 1215               	.L103:
 1216 004a 0E0A      		MOVA	@R10, R14
 1217 004c 3C0E 2600 		MOVA	38(R14), R12
 1218 0050 4018 FCB0 		BITX.B	#64, @R12 { JEQ	.L99
 1218      4000 0000 
 1218      0024 
 1219 005a D74E 2A00 		MOV.B	42(R14), @R7
 1219      0000 
GAS LISTING /tmp/ccTYDOZd.s 			page 24


 1220 0060 8000 0000 		BRA	#.L99
 1221               	.L96:
 1222 0064 5D93 0020 		CMP.B	#1, R13 { JNE	.L100
 1223 0068 3C40 0001 		MOV.W	#256, R12
 1224 006c 0C99 002C 		CMP.W	R9, R12 { JHS	.L101
 1225 0070 8C00 0000 		MOVA	#__func__.5145, R12
 1226 0074 B013 0000 		CALLA	#chSysHalt
 1227               	.L101:
 1228 0078 4D49      		MOV.B	R9, R13
 1229 007a 7D53      		ADD.B	#-1, R13
 1230 007c C74D 0000 		MOV.B	R13, @R7
 1231 0080 0E0A      		MOVA	@R10, R14
 1232 0082 3C0E 2600 		MOVA	38(R14), R12
 1233 0086 4018 FCB0 		BITX.B	#64, @R12 { JEQ	.L99
 1233      4000 0000 
 1233      0024 
 1234 0090 D74E 2A00 		MOV.B	42(R14), 1(R7)
 1234      0100 
 1235               	.L99:
 1236 0096 7C40 1000 		MOV.B	#16, R12
 1237 009a 0C99 0028 		CMP.W	R9, R12 { JLO	.L110
 1238 009e 4E49      		MOV.B	R9, R14
 1239 00a0 7E53      		ADD.B	#-1, R14
 1240 00a2 3EF0 FF00 		AND	#0xff, R14
 1241               	.L105:
 1242 00a6 8800 0000 		MOVA	#sx1278SetRegister, R8
 1243 00aa 7D40 3500 		MOV.B	#53, R13
 1244 00ae CC0A      		MOVA	R10, R12
 1245 00b0 4813      		CALLA	R8
 1246 00b2 5E4A 0600 		MOV.B	6(R10), R14
 1247 00b6 7EF0 BFFF 		AND.B	#-65, R14
 1248 00ba 7ED0 80FF 		BIS.B	#-128, R14
 1249 00be CA4E 0600 		MOV.B	R14, 6(R10)
 1250 00c2 7D40 3600 		MOV.B	#54, R13
 1251 00c6 CC0A      		MOVA	R10, R12
 1252 00c8 4813      		CALLA	R8
 1253 00ca 4643      		MOV.B	#0, R6
 1254               	.L109:
 1255 00cc 4018 0C49 		MOVX.W	R9, R12 { SUBX.W	R6, R12
 1255      4018 0C86 
 1256 00d4 7D40 4000 		MOV.B	#64, R13
 1257 00d8 0D9C 0028 		CMP.W	R12, R13 { JLO	.L111
 1258 00dc 4018 4849 		MOVX.B	R9, R8 { SUBX.B	R6, R8
 1258      4018 4886 
 1259 00e4 38F0 FF00 		AND	#0xff, R8
 1260               	.L106:
 1261 00e8 4018 0E46 		MOVX	R6, R14
 1262 00ec EE07      		ADDA	R7, R14
 1263 00ee 710E 0600 		MOVA	R14, 6(R1)
 1264 00f2 0E0A      		MOVA	@R10, R14
 1265 00f4 3C0E 2200 		MOVA	34(R14), R12
 1266 00f8 C40C      		MOVA	R12, R4
 1267 00fa 0018 74F0 		ANDX.A	#4095, R4
 1267      FF0F 
 1268 0100 1544 0200 		MOV.W	2(R4), R5
 1269 0104 0C14 4018 		PUSHM.A	#1, R12 { POPX.W	R12 { POPX.W	R13 ; move pointer in R12 into reg-pair R12:R13
 1269      3C41 4018 
GAS LISTING /tmp/ccTYDOZd.s 			page 25


 1269      3D41 
 1270 010e 710E 0000 		MOVA	R14, @R1
 1271 0112 B013 0000 		CALLA	#__mspabi_srll_12
 1272 0116 0D12 0C12 		PUSH.W	R13 { PUSH.W	R12 { POPM.A	#1, R12
 1272      0C16 
 1273 011c 4018 0D4C 		MOVX	R12, R13
 1274 0120 5C43      		MOV.B	#1, R12
 1275 0122 B013 0000 		CALLA	#__mspabi_slli
 1276 0126 05CC      		BIC.W	R12, R5
 1277 0128 8445 0200 		MOV.W	R5, 2(R4)
 1278 012c 7D40 80FF 		MOV.B	#-128, R13
 1279 0130 0E01      		MOVA	@R1, R14
 1280 0132 0C0E      		MOVA	@R14, R12
 1281 0134 B013 0000 		CALLA	#spi_lld_polled_exchange
 1282 0138 0C0A      		MOVA	@R10, R12
 1283 013a 3E01 0600 		MOVA	6(R1), R14
 1284 013e 4018 0D48 		MOVX	R8, R13
 1285 0142 0C0C      		MOVA	@R12, R12
 1286 0144 B013 0000 		CALLA	#spiSend
 1287 0148 0C0A      		MOVA	@R10, R12
 1288 014a 3C0C 2200 		MOVA	34(R12), R12
 1289 014e C40C      		MOVA	R12, R4
 1290 0150 0018 74F0 		ANDX.A	#4095, R4
 1290      FF0F 
 1291 0156 1544 0200 		MOV.W	2(R4), R5
 1292 015a 0C14 4018 		PUSHM.A	#1, R12 { POPX.W	R12 { POPX.W	R13 ; move pointer in R12 into reg-pair R12:R13
 1292      3C41 4018 
 1292      3D41 
 1293 0164 B013 0000 		CALLA	#__mspabi_srll_12
 1294 0168 0D12 0C12 		PUSH.W	R13 { PUSH.W	R12 { POPM.A	#1, R12
 1294      0C16 
 1295 016e 4018 0D4C 		MOVX	R12, R13
 1296 0172 5C43      		MOV.B	#1, R12
 1297 0174 B013 0000 		CALLA	#__mspabi_slli
 1298 0178 0CD5      		BIS.W	R5, R12
 1299 017a 844C 0200 		MOV.W	R12, 2(R4)
 1300 017e 0658      		ADD.W	R8, R6
 1301 0180 1F41 0400 		MOV.W	4(R1), R15
 1302 0184 6E43      		MOV.B	#2, R14
 1303 0186 5D43      		MOV.B	#1, R13
 1304 0188 CC0A      		MOVA	R10, R12
 1305 018a B013 0000 		CALLA	#sx1278BlockTimeout
 1306 018e 600C 0000 		MOVA	R12, &suspend_result
 1307 0192 9C00 0000 		CMPA	#0, R12 { JEQ	.L107
 1307      0024 
 1308               	.L131:
 1309 0198 EA43 0400 		MOV.B	#2, 4(R10)
 1310 019c 8000 0000 		BRA	#.L108
 1311               	.L100:
 1312 01a0 6D93 0020 		CMP.B	#2, R13 { JNE	.L99
 1313 01a4 4C93 0034 		CMP.B	#0, R12 { JGE	.L103
 1314 01a8 4018 3CB0 		BITX.W	#64, R12 { JEQ	.L104
 1314      4000 0024 
 1315 01b0 8E93 2C00 		CMP.W	#0, 44(R14) { JNE	.L104
 1315      0020 
 1316 01b6 8C00 0000 		MOVA	#__func__.5145, R12
 1317 01ba B013 0000 		CALLA	#chSysHalt
GAS LISTING /tmp/ccTYDOZd.s 			page 26


 1318               	.L104:
 1319 01be 0C0A      		MOVA	@R10, R12
 1320 01c0 1C4C 2C00 		MOV.W	44(R12), R12
 1321 01c4 1C53      		ADD.W	#1, R12
 1322 01c6 4018 0C4C 		MOVX	R12, R12
 1323 01ca EC07      		ADDA	R7, R12
 1324 01cc 0D49      		MOV.W	R9, R13
 1325 01ce 5D0F 5D0F 		rrum.w	#4, R13 { rrum.w	#4, R13 
 1326 01d2 CC4D 0000 		MOV.B	R13, @R12
 1327 01d6 0C0A      		MOVA	@R10, R12
 1328 01d8 4018 1C4C 		MOVX	44(R12), R12
 1328      2C00 
 1329 01de EC07      		ADDA	R7, R12
 1330 01e0 CC49 0000 		MOV.B	R9, @R12
 1331 01e4 8000 0000 		BRA	#.L103
 1332               	.L110:
 1333 01e8 7E40 0F00 		MOV.B	#15, R14
 1334 01ec 8000 0000 		BRA	#.L105
 1335               	.L111:
 1336 01f0 7840 3000 		MOV.B	#48, R8
 1337 01f4 8000 0000 		BRA	#.L106
 1338               	.L107:
 1339 01f8 0699 0028 		CMP.W	R9, R6 { JLO	.L109
 1340 01fc 1F41 0400 		MOV.W	4(R1), R15
 1341 0200 5E43      		MOV.B	#1, R14
 1342 0202 4D43      		MOV.B	#0, R13
 1343 0204 CC0A      		MOVA	R10, R12
 1344 0206 B013 0000 		CALLA	#sx1278BlockTimeout
 1345 020a 9C00 0000 		CMPA	#0, R12 { JNE	.L131
 1345      0020 
 1346               	.L108:
 1347 0210 600C 0000 		MOVA	R12, &suspend_result
 1348 0214 5E4A 0600 		MOV.B	6(R10), R14
 1349 0218 7EF0 7F00 		AND.B	#127, R14
 1350 021c 7ED0 4000 		BIS.B	#64, R14
 1351 0220 CA4E 0600 		MOV.B	R14, 6(R10)
 1352 0224 7D40 3600 		MOV.B	#54, R13
 1353 0228 CC0A      		MOVA	R10, R12
 1354 022a B013 0000 		CALLA	#sx1278SetRegister
 1355 022e EA43 0400 		MOV.B	#2, 4(R10)
 1356 0232 2C00 0000 		MOVA	&suspend_result, R12
 1357               		; start of epilogue
 1358 0236 A100 0A00 		ADDA	#10, R1
 1359 023a 6416      		POPM.A	#7, r10
 1360 023c 1001      		RETA
 1361               		.size	sx1278Send, .-sx1278Send
 1362               		.section	.upper.rodata,"a",@progbits
 1363               		.type	__func__.5088, @object
 1364               		.size	__func__.5088, 19
 1365               	__func__.5088:
 1366 0000 7378 3132 		.string	"sx1278BlockTimeout"
 1366      3738 426C 
 1366      6F63 6B54 
 1366      696D 656F 
 1366      7574 00
 1367               		.type	__func__.5145, @object
 1368               		.size	__func__.5145, 11
GAS LISTING /tmp/ccTYDOZd.s 			page 27


 1369               	__func__.5145:
 1370 0013 7378 3132 		.string	"sx1278Send"
 1370      3738 5365 
 1370      6E64 00
 1371               		.type	__func__.5066, @object
 1372               		.size	__func__.5066, 14
 1373               	__func__.5066:
 1374 001e 7378 3132 		.string	"sx1278MapIRQs"
 1374      3738 4D61 
 1374      7049 5251 
 1374      7300 
 1375               		.type	__func__.5078, @object
 1376               		.size	__func__.5078, 23
 1377               	__func__.5078:
 1378 002c 7378 3132 		.string	"sx1278ConfigurePackets"
 1378      3738 436F 
 1378      6E66 6967 
 1378      7572 6550 
 1378      6163 6B65 
 1379               		.type	__func__.5053, @object
 1380               		.size	__func__.5053, 12
 1381               	__func__.5053:
 1382 0043 7378 3132 		.string	"sx1278Reset"
 1382      3738 5265 
 1382      7365 7400 
 1383               		.type	__func__.5045, @object
 1384               		.size	__func__.5045, 14
 1385               	__func__.5045:
 1386 004f 7378 3132 		.string	"sx1278SetSync"
 1386      3738 5365 
 1386      7453 796E 
 1386      6300 
 1387               		.type	__func__.5035, @object
 1388               		.size	__func__.5035, 22
 1389               	__func__.5035:
 1390 005d 7378 3132 		.string	"sx1278SetFilterParams"
 1390      3738 5365 
 1390      7446 696C 
 1390      7465 7250 
 1390      6172 616D 
 1391               		.type	__func__.5026, @object
 1392               		.size	__func__.5026, 19
 1393               	__func__.5026:
 1394 0073 7378 3132 		.string	"sx1278SetFrequency"
 1394      3738 5365 
 1394      7446 7265 
 1394      7175 656E 
 1394      6379 00
 1395               		.type	__func__.5020, @object
 1396               		.size	__func__.5020, 19
 1397               	__func__.5020:
 1398 0086 7378 3132 		.string	"sx1278SetDeviation"
 1398      3738 5365 
 1398      7444 6576 
 1398      6961 7469 
 1398      6F6E 00
 1399               		.type	__func__.5014, @object
GAS LISTING /tmp/ccTYDOZd.s 			page 28


 1400               		.size	__func__.5014, 17
 1401               	__func__.5014:
 1402 0099 7378 3132 		.string	"sx1278SetBitrate"
 1402      3738 5365 
 1402      7442 6974 
 1402      7261 7465 
 1402      00
 1403               		.type	__func__.4992, @object
 1404               		.size	__func__.4992, 18
 1405               	__func__.4992:
 1406 00aa 7378 3132 		.string	"sx1278SetRegister"
 1406      3738 5365 
 1406      7452 6567 
 1406      6973 7465 
 1406      7200 
 1407               		.type	__func__.4986, @object
 1408               		.size	__func__.4986, 19
 1409               	__func__.4986:
 1410 00bc 7378 3132 		.string	"sx1278ReadRegister"
 1410      3738 5265 
 1410      6164 5265 
 1410      6769 7374 
 1410      6572 00
 1411               		.local	suspend_result
 1412               		.comm	suspend_result,4,2
 1413               		.type	irqbits, @object
 1414               		.size	irqbits, 2
 1415               	irqbits:
 1416 00cf 0A        		.byte	10
 1417 00d0 0C        		.byte	12
 1418               		.local	tr
 1419               		.comm	tr,4,2
 1420               		.global	SX1278D1
 1421               		.section	.upper.bss,"aw",@nobits
 1422               		.balign 2
 1423               		.type	SX1278D1, @object
 1424               		.size	SX1278D1, 12
 1425               	SX1278D1:
 1426 0000 0000 0000 		.zero	12
 1426      0000 0000 
 1426      0000 0000 
 1427               		.ident	"GCC: (SOMNIUM Technologies Limited - msp430-gcc 6.2.1.16) 6.2.1 20161212"
GAS LISTING /tmp/ccTYDOZd.s 			page 29


DEFINED SYMBOLS
                            *ABS*:0000000000000000 sx1278.c
     /tmp/ccTYDOZd.s:6      .text.spi_callback:0000000000000000 spi_callback
     /tmp/ccTYDOZd.s:1425   .upper.bss:0000000000000000 SX1278D1
     /tmp/ccTYDOZd.s:47     .text.blocking_callback:0000000000000000 blocking_callback
     /tmp/ccTYDOZd.s:1419   .bss:0000000000000004 tr
     /tmp/ccTYDOZd.s:67     .text.sx1278Reset.isra.0:0000000000000000 sx1278Reset.isra.0
     /tmp/ccTYDOZd.s:1381   .upper.rodata:0000000000000043 __func__.5053
     /tmp/ccTYDOZd.s:137    .text.sx1278ReadRegister:0000000000000000 sx1278ReadRegister
     /tmp/ccTYDOZd.s:1409   .upper.rodata:00000000000000bc __func__.4986
     /tmp/ccTYDOZd.s:198    .text.sx1278BlockTimeout:0000000000000000 sx1278BlockTimeout
     /tmp/ccTYDOZd.s:1365   .upper.rodata:0000000000000000 __func__.5088
     /tmp/ccTYDOZd.s:1415   .upper.rodata:00000000000000cf irqbits
     /tmp/ccTYDOZd.s:1412   .bss:0000000000000000 suspend_result
     /tmp/ccTYDOZd.s:349    .text.sx1278SetRegister:0000000000000000 sx1278SetRegister
     /tmp/ccTYDOZd.s:1405   .upper.rodata:00000000000000aa __func__.4992
     /tmp/ccTYDOZd.s:419    .text.sx1278SetMode.constprop.3:0000000000000000 sx1278SetMode.constprop.3
     /tmp/ccTYDOZd.s:446    .text.sx1278SetBitrate:0000000000000000 sx1278SetBitrate
     /tmp/ccTYDOZd.s:1401   .upper.rodata:0000000000000099 __func__.5014
     /tmp/ccTYDOZd.s:501    .text.sx1278SetDeviation:0000000000000000 sx1278SetDeviation
     /tmp/ccTYDOZd.s:1397   .upper.rodata:0000000000000086 __func__.5020
     /tmp/ccTYDOZd.s:553    .text.sx1278SetFrequency:0000000000000000 sx1278SetFrequency
     /tmp/ccTYDOZd.s:1393   .upper.rodata:0000000000000073 __func__.5026
     /tmp/ccTYDOZd.s:649    .text.sx1278SetPower:0000000000000000 sx1278SetPower
     /tmp/ccTYDOZd.s:670    .text.sx1278SetFilterParams:0000000000000000 sx1278SetFilterParams
     /tmp/ccTYDOZd.s:1389   .upper.rodata:000000000000005d __func__.5035
     /tmp/ccTYDOZd.s:700    .text.sx1278SetSync:0000000000000000 sx1278SetSync
     /tmp/ccTYDOZd.s:1385   .upper.rodata:000000000000004f __func__.5045
     /tmp/ccTYDOZd.s:756    .text.sx1278ObjectInit:0000000000000000 sx1278ObjectInit
     /tmp/ccTYDOZd.s:777    .text.sx1278Start:0000000000000000 sx1278Start
     /tmp/ccTYDOZd.s:1377   .upper.rodata:000000000000002c __func__.5078
     /tmp/ccTYDOZd.s:1373   .upper.rodata:000000000000001e __func__.5066
     /tmp/ccTYDOZd.s:923    .text.sx1278Stop:0000000000000000 sx1278Stop
     /tmp/ccTYDOZd.s:956    .text.sx1278Sleep:0000000000000000 sx1278Sleep
     /tmp/ccTYDOZd.s:979    .text.sx1278FifoWriteAsync:0000000000000000 sx1278FifoWriteAsync
     /tmp/ccTYDOZd.s:1032   .text.sx1278FifoWriteAsyncS:0000000000000000 sx1278FifoWriteAsyncS
     /tmp/ccTYDOZd.s:1086   .text.sx1278StartTransmit:0000000000000000 sx1278StartTransmit
     /tmp/ccTYDOZd.s:1182   .text.sx1278Send:0000000000000000 sx1278Send
     /tmp/ccTYDOZd.s:1369   .upper.rodata:0000000000000013 __func__.5145
     /tmp/ccTYDOZd.s:38     .text.spi_callback:000000000000004e .L1
     /tmp/ccTYDOZd.s:84     .text.sx1278Reset.isra.0:0000000000000016 .L8
     /tmp/ccTYDOZd.s:154    .text.sx1278ReadRegister:0000000000000014 .L10
     /tmp/ccTYDOZd.s:219    .text.sx1278BlockTimeout:000000000000001c .L12
     /tmp/ccTYDOZd.s:238    .text.sx1278BlockTimeout:000000000000005c .L13
     /tmp/ccTYDOZd.s:283    .text.sx1278BlockTimeout:00000000000000de .L14
     /tmp/ccTYDOZd.s:270    .text.sx1278BlockTimeout:00000000000000ba .L21
     /tmp/ccTYDOZd.s:274    .text.sx1278BlockTimeout:00000000000000c4 .L18
     /tmp/ccTYDOZd.s:248    .text.sx1278BlockTimeout:000000000000007c .L15
     /tmp/ccTYDOZd.s:280    .text.sx1278BlockTimeout:00000000000000d6 .L23
     /tmp/ccTYDOZd.s:255    .text.sx1278BlockTimeout:0000000000000092 .L25
     /tmp/ccTYDOZd.s:265    .text.sx1278BlockTimeout:00000000000000b2 .L11
     /tmp/ccTYDOZd.s:338    .text.sx1278BlockTimeout:000000000000019e .L19
     /tmp/ccTYDOZd.s:313    .text.sx1278BlockTimeout:000000000000014a .L20
     /tmp/ccTYDOZd.s:367    .text.sx1278SetRegister:0000000000000016 .L28
     /tmp/ccTYDOZd.s:371    .text.sx1278SetRegister:0000000000000028 .L29
     /tmp/ccTYDOZd.s:374    .text.sx1278SetRegister:0000000000000030 .L30
     /tmp/ccTYDOZd.s:475    .text.sx1278SetBitrate:0000000000000036 .L41
GAS LISTING /tmp/ccTYDOZd.s 			page 30


     /tmp/ccTYDOZd.s:478    .text.sx1278SetBitrate:000000000000003e .L39
     /tmp/ccTYDOZd.s:531    .text.sx1278SetDeviation:0000000000000038 .L45
     /tmp/ccTYDOZd.s:534    .text.sx1278SetDeviation:0000000000000040 .L43
     /tmp/ccTYDOZd.s:588    .text.sx1278SetFrequency:0000000000000046 .L56
     /tmp/ccTYDOZd.s:598    .text.sx1278SetFrequency:0000000000000066 .L47
     /tmp/ccTYDOZd.s:629    .text.sx1278SetFrequency:00000000000000b2 .L49
     /tmp/ccTYDOZd.s:604    .text.sx1278SetFrequency:0000000000000078 .L54
     /tmp/ccTYDOZd.s:640    .text.sx1278SetFrequency:00000000000000d6 .L52
     /tmp/ccTYDOZd.s:637    .text.sx1278SetFrequency:00000000000000ce .L57
     /tmp/ccTYDOZd.s:600    .text.sx1278SetFrequency:000000000000006a .L51
     /tmp/ccTYDOZd.s:687    .text.sx1278SetFilterParams:0000000000000014 .L63
     /tmp/ccTYDOZd.s:747    .text.sx1278SetSync:0000000000000066 .L64
     /tmp/ccTYDOZd.s:737    .text.sx1278SetSync:000000000000004c .L66
     /tmp/ccTYDOZd.s:728    .text.sx1278SetSync:0000000000000034 .L67
     /tmp/ccTYDOZd.s:908    .text.sx1278Start:000000000000016e .L82
     /tmp/ccTYDOZd.s:847    .text.sx1278Start:00000000000000c2 .L73
     /tmp/ccTYDOZd.s:911    .text.sx1278Start:0000000000000176 .L74
     /tmp/ccTYDOZd.s:887    .text.sx1278Start:0000000000000136 .L76
     /tmp/ccTYDOZd.s:894    .text.sx1278Start:000000000000014e .L79
     /tmp/ccTYDOZd.s:842    .text.sx1278Start:00000000000000b0 .L72
     /tmp/ccTYDOZd.s:876    .text.sx1278Start:0000000000000114 .L85
     /tmp/ccTYDOZd.s:1174   .text.sx1278StartTransmit:00000000000000dc .L93
     /tmp/ccTYDOZd.s:1161   .text.sx1278StartTransmit:00000000000000c0 .L92
     /tmp/ccTYDOZd.s:1109   .text.sx1278StartTransmit:0000000000000020 .L91
     /tmp/ccTYDOZd.s:1204   .text.sx1278Send:0000000000000024 .L95
     /tmp/ccTYDOZd.s:1221   .text.sx1278Send:0000000000000064 .L96
     /tmp/ccTYDOZd.s:1215   .text.sx1278Send:000000000000004a .L103
     /tmp/ccTYDOZd.s:1235   .text.sx1278Send:0000000000000096 .L99
     /tmp/ccTYDOZd.s:1311   .text.sx1278Send:00000000000001a0 .L100
     /tmp/ccTYDOZd.s:1227   .text.sx1278Send:0000000000000078 .L101
     /tmp/ccTYDOZd.s:1332   .text.sx1278Send:00000000000001e8 .L110
     /tmp/ccTYDOZd.s:1335   .text.sx1278Send:00000000000001f0 .L111
     /tmp/ccTYDOZd.s:1338   .text.sx1278Send:00000000000001f8 .L107
     /tmp/ccTYDOZd.s:1346   .text.sx1278Send:0000000000000210 .L108
     /tmp/ccTYDOZd.s:1318   .text.sx1278Send:00000000000001be .L104
     /tmp/ccTYDOZd.s:1241   .text.sx1278Send:00000000000000a6 .L105
     /tmp/ccTYDOZd.s:1260   .text.sx1278Send:00000000000000e8 .L106
     /tmp/ccTYDOZd.s:1254   .text.sx1278Send:00000000000000cc .L109
     /tmp/ccTYDOZd.s:1308   .text.sx1278Send:0000000000000198 .L131

UNDEFINED SYMBOLS
__mspabi_srll_12
__mspabi_slli
chThdResumeI
chSysHalt
_pal_lld_setgroupmode
chThdSleep
spi_lld_polled_exchange
nil
_pal_lld_enablepadevent
__mspabi_srli
_pal_lld_disablepadevent
chThdSuspendTimeoutS
__mspabi_divul
__mspabi_srll_4
__mspabi_slll_11
__mspabi_slll_8
GAS LISTING /tmp/ccTYDOZd.s 			page 31


__mspabi_srll
spiStart
__mspabi_srli_8
spiStop
spiStartSend
spi_lld_send
spiSend
__crt0_init_bss
__crt0_init_highbss
