GAS LISTING /tmp/ccL3W3Y0.s 			page 1


   1               		.file	"telem_stub.c"
   2               		.section	.gnu.lto_.profile.efaf1d712de8c665,"",@progbits
   3 0000 789C 6365 		.string	"x\234ce`d`a`"
   3      6064 6061 
   3      6000 
   4 000a 92BA BC00 		.string	"\222\272\274"
   5 000e 00        		.string	""
   6 000f DD00      		.string	"\335"
   7 0011 46        		.ascii	"F"
   8               	.text
   9               		.section	.gnu.lto_.icf.efaf1d712de8c665,"",@progbits
  10 0000 789C 6365 		.string	"x\234ce`d\340c@"
  10      6064 E063 
  10      4000 
  11 000a 2686 CF0B 		.string	"&\206\317\013\333\336\36206\036\331\261\211\221\001"
  11      DBDE F230 
  11      361E D9B1 
  11      8991 0100 
  12 001a 2E71 05DB 		.ascii	".q\005\333"
  13               	.text
  14               		.section	.gnu.lto_.jmpfuncs.efaf1d712de8c665,"",@progbits
  15 0000 789C 6365 		.string	"x\234ce`d\220d@"
  15      6064 9064 
  15      4000 
  16 000a 2606 4626 		.string	"&\006F&\206zF&FFfFF \227\251\022$\312(\300"
  16      867A 4626 
  16      4646 6646 
  16      4620 97A9 
  16      1224 CA28 
  17 0020 00        		.string	""
  18 0021 13CC 013C 		.ascii	"\023\314\001<"
  19               	.text
  20               		.section	.gnu.lto_.inline.efaf1d712de8c665,"",@progbits
  21 0000 789C 6365 		.string	"x\234ce`d\260`@"
  21      6064 B060 
  21      4000 
  22 000a 2606 0666 		.string	"&\006\006f&F\020\305\300\266@\036D\001\025\360\251\002E8\016\330!\204\270@J\271\201\004\2
  22      2646 10C5 
  22      C0B6 401E 
  22      4401 15F0 
  22      A902 4538 
  23 002a 9037 C18F 		.string	"\2207\301\217\001"
  23      0100 
  24 0030 7155 041F 		.ascii	"qU\004\037"
  25               	.text
  26               		.section	.gnu.lto_.pureconst.efaf1d712de8c665,"",@progbits
  27 0000 789C 6365 		.string	"x\234ce`d`e```b``\224"
  27      6064 6065 
  27      6060 6062 
  27      6060 9400 
  28 0010 00        		.string	""
  29 0011 00        		.string	""
  30 0012 AA00      		.string	"\252"
  31 0014 27        		.ascii	"'"
  32               	.text
  33               		.section	.gnu.lto_elyTelemUpdateConfigS.efaf1d712de8c665,"",@progbits
  34 0000 789C 254E 		.string	"x\234%N;K\003a\020\234\3716\236)\024\033\255\022\304B\b)\314\375$\301\343\024A\r\230X\347
GAS LISTING /tmp/ccL3W3Y0.s 			page 2


  34      3B4B 0361 
  34      109C F936 
  34      9E29 141B 
  34      AD12 C442 
  35 0053 B6F3 8E34 		.ascii	"\266\363\2164\342\363D\303\261\301=\351\no[o\327\256\334\363"
  35      E2F3 44C3 
  35      B1C1 3DE9 
  35      0A6F 5B6F 
  35      D7AE DCF3 
  36 0067 5A69 F79E 		.ascii	"Zi\367\236\276\2372\021\340Ha\305\036\313\352\372\3718\030rW"
  36      BE9F 3211 
  36      E048 61C5 
  36      1ECB EAFA 
  36      F938 1872 
  37 007c 1221 2754 		.ascii	"\022!'T6o\206\235)\223\216/P\375\231\r\336s2K\343\317\227\337"
  37      366F 869D 
  37      2993 8E2F 
  37      50FD 990D 
  37      DE73 324B 
  38 0094 9DF1 D2F1 		.ascii	"\235\361\322\361(\360n\306O'\"<\243h OYd\237E\350\b<g\311\354"
  38      28F0 6EC6 
  38      4F27 223C 
  38      A368 204F 
  38      5964 9F45 
  39 00ae AF57 D9E1 		.ascii	"\257W\331\341d\220\373?\310\013\006\324>xb\352\263\337\226&\234"
  39      6490 FB3F 
  39      C80B 06D4 
  39      3E78 62EA 
  39      B3DF 9626 
  40 00c3 70C1 016D 		.ascii	"p\301\001m\335\332\357;\342\254\313\027\233sf\036\375\330\026"
  40      DDDA EF3B 
  40      E2AC CB17 
  40      9B73 661E 
  40      FDD8 16
  41 00d6 DA50 6D85 		.ascii	"\332Pm\205J\030F\325\3158\254\325\267\226ja=^\213\327\027\215"
  41      4A18 46D5 
  41      CD38 ACD5 
  41      B796 6A61 
  41      3D5E 8BD7 
  42 00ec 5722 0451 		.ascii	"W\"\004Qucyu\345\017\306\301P\336"
  42      7563 7975 
  42      E50F C6C1 
  42      50DE 
  43               	.text
  44               		.section	.gnu.lto_elyTelemPostBufferS.efaf1d712de8c665,"",@progbits
  45 0000 789C 8551 		.ascii	"x\234\205QKkSA\024>\337\234\27177i\325\215\213\202%t#\241\233"
  45      4B6B 5341 
  45      143E DF9C 
  45      B937 3769 
  45      D58D 8B82 
  46 0019 DE8D FFC0 		.ascii	"\336\215\377\300\205\177\301\235\220\220\256\024\261\217u\306"
  46      857F C19D 
  46      9090 AE14 
  46      B18F 75C6 
  47 0029 3412 DA82 		.ascii	"4\022\332\202\272\320\206\224\206\333RlR\2556Q\253\244\"\\Jq"
  47      BAD0 8694 
  47      86DB 526C 
GAS LISTING /tmp/ccL3W3Y0.s 			page 3


  47      52AD 3651 
  47      ABA4 225C 
  48 003f 55EB 0314 		.ascii	"U\353\003\024\244\340B\213\370\\\b\256\004[\317L\332\202\335"
  48      A4E0 428B 
  48      F85C 08AE 
  48      045B CF4C 
  48      DA82 DD
  49 0052 7860 9899 		.ascii	"x`\230\2313\337\343\2343\036\201\316*\242\f\021\235\222\005\217"
  49      33DF E39C 
  49      331E 81CE 
  49      2AA2 0C11 
  49      9D92 058F 
  50 0066 A0AE 6F12 		.ascii	"\240\256o\022]\016\224\342\3254\231\224~\033\222\351f\350NZ\003"
  50      5D0E 94E2 
  50      D534 9994 
  50      7E1B 92E9 
  50      66E8 4E5A 
  51 007b F660 0250 		.ascii	"\366`\002PA\261F\001\327\270\302X+\177j\253\376\272\221\210+"
  51      41B1 4601 
  51      D7B8 C258 
  51      2B7F 6AAB 
  51      FEBA 9188 
  52 0090 CD1E D388 		.ascii	"\315\036\323\210\0211QU\226\r\324\321/\250W\245\346\f_\345\210"
  52      1131 5155 
  52      960D D4D1 
  52      2FA8 57A5 
  52      E60C 5FE5 
  53 00a5 012D D79F 		.ascii	"\001-\327\237\317\247?\036\265W\205>\271\326KO\336%9\r\222s\274"
  53      CFA7 3F1E 
  53      B557 853E 
  53      B9D6 4B4F 
  53      DE25 390D 
  54 00bc F4EC BDCA 		.ascii	"\364\354\275\312\3342\246h\342\355\0330\307#f\334\006\213 \026"
  54      DC32 A668 
  54      E2ED 1B30 
  54      C723 66DC 
  54      068B 2016 
  55 00d0 D18B 067A 		.ascii	"\321\213\006zIR\204;\310X\373\227\343S\307\370\244\243.\314="
  55      4952 843B 
  55      C858 FB97 
  55      E353 C7F8 
  55      A4A3 2ECC 
  56 00e5 1DEF DEA7 		.ascii	"\035\357\336\247V\034Uc\3510U\023\356\"c\361\037Z;7\217\370\272"
  56      561C 5563 
  56      E930 5513 
  56      EE22 63F1 
  56      1F5A 3B37 
  57 00fc 532B EEC1 		.ascii	"S+\356\301\207\354\313\257\021\233\235\335\262\211\327{~\237"
  57      87EC CBAF 
  57      119B 9DDD 
  57      B289 D77B 
  57      7E9F 
  58 010e E992 AE05 		.ascii	"\351\222\256\005\355\301\332%\205\355\021M\b\334Nb\222\225\335"
  58      EDC1 DA25 
  58      85ED 114D 
  58      08DC 4E62 
  58      9295 DD
GAS LISTING /tmp/ccL3W3Y0.s 			page 4


  59 0121 F90B 8ABF 		.ascii	"\371\013\212\277>O\373V@D\247\256\254\275H\330\326|WS\273\375"
  59      3E4F FB56 
  59      4044 A7AE 
  59      ACBD 48D8 
  59      D67C 5753 
  60 0137 7D2B 51F8 		.ascii	"}+Q\370c\002I\314[\037\311}\335x\263\236\212P\223Ayh\312 \227"
  60      6302 49CC 
  60      5B1F C97D 
  60      DD78 B39E 
  60      8A50 9341 
  61 0150 A530 420B 		.ascii	"\2450B\013\021\344u\245\274\321JY\0011\305}y\371\206\322\354"
  61      11E4 75A5 
  61      BCD1 4A59 
  61      0131 C57D 
  61      79F9 86D2 
  62 0165 25AB 4E35 		.ascii	"%\253N5)\276\306^\304\t\262\246\215\364\236\347\177M\036\034"
  62      29BE C65E 
  62      C409 B2A6 
  62      8DF4 9EE7 
  62      7F4D 1E1C 
  63 0179 983C EC98 		.ascii	"\230<\354\230\034T\351\201\260\342L\306\372\254Z\215\223\377"
  63      1C54 E981 
  63      B0E2 4CC6 
  63      FAAC 5A8D 
  63      93FF 
  64 018b 0A06 5596 		.ascii	"\n\006U\226\261\340\021\n\322}\222\266Q\332:\275\007tD\033\223"
  64      B1E0 110A 
  64      D27D 92B6 
  64      51DA 3ABD 
  64      0774 441B 
  65 01a0 F21F AB69 		.ascii	"\362\037\253i\336\3278\324w\252*\203\"<v\n]\016\256\335\340~"
  65      DED7 38D4 
  65      77AA 2A83 
  65      223C 760A 
  65      5D0E AEDD 
  66 01b6 A038 BB1B 		.ascii	"\2408\273\0338\206\215\t1\222\264`O\f\204a\356\342P>\034\036"
  66      3886 8D09 
  66      3192 B460 
  66      4F0C 8461 
  66      EEE2 503E 
  67 01cc 19CD 0E87 		.ascii	"\031\315\016\207#\371\363\371\013\347\354y G~vtp0?\244r\331\277"
  67      23F9 F3F9 
  67      0BE7 EC79 
  67      2047 7E76 
  67      7470 303F 
  68 01e4 B173 C817 		.ascii	"\261s\310\027"
  69               	.text
  70               		.section	.gnu.lto_.symbol_nodes.efaf1d712de8c665,"",@progbits
  71 0000 789C 6365 		.string	"x\234ce`dHg"
  71      6064 4867 
  71      00
  72 0009 02A6 130C 		.string	"\002\246\023\f\365\f\f\023\3161\200\250]\r\216@\221\223\f\365\214(\"\254\247\030\030\024\
  72      F50C 0C13 
  72      CE31 80A8 
  72      5D0D 8E40 
  72      9193 0CF5 
  73 0055 1B77 1950 		.ascii	"\033w\031P"
GAS LISTING /tmp/ccL3W3Y0.s 			page 5


  74               	.text
  75               		.section	.gnu.lto_.refs.efaf1d712de8c665,"",@progbits
  76 0000 789C 6365 		.string	"x\234ce`d\340d```bd\004!f\006"
  76      6064 E064 
  76      6060 6062 
  76      6404 2166 
  76      0600 
  77 0012 012C 00   		.string	"\001,"
  78 0015 1D        		.ascii	"\035"
  79               	.text
  80               		.section	.gnu.lto_.decls.efaf1d712de8c665,"",@progbits
  81 0000 789C AD55 		.string	"x\234\255UkL\024W\024\236\263\263\024X\226G\3256\222\362\303\2325!i\330\0210\304\246\2111
  81      6B4C 1457 
  81      149E B3B3 
  81      1458 9647 
  81      D536 92F2 
  82 00d8 D079 9CD5 		.string	"\320y\234\325\321\226\001\031\324\267c\002\302\206:\325%\375\251o\360\363\310\371\246\374
  82      D196 0119 
  82      D4B7 6302 
  82      C286 3AD5 
  82      25FD A96F 
  83 00fe FCE5 70FE 		.string	"\374\345p\376\334\201ZU\375\201\353\340\237"
  83      DC81 5A55 
  83      FD81 EBE0 
  83      9F00 
  84 010c F0A5 A1A9 		.string	"\360\245\241\251\314[\021\306c\016\260\177\353e\331\027\346C\n{B\346k\271z\343m}c\334\300
  84      CC5B 11C6 
  84      630E B07F 
  84      EB65 D917 
  84      E643 0A7B 
  85 014c 7FB1 6B15 		.string	"\177\261k\025%O\361(\205QH\235\030\003sc8\250\202X\250\004\254+\370\035!\207!\206\333\241
  85      254F F128 
  85      8551 489D 
  85      1803 7363 
  85      38A8 8258 
  86 0179 8E0C E110 		.ascii	"\216\f\341\020\360~\247\266\243\361\351\305 \246$\204(\331\325"
  86      F07E A7B6 
  86      A3F1 E9C5 
  86      20A6 2484 
  86      28D9 D5
  87 018c 566F E4E3 		.ascii	"Vo\344\343\251\222\303\371\003\345!\270\024c\200q \343\221\206"
  87      A992 C3F9 
  87      03E5 21B8 
  87      1463 8071 
  87      20E3 9186 
  88 01a0 97E1 6C4C 		.ascii	"\227\341lL\226\353<\177W\352\371\317H_\367\323\232SEz\2105P*"
  88      96EB 3C7F 
  88      57EA F9CF 
  88      485F F7D3 
  88      9A53 457A 
  89 01b8 CF58 71D2 		.ascii	"\317Xq\322*\024\253\203\243`\200#\300C9"
  89      2A14 AB83 
  89      A360 8023 
  89      C043 39
  90 01c7 9849 8A62 		.string	"\230I\212b\f\330\026\320(J\025~\346D\024\365\030\005:%(\250\3038j1\016$(\337Sv.\234\337\0
  90      0CD8 16D0 
  90      284A 157E 
GAS LISTING /tmp/ccL3W3Y0.s 			page 6


  90      E644 14F5 
  90      1805 3A25 
  91 02c8 93C9 34DD 		.ascii	"\223\3114\335d\2125\355\245\262.t\317\2559\233\253\264.\244\272"
  91      648A 35ED 
  91      A5B2 2E74 
  91      CFAD 399B 
  91      ABB4 2EA4 
  92 02dd 4EA2 AECB 		.ascii	"N\242\256\3130]\223@\032\016\342\261\341\030\276'M\331\022E\261"
  92      305D 9340 
  92      1A0E E2B1 
  92      E118 BE27 
  92      4DD9 1245 
  93 02f2 17DE C50A 		.ascii	"\027\336\305\n\376P<\362\267y\374j\305\223\253\243u\376\233\212"
  93      FE50 3CF2 
  93      B779 FC6A 
  93      C593 ABA3 
  93      75FE 9B8A 
  94 0306 562B A042 		.ascii	"V+\240B\363\273\211\370-T\224\205\370\345iF_\177\322%\202\305"
  94      F3BB 89F8 
  94      2D54 9485 
  94      F8E5 6946 
  94      5F7F D225 
  95 031c C0A1 0D73 		.ascii	"\300\241\rsp\tL\360\027Z;Z+Z\013\332\0250\321K\303\250\316,V"
  95      7009 4CF0 
  95      175A 3B5A 
  95      2B5A 0BDA 
  95      1530 D14B 
  96 0335 D6D3 EB05 		.ascii	"\326\323\353\005\027'\343I\324D=\253QE\221Z\255\t\004Wk`vf]\233"
  96      1727 E349 
  96      D444 3DAB 
  96      5145 915A 
  96      AD09 0457 
  97 034f 79BC A804 		.ascii	"y\274\250\004\302\251\307\245Q\216\372;j\234\314\021\215\016"
  97      C2A9 C7A5 
  97      518E FA3B 
  97      6A9C CC11 
  97      8D0E 
  98 0361 CFE0 9CB7 		.ascii	"\317\340\234\267}L\317w\263\242h.\331\274)\004b\2473\202\313"
  98      7D4C CF77 
  98      B3A2 682E 
  98      D9BC 2904 
  98      62A7 3382 
  99 0376 89C4 7F27 		.ascii	"\211\304\177'\356\354\320*\202\320M\236\026\270\212\331\370\257"
  99      EEEC D02A 
  99      82D0 4D9E 
  99      16B8 8AD9 
  99      F8AF 
 100 0388 9941 E68D 		.ascii	"\231A\346\215\007\007\232A\217\337[J\221\246's\347\307\237{\""
 100      0707 9A41 
 100      8FDF 5B4A 
 100      91A6 2773 
 100      E7C7 9F7B 
 101 039d 59C1 E870 		.ascii	"Y\301\350p\330\356\275T\022\306\n&\212\\\245\236=}\0213\267\021"
 101      D8EE BD54 
 101      12C6 0A26 
 101      8A5C A59E 
 101      3D7D 1133 
GAS LISTING /tmp/ccL3W3Y0.s 			page 7


 102 03b3 EE56 FC62 		.ascii	"\356V\374b\351`\371\207p\035\331\257\321\210\272a&\266]\240g"
 102      E960 F987 
 102      701D D9AF 
 102      D188 BA61 
 102      26B6 5DA0 
 103 03c8 EE8F 6FD8 		.ascii	"\356\217o\330\331\037<\273T\251\272\215W\2507\252KQ\312p\337"
 103      D91F 3CBB 
 103      54A9 BA8D 
 103      57A8 37AA 
 103      4B51 CA70 
 104 03dd 2C02 8332 		.ascii	",\002\2032-\2362\372\211\203\203\320\207\237\312"
 104      2D9E 32FA 
 104      8983 83D0 
 104      879F CA
 105 03ec 1E98 4DAE 		.string	"\036\230M\256\357\326CX\302\271<-\341\253'\267x\202\215\353HV\013s=A\2614\243\276\252\342
 105      EFD6 4358 
 105      C2B9 3C2D 
 105      E1AB 27B7 
 105      7882 8DEB 
 106 04ed BEE2 6D0F 		.string	"\276\342m\017\367\006\251|g\256\004\345+gt\004\001\0175\256\207>\256\021\312U\375\244\267
 106      F706 A97C 
 106      67AE 04E5 
 106      2B67 7404 
 106      010F 35AE 
 107 055b FC78 A268 		.ascii	"\374x\242hH\227\373@\262\255\\*\331\244\254e\331\351\251\262"
 107      4897 FB40 
 107      B2AD 5C2A 
 107      D9A4 AC65 
 107      D9E9 A9B2 
 108 056f B4D8 61CF 		.ascii	"\264\330a\317\260\256H\t\371\362\233e\263\026\307\307s\241n\227"
 108      B0AE 4809 
 108      F9F2 9B65 
 108      B316 C7C7 
 108      73A1 6E97 
 109 0583 245A EDE9 		.ascii	"$Z\355\351RN\220\270\310\341\260\205\322\276(\331\323CE\321m"
 109      524E 90B8 
 109      C8E1 B085 
 109      D2BE 28D9 
 109      D343 45D1 
 110 0598 B5CB F345 		.ascii	"\265\313\363E\371{\301\351p\310\202l\215\223\021\341\022\262"
 110      F97B C1E9 
 110      70C8 826C 
 110      8D93 11E1 
 110      12B2 
 111 05aa 539D 7282 		.ascii	"S\235r\202\220\345\312\236\22787n\205\305\022\227dN0\307\233"
 111      90E5 CA9E 
 111      9738 376E 
 111      85C5 1297 
 111      644E 30C7 
 112 05bf E393 449B 		.ascii	"\343\223D\233\325\356\316I\232\347[\223l\031\202\325n\261\271"
 112      D5EE CE49 
 112      9AE7 5B93 
 112      6C19 82D5 
 112      6EB1 B9
 113 05d2 D325 212B 		.ascii	"\323%!+\325\222i\265K\202\230.e\244\272m\262(\257\314\226\\\346"
 113      D592 69B5 
 113      4B82 982E 
GAS LISTING /tmp/ccL3W3Y0.s 			page 8


 113      65A4 BA6D 
 113      B228 AFCC 
 114 05e9 4C2E 5865 		.ascii	"L.XeI\376?X\\+]\202\350\222\323\321%\272\016c\301\270dt\025."
 114      49FE 3F58 
 114      5C2B 5D82 
 114      E892 D3D1 
 114      25BA 0E63 
 115 0603 5BB3 24EC 		.ascii	"[\263$\354ee\253\301!$1A\224\203\325w\244\266\316\360$1\023s"
 115      6565 ABC1 
 115      2124 3141 
 115      9483 D577 
 115      A4B6 CEF0 
 116 061b 5166 41B0 		.ascii	"QfA\2608\234\222 \223T\022\327\264#Z2V\210\362G\276E\227\354"
 116      389C 9220 
 116      9354 12D7 
 116      B423 5A32 
 116      5688 F247 
 117 0633 4E73 3188 		.ascii	"Ns1\210H\372f\0137\335\227\376%\016\227\274\310\235\221!9S\""
 117      48FA 660B 
 117      37DD 97FE 
 117      250E 97BC 
 117      C89D 9121 
 118 064a 29C2 926A 		.ascii	")\302\222j\263\245\245Z~\020\345\367-\231)\226\314\317\035\311"
 118      B3A5 A55A 
 118      7E10 E5F7 
 118      2D99 2996 
 118      CCCF 1DC9 
 119 065e 92CB 9229 		.ascii	"\222\313\222)\245\273m\322l\263YX\234iM\263~\233\022\227\274"
 119      A5BB 6DD2 
 119      6CB3 5958 
 119      9C69 4DB3 
 119      7E9B 1297 
 120 0673 5470 B804 		.ascii	"Tp\270\004\273\3256\021\244%\023\005D\323M_\271\2268%)+[\266"
 120      BBD5 3611 
 120      A425 1305 
 120      44D3 4D5F 
 120      B996 3825 
 121 068b 3AEC C9D2 		.ascii	":\354\311\322\217n\253SJ\217\022E\226\231\034\214Q\264\272\234"
 121      8F6E AB53 
 121      4A8F 1245 
 121      9699 1C8C 
 121      51B4 BA9C 
 122 069f F3FC BCE1 		.ascii	"\363\374\274\341\371\313Nk\032qiqde9\354B\266\303)\273\204\257"
 122      F9CB 4E6B 
 122      1A71 6971 
 122      6465 39EC 
 122      42B6 C329 
 123 06b6 5396 E08E 		.ascii	"S\226\340\216\357\3207\211\004\375\377\013=7\220\337"
 123      EFD0 3789 
 123      04FD FF0B 
 123      3D37 90DF 
 124               	.text
 125               		.section	.gnu.lto_.symtab.efaf1d712de8c665,"",@progbits
 126 0000 656C 7954 		.string	"elyTelemUpdateConfigS"
 126      656C 656D 
 126      5570 6461 
 126      7465 436F 
GAS LISTING /tmp/ccL3W3Y0.s 			page 9


 126      6E66 6967 
 127 0016 00        		.string	""
 128 0017 00        		.string	""
 129 0018 00        		.string	""
 130 0019 00        		.string	""
 131 001a 00        		.string	""
 132 001b 00        		.string	""
 133 001c 00        		.string	""
 134 001d 00        		.string	""
 135 001e 00        		.string	""
 136 001f 00        		.string	""
 137 0020 00        		.string	""
 138 0021 DA00      		.string	"\332"
 139 0023 00        		.string	""
 140 0024 00        		.string	""
 141 0025 656C 7954 		.string	"elyTelemPostBufferS"
 141      656C 656D 
 141      506F 7374 
 141      4275 6666 
 141      6572 5300 
 142 0039 00        		.string	""
 143 003a 00        		.string	""
 144 003b 00        		.string	""
 145 003c 00        		.string	""
 146 003d 00        		.string	""
 147 003e 00        		.string	""
 148 003f 00        		.string	""
 149 0040 00        		.string	""
 150 0041 00        		.string	""
 151 0042 00        		.string	""
 152 0043 00        		.string	""
 153 0044 E600      		.string	"\346"
 154 0046 00        		.string	""
 155 0047 00        		.string	""
 156 0048 5F5F 6D73 		.string	"__msp430x_in_isr"
 156      7034 3330 
 156      785F 696E 
 156      5F69 7372 
 156      00
 157 0059 00        		.string	""
 158 005a 02        		.ascii	"\002"
 159 005b 00        		.string	""
 160 005c 00        		.string	""
 161 005d 00        		.string	""
 162 005e 00        		.string	""
 163 005f 00        		.string	""
 164 0060 00        		.string	""
 165 0061 00        		.string	""
 166 0062 00        		.string	""
 167 0063 00        		.string	""
 168 0064 EE00      		.string	"\356"
 169 0066 00        		.string	""
 170 0067 00        		.string	""
 171 0068 6368 5363 		.string	"chSchDoReschedule"
 171      6844 6F52 
 171      6573 6368 
 171      6564 756C 
GAS LISTING /tmp/ccL3W3Y0.s 			page 10


 171      6500 
 172 007a 00        		.string	""
 173 007b 02        		.ascii	"\002"
 174 007c 00        		.string	""
 175 007d 00        		.string	""
 176 007e 00        		.string	""
 177 007f 00        		.string	""
 178 0080 00        		.string	""
 179 0081 00        		.string	""
 180 0082 00        		.string	""
 181 0083 00        		.string	""
 182 0084 00        		.string	""
 183 0085 E900      		.string	"\351"
 184 0087 00        		.string	""
 185 0088 00        		.string	""
 186 0089 6368 5363 		.string	"chSchIsPreemptionRequired"
 186      6849 7350 
 186      7265 656D 
 186      7074 696F 
 186      6E52 6571 
 187 00a3 00        		.string	""
 188 00a4 02        		.ascii	"\002"
 189 00a5 00        		.string	""
 190 00a6 00        		.string	""
 191 00a7 00        		.string	""
 192 00a8 00        		.string	""
 193 00a9 00        		.string	""
 194 00aa 00        		.string	""
 195 00ab 00        		.string	""
 196 00ac 00        		.string	""
 197 00ad 00        		.string	""
 198 00ae EC00      		.string	"\354"
 199 00b0 00        		.string	""
 200 00b1 00        		.string	""
 201               	.text
 202               		.section	.gnu.lto_.opts,"",@progbits
 203 0000 272D 666D 		.ascii	"'-fmath"
 203      6174 68
 204 0007 2D65 7272 		.string	"-errno' '-fsigned-zeros' '-ftrapping-math' '-fno-trapv' '-fno-openmp' '-fno-openacc' '-mm
 204      6E6F 2720 
 204      272D 6673 
 204      6967 6E65 
 204      642D 7A65 
 205               	.text
 206               		.section	.upper.bss,"aw",@nobits
 207               		.global	__gnu_lto_v1
 208               		.weak	__gnu_lto_v1
 209               	__gnu_lto_v1:
 210 0000 00        		.zero	1
 211               		.global	__gnu_lto_slim
 212               		.weak	__gnu_lto_slim
 213               	__gnu_lto_slim:
 214 0001 00        		.zero	1
 215               		.ident	"GCC: (SOMNIUM Technologies Limited - msp430-gcc 6.2.1.16) 6.2.1 20161212"
GAS LISTING /tmp/ccL3W3Y0.s 			page 11


DEFINED SYMBOLS
                            *ABS*:0000000000000000 telem_stub.c
     /tmp/ccL3W3Y0.s:209    .upper.bss:0000000000000000 __gnu_lto_v1
     /tmp/ccL3W3Y0.s:213    .upper.bss:0000000000000001 __gnu_lto_slim

UNDEFINED SYMBOLS
__crt0_init_highbss
