ARM GAS  /tmp/ccMbRKhJ.s 			page 1


   1              		.cpu cortex-m0
   2              		.fpu softvfp
   3              		.eabi_attribute 20, 1
   4              		.eabi_attribute 21, 1
   5              		.eabi_attribute 23, 3
   6              		.eabi_attribute 24, 1
   7              		.eabi_attribute 25, 1
   8              		.eabi_attribute 26, 1
   9              		.eabi_attribute 30, 2
  10              		.eabi_attribute 34, 0
  11              		.eabi_attribute 18, 4
  12              		.code	16
  13              		.file	"board.c"
  14              		.text
  15              	.Ltext0:
  16              		.section	.gnu.lto_.jmpfuncs.ccf27db9778c4e48,"",%progbits
  17 0000 789C6362 		.ascii	"x\234cb`b\300\006\330\2414H\226\221\201\001\000\001"
  17      6062C006 
  17      D8A13448 
  17      96918101 
  17      0001
  18 0012 39000F   		.ascii	"9\000\017"
  19              		.text
  20              		.section	.gnu.lto_.inline.ccf27db9778c4e48,"",%progbits
  21 0000 789C6362 		.ascii	"x\234cb`b\300\006\264\2414P\226\205\207\021\254\210"
  21      6062C006 
  21      B4A13450 
  21      96858711 
  21      AC88
  22 0012 6D813C58 		.ascii	"m\201<X-#\027\210``fB\025f\000\000,\340\001\347"
  22      2D231788 
  22      60606642 
  22      15660000 
  22      2CE001E7 
  23              		.text
  24              		.section	.gnu.lto_.pureconst.ccf27db9778c4e48,"",%progbits
  25 0000 789C6362 		.ascii	"x\234cb`b`e\200\000&\006\011F\006\000\000\346\000%"
  25      60626065 
  25      80002606 
  25      09460600 
  25      00E60025 
  26              		.text
  27              		.section	.gnu.lto___early_init.ccf27db9778c4e48,"",%progbits
  28 0000 789C6362 		.ascii	"x\234cb`b@\007\222@\\\003\304&@\314\310\314\300\310"
  28      60624007 
  28      92405C03 
  28      C42640CC 
  28      C8CCC0C8 
  29 0014 34E11C03 		.ascii	"4\341\034\003C#\007\023##\210\301\300\310P\317\304X"
  29      43230713 
  29      232388C1 
  29      C0C850CF 
  29      C458
  30 0026 1FC90856 		.ascii	"\037\311\010V\273\236\351\300\203\377\377\327\31596"
  30      BB9EE9C0 
  30      83FFFFD7 
  30      CD3936
ARM GAS  /tmp/ccMbRKhJ.s 			page 2


  31 0035 670EE34C 		.ascii	"g\016\343L&f\240\010+CKC\303\004\005\006\206d\260\212"
  31      2666A008 
  31      2B434B43 
  31      C3040506 
  31      8664B08A 
  32 0049 102009D2 		.ascii	"\020 \011\322\026\312\310\004\242\231\31734?\230\361"
  32      16CAC804 
  32      A299CF33 
  32      343F98F1 
  33 0059 982B9171 		.ascii	"\230+\221q!#+P\272\232\341WCG\203@&#P9\304\304L\020"
  33      21232B50 
  33      BA9AE157 
  33      43478340 
  33      26235039 
  34 0071 7D91A1F1 		.ascii	"}\221\241\361\301Le\230\"\010\010\001J\000M\000\271"
  34      C14C6598 
  34      22080801 
  34      4A004D00 
  34      B9
  35 0082 D7484F4F 		.ascii	"\327HOO\037\202\362\213\3653\022s\364\223\362\023\213"
  35      1F82F28B 
  35      F5331273 
  35      F493F213 
  35      8B
  36 0093 528AF583 		.ascii	"R\212\365\203C\342\375B\235}\\\375\315L\342\335\014"
  36      43E2FD42 
  36      9D7D5CFD 
  36      CD4CE2DD 
  36      0C
  37 00a4 8C0D822C 		.ascii	"\214\015\202, 2z\311\014\000g\0161\037"
  37      20327AC9 
  37      0C00670E 
  37      311F
  38              		.text
  39              		.section	.gnu.lto_boardInit.ccf27db9778c4e48,"",%progbits
  40 0000 789C6362 		.ascii	"x\234cb`b@\007\222@\034\014\304&@\314\310\314\300\310"
  40      60624007 
  40      92401C0C 
  40      C42640CC 
  40      C8CCC0C8 
  41 0014 34E11C03 		.ascii	"4\341\034\003C#\007\023##\210\301\300\310P\317\304X"
  41      43230713 
  41      232388C1 
  41      C0C850CF 
  41      C458
  42 0026 1FC90856 		.ascii	"\037\311\010V\273\236\351\300\203\377\377\327\315j\237"
  42      BB9EE9C0 
  42      83FFFFD7 
  42      CD6A9F
  43 0035 FE86710E 		.ascii	"\376\206q\016\023\310,V\206\226\206\206\011\012\014"
  43      13C82C56 
  43      86968686 
  43      090A0C
  44 0044 0CC96015 		.ascii	"\014\311`\025!@\022\244-\224\221\011D3_d`Ld\\\310\310"
  44      214012A4 
  44      2D949109 
  44      44335F64 
ARM GAS  /tmp/ccMbRKhJ.s 			page 3


  44      604C645C 
  45 005a 0AB72D84 		.ascii	"\012\267-\204\221\021$\001\322j\244\247\247\017A\371"
  45      91112401 
  45      D26AA4A7 
  45      A70F41F9 
  46 006a C5FA1989 		.ascii	"\305\372\031\2119\372I\371\211E)\305\372\301!\361~\241"
  46      39FA49F9 
  46      894529C5 
  46      FAC121F1 
  46      7EA1
  47 007c CE3EAEFE 		.ascii	"\316>\256\376f&\361n\006\306\006A\026\020\031\275d\006"
  47      6626F16E 
  47      06C60641 
  47      161019BD 
  47      6406
  48 008e 00AE5325 		.ascii	"\000\256S%\337"
  48      DF
  49              		.text
  50              		.section	.gnu.lto_.symbol_nodes.ccf27db9778c4e48,"",%progbits
  51 0000 789C6362 		.ascii	"x\234cb`b\260e\200\002\246-\214\365\014\014\023\316"
  51      6062B065 
  51      8002A62D 
  51      8CF50C0C 
  51      13CE
  52 0012 3130D4D7 		.ascii	"10\324\327\317\353`d\332\312X\317\210\340\262nfd`\255"
  52      CFEB6064 
  52      DACA58CF 
  52      88E0B26E 
  52      666460AD 
  53 0026 6760DCC6 		.ascii	"g`\334\306X\317\004\021mh`df`fh~\360\217\221\001\000"
  53      58CF0411 
  53      6D686064 
  53      66606668 
  53      7EF08F91 
  54 003c 279E1172 		.ascii	"'\236\021r"
  55              		.text
  56              		.section	.gnu.lto_.refs.ccf27db9778c4e48,"",%progbits
  57 0000 789C6362 		.ascii	"x\234cb`b`d\200\002\000\000F\000\006"
  57      60626064 
  57      80020000 
  57      460006
  58              		.text
  59              		.section	.gnu.lto_.decls.ccf27db9778c4e48,"",%progbits
  60 0000 789CAD96 		.ascii	"x\234\255\226_l\024E\034\307\177\263\333\226\036\275"
  60      5F6C1445 
  60      1CC77FB3 
  60      DB961EBD 
  61 0010 20692211 		.ascii	" i\"\021\243\364h\202\017$\3366m1<a\260\265\330\244"
  61      A3F46882 
  61      0F24DE36 
  61      6D313C61 
  61      B0B5D8A4 
  62 0024 C205ACF1 		.ascii	"\302\005\254\361m\263\334^\351\305\353\355foO\341\311"
  62      6DB3DC5E 
  62      E9C5EBED 
  62      666F4FE1 
  62      C9
ARM GAS  /tmp/ccMbRKhJ.s 			page 4


  63 0035 11AA298D 		.ascii	"\021\252)\2151\305\240\001Es\255Pl\325P!\250\011\211"
  63      31C5A001 
  63      4573AD50 
  63      6CD55021 
  63      A80989
  64 0048 6E918A8A 		.ascii	"n\221\212\212i\353\231\306?\244\341\242\017\276\021"
  64      69EB99C6 
  64      3FA4E1A2 
  64      0FBE11
  65 0057 5FFC1353 		.ascii	"_\374\023S8\347\317\356\335\356\366\356z\255Nn\177\273"
  65      38E7CFEE 
  65      DDEEF6EE 
  65      7AAD4E6E 
  65      7FBB
  66 0069 33F39BCF 		.ascii	"3\363\233\317\357;\277\231\235=\001\004\030\002\200"
  66      EF3BBF99 
  66      9D3D0104 
  66      180280
  67 0078 3C294F37 		.ascii	"<)O7\000L#\000\221\324wA\261\320\372(\271\306\3115A"
  67      004C2300 
  67      91D47741 
  67      B1D0FA28 
  67      B9C6C935 
  68 008d 2EE202EF 		.ascii	".\342\002\357\203\267\320~\201\\\213\344\032\263\333"
  68      83B7D07E 
  68      815C8BE4 
  68      1AB3DB
  69 009c 04BB7D02 		.ascii	"\004\273}\002\226\227q\3273\362\325\235\322\004\357"
  69      969771D7 
  69      33F2D59D 
  69      D204EF
  70 00ab E04C2E37 		.ascii	"\340L.7\363\353\324f\2349j\345\363\217\302&x\035\223"
  70      F3EBD466 
  70      9C396AE5 
  70      F38FC226 
  70      781D93
  71 00be 92791963 		.ascii	"\222y\031cd*h\327\275\360\014R\320\206\000\204\330C"
  71      642A68D7 
  71      BDF00C52 
  71      D0860084 
  71      D843
  72 00d0 3000356C 		.ascii	"0\0005l\250\202\306\320&\373\251Wt\344\354@\260\035"
  72      A882C6D0 
  72      26FBA957 
  72      74E4EC40 
  72      B01D
  73 00e2 26C8F811 		.ascii	"&\310\370\021\214\2576\243\022!\001\036\202s4\002~\017"
  73      8CAF36A3 
  73      1221011E 
  73      82733402 
  73      7E0F
  74 00f4 8B8C4F09 		.ascii	"\213\214O\011\243\250\311\355\242\240w\221\340\027:"
  74      A3A8C9ED 
  74      A2A07791 
  74      E0173A
  75 0103 95B3DEBC 		.ascii	"\225\263\336\274\036\034y1\227\3177\361\350\002t#\342"
  75      1E1C7931 
ARM GAS  /tmp/ccMbRKhJ.s 			page 5


  75      97CF37F1 
  75      E8027423 
  75      E2
  76 0114 7B166DAF 		.ascii	"{\026m\257\010\037\367\303\317/\207\347Fr?|\371\327"
  76      081FF7C3 
  76      CF2F87E7 
  76      46723F7C 
  76      F9D7
  77 0126 965317F1 		.ascii	"\226S\027\361\340q|7\377\002r\"\014\"\177\010\316\230"
  77      E0717C37 
  77      FF027222 
  77      0C227F08 
  77      CE98
  78 0138 F4329A61 		.ascii	"\3642\232a\024OY\271s\263'\021\311$&\210<j\204\023,"
  78      144F59B9 
  78      73B32711 
  78      C9242688 
  78      3C6A8413 
  79 014d 9524935F 		.ascii	"\225$\223_m\000'\217\271z'\221\257\320\374l\203\263"
  79      6D00278F 
  79      B97A2791 
  79      AFD0FC6C 
  79      83B3
  80 015f 245BB99B 		.ascii	"$[\271\233\303w\3321\256\267\207\204\312\373+\350C\264"
  80      C377DA31 
  80      AEB78784 
  80      CAFB2BE8 
  80      43B4
  81 0171 0D56F6A3 		.ascii	"\015V\366\243\236\027\210\004\256\235E\301\326\225l"
  81      9E178804 
  81      AE9D45C1 
  81      D6956C
  82 0180 10D7F076 		.ascii	"\020\327\360v(1+\273l\205\014u\376.{\206\314\345**\025"
  82      28312BBB 
  82      6C850C75 
  82      FE2E7B86 
  82      CCE52A2A 
  83 0195 0B39B11E 		.ascii	"\0139\261\036(L\301:\235E!\005]$\376\002\334\360emE"
  83      284CC13A 
  83      9D452105 
  83      5D24FE02 
  83      DCF0656D 
  84 01aa 069573D9 		.ascii	"\006\225s\331/\367\346\034\223{\271\012\271G\255[sg"
  84      2FF7E61C 
  84      937BB90A 
  84      B947AD5B 
  84      7367
  85 01bc 3653B901 		.ascii	"6S\271\001\030\"U\272\201\237pE\363\354^;\347w^\235"
  85      182255BA 
  85      819F7045 
  85      F3EC5E3B 
  85      E7775E9D 
  86 01d0 994664AD 		.ascii	"\231Fd\255H\307\247d\230\000K>\325\325\243\336\312^"
  86      48C7A764 
  86      98004B3E 
  86      D5D5A3DE 
  86      CA5E
ARM GAS  /tmp/ccMbRKhJ.s 			page 6


  87 01e2 3B818E31 		.ascii	";\201\2161\324\025\206\272$xQ\012Z\027\360n Rw\034("
  87      D41586BA 
  87      2478510A 
  87      5A17F06E 
  87      2052771C 
  88 01f7 8F75DB0F 		.ascii	"\217u\333\017\364\250\270\007V\353.\300g,(MW)\251\366"
  88      F4A8B807 
  88      56EB2EC0 
  88      672C284D 
  88      5729A9F6 
  89 020b 232FB683 		.ascii	"#/\266\203'\205\271\237\277Y\022OckPt\022rm\325\300"
  89      2785B99F 
  89      BF59124F 
  89      636B5074 
  89      12726DD5 
  90 0220 90674DFE 		.ascii	"\220gM\376\234\013\216(\016\354F5\260\372\262\352\254"
  90      9C0B8E28 
  90      0EEC4635 
  90      B0FAB2EA 
  90      AC
  91 0231 7FDCB0EF 		.ascii	"\177\334\260\357W\015\363*\273\353\206\375T\015lcye"
  91      570DF32A 
  91      BBEB86FD 
  91      540D6C63 
  91      7965
  92 0243 AF655DB0 		.ascii	"\257e]\260\305U\303\274\312\336p\303~\251\006v_\011"
  92      C555C3BC 
  92      CADE70C3 
  92      7EA90676 
  92      5F09
  93 0255 65A58AFB 		.ascii	"e\245\212\373\015S\320\307\344\030Q\320'h+\261\2373"
  93      0D53D0C7 
  93      E41851D0 
  93      27682BB1 
  93      9F33
  94 0267 3BCDEC17 		.ascii	";\315\354\027\314\3160{\235\331\257\211-\024\001~c\232"
  94      CCCE307B 
  94      9DD9AF89 
  94      2D14017E 
  94      639A
  95 0279 2E143579 		.ascii	".\0245y\337\344\225\266\031\266~\334O'\310\017\212\333"
  95      DFE495B6 
  95      19B67EDC 
  95      4F27C80F 
  95      8ADB
  96 028b 55C13C33 		.ascii	"U\301<3\014y`\277\273`\177T\005\333Y^\331\337.\330R"
  96      0C7960BF 
  96      BB607F54 
  96      05DB595E 
  96      D9DF2ED8 
  97 02a0 55B04879 		.ascii	"U\260Hye\247\016\024a\307\304j`z\245\205t\326m\212\255"
  97      65A70E14 
  97      61C7C46A 
  97      607AA585 
  97      74D66D8A 
  98 02b5 DB476C65 		.ascii	"\333Gle\276ev\226\331yf\263\336\265\032\026\375\307"
  98      BE657696 
ARM GAS  /tmp/ccMbRKhJ.s 			page 7


  98      D97966B3 
  98      DEB51A16 
  98      FDC7
  99 02c7 103FFB5D 		.ascii	"\020?\373]\324\342G\002\252\347\236,p\313\177}\026\310"
  99      D4E24702 
  99      AAE79E2C 
  99      70CB7F7D 
  99      16C8
 100 02d9 17720B9C 		.ascii	"\027r\013\234\027\337\306\374=l\207Kx\310\212(\350\003"
 100      17DFC6FC 
 100      3D6C874B 
 100      78C88A28 
 100      E803
 101 02eb 169146E2 		.ascii	"\026\221F\342M:\317\022\337\214\366\231\2269\216-\301"
 101      4D3ACF12 
 101      DF8CF699 
 101      96398E2D 
 101      C1
 102 02fc DE9985F3 		.ascii	"\336\231\205\363\216oQ\273z\3536=\365\370~\265\233^"
 102      8E6F51BB 
 102      7AEB363D 
 102      F5F87EB5 
 102      9B5E
 103 030e 1A5B98AC 		.ascii	"\032[\230\254\2637\257\343\225\027\355}l7\340f{G\027"
 103      B337AFE3 
 103      9517ED7D 
 103      6C37E066 
 103      7B4717
 104 0321 A8F67CCB 		.ascii	"\250\366|\313k\301\250\242\020~\374z\204,L.L\326z\205"
 104      6BC1A8A2 
 104      107EFC7A 
 104      842C4C2E 
 104      4CD67A85 
 105 0335 E4FD42A0 		.ascii	"\344\375B\240\204\216\331\212:`\0152\326\257A\305\374"
 105      848ED98A 
 105      3A600D32 
 105      D6AF41C5 
 105      FC
 106 0346 FFAE624D 		.ascii	"\377\256bM\311\310\376\007\031\340\2250\277&\011\000"
 106      C9C8FE07 
 106      19E09530 
 106      BF260900 
 107 0356 0D305CFC 		.ascii	"\0150\\\374\003\300\377\021\226\3737\274\210\032\012"
 107      03C0FF11 
 107      96FB37BC 
 107      881A0A
 108 0365 EF476B38 		.ascii	"\357Gk8,\361\237\226\222\372\225\204tPS\0145%\035xJ"
 108      2CF19F96 
 108      92FA9584 
 108      7450530C 
 108      35251D78 
 109 037a DEDBDBD1 		.ascii	"\336\333\333\321\363\370\276G\332\345\256\226\266\226"
 109      F3F8BE47 
 109      DAE5AE96 
 109      B696
 110 0388 FD3B794F 		.ascii	"\375;yO8\012AY\216)F\342\210\034O\306\315\272={{C\035"
 110      380A4159 
ARM GAS  /tmp/ccMbRKhJ.s 			page 8


 110      8E2946E2 
 110      881C4FC6 
 110      CDBA3D7B 
 111 039f 10609DDD 		.ascii	"\020`\235\335\244\241\305\017\3245\303\244\274'\333"
 111      A4A1C50F 
 111      D435C3A4 
 111      BC27DB
 112 03ae 5AB9ED6A 		.ascii	"Z\271\355j9|\230\366\310\211\204\032\356\207\215)s\240"
 112      397C98F6 
 112      C889841A 
 112      EE878D29 
 112      73A0
 113 03c0 AD558E26 		.ascii	"\255U\216&\264\350\263\014\271\243\022\241\247\247S"
 113      B4E8B30C 
 113      B9A312A1 
 113      A7A753
 114 03cf DA13E9DE 		.ascii	"\332\023\351\336\367\\+C\350\005L#\307\034\322\343\232"
 114      F75C2B43 
 114      E8054C23 
 114      C71CD2E3 
 114      9A
 115 03e0 9C8A9969 		.ascii	"\234\212\231i]6\037\224\322)C\212'\243\211\264\032\223"
 115      5D361F94 
 115      D229438A 
 115      27A389B4 
 115      1A93
 116 03f2 92B1E713 		.ascii	"\222\261\347\023\361\203R\312T\343I\223\014\250O\223"
 116      F18352CA 
 116      54E34993 
 116      0CA84F93 
 117 0402 3B19613E 		.ascii	";\031a>\\\312m@\211\366\307\2231IVc}J:a\312\346\021"
 117      5CCA6D40 
 117      89F6C793 
 117      31495663 
 117      7D4A3A61 
 118 0419 3D9622C3 		.ascii	"=\226\"\303\326\313\2623\260v@ScF\235F\273\214uZJ\217"
 118      D6CBB233 
 118      B0764053 
 118      63469D46 
 118      BB8C755A 
 119 042f C554A356 		.ascii	"\305T\243VO\353\252!j\252Q\243\364\031\011j\372\353"
 119      4FEBAA21 
 119      6AAA51A3 
 119      F419096A 
 119      FAEB
 120 0441 22BB3B15 		.ascii	"\"\273;\025S\251\213<\306o\035\374\326\311o]\364\026"
 120      53A98B3C 
 120      C66F1DFC 
 120      D6C96F5D 
 120      F416
 121 0453 88ECEEE9 		.ascii	"\210\354\356\351\320\222}\361C\215tNN\324(k\272?lh*"
 121      D0927DF1 
 121      438D744E 
 121      4ED4286B 
 121      BA3F6C68 
 122 0468 710A2FEF 		.ascii	"q\012/\357\372\027\375#\312p"
 122      FA17FD23 
ARM GAS  /tmp/ccMbRKhJ.s 			page 9


 122      CA70
 123              		.text
 124              		.section	.gnu.lto_.symtab.ccf27db9778c4e48,"",%progbits
 125 0000 5F5F6561 		.ascii	"__early_init\000\000\000\000\000\000\000\000\000\000"
 125      726C795F 
 125      696E6974 
 125      00000000 
 125      00000000 
 126 0016 0000A100 		.ascii	"\000\000\241\000\000\000boardInit\000\000\000\000\000"
 126      0000626F 
 126      61726449 
 126      6E697400 
 126      00000000 
 127 002a 00000000 		.ascii	"\000\000\000\000\000\000\000\246\000\000\000pal_def"
 127      000000A6 
 127      00000070 
 127      616C5F64 
 127      6566
 128 003c 61756C74 		.ascii	"ault_config\000\000\000\000\000\000\000\000\000\000"
 128      5F636F6E 
 128      66696700 
 128      00000000 
 128      00000000 
 129 0051 0000AB00 		.ascii	"\000\000\253\000\000\000stm32_clock_init\000\000\002"
 129      00007374 
 129      6D33325F 
 129      636C6F63 
 129      6B5F696E 
 130 006a 00000000 		.ascii	"\000\000\000\000\000\000\000\000\000\251\000\000\000"
 130      00000000 
 130      00A90000 
 130      00
 131              		.text
 132              		.section	.gnu.lto_.opts,"",%progbits
 133 0000 272D6D63 		.ascii	"'-mcpu=cortex-m0' '-mno-thumb-interwork' '-mthumb' "
 133      70753D63 
 133      6F727465 
 133      782D6D30 
 133      2720272D 
 134 0033 272D6767 		.ascii	"'-ggdb' '-O2' '-fomit-frame-pointer' '-falign-funct"
 134      64622720 
 134      272D4F32 
 134      2720272D 
 134      666F6D69 
 135 0066 696F6E73 		.ascii	"ions=16' '-ffunction-sections' '-fdata-sections' '-"
 135      3D313627 
 135      20272D66 
 135      66756E63 
 135      74696F6E 
 136 0099 666E6F2D 		.ascii	"fno-common' '-flto'\000"
 136      636F6D6D 
 136      6F6E2720 
 136      272D666C 
 136      746F2700 
 137              		.text
 138              		.cfi_sections	.debug_frame
 139              		.section	.text.__early_init,"ax",%progbits
ARM GAS  /tmp/ccMbRKhJ.s 			page 10


 140              		.align	2
 141              		.p2align 4,,15
 142              		.global	__early_init
 143              		.code	16
 144              		.thumb_func
 145              		.type	__early_init, %function
 146              	__early_init:
 147              	.LFB179:
 148              		.file 1 "../../../os/hal/boards/ST_NUCLEO64_F030R8/board.c"
 149              		.loc 1 70 0
 150              		.cfi_startproc
 151 0000 08B5     		push	{r3, lr}
 152              		.cfi_def_cfa_offset 8
 153              		.cfi_offset 3, -8
 154              		.cfi_offset 14, -4
 155              		.loc 1 72 0
 156 0002 FFF7FEFF 		bl	stm32_clock_init
 157              	.LVL0:
 158              		.loc 1 73 0
 159              		@ sp needed
 160 0006 08BD     		pop	{r3, pc}
 161              		.cfi_endproc
 162              	.LFE179:
 163              		.size	__early_init, .-__early_init
 164 0008 C046C046 		.section	.text.boardInit,"ax",%progbits
 164      C046C046 
 165              		.align	2
 166              		.p2align 4,,15
 167              		.global	boardInit
 168              		.code	16
 169              		.thumb_func
 170              		.type	boardInit, %function
 171              	boardInit:
 172              	.LFB180:
 173              		.loc 1 101 0
 174              		.cfi_startproc
 175              		.loc 1 102 0
 176              		@ sp needed
 177 0000 7047     		bx	lr
 178              		.cfi_endproc
 179              	.LFE180:
 180              		.size	boardInit, .-boardInit
 181              		.global	pal_default_config
 182 0002 C046C046 		.section	.rodata.pal_default_config,"a",%progbits
 182      C046C046 
 182      C046C046 
 182      C046
 183              		.align	2
 184              		.type	pal_default_config, %object
 185              		.size	pal_default_config, 140
 186              	pal_default_config:
 187 0000 A0040028 		.word	671089824
 188 0004 00000000 		.word	0
 189 0008 5FF7FFFF 		.word	-2209
 190 000c 05515565 		.word	1700090117
 191 0010 DFFF0000 		.word	65503
 192 0014 00110000 		.word	4352
ARM GAS  /tmp/ccMbRKhJ.s 			page 11


 193 0018 00000000 		.word	0
 194 001c 80000000 		.word	128
 195 0020 00000000 		.word	0
 196 0024 FFFFFFFF 		.word	-1
 197 0028 55555555 		.word	1431655765
 198 002c FFFF0000 		.word	65535
 199 0030 00000000 		.word	0
 200 0034 00000000 		.word	0
 201 0038 00000000 		.word	0
 202 003c 00000000 		.word	0
 203 0040 FFFFFFFF 		.word	-1
 204 0044 55555501 		.word	22369621
 205 0048 FFFF0000 		.word	65535
 206 004c 00000000 		.word	0
 207 0050 00000000 		.word	0
 208 0054 00000000 		.word	0
 209 0058 00000000 		.word	0
 210 005c FFFFFFFF 		.word	-1
 211 0060 55555555 		.word	1431655765
 212 0064 FFFF0000 		.word	65535
 213 0068 00000000 		.word	0
 214 006c 00000000 		.word	0
 215 0070 00000000 		.word	0
 216 0074 00000000 		.word	0
 217 0078 00000000 		.word	0
 218 007c 50555555 		.word	1431655760
 219 0080 FFFF0000 		.word	65535
 220 0084 00000000 		.word	0
 221 0088 00000000 		.word	0
 222              		.text
 223              	.Letext0:
 224              		.file 2 "/usr/include/newlib/machine/_default_types.h"
 225              		.file 3 "/usr/include/newlib/stdint.h"
 226              		.file 4 "../../../os/common/ports/ARMCMx/compilers/GCC/chtypes.h"
 227              		.file 5 "../../../os/rt/include/chsystypes.h"
 228              		.file 6 "../../../os/rt/include/chschd.h"
 229              		.file 7 "../../../os/common/ports/ARMCMx/chcore.h"
 230              		.file 8 "../../../os/common/ports/ARMCMx/chcore_v6m.h"
 231              		.file 9 "../../../os/rt/include/chsem.h"
 232              		.file 10 "../../../os/rt/include/chmtx.h"
 233              		.file 11 "../../../os/hal/ports/STM32/LLD/GPIOv2/hal_pal_lld.h"
 234              		.file 12 "../../../os/hal/ports/STM32/STM32F0xx/hal_lld.h"
 235              		.section	.debug_info,"",%progbits
 236              	.Ldebug_info0:
 237 0000 E9060000 		.4byte	0x6e9
 238 0004 0400     		.2byte	0x4
 239 0006 00000000 		.4byte	.Ldebug_abbrev0
 240 000a 04       		.byte	0x4
 241 000b 01       		.uleb128 0x1
 242 000c 56030000 		.4byte	.LASF103
 243 0010 01       		.byte	0x1
 244 0011 94020000 		.4byte	.LASF104
 245 0015 0B020000 		.4byte	.LASF105
 246 0019 00000000 		.4byte	.Ldebug_ranges0+0
 247 001d 00000000 		.4byte	0
 248 0021 00000000 		.4byte	.Ldebug_line0
 249 0025 02       		.uleb128 0x2
ARM GAS  /tmp/ccMbRKhJ.s 			page 12


 250 0026 04       		.byte	0x4
 251 0027 05       		.byte	0x5
 252 0028 696E7400 		.ascii	"int\000"
 253 002c 03       		.uleb128 0x3
 254 002d 04       		.byte	0x4
 255 002e 07       		.byte	0x7
 256 002f 4C010000 		.4byte	.LASF0
 257 0033 03       		.uleb128 0x3
 258 0034 01       		.byte	0x1
 259 0035 06       		.byte	0x6
 260 0036 D1000000 		.4byte	.LASF1
 261 003a 04       		.uleb128 0x4
 262 003b 3C000000 		.4byte	.LASF4
 263 003f 02       		.byte	0x2
 264 0040 1D       		.byte	0x1d
 265 0041 45000000 		.4byte	0x45
 266 0045 03       		.uleb128 0x3
 267 0046 01       		.byte	0x1
 268 0047 08       		.byte	0x8
 269 0048 48030000 		.4byte	.LASF2
 270 004c 03       		.uleb128 0x3
 271 004d 02       		.byte	0x2
 272 004e 05       		.byte	0x5
 273 004f F9030000 		.4byte	.LASF3
 274 0053 04       		.uleb128 0x4
 275 0054 83040000 		.4byte	.LASF5
 276 0058 02       		.byte	0x2
 277 0059 2B       		.byte	0x2b
 278 005a 5E000000 		.4byte	0x5e
 279 005e 03       		.uleb128 0x3
 280 005f 02       		.byte	0x2
 281 0060 07       		.byte	0x7
 282 0061 B1010000 		.4byte	.LASF6
 283 0065 04       		.uleb128 0x4
 284 0066 A1040000 		.4byte	.LASF7
 285 006a 02       		.byte	0x2
 286 006b 3F       		.byte	0x3f
 287 006c 70000000 		.4byte	0x70
 288 0070 03       		.uleb128 0x3
 289 0071 04       		.byte	0x4
 290 0072 05       		.byte	0x5
 291 0073 E9000000 		.4byte	.LASF8
 292 0077 04       		.uleb128 0x4
 293 0078 0A010000 		.4byte	.LASF9
 294 007c 02       		.byte	0x2
 295 007d 41       		.byte	0x41
 296 007e 82000000 		.4byte	0x82
 297 0082 03       		.uleb128 0x3
 298 0083 04       		.byte	0x4
 299 0084 07       		.byte	0x7
 300 0085 6F010000 		.4byte	.LASF10
 301 0089 03       		.uleb128 0x3
 302 008a 08       		.byte	0x8
 303 008b 05       		.byte	0x5
 304 008c C3000000 		.4byte	.LASF11
 305 0090 04       		.uleb128 0x4
 306 0091 FA020000 		.4byte	.LASF12
ARM GAS  /tmp/ccMbRKhJ.s 			page 13


 307 0095 02       		.byte	0x2
 308 0096 5B       		.byte	0x5b
 309 0097 9B000000 		.4byte	0x9b
 310 009b 03       		.uleb128 0x3
 311 009c 08       		.byte	0x8
 312 009d 07       		.byte	0x7
 313 009e 5E000000 		.4byte	.LASF13
 314 00a2 04       		.uleb128 0x4
 315 00a3 E1040000 		.4byte	.LASF14
 316 00a7 03       		.byte	0x3
 317 00a8 2A       		.byte	0x2a
 318 00a9 3A000000 		.4byte	0x3a
 319 00ad 04       		.uleb128 0x4
 320 00ae FB000000 		.4byte	.LASF15
 321 00b2 03       		.byte	0x3
 322 00b3 36       		.byte	0x36
 323 00b4 53000000 		.4byte	0x53
 324 00b8 04       		.uleb128 0x4
 325 00b9 40030000 		.4byte	.LASF16
 326 00bd 03       		.byte	0x3
 327 00be 41       		.byte	0x41
 328 00bf 65000000 		.4byte	0x65
 329 00c3 04       		.uleb128 0x4
 330 00c4 4C040000 		.4byte	.LASF17
 331 00c8 03       		.byte	0x3
 332 00c9 42       		.byte	0x42
 333 00ca 77000000 		.4byte	0x77
 334 00ce 04       		.uleb128 0x4
 335 00cf CD020000 		.4byte	.LASF18
 336 00d3 03       		.byte	0x3
 337 00d4 4E       		.byte	0x4e
 338 00d5 90000000 		.4byte	0x90
 339 00d9 04       		.uleb128 0x4
 340 00da E9010000 		.4byte	.LASF19
 341 00de 04       		.byte	0x4
 342 00df 3C       		.byte	0x3c
 343 00e0 A2000000 		.4byte	0xa2
 344 00e4 04       		.uleb128 0x4
 345 00e5 F2000000 		.4byte	.LASF20
 346 00e9 04       		.byte	0x4
 347 00ea 3D       		.byte	0x3d
 348 00eb A2000000 		.4byte	0xa2
 349 00ef 04       		.uleb128 0x4
 350 00f0 05030000 		.4byte	.LASF21
 351 00f4 04       		.byte	0x4
 352 00f5 3E       		.byte	0x3e
 353 00f6 A2000000 		.4byte	0xa2
 354 00fa 04       		.uleb128 0x4
 355 00fb 22030000 		.4byte	.LASF22
 356 00ff 04       		.byte	0x4
 357 0100 40       		.byte	0x40
 358 0101 C3000000 		.4byte	0xc3
 359 0105 04       		.uleb128 0x4
 360 0106 CE010000 		.4byte	.LASF23
 361 010a 04       		.byte	0x4
 362 010b 41       		.byte	0x41
 363 010c B8000000 		.4byte	0xb8
ARM GAS  /tmp/ccMbRKhJ.s 			page 14


 364 0110 04       		.uleb128 0x4
 365 0111 FF010000 		.4byte	.LASF24
 366 0115 04       		.byte	0x4
 367 0116 43       		.byte	0x43
 368 0117 C3000000 		.4byte	0xc3
 369 011b 04       		.uleb128 0x4
 370 011c 46010000 		.4byte	.LASF25
 371 0120 04       		.byte	0x4
 372 0121 45       		.byte	0x45
 373 0122 B8000000 		.4byte	0xb8
 374 0126 04       		.uleb128 0x4
 375 0127 97040000 		.4byte	.LASF26
 376 012b 05       		.byte	0x5
 377 012c 35       		.byte	0x35
 378 012d AD000000 		.4byte	0xad
 379 0131 04       		.uleb128 0x4
 380 0132 8E040000 		.4byte	.LASF27
 381 0136 05       		.byte	0x5
 382 0137 3F       		.byte	0x3f
 383 0138 3C010000 		.4byte	0x13c
 384 013c 05       		.uleb128 0x5
 385 013d C4010000 		.4byte	.LASF45
 386 0141 44       		.byte	0x44
 387 0142 06       		.byte	0x6
 388 0143 9A       		.byte	0x9a
 389 0144 1A020000 		.4byte	0x21a
 390 0148 06       		.uleb128 0x6
 391 0149 92010000 		.4byte	.LASF28
 392 014d 06       		.byte	0x6
 393 014e 9B       		.byte	0x9b
 394 014f 4F020000 		.4byte	0x24f
 395 0153 00       		.byte	0
 396 0154 06       		.uleb128 0x6
 397 0155 ED020000 		.4byte	.LASF29
 398 0159 06       		.byte	0x6
 399 015a 9C       		.byte	0x9c
 400 015b FA000000 		.4byte	0xfa
 401 015f 08       		.byte	0x8
 402 0160 07       		.uleb128 0x7
 403 0161 63747800 		.ascii	"ctx\000"
 404 0165 06       		.byte	0x6
 405 0166 9D       		.byte	0x9d
 406 0167 3B040000 		.4byte	0x43b
 407 016b 0C       		.byte	0xc
 408 016c 06       		.uleb128 0x6
 409 016d 52020000 		.4byte	.LASF30
 410 0171 06       		.byte	0x6
 411 0172 9F       		.byte	0x9f
 412 0173 25020000 		.4byte	0x225
 413 0177 10       		.byte	0x10
 414 0178 06       		.uleb128 0x6
 415 0179 04010000 		.4byte	.LASF31
 416 017d 06       		.byte	0x6
 417 017e A0       		.byte	0xa0
 418 017f 25020000 		.4byte	0x225
 419 0183 14       		.byte	0x14
 420 0184 06       		.uleb128 0x6
ARM GAS  /tmp/ccMbRKhJ.s 			page 15


 421 0185 9F010000 		.4byte	.LASF32
 422 0189 06       		.byte	0x6
 423 018a A7       		.byte	0xa7
 424 018b 96050000 		.4byte	0x596
 425 018f 18       		.byte	0x18
 426 0190 06       		.uleb128 0x6
 427 0191 72040000 		.4byte	.LASF33
 428 0195 06       		.byte	0x6
 429 0196 B0       		.byte	0xb0
 430 0197 A8050000 		.4byte	0x5a8
 431 019b 1C       		.byte	0x1c
 432 019c 06       		.uleb128 0x6
 433 019d E3000000 		.4byte	.LASF34
 434 01a1 06       		.byte	0x6
 435 01a2 B5       		.byte	0xb5
 436 01a3 E4000000 		.4byte	0xe4
 437 01a7 20       		.byte	0x20
 438 01a8 06       		.uleb128 0x6
 439 01a9 E9040000 		.4byte	.LASF35
 440 01ad 06       		.byte	0x6
 441 01ae B9       		.byte	0xb9
 442 01af D9000000 		.4byte	0xd9
 443 01b3 21       		.byte	0x21
 444 01b4 06       		.uleb128 0x6
 445 01b5 0D030000 		.4byte	.LASF36
 446 01b9 06       		.byte	0x6
 447 01ba BE       		.byte	0xbe
 448 01bb EF000000 		.4byte	0xef
 449 01bf 22       		.byte	0x22
 450 01c0 08       		.uleb128 0x8
 451 01c1 7500     		.ascii	"u\000"
 452 01c3 06       		.byte	0x6
 453 01c4 0F01     		.2byte	0x10f
 454 01c6 CB040000 		.4byte	0x4cb
 455 01ca 24       		.byte	0x24
 456 01cb 09       		.uleb128 0x9
 457 01cc 1E010000 		.4byte	.LASF37
 458 01d0 06       		.byte	0x6
 459 01d1 1401     		.2byte	0x114
 460 01d3 2B020000 		.4byte	0x22b
 461 01d7 28       		.byte	0x28
 462 01d8 09       		.uleb128 0x9
 463 01d9 33000000 		.4byte	.LASF38
 464 01dd 06       		.byte	0x6
 465 01de 1A01     		.2byte	0x11a
 466 01e0 4F020000 		.4byte	0x24f
 467 01e4 2C       		.byte	0x2c
 468 01e5 09       		.uleb128 0x9
 469 01e6 D4010000 		.4byte	.LASF39
 470 01ea 06       		.byte	0x6
 471 01eb 2001     		.2byte	0x120
 472 01ed 10010000 		.4byte	0x110
 473 01f1 34       		.byte	0x34
 474 01f2 09       		.uleb128 0x9
 475 01f3 0C050000 		.4byte	.LASF40
 476 01f7 06       		.byte	0x6
 477 01f8 2701     		.2byte	0x127
ARM GAS  /tmp/ccMbRKhJ.s 			page 16


 478 01fa 90050000 		.4byte	0x590
 479 01fe 38       		.byte	0x38
 480 01ff 09       		.uleb128 0x9
 481 0200 58020000 		.4byte	.LASF41
 482 0204 06       		.byte	0x6
 483 0205 2B01     		.2byte	0x12b
 484 0207 FA000000 		.4byte	0xfa
 485 020b 3C       		.byte	0x3c
 486 020c 09       		.uleb128 0x9
 487 020d BC040000 		.4byte	.LASF42
 488 0211 06       		.byte	0x6
 489 0212 3201     		.2byte	0x132
 490 0214 02030000 		.4byte	0x302
 491 0218 40       		.byte	0x40
 492 0219 00       		.byte	0
 493 021a 04       		.uleb128 0x4
 494 021b 6A020000 		.4byte	.LASF43
 495 021f 05       		.byte	0x5
 496 0220 44       		.byte	0x44
 497 0221 25020000 		.4byte	0x225
 498 0225 0A       		.uleb128 0xa
 499 0226 04       		.byte	0x4
 500 0227 31010000 		.4byte	0x131
 501 022b 04       		.uleb128 0x4
 502 022c FD040000 		.4byte	.LASF44
 503 0230 05       		.byte	0x5
 504 0231 49       		.byte	0x49
 505 0232 36020000 		.4byte	0x236
 506 0236 05       		.uleb128 0x5
 507 0237 5C040000 		.4byte	.LASF46
 508 023b 04       		.byte	0x4
 509 023c 06       		.byte	0x6
 510 023d 88       		.byte	0x88
 511 023e 4F020000 		.4byte	0x24f
 512 0242 06       		.uleb128 0x6
 513 0243 AD000000 		.4byte	.LASF47
 514 0247 06       		.byte	0x6
 515 0248 89       		.byte	0x89
 516 0249 25020000 		.4byte	0x225
 517 024d 00       		.byte	0
 518 024e 00       		.byte	0
 519 024f 04       		.uleb128 0x4
 520 0250 C2040000 		.4byte	.LASF48
 521 0254 05       		.byte	0x5
 522 0255 50       		.byte	0x50
 523 0256 5A020000 		.4byte	0x25a
 524 025a 05       		.uleb128 0x5
 525 025b B2000000 		.4byte	.LASF49
 526 025f 08       		.byte	0x8
 527 0260 06       		.byte	0x6
 528 0261 8F       		.byte	0x8f
 529 0262 7F020000 		.4byte	0x27f
 530 0266 06       		.uleb128 0x6
 531 0267 AD000000 		.4byte	.LASF47
 532 026b 06       		.byte	0x6
 533 026c 90       		.byte	0x90
 534 026d 25020000 		.4byte	0x225
ARM GAS  /tmp/ccMbRKhJ.s 			page 17


 535 0271 00       		.byte	0
 536 0272 06       		.uleb128 0x6
 537 0273 46000000 		.4byte	.LASF50
 538 0277 06       		.byte	0x6
 539 0278 91       		.byte	0x91
 540 0279 25020000 		.4byte	0x225
 541 027d 04       		.byte	0x4
 542 027e 00       		.byte	0
 543 027f 04       		.uleb128 0x4
 544 0280 13000000 		.4byte	.LASF51
 545 0284 05       		.byte	0x5
 546 0285 57       		.byte	0x57
 547 0286 8A020000 		.4byte	0x28a
 548 028a 0B       		.uleb128 0xb
 549 028b F1010000 		.4byte	.LASF52
 550 028f 1C       		.byte	0x1c
 551 0290 06       		.byte	0x6
 552 0291 6A01     		.2byte	0x16a
 553 0293 E6020000 		.4byte	0x2e6
 554 0297 09       		.uleb128 0x9
 555 0298 92010000 		.4byte	.LASF28
 556 029c 06       		.byte	0x6
 557 029d 6B01     		.2byte	0x16b
 558 029f 4F020000 		.4byte	0x24f
 559 02a3 00       		.byte	0
 560 02a4 09       		.uleb128 0x9
 561 02a5 ED020000 		.4byte	.LASF29
 562 02a9 06       		.byte	0x6
 563 02aa 6C01     		.2byte	0x16c
 564 02ac FA000000 		.4byte	0xfa
 565 02b0 08       		.byte	0x8
 566 02b1 08       		.uleb128 0x8
 567 02b2 63747800 		.ascii	"ctx\000"
 568 02b6 06       		.byte	0x6
 569 02b7 6E01     		.2byte	0x16e
 570 02b9 3B040000 		.4byte	0x43b
 571 02bd 0C       		.byte	0xc
 572 02be 09       		.uleb128 0x9
 573 02bf 52020000 		.4byte	.LASF30
 574 02c3 06       		.byte	0x6
 575 02c4 7101     		.2byte	0x171
 576 02c6 25020000 		.4byte	0x225
 577 02ca 10       		.byte	0x10
 578 02cb 09       		.uleb128 0x9
 579 02cc 04010000 		.4byte	.LASF31
 580 02d0 06       		.byte	0x6
 581 02d1 7201     		.2byte	0x172
 582 02d3 25020000 		.4byte	0x225
 583 02d7 14       		.byte	0x14
 584 02d8 09       		.uleb128 0x9
 585 02d9 F2020000 		.4byte	.LASF53
 586 02dd 06       		.byte	0x6
 587 02de 7501     		.2byte	0x175
 588 02e0 25020000 		.4byte	0x225
 589 02e4 18       		.byte	0x18
 590 02e5 00       		.byte	0
 591 02e6 04       		.uleb128 0x4
ARM GAS  /tmp/ccMbRKhJ.s 			page 18


 592 02e7 89010000 		.4byte	.LASF54
 593 02eb 05       		.byte	0x5
 594 02ec 5C       		.byte	0x5c
 595 02ed F1020000 		.4byte	0x2f1
 596 02f1 0A       		.uleb128 0xa
 597 02f2 04       		.byte	0x4
 598 02f3 F7020000 		.4byte	0x2f7
 599 02f7 0C       		.uleb128 0xc
 600 02f8 02030000 		.4byte	0x302
 601 02fc 0D       		.uleb128 0xd
 602 02fd 02030000 		.4byte	0x302
 603 0301 00       		.byte	0
 604 0302 0E       		.uleb128 0xe
 605 0303 04       		.byte	0x4
 606 0304 04       		.uleb128 0x4
 607 0305 12030000 		.4byte	.LASF55
 608 0309 05       		.byte	0x5
 609 030a 61       		.byte	0x61
 610 030b 0F030000 		.4byte	0x30f
 611 030f 0B       		.uleb128 0xb
 612 0310 2E040000 		.4byte	.LASF56
 613 0314 14       		.byte	0x14
 614 0315 06       		.byte	0x6
 615 0316 4501     		.2byte	0x145
 616 0318 5E030000 		.4byte	0x35e
 617 031c 09       		.uleb128 0x9
 618 031d AD000000 		.4byte	.LASF47
 619 0321 06       		.byte	0x6
 620 0322 4601     		.2byte	0x146
 621 0324 AE050000 		.4byte	0x5ae
 622 0328 00       		.byte	0
 623 0329 09       		.uleb128 0x9
 624 032a 46000000 		.4byte	.LASF50
 625 032e 06       		.byte	0x6
 626 032f 4701     		.2byte	0x147
 627 0331 AE050000 		.4byte	0x5ae
 628 0335 04       		.byte	0x4
 629 0336 09       		.uleb128 0x9
 630 0337 26000000 		.4byte	.LASF57
 631 033b 06       		.byte	0x6
 632 033c 4801     		.2byte	0x148
 633 033e 26010000 		.4byte	0x126
 634 0342 08       		.byte	0x8
 635 0343 09       		.uleb128 0x9
 636 0344 7E040000 		.4byte	.LASF58
 637 0348 06       		.byte	0x6
 638 0349 4901     		.2byte	0x149
 639 034b E6020000 		.4byte	0x2e6
 640 034f 0C       		.byte	0xc
 641 0350 08       		.uleb128 0x8
 642 0351 70617200 		.ascii	"par\000"
 643 0355 06       		.byte	0x6
 644 0356 4B01     		.2byte	0x14b
 645 0358 02030000 		.4byte	0x302
 646 035c 10       		.byte	0x10
 647 035d 00       		.byte	0
 648 035e 04       		.uleb128 0x4
ARM GAS  /tmp/ccMbRKhJ.s 			page 19


 649 035f 97000000 		.4byte	.LASF59
 650 0363 05       		.byte	0x5
 651 0364 66       		.byte	0x66
 652 0365 69030000 		.4byte	0x369
 653 0369 0B       		.uleb128 0xb
 654 036a 7D020000 		.4byte	.LASF60
 655 036e 0C       		.byte	0xc
 656 036f 06       		.byte	0x6
 657 0370 5501     		.2byte	0x155
 658 0372 AB030000 		.4byte	0x3ab
 659 0376 09       		.uleb128 0x9
 660 0377 AD000000 		.4byte	.LASF47
 661 037b 06       		.byte	0x6
 662 037c 5601     		.2byte	0x156
 663 037e AE050000 		.4byte	0x5ae
 664 0382 00       		.byte	0
 665 0383 09       		.uleb128 0x9
 666 0384 46000000 		.4byte	.LASF50
 667 0388 06       		.byte	0x6
 668 0389 5801     		.2byte	0x158
 669 038b AE050000 		.4byte	0x5ae
 670 038f 04       		.byte	0x4
 671 0390 09       		.uleb128 0x9
 672 0391 26000000 		.4byte	.LASF57
 673 0395 06       		.byte	0x6
 674 0396 5A01     		.2byte	0x15a
 675 0398 26010000 		.4byte	0x126
 676 039c 08       		.byte	0x8
 677 039d 09       		.uleb128 0x9
 678 039e 03040000 		.4byte	.LASF61
 679 03a2 06       		.byte	0x6
 680 03a3 6201     		.2byte	0x162
 681 03a5 26010000 		.4byte	0x126
 682 03a9 0A       		.byte	0xa
 683 03aa 00       		.byte	0
 684 03ab 04       		.uleb128 0x4
 685 03ac 60010000 		.4byte	.LASF62
 686 03b0 05       		.byte	0x5
 687 03b1 6B       		.byte	0x6b
 688 03b2 B6030000 		.4byte	0x3b6
 689 03b6 0B       		.uleb128 0xb
 690 03b7 2A030000 		.4byte	.LASF63
 691 03bb 04       		.byte	0x4
 692 03bc 06       		.byte	0x6
 693 03bd 7C01     		.2byte	0x17c
 694 03bf D1030000 		.4byte	0x3d1
 695 03c3 09       		.uleb128 0x9
 696 03c4 AB040000 		.4byte	.LASF64
 697 03c8 06       		.byte	0x6
 698 03c9 8401     		.2byte	0x184
 699 03cb B4050000 		.4byte	0x5b4
 700 03cf 00       		.byte	0
 701 03d0 00       		.byte	0
 702 03d1 04       		.uleb128 0x4
 703 03d2 DD010000 		.4byte	.LASF65
 704 03d6 05       		.byte	0x5
 705 03d7 70       		.byte	0x70
ARM GAS  /tmp/ccMbRKhJ.s 			page 20


 706 03d8 DC030000 		.4byte	0x3dc
 707 03dc 0B       		.uleb128 0xb
 708 03dd 24040000 		.4byte	.LASF66
 709 03e1 70       		.byte	0x70
 710 03e2 06       		.byte	0x6
 711 03e3 9C01     		.2byte	0x19c
 712 03e5 1E040000 		.4byte	0x41e
 713 03e9 09       		.uleb128 0x9
 714 03ea DB040000 		.4byte	.LASF67
 715 03ee 06       		.byte	0x6
 716 03ef A001     		.2byte	0x1a0
 717 03f1 7F020000 		.4byte	0x27f
 718 03f5 00       		.byte	0
 719 03f6 09       		.uleb128 0x9
 720 03f7 57000000 		.4byte	.LASF68
 721 03fb 06       		.byte	0x6
 722 03fc A401     		.2byte	0x1a4
 723 03fe 5E030000 		.4byte	0x35e
 724 0402 1C       		.byte	0x1c
 725 0403 08       		.uleb128 0x8
 726 0404 64626700 		.ascii	"dbg\000"
 727 0408 06       		.byte	0x6
 728 0409 A801     		.2byte	0x1a8
 729 040b AB030000 		.4byte	0x3ab
 730 040f 28       		.byte	0x28
 731 0410 09       		.uleb128 0x9
 732 0411 84000000 		.4byte	.LASF69
 733 0415 06       		.byte	0x6
 734 0416 AC01     		.2byte	0x1ac
 735 0418 31010000 		.4byte	0x131
 736 041c 2C       		.byte	0x2c
 737 041d 00       		.byte	0
 738 041e 03       		.uleb128 0x3
 739 041f 04       		.byte	0x4
 740 0420 07       		.byte	0x7
 741 0421 61020000 		.4byte	.LASF70
 742 0425 04       		.uleb128 0x4
 743 0426 15010000 		.4byte	.LASF71
 744 042a 07       		.byte	0x7
 745 042b 65       		.byte	0x65
 746 042c 02030000 		.4byte	0x302
 747 0430 04       		.uleb128 0x4
 748 0431 47020000 		.4byte	.LASF72
 749 0435 07       		.byte	0x7
 750 0436 6D       		.byte	0x6d
 751 0437 CE000000 		.4byte	0xce
 752 043b 05       		.uleb128 0x5
 753 043c D6020000 		.4byte	.LASF73
 754 0440 04       		.byte	0x4
 755 0441 07       		.byte	0x7
 756 0442 89       		.byte	0x89
 757 0443 53040000 		.4byte	0x453
 758 0447 07       		.uleb128 0x7
 759 0448 737000   		.ascii	"sp\000"
 760 044b 07       		.byte	0x7
 761 044c 8A       		.byte	0x8a
 762 044d C5040000 		.4byte	0x4c5
ARM GAS  /tmp/ccMbRKhJ.s 			page 21


 763 0451 00       		.byte	0
 764 0452 00       		.byte	0
 765 0453 05       		.uleb128 0x5
 766 0454 4B000000 		.4byte	.LASF74
 767 0458 24       		.byte	0x24
 768 0459 08       		.byte	0x8
 769 045a C3       		.byte	0xc3
 770 045b C5040000 		.4byte	0x4c5
 771 045f 07       		.uleb128 0x7
 772 0460 723800   		.ascii	"r8\000"
 773 0463 08       		.byte	0x8
 774 0464 C4       		.byte	0xc4
 775 0465 25040000 		.4byte	0x425
 776 0469 00       		.byte	0
 777 046a 07       		.uleb128 0x7
 778 046b 723900   		.ascii	"r9\000"
 779 046e 08       		.byte	0x8
 780 046f C5       		.byte	0xc5
 781 0470 25040000 		.4byte	0x425
 782 0474 04       		.byte	0x4
 783 0475 07       		.uleb128 0x7
 784 0476 72313000 		.ascii	"r10\000"
 785 047a 08       		.byte	0x8
 786 047b C6       		.byte	0xc6
 787 047c 25040000 		.4byte	0x425
 788 0480 08       		.byte	0x8
 789 0481 07       		.uleb128 0x7
 790 0482 72313100 		.ascii	"r11\000"
 791 0486 08       		.byte	0x8
 792 0487 C7       		.byte	0xc7
 793 0488 25040000 		.4byte	0x425
 794 048c 0C       		.byte	0xc
 795 048d 07       		.uleb128 0x7
 796 048e 723400   		.ascii	"r4\000"
 797 0491 08       		.byte	0x8
 798 0492 C8       		.byte	0xc8
 799 0493 25040000 		.4byte	0x425
 800 0497 10       		.byte	0x10
 801 0498 07       		.uleb128 0x7
 802 0499 723500   		.ascii	"r5\000"
 803 049c 08       		.byte	0x8
 804 049d C9       		.byte	0xc9
 805 049e 25040000 		.4byte	0x425
 806 04a2 14       		.byte	0x14
 807 04a3 07       		.uleb128 0x7
 808 04a4 723600   		.ascii	"r6\000"
 809 04a7 08       		.byte	0x8
 810 04a8 CA       		.byte	0xca
 811 04a9 25040000 		.4byte	0x425
 812 04ad 18       		.byte	0x18
 813 04ae 07       		.uleb128 0x7
 814 04af 723700   		.ascii	"r7\000"
 815 04b2 08       		.byte	0x8
 816 04b3 CB       		.byte	0xcb
 817 04b4 25040000 		.4byte	0x425
 818 04b8 1C       		.byte	0x1c
 819 04b9 07       		.uleb128 0x7
ARM GAS  /tmp/ccMbRKhJ.s 			page 22


 820 04ba 6C7200   		.ascii	"lr\000"
 821 04bd 08       		.byte	0x8
 822 04be CC       		.byte	0xcc
 823 04bf 25040000 		.4byte	0x425
 824 04c3 20       		.byte	0x20
 825 04c4 00       		.byte	0
 826 04c5 0A       		.uleb128 0xa
 827 04c6 04       		.byte	0x4
 828 04c7 53040000 		.4byte	0x453
 829 04cb 0F       		.uleb128 0xf
 830 04cc 04       		.byte	0x4
 831 04cd 06       		.byte	0x6
 832 04ce D2       		.byte	0xd2
 833 04cf 2E050000 		.4byte	0x52e
 834 04d3 10       		.uleb128 0x10
 835 04d4 2C000000 		.4byte	.LASF75
 836 04d8 06       		.byte	0x6
 837 04d9 D9       		.byte	0xd9
 838 04da 05010000 		.4byte	0x105
 839 04de 10       		.uleb128 0x10
 840 04df 7B000000 		.4byte	.LASF76
 841 04e3 06       		.byte	0x6
 842 04e4 E0       		.byte	0xe0
 843 04e5 05010000 		.4byte	0x105
 844 04e9 10       		.uleb128 0x10
 845 04ea EF040000 		.4byte	.LASF77
 846 04ee 06       		.byte	0x6
 847 04ef E7       		.byte	0xe7
 848 04f0 02030000 		.4byte	0x302
 849 04f4 10       		.uleb128 0x10
 850 04f5 20000000 		.4byte	.LASF78
 851 04f9 06       		.byte	0x6
 852 04fa EE       		.byte	0xee
 853 04fb 2E050000 		.4byte	0x52e
 854 04ff 10       		.uleb128 0x10
 855 0500 8F000000 		.4byte	.LASF79
 856 0504 06       		.byte	0x6
 857 0505 F3       		.byte	0xf3
 858 0506 05010000 		.4byte	0x105
 859 050a 10       		.uleb128 0x10
 860 050b 59010000 		.4byte	.LASF80
 861 050f 06       		.byte	0x6
 862 0510 FC       		.byte	0xfc
 863 0511 59050000 		.4byte	0x559
 864 0515 11       		.uleb128 0x11
 865 0516 55040000 		.4byte	.LASF81
 866 051a 06       		.byte	0x6
 867 051b 0501     		.2byte	0x105
 868 051d 90050000 		.4byte	0x590
 869 0521 11       		.uleb128 0x11
 870 0522 1D040000 		.4byte	.LASF82
 871 0526 06       		.byte	0x6
 872 0527 0D01     		.2byte	0x10d
 873 0529 10010000 		.4byte	0x110
 874 052d 00       		.byte	0
 875 052e 0A       		.uleb128 0xa
 876 052f 04       		.byte	0x4
ARM GAS  /tmp/ccMbRKhJ.s 			page 23


 877 0530 1A020000 		.4byte	0x21a
 878 0534 05       		.uleb128 0x5
 879 0535 3F040000 		.4byte	.LASF83
 880 0539 0C       		.byte	0xc
 881 053a 09       		.byte	0x9
 882 053b 34       		.byte	0x34
 883 053c 59050000 		.4byte	0x559
 884 0540 06       		.uleb128 0x6
 885 0541 92010000 		.4byte	.LASF28
 886 0545 09       		.byte	0x9
 887 0546 35       		.byte	0x35
 888 0547 4F020000 		.4byte	0x24f
 889 054b 00       		.byte	0
 890 054c 07       		.uleb128 0x7
 891 054d 636E7400 		.ascii	"cnt\000"
 892 0551 09       		.byte	0x9
 893 0552 37       		.byte	0x37
 894 0553 1B010000 		.4byte	0x11b
 895 0557 08       		.byte	0x8
 896 0558 00       		.byte	0
 897 0559 0A       		.uleb128 0xa
 898 055a 04       		.byte	0x4
 899 055b 34050000 		.4byte	0x534
 900 055f 05       		.uleb128 0x5
 901 0560 D2040000 		.4byte	.LASF84
 902 0564 10       		.byte	0x10
 903 0565 0A       		.byte	0xa
 904 0566 39       		.byte	0x39
 905 0567 90050000 		.4byte	0x590
 906 056b 06       		.uleb128 0x6
 907 056c 92010000 		.4byte	.LASF28
 908 0570 0A       		.byte	0xa
 909 0571 3A       		.byte	0x3a
 910 0572 4F020000 		.4byte	0x24f
 911 0576 00       		.byte	0
 912 0577 06       		.uleb128 0x6
 913 0578 6C040000 		.4byte	.LASF85
 914 057c 0A       		.byte	0xa
 915 057d 3C       		.byte	0x3c
 916 057e 25020000 		.4byte	0x225
 917 0582 08       		.byte	0x8
 918 0583 06       		.uleb128 0x6
 919 0584 AD000000 		.4byte	.LASF47
 920 0588 0A       		.byte	0xa
 921 0589 3E       		.byte	0x3e
 922 058a C4050000 		.4byte	0x5c4
 923 058e 0C       		.byte	0xc
 924 058f 00       		.byte	0
 925 0590 0A       		.uleb128 0xa
 926 0591 04       		.byte	0x4
 927 0592 5F050000 		.4byte	0x55f
 928 0596 0A       		.uleb128 0xa
 929 0597 04       		.byte	0x4
 930 0598 9C050000 		.4byte	0x59c
 931 059c 12       		.uleb128 0x12
 932 059d A1050000 		.4byte	0x5a1
 933 05a1 03       		.uleb128 0x3
ARM GAS  /tmp/ccMbRKhJ.s 			page 24


 934 05a2 01       		.byte	0x1
 935 05a3 08       		.byte	0x8
 936 05a4 79040000 		.4byte	.LASF86
 937 05a8 0A       		.uleb128 0xa
 938 05a9 04       		.byte	0x4
 939 05aa 30040000 		.4byte	0x430
 940 05ae 0A       		.uleb128 0xa
 941 05af 04       		.byte	0x4
 942 05b0 04030000 		.4byte	0x304
 943 05b4 13       		.uleb128 0x13
 944 05b5 96050000 		.4byte	0x596
 945 05b9 04       		.uleb128 0x4
 946 05ba 37010000 		.4byte	.LASF87
 947 05be 0A       		.byte	0xa
 948 05bf 34       		.byte	0x34
 949 05c0 5F050000 		.4byte	0x55f
 950 05c4 0A       		.uleb128 0xa
 951 05c5 04       		.byte	0x4
 952 05c6 B9050000 		.4byte	0x5b9
 953 05ca 03       		.uleb128 0x3
 954 05cb 01       		.byte	0x1
 955 05cc 02       		.byte	0x2
 956 05cd 3A030000 		.4byte	.LASF88
 957 05d1 14       		.uleb128 0x14
 958 05d2 1C       		.byte	0x1c
 959 05d3 0B       		.byte	0xb
 960 05d4 F5       		.byte	0xf5
 961 05d5 30060000 		.4byte	0x630
 962 05d9 06       		.uleb128 0x6
 963 05da DD000000 		.4byte	.LASF89
 964 05de 0B       		.byte	0xb
 965 05df F7       		.byte	0xf7
 966 05e0 C3000000 		.4byte	0xc3
 967 05e4 00       		.byte	0
 968 05e5 06       		.uleb128 0x6
 969 05e6 98010000 		.4byte	.LASF90
 970 05ea 0B       		.byte	0xb
 971 05eb F9       		.byte	0xf9
 972 05ec C3000000 		.4byte	0xc3
 973 05f0 04       		.byte	0x4
 974 05f1 06       		.uleb128 0x6
 975 05f2 81010000 		.4byte	.LASF91
 976 05f6 0B       		.byte	0xb
 977 05f7 FB       		.byte	0xfb
 978 05f8 C3000000 		.4byte	0xc3
 979 05fc 08       		.byte	0x8
 980 05fd 06       		.uleb128 0x6
 981 05fe 75000000 		.4byte	.LASF92
 982 0602 0B       		.byte	0xb
 983 0603 FD       		.byte	0xfd
 984 0604 C3000000 		.4byte	0xc3
 985 0608 0C       		.byte	0xc
 986 0609 07       		.uleb128 0x7
 987 060a 6F647200 		.ascii	"odr\000"
 988 060e 0B       		.byte	0xb
 989 060f FF       		.byte	0xff
 990 0610 C3000000 		.4byte	0xc3
ARM GAS  /tmp/ccMbRKhJ.s 			page 25


 991 0614 10       		.byte	0x10
 992 0615 09       		.uleb128 0x9
 993 0616 E8020000 		.4byte	.LASF93
 994 061a 0B       		.byte	0xb
 995 061b 0101     		.2byte	0x101
 996 061d C3000000 		.4byte	0xc3
 997 0621 14       		.byte	0x14
 998 0622 09       		.uleb128 0x9
 999 0623 E3020000 		.4byte	.LASF94
 1000 0627 0B       		.byte	0xb
 1001 0628 0301     		.2byte	0x103
 1002 062a C3000000 		.4byte	0xc3
 1003 062e 18       		.byte	0x18
 1004 062f 00       		.byte	0
 1005 0630 15       		.uleb128 0x15
 1006 0631 00000000 		.4byte	.LASF95
 1007 0635 0B       		.byte	0xb
 1008 0636 0401     		.2byte	0x104
 1009 0638 D1050000 		.4byte	0x5d1
 1010 063c 16       		.uleb128 0x16
 1011 063d 8C       		.byte	0x8c
 1012 063e 0B       		.byte	0xb
 1013 063f 0D01     		.2byte	0x10d
 1014 0641 87060000 		.4byte	0x687
 1015 0645 09       		.uleb128 0x9
 1016 0646 16040000 		.4byte	.LASF96
 1017 064a 0B       		.byte	0xb
 1018 064b 1001     		.2byte	0x110
 1019 064d 30060000 		.4byte	0x630
 1020 0651 00       		.byte	0
 1021 0652 09       		.uleb128 0x9
 1022 0653 3F010000 		.4byte	.LASF97
 1023 0657 0B       		.byte	0xb
 1024 0658 1401     		.2byte	0x114
 1025 065a 30060000 		.4byte	0x630
 1026 065e 1C       		.byte	0x1c
 1027 065f 09       		.uleb128 0x9
 1028 0660 F6040000 		.4byte	.LASF98
 1029 0664 0B       		.byte	0xb
 1030 0665 1801     		.2byte	0x118
 1031 0667 30060000 		.4byte	0x630
 1032 066b 38       		.byte	0x38
 1033 066c 09       		.uleb128 0x9
 1034 066d C6020000 		.4byte	.LASF99
 1035 0671 0B       		.byte	0xb
 1036 0672 1C01     		.2byte	0x11c
 1037 0674 30060000 		.4byte	0x630
 1038 0678 54       		.byte	0x54
 1039 0679 09       		.uleb128 0x9
 1040 067a B5040000 		.4byte	.LASF100
 1041 067e 0B       		.byte	0xb
 1042 067f 2401     		.2byte	0x124
 1043 0681 30060000 		.4byte	0x630
 1044 0685 70       		.byte	0x70
 1045 0686 00       		.byte	0
 1046 0687 15       		.uleb128 0x15
 1047 0688 14050000 		.4byte	.LASF101
ARM GAS  /tmp/ccMbRKhJ.s 			page 26


 1048 068c 0B       		.byte	0xb
 1049 068d 3A01     		.2byte	0x13a
 1050 068f 3C060000 		.4byte	0x63c
 1051 0693 17       		.uleb128 0x17
 1052 0694 A4010000 		.4byte	.LASF106
 1053 0698 01       		.byte	0x1
 1054 0699 46       		.byte	0x46
 1055 069a 00000000 		.4byte	.LFB179
 1056 069e 08000000 		.4byte	.LFE179-.LFB179
 1057 06a2 01       		.uleb128 0x1
 1058 06a3 9C       		.byte	0x9c
 1059 06a4 B2060000 		.4byte	0x6b2
 1060 06a8 18       		.uleb128 0x18
 1061 06a9 06000000 		.4byte	.LVL0
 1062 06ad E4060000 		.4byte	0x6e4
 1063 06b1 00       		.byte	0
 1064 06b2 19       		.uleb128 0x19
 1065 06b3 0C040000 		.4byte	.LASF107
 1066 06b7 01       		.byte	0x1
 1067 06b8 65       		.byte	0x65
 1068 06b9 00000000 		.4byte	.LFB180
 1069 06bd 02000000 		.4byte	.LFE180-.LFB180
 1070 06c1 01       		.uleb128 0x1
 1071 06c2 9C       		.byte	0x9c
 1072 06c3 1A       		.uleb128 0x1a
 1073 06c4 636800   		.ascii	"ch\000"
 1074 06c7 06       		.byte	0x6
 1075 06c8 D201     		.2byte	0x1d2
 1076 06ca D1030000 		.4byte	0x3d1
 1077 06ce 1B       		.uleb128 0x1b
 1078 06cf 1E050000 		.4byte	.LASF102
 1079 06d3 01       		.byte	0x1
 1080 06d4 19       		.byte	0x19
 1081 06d5 DF060000 		.4byte	0x6df
 1082 06d9 05       		.uleb128 0x5
 1083 06da 03       		.byte	0x3
 1084 06db 00000000 		.4byte	pal_default_config
 1085 06df 12       		.uleb128 0x12
 1086 06e0 87060000 		.4byte	0x687
 1087 06e4 1C       		.uleb128 0x1c
 1088 06e5 26010000 		.4byte	.LASF108
 1089 06e9 0C       		.byte	0xc
 1090 06ea B703     		.2byte	0x3b7
 1091 06ec 00       		.byte	0
 1092              		.section	.debug_abbrev,"",%progbits
 1093              	.Ldebug_abbrev0:
 1094 0000 01       		.uleb128 0x1
 1095 0001 11       		.uleb128 0x11
 1096 0002 01       		.byte	0x1
 1097 0003 25       		.uleb128 0x25
 1098 0004 0E       		.uleb128 0xe
 1099 0005 13       		.uleb128 0x13
 1100 0006 0B       		.uleb128 0xb
 1101 0007 03       		.uleb128 0x3
 1102 0008 0E       		.uleb128 0xe
 1103 0009 1B       		.uleb128 0x1b
 1104 000a 0E       		.uleb128 0xe
ARM GAS  /tmp/ccMbRKhJ.s 			page 27


 1105 000b 55       		.uleb128 0x55
 1106 000c 17       		.uleb128 0x17
 1107 000d 11       		.uleb128 0x11
 1108 000e 01       		.uleb128 0x1
 1109 000f 10       		.uleb128 0x10
 1110 0010 17       		.uleb128 0x17
 1111 0011 00       		.byte	0
 1112 0012 00       		.byte	0
 1113 0013 02       		.uleb128 0x2
 1114 0014 24       		.uleb128 0x24
 1115 0015 00       		.byte	0
 1116 0016 0B       		.uleb128 0xb
 1117 0017 0B       		.uleb128 0xb
 1118 0018 3E       		.uleb128 0x3e
 1119 0019 0B       		.uleb128 0xb
 1120 001a 03       		.uleb128 0x3
 1121 001b 08       		.uleb128 0x8
 1122 001c 00       		.byte	0
 1123 001d 00       		.byte	0
 1124 001e 03       		.uleb128 0x3
 1125 001f 24       		.uleb128 0x24
 1126 0020 00       		.byte	0
 1127 0021 0B       		.uleb128 0xb
 1128 0022 0B       		.uleb128 0xb
 1129 0023 3E       		.uleb128 0x3e
 1130 0024 0B       		.uleb128 0xb
 1131 0025 03       		.uleb128 0x3
 1132 0026 0E       		.uleb128 0xe
 1133 0027 00       		.byte	0
 1134 0028 00       		.byte	0
 1135 0029 04       		.uleb128 0x4
 1136 002a 16       		.uleb128 0x16
 1137 002b 00       		.byte	0
 1138 002c 03       		.uleb128 0x3
 1139 002d 0E       		.uleb128 0xe
 1140 002e 3A       		.uleb128 0x3a
 1141 002f 0B       		.uleb128 0xb
 1142 0030 3B       		.uleb128 0x3b
 1143 0031 0B       		.uleb128 0xb
 1144 0032 49       		.uleb128 0x49
 1145 0033 13       		.uleb128 0x13
 1146 0034 00       		.byte	0
 1147 0035 00       		.byte	0
 1148 0036 05       		.uleb128 0x5
 1149 0037 13       		.uleb128 0x13
 1150 0038 01       		.byte	0x1
 1151 0039 03       		.uleb128 0x3
 1152 003a 0E       		.uleb128 0xe
 1153 003b 0B       		.uleb128 0xb
 1154 003c 0B       		.uleb128 0xb
 1155 003d 3A       		.uleb128 0x3a
 1156 003e 0B       		.uleb128 0xb
 1157 003f 3B       		.uleb128 0x3b
 1158 0040 0B       		.uleb128 0xb
 1159 0041 01       		.uleb128 0x1
 1160 0042 13       		.uleb128 0x13
 1161 0043 00       		.byte	0
ARM GAS  /tmp/ccMbRKhJ.s 			page 28


 1162 0044 00       		.byte	0
 1163 0045 06       		.uleb128 0x6
 1164 0046 0D       		.uleb128 0xd
 1165 0047 00       		.byte	0
 1166 0048 03       		.uleb128 0x3
 1167 0049 0E       		.uleb128 0xe
 1168 004a 3A       		.uleb128 0x3a
 1169 004b 0B       		.uleb128 0xb
 1170 004c 3B       		.uleb128 0x3b
 1171 004d 0B       		.uleb128 0xb
 1172 004e 49       		.uleb128 0x49
 1173 004f 13       		.uleb128 0x13
 1174 0050 38       		.uleb128 0x38
 1175 0051 0B       		.uleb128 0xb
 1176 0052 00       		.byte	0
 1177 0053 00       		.byte	0
 1178 0054 07       		.uleb128 0x7
 1179 0055 0D       		.uleb128 0xd
 1180 0056 00       		.byte	0
 1181 0057 03       		.uleb128 0x3
 1182 0058 08       		.uleb128 0x8
 1183 0059 3A       		.uleb128 0x3a
 1184 005a 0B       		.uleb128 0xb
 1185 005b 3B       		.uleb128 0x3b
 1186 005c 0B       		.uleb128 0xb
 1187 005d 49       		.uleb128 0x49
 1188 005e 13       		.uleb128 0x13
 1189 005f 38       		.uleb128 0x38
 1190 0060 0B       		.uleb128 0xb
 1191 0061 00       		.byte	0
 1192 0062 00       		.byte	0
 1193 0063 08       		.uleb128 0x8
 1194 0064 0D       		.uleb128 0xd
 1195 0065 00       		.byte	0
 1196 0066 03       		.uleb128 0x3
 1197 0067 08       		.uleb128 0x8
 1198 0068 3A       		.uleb128 0x3a
 1199 0069 0B       		.uleb128 0xb
 1200 006a 3B       		.uleb128 0x3b
 1201 006b 05       		.uleb128 0x5
 1202 006c 49       		.uleb128 0x49
 1203 006d 13       		.uleb128 0x13
 1204 006e 38       		.uleb128 0x38
 1205 006f 0B       		.uleb128 0xb
 1206 0070 00       		.byte	0
 1207 0071 00       		.byte	0
 1208 0072 09       		.uleb128 0x9
 1209 0073 0D       		.uleb128 0xd
 1210 0074 00       		.byte	0
 1211 0075 03       		.uleb128 0x3
 1212 0076 0E       		.uleb128 0xe
 1213 0077 3A       		.uleb128 0x3a
 1214 0078 0B       		.uleb128 0xb
 1215 0079 3B       		.uleb128 0x3b
 1216 007a 05       		.uleb128 0x5
 1217 007b 49       		.uleb128 0x49
 1218 007c 13       		.uleb128 0x13
ARM GAS  /tmp/ccMbRKhJ.s 			page 29


 1219 007d 38       		.uleb128 0x38
 1220 007e 0B       		.uleb128 0xb
 1221 007f 00       		.byte	0
 1222 0080 00       		.byte	0
 1223 0081 0A       		.uleb128 0xa
 1224 0082 0F       		.uleb128 0xf
 1225 0083 00       		.byte	0
 1226 0084 0B       		.uleb128 0xb
 1227 0085 0B       		.uleb128 0xb
 1228 0086 49       		.uleb128 0x49
 1229 0087 13       		.uleb128 0x13
 1230 0088 00       		.byte	0
 1231 0089 00       		.byte	0
 1232 008a 0B       		.uleb128 0xb
 1233 008b 13       		.uleb128 0x13
 1234 008c 01       		.byte	0x1
 1235 008d 03       		.uleb128 0x3
 1236 008e 0E       		.uleb128 0xe
 1237 008f 0B       		.uleb128 0xb
 1238 0090 0B       		.uleb128 0xb
 1239 0091 3A       		.uleb128 0x3a
 1240 0092 0B       		.uleb128 0xb
 1241 0093 3B       		.uleb128 0x3b
 1242 0094 05       		.uleb128 0x5
 1243 0095 01       		.uleb128 0x1
 1244 0096 13       		.uleb128 0x13
 1245 0097 00       		.byte	0
 1246 0098 00       		.byte	0
 1247 0099 0C       		.uleb128 0xc
 1248 009a 15       		.uleb128 0x15
 1249 009b 01       		.byte	0x1
 1250 009c 27       		.uleb128 0x27
 1251 009d 19       		.uleb128 0x19
 1252 009e 01       		.uleb128 0x1
 1253 009f 13       		.uleb128 0x13
 1254 00a0 00       		.byte	0
 1255 00a1 00       		.byte	0
 1256 00a2 0D       		.uleb128 0xd
 1257 00a3 05       		.uleb128 0x5
 1258 00a4 00       		.byte	0
 1259 00a5 49       		.uleb128 0x49
 1260 00a6 13       		.uleb128 0x13
 1261 00a7 00       		.byte	0
 1262 00a8 00       		.byte	0
 1263 00a9 0E       		.uleb128 0xe
 1264 00aa 0F       		.uleb128 0xf
 1265 00ab 00       		.byte	0
 1266 00ac 0B       		.uleb128 0xb
 1267 00ad 0B       		.uleb128 0xb
 1268 00ae 00       		.byte	0
 1269 00af 00       		.byte	0
 1270 00b0 0F       		.uleb128 0xf
 1271 00b1 17       		.uleb128 0x17
 1272 00b2 01       		.byte	0x1
 1273 00b3 0B       		.uleb128 0xb
 1274 00b4 0B       		.uleb128 0xb
 1275 00b5 3A       		.uleb128 0x3a
ARM GAS  /tmp/ccMbRKhJ.s 			page 30


 1276 00b6 0B       		.uleb128 0xb
 1277 00b7 3B       		.uleb128 0x3b
 1278 00b8 0B       		.uleb128 0xb
 1279 00b9 01       		.uleb128 0x1
 1280 00ba 13       		.uleb128 0x13
 1281 00bb 00       		.byte	0
 1282 00bc 00       		.byte	0
 1283 00bd 10       		.uleb128 0x10
 1284 00be 0D       		.uleb128 0xd
 1285 00bf 00       		.byte	0
 1286 00c0 03       		.uleb128 0x3
 1287 00c1 0E       		.uleb128 0xe
 1288 00c2 3A       		.uleb128 0x3a
 1289 00c3 0B       		.uleb128 0xb
 1290 00c4 3B       		.uleb128 0x3b
 1291 00c5 0B       		.uleb128 0xb
 1292 00c6 49       		.uleb128 0x49
 1293 00c7 13       		.uleb128 0x13
 1294 00c8 00       		.byte	0
 1295 00c9 00       		.byte	0
 1296 00ca 11       		.uleb128 0x11
 1297 00cb 0D       		.uleb128 0xd
 1298 00cc 00       		.byte	0
 1299 00cd 03       		.uleb128 0x3
 1300 00ce 0E       		.uleb128 0xe
 1301 00cf 3A       		.uleb128 0x3a
 1302 00d0 0B       		.uleb128 0xb
 1303 00d1 3B       		.uleb128 0x3b
 1304 00d2 05       		.uleb128 0x5
 1305 00d3 49       		.uleb128 0x49
 1306 00d4 13       		.uleb128 0x13
 1307 00d5 00       		.byte	0
 1308 00d6 00       		.byte	0
 1309 00d7 12       		.uleb128 0x12
 1310 00d8 26       		.uleb128 0x26
 1311 00d9 00       		.byte	0
 1312 00da 49       		.uleb128 0x49
 1313 00db 13       		.uleb128 0x13
 1314 00dc 00       		.byte	0
 1315 00dd 00       		.byte	0
 1316 00de 13       		.uleb128 0x13
 1317 00df 35       		.uleb128 0x35
 1318 00e0 00       		.byte	0
 1319 00e1 49       		.uleb128 0x49
 1320 00e2 13       		.uleb128 0x13
 1321 00e3 00       		.byte	0
 1322 00e4 00       		.byte	0
 1323 00e5 14       		.uleb128 0x14
 1324 00e6 13       		.uleb128 0x13
 1325 00e7 01       		.byte	0x1
 1326 00e8 0B       		.uleb128 0xb
 1327 00e9 0B       		.uleb128 0xb
 1328 00ea 3A       		.uleb128 0x3a
 1329 00eb 0B       		.uleb128 0xb
 1330 00ec 3B       		.uleb128 0x3b
 1331 00ed 0B       		.uleb128 0xb
 1332 00ee 01       		.uleb128 0x1
ARM GAS  /tmp/ccMbRKhJ.s 			page 31


 1333 00ef 13       		.uleb128 0x13
 1334 00f0 00       		.byte	0
 1335 00f1 00       		.byte	0
 1336 00f2 15       		.uleb128 0x15
 1337 00f3 16       		.uleb128 0x16
 1338 00f4 00       		.byte	0
 1339 00f5 03       		.uleb128 0x3
 1340 00f6 0E       		.uleb128 0xe
 1341 00f7 3A       		.uleb128 0x3a
 1342 00f8 0B       		.uleb128 0xb
 1343 00f9 3B       		.uleb128 0x3b
 1344 00fa 05       		.uleb128 0x5
 1345 00fb 49       		.uleb128 0x49
 1346 00fc 13       		.uleb128 0x13
 1347 00fd 00       		.byte	0
 1348 00fe 00       		.byte	0
 1349 00ff 16       		.uleb128 0x16
 1350 0100 13       		.uleb128 0x13
 1351 0101 01       		.byte	0x1
 1352 0102 0B       		.uleb128 0xb
 1353 0103 0B       		.uleb128 0xb
 1354 0104 3A       		.uleb128 0x3a
 1355 0105 0B       		.uleb128 0xb
 1356 0106 3B       		.uleb128 0x3b
 1357 0107 05       		.uleb128 0x5
 1358 0108 01       		.uleb128 0x1
 1359 0109 13       		.uleb128 0x13
 1360 010a 00       		.byte	0
 1361 010b 00       		.byte	0
 1362 010c 17       		.uleb128 0x17
 1363 010d 2E       		.uleb128 0x2e
 1364 010e 01       		.byte	0x1
 1365 010f 3F       		.uleb128 0x3f
 1366 0110 19       		.uleb128 0x19
 1367 0111 03       		.uleb128 0x3
 1368 0112 0E       		.uleb128 0xe
 1369 0113 3A       		.uleb128 0x3a
 1370 0114 0B       		.uleb128 0xb
 1371 0115 3B       		.uleb128 0x3b
 1372 0116 0B       		.uleb128 0xb
 1373 0117 27       		.uleb128 0x27
 1374 0118 19       		.uleb128 0x19
 1375 0119 11       		.uleb128 0x11
 1376 011a 01       		.uleb128 0x1
 1377 011b 12       		.uleb128 0x12
 1378 011c 06       		.uleb128 0x6
 1379 011d 40       		.uleb128 0x40
 1380 011e 18       		.uleb128 0x18
 1381 011f 9742     		.uleb128 0x2117
 1382 0121 19       		.uleb128 0x19
 1383 0122 01       		.uleb128 0x1
 1384 0123 13       		.uleb128 0x13
 1385 0124 00       		.byte	0
 1386 0125 00       		.byte	0
 1387 0126 18       		.uleb128 0x18
 1388 0127 898201   		.uleb128 0x4109
 1389 012a 00       		.byte	0
ARM GAS  /tmp/ccMbRKhJ.s 			page 32


 1390 012b 11       		.uleb128 0x11
 1391 012c 01       		.uleb128 0x1
 1392 012d 31       		.uleb128 0x31
 1393 012e 13       		.uleb128 0x13
 1394 012f 00       		.byte	0
 1395 0130 00       		.byte	0
 1396 0131 19       		.uleb128 0x19
 1397 0132 2E       		.uleb128 0x2e
 1398 0133 00       		.byte	0
 1399 0134 3F       		.uleb128 0x3f
 1400 0135 19       		.uleb128 0x19
 1401 0136 03       		.uleb128 0x3
 1402 0137 0E       		.uleb128 0xe
 1403 0138 3A       		.uleb128 0x3a
 1404 0139 0B       		.uleb128 0xb
 1405 013a 3B       		.uleb128 0x3b
 1406 013b 0B       		.uleb128 0xb
 1407 013c 27       		.uleb128 0x27
 1408 013d 19       		.uleb128 0x19
 1409 013e 11       		.uleb128 0x11
 1410 013f 01       		.uleb128 0x1
 1411 0140 12       		.uleb128 0x12
 1412 0141 06       		.uleb128 0x6
 1413 0142 40       		.uleb128 0x40
 1414 0143 18       		.uleb128 0x18
 1415 0144 9742     		.uleb128 0x2117
 1416 0146 19       		.uleb128 0x19
 1417 0147 00       		.byte	0
 1418 0148 00       		.byte	0
 1419 0149 1A       		.uleb128 0x1a
 1420 014a 34       		.uleb128 0x34
 1421 014b 00       		.byte	0
 1422 014c 03       		.uleb128 0x3
 1423 014d 08       		.uleb128 0x8
 1424 014e 3A       		.uleb128 0x3a
 1425 014f 0B       		.uleb128 0xb
 1426 0150 3B       		.uleb128 0x3b
 1427 0151 05       		.uleb128 0x5
 1428 0152 49       		.uleb128 0x49
 1429 0153 13       		.uleb128 0x13
 1430 0154 3F       		.uleb128 0x3f
 1431 0155 19       		.uleb128 0x19
 1432 0156 3C       		.uleb128 0x3c
 1433 0157 19       		.uleb128 0x19
 1434 0158 00       		.byte	0
 1435 0159 00       		.byte	0
 1436 015a 1B       		.uleb128 0x1b
 1437 015b 34       		.uleb128 0x34
 1438 015c 00       		.byte	0
 1439 015d 03       		.uleb128 0x3
 1440 015e 0E       		.uleb128 0xe
 1441 015f 3A       		.uleb128 0x3a
 1442 0160 0B       		.uleb128 0xb
 1443 0161 3B       		.uleb128 0x3b
 1444 0162 0B       		.uleb128 0xb
 1445 0163 49       		.uleb128 0x49
 1446 0164 13       		.uleb128 0x13
ARM GAS  /tmp/ccMbRKhJ.s 			page 33


 1447 0165 3F       		.uleb128 0x3f
 1448 0166 19       		.uleb128 0x19
 1449 0167 02       		.uleb128 0x2
 1450 0168 18       		.uleb128 0x18
 1451 0169 00       		.byte	0
 1452 016a 00       		.byte	0
 1453 016b 1C       		.uleb128 0x1c
 1454 016c 2E       		.uleb128 0x2e
 1455 016d 00       		.byte	0
 1456 016e 3F       		.uleb128 0x3f
 1457 016f 19       		.uleb128 0x19
 1458 0170 03       		.uleb128 0x3
 1459 0171 0E       		.uleb128 0xe
 1460 0172 3A       		.uleb128 0x3a
 1461 0173 0B       		.uleb128 0xb
 1462 0174 3B       		.uleb128 0x3b
 1463 0175 05       		.uleb128 0x5
 1464 0176 27       		.uleb128 0x27
 1465 0177 19       		.uleb128 0x19
 1466 0178 3C       		.uleb128 0x3c
 1467 0179 19       		.uleb128 0x19
 1468 017a 00       		.byte	0
 1469 017b 00       		.byte	0
 1470 017c 00       		.byte	0
 1471              		.section	.debug_aranges,"",%progbits
 1472 0000 24000000 		.4byte	0x24
 1473 0004 0200     		.2byte	0x2
 1474 0006 00000000 		.4byte	.Ldebug_info0
 1475 000a 04       		.byte	0x4
 1476 000b 00       		.byte	0
 1477 000c 0000     		.2byte	0
 1478 000e 0000     		.2byte	0
 1479 0010 00000000 		.4byte	.LFB179
 1480 0014 08000000 		.4byte	.LFE179-.LFB179
 1481 0018 00000000 		.4byte	.LFB180
 1482 001c 02000000 		.4byte	.LFE180-.LFB180
 1483 0020 00000000 		.4byte	0
 1484 0024 00000000 		.4byte	0
 1485              		.section	.debug_ranges,"",%progbits
 1486              	.Ldebug_ranges0:
 1487 0000 00000000 		.4byte	.LFB179
 1488 0004 08000000 		.4byte	.LFE179
 1489 0008 00000000 		.4byte	.LFB180
 1490 000c 02000000 		.4byte	.LFE180
 1491 0010 00000000 		.4byte	0
 1492 0014 00000000 		.4byte	0
 1493              		.section	.debug_line,"",%progbits
 1494              	.Ldebug_line0:
 1495 0000 EC010000 		.section	.debug_str,"MS",%progbits,1
 1495      0200C301 
 1495      00000201 
 1495      FB0E0D00 
 1495      01010101 
 1496              	.LASF95:
 1497 0000 73746D33 		.ascii	"stm32_gpio_setup_t\000"
 1497      325F6770 
 1497      696F5F73 
ARM GAS  /tmp/ccMbRKhJ.s 			page 34


 1497      65747570 
 1497      5F7400
 1498              	.LASF51:
 1499 0013 72656164 		.ascii	"ready_list_t\000"
 1499      795F6C69 
 1499      73745F74 
 1499      00
 1500              	.LASF78:
 1501 0020 77747472 		.ascii	"wttrp\000"
 1501      7000
 1502              	.LASF57:
 1503 0026 64656C74 		.ascii	"delta\000"
 1503      6100
 1504              	.LASF75:
 1505 002c 7264796D 		.ascii	"rdymsg\000"
 1505      736700
 1506              	.LASF38:
 1507 0033 6D736771 		.ascii	"msgqueue\000"
 1507      75657565 
 1507      00
 1508              	.LASF4:
 1509 003c 5F5F7569 		.ascii	"__uint8_t\000"
 1509      6E74385F 
 1509      7400
 1510              	.LASF50:
 1511 0046 70726576 		.ascii	"prev\000"
 1511      00
 1512              	.LASF74:
 1513 004b 706F7274 		.ascii	"port_intctx\000"
 1513      5F696E74 
 1513      63747800 
 1514              	.LASF68:
 1515 0057 76746C69 		.ascii	"vtlist\000"
 1515      737400
 1516              	.LASF13:
 1517 005e 6C6F6E67 		.ascii	"long long unsigned int\000"
 1517      206C6F6E 
 1517      6720756E 
 1517      7369676E 
 1517      65642069 
 1518              	.LASF92:
 1519 0075 70757064 		.ascii	"pupdr\000"
 1519      7200
 1520              	.LASF76:
 1521 007b 65786974 		.ascii	"exitcode\000"
 1521      636F6465 
 1521      00
 1522              	.LASF69:
 1523 0084 6D61696E 		.ascii	"mainthread\000"
 1523      74687265 
 1523      616400
 1524              	.LASF79:
 1525 008f 73656E74 		.ascii	"sentmsg\000"
 1525      6D736700 
 1526              	.LASF59:
 1527 0097 76697274 		.ascii	"virtual_timers_list_t\000"
 1527      75616C5F 
ARM GAS  /tmp/ccMbRKhJ.s 			page 35


 1527      74696D65 
 1527      72735F6C 
 1527      6973745F 
 1528              	.LASF47:
 1529 00ad 6E657874 		.ascii	"next\000"
 1529      00
 1530              	.LASF49:
 1531 00b2 63685F74 		.ascii	"ch_threads_queue\000"
 1531      68726561 
 1531      64735F71 
 1531      75657565 
 1531      00
 1532              	.LASF11:
 1533 00c3 6C6F6E67 		.ascii	"long long int\000"
 1533      206C6F6E 
 1533      6720696E 
 1533      7400
 1534              	.LASF1:
 1535 00d1 7369676E 		.ascii	"signed char\000"
 1535      65642063 
 1535      68617200 
 1536              	.LASF89:
 1537 00dd 6D6F6465 		.ascii	"moder\000"
 1537      7200
 1538              	.LASF34:
 1539 00e3 73746174 		.ascii	"state\000"
 1539      6500
 1540              	.LASF8:
 1541 00e9 6C6F6E67 		.ascii	"long int\000"
 1541      20696E74 
 1541      00
 1542              	.LASF20:
 1543 00f2 74737461 		.ascii	"tstate_t\000"
 1543      74655F74 
 1543      00
 1544              	.LASF15:
 1545 00fb 75696E74 		.ascii	"uint16_t\000"
 1545      31365F74 
 1545      00
 1546              	.LASF31:
 1547 0104 6F6C6465 		.ascii	"older\000"
 1547      7200
 1548              	.LASF9:
 1549 010a 5F5F7569 		.ascii	"__uint32_t\000"
 1549      6E743332 
 1549      5F7400
 1550              	.LASF71:
 1551 0115 72656761 		.ascii	"regarm_t\000"
 1551      726D5F74 
 1551      00
 1552              	.LASF37:
 1553 011e 77616974 		.ascii	"waiting\000"
 1553      696E6700 
 1554              	.LASF108:
 1555 0126 73746D33 		.ascii	"stm32_clock_init\000"
 1555      325F636C 
 1555      6F636B5F 
ARM GAS  /tmp/ccMbRKhJ.s 			page 36


 1555      696E6974 
 1555      00
 1556              	.LASF87:
 1557 0137 6D757465 		.ascii	"mutex_t\000"
 1557      785F7400 
 1558              	.LASF97:
 1559 013f 50424461 		.ascii	"PBData\000"
 1559      746100
 1560              	.LASF25:
 1561 0146 636E745F 		.ascii	"cnt_t\000"
 1561      7400
 1562              	.LASF0:
 1563 014c 756E7369 		.ascii	"unsigned int\000"
 1563      676E6564 
 1563      20696E74 
 1563      00
 1564              	.LASF80:
 1565 0159 77747365 		.ascii	"wtsemp\000"
 1565      6D7000
 1566              	.LASF62:
 1567 0160 73797374 		.ascii	"system_debug_t\000"
 1567      656D5F64 
 1567      65627567 
 1567      5F7400
 1568              	.LASF10:
 1569 016f 6C6F6E67 		.ascii	"long unsigned int\000"
 1569      20756E73 
 1569      69676E65 
 1569      6420696E 
 1569      7400
 1570              	.LASF91:
 1571 0181 6F737065 		.ascii	"ospeedr\000"
 1571      65647200 
 1572              	.LASF54:
 1573 0189 76746675 		.ascii	"vtfunc_t\000"
 1573      6E635F74 
 1573      00
 1574              	.LASF28:
 1575 0192 71756575 		.ascii	"queue\000"
 1575      6500
 1576              	.LASF90:
 1577 0198 6F747970 		.ascii	"otyper\000"
 1577      657200
 1578              	.LASF32:
 1579 019f 6E616D65 		.ascii	"name\000"
 1579      00
 1580              	.LASF106:
 1581 01a4 5F5F6561 		.ascii	"__early_init\000"
 1581      726C795F 
 1581      696E6974 
 1581      00
 1582              	.LASF6:
 1583 01b1 73686F72 		.ascii	"short unsigned int\000"
 1583      7420756E 
 1583      7369676E 
 1583      65642069 
 1583      6E7400
ARM GAS  /tmp/ccMbRKhJ.s 			page 37


 1584              	.LASF45:
 1585 01c4 63685F74 		.ascii	"ch_thread\000"
 1585      68726561 
 1585      6400
 1586              	.LASF23:
 1587 01ce 6D73675F 		.ascii	"msg_t\000"
 1587      7400
 1588              	.LASF39:
 1589 01d4 6570656E 		.ascii	"epending\000"
 1589      64696E67 
 1589      00
 1590              	.LASF65:
 1591 01dd 63685F73 		.ascii	"ch_system_t\000"
 1591      79737465 
 1591      6D5F7400 
 1592              	.LASF19:
 1593 01e9 746D6F64 		.ascii	"tmode_t\000"
 1593      655F7400 
 1594              	.LASF52:
 1595 01f1 63685F72 		.ascii	"ch_ready_list\000"
 1595      65616479 
 1595      5F6C6973 
 1595      7400
 1596              	.LASF24:
 1597 01ff 6576656E 		.ascii	"eventmask_t\000"
 1597      746D6173 
 1597      6B5F7400 
 1598              	.LASF105:
 1599 020b 2F686F6D 		.ascii	"/home/awygle/ChibiOS-RT/demos/STM32/RT-STM32F030R8-"
 1599      652F6177 
 1599      79676C65 
 1599      2F436869 
 1599      62694F53 
 1600 023e 4E55434C 		.ascii	"NUCLEO64\000"
 1600      454F3634 
 1600      00
 1601              	.LASF72:
 1602 0247 73746B61 		.ascii	"stkalign_t\000"
 1602      6C69676E 
 1602      5F7400
 1603              	.LASF30:
 1604 0252 6E657765 		.ascii	"newer\000"
 1604      7200
 1605              	.LASF41:
 1606 0258 7265616C 		.ascii	"realprio\000"
 1606      7072696F 
 1606      00
 1607              	.LASF70:
 1608 0261 73697A65 		.ascii	"sizetype\000"
 1608      74797065 
 1608      00
 1609              	.LASF43:
 1610 026a 74687265 		.ascii	"thread_reference_t\000"
 1610      61645F72 
 1610      65666572 
 1610      656E6365 
 1610      5F7400
ARM GAS  /tmp/ccMbRKhJ.s 			page 38


 1611              	.LASF60:
 1612 027d 63685F76 		.ascii	"ch_virtual_timers_list\000"
 1612      69727475 
 1612      616C5F74 
 1612      696D6572 
 1612      735F6C69 
 1613              	.LASF104:
 1614 0294 2E2E2F2E 		.ascii	"../../../os/hal/boards/ST_NUCLEO64_F030R8/board.c\000"
 1614      2E2F2E2E 
 1614      2F6F732F 
 1614      68616C2F 
 1614      626F6172 
 1615              	.LASF99:
 1616 02c6 50444461 		.ascii	"PDData\000"
 1616      746100
 1617              	.LASF18:
 1618 02cd 75696E74 		.ascii	"uint64_t\000"
 1618      36345F74 
 1618      00
 1619              	.LASF73:
 1620 02d6 706F7274 		.ascii	"port_context\000"
 1620      5F636F6E 
 1620      74657874 
 1620      00
 1621              	.LASF94:
 1622 02e3 61667268 		.ascii	"afrh\000"
 1622      00
 1623              	.LASF93:
 1624 02e8 6166726C 		.ascii	"afrl\000"
 1624      00
 1625              	.LASF29:
 1626 02ed 7072696F 		.ascii	"prio\000"
 1626      00
 1627              	.LASF53:
 1628 02f2 63757272 		.ascii	"current\000"
 1628      656E7400 
 1629              	.LASF12:
 1630 02fa 5F5F7569 		.ascii	"__uint64_t\000"
 1630      6E743634 
 1630      5F7400
 1631              	.LASF21:
 1632 0305 74726566 		.ascii	"trefs_t\000"
 1632      735F7400 
 1633              	.LASF36:
 1634 030d 72656673 		.ascii	"refs\000"
 1634      00
 1635              	.LASF55:
 1636 0312 76697274 		.ascii	"virtual_timer_t\000"
 1636      75616C5F 
 1636      74696D65 
 1636      725F7400 
 1637              	.LASF22:
 1638 0322 74707269 		.ascii	"tprio_t\000"
 1638      6F5F7400 
 1639              	.LASF63:
 1640 032a 63685F73 		.ascii	"ch_system_debug\000"
 1640      79737465 
ARM GAS  /tmp/ccMbRKhJ.s 			page 39


 1640      6D5F6465 
 1640      62756700 
 1641              	.LASF88:
 1642 033a 5F426F6F 		.ascii	"_Bool\000"
 1642      6C00
 1643              	.LASF16:
 1644 0340 696E7433 		.ascii	"int32_t\000"
 1644      325F7400 
 1645              	.LASF2:
 1646 0348 756E7369 		.ascii	"unsigned char\000"
 1646      676E6564 
 1646      20636861 
 1646      7200
 1647              	.LASF103:
 1648 0356 474E5520 		.ascii	"GNU C 4.8.3 -mcpu=cortex-m0 -mno-thumb-interwork -m"
 1648      4320342E 
 1648      382E3320 
 1648      2D6D6370 
 1648      753D636F 
 1649 0389 7468756D 		.ascii	"thumb -ggdb -O2 -fomit-frame-pointer -falign-functi"
 1649      62202D67 
 1649      67646220 
 1649      2D4F3220 
 1649      2D666F6D 
 1650 03bc 6F6E733D 		.ascii	"ons=16 -ffunction-sections -fdata-sections -fno-com"
 1650      3136202D 
 1650      6666756E 
 1650      6374696F 
 1650      6E2D7365 
 1651 03ef 6D6F6E20 		.ascii	"mon -flto\000"
 1651      2D666C74 
 1651      6F00
 1652              	.LASF3:
 1653 03f9 73686F72 		.ascii	"short int\000"
 1653      7420696E 
 1653      7400
 1654              	.LASF61:
 1655 0403 6C617374 		.ascii	"lasttime\000"
 1655      74696D65 
 1655      00
 1656              	.LASF107:
 1657 040c 626F6172 		.ascii	"boardInit\000"
 1657      64496E69 
 1657      7400
 1658              	.LASF96:
 1659 0416 50414461 		.ascii	"PAData\000"
 1659      746100
 1660              	.LASF82:
 1661 041d 65776D61 		.ascii	"ewmask\000"
 1661      736B00
 1662              	.LASF66:
 1663 0424 63685F73 		.ascii	"ch_system\000"
 1663      79737465 
 1663      6D00
 1664              	.LASF56:
 1665 042e 63685F76 		.ascii	"ch_virtual_timer\000"
 1665      69727475 
ARM GAS  /tmp/ccMbRKhJ.s 			page 40


 1665      616C5F74 
 1665      696D6572 
 1665      00
 1666              	.LASF83:
 1667 043f 63685F73 		.ascii	"ch_semaphore\000"
 1667      656D6170 
 1667      686F7265 
 1667      00
 1668              	.LASF17:
 1669 044c 75696E74 		.ascii	"uint32_t\000"
 1669      33325F74 
 1669      00
 1670              	.LASF81:
 1671 0455 77746D74 		.ascii	"wtmtxp\000"
 1671      787000
 1672              	.LASF46:
 1673 045c 63685F74 		.ascii	"ch_threads_list\000"
 1673      68726561 
 1673      64735F6C 
 1673      69737400 
 1674              	.LASF85:
 1675 046c 6F776E65 		.ascii	"owner\000"
 1675      7200
 1676              	.LASF33:
 1677 0472 77616261 		.ascii	"wabase\000"
 1677      736500
 1678              	.LASF86:
 1679 0479 63686172 		.ascii	"char\000"
 1679      00
 1680              	.LASF58:
 1681 047e 66756E63 		.ascii	"func\000"
 1681      00
 1682              	.LASF5:
 1683 0483 5F5F7569 		.ascii	"__uint16_t\000"
 1683      6E743136 
 1683      5F7400
 1684              	.LASF27:
 1685 048e 74687265 		.ascii	"thread_t\000"
 1685      61645F74 
 1685      00
 1686              	.LASF26:
 1687 0497 73797374 		.ascii	"systime_t\000"
 1687      696D655F 
 1687      7400
 1688              	.LASF7:
 1689 04a1 5F5F696E 		.ascii	"__int32_t\000"
 1689      7433325F 
 1689      7400
 1690              	.LASF64:
 1691 04ab 70616E69 		.ascii	"panic_msg\000"
 1691      635F6D73 
 1691      6700
 1692              	.LASF100:
 1693 04b5 50464461 		.ascii	"PFData\000"
 1693      746100
 1694              	.LASF42:
 1695 04bc 6D706F6F 		.ascii	"mpool\000"
ARM GAS  /tmp/ccMbRKhJ.s 			page 41


 1695      6C00
 1696              	.LASF48:
 1697 04c2 74687265 		.ascii	"threads_queue_t\000"
 1697      6164735F 
 1697      71756575 
 1697      655F7400 
 1698              	.LASF84:
 1699 04d2 63685F6D 		.ascii	"ch_mutex\000"
 1699      75746578 
 1699      00
 1700              	.LASF67:
 1701 04db 726C6973 		.ascii	"rlist\000"
 1701      7400
 1702              	.LASF14:
 1703 04e1 75696E74 		.ascii	"uint8_t\000"
 1703      385F7400 
 1704              	.LASF35:
 1705 04e9 666C6167 		.ascii	"flags\000"
 1705      7300
 1706              	.LASF77:
 1707 04ef 77746F62 		.ascii	"wtobjp\000"
 1707      6A7000
 1708              	.LASF98:
 1709 04f6 50434461 		.ascii	"PCData\000"
 1709      746100
 1710              	.LASF44:
 1711 04fd 74687265 		.ascii	"threads_list_t\000"
 1711      6164735F 
 1711      6C697374 
 1711      5F7400
 1712              	.LASF40:
 1713 050c 6D74786C 		.ascii	"mtxlist\000"
 1713      69737400 
 1714              	.LASF101:
 1715 0514 50414C43 		.ascii	"PALConfig\000"
 1715      6F6E6669 
 1715      6700
 1716              	.LASF102:
 1717 051e 70616C5F 		.ascii	"pal_default_config\000"
 1717      64656661 
 1717      756C745F 
 1717      636F6E66 
 1717      696700
 1718              		.comm	__gnu_lto_v1,1,1
 1719              		.ident	"GCC: (4.8.3-18ubuntu2+12) 4.8.3"
ARM GAS  /tmp/ccMbRKhJ.s 			page 42


DEFINED SYMBOLS
                            *ABS*:0000000000000000 board.c
     /tmp/ccMbRKhJ.s:140    .text.__early_init:0000000000000000 $t
     /tmp/ccMbRKhJ.s:146    .text.__early_init:0000000000000000 __early_init
     /tmp/ccMbRKhJ.s:165    .text.boardInit:0000000000000000 $t
     /tmp/ccMbRKhJ.s:171    .text.boardInit:0000000000000000 boardInit
     /tmp/ccMbRKhJ.s:186    .rodata.pal_default_config:0000000000000000 pal_default_config
     /tmp/ccMbRKhJ.s:183    .rodata.pal_default_config:0000000000000000 $d
                            *COM*:0000000000000001 __gnu_lto_v1
                     .debug_frame:0000000000000010 $d

UNDEFINED SYMBOLS
stm32_clock_init
