ARM GAS  /tmp/ccugXKF7.s 			page 1


   1              		.cpu cortex-m0
   2              		.fpu softvfp
   3              		.eabi_attribute 20, 1
   4              		.eabi_attribute 21, 1
   5              		.eabi_attribute 23, 3
   6              		.eabi_attribute 24, 1
   7              		.eabi_attribute 25, 1
   8              		.eabi_attribute 26, 1
   9              		.eabi_attribute 30, 2
  10              		.eabi_attribute 34, 0
  11              		.eabi_attribute 18, 4
  12              		.code	16
  13              		.file	"crt1.c"
  14              		.text
  15              	.Ltext0:
  16              		.section	.gnu.lto_.jmpfuncs.11dc9af081ef9f4d,"",%progbits
  17 0000 789C6362 		.ascii	"x\234cb`b\300\006x\2404+\003\003#P\0113\003\013\003"
  17      6062C006 
  17      78A0342B 
  17      03032350 
  17      0933030B 
  18 0015 03000236 		.ascii	"\003\000\0026\000 "
  18      0020
  19              		.text
  20              		.section	.gnu.lto_.inline.11dc9af081ef9f4d,"",%progbits
  21 0000 789C6362 		.ascii	"x\234cb`b\300\006\342\2414+\003\0033\023#X\021\333\002"
  21      6062C006 
  21      E2A1342B 
  21      03033313 
  21      235811DB 
  22 0015 79B05A46 		.ascii	"y\260ZF\014\021&\014\021f \017\"\302\002\261\200\205"
  22      0C11260C 
  22      1166200F 
  22      22C202B1 
  22      8085
  23 0027 41E41527 		.ascii	"A\344\025'PD\251m\321LF\2702\006\000\3774\006\240"
  23      5044A96D 
  23      D14C46B8 
  23      320600FF 
  23      3406A0
  24              		.text
  25              		.section	.gnu.lto_.pureconst.11dc9af081ef9f4d,"",%progbits
  26 0000 789C6362 		.ascii	"x\234cb`b\340f\200\000V\006\011F\011&\011f\023\026)"
  26      6062E066 
  26      80005606 
  26      09460926 
  26      09661316 
  27 0015 00044D00 		.ascii	"\000\004M\000\265"
  27      B5
  28              		.text
  29              		.section	.gnu.lto___core_init.11dc9af081ef9f4d,"",%progbits
  30 0000 789C6362 		.ascii	"x\234cb`b@\007\222@\034\014\304\226@\314\310\314\300"
  30      60624007 
  30      92401C0C 
  30      C49640CC 
  30      C8CCC0
  31 0013 C834E11C 		.ascii	"\3104\341\034\003C#\007\023##\210\301\300\310P\317\304"
ARM GAS  /tmp/ccugXKF7.s 			page 2


  31      03432307 
  31      13232388 
  31      C1C0C850 
  31      CFC4
  32 0025 581FC908 		.ascii	"X\037\311\010V\273\236\351\300\203\377\377\327m\350"
  32      56BB9EE9 
  32      C083FFFF 
  32      D76DE8
  33 0034 9AF38671 		.ascii	"\232\363\206q%\023\310,V\206\226\206\206\011\012\014"
  33      2513C82C 
  33      56869686 
  33      86090A0C 
  34 0044 0CC96015 		.ascii	"\014\311`\025!@\022\244-\224\221\011D3_d`Ld\\\310\310"
  34      214012A4 
  34      2D949109 
  34      44335F64 
  34      604C645C 
  35 005a 0AB72D84 		.ascii	"\012\267-\204\221\021$\001\322j\256\247\247\017A\371"
  35      91112401 
  35      D26AAEA7 
  35      A70F41F9 
  36 006a C5FAC9F9 		.ascii	"\305\372\311\371\271\271\371y\372\305%\211E%\245\005"
  36      B9B9F979 
  36      FAC52589 
  36      4525A505 
  37 007a FA8E41BE 		.ascii	"\372\216A\276\316\276\025 \321\202\314\234\324\242b"
  37      CEBE1520 
  37      D182CC9C 
  37      D4A262
  38 0089 7D776767 		.ascii	"}wgg\375\344\242\022C\275d\006\000\267\214)["
  38      FDE4A212 
  38      43BD6406 
  38      00B78C29 
  38      5B
  39              		.text
  40              		.section	.gnu.lto___early_init.11dc9af081ef9f4d,"",%progbits
  41 0000 789C6362 		.ascii	"x\234cb`b@\007\222@\034\000\304\226@\314\310\314\300"
  41      60624007 
  41      92401C00 
  41      C49640CC 
  41      C8CCC0
  42 0013 C834E11C 		.ascii	"\3104\341\034\003C#\007\023##\210\301\300\310P\317\304"
  42      03432307 
  42      13232388 
  42      C1C0C850 
  42      CFC4
  43 0025 581FC908 		.ascii	"X\037\311\010V\273\236\351\300\203\377\377\327};5G\002"
  43      56BB9EE9 
  43      C083FFFF 
  43      D77D3B35 
  43      4702
  44 0037 64102B43 		.ascii	"d\020+CKC\303\004\005\006\206d\260t\010\220\004\351"
  44      4B43C304 
  44      05068664 
  44      B0740890 
  44      04E9
  45 0049 09656402 		.ascii	"\011ed\002\321\314\027\031\030\023\031\0272\262\302"
ARM GAS  /tmp/ccugXKF7.s 			page 3


  45      D1CC1719 
  45      18131917 
  45      32B2C2
  46 0058 AD0A6164 		.ascii	"\255\012ad\004I\200\264\232\353\351\351CP~\261~r~nn"
  46      044980B4 
  46      9AEBE9E9 
  46      43507EB1 
  46      7E727E6E 
  47 006d 7E9E7E71 		.ascii	"~\236~qIbQIi\201\276c\220\257\263o\005H\264 3'\265\250"
  47      49625149 
  47      6981BE63 
  47      90AFB36F 
  47      0548B420 
  48 0085 58DFDDD9 		.ascii	"X\337\335\331Y?\271\250\304P/\231\001\000\031\306(^"
  48      593FB9A8 
  48      C4502F99 
  48      010019C6 
  48      285E
  49              		.text
  50              		.section	.gnu.lto___late_init.11dc9af081ef9f4d,"",%progbits
  51 0000 789C6362 		.ascii	"x\234cb`b@\007\222@\034\000\304\226@\314\310\314\300"
  51      60624007 
  51      92401C00 
  51      C49640CC 
  51      C8CCC0
  52 0013 C834E11C 		.ascii	"\3104\341\034\003C#\007\023##\210\301\300\310P\317\304"
  52      03432307 
  52      13232388 
  52      C1C0C850 
  52      CFC4
  53 0025 581FC908 		.ascii	"X\037\311\010V\273\236\351\300\203\377\377\327m\352"
  53      56BB9EE9 
  53      C083FFFF 
  53      D76DEA
  54 0034 9E230132 		.ascii	"\236#\0012\210\225\241\245\241a\202\002\003C2X:\004"
  54      8895A1A5 
  54      A1618202 
  54      03433258 
  54      3A04
  55 0046 4882F484 		.ascii	"H\202\364\20422\201h\346\213\014\214\211\214\013\031"
  55      32328168 
  55      E68B0C8C 
  55      898C0B19 
  56 0056 59E15685 		.ascii	"Y\341V\20502\202$@Z\315\365\364\364!(\277X?9?77?O\277"
  56      30328224 
  56      405ACDF5 
  56      F4F42128 
  56      BF583F39 
  57 0070 B824B1A8 		.ascii	"\270$\261\250\244\264@\3371\310\327\331\267\002$Z\220"
  57      A4B440DF 
  57      31C8D7D9 
  57      B702245A 
  57      90
  58 0081 99935A54 		.ascii	"\231\223ZT\254\357\356\354\254\237\\Tb\250\227\314\000"
  58      ACEFEEEC 
  58      AC9F5C54 
  58      62A897CC 
ARM GAS  /tmp/ccugXKF7.s 			page 4


  58      00
  59 0092 00DB0527 		.ascii	"\000\333\005'\333"
  59      DB
  60              		.text
  61              		.section	.gnu.lto___default_exit.11dc9af081ef9f4d,"",%progbits
  62 0000 789C6362 		.ascii	"x\234cb`b@\007:@\354\003\304\226@\314\310\312\300\310"
  62      60624007 
  62      3A40EC03 
  62      C49640CC 
  62      C8CAC0C8 
  63 0014 34E11C03 		.ascii	"4\341\034\003C#\007\023#3\210\301\310\314\310\002\021"
  63      43230713 
  63      233388C1 
  63      C8CCC802 
  63      11
  64 0025 60810838 		.ascii	"`\201\010822\32431\2630\326G2\202\265\257g:\360\340"
  64      3232D433 
  64      31B330D6 
  64      473282B5 
  64      AF673AF0 
  65 003a FFFF7577 		.ascii	"\377\377uwN\317\335\303\270\236\011$\306\312\320\322"
  65      4ECFDDC3 
  65      B89E0924 
  65      C6CAD0D2 
  66 004a D0304181 		.ascii	"\3200A\201\201!\031\254\"\004H2\002I&\240Y!\214\314"
  66      812119AC 
  66      22044832 
  66      024926A0 
  66      59218CCC 
  67 005e 0C404318 		.ascii	"\014@C\030C\030Y\2404\304\020\006s==}\010\312/\326O"
  67      431859A0 
  67      34C41006 
  67      733D3D7D 
  67      08CA2FD6 
  68 0073 CECFCDCD 		.ascii	"\316\317\315\315\317\323/.I,*)-\320w\014\362u\366\255"
  68      CFD32F2E 
  68      492C2A29 
  68      2DD0770C 
  68      F275F6AD 
  69 0087 00891664 		.ascii	"\000\211\026d\346\244\026\025\353\273;;\353'\027\225"
  69      E6A41615 
  69      EBBB3B3B 
  69      EB271795 
  70 0097 18EA2533 		.ascii	"\030\352%3\000\000\351N*\305"
  70      0000E94E 
  70      2AC5
  71              		.text
  72              		.section	.gnu.lto___init_ram_areas.11dc9af081ef9f4d,"",%progbits
  73 0000 789C8D54 		.ascii	"x\234\215T]HTA\024>g\346\336\273w\177lW\326 \241H$\350"
  73      5D485441 
  73      143E67E6 
  73      DEBB777F 
  73      6C57D620 
  74 0018 2172E949 		.ascii	"!r\351I\350!0\037z\362\241P\250\207\250m\213e\251\315"
  74      E821301F 
  74      7AF2A150 
  74      A887A86D 
ARM GAS  /tmp/ccugXKF7.s 			page 5


  74      8B65A9CD 
  75 002c 4557080A 		.ascii	"EW\010\012\234\325\015\242\244\266 \260\334@\021\351"
  75      9CD50DA2 
  75      A4B620B0 
  75      DC4011E9 
  76 003c 4F88E865 		.ascii	"O\210\350e\211\036V(T0\311G\243\300\222|\260 \304z("
  76      891E5628 
  76      5430C947 
  76      A3C0927C 
  76      B020C47A 
  77 0051 A2EDCC9D 		.ascii	"\242\355\314\235\271W\224\265\032\356\275g\346\3149"
  77      B95794B5 
  77      1AEEBD67 
  77      E6CC39
  78 0060 DF39E79B 		.ascii	"\3379\347\2339\227\001\203\215\243\237\336\263&\300"
  78      39970183 
  78      8DA39FDE 
  78      B326C0
  79 006f 41921802 		.ascii	"A\222\030\002d\205Y\200\234\315\220\253\011GSM\0145"
  79      64855980 
  79      9CCD90AB 
  79      0947534D 
  79      0C35
  80 0081 99B04D66 		.ascii	"\231\260Mf\014L\002\210\200\225\367\201\010YhK=\372"
  80      0C4C0288 
  80      8095F781 
  80      0859684B 
  80      3DFA
  81 0093 949CB06D 		.ascii	"\224\234\260m\346S\373~g\337\317\202j\031p\226A\005"
  81      E653FB7E 
  81      67DFCF82 
  81      6A197096 
  81      4105
  82 00a5 DC124094 		.ascii	"\334\022@\224\022\020z\0317L\313g\373\203\001\354=\206"
  82      12107A19 
  82      374CCB67 
  82      FB8301EC 
  82      3D86
  83 00b7 3229DE08 		.ascii	"2)\336\010#B\334Zx\365q\216\337\021\345\374\260\370"
  83      2342DC5A 
  83      78F5718E 
  83      DF11E5FC 
  83      B0F8
  84 00c9 55A920A6 		.ascii	"U\251 \246\220\012\330\217\220@8J\013lp\0043\326W\244"
  84      900AD88F 
  84      9040384A 
  84      0B6C7004 
  84      33D657A4 
  85 00dd 7CCB43B3 		.ascii	"|\313C\2637\352\305p_A\374&\327\024r\006\007\376\323"
  85      37EAC570 
  85      5F41FC26 
  85      D7147206 
  85      07FED3
  86 00f0 B3381B2A 		.ascii	"\2638\033*\344\256\210J\245\327qk\371\227\333\023V^"
  86      E4AE884A 
  86      A5D7716B 
  86      F997DB13 
ARM GAS  /tmp/ccugXKF7.s 			page 6


  86      565E
  87 0102 A8540656 		.ascii	"\250T\006V\276}(at+B\034G\260\2212\215\343(INr\214\244"
  87      BE7D2861 
  87      742B421C 
  87      47B09132 
  87      8DE32849 
  88 011a A1A5AD65 		.ascii	"\241\245\255e@\357\007\365:\004\024\255\206>FXk\"\332"
  88      40EF07F5 
  88      3A0414AD 
  88      863E4658 
  88      6B22DA
  89 012d A256EE44 		.ascii	"\242V\356D\265\262N\303\3230!/D\241\301]'\034\352\332"
  89      B5B24EC3 
  89      D330212F 
  89      44A1C15D 
  89      271CEADA 
  90 0141 E93B07D0 		.ascii	"\351;\007\320\201\214\004\237\206\276\205\253\223[\342"
  90      818C049F 
  90      86BE85AB 
  90      935BE2
  91 0150 781F4DED 		.ascii	"x\037M\355x\021~\212A!nR!f\032\327\252\350@\016y\237"
  91      78117E8A 
  91      41216E52 
  91      21661AD7 
  91      AAE8400E 
  92 0166 F4B0419B 		.ascii	"\364\260A\233&\221\366_C\337\333\322\342\017\364\242"
  92      2691F65F 
  92      43DFDBD2 
  92      E20FF4A2 
  93 0176 C994542E 		.ascii	"\311\224T.\322N\002\323Hb`\017<\022\005!N\244\320\032"
  93      D24E02D3 
  93      4862600F 
  93      3C120521 
  93      4EA4D01A 
  94 018a 82BB04EF 		.ascii	"\202\273\004\357#\177\311\227\302?\345\305\242\020\345"
  94      237FC997 
  94      C23FE5C5 
  94      A210E5
  95 0199 9D717CE8 		.ascii	"\235q|\350\2444\352\304\011\2508S\213\250\364I\014j"
  95      A434EAC4 
  95      09A83853 
  95      8BA8F449 
  95      0C6A
  96 01ab B8E39BC2 		.ascii	"\270\343\233\302a5\2701\007.(\365\363\200\252\326\362"
  96      6135B831 
  96      072E28F5 
  96      F380AAD6 
  96      F2
  97 01bc EDEBBBBC 		.ascii	"\355\353\273\274b\331\003\302\251\013\316|?)K6\200\356"
  97      62D903C2 
  97      A90BCE7C 
  97      3F294B36 
  97      80EE
  98 01ce 26A7D0CF 		.ascii	"&\247\320\317/\177.nwc\327\250\200v\022\231\014\310"
  98      2F7F2E6E 
  98      7763D7A8 
  98      80761299 
ARM GAS  /tmp/ccugXKF7.s 			page 7


  98      0CC8
  99 01e0 7520329B 		.ascii	"u 2\233~c)#\262\310\011!\302\216\025_\263\"gi\330\177"
  99      7E632923 
  99      B2C80921 
  99      C28E155F 
  99      B3226769 
 100 01f6 ADFF6B71 		.ascii	"\255\377kq\233\213\027\326&\316\305\231\006\266>\331"
 100      9B8B17D6 
 100      26CEC599 
 100      06B63ED9 
 101 0206 B076582D 		.ascii	"\260vX-\326\273\016\021\035y\243\203\"+\342\036\230"
 101      D6BB0E11 
 101      1D79A383 
 101      222BE21E 
 101      98
 102 0217 09D442DE 		.ascii	"\011\324B\336\211)4\356\020\342(\2245\323G\2704\317"
 102      892934EE 
 102      10E22894 
 102      35D347B8 
 102      34CF
 103 0229 5CF890E4 		.ascii	"\\\370\220\3446\262)\261\356Ob\012^.\345\232=\247\244"
 103      36B229B1 
 103      EE4F620A 
 103      5E2EE59A 
 103      3DA7A4
 104 023c 470451CB 		.ascii	"G\004Q\313\350\314\370\273\225K\224\2151\263zz\0368"
 104      E8CCF8BB 
 104      954B948D 
 104      31B37A7A 
 104      1E38
 105 024e B1CEBF48 		.ascii	"\261\316\277HE\330x\261\352\220k\311\373$\215%E&J\225"
 105      45D878B1 
 105      EA906BC9 
 105      FB248D25 
 105      45264A95 
 106 0262 CFE5BB54 		.ascii	"\317\345\273TZ\236\303*T\032kT\312\231\255x'v\036\337"
 106      5A9EC32A 
 106      541A6B54 
 106      CA99AD78 
 106      27761EDF 
 107 0276 F3E88C6A 		.ascii	"\363\350\214j\263\352tF]vl\311\016\256g\307Pd\014.\257"
 107      B3EA7446 
 107      5D766CC9 
 107      0EAE67C7 
 107      50640C2E 
 108 028b 9151FB77 		.ascii	"\221Q\373w2xU2j\035(\227\014#\211\266\205\024\3327\256"
 108      32785532 
 108      6A1D2897 
 108      0C2389B6 
 108      8514DA37 
 109 02a0 AE955F56 		.ascii	"\256\225_V\356\244\375t\207\353R\247\201Yd}\326\252"
 109      EEA4FD74 
 109      87EB52A7 
 109      8159647D 
 109      D6AA
 110 02b2 D1EA9C08 		.ascii	"\321\352\234\010\237&\336\317\242\352)R\351N=L\311\354"
 110      9F26DECF 
ARM GAS  /tmp/ccugXKF7.s 			page 8


 110      A2EA2952 
 110      E94E3D4C 
 110      C9EC
 111 02c4 8571D90C 		.ascii	"\205q\331\014=\224_Z\375\213\3746T\033\355t\367\237"
 111      3D945F5A 
 111      FD8BFC36 
 111      541BED74 
 111      F79F
 112 02d6 59D8411D 		.ascii	"Y\330A\035E\355?\007\271\205\322n\257I\265\005\322\226"
 112      45ED3F07 
 112      B985D26E 
 112      AF49B505 
 112      D296
 113 02e8 3CE3E6A6 		.ascii	"<\343\346\246\246\230z:\273c\211\316t\272\363|\254;"
 113      A6987A3A 
 113      BB6389CE 
 113      74BAF37C 
 113      AC3B
 114 02fa 1BEFCAF6 		.ascii	"\033\357\312\366db-G\332Z\333.Hm&u\356LWw\354Pkk,\321"
 114      64622D47 
 114      DA5ADB2E 
 114      486D2675 
 114      EE4C5777 
 115 0314 95DDD794 		.ascii	"\225\335\327\224\000\336\025\317\260l\0063\177\000T"
 115      00DE15CF 
 115      B06C0633 
 115      7F0054
 116 0323 E65540   		.ascii	"\346U@"
 117              		.text
 118              		.section	.gnu.lto_.symbol_nodes.11dc9af081ef9f4d,"",%progbits
 119 0000 789C4DC9 		.ascii	"x\234M\311E\016\002a\020\204\321\232\177fpw\207\340"
 119      450E0261 
 119      1084D19A 
 119      7F667077 
 119      87E0
 120 0012 EEAE5B6E 		.ascii	"\356\256[n\325[\226\234\200\263\340\3548\023T\010\201"
 120      D55B969C 
 120      80B3E0EC 
 120      38135408 
 120      81
 121 0023 5EBC2F95 		.ascii	"^\274/\225VP\010k\370\234*\010\260\177\002\"\207\235"
 121      5650086B 
 121      F89C2A08 
 121      B07F0222 
 121      879D
 122 0035 A68AA2FD 		.ascii	"\246\212\242\375\255\222\250\277U\026\375\273\266\252"
 122      AD92A8BF 
 122      5516FDBB 
 122      B6AA
 123 0043 22C6EF65 		.ascii	"\"\306\357e\346a\210nV5\010\314\232\242u\2356\014\332"
 123      E661886E 
 123      563508CC 
 123      9AA2759D 
 123      360CDA
 124 0056 3469CB42 		.ascii	"4i\313B\333V\332\261\321\256\235\366\034\264\357\244"
 124      DB56DAB1 
 124      D1AE9DF6 
ARM GAS  /tmp/ccugXKF7.s 			page 9


 124      1CB4EFA4 
 125 0066 03171DBA 		.ascii	"\003\027\035\272\351\310C\307^:\361\321\251\237\316"
 125      E9C843C7 
 125      5E3AF1D1 
 125      A99FCE
 126 0075 02741EA4 		.ascii	"\002t\036\244\213\020]\206\351*B\327Q\272\211\321#\342"
 126      8B105D86 
 126      E92A42D7 
 126      51BA89D1 
 126      23E2
 127 0087 CC0909E6 		.ascii	"\314\011\011\346\214$sA\212\271\"\315\334\220a\356\310"
 127      8C247341 
 127      8AB922CD 
 127      DC9061EE 
 127      C8
 128 0098 320FE4DE 		.ascii	"2\017\344\336\301\013^\3072\336"
 128      C10B5EC7 
 128      32DE
 129              		.text
 130              		.section	.gnu.lto_.refs.11dc9af081ef9f4d,"",%progbits
 131 0000 789C25C1 		.ascii	"x\234%\301[\026BP\000\000\300{\346\270Ry\246\007J\221"
 131      5B164250 
 131      0000C07B 
 131      E6B85279 
 131      A6074A91 
 132 0014 2CA6FD6F 		.ascii	",\246\375o\310\207\031A\370\207\235D\024\247(u\2209"
 132      C8871941 
 132      F8879D44 
 132      14A72875 
 132      9039
 133 0026 3A39CB15 		.ascii	":9\313\025J\225Z\343\242uus\367\320\351\015\236^Fo\037"
 133      4A955AE3 
 133      A2757573 
 133      F7D0E90D 
 133      9E5E466F 
 134 003b 93D9D7E2 		.ascii	"\223\331\327\342g\015\033s\304\003w"
 134      670D1B73 
 134      C40377
 135              		.text
 136              		.section	.gnu.lto_.decls.11dc9af081ef9f4d,"",%progbits
 137 0000 789C9558 		.ascii	"x\234\225Xml\024E\030\236\331+m\257=\012\242b0\020\256"
 137      6D6C1445 
 137      189ED92B 
 137      6DAF3D0A 
 137      A2623010 
 138 0015 2A9A10E9 		.ascii	"*\232\020\351\321\357\304\010j\372\003\377\340\017\022"
 138      D1EFC408 
 138      6AFA03FF 
 138      E00F12
 139 0024 12FF6DD6 		.ascii	"\022\377m\326c\015\027\256Wr\335\006\320?\313\207\205"
 139      630D17AE 
 139      5772DD06 
 139      D03FCB87 
 139      85
 140 0035 60342DA1 		.ascii	"`4-\241)\246\001[\005Rb\325~\204\326\012\265\333F\240"
 140      29A6015B 
 140      055262D5 
ARM GAS  /tmp/ccugXKF7.s 			page 10


 140      7E84D60A 
 140      B5DB46A0 
 141 0049 D86090A6 		.ascii	"\330`\220\246\032,\352%\032\015F#\006\002\001\225\363"
 141      1A2CEA25 
 141      1A0D4623 
 141      06020195 
 141      F3
 142 005a DD8FFB98 		.ascii	"\335\217\373\230\367fn\350\344\236\333\331\335\367y"
 142      F7666EE8 
 142      E49EDBD9 
 142      DDF779
 143 0069 9F9979E6 		.ascii	"\237\231y\346\235\246\247\020\205\364QB\222\320\216"
 143      9DA6A710 
 143      85F45142 
 143      92D08E
 144 0078 3D42C87A 		.ascii	"=B\310z\037!\205\004\256$\323\026\000z\000\275\200>"
 144      1F218504 
 144      AE24D316 
 144      007A00BD 
 144      803E
 145 008a 403F6018 		.ascii	"@?`\030P\016\030\005|\013\270\012\270\006\370\011\360"
 145      500E1805 
 145      7C0BB80A 
 145      B806F809 
 145      F0
 146 009b 33E057C0 		.ascii	"3\340W\300u\300\037\200\033\200\233\200\333\200\273"
 146      75C01F80 
 146      1B809B80 
 146      DB80BB
 147 00aa 80FFECA4 		.ascii	"\200\377\354\244\240\351\003\024\002J\000\013\001\213"
 147      A0E90314 
 147      024A000B 
 147      018B
 148 00b8 010F031E 		.ascii	"\001\017\003\036\003<\016X\001\010\002\236\002<\003"
 148      033C0E58 
 148      0108029E 
 148      023C03
 149 00c7 580D5803 		.ascii	"X\015X\003\250\004\324\000\352\001\317Q\302\264\236"
 149      A804D400 
 149      EA01CF51 
 149      C2B49E
 150 00d6 AC3E45F7 		.ascii	"\254>E\367\251\326\213bz91}(\246\217\023\323\217b\372"
 150      A9D68B62 
 150      7A39317D 
 150      28A68F13 
 150      D38F62FA 
 151 00ea 3931F63A 		.ascii	"91\366:\225\000\236\207\2002\270\006\000\023\200\"\300"
 151      95009E87 
 151      8032B806 
 151      00138022 
 151      C0
 152 00fb 3A78B61E 		.ascii	":x\266\036p\006\372\223\200\002\017\026\340\"`\032p"
 152      7006FA93 
 152      80020F16 
 152      E022601A 
 152      70
 153 010c C9CB3DEC 		.ascii	"\311\313=\354]GQ\376\225\344\230\331m%\336:9\260\314"
ARM GAS  /tmp/ccugXKF7.s 			page 11


 153      5D4751FE 
 153      95E498D9 
 153      6D25DE3A 
 153      39B0CC
 154 011f ECDE3391 		.ascii	"\354\3363\221L\276@\226\222\016\023Zw\253iRC\243\353"
 154      4CBE4096 
 154      920E135A 
 154      77AB6952 
 154      43A3EB
 155 0132 1F25AF52 		.ascii	"\037%\257R\215\226\371I\320\351\004\374\216\010!\032"
 155      8D96F949 
 155      D0E904FC 
 155      8E08211A 
 156 0142 FD802EF5 		.ascii	"\375\200.\365z\233}n:\305^\320\325\344\024\360\333L"
 156      7A9B7D6E 
 156      3AC55ED0 
 156      D5E414F0 
 156      DB4C
 157 0154 73F249B4 		.ascii	"s\362I\264\272\320|\020\003\237\215\3517O\223\023\266"
 157      BAD07C10 
 157      039F8DE9 
 157      374F9313 
 157      B6
 158 0165 9CD96BFA 		.ascii	"\234\331k\372\0341;]\017]\231\315\321\350\207T\311\035"
 158      1C313B5D 
 158      0F5D99CD 
 158      D1E88754 
 158      C91D
 159 0177 B575FBAB 		.ascii	"\265u\373\253@\333D\"\231\\\351\016E!\233(\304\036\247"
 159      40DB4422 
 159      995CE90E 
 159      45219B28 
 159      C41EA7
 160 018a AB334A1A 		.ascii	"\2533J\032=\231\241\362\244z\261\324)\256\324\3404\222"
 160      3D99A1F2 
 160      A47AB1D4 
 160      29AED4E0 
 160      3492
 161 019c 52E72FD5 		.ascii	"R\347/\325\207\245>\346HMX\327\260\3246\241\224\267"
 161      87A53EE6 
 161      484D58D7 
 161      B0D436A1 
 161      94B7
 162 01ae 986F642F 		.ascii	"\230od/3O\271\037+\017p\224\023V\333\327\201\266\335"
 162      334FB91F 
 162      2B0F7094 
 162      1356DBD7 
 162      81B6DD
 163 01c1 D9CA7B69 		.ascii	"\331\312{i\266\264(\3730\316>\302f\177\202\364\230\227"
 163      B6B428FB 
 163      30CE3EC2 
 163      667F82F4 
 163      9897
 164 01d3 2F5B775B 		.ascii	"/[w[\337\247\260\307L\363~2I\037\"mv\232\340T\331\022"
 164      DFA7B0C7 
 164      4CF37E32 
 164      491F226D 
ARM GAS  /tmp/ccugXKF7.s 			page 12


 164      769AE054 
 165 01e9 D2EE6C37 		.ascii	"\322\356l7\330mS\260\303\275\275f\322\324f[\014\031"
 165      D86D53B0 
 165      C3BDBD66 
 165      D2D4665B 
 165      0C19
 166 01fb 5691E3B0 		.ascii	"V\221\343\260\241\254\233\013\025/:(\014\325\350Y\272"
 166      A1AC9B0B 
 166      152F3A28 
 166      0CD5E859 
 166      BA
 167 020c 8A48C3EC 		.ascii	"\212H\303\354\300/\350\022ovN~\323\272\252\007\335\247"
 167      C02FE812 
 167      6F764E7E 
 167      D3BAAA07 
 167      DDA7
 168 021e 04CD3AAB 		.ascii	"\004\315:\253\225\023\030\351\036k\356\372Ej\036\012"
 168      951318E9 
 168      1E6BEEFA 
 168      456A1E0A 
 169 022e 94928370 		.ascii	"\224\222\203pg\327\312\313S\240q sC\270U\343N$q\365"
 169      67D7CACB 
 169      53A07120 
 169      7343B855 
 169      E34E2471 
 170 0243 E0B9090A 		.ascii	"\340\271\011\012+\001/&\251\037\026z\020-\364\203\247"
 170      2B012F26 
 170      A91F167A 
 170      102DF483 
 170      A7
 171 0254 BA33FD65 		.ascii	"\2723\375e;\335\353\244:\347\244\272\216Ri\264\310\317"
 171      3BDDEBA4 
 171      3AE7A4BA 
 171      8E5269B4 
 171      C8CF
 172 0266 DA03F7A9 		.ascii	"\332\003\367\251\000;\237\363\332\353\330\307\370\""
 172      003B9FF3 
 172      DAEBD8C7 
 172      F822
 173 0274 32DF70D1 		.ascii	"2\337p\321\3710AKSi\024r\313\031\227\275\272\274p\257"
 173      F930414B 
 173      53691472 
 173      CB1997BD 
 173      BABC70AF 
 174 0288 EB362F80 		.ascii	"\3536/\200Y\361\304\271\256\243pDMR7-\354Me\276\371"
 174      59F1C4B9 
 174      AEA37044 
 174      4D52372D 
 174      EC4D65BE 
 175 029d 828C833F 		.ascii	"\202\214\203?\352SkS\271\336y\220\\\305\302\261Y7\262"
 175      EA536B53 
 175      B9DE7990 
 175      5CC5C2B1 
 175      5937B2
 176 02b0 721D9977 		.ascii	"r\035\231w\256 \332b\356jkt\0346\262F-Z\016\337\027"
 176      AE20DA62 
 176      EE6A6B74 
ARM GAS  /tmp/ccugXKF7.s 			page 13


 176      1C36B246 
 176      2D5A0EDF 
 177 02c5 9DEF69E7 		.ascii	"\235\357i\347\373\022-\317\004+\344\204\202\015w\267"
 177      FB122DCF 
 177      042BE484 
 177      820D77B7 
 178 02d5 7056BECC 		.ascii	"pV\276\314N'\362\214\251z)N\015\326t\217\227L\311jt"
 178      4E27F28C 
 178      A97A294E 
 178      0DD6748F 
 178      974CC96A 
 179 02ea 2C33BD9C 		.ascii	",3\275\2348\215^\206\362\266\233\263\213Mo\027;!\242"
 179      388D5E86 
 179      F2B69BB3 
 179      8B4D6F17 
 179      3B21A2
 180 02fd 9DF20DF5 		.ascii	"\235\362\015\365\247\265\003\376L\247\210\231F*\012"
 180      A7B503FE 
 180      4CA78899 
 180      462A0A
 181 030c 267D3A3D 		.ascii	"&}:=i\3610\256x\307P\015\0312\017X\366\201\3659\014"
 181      69F130AE 
 181      78C7500D 
 181      19320F58 
 181      F681F539 
 182 0321 2C6DA0FB 		.ascii	",m\240\373\370E\215\236qV\307^\2257\311=\363\200i\375"
 182      F8458D9E 
 182      7156C75E 
 182      9537C93D 
 182      F38069FD 
 183 0335 D3AAB86E 		.ascii	"\323\252\270n\332'W\342\220\325~\376\3602\263\307;\271"
 183      DA2757E2 
 183      90D57EFE 
 183      F032B3C7 
 183      3BB9
 184 0347 52253B8E 		.ascii	"R%;\216G\2203\251\357\230c\320]\361\224\302\371\345"
 184      479033A9 
 184      EF9863D0 
 184      5DF194C2 
 184      F9E5
 185 0359 48E164AE 		.ascii	"H\341d\256\302\025\251\302\367Ha:[\341YV\241u8W!!U\370"
 185      C215A9C2 
 185      F748613A 
 185      5BE15956 
 185      A1753857 
 186 0371 01295CCA 		.ascii	"\001)\\\312^\245uH\341<}\317\234\334g\232\377\202DZ"
 186      5EA57548 
 186      E13C7DCF 
 186      9CDC679A 
 186      FF82445A 
 187 0385 E32FA946 		.ascii	"\343/\251F\202\375s\341\205\321<\006%\221A\235<\203"
 187      82FD73E1 
 187      85D13C06 
 187      2591419D 
 187      3C83
 188 0397 9252E15F 		.ascii	"\222R\341_\304\006%\221A\235<\203\016\371d\012\277\211"
 188      C4062591 
ARM GAS  /tmp/ccugXKF7.s 			page 14


 188      419D3C83 
 188      0EF9640A 
 188      BF89
 189 03a9 0D4A2283 		.ascii	"\015J\"\203:y\006uK\025~\027\033\224D\006u\362\015\372"
 189      3A790675 
 189      4B157E17 
 189      1B944406 
 189      75F20DFA 
 190 03bd 54AAF127 		.ascii	"T\252\361'\327 %\217A\035\373Y\203\216r+H*\374\267\330"
 190      D720258F 
 190      411DFB59 
 190      838E722B 
 190      482AFCB7 
 191 03d2 A08E0BCB 		.ascii	"\240\216\013\313\221\002\257\202\244\012\267\304\006"
 191      9102AF82 
 191      A40AB7C4 
 191      06
 192 03df 755C600D 		.ascii	"u\\`\015:\312\255 \251\302\035\261A\035\373\327!\005"
 192      3ACAAD20 
 192      A9C21DB1 
 192      411DFBD7 
 192      2105
 193 03f1 7E054935 		.ascii	"~\005I5\356q\015\362\3451\250\013\0314\304\255 \251"
 193      EE710DF2 
 193      E531A80B 
 193      1934C4AD 
 193      20A9
 194 0403 F07DB141 		.ascii	"\360}\261A]\310\240!n\005\025\310\024v+B\203\272\220"
 194      5DC8A021 
 194      6E0515C8 
 194      14762B42 
 194      83BA90
 195 0416 4143DC0A 		.ascii	"AC\334\012\222*\354S\204\006u!\203\206\004\025$\325"
 195      922AEC53 
 195      84067521 
 195      83860415 
 195      24D5
 196 0428 D8AFF00C 		.ascii	"\330\257\360\014*\310c\320\0002h\224[AR\341\267\025"
 196      2AC863D0 
 196      00326894 
 196      5B4152E1 
 196      B715
 197 043a A14103C8 		.ascii	"\241A\003\310\240Qn\005I\025\336\025\0334\200\014\032"
 197      A0516E05 
 197      4915DE15 
 197      1B34800C 
 197      1A
 198 044b E5569054 		.ascii	"\345V\220T\241]l\320\0002hTPAR\215\303\\\203\026\344"
 198      A15D6CD0 
 198      00326854 
 198      5041528D 
 198      C35C8316 
 199 0460 31680419 		.ascii	"1h\004\0314\316\255 \251\360\021\261A#\310\240qn\005"
 199      34CEAD20 
 199      A9F011B1 
 199      4123C8A0 
 199      716E05
ARM GAS  /tmp/ccugXKF7.s 			page 15


 200 0473 2D902974 		.ascii	"-\220)t\211\015\032A\006\215s+H\252pLl\320\0102h\\P"
 200      890D1A41 
 200      068D732B 
 200      48AA704C 
 200      6CD00832 
 201 048a 41528D1E 		.ascii	"AR\215\036\256A\205y\014\032C\006\315r+H*|Bl\320\030"
 201      AE418579 
 201      0C1A4306 
 201      CD722B48 
 201      2A7C426C 
 202 04a0 3268965B 		.ascii	"2h\226[AR\205^\261Ac\310\240Yn\005I\025>\022\0334\206"
 202      4152855E 
 202      B14163C8 
 202      A0596E05 
 202      49153E12 
 203 04b7 0C9A1554 		.ascii	"\014\232\025T\220T\343\023\256AEy\014\232A\006\315q"
 203      9054E313 
 203      AE414579 
 203      0C9A4106 
 203      CD71
 204 04c9 2B482A3C 		.ascii	"+H*<(6h\006\0314\307\255\240B\231\302i\261A3\310\240"
 204      28366806 
 204      1934C7AD 
 204      A04299C2 
 204      69B14133 
 205 04df 396E0549 		.ascii	"9n\005I\025>\023\0334\203\014\232\023T\220T\343\014"
 205      153E131B 
 205      34830C9A 
 205      13549054 
 205      E30C
 206 04f1 6B1021CC 		.ascii	"k\020!\314\217\027\256?\"\356Y\245T\300\312\372\227"
 206      8F17AE3F 
 206      22EE59A5 
 206      54C0CAFA 
 206      97
 207 0502 2A8735C6 		.ascii	"*\2075\306aY\016\313\036\363\003\374j@\352+*B\356\247"
 207      61590ECB 
 207      1EF303FC 
 207      6A40EA2B 
 207      2A42EEA7 
 208 0516 A939146E 		.ascii	"\2519\024njll\212\205\232\015-n\264l\017\275\264ic\303"
 208      6A6C6C8A 
 208      859A0D2D 
 208      6EB46C0F 
 208      BDB46963 
 209 052b C69DF6D3 		.ascii	"\306\235\366\323\355\221\250\036o\016mhh\010\205\343"
 209      ED91A81E 
 209      6F0E6D68 
 209      680885E3 
 210 053b 46654598 		.ascii	"FeE\230\224\252j\270)\256\253\221X\304(\334\360\312"
 210      94AA6AB8 
 210      29AEAB91 
 210      58C428DC 
 210      F0CA
 211 054d E6600329 		.ascii	"\346`\003)\330\241k\333\002\252\252k\361\350.\347\005"
 211      D8A16BDB 
 211      02AAAA6B 
ARM GAS  /tmp/ccugXKF7.s 			page 16


 211      F1E82EE7 
 211      05
 212 055e 044535C3 		.ascii	"\004E5\303\015*S\325-\372\353ZK\324P\365\235\021\243"
 212      0D2A53D5 
 212      2DFAEB5A 
 212      4BD450F5 
 212      9D11A3
 213 0571 38066CA3 		.ascii	"8\006l\243%\036[\254:\257\325\270\326\250jq]k^\021j"
 213      251E5BAC 
 213      3AAFD5B8 
 213      D6A86A71 
 213      5D6B5E11 
 214 0586 698E8722 		.ascii	"i\216\207\"\261p\264e\213\036\212\351;\242\221\327`"
 214      B170B465 
 214      8B1E8AE9 
 214      3BA291D7 
 214      60
 215 0597 485B2231 		.ascii	"H[\"1\243b+)n\201ku\225j\254\341\2055j\341\255\221\230"
 215      A3622B29 
 215      6E816B75 
 215      956AACE1 
 215      85356AE1 
 216 05ae 1E4A4B19 		.ascii	"\036JK\031\273\266\353\315@+Q\325\024\261\314\2213\364"
 216      BBB6EBCD 
 216      402B51D5 
 216      14B1CC91 
 216      33F4
 217 05c0 9D86A3E7 		.ascii	"\235\206\243\347wn\355^I8\012Cw\272\201X\223\232~\276"
 217      776EED5E 
 217      49380A43 
 217      77BA8158 
 217      939A7EBE 
 218 05d4 C81E5AFA 		.ascii	"\310\036Z\372N5\374\351\241.Q\355a\257U3\031\325\205"
 218      4E35FCE9 
 218      A12E51ED 
 218      61AF5533 
 218      19D585
 219 05e7 D98FD432 		.ascii	"\331\217\3242\357\316\315\254.\362ncM\356k\227_\231"
 219      EFCECDAC 
 219      2EF26E63 
 219      4DEE6B97 
 219      5F99
 220 05f9 CBAF64F8 		.ascii	"\313\257d\370\225,\277\022\361\253r\371U\014\277\212"
 220      952CBF12 
 220      F1AB72F9 
 220      550CBF8A 
 221 0609 E557217E 		.ascii	"\345W!~u.\277\232\341W\263\374j\304\257\311\345\327"
 221      752EBF9A 
 221      E157B3FC 
 221      6AC4AFC9 
 221      E5D7
 222 061b 30FC1A96 		.ascii	"0\374\032\226_\203\370\265\271\374Z\206_\313\362k\021"
 222      5F83F8B5 
 222      B9FC5A86 
 222      5FCBF26B 
 222      11
 223 062c BF2E975F 		.ascii	"\277.\227_\307\360\353X~\035\342\327\347\362\353\031"
ARM GAS  /tmp/ccugXKF7.s 			page 17


 223      C7F0EB58 
 223      7E1DE2D7 
 223      E7F2EB19 
 224 063c 7E3DCBAF 		.ascii	"~=\313\257O\363\377\007\270\323\002\351"
 224      4FF3FF07 
 224      B8D302E9 
 225              		.text
 226              		.section	.gnu.lto_.symtab.11dc9af081ef9f4d,"",%progbits
 227 0000 5F5F636F 		.ascii	"__core_init\000\000\001\000\000\000\000\000\000\000"
 227      72655F69 
 227      6E697400 
 227      00010000 
 227      00000000 
 228 0015 0000A100 		.ascii	"\000\000\241\000\000\000__early_init\000\000\001\000"
 228      00005F5F 
 228      6561726C 
 228      795F696E 
 228      69740000 
 229 002b 00000000 		.ascii	"\000\000\000\000\000\000\000\000\250\000\000\000__l"
 229      00000000 
 229      A8000000 
 229      5F5F6C
 230 003a 6174655F 		.ascii	"ate_init\000\000\001\000\000\000\000\000\000\000\000"
 230      696E6974 
 230      00000100 
 230      00000000 
 230      000000
 231 004d 00AC0000 		.ascii	"\000\254\000\000\000__default_exit\000\000\001\000\000"
 231      005F5F64 
 231      65666175 
 231      6C745F65 
 231      78697400 
 232 0065 00000000 		.ascii	"\000\000\000\000\000\000\000\260\000\000\000__init_"
 232      000000B0 
 232      0000005F 
 232      5F696E69 
 232      745F
 233 0077 72616D5F 		.ascii	"ram_areas\000\000\000\000\000\000\000\000\000\000\000"
 233      61726561 
 233      73000000 
 233      00000000 
 233      00000000 
 234 008b 00B60000 		.ascii	"\000\266\000\000\000__ram0_init_text__\000\000\002\000"
 234      005F5F72 
 234      616D305F 
 234      696E6974 
 234      5F746578 
 235 00a6 00000000 		.ascii	"\000\000\000\000\000\000\000\000\326\000\000\000__r"
 235      00000000 
 235      D6000000 
 235      5F5F72
 236 00b5 616D305F 		.ascii	"am0_init__\000\000\002\000\000\000\000\000\000\000\000"
 236      696E6974 
 236      5F5F0000 
 236      02000000 
 236      00000000 
 237 00ca 00D90000 		.ascii	"\000\331\000\000\000__ram0_clear__\000\000\002\000\000"
ARM GAS  /tmp/ccugXKF7.s 			page 18


 237      005F5F72 
 237      616D305F 
 237      636C6561 
 237      725F5F00 
 238 00e2 00000000 		.ascii	"\000\000\000\000\000\000\000\334\000\000\000__ram0_"
 238      000000DC 
 238      0000005F 
 238      5F72616D 
 238      305F
 239 00f4 6E6F696E 		.ascii	"noinit__\000\000\002\000\000\000\000\000\000\000\000"
 239      69745F5F 
 239      00000200 
 239      00000000 
 239      000000
 240 0107 00DF0000 		.ascii	"\000\337\000\000\000__ram1_init_text__\000\000\002\000"
 240      005F5F72 
 240      616D315F 
 240      696E6974 
 240      5F746578 
 241 0122 00000000 		.ascii	"\000\000\000\000\000\000\000\000\343\000\000\000__r"
 241      00000000 
 241      E3000000 
 241      5F5F72
 242 0131 616D315F 		.ascii	"am1_init__\000\000\002\000\000\000\000\000\000\000\000"
 242      696E6974 
 242      5F5F0000 
 242      02000000 
 242      00000000 
 243 0146 00E60000 		.ascii	"\000\346\000\000\000__ram1_clear__\000\000\002\000\000"
 243      005F5F72 
 243      616D315F 
 243      636C6561 
 243      725F5F00 
 244 015e 00000000 		.ascii	"\000\000\000\000\000\000\000\351\000\000\000__ram1_"
 244      000000E9 
 244      0000005F 
 244      5F72616D 
 244      315F
 245 0170 6E6F696E 		.ascii	"noinit__\000\000\002\000\000\000\000\000\000\000\000"
 245      69745F5F 
 245      00000200 
 245      00000000 
 245      000000
 246 0183 00EC0000 		.ascii	"\000\354\000\000\000__ram2_init_text__\000\000\002\000"
 246      005F5F72 
 246      616D325F 
 246      696E6974 
 246      5F746578 
 247 019e 00000000 		.ascii	"\000\000\000\000\000\000\000\000\360\000\000\000__r"
 247      00000000 
 247      F0000000 
 247      5F5F72
 248 01ad 616D325F 		.ascii	"am2_init__\000\000\002\000\000\000\000\000\000\000\000"
 248      696E6974 
 248      5F5F0000 
 248      02000000 
 248      00000000 
ARM GAS  /tmp/ccugXKF7.s 			page 19


 249 01c2 00F30000 		.ascii	"\000\363\000\000\000__ram2_clear__\000\000\002\000\000"
 249      005F5F72 
 249      616D325F 
 249      636C6561 
 249      725F5F00 
 250 01da 00000000 		.ascii	"\000\000\000\000\000\000\000\366\000\000\000__ram2_"
 250      000000F6 
 250      0000005F 
 250      5F72616D 
 250      325F
 251 01ec 6E6F696E 		.ascii	"noinit__\000\000\002\000\000\000\000\000\000\000\000"
 251      69745F5F 
 251      00000200 
 251      00000000 
 251      000000
 252 01ff 00F90000 		.ascii	"\000\371\000\000\000__ram3_init_text__\000\000\002\000"
 252      005F5F72 
 252      616D335F 
 252      696E6974 
 252      5F746578 
 253 021a 00000000 		.ascii	"\000\000\000\000\000\000\000\000\375\000\000\000__r"
 253      00000000 
 253      FD000000 
 253      5F5F72
 254 0229 616D335F 		.ascii	"am3_init__\000\000\002\000\000\000\000\000\000\000\000"
 254      696E6974 
 254      5F5F0000 
 254      02000000 
 254      00000000 
 255 023e 00000100 		.ascii	"\000\000\001\000\000__ram3_clear__\000\000\002\000\000"
 255      005F5F72 
 255      616D335F 
 255      636C6561 
 255      725F5F00 
 256 0256 00000000 		.ascii	"\000\000\000\000\000\000\000\003\001\000\000__ram3_"
 256      00000003 
 256      0100005F 
 256      5F72616D 
 256      335F
 257 0268 6E6F696E 		.ascii	"noinit__\000\000\002\000\000\000\000\000\000\000\000"
 257      69745F5F 
 257      00000200 
 257      00000000 
 257      000000
 258 027b 00060100 		.ascii	"\000\006\001\000\000__ram4_init_text__\000\000\002\000"
 258      005F5F72 
 258      616D345F 
 258      696E6974 
 258      5F746578 
 259 0296 00000000 		.ascii	"\000\000\000\000\000\000\000\000\012\001\000\000__r"
 259      00000000 
 259      0A010000 
 259      5F5F72
 260 02a5 616D345F 		.ascii	"am4_init__\000\000\002\000\000\000\000\000\000\000\000"
 260      696E6974 
 260      5F5F0000 
 260      02000000 
ARM GAS  /tmp/ccugXKF7.s 			page 20


 260      00000000 
 261 02ba 000D0100 		.ascii	"\000\015\001\000\000__ram4_clear__\000\000\002\000\000"
 261      005F5F72 
 261      616D345F 
 261      636C6561 
 261      725F5F00 
 262 02d2 00000000 		.ascii	"\000\000\000\000\000\000\000\020\001\000\000__ram4_"
 262      00000010 
 262      0100005F 
 262      5F72616D 
 262      345F
 263 02e4 6E6F696E 		.ascii	"noinit__\000\000\002\000\000\000\000\000\000\000\000"
 263      69745F5F 
 263      00000200 
 263      00000000 
 263      000000
 264 02f7 00130100 		.ascii	"\000\023\001\000\000__ram5_init_text__\000\000\002\000"
 264      005F5F72 
 264      616D355F 
 264      696E6974 
 264      5F746578 
 265 0312 00000000 		.ascii	"\000\000\000\000\000\000\000\000\027\001\000\000__r"
 265      00000000 
 265      17010000 
 265      5F5F72
 266 0321 616D355F 		.ascii	"am5_init__\000\000\002\000\000\000\000\000\000\000\000"
 266      696E6974 
 266      5F5F0000 
 266      02000000 
 266      00000000 
 267 0336 001A0100 		.ascii	"\000\032\001\000\000__ram5_clear__\000\000\002\000\000"
 267      005F5F72 
 267      616D355F 
 267      636C6561 
 267      725F5F00 
 268 034e 00000000 		.ascii	"\000\000\000\000\000\000\000\035\001\000\000__ram5_"
 268      0000001D 
 268      0100005F 
 268      5F72616D 
 268      355F
 269 0360 6E6F696E 		.ascii	"noinit__\000\000\002\000\000\000\000\000\000\000\000"
 269      69745F5F 
 269      00000200 
 269      00000000 
 269      000000
 270 0373 00200100 		.ascii	"\000 \001\000\000__ram6_init_text__\000\000\002\000"
 270      005F5F72 
 270      616D365F 
 270      696E6974 
 270      5F746578 
 271 038e 00000000 		.ascii	"\000\000\000\000\000\000\000\000$\001\000\000__ram6"
 271      00000000 
 271      24010000 
 271      5F5F7261 
 271      6D36
 272 03a0 5F696E69 		.ascii	"_init__\000\000\002\000\000\000\000\000\000\000\000"
 272      745F5F00 
ARM GAS  /tmp/ccugXKF7.s 			page 21


 272      00020000 
 272      00000000 
 272      0000
 273 03b2 00270100 		.ascii	"\000'\001\000\000__ram6_clear__\000\000\002\000\000"
 273      005F5F72 
 273      616D365F 
 273      636C6561 
 273      725F5F00 
 274 03ca 00000000 		.ascii	"\000\000\000\000\000\000\000*\001\000\000__ram6_noi"
 274      0000002A 
 274      0100005F 
 274      5F72616D 
 274      365F6E6F 
 275 03df 6E69745F 		.ascii	"nit__\000\000\002\000\000\000\000\000\000\000\000\000"
 275      5F000002 
 275      00000000 
 275      00000000 
 275      00
 276 03f0 2D010000 		.ascii	"-\001\000\000__ra"
 276      5F5F7261 
 277 03f8 6D375F69 		.ascii	"m7_init_text__\000\000\002\000\000\000\000\000\000\000"
 277      6E69745F 
 277      74657874 
 277      5F5F0000 
 277      02000000 
 278 0410 00003101 		.ascii	"\000\0001\001\000\000__ram7_init__\000\000\002\000\000"
 278      00005F5F 
 278      72616D37 
 278      5F696E69 
 278      745F5F00 
 279 0428 00000000 		.ascii	"\000\000\000\000\000\000\0004\001\000\000__ram7_cle"
 279      00000034 
 279      0100005F 
 279      5F72616D 
 279      375F636C 
 280 043d 61725F5F 		.ascii	"ar__\000\000\002\000\000\000\000\000\000\000\000\000"
 280      00000200 
 280      00000000 
 280      00000000 
 281 044d 37010000 		.ascii	"7\001\000\000__ram7_noinit__\000\000\002\000\000\000"
 281      5F5F7261 
 281      6D375F6E 
 281      6F696E69 
 281      745F5F00 
 282 0466 00000000 		.ascii	"\000\000\000\000\000\000:\001\000\000"
 282      00003A01 
 282      0000
 283              		.text
 284              		.section	.gnu.lto_.opts,"",%progbits
 285 0000 272D6D63 		.ascii	"'-mcpu=cortex-m0' '-mno-thumb-interwork' '-mthumb' "
 285      70753D63 
 285      6F727465 
 285      782D6D30 
 285      2720272D 
 286 0033 272D6767 		.ascii	"'-ggdb' '-O2' '-fomit-frame-pointer' '-falign-funct"
 286      64622720 
 286      272D4F32 
ARM GAS  /tmp/ccugXKF7.s 			page 22


 286      2720272D 
 286      666F6D69 
 287 0066 696F6E73 		.ascii	"ions=16' '-ffunction-sections' '-fdata-sections' '-"
 287      3D313627 
 287      20272D66 
 287      66756E63 
 287      74696F6E 
 288 0099 666E6F2D 		.ascii	"fno-common' '-flto'\000"
 288      636F6D6D 
 288      6F6E2720 
 288      272D666C 
 288      746F2700 
 289              		.text
 290              		.cfi_sections	.debug_frame
 291              		.section	.text.__core_init,"ax",%progbits
 292              		.align	2
 293              		.p2align 4,,15
 294              		.weak	__core_init
 295              		.code	16
 296              		.thumb_func
 297              		.type	__core_init, %function
 298              	__core_init:
 299              	.LFB34:
 300              		.file 1 "../../../os/common/startup/ARMCMx/compilers/GCC/crt1.c"
 301              		.loc 1 136 0
 302              		.cfi_startproc
 303              		.loc 1 142 0
 304              		@ sp needed
 305 0000 7047     		bx	lr
 306              		.cfi_endproc
 307              	.LFE34:
 308              		.size	__core_init, .-__core_init
 309 0002 C046C046 		.section	.text.__early_init,"ax",%progbits
 309      C046C046 
 309      C046C046 
 309      C046
 310              		.align	2
 311              		.p2align 4,,15
 312              		.weak	__early_init
 313              		.code	16
 314              		.thumb_func
 315              		.type	__early_init, %function
 316              	__early_init:
 317              	.LFB35:
 318              		.loc 1 155 0
 319              		.cfi_startproc
 320              		.loc 1 155 0
 321              		@ sp needed
 322 0000 7047     		bx	lr
 323              		.cfi_endproc
 324              	.LFE35:
 325              		.size	__early_init, .-__early_init
 326 0002 C046C046 		.section	.text.__late_init,"ax",%progbits
 326      C046C046 
 326      C046C046 
 326      C046
 327              		.align	2
ARM GAS  /tmp/ccugXKF7.s 			page 23


 328              		.p2align 4,,15
 329              		.weak	__late_init
 330              		.code	16
 331              		.thumb_func
 332              		.type	__late_init, %function
 333              	__late_init:
 334              	.LFB36:
 335              		.loc 1 169 0
 336              		.cfi_startproc
 337              		.loc 1 169 0
 338              		@ sp needed
 339 0000 7047     		bx	lr
 340              		.cfi_endproc
 341              	.LFE36:
 342              		.size	__late_init, .-__late_init
 343 0002 C046C046 		.section	.text.__default_exit,"ax",%progbits
 343      C046C046 
 343      C046C046 
 343      C046
 344              		.align	2
 345              		.p2align 4,,15
 346              		.weak	__default_exit
 347              		.code	16
 348              		.thumb_func
 349              		.type	__default_exit, %function
 350              	__default_exit:
 351              	.LFB37:
 352              		.loc 1 182 0
 353              		.cfi_startproc
 354              	.L5:
 355 0000 FEE7     		b	.L5
 356              		.cfi_endproc
 357              	.LFE37:
 358              		.size	__default_exit, .-__default_exit
 359 0002 C046C046 		.section	.text.__init_ram_areas,"ax",%progbits
 359      C046C046 
 359      C046C046 
 359      C046
 360              		.align	2
 361              		.p2align 4,,15
 362              		.global	__init_ram_areas
 363              		.code	16
 364              		.thumb_func
 365              		.type	__init_ram_areas, %function
 366              	__init_ram_areas:
 367              	.LFB38:
 368              		.loc 1 192 0
 369              		.cfi_startproc
 370              	.LVL0:
 371              		.loc 1 192 0
 372 0000 F0B5     		push	{r4, r5, r6, r7, lr}
 373              		.cfi_def_cfa_offset 20
 374              		.cfi_offset 4, -20
 375              		.cfi_offset 5, -16
 376              		.cfi_offset 6, -12
 377              		.cfi_offset 7, -8
 378              		.cfi_offset 14, -4
ARM GAS  /tmp/ccugXKF7.s 			page 24


 379              		.loc 1 194 0
 380 0002 0F4E     		ldr	r6, .L19
 381              	.LBB2:
 382              		.loc 1 209 0
 383 0004 0025     		mov	r5, #0
 384              	.LBE2:
 385              		.loc 1 214 0
 386 0006 371C     		mov	r7, r6
 387 0008 8037     		add	r7, r7, #128
 388              	.LVL1:
 389              	.L15:
 390              	.LBB3:
 391              		.loc 1 198 0
 392 000a 7368     		ldr	r3, [r6, #4]
 393              		.loc 1 201 0
 394 000c B468     		ldr	r4, [r6, #8]
 395              		.loc 1 197 0
 396 000e 3168     		ldr	r1, [r6]
 397              	.LVL2:
 398              		.loc 1 201 0
 399 0010 A342     		cmp	r3, r4
 400 0012 0AD2     		bcs	.L7
 401 0014 1A1C     		mov	r2, r3
 402              	.LVL3:
 403              	.L9:
 404              		.loc 1 202 0
 405 0016 01C9     		ldmia	r1!, {r0}
 406              	.LVL4:
 407 0018 01C2     		stmia	r2!, {r0}
 408              	.LVL5:
 409              		.loc 1 201 0
 410 001a A242     		cmp	r2, r4
 411 001c FBD3     		bcc	.L9
 412 001e DA43     		mvn	r2, r3
 413              	.LVL6:
 414 0020 1219     		add	r2, r2, r4
 415 0022 9208     		lsr	r2, r2, #2
 416 0024 0132     		add	r2, r2, #1
 417 0026 9200     		lsl	r2, r2, #2
 418 0028 9B18     		add	r3, r3, r2
 419              	.L7:
 420              	.LVL7:
 421              		.loc 1 208 0 discriminator 1
 422 002a F268     		ldr	r2, [r6, #12]
 423 002c 9342     		cmp	r3, r2
 424 002e 02D2     		bcs	.L13
 425              	.L16:
 426              		.loc 1 209 0
 427 0030 20C3     		stmia	r3!, {r5}
 428              	.LVL8:
 429              		.loc 1 208 0
 430 0032 9342     		cmp	r3, r2
 431 0034 FCD3     		bcc	.L16
 432              	.L13:
 433              		.loc 1 212 0
 434 0036 1036     		add	r6, r6, #16
 435              	.LVL9:
ARM GAS  /tmp/ccugXKF7.s 			page 25


 436              	.LBE3:
 437              		.loc 1 214 0
 438 0038 BE42     		cmp	r6, r7
 439 003a E6D3     		bcc	.L15
 440              		.loc 1 216 0
 441              		@ sp needed
 442              	.LVL10:
 443 003c F0BD     		pop	{r4, r5, r6, r7, pc}
 444              	.L20:
 445 003e C046     		.align	2
 446              	.L19:
 447 0040 00000000 		.word	.LANCHOR0
 448              		.cfi_endproc
 449              	.LFE38:
 450              		.size	__init_ram_areas, .-__init_ram_areas
 451 0044 C046C046 		.section	.rodata.ram_areas,"a",%progbits
 451      C046C046 
 451      C046C046 
 452              		.align	2
 453              		.set	.LANCHOR0,. + 0
 454              		.type	ram_areas, %object
 455              		.size	ram_areas, 128
 456              	ram_areas:
 457 0000 00000000 		.word	__ram0_init_text__
 458 0004 00000000 		.word	__ram0_init__
 459 0008 00000000 		.word	__ram0_clear__
 460 000c 00000000 		.word	__ram0_noinit__
 461 0010 00000000 		.word	__ram1_init_text__
 462 0014 00000000 		.word	__ram1_init__
 463 0018 00000000 		.word	__ram1_clear__
 464 001c 00000000 		.word	__ram1_noinit__
 465 0020 00000000 		.word	__ram2_init_text__
 466 0024 00000000 		.word	__ram2_init__
 467 0028 00000000 		.word	__ram2_clear__
 468 002c 00000000 		.word	__ram2_noinit__
 469 0030 00000000 		.word	__ram3_init_text__
 470 0034 00000000 		.word	__ram3_init__
 471 0038 00000000 		.word	__ram3_clear__
 472 003c 00000000 		.word	__ram3_noinit__
 473 0040 00000000 		.word	__ram4_init_text__
 474 0044 00000000 		.word	__ram4_init__
 475 0048 00000000 		.word	__ram4_clear__
 476 004c 00000000 		.word	__ram4_noinit__
 477 0050 00000000 		.word	__ram5_init_text__
 478 0054 00000000 		.word	__ram5_init__
 479 0058 00000000 		.word	__ram5_clear__
 480 005c 00000000 		.word	__ram5_noinit__
 481 0060 00000000 		.word	__ram6_init_text__
 482 0064 00000000 		.word	__ram6_init__
 483 0068 00000000 		.word	__ram6_clear__
 484 006c 00000000 		.word	__ram6_noinit__
 485 0070 00000000 		.word	__ram7_init_text__
 486 0074 00000000 		.word	__ram7_init__
 487 0078 00000000 		.word	__ram7_clear__
 488 007c 00000000 		.word	__ram7_noinit__
 489              		.text
 490              	.Letext0:
ARM GAS  /tmp/ccugXKF7.s 			page 26


 491              		.file 2 "/usr/include/newlib/machine/_default_types.h"
 492              		.file 3 "/usr/include/newlib/stdint.h"
 493              		.section	.debug_info,"",%progbits
 494              	.Ldebug_info0:
 495 0000 EA020000 		.4byte	0x2ea
 496 0004 0400     		.2byte	0x4
 497 0006 00000000 		.4byte	.Ldebug_abbrev0
 498 000a 04       		.byte	0x4
 499 000b 01       		.uleb128 0x1
 500 000c 95030000 		.4byte	.LASF54
 501 0010 01       		.byte	0x1
 502 0011 6C020000 		.4byte	.LASF55
 503 0015 F3020000 		.4byte	.LASF56
 504 0019 18000000 		.4byte	.Ldebug_ranges0+0x18
 505 001d 00000000 		.4byte	0
 506 0021 00000000 		.4byte	.Ldebug_line0
 507 0025 02       		.uleb128 0x2
 508 0026 01       		.byte	0x1
 509 0027 06       		.byte	0x6
 510 0028 14010000 		.4byte	.LASF0
 511 002c 02       		.uleb128 0x2
 512 002d 01       		.byte	0x1
 513 002e 08       		.byte	0x8
 514 002f A6010000 		.4byte	.LASF1
 515 0033 02       		.uleb128 0x2
 516 0034 02       		.byte	0x2
 517 0035 05       		.byte	0x5
 518 0036 51030000 		.4byte	.LASF2
 519 003a 02       		.uleb128 0x2
 520 003b 02       		.byte	0x2
 521 003c 07       		.byte	0x7
 522 003d 92000000 		.4byte	.LASF3
 523 0041 02       		.uleb128 0x2
 524 0042 04       		.byte	0x4
 525 0043 05       		.byte	0x5
 526 0044 7C030000 		.4byte	.LASF4
 527 0048 03       		.uleb128 0x3
 528 0049 D6010000 		.4byte	.LASF9
 529 004d 02       		.byte	0x2
 530 004e 41       		.byte	0x41
 531 004f 53000000 		.4byte	0x53
 532 0053 02       		.uleb128 0x2
 533 0054 04       		.byte	0x4
 534 0055 07       		.byte	0x7
 535 0056 46010000 		.4byte	.LASF5
 536 005a 02       		.uleb128 0x2
 537 005b 08       		.byte	0x8
 538 005c 05       		.byte	0x5
 539 005d D5020000 		.4byte	.LASF6
 540 0061 02       		.uleb128 0x2
 541 0062 08       		.byte	0x8
 542 0063 07       		.byte	0x7
 543 0064 42020000 		.4byte	.LASF7
 544 0068 04       		.uleb128 0x4
 545 0069 04       		.byte	0x4
 546 006a 05       		.byte	0x5
 547 006b 696E7400 		.ascii	"int\000"
ARM GAS  /tmp/ccugXKF7.s 			page 27


 548 006f 02       		.uleb128 0x2
 549 0070 04       		.byte	0x4
 550 0071 07       		.byte	0x7
 551 0072 B4000000 		.4byte	.LASF8
 552 0076 03       		.uleb128 0x3
 553 0077 73030000 		.4byte	.LASF10
 554 007b 03       		.byte	0x3
 555 007c 42       		.byte	0x42
 556 007d 48000000 		.4byte	0x48
 557 0081 02       		.uleb128 0x2
 558 0082 04       		.byte	0x4
 559 0083 07       		.byte	0x7
 560 0084 BD020000 		.4byte	.LASF11
 561 0088 05       		.uleb128 0x5
 562 0089 10       		.byte	0x10
 563 008a 01       		.byte	0x1
 564 008b 34       		.byte	0x34
 565 008c C1000000 		.4byte	0xc1
 566 0090 06       		.uleb128 0x6
 567 0091 E2000000 		.4byte	.LASF12
 568 0095 01       		.byte	0x1
 569 0096 35       		.byte	0x35
 570 0097 C1000000 		.4byte	0xc1
 571 009b 00       		.byte	0
 572 009c 06       		.uleb128 0x6
 573 009d 5B030000 		.4byte	.LASF13
 574 00a1 01       		.byte	0x1
 575 00a2 36       		.byte	0x36
 576 00a3 C1000000 		.4byte	0xc1
 577 00a7 04       		.byte	0x4
 578 00a8 06       		.uleb128 0x6
 579 00a9 20010000 		.4byte	.LASF14
 580 00ad 01       		.byte	0x1
 581 00ae 37       		.byte	0x37
 582 00af C1000000 		.4byte	0xc1
 583 00b3 08       		.byte	0x8
 584 00b4 06       		.uleb128 0x6
 585 00b5 B0020000 		.4byte	.LASF15
 586 00b9 01       		.byte	0x1
 587 00ba 38       		.byte	0x38
 588 00bb C1000000 		.4byte	0xc1
 589 00bf 0C       		.byte	0xc
 590 00c0 00       		.byte	0
 591 00c1 07       		.uleb128 0x7
 592 00c2 04       		.byte	0x4
 593 00c3 76000000 		.4byte	0x76
 594 00c7 03       		.uleb128 0x3
 595 00c8 65000000 		.4byte	.LASF16
 596 00cc 01       		.byte	0x1
 597 00cd 39       		.byte	0x39
 598 00ce 88000000 		.4byte	0x88
 599 00d2 08       		.uleb128 0x8
 600 00d3 49000000 		.4byte	.LASF17
 601 00d7 01       		.byte	0x1
 602 00d8 88       		.byte	0x88
 603 00d9 00000000 		.4byte	.LFB34
 604 00dd 02000000 		.4byte	.LFE34-.LFB34
ARM GAS  /tmp/ccugXKF7.s 			page 28


 605 00e1 01       		.uleb128 0x1
 606 00e2 9C       		.byte	0x9c
 607 00e3 08       		.uleb128 0x8
 608 00e4 A3020000 		.4byte	.LASF18
 609 00e8 01       		.byte	0x1
 610 00e9 9B       		.byte	0x9b
 611 00ea 00000000 		.4byte	.LFB35
 612 00ee 02000000 		.4byte	.LFE35-.LFB35
 613 00f2 01       		.uleb128 0x1
 614 00f3 9C       		.byte	0x9c
 615 00f4 08       		.uleb128 0x8
 616 00f5 2B010000 		.4byte	.LASF19
 617 00f9 01       		.byte	0x1
 618 00fa A9       		.byte	0xa9
 619 00fb 00000000 		.4byte	.LFB36
 620 00ff 02000000 		.4byte	.LFE36-.LFB36
 621 0103 01       		.uleb128 0x1
 622 0104 9C       		.byte	0x9c
 623 0105 08       		.uleb128 0x8
 624 0106 B4010000 		.4byte	.LASF20
 625 010a 01       		.byte	0x1
 626 010b B6       		.byte	0xb6
 627 010c 00000000 		.4byte	.LFB37
 628 0110 02000000 		.4byte	.LFE37-.LFB37
 629 0114 01       		.uleb128 0x1
 630 0115 9C       		.byte	0x9c
 631 0116 09       		.uleb128 0x9
 632 0117 31020000 		.4byte	.LASF57
 633 011b 01       		.byte	0x1
 634 011c C0       		.byte	0xc0
 635 011d 00000000 		.4byte	.LFB38
 636 0121 44000000 		.4byte	.LFE38-.LFB38
 637 0125 01       		.uleb128 0x1
 638 0126 9C       		.byte	0x9c
 639 0127 5C010000 		.4byte	0x15c
 640 012b 0A       		.uleb128 0xa
 641 012c 72617000 		.ascii	"rap\000"
 642 0130 01       		.byte	0x1
 643 0131 C2       		.byte	0xc2
 644 0132 5C010000 		.4byte	0x15c
 645 0136 00000000 		.4byte	.LLST0
 646 013a 0B       		.uleb128 0xb
 647 013b 00000000 		.4byte	.Ldebug_ranges0+0
 648 013f 0A       		.uleb128 0xa
 649 0140 747000   		.ascii	"tp\000"
 650 0143 01       		.byte	0x1
 651 0144 C5       		.byte	0xc5
 652 0145 C1000000 		.4byte	0xc1
 653 0149 23000000 		.4byte	.LLST1
 654 014d 0A       		.uleb128 0xa
 655 014e 7000     		.ascii	"p\000"
 656 0150 01       		.byte	0x1
 657 0151 C6       		.byte	0xc6
 658 0152 C1000000 		.4byte	0xc1
 659 0156 4E000000 		.4byte	.LLST2
 660 015a 00       		.byte	0
 661 015b 00       		.byte	0
ARM GAS  /tmp/ccugXKF7.s 			page 29


 662 015c 07       		.uleb128 0x7
 663 015d 04       		.byte	0x4
 664 015e 62010000 		.4byte	0x162
 665 0162 0C       		.uleb128 0xc
 666 0163 C7000000 		.4byte	0xc7
 667 0167 0D       		.uleb128 0xd
 668 0168 C7000000 		.4byte	0xc7
 669 016c 77010000 		.4byte	0x177
 670 0170 0E       		.uleb128 0xe
 671 0171 81000000 		.4byte	0x81
 672 0175 07       		.byte	0x7
 673 0176 00       		.byte	0
 674 0177 0F       		.uleb128 0xf
 675 0178 75000000 		.4byte	.LASF21
 676 017c 01       		.byte	0x1
 677 017d 5C       		.byte	0x5c
 678 017e 88010000 		.4byte	0x188
 679 0182 05       		.uleb128 0x5
 680 0183 03       		.byte	0x3
 681 0184 00000000 		.4byte	ram_areas
 682 0188 0C       		.uleb128 0xc
 683 0189 67010000 		.4byte	0x167
 684 018d 10       		.uleb128 0x10
 685 018e 7F000000 		.4byte	.LASF22
 686 0192 01       		.byte	0x1
 687 0193 40       		.byte	0x40
 688 0194 76000000 		.4byte	0x76
 689 0198 10       		.uleb128 0x10
 690 0199 58010000 		.4byte	.LASF23
 691 019d 01       		.byte	0x1
 692 019e 40       		.byte	0x40
 693 019f 76000000 		.4byte	0x76
 694 01a3 10       		.uleb128 0x10
 695 01a4 00000000 		.4byte	.LASF24
 696 01a8 01       		.byte	0x1
 697 01a9 40       		.byte	0x40
 698 01aa 76000000 		.4byte	0x76
 699 01ae 10       		.uleb128 0x10
 700 01af 2B000000 		.4byte	.LASF25
 701 01b3 01       		.byte	0x1
 702 01b4 40       		.byte	0x40
 703 01b5 76000000 		.4byte	0x76
 704 01b9 10       		.uleb128 0x10
 705 01ba 74010000 		.4byte	.LASF26
 706 01be 01       		.byte	0x1
 707 01bf 43       		.byte	0x43
 708 01c0 76000000 		.4byte	0x76
 709 01c4 10       		.uleb128 0x10
 710 01c5 3B000000 		.4byte	.LASF27
 711 01c9 01       		.byte	0x1
 712 01ca 43       		.byte	0x43
 713 01cb 76000000 		.4byte	0x76
 714 01cf 10       		.uleb128 0x10
 715 01d0 87010000 		.4byte	.LASF28
 716 01d4 01       		.byte	0x1
 717 01d5 43       		.byte	0x43
 718 01d6 76000000 		.4byte	0x76
ARM GAS  /tmp/ccugXKF7.s 			page 30


 719 01da 10       		.uleb128 0x10
 720 01db 85030000 		.4byte	.LASF29
 721 01df 01       		.byte	0x1
 722 01e0 43       		.byte	0x43
 723 01e1 76000000 		.4byte	0x76
 724 01e5 10       		.uleb128 0x10
 725 01e6 C3010000 		.4byte	.LASF30
 726 01ea 01       		.byte	0x1
 727 01eb 46       		.byte	0x46
 728 01ec 76000000 		.4byte	0x76
 729 01f0 10       		.uleb128 0x10
 730 01f1 0F000000 		.4byte	.LASF31
 731 01f5 01       		.byte	0x1
 732 01f6 46       		.byte	0x46
 733 01f7 76000000 		.4byte	0x76
 734 01fb 10       		.uleb128 0x10
 735 01fc 2F030000 		.4byte	.LASF32
 736 0200 01       		.byte	0x1
 737 0201 46       		.byte	0x46
 738 0202 76000000 		.4byte	0x76
 739 0206 10       		.uleb128 0x10
 740 0207 E1010000 		.4byte	.LASF33
 741 020b 01       		.byte	0x1
 742 020c 46       		.byte	0x46
 743 020d 76000000 		.4byte	0x76
 744 0211 10       		.uleb128 0x10
 745 0212 C1000000 		.4byte	.LASF34
 746 0216 01       		.byte	0x1
 747 0217 49       		.byte	0x49
 748 0218 76000000 		.4byte	0x76
 749 021c 10       		.uleb128 0x10
 750 021d 65030000 		.4byte	.LASF35
 751 0221 01       		.byte	0x1
 752 0222 49       		.byte	0x49
 753 0223 76000000 		.4byte	0x76
 754 0227 10       		.uleb128 0x10
 755 0228 A5000000 		.4byte	.LASF36
 756 022c 01       		.byte	0x1
 757 022d 49       		.byte	0x49
 758 022e 76000000 		.4byte	0x76
 759 0232 10       		.uleb128 0x10
 760 0233 E3020000 		.4byte	.LASF37
 761 0237 01       		.byte	0x1
 762 0238 49       		.byte	0x49
 763 0239 76000000 		.4byte	0x76
 764 023d 10       		.uleb128 0x10
 765 023e 3E030000 		.4byte	.LASF38
 766 0242 01       		.byte	0x1
 767 0243 4C       		.byte	0x4c
 768 0244 76000000 		.4byte	0x76
 769 0248 10       		.uleb128 0x10
 770 0249 04020000 		.4byte	.LASF39
 771 024d 01       		.byte	0x1
 772 024e 4C       		.byte	0x4c
 773 024f 76000000 		.4byte	0x76
 774 0253 10       		.uleb128 0x10
 775 0254 12020000 		.4byte	.LASF40
ARM GAS  /tmp/ccugXKF7.s 			page 31


 776 0258 01       		.byte	0x1
 777 0259 4C       		.byte	0x4c
 778 025a 76000000 		.4byte	0x76
 779 025e 10       		.uleb128 0x10
 780 025f 21020000 		.4byte	.LASF41
 781 0263 01       		.byte	0x1
 782 0264 4C       		.byte	0x4c
 783 0265 76000000 		.4byte	0x76
 784 0269 10       		.uleb128 0x10
 785 026a F1010000 		.4byte	.LASF42
 786 026e 01       		.byte	0x1
 787 026f 4F       		.byte	0x4f
 788 0270 76000000 		.4byte	0x76
 789 0274 10       		.uleb128 0x10
 790 0275 66010000 		.4byte	.LASF43
 791 0279 01       		.byte	0x1
 792 027a 4F       		.byte	0x4f
 793 027b 76000000 		.4byte	0x76
 794 027f 10       		.uleb128 0x10
 795 0280 38040000 		.4byte	.LASF44
 796 0284 01       		.byte	0x1
 797 0285 4F       		.byte	0x4f
 798 0286 76000000 		.4byte	0x76
 799 028a 10       		.uleb128 0x10
 800 028b 96010000 		.4byte	.LASF45
 801 028f 01       		.byte	0x1
 802 0290 4F       		.byte	0x4f
 803 0291 76000000 		.4byte	0x76
 804 0295 10       		.uleb128 0x10
 805 0296 F1000000 		.4byte	.LASF46
 806 029a 01       		.byte	0x1
 807 029b 52       		.byte	0x52
 808 029c 76000000 		.4byte	0x76
 809 02a0 10       		.uleb128 0x10
 810 02a1 D4000000 		.4byte	.LASF47
 811 02a5 01       		.byte	0x1
 812 02a6 52       		.byte	0x52
 813 02a7 76000000 		.4byte	0x76
 814 02ab 10       		.uleb128 0x10
 815 02ac 37010000 		.4byte	.LASF48
 816 02b0 01       		.byte	0x1
 817 02b1 52       		.byte	0x52
 818 02b2 76000000 		.4byte	0x76
 819 02b6 10       		.uleb128 0x10
 820 02b7 04010000 		.4byte	.LASF49
 821 02bb 01       		.byte	0x1
 822 02bc 52       		.byte	0x52
 823 02bd 76000000 		.4byte	0x76
 824 02c1 10       		.uleb128 0x10
 825 02c2 59020000 		.4byte	.LASF50
 826 02c6 01       		.byte	0x1
 827 02c7 55       		.byte	0x55
 828 02c8 76000000 		.4byte	0x76
 829 02cc 10       		.uleb128 0x10
 830 02cd 1D000000 		.4byte	.LASF51
 831 02d1 01       		.byte	0x1
 832 02d2 55       		.byte	0x55
ARM GAS  /tmp/ccugXKF7.s 			page 32


 833 02d3 76000000 		.4byte	0x76
 834 02d7 10       		.uleb128 0x10
 835 02d8 C6020000 		.4byte	.LASF52
 836 02dc 01       		.byte	0x1
 837 02dd 55       		.byte	0x55
 838 02de 76000000 		.4byte	0x76
 839 02e2 10       		.uleb128 0x10
 840 02e3 55000000 		.4byte	.LASF53
 841 02e7 01       		.byte	0x1
 842 02e8 55       		.byte	0x55
 843 02e9 76000000 		.4byte	0x76
 844 02ed 00       		.byte	0
 845              		.section	.debug_abbrev,"",%progbits
 846              	.Ldebug_abbrev0:
 847 0000 01       		.uleb128 0x1
 848 0001 11       		.uleb128 0x11
 849 0002 01       		.byte	0x1
 850 0003 25       		.uleb128 0x25
 851 0004 0E       		.uleb128 0xe
 852 0005 13       		.uleb128 0x13
 853 0006 0B       		.uleb128 0xb
 854 0007 03       		.uleb128 0x3
 855 0008 0E       		.uleb128 0xe
 856 0009 1B       		.uleb128 0x1b
 857 000a 0E       		.uleb128 0xe
 858 000b 55       		.uleb128 0x55
 859 000c 17       		.uleb128 0x17
 860 000d 11       		.uleb128 0x11
 861 000e 01       		.uleb128 0x1
 862 000f 10       		.uleb128 0x10
 863 0010 17       		.uleb128 0x17
 864 0011 00       		.byte	0
 865 0012 00       		.byte	0
 866 0013 02       		.uleb128 0x2
 867 0014 24       		.uleb128 0x24
 868 0015 00       		.byte	0
 869 0016 0B       		.uleb128 0xb
 870 0017 0B       		.uleb128 0xb
 871 0018 3E       		.uleb128 0x3e
 872 0019 0B       		.uleb128 0xb
 873 001a 03       		.uleb128 0x3
 874 001b 0E       		.uleb128 0xe
 875 001c 00       		.byte	0
 876 001d 00       		.byte	0
 877 001e 03       		.uleb128 0x3
 878 001f 16       		.uleb128 0x16
 879 0020 00       		.byte	0
 880 0021 03       		.uleb128 0x3
 881 0022 0E       		.uleb128 0xe
 882 0023 3A       		.uleb128 0x3a
 883 0024 0B       		.uleb128 0xb
 884 0025 3B       		.uleb128 0x3b
 885 0026 0B       		.uleb128 0xb
 886 0027 49       		.uleb128 0x49
 887 0028 13       		.uleb128 0x13
 888 0029 00       		.byte	0
 889 002a 00       		.byte	0
ARM GAS  /tmp/ccugXKF7.s 			page 33


 890 002b 04       		.uleb128 0x4
 891 002c 24       		.uleb128 0x24
 892 002d 00       		.byte	0
 893 002e 0B       		.uleb128 0xb
 894 002f 0B       		.uleb128 0xb
 895 0030 3E       		.uleb128 0x3e
 896 0031 0B       		.uleb128 0xb
 897 0032 03       		.uleb128 0x3
 898 0033 08       		.uleb128 0x8
 899 0034 00       		.byte	0
 900 0035 00       		.byte	0
 901 0036 05       		.uleb128 0x5
 902 0037 13       		.uleb128 0x13
 903 0038 01       		.byte	0x1
 904 0039 0B       		.uleb128 0xb
 905 003a 0B       		.uleb128 0xb
 906 003b 3A       		.uleb128 0x3a
 907 003c 0B       		.uleb128 0xb
 908 003d 3B       		.uleb128 0x3b
 909 003e 0B       		.uleb128 0xb
 910 003f 01       		.uleb128 0x1
 911 0040 13       		.uleb128 0x13
 912 0041 00       		.byte	0
 913 0042 00       		.byte	0
 914 0043 06       		.uleb128 0x6
 915 0044 0D       		.uleb128 0xd
 916 0045 00       		.byte	0
 917 0046 03       		.uleb128 0x3
 918 0047 0E       		.uleb128 0xe
 919 0048 3A       		.uleb128 0x3a
 920 0049 0B       		.uleb128 0xb
 921 004a 3B       		.uleb128 0x3b
 922 004b 0B       		.uleb128 0xb
 923 004c 49       		.uleb128 0x49
 924 004d 13       		.uleb128 0x13
 925 004e 38       		.uleb128 0x38
 926 004f 0B       		.uleb128 0xb
 927 0050 00       		.byte	0
 928 0051 00       		.byte	0
 929 0052 07       		.uleb128 0x7
 930 0053 0F       		.uleb128 0xf
 931 0054 00       		.byte	0
 932 0055 0B       		.uleb128 0xb
 933 0056 0B       		.uleb128 0xb
 934 0057 49       		.uleb128 0x49
 935 0058 13       		.uleb128 0x13
 936 0059 00       		.byte	0
 937 005a 00       		.byte	0
 938 005b 08       		.uleb128 0x8
 939 005c 2E       		.uleb128 0x2e
 940 005d 00       		.byte	0
 941 005e 3F       		.uleb128 0x3f
 942 005f 19       		.uleb128 0x19
 943 0060 03       		.uleb128 0x3
 944 0061 0E       		.uleb128 0xe
 945 0062 3A       		.uleb128 0x3a
 946 0063 0B       		.uleb128 0xb
ARM GAS  /tmp/ccugXKF7.s 			page 34


 947 0064 3B       		.uleb128 0x3b
 948 0065 0B       		.uleb128 0xb
 949 0066 27       		.uleb128 0x27
 950 0067 19       		.uleb128 0x19
 951 0068 11       		.uleb128 0x11
 952 0069 01       		.uleb128 0x1
 953 006a 12       		.uleb128 0x12
 954 006b 06       		.uleb128 0x6
 955 006c 40       		.uleb128 0x40
 956 006d 18       		.uleb128 0x18
 957 006e 9742     		.uleb128 0x2117
 958 0070 19       		.uleb128 0x19
 959 0071 00       		.byte	0
 960 0072 00       		.byte	0
 961 0073 09       		.uleb128 0x9
 962 0074 2E       		.uleb128 0x2e
 963 0075 01       		.byte	0x1
 964 0076 3F       		.uleb128 0x3f
 965 0077 19       		.uleb128 0x19
 966 0078 03       		.uleb128 0x3
 967 0079 0E       		.uleb128 0xe
 968 007a 3A       		.uleb128 0x3a
 969 007b 0B       		.uleb128 0xb
 970 007c 3B       		.uleb128 0x3b
 971 007d 0B       		.uleb128 0xb
 972 007e 27       		.uleb128 0x27
 973 007f 19       		.uleb128 0x19
 974 0080 11       		.uleb128 0x11
 975 0081 01       		.uleb128 0x1
 976 0082 12       		.uleb128 0x12
 977 0083 06       		.uleb128 0x6
 978 0084 40       		.uleb128 0x40
 979 0085 18       		.uleb128 0x18
 980 0086 9742     		.uleb128 0x2117
 981 0088 19       		.uleb128 0x19
 982 0089 01       		.uleb128 0x1
 983 008a 13       		.uleb128 0x13
 984 008b 00       		.byte	0
 985 008c 00       		.byte	0
 986 008d 0A       		.uleb128 0xa
 987 008e 34       		.uleb128 0x34
 988 008f 00       		.byte	0
 989 0090 03       		.uleb128 0x3
 990 0091 08       		.uleb128 0x8
 991 0092 3A       		.uleb128 0x3a
 992 0093 0B       		.uleb128 0xb
 993 0094 3B       		.uleb128 0x3b
 994 0095 0B       		.uleb128 0xb
 995 0096 49       		.uleb128 0x49
 996 0097 13       		.uleb128 0x13
 997 0098 02       		.uleb128 0x2
 998 0099 17       		.uleb128 0x17
 999 009a 00       		.byte	0
 1000 009b 00       		.byte	0
 1001 009c 0B       		.uleb128 0xb
 1002 009d 0B       		.uleb128 0xb
 1003 009e 01       		.byte	0x1
ARM GAS  /tmp/ccugXKF7.s 			page 35


 1004 009f 55       		.uleb128 0x55
 1005 00a0 17       		.uleb128 0x17
 1006 00a1 00       		.byte	0
 1007 00a2 00       		.byte	0
 1008 00a3 0C       		.uleb128 0xc
 1009 00a4 26       		.uleb128 0x26
 1010 00a5 00       		.byte	0
 1011 00a6 49       		.uleb128 0x49
 1012 00a7 13       		.uleb128 0x13
 1013 00a8 00       		.byte	0
 1014 00a9 00       		.byte	0
 1015 00aa 0D       		.uleb128 0xd
 1016 00ab 01       		.uleb128 0x1
 1017 00ac 01       		.byte	0x1
 1018 00ad 49       		.uleb128 0x49
 1019 00ae 13       		.uleb128 0x13
 1020 00af 01       		.uleb128 0x1
 1021 00b0 13       		.uleb128 0x13
 1022 00b1 00       		.byte	0
 1023 00b2 00       		.byte	0
 1024 00b3 0E       		.uleb128 0xe
 1025 00b4 21       		.uleb128 0x21
 1026 00b5 00       		.byte	0
 1027 00b6 49       		.uleb128 0x49
 1028 00b7 13       		.uleb128 0x13
 1029 00b8 2F       		.uleb128 0x2f
 1030 00b9 0B       		.uleb128 0xb
 1031 00ba 00       		.byte	0
 1032 00bb 00       		.byte	0
 1033 00bc 0F       		.uleb128 0xf
 1034 00bd 34       		.uleb128 0x34
 1035 00be 00       		.byte	0
 1036 00bf 03       		.uleb128 0x3
 1037 00c0 0E       		.uleb128 0xe
 1038 00c1 3A       		.uleb128 0x3a
 1039 00c2 0B       		.uleb128 0xb
 1040 00c3 3B       		.uleb128 0x3b
 1041 00c4 0B       		.uleb128 0xb
 1042 00c5 49       		.uleb128 0x49
 1043 00c6 13       		.uleb128 0x13
 1044 00c7 02       		.uleb128 0x2
 1045 00c8 18       		.uleb128 0x18
 1046 00c9 00       		.byte	0
 1047 00ca 00       		.byte	0
 1048 00cb 10       		.uleb128 0x10
 1049 00cc 34       		.uleb128 0x34
 1050 00cd 00       		.byte	0
 1051 00ce 03       		.uleb128 0x3
 1052 00cf 0E       		.uleb128 0xe
 1053 00d0 3A       		.uleb128 0x3a
 1054 00d1 0B       		.uleb128 0xb
 1055 00d2 3B       		.uleb128 0x3b
 1056 00d3 0B       		.uleb128 0xb
 1057 00d4 49       		.uleb128 0x49
 1058 00d5 13       		.uleb128 0x13
 1059 00d6 3F       		.uleb128 0x3f
 1060 00d7 19       		.uleb128 0x19
ARM GAS  /tmp/ccugXKF7.s 			page 36


 1061 00d8 3C       		.uleb128 0x3c
 1062 00d9 19       		.uleb128 0x19
 1063 00da 00       		.byte	0
 1064 00db 00       		.byte	0
 1065 00dc 00       		.byte	0
 1066              		.section	.debug_loc,"",%progbits
 1067              	.Ldebug_loc0:
 1068              	.LLST0:
 1069 0000 00000000 		.4byte	.LVL0
 1070 0004 0A000000 		.4byte	.LVL1
 1071 0008 0600     		.2byte	0x6
 1072 000a 03       		.byte	0x3
 1073 000b 00000000 		.4byte	ram_areas
 1074 000f 9F       		.byte	0x9f
 1075 0010 0A000000 		.4byte	.LVL1
 1076 0014 3C000000 		.4byte	.LVL10
 1077 0018 0100     		.2byte	0x1
 1078 001a 56       		.byte	0x56
 1079 001b 00000000 		.4byte	0
 1080 001f 00000000 		.4byte	0
 1081              	.LLST1:
 1082 0023 10000000 		.4byte	.LVL2
 1083 0027 18000000 		.4byte	.LVL4
 1084 002b 0100     		.2byte	0x1
 1085 002d 51       		.byte	0x51
 1086 002e 18000000 		.4byte	.LVL4
 1087 0032 1A000000 		.4byte	.LVL5
 1088 0036 0300     		.2byte	0x3
 1089 0038 71       		.byte	0x71
 1090 0039 7C       		.sleb128 -4
 1091 003a 9F       		.byte	0x9f
 1092 003b 1A000000 		.4byte	.LVL5
 1093 003f 44000000 		.4byte	.LFE38
 1094 0043 0100     		.2byte	0x1
 1095 0045 51       		.byte	0x51
 1096 0046 00000000 		.4byte	0
 1097 004a 00000000 		.4byte	0
 1098              	.LLST2:
 1099 004e 10000000 		.4byte	.LVL2
 1100 0052 16000000 		.4byte	.LVL3
 1101 0056 0100     		.2byte	0x1
 1102 0058 53       		.byte	0x53
 1103 0059 16000000 		.4byte	.LVL3
 1104 005d 20000000 		.4byte	.LVL6
 1105 0061 0100     		.2byte	0x1
 1106 0063 52       		.byte	0x52
 1107 0064 2A000000 		.4byte	.LVL7
 1108 0068 44000000 		.4byte	.LFE38
 1109 006c 0100     		.2byte	0x1
 1110 006e 53       		.byte	0x53
 1111 006f 00000000 		.4byte	0
 1112 0073 00000000 		.4byte	0
 1113              		.section	.debug_aranges,"",%progbits
 1114 0000 3C000000 		.4byte	0x3c
 1115 0004 0200     		.2byte	0x2
 1116 0006 00000000 		.4byte	.Ldebug_info0
 1117 000a 04       		.byte	0x4
ARM GAS  /tmp/ccugXKF7.s 			page 37


 1118 000b 00       		.byte	0
 1119 000c 0000     		.2byte	0
 1120 000e 0000     		.2byte	0
 1121 0010 00000000 		.4byte	.LFB34
 1122 0014 02000000 		.4byte	.LFE34-.LFB34
 1123 0018 00000000 		.4byte	.LFB35
 1124 001c 02000000 		.4byte	.LFE35-.LFB35
 1125 0020 00000000 		.4byte	.LFB36
 1126 0024 02000000 		.4byte	.LFE36-.LFB36
 1127 0028 00000000 		.4byte	.LFB37
 1128 002c 02000000 		.4byte	.LFE37-.LFB37
 1129 0030 00000000 		.4byte	.LFB38
 1130 0034 44000000 		.4byte	.LFE38-.LFB38
 1131 0038 00000000 		.4byte	0
 1132 003c 00000000 		.4byte	0
 1133              		.section	.debug_ranges,"",%progbits
 1134              	.Ldebug_ranges0:
 1135 0000 04000000 		.4byte	.LBB2
 1136 0004 06000000 		.4byte	.LBE2
 1137 0008 0A000000 		.4byte	.LBB3
 1138 000c 38000000 		.4byte	.LBE3
 1139 0010 00000000 		.4byte	0
 1140 0014 00000000 		.4byte	0
 1141 0018 00000000 		.4byte	.LFB34
 1142 001c 02000000 		.4byte	.LFE34
 1143 0020 00000000 		.4byte	.LFB35
 1144 0024 02000000 		.4byte	.LFE35
 1145 0028 00000000 		.4byte	.LFB36
 1146 002c 02000000 		.4byte	.LFE36
 1147 0030 00000000 		.4byte	.LFB37
 1148 0034 02000000 		.4byte	.LFE37
 1149 0038 00000000 		.4byte	.LFB38
 1150 003c 44000000 		.4byte	.LFE38
 1151 0040 00000000 		.4byte	0
 1152 0044 00000000 		.4byte	0
 1153              		.section	.debug_line,"",%progbits
 1154              	.Ldebug_line0:
 1155 0000 0E010000 		.section	.debug_str,"MS",%progbits,1
 1155      02009D00 
 1155      00000201 
 1155      FB0E0D00 
 1155      01010101 
 1156              	.LASF24:
 1157 0000 5F5F7261 		.ascii	"__ram0_clear__\000"
 1157      6D305F63 
 1157      6C656172 
 1157      5F5F00
 1158              	.LASF31:
 1159 000f 5F5F7261 		.ascii	"__ram2_init__\000"
 1159      6D325F69 
 1159      6E69745F 
 1159      5F00
 1160              	.LASF51:
 1161 001d 5F5F7261 		.ascii	"__ram7_init__\000"
 1161      6D375F69 
 1161      6E69745F 
 1161      5F00
ARM GAS  /tmp/ccugXKF7.s 			page 38


 1162              	.LASF25:
 1163 002b 5F5F7261 		.ascii	"__ram0_noinit__\000"
 1163      6D305F6E 
 1163      6F696E69 
 1163      745F5F00 
 1164              	.LASF27:
 1165 003b 5F5F7261 		.ascii	"__ram1_init__\000"
 1165      6D315F69 
 1165      6E69745F 
 1165      5F00
 1166              	.LASF17:
 1167 0049 5F5F636F 		.ascii	"__core_init\000"
 1167      72655F69 
 1167      6E697400 
 1168              	.LASF53:
 1169 0055 5F5F7261 		.ascii	"__ram7_noinit__\000"
 1169      6D375F6E 
 1169      6F696E69 
 1169      745F5F00 
 1170              	.LASF16:
 1171 0065 72616D5F 		.ascii	"ram_init_area_t\000"
 1171      696E6974 
 1171      5F617265 
 1171      615F7400 
 1172              	.LASF21:
 1173 0075 72616D5F 		.ascii	"ram_areas\000"
 1173      61726561 
 1173      7300
 1174              	.LASF22:
 1175 007f 5F5F7261 		.ascii	"__ram0_init_text__\000"
 1175      6D305F69 
 1175      6E69745F 
 1175      74657874 
 1175      5F5F00
 1176              	.LASF3:
 1177 0092 73686F72 		.ascii	"short unsigned int\000"
 1177      7420756E 
 1177      7369676E 
 1177      65642069 
 1177      6E7400
 1178              	.LASF36:
 1179 00a5 5F5F7261 		.ascii	"__ram3_clear__\000"
 1179      6D335F63 
 1179      6C656172 
 1179      5F5F00
 1180              	.LASF8:
 1181 00b4 756E7369 		.ascii	"unsigned int\000"
 1181      676E6564 
 1181      20696E74 
 1181      00
 1182              	.LASF34:
 1183 00c1 5F5F7261 		.ascii	"__ram3_init_text__\000"
 1183      6D335F69 
 1183      6E69745F 
 1183      74657874 
 1183      5F5F00
 1184              	.LASF47:
ARM GAS  /tmp/ccugXKF7.s 			page 39


 1185 00d4 5F5F7261 		.ascii	"__ram6_init__\000"
 1185      6D365F69 
 1185      6E69745F 
 1185      5F00
 1186              	.LASF12:
 1187 00e2 696E6974 		.ascii	"init_text_area\000"
 1187      5F746578 
 1187      745F6172 
 1187      656100
 1188              	.LASF46:
 1189 00f1 5F5F7261 		.ascii	"__ram6_init_text__\000"
 1189      6D365F69 
 1189      6E69745F 
 1189      74657874 
 1189      5F5F00
 1190              	.LASF49:
 1191 0104 5F5F7261 		.ascii	"__ram6_noinit__\000"
 1191      6D365F6E 
 1191      6F696E69 
 1191      745F5F00 
 1192              	.LASF0:
 1193 0114 7369676E 		.ascii	"signed char\000"
 1193      65642063 
 1193      68617200 
 1194              	.LASF14:
 1195 0120 636C6561 		.ascii	"clear_area\000"
 1195      725F6172 
 1195      656100
 1196              	.LASF19:
 1197 012b 5F5F6C61 		.ascii	"__late_init\000"
 1197      74655F69 
 1197      6E697400 
 1198              	.LASF48:
 1199 0137 5F5F7261 		.ascii	"__ram6_clear__\000"
 1199      6D365F63 
 1199      6C656172 
 1199      5F5F00
 1200              	.LASF5:
 1201 0146 6C6F6E67 		.ascii	"long unsigned int\000"
 1201      20756E73 
 1201      69676E65 
 1201      6420696E 
 1201      7400
 1202              	.LASF23:
 1203 0158 5F5F7261 		.ascii	"__ram0_init__\000"
 1203      6D305F69 
 1203      6E69745F 
 1203      5F00
 1204              	.LASF43:
 1205 0166 5F5F7261 		.ascii	"__ram5_init__\000"
 1205      6D355F69 
 1205      6E69745F 
 1205      5F00
 1206              	.LASF26:
 1207 0174 5F5F7261 		.ascii	"__ram1_init_text__\000"
 1207      6D315F69 
 1207      6E69745F 
ARM GAS  /tmp/ccugXKF7.s 			page 40


 1207      74657874 
 1207      5F5F00
 1208              	.LASF28:
 1209 0187 5F5F7261 		.ascii	"__ram1_clear__\000"
 1209      6D315F63 
 1209      6C656172 
 1209      5F5F00
 1210              	.LASF45:
 1211 0196 5F5F7261 		.ascii	"__ram5_noinit__\000"
 1211      6D355F6E 
 1211      6F696E69 
 1211      745F5F00 
 1212              	.LASF1:
 1213 01a6 756E7369 		.ascii	"unsigned char\000"
 1213      676E6564 
 1213      20636861 
 1213      7200
 1214              	.LASF20:
 1215 01b4 5F5F6465 		.ascii	"__default_exit\000"
 1215      6661756C 
 1215      745F6578 
 1215      697400
 1216              	.LASF30:
 1217 01c3 5F5F7261 		.ascii	"__ram2_init_text__\000"
 1217      6D325F69 
 1217      6E69745F 
 1217      74657874 
 1217      5F5F00
 1218              	.LASF9:
 1219 01d6 5F5F7569 		.ascii	"__uint32_t\000"
 1219      6E743332 
 1219      5F7400
 1220              	.LASF33:
 1221 01e1 5F5F7261 		.ascii	"__ram2_noinit__\000"
 1221      6D325F6E 
 1221      6F696E69 
 1221      745F5F00 
 1222              	.LASF42:
 1223 01f1 5F5F7261 		.ascii	"__ram5_init_text__\000"
 1223      6D355F69 
 1223      6E69745F 
 1223      74657874 
 1223      5F5F00
 1224              	.LASF39:
 1225 0204 5F5F7261 		.ascii	"__ram4_init__\000"
 1225      6D345F69 
 1225      6E69745F 
 1225      5F00
 1226              	.LASF40:
 1227 0212 5F5F7261 		.ascii	"__ram4_clear__\000"
 1227      6D345F63 
 1227      6C656172 
 1227      5F5F00
 1228              	.LASF41:
 1229 0221 5F5F7261 		.ascii	"__ram4_noinit__\000"
 1229      6D345F6E 
 1229      6F696E69 
ARM GAS  /tmp/ccugXKF7.s 			page 41


 1229      745F5F00 
 1230              	.LASF57:
 1231 0231 5F5F696E 		.ascii	"__init_ram_areas\000"
 1231      69745F72 
 1231      616D5F61 
 1231      72656173 
 1231      00
 1232              	.LASF7:
 1233 0242 6C6F6E67 		.ascii	"long long unsigned int\000"
 1233      206C6F6E 
 1233      6720756E 
 1233      7369676E 
 1233      65642069 
 1234              	.LASF50:
 1235 0259 5F5F7261 		.ascii	"__ram7_init_text__\000"
 1235      6D375F69 
 1235      6E69745F 
 1235      74657874 
 1235      5F5F00
 1236              	.LASF55:
 1237 026c 2E2E2F2E 		.ascii	"../../../os/common/startup/ARMCMx/compilers/GCC/crt"
 1237      2E2F2E2E 
 1237      2F6F732F 
 1237      636F6D6D 
 1237      6F6E2F73 
 1238 029f 312E6300 		.ascii	"1.c\000"
 1239              	.LASF18:
 1240 02a3 5F5F6561 		.ascii	"__early_init\000"
 1240      726C795F 
 1240      696E6974 
 1240      00
 1241              	.LASF15:
 1242 02b0 6E6F5F69 		.ascii	"no_init_area\000"
 1242      6E69745F 
 1242      61726561 
 1242      00
 1243              	.LASF11:
 1244 02bd 73697A65 		.ascii	"sizetype\000"
 1244      74797065 
 1244      00
 1245              	.LASF52:
 1246 02c6 5F5F7261 		.ascii	"__ram7_clear__\000"
 1246      6D375F63 
 1246      6C656172 
 1246      5F5F00
 1247              	.LASF6:
 1248 02d5 6C6F6E67 		.ascii	"long long int\000"
 1248      206C6F6E 
 1248      6720696E 
 1248      7400
 1249              	.LASF37:
 1250 02e3 5F5F7261 		.ascii	"__ram3_noinit__\000"
 1250      6D335F6E 
 1250      6F696E69 
 1250      745F5F00 
 1251              	.LASF56:
 1252 02f3 2F686F6D 		.ascii	"/home/awygle/ChibiOS-RT/demos/STM32/RT-STM32F030R8-"
ARM GAS  /tmp/ccugXKF7.s 			page 42


 1252      652F6177 
 1252      79676C65 
 1252      2F436869 
 1252      62694F53 
 1253 0326 4E55434C 		.ascii	"NUCLEO64\000"
 1253      454F3634 
 1253      00
 1254              	.LASF32:
 1255 032f 5F5F7261 		.ascii	"__ram2_clear__\000"
 1255      6D325F63 
 1255      6C656172 
 1255      5F5F00
 1256              	.LASF38:
 1257 033e 5F5F7261 		.ascii	"__ram4_init_text__\000"
 1257      6D345F69 
 1257      6E69745F 
 1257      74657874 
 1257      5F5F00
 1258              	.LASF2:
 1259 0351 73686F72 		.ascii	"short int\000"
 1259      7420696E 
 1259      7400
 1260              	.LASF13:
 1261 035b 696E6974 		.ascii	"init_area\000"
 1261      5F617265 
 1261      6100
 1262              	.LASF35:
 1263 0365 5F5F7261 		.ascii	"__ram3_init__\000"
 1263      6D335F69 
 1263      6E69745F 
 1263      5F00
 1264              	.LASF10:
 1265 0373 75696E74 		.ascii	"uint32_t\000"
 1265      33325F74 
 1265      00
 1266              	.LASF4:
 1267 037c 6C6F6E67 		.ascii	"long int\000"
 1267      20696E74 
 1267      00
 1268              	.LASF29:
 1269 0385 5F5F7261 		.ascii	"__ram1_noinit__\000"
 1269      6D315F6E 
 1269      6F696E69 
 1269      745F5F00 
 1270              	.LASF54:
 1271 0395 474E5520 		.ascii	"GNU C 4.8.3 -mcpu=cortex-m0 -mno-thumb-interwork -m"
 1271      4320342E 
 1271      382E3320 
 1271      2D6D6370 
 1271      753D636F 
 1272 03c8 7468756D 		.ascii	"thumb -ggdb -O2 -fomit-frame-pointer -falign-functi"
 1272      62202D67 
 1272      67646220 
 1272      2D4F3220 
 1272      2D666F6D 
 1273 03fb 6F6E733D 		.ascii	"ons=16 -ffunction-sections -fdata-sections -fno-com"
 1273      3136202D 
ARM GAS  /tmp/ccugXKF7.s 			page 43


 1273      6666756E 
 1273      6374696F 
 1273      6E2D7365 
 1274 042e 6D6F6E20 		.ascii	"mon -flto\000"
 1274      2D666C74 
 1274      6F00
 1275              	.LASF44:
 1276 0438 5F5F7261 		.ascii	"__ram5_clear__\000"
 1276      6D355F63 
 1276      6C656172 
 1276      5F5F00
 1277              		.comm	__gnu_lto_v1,1,1
 1278              		.ident	"GCC: (4.8.3-18ubuntu2+12) 4.8.3"
ARM GAS  /tmp/ccugXKF7.s 			page 44


DEFINED SYMBOLS
                            *ABS*:0000000000000000 crt1.c
     /tmp/ccugXKF7.s:292    .text.__core_init:0000000000000000 $t
     /tmp/ccugXKF7.s:298    .text.__core_init:0000000000000000 __core_init
     /tmp/ccugXKF7.s:310    .text.__early_init:0000000000000000 $t
     /tmp/ccugXKF7.s:316    .text.__early_init:0000000000000000 __early_init
     /tmp/ccugXKF7.s:327    .text.__late_init:0000000000000000 $t
     /tmp/ccugXKF7.s:333    .text.__late_init:0000000000000000 __late_init
     /tmp/ccugXKF7.s:344    .text.__default_exit:0000000000000000 $t
     /tmp/ccugXKF7.s:350    .text.__default_exit:0000000000000000 __default_exit
     /tmp/ccugXKF7.s:360    .text.__init_ram_areas:0000000000000000 $t
     /tmp/ccugXKF7.s:366    .text.__init_ram_areas:0000000000000000 __init_ram_areas
     /tmp/ccugXKF7.s:447    .text.__init_ram_areas:0000000000000040 $d
     /tmp/ccugXKF7.s:452    .rodata.ram_areas:0000000000000000 $d
     /tmp/ccugXKF7.s:456    .rodata.ram_areas:0000000000000000 ram_areas
                            *COM*:0000000000000001 __gnu_lto_v1
                     .debug_frame:0000000000000010 $d
     /tmp/ccugXKF7.s:451    .text.__init_ram_areas:0000000000000044 $t

UNDEFINED SYMBOLS
__ram0_init_text__
__ram0_init__
__ram0_clear__
__ram0_noinit__
__ram1_init_text__
__ram1_init__
__ram1_clear__
__ram1_noinit__
__ram2_init_text__
__ram2_init__
__ram2_clear__
__ram2_noinit__
__ram3_init_text__
__ram3_init__
__ram3_clear__
__ram3_noinit__
__ram4_init_text__
__ram4_init__
__ram4_clear__
__ram4_noinit__
__ram5_init_text__
__ram5_init__
__ram5_clear__
__ram5_noinit__
__ram6_init_text__
__ram6_init__
__ram6_clear__
__ram6_noinit__
__ram7_init_text__
__ram7_init__
__ram7_clear__
__ram7_noinit__
