ARM GAS  /tmp/ccBPfI2r.s 			page 1


   1              		.cpu cortex-m0
   2              		.fpu softvfp
   3              		.eabi_attribute 20, 1
   4              		.eabi_attribute 21, 1
   5              		.eabi_attribute 23, 3
   6              		.eabi_attribute 24, 1
   7              		.eabi_attribute 25, 1
   8              		.eabi_attribute 26, 1
   9              		.eabi_attribute 30, 2
  10              		.eabi_attribute 34, 0
  11              		.eabi_attribute 18, 4
  12              		.code	16
  13              		.file	"stm32_dma.c"
  14              		.text
  15              	.Ltext0:
  16              		.section	.gnu.lto_.inline.db16852f7c0e2327,"",%progbits
  17 0000 789C6362 		.ascii	"x\234cb`b\300\006\020\242\000\000\272\000\007"
  17      6062C006 
  17      10A20000 
  17      BA0007
  18              		.text
  19              		.section	.gnu.lto_.pureconst.db16852f7c0e2327,"",%progbits
  20 0000 789C6362 		.ascii	"x\234cb`b`d\200\002\000\000F\000\006"
  20      60626064 
  20      80020000 
  20      460006
  21              		.text
  22              		.section	.gnu.lto_.symbol_nodes.db16852f7c0e2327,"",%progbits
  23 0000 789C6362 		.ascii	"x\234cb`\002B\030\000\000\000V\000\007"
  23      60024218 
  23      00000056 
  23      0007
  24              		.text
  25              		.section	.gnu.lto_.refs.db16852f7c0e2327,"",%progbits
  26 0000 789C6362 		.ascii	"x\234cb`b`d\200\002\000\000F\000\006"
  26      60626064 
  26      80020000 
  26      460006
  27              		.text
  28              		.section	.gnu.lto_.decls.db16852f7c0e2327,"",%progbits
  29 0000 789C6362 		.ascii	"x\234cb`bPa``\370\017\004@\212\201\021\212\355\030\010"
  29      60625061 
  29      6060F80F 
  29      04408A81 
  29      118AED18 
  30 0015 0000CE1B 		.ascii	"\000\000\316\033\004e"
  30      0465
  31              		.text
  32              		.section	.gnu.lto_.symtab.db16852f7c0e2327,"",%progbits
  33              		.text
  34              		.section	.gnu.lto_.opts,"",%progbits
  35 0000 272D6D63 		.ascii	"'-mcpu=cortex-m0' '-mno-thumb-interwork' '-mthumb' "
  35      70753D63 
  35      6F727465 
  35      782D6D30 
  35      2720272D 
  36 0033 272D6767 		.ascii	"'-ggdb' '-O2' '-fomit-frame-pointer' '-falign-funct"
ARM GAS  /tmp/ccBPfI2r.s 			page 2


  36      64622720 
  36      272D4F32 
  36      2720272D 
  36      666F6D69 
  37 0066 696F6E73 		.ascii	"ions=16' '-ffunction-sections' '-fdata-sections' '-"
  37      3D313627 
  37      20272D66 
  37      66756E63 
  37      74696F6E 
  38 0099 666E6F2D 		.ascii	"fno-common' '-flto'\000"
  38      636F6D6D 
  38      6F6E2720 
  38      272D666C 
  38      746F2700 
  39              		.text
  40              		.cfi_sections	.debug_frame
  41              	.Letext0:
  42              		.file 1 "/usr/include/newlib/machine/_default_types.h"
  43              		.file 2 "/usr/include/newlib/stdint.h"
  44              		.file 3 "../../../os/common/ports/ARMCMx/compilers/GCC/chtypes.h"
  45              		.file 4 "../../../os/rt/include/chsystypes.h"
  46              		.file 5 "../../../os/rt/include/chschd.h"
  47              		.file 6 "../../../os/common/ports/ARMCMx/chcore.h"
  48              		.file 7 "../../../os/common/ports/ARMCMx/chcore_v6m.h"
  49              		.file 8 "../../../os/rt/include/chsem.h"
  50              		.file 9 "../../../os/rt/include/chmtx.h"
  51              		.section	.debug_info,"",%progbits
  52              	.Ldebug_info0:
  53 0000 D1050000 		.4byte	0x5d1
  54 0004 0400     		.2byte	0x4
  55 0006 00000000 		.4byte	.Ldebug_abbrev0
  56 000a 04       		.byte	0x4
  57 000b 01       		.uleb128 0x1
  58 000c 78020000 		.4byte	.LASF89
  59 0010 01       		.byte	0x1
  60 0011 E0000000 		.4byte	.LASF90
  61 0015 1B010000 		.4byte	.LASF91
  62 0019 00000000 		.4byte	.Ldebug_line0
  63 001d 02       		.uleb128 0x2
  64 001e 04       		.byte	0x4
  65 001f 05       		.byte	0x5
  66 0020 696E7400 		.ascii	"int\000"
  67 0024 03       		.uleb128 0x3
  68 0025 04       		.byte	0x4
  69 0026 07       		.byte	0x7
  70 0027 29020000 		.4byte	.LASF0
  71 002b 03       		.uleb128 0x3
  72 002c 01       		.byte	0x1
  73 002d 06       		.byte	0x6
  74 002e 0E020000 		.4byte	.LASF1
  75 0032 04       		.uleb128 0x4
  76 0033 D0010000 		.4byte	.LASF4
  77 0037 01       		.byte	0x1
  78 0038 1D       		.byte	0x1d
  79 0039 3D000000 		.4byte	0x3d
  80 003d 03       		.uleb128 0x3
  81 003e 01       		.byte	0x1
ARM GAS  /tmp/ccBPfI2r.s 			page 3


  82 003f 08       		.byte	0x8
  83 0040 F3010000 		.4byte	.LASF2
  84 0044 03       		.uleb128 0x3
  85 0045 02       		.byte	0x2
  86 0046 05       		.byte	0x5
  87 0047 44000000 		.4byte	.LASF3
  88 004b 04       		.uleb128 0x4
  89 004c 73000000 		.4byte	.LASF5
  90 0050 01       		.byte	0x1
  91 0051 2B       		.byte	0x2b
  92 0052 56000000 		.4byte	0x56
  93 0056 03       		.uleb128 0x3
  94 0057 02       		.byte	0x2
  95 0058 07       		.byte	0x7
  96 0059 65020000 		.4byte	.LASF6
  97 005d 04       		.uleb128 0x4
  98 005e CE030000 		.4byte	.LASF7
  99 0062 01       		.byte	0x1
 100 0063 3F       		.byte	0x3f
 101 0064 68000000 		.4byte	0x68
 102 0068 03       		.uleb128 0x3
 103 0069 04       		.byte	0x4
 104 006a 05       		.byte	0x5
 105 006b A0010000 		.4byte	.LASF8
 106 006f 04       		.uleb128 0x4
 107 0070 A4030000 		.4byte	.LASF9
 108 0074 01       		.byte	0x1
 109 0075 41       		.byte	0x41
 110 0076 7A000000 		.4byte	0x7a
 111 007a 03       		.uleb128 0x3
 112 007b 04       		.byte	0x4
 113 007c 07       		.byte	0x7
 114 007d 88030000 		.4byte	.LASF10
 115 0081 03       		.uleb128 0x3
 116 0082 08       		.byte	0x8
 117 0083 05       		.byte	0x5
 118 0084 73010000 		.4byte	.LASF11
 119 0088 04       		.uleb128 0x4
 120 0089 66030000 		.4byte	.LASF12
 121 008d 01       		.byte	0x1
 122 008e 5B       		.byte	0x5b
 123 008f 93000000 		.4byte	0x93
 124 0093 03       		.uleb128 0x3
 125 0094 08       		.byte	0x8
 126 0095 07       		.byte	0x7
 127 0096 81010000 		.4byte	.LASF13
 128 009a 04       		.uleb128 0x4
 129 009b C7000000 		.4byte	.LASF14
 130 009f 02       		.byte	0x2
 131 00a0 2A       		.byte	0x2a
 132 00a1 32000000 		.4byte	0x32
 133 00a5 04       		.uleb128 0x4
 134 00a6 36020000 		.4byte	.LASF15
 135 00aa 02       		.byte	0x2
 136 00ab 36       		.byte	0x36
 137 00ac 4B000000 		.4byte	0x4b
 138 00b0 04       		.uleb128 0x4
ARM GAS  /tmp/ccBPfI2r.s 			page 4


 139 00b1 49030000 		.4byte	.LASF16
 140 00b5 02       		.byte	0x2
 141 00b6 41       		.byte	0x41
 142 00b7 5D000000 		.4byte	0x5d
 143 00bb 04       		.uleb128 0x4
 144 00bc 20020000 		.4byte	.LASF17
 145 00c0 02       		.byte	0x2
 146 00c1 42       		.byte	0x42
 147 00c2 6F000000 		.4byte	0x6f
 148 00c6 04       		.uleb128 0x4
 149 00c7 30000000 		.4byte	.LASF18
 150 00cb 02       		.byte	0x2
 151 00cc 4E       		.byte	0x4e
 152 00cd 88000000 		.4byte	0x88
 153 00d1 04       		.uleb128 0x4
 154 00d2 8A000000 		.4byte	.LASF19
 155 00d6 03       		.byte	0x3
 156 00d7 3C       		.byte	0x3c
 157 00d8 9A000000 		.4byte	0x9a
 158 00dc 04       		.uleb128 0x4
 159 00dd 7F030000 		.4byte	.LASF20
 160 00e1 03       		.byte	0x3
 161 00e2 3D       		.byte	0x3d
 162 00e3 9A000000 		.4byte	0x9a
 163 00e7 04       		.uleb128 0x4
 164 00e8 09000000 		.4byte	.LASF21
 165 00ec 03       		.byte	0x3
 166 00ed 3E       		.byte	0x3e
 167 00ee 9A000000 		.4byte	0x9a
 168 00f2 04       		.uleb128 0x4
 169 00f3 98010000 		.4byte	.LASF22
 170 00f7 03       		.byte	0x3
 171 00f8 40       		.byte	0x40
 172 00f9 BB000000 		.4byte	0xbb
 173 00fd 04       		.uleb128 0x4
 174 00fe 6B040000 		.4byte	.LASF23
 175 0102 03       		.byte	0x3
 176 0103 41       		.byte	0x41
 177 0104 B0000000 		.4byte	0xb0
 178 0108 04       		.uleb128 0x4
 179 0109 7E000000 		.4byte	.LASF24
 180 010d 03       		.byte	0x3
 181 010e 43       		.byte	0x43
 182 010f BB000000 		.4byte	0xbb
 183 0113 04       		.uleb128 0x4
 184 0114 51030000 		.4byte	.LASF25
 185 0118 03       		.byte	0x3
 186 0119 45       		.byte	0x45
 187 011a B0000000 		.4byte	0xb0
 188 011e 04       		.uleb128 0x4
 189 011f 1B030000 		.4byte	.LASF26
 190 0123 04       		.byte	0x4
 191 0124 35       		.byte	0x35
 192 0125 A5000000 		.4byte	0xa5
 193 0129 04       		.uleb128 0x4
 194 012a 00000000 		.4byte	.LASF27
 195 012e 04       		.byte	0x4
ARM GAS  /tmp/ccBPfI2r.s 			page 5


 196 012f 3F       		.byte	0x3f
 197 0130 34010000 		.4byte	0x134
 198 0134 05       		.uleb128 0x5
 199 0135 57010000 		.4byte	.LASF45
 200 0139 44       		.byte	0x44
 201 013a 05       		.byte	0x5
 202 013b 9A       		.byte	0x9a
 203 013c 12020000 		.4byte	0x212
 204 0140 06       		.uleb128 0x6
 205 0141 E8010000 		.4byte	.LASF28
 206 0145 05       		.byte	0x5
 207 0146 9B       		.byte	0x9b
 208 0147 47020000 		.4byte	0x247
 209 014b 00       		.byte	0
 210 014c 06       		.uleb128 0x6
 211 014d 71040000 		.4byte	.LASF29
 212 0151 05       		.byte	0x5
 213 0152 9C       		.byte	0x9c
 214 0153 F2000000 		.4byte	0xf2
 215 0157 08       		.byte	0x8
 216 0158 07       		.uleb128 0x7
 217 0159 63747800 		.ascii	"ctx\000"
 218 015d 05       		.byte	0x5
 219 015e 9D       		.byte	0x9d
 220 015f 33040000 		.4byte	0x433
 221 0163 0C       		.byte	0xc
 222 0164 06       		.uleb128 0x6
 223 0165 E2010000 		.4byte	.LASF30
 224 0169 05       		.byte	0x5
 225 016a 9F       		.byte	0x9f
 226 016b 1D020000 		.4byte	0x21d
 227 016f 10       		.byte	0x10
 228 0170 06       		.uleb128 0x6
 229 0171 61010000 		.4byte	.LASF31
 230 0175 05       		.byte	0x5
 231 0176 A0       		.byte	0xa0
 232 0177 1D020000 		.4byte	0x21d
 233 017b 14       		.byte	0x14
 234 017c 06       		.uleb128 0x6
 235 017d EE010000 		.4byte	.LASF32
 236 0181 05       		.byte	0x5
 237 0182 A7       		.byte	0xa7
 238 0183 8E050000 		.4byte	0x58e
 239 0187 18       		.byte	0x18
 240 0188 06       		.uleb128 0x6
 241 0189 67010000 		.4byte	.LASF33
 242 018d 05       		.byte	0x5
 243 018e B0       		.byte	0xb0
 244 018f A0050000 		.4byte	0x5a0
 245 0193 1C       		.byte	0x1c
 246 0194 06       		.uleb128 0x6
 247 0195 2A000000 		.4byte	.LASF34
 248 0199 05       		.byte	0x5
 249 019a B5       		.byte	0xb5
 250 019b DC000000 		.4byte	0xdc
 251 019f 20       		.byte	0x20
 252 01a0 06       		.uleb128 0x6
ARM GAS  /tmp/ccBPfI2r.s 			page 6


 253 01a1 1A020000 		.4byte	.LASF35
 254 01a5 05       		.byte	0x5
 255 01a6 B9       		.byte	0xb9
 256 01a7 D1000000 		.4byte	0xd1
 257 01ab 21       		.byte	0x21
 258 01ac 06       		.uleb128 0x6
 259 01ad 71030000 		.4byte	.LASF36
 260 01b1 05       		.byte	0x5
 261 01b2 BE       		.byte	0xbe
 262 01b3 E7000000 		.4byte	0xe7
 263 01b7 22       		.byte	0x22
 264 01b8 08       		.uleb128 0x8
 265 01b9 7500     		.ascii	"u\000"
 266 01bb 05       		.byte	0x5
 267 01bc 0F01     		.2byte	0x10f
 268 01be C3040000 		.4byte	0x4c3
 269 01c2 24       		.byte	0x24
 270 01c3 09       		.uleb128 0x9
 271 01c4 32040000 		.4byte	.LASF37
 272 01c8 05       		.byte	0x5
 273 01c9 1401     		.2byte	0x114
 274 01cb 23020000 		.4byte	0x223
 275 01cf 28       		.byte	0x28
 276 01d0 09       		.uleb128 0x9
 277 01d1 B5000000 		.4byte	.LASF38
 278 01d5 05       		.byte	0x5
 279 01d6 1A01     		.2byte	0x11a
 280 01d8 47020000 		.4byte	0x247
 281 01dc 2C       		.byte	0x2c
 282 01dd 09       		.uleb128 0x9
 283 01de 21000000 		.4byte	.LASF39
 284 01e2 05       		.byte	0x5
 285 01e3 2001     		.2byte	0x120
 286 01e5 08010000 		.4byte	0x108
 287 01e9 34       		.byte	0x34
 288 01ea 09       		.uleb128 0x9
 289 01eb F2030000 		.4byte	.LASF40
 290 01ef 05       		.byte	0x5
 291 01f0 2701     		.2byte	0x127
 292 01f2 88050000 		.4byte	0x588
 293 01f6 38       		.byte	0x38
 294 01f7 09       		.uleb128 0x9
 295 01f8 57030000 		.4byte	.LASF41
 296 01fc 05       		.byte	0x5
 297 01fd 2B01     		.2byte	0x12b
 298 01ff F2000000 		.4byte	0xf2
 299 0203 3C       		.byte	0x3c
 300 0204 09       		.uleb128 0x9
 301 0205 0E040000 		.4byte	.LASF42
 302 0209 05       		.byte	0x5
 303 020a 3201     		.2byte	0x132
 304 020c FA020000 		.4byte	0x2fa
 305 0210 40       		.byte	0x40
 306 0211 00       		.byte	0
 307 0212 04       		.uleb128 0x4
 308 0213 D8030000 		.4byte	.LASF43
 309 0217 04       		.byte	0x4
ARM GAS  /tmp/ccBPfI2r.s 			page 7


 310 0218 44       		.byte	0x44
 311 0219 1D020000 		.4byte	0x21d
 312 021d 0A       		.uleb128 0xa
 313 021e 04       		.byte	0x4
 314 021f 29010000 		.4byte	0x129
 315 0223 04       		.uleb128 0x4
 316 0224 82040000 		.4byte	.LASF44
 317 0228 04       		.byte	0x4
 318 0229 49       		.byte	0x49
 319 022a 2E020000 		.4byte	0x22e
 320 022e 05       		.uleb128 0x5
 321 022f 92000000 		.4byte	.LASF46
 322 0233 04       		.byte	0x4
 323 0234 05       		.byte	0x5
 324 0235 88       		.byte	0x88
 325 0236 47020000 		.4byte	0x247
 326 023a 06       		.uleb128 0x6
 327 023b 76040000 		.4byte	.LASF47
 328 023f 05       		.byte	0x5
 329 0240 89       		.byte	0x89
 330 0241 1D020000 		.4byte	0x21d
 331 0245 00       		.byte	0
 332 0246 00       		.byte	0
 333 0247 04       		.uleb128 0x4
 334 0248 55020000 		.4byte	.LASF48
 335 024c 04       		.byte	0x4
 336 024d 50       		.byte	0x50
 337 024e 52020000 		.4byte	0x252
 338 0252 05       		.uleb128 0x5
 339 0253 CF000000 		.4byte	.LASF49
 340 0257 08       		.byte	0x8
 341 0258 05       		.byte	0x5
 342 0259 8F       		.byte	0x8f
 343 025a 77020000 		.4byte	0x277
 344 025e 06       		.uleb128 0x6
 345 025f 76040000 		.4byte	.LASF47
 346 0263 05       		.byte	0x5
 347 0264 90       		.byte	0x90
 348 0265 1D020000 		.4byte	0x21d
 349 0269 00       		.byte	0
 350 026a 06       		.uleb128 0x6
 351 026b 48040000 		.4byte	.LASF50
 352 026f 05       		.byte	0x5
 353 0270 91       		.byte	0x91
 354 0271 1D020000 		.4byte	0x21d
 355 0275 04       		.byte	0x4
 356 0276 00       		.byte	0
 357 0277 04       		.uleb128 0x4
 358 0278 1D040000 		.4byte	.LASF51
 359 027c 04       		.byte	0x4
 360 027d 57       		.byte	0x57
 361 027e 82020000 		.4byte	0x282
 362 0282 0B       		.uleb128 0xb
 363 0283 3A040000 		.4byte	.LASF52
 364 0287 1C       		.byte	0x1c
 365 0288 05       		.byte	0x5
 366 0289 6A01     		.2byte	0x16a
ARM GAS  /tmp/ccBPfI2r.s 			page 8


 367 028b DE020000 		.4byte	0x2de
 368 028f 09       		.uleb128 0x9
 369 0290 E8010000 		.4byte	.LASF28
 370 0294 05       		.byte	0x5
 371 0295 6B01     		.2byte	0x16b
 372 0297 47020000 		.4byte	0x247
 373 029b 00       		.byte	0
 374 029c 09       		.uleb128 0x9
 375 029d 71040000 		.4byte	.LASF29
 376 02a1 05       		.byte	0x5
 377 02a2 6C01     		.2byte	0x16c
 378 02a4 F2000000 		.4byte	0xf2
 379 02a8 08       		.byte	0x8
 380 02a9 08       		.uleb128 0x8
 381 02aa 63747800 		.ascii	"ctx\000"
 382 02ae 05       		.byte	0x5
 383 02af 6E01     		.2byte	0x16e
 384 02b1 33040000 		.4byte	0x433
 385 02b5 0C       		.byte	0xc
 386 02b6 09       		.uleb128 0x9
 387 02b7 E2010000 		.4byte	.LASF30
 388 02bb 05       		.byte	0x5
 389 02bc 7101     		.2byte	0x171
 390 02be 1D020000 		.4byte	0x21d
 391 02c2 10       		.byte	0x10
 392 02c3 09       		.uleb128 0x9
 393 02c4 61010000 		.4byte	.LASF31
 394 02c8 05       		.byte	0x5
 395 02c9 7201     		.2byte	0x172
 396 02cb 1D020000 		.4byte	0x21d
 397 02cf 14       		.byte	0x14
 398 02d0 09       		.uleb128 0x9
 399 02d1 2A040000 		.4byte	.LASF53
 400 02d5 05       		.byte	0x5
 401 02d6 7501     		.2byte	0x175
 402 02d8 1D020000 		.4byte	0x21d
 403 02dc 18       		.byte	0x18
 404 02dd 00       		.byte	0
 405 02de 04       		.uleb128 0x4
 406 02df 14040000 		.4byte	.LASF54
 407 02e3 04       		.byte	0x4
 408 02e4 5C       		.byte	0x5c
 409 02e5 E9020000 		.4byte	0x2e9
 410 02e9 0A       		.uleb128 0xa
 411 02ea 04       		.byte	0x4
 412 02eb EF020000 		.4byte	0x2ef
 413 02ef 0C       		.uleb128 0xc
 414 02f0 FA020000 		.4byte	0x2fa
 415 02f4 0D       		.uleb128 0xd
 416 02f5 FA020000 		.4byte	0x2fa
 417 02f9 00       		.byte	0
 418 02fa 0E       		.uleb128 0xe
 419 02fb 04       		.byte	0x4
 420 02fc 04       		.uleb128 0x4
 421 02fd C0010000 		.4byte	.LASF55
 422 0301 04       		.byte	0x4
 423 0302 61       		.byte	0x61
ARM GAS  /tmp/ccBPfI2r.s 			page 9


 424 0303 07030000 		.4byte	0x307
 425 0307 0B       		.uleb128 0xb
 426 0308 38030000 		.4byte	.LASF56
 427 030c 14       		.byte	0x14
 428 030d 05       		.byte	0x5
 429 030e 4501     		.2byte	0x145
 430 0310 56030000 		.4byte	0x356
 431 0314 09       		.uleb128 0x9
 432 0315 76040000 		.4byte	.LASF47
 433 0319 05       		.byte	0x5
 434 031a 4601     		.2byte	0x146
 435 031c A6050000 		.4byte	0x5a6
 436 0320 00       		.byte	0
 437 0321 09       		.uleb128 0x9
 438 0322 48040000 		.4byte	.LASF50
 439 0326 05       		.byte	0x5
 440 0327 4701     		.2byte	0x147
 441 0329 A6050000 		.4byte	0x5a6
 442 032d 04       		.byte	0x4
 443 032e 09       		.uleb128 0x9
 444 032f 66000000 		.4byte	.LASF57
 445 0333 05       		.byte	0x5
 446 0334 4801     		.2byte	0x148
 447 0336 1E010000 		.4byte	0x11e
 448 033a 08       		.byte	0x8
 449 033b 09       		.uleb128 0x9
 450 033c 6E010000 		.4byte	.LASF58
 451 0340 05       		.byte	0x5
 452 0341 4901     		.2byte	0x149
 453 0343 DE020000 		.4byte	0x2de
 454 0347 0C       		.byte	0xc
 455 0348 08       		.uleb128 0x8
 456 0349 70617200 		.ascii	"par\000"
 457 034d 05       		.byte	0x5
 458 034e 4B01     		.2byte	0x14b
 459 0350 FA020000 		.4byte	0x2fa
 460 0354 10       		.byte	0x10
 461 0355 00       		.byte	0
 462 0356 04       		.uleb128 0x4
 463 0357 3F020000 		.4byte	.LASF59
 464 035b 04       		.byte	0x4
 465 035c 66       		.byte	0x66
 466 035d 61030000 		.4byte	0x361
 467 0361 0B       		.uleb128 0xb
 468 0362 4D040000 		.4byte	.LASF60
 469 0366 0C       		.byte	0xc
 470 0367 05       		.byte	0x5
 471 0368 5501     		.2byte	0x155
 472 036a A3030000 		.4byte	0x3a3
 473 036e 09       		.uleb128 0x9
 474 036f 76040000 		.4byte	.LASF47
 475 0373 05       		.byte	0x5
 476 0374 5601     		.2byte	0x156
 477 0376 A6050000 		.4byte	0x5a6
 478 037a 00       		.byte	0
 479 037b 09       		.uleb128 0x9
 480 037c 48040000 		.4byte	.LASF50
ARM GAS  /tmp/ccBPfI2r.s 			page 10


 481 0380 05       		.byte	0x5
 482 0381 5801     		.2byte	0x158
 483 0383 A6050000 		.4byte	0x5a6
 484 0387 04       		.byte	0x4
 485 0388 09       		.uleb128 0x9
 486 0389 66000000 		.4byte	.LASF57
 487 038d 05       		.byte	0x5
 488 038e 5A01     		.2byte	0x15a
 489 0390 1E010000 		.4byte	0x11e
 490 0394 08       		.byte	0x8
 491 0395 09       		.uleb128 0x9
 492 0396 76030000 		.4byte	.LASF61
 493 039a 05       		.byte	0x5
 494 039b 6201     		.2byte	0x162
 495 039d 1E010000 		.4byte	0x11e
 496 03a1 0A       		.byte	0xa
 497 03a2 00       		.byte	0
 498 03a3 04       		.uleb128 0x4
 499 03a4 57000000 		.4byte	.LASF62
 500 03a8 04       		.byte	0x4
 501 03a9 6B       		.byte	0x6b
 502 03aa AE030000 		.4byte	0x3ae
 503 03ae 0B       		.uleb128 0xb
 504 03af 11000000 		.4byte	.LASF63
 505 03b3 04       		.byte	0x4
 506 03b4 05       		.byte	0x5
 507 03b5 7C01     		.2byte	0x17c
 508 03b7 C9030000 		.4byte	0x3c9
 509 03bb 09       		.uleb128 0x9
 510 03bc 9A030000 		.4byte	.LASF64
 511 03c0 05       		.byte	0x5
 512 03c1 8401     		.2byte	0x184
 513 03c3 AC050000 		.4byte	0x5ac
 514 03c7 00       		.byte	0
 515 03c8 00       		.byte	0
 516 03c9 04       		.uleb128 0x4
 517 03ca A9000000 		.4byte	.LASF65
 518 03ce 04       		.byte	0x4
 519 03cf 70       		.byte	0x70
 520 03d0 D4030000 		.4byte	0x3d4
 521 03d4 0B       		.uleb128 0xb
 522 03d5 A9010000 		.4byte	.LASF66
 523 03d9 70       		.byte	0x70
 524 03da 05       		.byte	0x5
 525 03db 9C01     		.2byte	0x19c
 526 03dd 16040000 		.4byte	0x416
 527 03e1 09       		.uleb128 0x9
 528 03e2 25030000 		.4byte	.LASF67
 529 03e6 05       		.byte	0x5
 530 03e7 A001     		.2byte	0x1a0
 531 03e9 77020000 		.4byte	0x277
 532 03ed 00       		.byte	0
 533 03ee 09       		.uleb128 0x9
 534 03ef A2000000 		.4byte	.LASF68
 535 03f3 05       		.byte	0x5
 536 03f4 A401     		.2byte	0x1a4
 537 03f6 56030000 		.4byte	0x356
ARM GAS  /tmp/ccBPfI2r.s 			page 11


 538 03fa 1C       		.byte	0x1c
 539 03fb 08       		.uleb128 0x8
 540 03fc 64626700 		.ascii	"dbg\000"
 541 0400 05       		.byte	0x5
 542 0401 A801     		.2byte	0x1a8
 543 0403 A3030000 		.4byte	0x3a3
 544 0407 28       		.byte	0x28
 545 0408 09       		.uleb128 0x9
 546 0409 39000000 		.4byte	.LASF69
 547 040d 05       		.byte	0x5
 548 040e AC01     		.2byte	0x1ac
 549 0410 29010000 		.4byte	0x129
 550 0414 2C       		.byte	0x2c
 551 0415 00       		.byte	0
 552 0416 03       		.uleb128 0x3
 553 0417 04       		.byte	0x4
 554 0418 07       		.byte	0x7
 555 0419 4E000000 		.4byte	.LASF70
 556 041d 04       		.uleb128 0x4
 557 041e BE000000 		.4byte	.LASF71
 558 0422 06       		.byte	0x6
 559 0423 65       		.byte	0x65
 560 0424 FA020000 		.4byte	0x2fa
 561 0428 04       		.uleb128 0x4
 562 0429 FA030000 		.4byte	.LASF72
 563 042d 06       		.byte	0x6
 564 042e 6D       		.byte	0x6d
 565 042f C6000000 		.4byte	0xc6
 566 0433 05       		.uleb128 0x5
 567 0434 B3010000 		.4byte	.LASF73
 568 0438 04       		.byte	0x4
 569 0439 06       		.byte	0x6
 570 043a 89       		.byte	0x89
 571 043b 4B040000 		.4byte	0x44b
 572 043f 07       		.uleb128 0x7
 573 0440 737000   		.ascii	"sp\000"
 574 0443 06       		.byte	0x6
 575 0444 8A       		.byte	0x8a
 576 0445 BD040000 		.4byte	0x4bd
 577 0449 00       		.byte	0
 578 044a 00       		.byte	0
 579 044b 05       		.uleb128 0x5
 580 044c C2030000 		.4byte	.LASF74
 581 0450 24       		.byte	0x24
 582 0451 07       		.byte	0x7
 583 0452 C3       		.byte	0xc3
 584 0453 BD040000 		.4byte	0x4bd
 585 0457 07       		.uleb128 0x7
 586 0458 723800   		.ascii	"r8\000"
 587 045b 07       		.byte	0x7
 588 045c C4       		.byte	0xc4
 589 045d 1D040000 		.4byte	0x41d
 590 0461 00       		.byte	0
 591 0462 07       		.uleb128 0x7
 592 0463 723900   		.ascii	"r9\000"
 593 0466 07       		.byte	0x7
 594 0467 C5       		.byte	0xc5
ARM GAS  /tmp/ccBPfI2r.s 			page 12


 595 0468 1D040000 		.4byte	0x41d
 596 046c 04       		.byte	0x4
 597 046d 07       		.uleb128 0x7
 598 046e 72313000 		.ascii	"r10\000"
 599 0472 07       		.byte	0x7
 600 0473 C6       		.byte	0xc6
 601 0474 1D040000 		.4byte	0x41d
 602 0478 08       		.byte	0x8
 603 0479 07       		.uleb128 0x7
 604 047a 72313100 		.ascii	"r11\000"
 605 047e 07       		.byte	0x7
 606 047f C7       		.byte	0xc7
 607 0480 1D040000 		.4byte	0x41d
 608 0484 0C       		.byte	0xc
 609 0485 07       		.uleb128 0x7
 610 0486 723400   		.ascii	"r4\000"
 611 0489 07       		.byte	0x7
 612 048a C8       		.byte	0xc8
 613 048b 1D040000 		.4byte	0x41d
 614 048f 10       		.byte	0x10
 615 0490 07       		.uleb128 0x7
 616 0491 723500   		.ascii	"r5\000"
 617 0494 07       		.byte	0x7
 618 0495 C9       		.byte	0xc9
 619 0496 1D040000 		.4byte	0x41d
 620 049a 14       		.byte	0x14
 621 049b 07       		.uleb128 0x7
 622 049c 723600   		.ascii	"r6\000"
 623 049f 07       		.byte	0x7
 624 04a0 CA       		.byte	0xca
 625 04a1 1D040000 		.4byte	0x41d
 626 04a5 18       		.byte	0x18
 627 04a6 07       		.uleb128 0x7
 628 04a7 723700   		.ascii	"r7\000"
 629 04aa 07       		.byte	0x7
 630 04ab CB       		.byte	0xcb
 631 04ac 1D040000 		.4byte	0x41d
 632 04b0 1C       		.byte	0x1c
 633 04b1 07       		.uleb128 0x7
 634 04b2 6C7200   		.ascii	"lr\000"
 635 04b5 07       		.byte	0x7
 636 04b6 CC       		.byte	0xcc
 637 04b7 1D040000 		.4byte	0x41d
 638 04bb 20       		.byte	0x20
 639 04bc 00       		.byte	0
 640 04bd 0A       		.uleb128 0xa
 641 04be 04       		.byte	0x4
 642 04bf 4B040000 		.4byte	0x44b
 643 04c3 0F       		.uleb128 0xf
 644 04c4 04       		.byte	0x4
 645 04c5 05       		.byte	0x5
 646 04c6 D2       		.byte	0xd2
 647 04c7 26050000 		.4byte	0x526
 648 04cb 10       		.uleb128 0x10
 649 04cc 64040000 		.4byte	.LASF75
 650 04d0 05       		.byte	0x5
 651 04d1 D9       		.byte	0xd9
ARM GAS  /tmp/ccBPfI2r.s 			page 13


 652 04d2 FD000000 		.4byte	0xfd
 653 04d6 10       		.uleb128 0x10
 654 04d7 05040000 		.4byte	.LASF76
 655 04db 05       		.byte	0x5
 656 04dc E0       		.byte	0xe0
 657 04dd FD000000 		.4byte	0xfd
 658 04e1 10       		.uleb128 0x10
 659 04e2 EB030000 		.4byte	.LASF77
 660 04e6 05       		.byte	0x5
 661 04e7 E7       		.byte	0xe7
 662 04e8 FA020000 		.4byte	0x2fa
 663 04ec 10       		.uleb128 0x10
 664 04ed AF030000 		.4byte	.LASF78
 665 04f1 05       		.byte	0x5
 666 04f2 EE       		.byte	0xee
 667 04f3 26050000 		.4byte	0x526
 668 04f7 10       		.uleb128 0x10
 669 04f8 DA010000 		.4byte	.LASF79
 670 04fc 05       		.byte	0x5
 671 04fd F3       		.byte	0xf3
 672 04fe FD000000 		.4byte	0xfd
 673 0502 10       		.uleb128 0x10
 674 0503 6C000000 		.4byte	.LASF80
 675 0507 05       		.byte	0x5
 676 0508 FC       		.byte	0xfc
 677 0509 51050000 		.4byte	0x551
 678 050d 11       		.uleb128 0x11
 679 050e 7B040000 		.4byte	.LASF81
 680 0512 05       		.byte	0x5
 681 0513 0501     		.2byte	0x105
 682 0515 88050000 		.4byte	0x588
 683 0519 11       		.uleb128 0x11
 684 051a 07020000 		.4byte	.LASF82
 685 051e 05       		.byte	0x5
 686 051f 0D01     		.2byte	0x10d
 687 0521 08010000 		.4byte	0x108
 688 0525 00       		.byte	0
 689 0526 0A       		.uleb128 0xa
 690 0527 04       		.byte	0x4
 691 0528 12020000 		.4byte	0x212
 692 052c 05       		.uleb128 0x5
 693 052d B5030000 		.4byte	.LASF83
 694 0531 0C       		.byte	0xc
 695 0532 08       		.byte	0x8
 696 0533 34       		.byte	0x34
 697 0534 51050000 		.4byte	0x551
 698 0538 06       		.uleb128 0x6
 699 0539 E8010000 		.4byte	.LASF28
 700 053d 08       		.byte	0x8
 701 053e 35       		.byte	0x35
 702 053f 47020000 		.4byte	0x247
 703 0543 00       		.byte	0
 704 0544 07       		.uleb128 0x7
 705 0545 636E7400 		.ascii	"cnt\000"
 706 0549 08       		.byte	0x8
 707 054a 37       		.byte	0x37
 708 054b 13010000 		.4byte	0x113
ARM GAS  /tmp/ccBPfI2r.s 			page 14


 709 054f 08       		.byte	0x8
 710 0550 00       		.byte	0
 711 0551 0A       		.uleb128 0xa
 712 0552 04       		.byte	0x4
 713 0553 2C050000 		.4byte	0x52c
 714 0557 05       		.uleb128 0x5
 715 0558 12010000 		.4byte	.LASF84
 716 055c 10       		.byte	0x10
 717 055d 09       		.byte	0x9
 718 055e 39       		.byte	0x39
 719 055f 88050000 		.4byte	0x588
 720 0563 06       		.uleb128 0x6
 721 0564 E8010000 		.4byte	.LASF28
 722 0568 09       		.byte	0x9
 723 0569 3A       		.byte	0x3a
 724 056a 47020000 		.4byte	0x247
 725 056e 00       		.byte	0
 726 056f 06       		.uleb128 0x6
 727 0570 01020000 		.4byte	.LASF85
 728 0574 09       		.byte	0x9
 729 0575 3C       		.byte	0x3c
 730 0576 1D020000 		.4byte	0x21d
 731 057a 08       		.byte	0x8
 732 057b 06       		.uleb128 0x6
 733 057c 76040000 		.4byte	.LASF47
 734 0580 09       		.byte	0x9
 735 0581 3E       		.byte	0x3e
 736 0582 BC050000 		.4byte	0x5bc
 737 0586 0C       		.byte	0xc
 738 0587 00       		.byte	0
 739 0588 0A       		.uleb128 0xa
 740 0589 04       		.byte	0x4
 741 058a 57050000 		.4byte	0x557
 742 058e 0A       		.uleb128 0xa
 743 058f 04       		.byte	0x4
 744 0590 94050000 		.4byte	0x594
 745 0594 12       		.uleb128 0x12
 746 0595 99050000 		.4byte	0x599
 747 0599 03       		.uleb128 0x3
 748 059a 01       		.byte	0x1
 749 059b 08       		.byte	0x8
 750 059c 2B030000 		.4byte	.LASF86
 751 05a0 0A       		.uleb128 0xa
 752 05a1 04       		.byte	0x4
 753 05a2 28040000 		.4byte	0x428
 754 05a6 0A       		.uleb128 0xa
 755 05a7 04       		.byte	0x4
 756 05a8 FC020000 		.4byte	0x2fc
 757 05ac 13       		.uleb128 0x13
 758 05ad 8E050000 		.4byte	0x58e
 759 05b1 04       		.uleb128 0x4
 760 05b2 30030000 		.4byte	.LASF87
 761 05b6 09       		.byte	0x9
 762 05b7 34       		.byte	0x34
 763 05b8 57050000 		.4byte	0x557
 764 05bc 0A       		.uleb128 0xa
 765 05bd 04       		.byte	0x4
ARM GAS  /tmp/ccBPfI2r.s 			page 15


 766 05be B1050000 		.4byte	0x5b1
 767 05c2 03       		.uleb128 0x3
 768 05c3 01       		.byte	0x1
 769 05c4 02       		.byte	0x2
 770 05c5 60030000 		.4byte	.LASF88
 771 05c9 14       		.uleb128 0x14
 772 05ca 636800   		.ascii	"ch\000"
 773 05cd 05       		.byte	0x5
 774 05ce D201     		.2byte	0x1d2
 775 05d0 C9030000 		.4byte	0x3c9
 776 05d4 00       		.byte	0
 777              		.section	.debug_abbrev,"",%progbits
 778              	.Ldebug_abbrev0:
 779 0000 01       		.uleb128 0x1
 780 0001 11       		.uleb128 0x11
 781 0002 01       		.byte	0x1
 782 0003 25       		.uleb128 0x25
 783 0004 0E       		.uleb128 0xe
 784 0005 13       		.uleb128 0x13
 785 0006 0B       		.uleb128 0xb
 786 0007 03       		.uleb128 0x3
 787 0008 0E       		.uleb128 0xe
 788 0009 1B       		.uleb128 0x1b
 789 000a 0E       		.uleb128 0xe
 790 000b 10       		.uleb128 0x10
 791 000c 17       		.uleb128 0x17
 792 000d 00       		.byte	0
 793 000e 00       		.byte	0
 794 000f 02       		.uleb128 0x2
 795 0010 24       		.uleb128 0x24
 796 0011 00       		.byte	0
 797 0012 0B       		.uleb128 0xb
 798 0013 0B       		.uleb128 0xb
 799 0014 3E       		.uleb128 0x3e
 800 0015 0B       		.uleb128 0xb
 801 0016 03       		.uleb128 0x3
 802 0017 08       		.uleb128 0x8
 803 0018 00       		.byte	0
 804 0019 00       		.byte	0
 805 001a 03       		.uleb128 0x3
 806 001b 24       		.uleb128 0x24
 807 001c 00       		.byte	0
 808 001d 0B       		.uleb128 0xb
 809 001e 0B       		.uleb128 0xb
 810 001f 3E       		.uleb128 0x3e
 811 0020 0B       		.uleb128 0xb
 812 0021 03       		.uleb128 0x3
 813 0022 0E       		.uleb128 0xe
 814 0023 00       		.byte	0
 815 0024 00       		.byte	0
 816 0025 04       		.uleb128 0x4
 817 0026 16       		.uleb128 0x16
 818 0027 00       		.byte	0
 819 0028 03       		.uleb128 0x3
 820 0029 0E       		.uleb128 0xe
 821 002a 3A       		.uleb128 0x3a
 822 002b 0B       		.uleb128 0xb
ARM GAS  /tmp/ccBPfI2r.s 			page 16


 823 002c 3B       		.uleb128 0x3b
 824 002d 0B       		.uleb128 0xb
 825 002e 49       		.uleb128 0x49
 826 002f 13       		.uleb128 0x13
 827 0030 00       		.byte	0
 828 0031 00       		.byte	0
 829 0032 05       		.uleb128 0x5
 830 0033 13       		.uleb128 0x13
 831 0034 01       		.byte	0x1
 832 0035 03       		.uleb128 0x3
 833 0036 0E       		.uleb128 0xe
 834 0037 0B       		.uleb128 0xb
 835 0038 0B       		.uleb128 0xb
 836 0039 3A       		.uleb128 0x3a
 837 003a 0B       		.uleb128 0xb
 838 003b 3B       		.uleb128 0x3b
 839 003c 0B       		.uleb128 0xb
 840 003d 01       		.uleb128 0x1
 841 003e 13       		.uleb128 0x13
 842 003f 00       		.byte	0
 843 0040 00       		.byte	0
 844 0041 06       		.uleb128 0x6
 845 0042 0D       		.uleb128 0xd
 846 0043 00       		.byte	0
 847 0044 03       		.uleb128 0x3
 848 0045 0E       		.uleb128 0xe
 849 0046 3A       		.uleb128 0x3a
 850 0047 0B       		.uleb128 0xb
 851 0048 3B       		.uleb128 0x3b
 852 0049 0B       		.uleb128 0xb
 853 004a 49       		.uleb128 0x49
 854 004b 13       		.uleb128 0x13
 855 004c 38       		.uleb128 0x38
 856 004d 0B       		.uleb128 0xb
 857 004e 00       		.byte	0
 858 004f 00       		.byte	0
 859 0050 07       		.uleb128 0x7
 860 0051 0D       		.uleb128 0xd
 861 0052 00       		.byte	0
 862 0053 03       		.uleb128 0x3
 863 0054 08       		.uleb128 0x8
 864 0055 3A       		.uleb128 0x3a
 865 0056 0B       		.uleb128 0xb
 866 0057 3B       		.uleb128 0x3b
 867 0058 0B       		.uleb128 0xb
 868 0059 49       		.uleb128 0x49
 869 005a 13       		.uleb128 0x13
 870 005b 38       		.uleb128 0x38
 871 005c 0B       		.uleb128 0xb
 872 005d 00       		.byte	0
 873 005e 00       		.byte	0
 874 005f 08       		.uleb128 0x8
 875 0060 0D       		.uleb128 0xd
 876 0061 00       		.byte	0
 877 0062 03       		.uleb128 0x3
 878 0063 08       		.uleb128 0x8
 879 0064 3A       		.uleb128 0x3a
ARM GAS  /tmp/ccBPfI2r.s 			page 17


 880 0065 0B       		.uleb128 0xb
 881 0066 3B       		.uleb128 0x3b
 882 0067 05       		.uleb128 0x5
 883 0068 49       		.uleb128 0x49
 884 0069 13       		.uleb128 0x13
 885 006a 38       		.uleb128 0x38
 886 006b 0B       		.uleb128 0xb
 887 006c 00       		.byte	0
 888 006d 00       		.byte	0
 889 006e 09       		.uleb128 0x9
 890 006f 0D       		.uleb128 0xd
 891 0070 00       		.byte	0
 892 0071 03       		.uleb128 0x3
 893 0072 0E       		.uleb128 0xe
 894 0073 3A       		.uleb128 0x3a
 895 0074 0B       		.uleb128 0xb
 896 0075 3B       		.uleb128 0x3b
 897 0076 05       		.uleb128 0x5
 898 0077 49       		.uleb128 0x49
 899 0078 13       		.uleb128 0x13
 900 0079 38       		.uleb128 0x38
 901 007a 0B       		.uleb128 0xb
 902 007b 00       		.byte	0
 903 007c 00       		.byte	0
 904 007d 0A       		.uleb128 0xa
 905 007e 0F       		.uleb128 0xf
 906 007f 00       		.byte	0
 907 0080 0B       		.uleb128 0xb
 908 0081 0B       		.uleb128 0xb
 909 0082 49       		.uleb128 0x49
 910 0083 13       		.uleb128 0x13
 911 0084 00       		.byte	0
 912 0085 00       		.byte	0
 913 0086 0B       		.uleb128 0xb
 914 0087 13       		.uleb128 0x13
 915 0088 01       		.byte	0x1
 916 0089 03       		.uleb128 0x3
 917 008a 0E       		.uleb128 0xe
 918 008b 0B       		.uleb128 0xb
 919 008c 0B       		.uleb128 0xb
 920 008d 3A       		.uleb128 0x3a
 921 008e 0B       		.uleb128 0xb
 922 008f 3B       		.uleb128 0x3b
 923 0090 05       		.uleb128 0x5
 924 0091 01       		.uleb128 0x1
 925 0092 13       		.uleb128 0x13
 926 0093 00       		.byte	0
 927 0094 00       		.byte	0
 928 0095 0C       		.uleb128 0xc
 929 0096 15       		.uleb128 0x15
 930 0097 01       		.byte	0x1
 931 0098 27       		.uleb128 0x27
 932 0099 19       		.uleb128 0x19
 933 009a 01       		.uleb128 0x1
 934 009b 13       		.uleb128 0x13
 935 009c 00       		.byte	0
 936 009d 00       		.byte	0
ARM GAS  /tmp/ccBPfI2r.s 			page 18


 937 009e 0D       		.uleb128 0xd
 938 009f 05       		.uleb128 0x5
 939 00a0 00       		.byte	0
 940 00a1 49       		.uleb128 0x49
 941 00a2 13       		.uleb128 0x13
 942 00a3 00       		.byte	0
 943 00a4 00       		.byte	0
 944 00a5 0E       		.uleb128 0xe
 945 00a6 0F       		.uleb128 0xf
 946 00a7 00       		.byte	0
 947 00a8 0B       		.uleb128 0xb
 948 00a9 0B       		.uleb128 0xb
 949 00aa 00       		.byte	0
 950 00ab 00       		.byte	0
 951 00ac 0F       		.uleb128 0xf
 952 00ad 17       		.uleb128 0x17
 953 00ae 01       		.byte	0x1
 954 00af 0B       		.uleb128 0xb
 955 00b0 0B       		.uleb128 0xb
 956 00b1 3A       		.uleb128 0x3a
 957 00b2 0B       		.uleb128 0xb
 958 00b3 3B       		.uleb128 0x3b
 959 00b4 0B       		.uleb128 0xb
 960 00b5 01       		.uleb128 0x1
 961 00b6 13       		.uleb128 0x13
 962 00b7 00       		.byte	0
 963 00b8 00       		.byte	0
 964 00b9 10       		.uleb128 0x10
 965 00ba 0D       		.uleb128 0xd
 966 00bb 00       		.byte	0
 967 00bc 03       		.uleb128 0x3
 968 00bd 0E       		.uleb128 0xe
 969 00be 3A       		.uleb128 0x3a
 970 00bf 0B       		.uleb128 0xb
 971 00c0 3B       		.uleb128 0x3b
 972 00c1 0B       		.uleb128 0xb
 973 00c2 49       		.uleb128 0x49
 974 00c3 13       		.uleb128 0x13
 975 00c4 00       		.byte	0
 976 00c5 00       		.byte	0
 977 00c6 11       		.uleb128 0x11
 978 00c7 0D       		.uleb128 0xd
 979 00c8 00       		.byte	0
 980 00c9 03       		.uleb128 0x3
 981 00ca 0E       		.uleb128 0xe
 982 00cb 3A       		.uleb128 0x3a
 983 00cc 0B       		.uleb128 0xb
 984 00cd 3B       		.uleb128 0x3b
 985 00ce 05       		.uleb128 0x5
 986 00cf 49       		.uleb128 0x49
 987 00d0 13       		.uleb128 0x13
 988 00d1 00       		.byte	0
 989 00d2 00       		.byte	0
 990 00d3 12       		.uleb128 0x12
 991 00d4 26       		.uleb128 0x26
 992 00d5 00       		.byte	0
 993 00d6 49       		.uleb128 0x49
ARM GAS  /tmp/ccBPfI2r.s 			page 19


 994 00d7 13       		.uleb128 0x13
 995 00d8 00       		.byte	0
 996 00d9 00       		.byte	0
 997 00da 13       		.uleb128 0x13
 998 00db 35       		.uleb128 0x35
 999 00dc 00       		.byte	0
 1000 00dd 49       		.uleb128 0x49
 1001 00de 13       		.uleb128 0x13
 1002 00df 00       		.byte	0
 1003 00e0 00       		.byte	0
 1004 00e1 14       		.uleb128 0x14
 1005 00e2 34       		.uleb128 0x34
 1006 00e3 00       		.byte	0
 1007 00e4 03       		.uleb128 0x3
 1008 00e5 08       		.uleb128 0x8
 1009 00e6 3A       		.uleb128 0x3a
 1010 00e7 0B       		.uleb128 0xb
 1011 00e8 3B       		.uleb128 0x3b
 1012 00e9 05       		.uleb128 0x5
 1013 00ea 49       		.uleb128 0x49
 1014 00eb 13       		.uleb128 0x13
 1015 00ec 3F       		.uleb128 0x3f
 1016 00ed 19       		.uleb128 0x19
 1017 00ee 3C       		.uleb128 0x3c
 1018 00ef 19       		.uleb128 0x19
 1019 00f0 00       		.byte	0
 1020 00f1 00       		.byte	0
 1021 00f2 00       		.byte	0
 1022              		.section	.debug_aranges,"",%progbits
 1023 0000 14000000 		.4byte	0x14
 1024 0004 0200     		.2byte	0x2
 1025 0006 00000000 		.4byte	.Ldebug_info0
 1026 000a 04       		.byte	0x4
 1027 000b 00       		.byte	0
 1028 000c 0000     		.2byte	0
 1029 000e 0000     		.2byte	0
 1030 0010 00000000 		.4byte	0
 1031 0014 00000000 		.4byte	0
 1032              		.section	.debug_line,"",%progbits
 1033              	.Ldebug_line0:
 1034 0000 29010000 		.section	.debug_str,"MS",%progbits,1
 1034      02002301 
 1034      00000201 
 1034      FB0E0D00 
 1034      01010101 
 1035              	.LASF27:
 1036 0000 74687265 		.ascii	"thread_t\000"
 1036      61645F74 
 1036      00
 1037              	.LASF21:
 1038 0009 74726566 		.ascii	"trefs_t\000"
 1038      735F7400 
 1039              	.LASF63:
 1040 0011 63685F73 		.ascii	"ch_system_debug\000"
 1040      79737465 
 1040      6D5F6465 
 1040      62756700 
ARM GAS  /tmp/ccBPfI2r.s 			page 20


 1041              	.LASF39:
 1042 0021 6570656E 		.ascii	"epending\000"
 1042      64696E67 
 1042      00
 1043              	.LASF34:
 1044 002a 73746174 		.ascii	"state\000"
 1044      6500
 1045              	.LASF18:
 1046 0030 75696E74 		.ascii	"uint64_t\000"
 1046      36345F74 
 1046      00
 1047              	.LASF69:
 1048 0039 6D61696E 		.ascii	"mainthread\000"
 1048      74687265 
 1048      616400
 1049              	.LASF3:
 1050 0044 73686F72 		.ascii	"short int\000"
 1050      7420696E 
 1050      7400
 1051              	.LASF70:
 1052 004e 73697A65 		.ascii	"sizetype\000"
 1052      74797065 
 1052      00
 1053              	.LASF62:
 1054 0057 73797374 		.ascii	"system_debug_t\000"
 1054      656D5F64 
 1054      65627567 
 1054      5F7400
 1055              	.LASF57:
 1056 0066 64656C74 		.ascii	"delta\000"
 1056      6100
 1057              	.LASF80:
 1058 006c 77747365 		.ascii	"wtsemp\000"
 1058      6D7000
 1059              	.LASF5:
 1060 0073 5F5F7569 		.ascii	"__uint16_t\000"
 1060      6E743136 
 1060      5F7400
 1061              	.LASF24:
 1062 007e 6576656E 		.ascii	"eventmask_t\000"
 1062      746D6173 
 1062      6B5F7400 
 1063              	.LASF19:
 1064 008a 746D6F64 		.ascii	"tmode_t\000"
 1064      655F7400 
 1065              	.LASF46:
 1066 0092 63685F74 		.ascii	"ch_threads_list\000"
 1066      68726561 
 1066      64735F6C 
 1066      69737400 
 1067              	.LASF68:
 1068 00a2 76746C69 		.ascii	"vtlist\000"
 1068      737400
 1069              	.LASF65:
 1070 00a9 63685F73 		.ascii	"ch_system_t\000"
 1070      79737465 
 1070      6D5F7400 
ARM GAS  /tmp/ccBPfI2r.s 			page 21


 1071              	.LASF38:
 1072 00b5 6D736771 		.ascii	"msgqueue\000"
 1072      75657565 
 1072      00
 1073              	.LASF71:
 1074 00be 72656761 		.ascii	"regarm_t\000"
 1074      726D5F74 
 1074      00
 1075              	.LASF14:
 1076 00c7 75696E74 		.ascii	"uint8_t\000"
 1076      385F7400 
 1077              	.LASF49:
 1078 00cf 63685F74 		.ascii	"ch_threads_queue\000"
 1078      68726561 
 1078      64735F71 
 1078      75657565 
 1078      00
 1079              	.LASF90:
 1080 00e0 2E2E2F2E 		.ascii	"../../../os/hal/ports/STM32/LLD/DMAv1/stm32_dma.c\000"
 1080      2E2F2E2E 
 1080      2F6F732F 
 1080      68616C2F 
 1080      706F7274 
 1081              	.LASF84:
 1082 0112 63685F6D 		.ascii	"ch_mutex\000"
 1082      75746578 
 1082      00
 1083              	.LASF91:
 1084 011b 2F686F6D 		.ascii	"/home/awygle/ChibiOS-RT/demos/STM32/RT-STM32F030R8-"
 1084      652F6177 
 1084      79676C65 
 1084      2F436869 
 1084      62694F53 
 1085 014e 4E55434C 		.ascii	"NUCLEO64\000"
 1085      454F3634 
 1085      00
 1086              	.LASF45:
 1087 0157 63685F74 		.ascii	"ch_thread\000"
 1087      68726561 
 1087      6400
 1088              	.LASF31:
 1089 0161 6F6C6465 		.ascii	"older\000"
 1089      7200
 1090              	.LASF33:
 1091 0167 77616261 		.ascii	"wabase\000"
 1091      736500
 1092              	.LASF58:
 1093 016e 66756E63 		.ascii	"func\000"
 1093      00
 1094              	.LASF11:
 1095 0173 6C6F6E67 		.ascii	"long long int\000"
 1095      206C6F6E 
 1095      6720696E 
 1095      7400
 1096              	.LASF13:
 1097 0181 6C6F6E67 		.ascii	"long long unsigned int\000"
 1097      206C6F6E 
ARM GAS  /tmp/ccBPfI2r.s 			page 22


 1097      6720756E 
 1097      7369676E 
 1097      65642069 
 1098              	.LASF22:
 1099 0198 74707269 		.ascii	"tprio_t\000"
 1099      6F5F7400 
 1100              	.LASF8:
 1101 01a0 6C6F6E67 		.ascii	"long int\000"
 1101      20696E74 
 1101      00
 1102              	.LASF66:
 1103 01a9 63685F73 		.ascii	"ch_system\000"
 1103      79737465 
 1103      6D00
 1104              	.LASF73:
 1105 01b3 706F7274 		.ascii	"port_context\000"
 1105      5F636F6E 
 1105      74657874 
 1105      00
 1106              	.LASF55:
 1107 01c0 76697274 		.ascii	"virtual_timer_t\000"
 1107      75616C5F 
 1107      74696D65 
 1107      725F7400 
 1108              	.LASF4:
 1109 01d0 5F5F7569 		.ascii	"__uint8_t\000"
 1109      6E74385F 
 1109      7400
 1110              	.LASF79:
 1111 01da 73656E74 		.ascii	"sentmsg\000"
 1111      6D736700 
 1112              	.LASF30:
 1113 01e2 6E657765 		.ascii	"newer\000"
 1113      7200
 1114              	.LASF28:
 1115 01e8 71756575 		.ascii	"queue\000"
 1115      6500
 1116              	.LASF32:
 1117 01ee 6E616D65 		.ascii	"name\000"
 1117      00
 1118              	.LASF2:
 1119 01f3 756E7369 		.ascii	"unsigned char\000"
 1119      676E6564 
 1119      20636861 
 1119      7200
 1120              	.LASF85:
 1121 0201 6F776E65 		.ascii	"owner\000"
 1121      7200
 1122              	.LASF82:
 1123 0207 65776D61 		.ascii	"ewmask\000"
 1123      736B00
 1124              	.LASF1:
 1125 020e 7369676E 		.ascii	"signed char\000"
 1125      65642063 
 1125      68617200 
 1126              	.LASF35:
 1127 021a 666C6167 		.ascii	"flags\000"
ARM GAS  /tmp/ccBPfI2r.s 			page 23


 1127      7300
 1128              	.LASF17:
 1129 0220 75696E74 		.ascii	"uint32_t\000"
 1129      33325F74 
 1129      00
 1130              	.LASF0:
 1131 0229 756E7369 		.ascii	"unsigned int\000"
 1131      676E6564 
 1131      20696E74 
 1131      00
 1132              	.LASF15:
 1133 0236 75696E74 		.ascii	"uint16_t\000"
 1133      31365F74 
 1133      00
 1134              	.LASF59:
 1135 023f 76697274 		.ascii	"virtual_timers_list_t\000"
 1135      75616C5F 
 1135      74696D65 
 1135      72735F6C 
 1135      6973745F 
 1136              	.LASF48:
 1137 0255 74687265 		.ascii	"threads_queue_t\000"
 1137      6164735F 
 1137      71756575 
 1137      655F7400 
 1138              	.LASF6:
 1139 0265 73686F72 		.ascii	"short unsigned int\000"
 1139      7420756E 
 1139      7369676E 
 1139      65642069 
 1139      6E7400
 1140              	.LASF89:
 1141 0278 474E5520 		.ascii	"GNU C 4.8.3 -mcpu=cortex-m0 -mno-thumb-interwork -m"
 1141      4320342E 
 1141      382E3320 
 1141      2D6D6370 
 1141      753D636F 
 1142 02ab 7468756D 		.ascii	"thumb -ggdb -O2 -fomit-frame-pointer -falign-functi"
 1142      62202D67 
 1142      67646220 
 1142      2D4F3220 
 1142      2D666F6D 
 1143 02de 6F6E733D 		.ascii	"ons=16 -ffunction-sections -fdata-sections -fno-com"
 1143      3136202D 
 1143      6666756E 
 1143      6374696F 
 1143      6E2D7365 
 1144 0311 6D6F6E20 		.ascii	"mon -flto\000"
 1144      2D666C74 
 1144      6F00
 1145              	.LASF26:
 1146 031b 73797374 		.ascii	"systime_t\000"
 1146      696D655F 
 1146      7400
 1147              	.LASF67:
 1148 0325 726C6973 		.ascii	"rlist\000"
 1148      7400
ARM GAS  /tmp/ccBPfI2r.s 			page 24


 1149              	.LASF86:
 1150 032b 63686172 		.ascii	"char\000"
 1150      00
 1151              	.LASF87:
 1152 0330 6D757465 		.ascii	"mutex_t\000"
 1152      785F7400 
 1153              	.LASF56:
 1154 0338 63685F76 		.ascii	"ch_virtual_timer\000"
 1154      69727475 
 1154      616C5F74 
 1154      696D6572 
 1154      00
 1155              	.LASF16:
 1156 0349 696E7433 		.ascii	"int32_t\000"
 1156      325F7400 
 1157              	.LASF25:
 1158 0351 636E745F 		.ascii	"cnt_t\000"
 1158      7400
 1159              	.LASF41:
 1160 0357 7265616C 		.ascii	"realprio\000"
 1160      7072696F 
 1160      00
 1161              	.LASF88:
 1162 0360 5F426F6F 		.ascii	"_Bool\000"
 1162      6C00
 1163              	.LASF12:
 1164 0366 5F5F7569 		.ascii	"__uint64_t\000"
 1164      6E743634 
 1164      5F7400
 1165              	.LASF36:
 1166 0371 72656673 		.ascii	"refs\000"
 1166      00
 1167              	.LASF61:
 1168 0376 6C617374 		.ascii	"lasttime\000"
 1168      74696D65 
 1168      00
 1169              	.LASF20:
 1170 037f 74737461 		.ascii	"tstate_t\000"
 1170      74655F74 
 1170      00
 1171              	.LASF10:
 1172 0388 6C6F6E67 		.ascii	"long unsigned int\000"
 1172      20756E73 
 1172      69676E65 
 1172      6420696E 
 1172      7400
 1173              	.LASF64:
 1174 039a 70616E69 		.ascii	"panic_msg\000"
 1174      635F6D73 
 1174      6700
 1175              	.LASF9:
 1176 03a4 5F5F7569 		.ascii	"__uint32_t\000"
 1176      6E743332 
 1176      5F7400
 1177              	.LASF78:
 1178 03af 77747472 		.ascii	"wttrp\000"
 1178      7000
ARM GAS  /tmp/ccBPfI2r.s 			page 25


 1179              	.LASF83:
 1180 03b5 63685F73 		.ascii	"ch_semaphore\000"
 1180      656D6170 
 1180      686F7265 
 1180      00
 1181              	.LASF74:
 1182 03c2 706F7274 		.ascii	"port_intctx\000"
 1182      5F696E74 
 1182      63747800 
 1183              	.LASF7:
 1184 03ce 5F5F696E 		.ascii	"__int32_t\000"
 1184      7433325F 
 1184      7400
 1185              	.LASF43:
 1186 03d8 74687265 		.ascii	"thread_reference_t\000"
 1186      61645F72 
 1186      65666572 
 1186      656E6365 
 1186      5F7400
 1187              	.LASF77:
 1188 03eb 77746F62 		.ascii	"wtobjp\000"
 1188      6A7000
 1189              	.LASF40:
 1190 03f2 6D74786C 		.ascii	"mtxlist\000"
 1190      69737400 
 1191              	.LASF72:
 1192 03fa 73746B61 		.ascii	"stkalign_t\000"
 1192      6C69676E 
 1192      5F7400
 1193              	.LASF76:
 1194 0405 65786974 		.ascii	"exitcode\000"
 1194      636F6465 
 1194      00
 1195              	.LASF42:
 1196 040e 6D706F6F 		.ascii	"mpool\000"
 1196      6C00
 1197              	.LASF54:
 1198 0414 76746675 		.ascii	"vtfunc_t\000"
 1198      6E635F74 
 1198      00
 1199              	.LASF51:
 1200 041d 72656164 		.ascii	"ready_list_t\000"
 1200      795F6C69 
 1200      73745F74 
 1200      00
 1201              	.LASF53:
 1202 042a 63757272 		.ascii	"current\000"
 1202      656E7400 
 1203              	.LASF37:
 1204 0432 77616974 		.ascii	"waiting\000"
 1204      696E6700 
 1205              	.LASF52:
 1206 043a 63685F72 		.ascii	"ch_ready_list\000"
 1206      65616479 
 1206      5F6C6973 
 1206      7400
 1207              	.LASF50:
ARM GAS  /tmp/ccBPfI2r.s 			page 26


 1208 0448 70726576 		.ascii	"prev\000"
 1208      00
 1209              	.LASF60:
 1210 044d 63685F76 		.ascii	"ch_virtual_timers_list\000"
 1210      69727475 
 1210      616C5F74 
 1210      696D6572 
 1210      735F6C69 
 1211              	.LASF75:
 1212 0464 7264796D 		.ascii	"rdymsg\000"
 1212      736700
 1213              	.LASF23:
 1214 046b 6D73675F 		.ascii	"msg_t\000"
 1214      7400
 1215              	.LASF29:
 1216 0471 7072696F 		.ascii	"prio\000"
 1216      00
 1217              	.LASF47:
 1218 0476 6E657874 		.ascii	"next\000"
 1218      00
 1219              	.LASF81:
 1220 047b 77746D74 		.ascii	"wtmtxp\000"
 1220      787000
 1221              	.LASF44:
 1222 0482 74687265 		.ascii	"threads_list_t\000"
 1222      6164735F 
 1222      6C697374 
 1222      5F7400
 1223              		.comm	__gnu_lto_v1,1,1
 1224              		.ident	"GCC: (4.8.3-18ubuntu2+12) 4.8.3"
ARM GAS  /tmp/ccBPfI2r.s 			page 27


DEFINED SYMBOLS
                            *ABS*:0000000000000000 stm32_dma.c
                            *COM*:0000000000000001 __gnu_lto_v1

NO UNDEFINED SYMBOLS
