ARM GAS  /tmp/ccCY94ac.s 			page 1


   1              		.cpu cortex-m0
   2              		.fpu softvfp
   3              		.eabi_attribute 20, 1
   4              		.eabi_attribute 21, 1
   5              		.eabi_attribute 23, 3
   6              		.eabi_attribute 24, 1
   7              		.eabi_attribute 25, 1
   8              		.eabi_attribute 26, 1
   9              		.eabi_attribute 30, 2
  10              		.eabi_attribute 34, 0
  11              		.eabi_attribute 18, 4
  12              		.code	16
  13              		.file	"vectors.c"
  14              		.text
  15              	.Ltext0:
  16              		.section	.gnu.lto_.jmpfuncs.b3bc6420ae86c184,"",%progbits
  17 0000 789C6362 		.ascii	"x\234cb`b\300\006X\2404#\020\003\000\000\344\000\012"
  17      6062C006 
  17      58A03423 
  17      10030000 
  17      E4000A
  18              		.text
  19              		.section	.gnu.lto_.inline.b3bc6420ae86c184,"",%progbits
  20 0000 789C6DCB 		.ascii	"x\234m\313E\022\002A\020E\301\356apww\367\373\237\206"
  20      45120241 
  20      1045C1EE 
  20      61707777 
  20      F7FB9F86 
  21 0014 AB403011 		.ascii	"\253@0\021\311\206\332\374\\\274JB\022\376\335+f\373"
  21      C986DAFC 
  21      5CBC4A42 
  21      12FEDD2B 
  21      66FB
  22 0026 0C9F207E 		.ascii	"\014\237 ~\2434K\243\346\367\231\243\224\362T\240\""
  22      A3344BA3 
  22      E6F799A3 
  22      94F254A0 
  22      22
  23 0037 95A84C15 		.ascii	"\225\250L\025\252R\215\352\324\240&\265\250M\035\352"
  23      AA528DEA 
  23      D4A026B5 
  23      A84D1DEA 
  24 0047 528FFA34 		.ascii	"R\217\3724\240!\215hL\023\232\322\214\346\264\240%\255"
  24      A0218D68 
  24      4C139AD2 
  24      8CE6B4A0 
  24      25AD
  25 0059 684D1BDA 		.ascii	"hM\033\332\322\216\366t\240#\235\350L\027\272\322\215"
  25      D28EF674 
  25      A0239DE8 
  25      4C17BAD2 
  25      8D
  26 006a EEF4A0F0 		.ascii	"\356\364\240\360\006\310R\005X"
  26      06C85205 
  26      58
  27              		.text
  28              		.section	.gnu.lto_.pureconst.b3bc6420ae86c184,"",%progbits
ARM GAS  /tmp/ccCY94ac.s 			page 2


  29 0000 789C25C1 		.ascii	"x\234%\301\307\001\202@\000\000\260\363\260`\305\002"
  29      C7018240 
  29      0000B0F3 
  29      B060C502 
  30 0010 1A3B62EF 		.ascii	"\032;b\357n\344\376[\3700\211!\206o\370{\207OM\224\250"
  30      6EE4FE5B 
  30      F8308921 
  30      866FF87B 
  30      874F4D94 
  31 0025 6B686A49 		.ascii	"khjI\265ut\365\364\015d\206F\306&r\205\251\031\346\026"
  31      B57574F5 
  31      F40D6486 
  31      46C62672 
  31      85A919E6 
  32 003a 9656D636 		.ascii	"\226V\3266\266J;\225\275\203\243\223\263\213\253\233"
  32      B64A3B95 
  32      BD83A393 
  32      B38BAB9B 
  33 004a BB87A797 		.ascii	"\273\207\247\227\037\230\274\011L"
  33      1F98BC09 
  33      4C
  34              		.text
  35              		.section	.gnu.lto__unhandled_exception.b3bc6420ae86c184,"",%progbits
  36 0000 789C6362 		.ascii	"x\234cb`b@\007:@\354\005\3046@\314\310\312\300\3104"
  36      60624007 
  36      3A40EC05 
  36      C43640CC 
  36      C8CAC0C8 
  37 0015 E11C0343 		.ascii	"\341\034\003C#\007\023#3\210\301\310\314\310\002\021"
  37      23071323 
  37      3388C1C8 
  37      CCC80211 
  38 0025 60810838 		.ascii	"`\201\010822\32431\2630\326G2\202\265\257g:\360\340"
  38      3232D433 
  38      31B330D6 
  38      473282B5 
  38      AF673AF0 
  39 003a FFFF757B 		.ascii	"\377\377u{\226>\312f\004\211\2602\26444LP``H\006\313"
  39      963ECA66 
  39      0489B032 
  39      B434344C 
  39      50606048 
  40 0050 87004946 		.ascii	"\207\000IF \311\0044)\204\221\231\001h\004c\010#\013"
  40      20C90434 
  40      29849199 
  40      01680463 
  40      08230B
  41 0063 948618C1 		.ascii	"\224\206\030\301`\245\247\247\017A\371\305\372\311\371"
  41      60A5A7A7 
  41      0F41F9C5 
  41      FAC9F9
  42 0072 B9B9F979 		.ascii	"\271\271\371y\372\305%\211E%\245\005\372\216A\276\316"
  42      FAC52589 
  42      4525A505 
  42      FA8E41BE 
  42      CE
  43 0083 BE1520D1 		.ascii	"\276\025 \321\202\314\234\324\242b}wgg\375\262\324\344"
ARM GAS  /tmp/ccCY94ac.s 			page 3


  43      82CC9CD4 
  43      A2627D77 
  43      6767FDB2 
  43      D4E4
  44 0095 92FCA262 		.ascii	"\222\374\242b\275d\006\000\330\267+R"
  44      BD640600 
  44      D8B72B52 
  45              		.text
  46              		.section	.gnu.lto_.symbol_nodes.b3bc6420ae86c184,"",%progbits
  47 0000 789C55C9 		.ascii	"x\234U\3115V\003P\000D\321\371?\204\340\356\004\213"
  47      35560350 
  47      0044D1F9 
  47      3F84E0EE 
  47      048B
  48 0012 7B70979A 		.ascii	"{p\227\232U=h\250Y\001\347\260\023\334\011\266!\212"
  48      553D68A8 
  48      5901E7B0 
  48      13DC09B6 
  48      218A
  49 0024 5030D3DD 		.ascii	"P0\323\3357QQ\351\204\332\213\031\244\363\226\004\027"
  49      375151E9 
  49      84DA8B19 
  49      A4F39604 
  49      17
  50 0035 C7314BF8 		.ascii	"\3071K\370\303\331e\010\2129\2429O\302\\\240\303\\$"
  50      C3D96508 
  50      8A39A239 
  50      4FC25CA0 
  50      C35C24
  51 0048 692ED169 		.ascii	"i.\321i.\2232W\3502W\3516\327\3501\327\35157\35037\351"
  51      2E933257 
  51      E83257E9 
  51      36D7E831 
  51      D7E93537 
  52 0060 372F3360 		.ascii	"7/3`^a\320\274\312\220y\215a\363:#\346\015F\315\233"
  52      5E61D0BC 
  52      CA90798D 
  52      61F33A23 
  52      E60D46CD 
  53 0075 8C99B718 		.ascii	"\214\231\267\0307o3a\336a\322\274\313\224y\217i\363"
  53      376F3361 
  53      DE61D2BC 
  53      CB94798F 
  53      69F3
  54 0087 3E33E603 		.ascii	">3\346\003f\315\207\244\315G\314\231\257\304\274\205"
  54      66CD87A4 
  54      CD47CC99 
  54      AFC4BC85 
  55 0097 6BB160E1 		.ascii	"k\261`\341F,Z\270\025K\026\356D\306\302\275\310Zx\020"
  55      462C5AB8 
  55      154B16EE 
  55      44C6C2BD 
  55      C85A7810 
  56 00ab 390B8F22 		.ascii	"9\013\217\"o\341I\024,<\213\242\205\027Q\262\360*\312"
  56      6FE14914 
  56      2C3C8BA2 
  56      851751B2 
ARM GAS  /tmp/ccCY94ac.s 			page 4


  56      F02ACA
  57 00be 16DE44C5 		.ascii	"\026\336D\305\302\273\250Zh\211\232\205\017Q\267\360"
  57      C2BBA85A 
  57      68899A85 
  57      0F51B7F0 
  58 00ce 291AFF43 		.ascii	")\032\377C\362KJ\241\344\267\202P\370\021\315\366}r"
  58      F24B4AA1 
  58      E4B78250 
  58      F811CDF6 
  58      7D72
  59 00e0 1AF40BA2 		.ascii	"\032\364\013\242\313\333@"
  59      CBDB40
  60              		.text
  61              		.section	.gnu.lto_.refs.b3bc6420ae86c184,"",%progbits
  62 0000 789C1DC3 		.ascii	"x\234\035\303\007\016\202@\000\000\301\273\305\212\275"
  62      070E8240 
  62      0000C1BB 
  62      C58ABD
  63 000f 1754EC22 		.ascii	"\027T\354\"6\374\377\347\3348\311\020\010Y\014\1771"
  63      36FCFFE7 
  63      DC38C910 
  63      08590C7F 
  63      31
  64 0020 2621E2C4 		.ascii	"&!\342\3045\327\335p\323-\267\235\272\343\256{\356{"
  64      35D7DD70 
  64      D32DB79D 
  64      BAE3AE7B 
  64      EE7B
  65 0032 E0A1471E 		.ascii	"\340\241G\036{\342\251g\236{\341\245W^;\363\306[\357"
  65      7BE2A967 
  65      9E7BE1A5 
  65      575E3BF3 
  65      C65BEF
  66 0045 9C7BEF83 		.ascii	"\234{\357\203\217>\371\354\213\257\276\271\360\335\245"
  66      8F3EF9EC 
  66      8BAFBEB9 
  66      F0DDA5
  67 0054 1F7EFAE5 		.ascii	"\037~\372\345w\022\252\017\025_\"\220P\243N\203&-\332"
  67      7712AA0F 
  67      155F2290 
  67      50A34E83 
  67      262DDA
  68 0067 A474E8D2 		.ascii	"\244t\350\322\243\317\200!#\306L\2302c\316\202%+\326"
  68      A3CF8021 
  68      23C64C98 
  68      3263CE82 
  68      252BD6
  69 007a 646CD8B2 		.ascii	"dl\330\262#g\317\201#'\316\\\270r\243\340N\311\203'"
  69      2367CF81 
  69      2327CE5C 
  69      B872A3E0 
  69      4EC98327 
  70 008e 2FDEE107 		.ascii	"/\336\341\007=\360\012k"
  70      3DF00A6B 
  71              		.text
  72              		.section	.gnu.lto_.decls.b3bc6420ae86c184,"",%progbits
  73 0000 789CAD9A 		.ascii	"x\234\255\232mpT\325\031\307\317\331\015d\227\004\362"
ARM GAS  /tmp/ccCY94ac.s 			page 5


  73      6D7054D5 
  73      19C7CFD9 
  73      0D649704 
  73      F2
  74 0011 2268A895 		.ascii	"\"h\250\225\304\316\340t\350\224\004\015$tFGHG\361C"
  74      C4CEE074 
  74      E894040D 
  74      24744647 
  74      4847F143 
  75 0025 B4238569 		.ascii	"\264#\205i\247\037v.\273\267\260C\262I\263\273(\323"
  75      A71F762E 
  75      BBB7B043 
  75      B249B3BB 
  75      28D3
  76 0037 0FBD8002 		.ascii	"\017\275\200\002-\245\206\030!\"\301\244\020\204\026"
  76      2DA58618 
  76      2122C1A4 
  76      108416
  77 0046 8700F28E 		.ascii	"\207\000\362\216\260\021\320\000\226\"\240P\2014\"\357"
  77      B011D000 
  77      9622A050 
  77      813422EF 
  78 0056 B5318D01 		.ascii	"\2651\215\001y\211I\237\373\362\354\336s\356\331i\266"
  78      7989499F 
  78      FBF2ECDE 
  78      73EED969 
  78      B6
  79 0067 73EEF09C 		.ascii	"s\356\360\234\234\275\317\377<\277\377={v\367\316\271"
  79      9CBDCFFF 
  79      3CBFFF3D 
  79      7B76F7CE 
  79      B9
  80 0078 B8888B64 		.ascii	"\270\210\213dSB\006\340\250x\214\220\3224\002g\010y"
  80      534206E0 
  80      A8788C90 
  80      D2340267 
  80      0879
  81 008a 8A248E22 		.ascii	"\212$\216\"\210f\210\015\020\333!\366@\034\2048\002"
  81      8866880D 
  81      10DB21F6 
  81      401C8438 
  81      02
  82 009b 711CE213 		.ascii	"q\034\342\023\210\263\020\027!\276\204\270\001\3615"
  82      88B31017 
  82      21BE84B8 
  82      01F135
  83 00aa C42D88FB 		.ascii	"\304-\210\373\020\024\352\247C\014\207x\000b4D>\304"
  83      1014EAA7 
  83      430C8778 
  83      00623444 
  83      3EC4
  84 00bc 58881F41 		.ascii	"X\210\037AL\200(\201x\022\242\014\3429\210\027 f@\374"
  84      4C802881 
  84      7812A20C 
  84      E2398817 
  84      206640FC 
  85 00d0 0A428198 		.ascii	"\012B\201\230\015Q\011\021\206\230\017\361;\210W!\226"
ARM GAS  /tmp/ccCY94ac.s 			page 6


  85      0D510911 
  85      86980FF1 
  85      3B885721 
  85      96
  86 00e1 41AC8058 		.ascii	"A\254\200X\005\321\010\261\016b\023\304\026\210\035"
  86      05D108B1 
  86      0E6213C4 
  86      16881D
  87 00f0 10FB20DA 		.ascii	"\020\373 \332\250yM\207\340\357P\027a\216f[\237r\257"
  87      A8794D87 
  87      E0EF5017 
  87      618E665B 
  87      9F72AF
  88 0103 F1C8276B 		.ascii	"\361\310'k\265\326/:\217\254:N\265:\255o`\300M\037$"
  88      B5D62F3A 
  88      8FAC3A4E 
  88      B53AAD6F 
  88      60C04D1F 
  89 0118 6F687034 		.ascii	"ohp4-\3264\032Q\350S\243\310/\250BGxI\201\321\311\364"
  89      2DD6341A 
  89      51E853A3 
  89      C82FA842 
  89      47784981 
  90 012f 923463A8 		.ascii	"\2224c\250B\377\014Z\2637\303m\226s\221'\027hZ6\031"
  90      42FF0C5A 
  90      B337C36D 
  90      96739127 
  90      17685A36 
  91 0144 47364189 		.ascii	"G6A\211ZM\373`\034\025P\011y\214\264\350\020m\243\346"
  91      5A4DFB60 
  91      1C155009 
  91      798CB4E8 
  91      106DA3E6 
  92 0158 36107A91 		.ascii	"6\020z\221f\232o\227(t\035e\256H\367\332Y\033\353V\333"
  92      669A6F97 
  92      28741D65 
  92      AE48F7DA 
  92      591BEB56 
  93 016d 9BBA0706 		.ascii	"\233\272\007\006\262L\276\213\374\222\202t=\035gh\334"
  93      B24CBE8B 
  93      FC928274 
  93      3D1D6768 
  93      DC
  94 017e FA6CB888 		.ascii	"\372l\270\210J\315\036!c\310\334F\255\341\351\034R\253"
  94      4ACD1E21 
  94      63C8DC46 
  94      ADE1E91C 
  94      52AB
  95 0190 E30A1AE0 		.ascii	"\343\012\032\340:\226j\332B\255\263E\313\313#xi\036"
  95      3A966ADA 
  95      42ADB345 
  95      CBCB2378 
  95      691E
  96 01a2 BC34DDED 		.ascii	"\2744\335\355X\262\3364\357R\350\273\324\013u\026P\361"
  96      58B2DE34 
  96      EF52E8BB 
  96      D40B7516 
ARM GAS  /tmp/ccCY94ac.s 			page 7


  96      50F1
  97 01b4 551053A0 		.ascii	"U\020S\240\037\372x\263\217\275\001\032/\277\221b\375"
  97      1FFA78B3 
  97      8FBD011A 
  97      2FBF9162 
  97      FD
  98 01c5 51D6B0CD 		.ascii	"Q\326\260\3154\307\350\031n\214\311\236\326>\302P$\233"
  98      34C7E819 
  98      6E8CC99E 
  98      D63EC250 
  98      249B
  99 01d7 EC561B28 		.ascii	"\354V\033(\323\233\350\214\264\331\261\256~\261\303"
  99      D39BE88C 
  99      B4D9B1AE 
  99      7EB1C3
 100 01e6 AE42DF11 		.ascii	"\256B\337\021\316e\0177\227\313\250c2\025\272\011\206"
 100      CE650F37 
 100      97CBA863 
 100      3215BA09 
 100      86
 101 01f7 B2B399F0 		.ascii	"\262\263\231\360oI\266Q\227\203\370\236\220\330\313"
 101      6F49B651 
 101      9783F89E 
 101      90D8CB
 102 0206 111B2512 		.ascii	"\021\033%\022\367\012\211\2679\342\026\211\304\230\220"
 102      F70A89B7 
 102      39E21689 
 102      C49890
 103 0215 788723C6 		.ascii	"x\207#\306$\022?\024\022\357q\304\323\022\211\037\013"
 103      24123F14 
 103      12EF71C4 
 103      D312891F 
 103      0B
 104 0226 897D1CF1 		.ascii	"\211}\034\361\202D\342)!\261\237#^\221H<'$\326~\230"
 104      8244E229 
 104      21B19F23 
 104      5E91483C 
 104      2724D67E 
 105 023b 59DBD639 		.ascii	"Y\333\32690\220\217\310.\211\310\016!\262\216G~+\021"
 105      30908FC8 
 105      2E89C80E 
 105      21B28E47 
 105      7E2B11
 106 024e 795988AC 		.ascii	"yY\210\254\347\221\213\\\362\2207\205\310\225<\262^"
 106      E7918B5C 
 106      F2903785 
 106      C8953CB2 
 106      5E
 107 025f 22B25B88 		.ascii	"\"\262[\210l\340\221\215\022\221\267\205\310\325<r\263"
 107      6CE0918D 
 107      1291B785 
 107      C8D53C72 
 107      B3
 108 0270 44649F10 		.ascii	"Dd\237\020\271\206G\356\227\210\\\350\022!\327\362\310"
 108      B98647EE 
 108      97885CE8 
 108      1221D7F2 
ARM GAS  /tmp/ccCY94ac.s 			page 8


 108      C8
 109 0281 2312914B 		.ascii	"#\022\221K\205\310V\036yB\"\362OB\3446\036yV\"\262^"
 109      85C8561E 
 109      794222F2 
 109      4F42E436 
 109      1E795622 
 110 0297 88DCC923 		.ascii	"\210\334\311#;%\"W\013\221\273y\344\015\211\310&!r/"
 110      3B252257 
 110      0B91BB79 
 110      E40D89C8 
 110      2621722F 
 111 02ab 8FEC9188 		.ascii	"\217\354\221\210\334 D\356\347\221\367%\"7\013\221\247"
 111      DC2044EE 
 111      E791F725 
 111      22370B91 
 111      A7
 112 02bc 78E42B6E 		.ascii	"x\344+ny\310mB\344\031\036\271\\\"r\267\020\371\031"
 112      79C86D42 
 112      E4191EB9 
 112      5C2272B7 
 112      10F919
 113 02cf 8F5C2911 		.ascii	"\217\\)\021y@\210<\307#\337\226\210<,Dv\360\310\215"
 113      7940883C 
 113      C723DF96 
 113      883C2C44 
 113      76F0C88D 
 114 02e3 1291C784 		.ascii	"\022\221\307\204\310n\036\271U\"\362\244\020\331\303"
 114      C86E1EB9 
 114      5522F2A4 
 114      10D9C3
 115 02f2 23F74A44 		.ascii	"#\367JD~&D\366\362\310C\022\221\027\204\310{<\362c\211"
 115      7E2644F6 
 115      F2C84312 
 115      911784C8 
 115      7B3CF263 
 116 0307 C84B4264 		.ascii	"\310KBd\037\217\374T\"\362\272\020\331\317#;$\"\273"
 116      1F8FFC54 
 116      22F2BA10 
 116      D9CF233B 
 116      2422BB
 117 031a 84C8DA8F 		.ascii	"\204\310\332\2178\3445\211\310^!r%\217\354\226\210\274"
 117      38E43589 
 117      C85E2172 
 117      258FEC96 
 117      88BC
 118 032c 274436F0 		.ascii	"'D6\360\310\273\022\221\232[xS\311#\027\246\311C.\026"
 118      C8BB1291 
 118      9A5B7853 
 118      C92317A6 
 118      C9432E16 
 119 0340 22D7F0C8 		.ascii	"\"\327\360\310e\022\221\177\024\"\267\361\310z\211\310"
 119      6512917F 
 119      1422B7F1 
 119      C87A89C8 
 120 0350 3A21F23D 		.ascii	":!\362=\036\331(\021\331 D\356\344\221\033$\"\327\012"
 120      1ED92811 
 120      D92044EE 
ARM GAS  /tmp/ccCY94ac.s 			page 9


 120      E4911B24 
 120      22D70A
 121 0363 91BB79E4 		.ascii	"\221\273y\344\026\211\310\365B\344\001\036\271[\"\362"
 121      1689C8F5 
 121      42E4011E 
 121      B95B22F2 
 122 0373 2F42E449 		.ascii	"/B\344I\036\331&\021\331*D\236\342\221\307$\"w\012\221"
 122      1ED92611 
 122      D92A449E 
 122      E291C724 
 122      22770A91 
 123 0387 6778E469 		.ascii	"gx\344i\211\310\375Bd\307\025\315\323\2561\373>\014"
 123      89C8FD42 
 123      64C715CD 
 123      D3AE31FB 
 123      3E0C
 124 0399 3331FE03 		.ascii	"31\376\003v\374\017H\263\326t2\366\315\371\345\264\265"
 124      76FC0F48 
 124      B3D67432 
 124      F6CDF9E5 
 124      B4B5
 125 03ab E9F0424D 		.ascii	"\351\360BM\337j\2464\227\2540ve\333G\304\267J\265L\334"
 125      DF6AA634 
 125      97AC3076 
 125      65DB47C4 
 125      B74AB54C 
 126 03c0 D88CC5F7 		.ascii	"\330\214\305\367bk;w\\k\037\275H\323 q\330\235\013\324"
 126      626B3B77 
 126      5C6B1FBD 
 126      48D32071 
 126      D89D0BD4 
 127 03d4 96212CF5 		.ascii	"\226!,\365\177\027\322=}\004c\315Q\346\026o\354\237"
 127      7F17D23D 
 127      7D0463CD 
 127      51E6166F 
 127      EC9F
 128 03e6 6A817996 		.ascii	"j\201y\226\010\256\301:\036%M\232\2660\366\237MG\251"
 128      08AEC13A 
 128      1E254D9A 
 128      B630F69F 
 128      4D47A9
 129 03f9 56979941 		.ascii	"V\227\231A\376\240\357\036\233\373\265\326V\262\371"
 129      FEA0EF1E 
 129      9BFBB5D6 
 129      56B2F9
 130 0408 8208776E 		.ascii	"\202\010wn-\377\007\377u2o\263\246e+\364\270[\337P\376"
 130      2DFF07FF 
 130      75326FB3 
 130      A6652BF4 
 130      B85BDF50 
 131 041d 1BE77FF0 		.ascii	"\033\347\177\360\225.v\265\347\3551*\2350*\2752\224"
 131      952E76B5 
 131      E7ED312A 
 131      9D302ABD 
 131      3294
 132 042f ADA4D074 		.ascii	"\255\244\320t/\373N\300k\024\350\345\322\275\211\216"
 132      2FFB4EC0 
ARM GAS  /tmp/ccCY94ac.s 			page 10


 132      6B14E8E5 
 132      D2BD898E 
 133 043f FE64248B 		.ascii	"\376d$\213\244*O\266C}\314\235\201e\\\3445\303\227>"
 133      A42A4FB6 
 133      437DCC9D 
 133      81655CE4 
 133      35C3973E 
 134 0453 B722797C 		.ascii	"\267\"y|\023\233\220x=f\276\365w|\025\255[\244\265\027"
 134      139B9078 
 134      3D66BEF5 
 134      777C15AD 
 134      5BA4B517 
 135 0467 31536E2E 		.ascii	"1Sn.\273\344\363\023;C\341\324ip\342\"\253\271\251\031"
 135      BBE4F313 
 135      3B43E1D4 
 135      6970E222 
 135      ABB9A919 
 136 047b 6421E306 		.ascii	"d!\343\006\025\012\210W\204#\347\"\357\244|\251\005"
 136      150A8857 
 136      8423E722 
 136      EFA47CA9 
 136      05
 137 048c CCD2EA55 		.ascii	"\314\322\352U\333\213\320\363\216\301\324\362$\2356"
 137      DB8BD0F3 
 137      8EC1D4F2 
 137      249D36
 138 049b 7DB33B5E 		.ascii	"}\263;^\253-\345Z\254\257;\266Z\247\007S+;\271\257{"
 138      AB2DE55A 
 138      ACAF3BB6 
 138      5AA70753 
 138      2B3BB9AF 
 139 04b0 B65A5752 		.ascii	"\266ZWR\256\305\372\352\263\325\272=\230Zy\311}\365"
 139      AEC5FAEA 
 139      B3D5BA3D 
 139      985A79C9 
 139      7DF5
 140 04c2 DB6AFD3E 		.ascii	"\333j\375>=\325Z\254/}\273X\301bu\203)V\220\334X\235"
 140      3DD55AAC 
 140      2F7DBB58 
 140      C1627583 
 140      295690DC 
 141 04d8 BDD85B29 		.ascii	"\275\330[)\027c\235\325\333\213\255\037L\261\037&w\266"
 141      17639DD5 
 141      DB8BAD1F 
 141      4CB11F26 
 141      77B6
 142 04ea D25EECDD 		.ascii	"\322^\354\335\224\213\261\316\032\354\305\366\014\246"
 142      948BB1CE 
 142      1AECC5F6 
 142      0CA6
 143 04f8 58517267 		.ascii	"XQrg\253\355\305N\244\\\214u\266\306^\354\354`\212\225"
 143      ABEDC54E 
 143      A45C8C75 
 143      B6C65EEC 
 143      EC608A95 
 144 050c 2677B6D6 		.ascii	"&w\266\326^\354j\312\305\354\316\264X\3533\265\012>"
 144      5EEC6ACA 
ARM GAS  /tmp/ccCY94ac.s 			page 11


 144      C5ECCEB4 
 144      58EB33B5 
 144      0A3E
 145 051e CFD4BFC8 		.ascii	"\317\324\277\310\364\252\370\243\027\177\220\251\341"
 145      F4AAF8A3 
 145      177F90A9 
 145      E1
 146 052b 8FDE2D77 		.ascii	"\217\336-w\252O\032o\273\305O\032\361\351,|\352\370"
 146      AA4F1A6F 
 146      BBC54F1A 
 146      F1E92C7C 
 146      EAF8
 147 053d 2BE0B856 		.ascii	"+\340\270V\377i\301\204\210\016\373/\263B\333\335c\241"
 147      FF69C184 
 147      880EFB2F 
 147      B342DBDD 
 147      63A1
 148 054f 3DEA7E14 		.ascii	"=\352~\024\332SF{\316h?7\332\013F\333a\264\235F{\311"
 148      DA53467B 
 148      CE683F37 
 148      DA0B46DB 
 148      61B49D46 
 149 0565 682F1BED 		.ascii	"h/\033\355U\243\275n\2647\215\366+\243\3552\332n\243"
 149      55A3BD6E 
 149      B4378DF6 
 149      2BA3ED32 
 149      DA6EA3
 150 0578 ED31DA5E 		.ascii	"\3551\332^h\343\207\213\364\247\343o\205\350\366\301"
 150      68E3878B 
 150      F4A7E36F 
 150      85E8F6C1 
 151 0588 B84F7291 		.ascii	"\270Or\221%\036\333c\345\327<\354se\363\241\2575z\032"
 151      251EDB63 
 151      E5D73CEC 
 151      7365F3A1 
 151      AF357A1A 
 152 059c 0EF65A17 		.ascii	"\016\366Z\027\370]\312\357B\177\222w\301c\2338\313\327"
 152      F85DCAEF 
 152      427F9277 
 152      C1639B38 
 152      CBD7
 153 05ae 9B095FBA 		.ascii	"\233\011_\272(-\376\356\307\025\315\036\373\023a\205"
 153      282DFEEE 
 153      C715CD1E 
 153      FB136185 
 154 05be DE81BB33 		.ascii	"\336\201\2733\205\366\271\307\300\253b\262][\032\253"
 154      85F6B9C7 
 154      C0AB62B2 
 154      5D5B1AAB 
 155 05ce 1D62DE5B 		.ascii	"\035b\336[\2313\377[rO[\252u^9\360\260\371\263\256\337"
 155      9933FF5B 
 155      724F5BAA 
 155      755E39F0 
 155      B0F9B3AE 
 156 05e3 BE75D6C5 		.ascii	"\276u\326\305.\266\034\245K\3534\353\006\320\274\225"
 156      2EB61CA5 
 156      4BEB34EB 
ARM GAS  /tmp/ccCY94ac.s 			page 12


 156      06D0BC95 
 157 05f3 D9E0E166 		.ascii	"\331\340\341f\316q%K\322\\\014\374T\034\020\373\366"
 157      CE71254B 
 157      D25C0CFC 
 157      541C10FB 
 157      F6
 158 0604 FC43F883 		.ascii	"\374C\370\203\332\346\3167\323\347\342im\027\305\354"
 158      DAE6CE37 
 158      D3E7E269 
 158      6D17C5EC 
 159 0614 066A653F 		.ascii	"\006je?Od\007\342\331\355\230\275\220(}\367|<\275\007"
 159      4F6407E2 
 159      D9ED98BD 
 159      90287DF7 
 159      7C3CBD07 
 160 0628 D31D89C1 		.ascii	"\323\035\211\301>L\036\304d\247\210{\004\263\227D\334"
 160      3E4C1EC4 
 160      64A7887B 
 160      04B39744 
 160      DC
 161 0639 E398BD9C 		.ascii	"\343\230\275\234\340\336Op?\301\364U\001\367,&\257\213"
 161      E0DE4F70 
 161      3FC1F455 
 161      01F72C26 
 161      AF8B
 162 064b B817317B 		.ascii	"\270\0271{S\304\375\022\263_%\270\337%\27070\335%\340"
 162      53C4FD12 
 162      B35F25B8 
 162      DF25B837 
 162      30DD25E0 
 163 065f 7E8DC96E 		.ascii	"~\215\311n\021\367\026f{D\334\373\230\325?=\346\272"
 163      11F71666 
 163      7B44DCFB 
 163      98D53F3D 
 163      E6BA
 164 0671 D1BCE657 		.ascii	"\321\274\346WL\374Sn\331Y\321\341\302Q\013\\\371\266"
 164      4CFC536E 
 164      D959D1E1 
 164      C2510B5C 
 164      F9B6
 165 0683 EF018A65 		.ascii	"\357\001\212e\303\230_\302\344]\230\337\027\307.g\004"
 165      C3985FC2 
 165      E45D98DF 
 165      17C72E67 
 165      04
 166 0694 6E14BC3E 		.ascii	"n\024\274>\024\005\2573\2024\364\360F\302\303\233\214"
 166      1405AF33 
 166      8234F4F0 
 166      46C2C39B 
 166      8C
 167 06a5 6288C3C3 		.ascii	"b\210\303\303\333L~\250\323C\013#Hwz\370+#\360\240\207"
 167      DB4C7EA8 
 167      D3430B23 
 167      48777AF8 
 167      2B23F0A0 
 168 06ba B7121EB6 		.ascii	"\267\022\036\2662\012\257\303\303.&?\314\351\341}F\220"
 168      320AAFC3 
ARM GAS  /tmp/ccCY94ac.s 			page 13


 168      C32E263F 
 168      CCE9E17D 
 168      4690
 169 06cc E1F47088 		.ascii	"\341\364p\210\021d\242\207\255\011\017G\031\305p\207"
 169      1164A287 
 169      AD090F47 
 169      19C57087 
 170 06dc 87BF33F9 		.ascii	"\207\2773\371\021N\017\2372\202,\247\207\363\214 \033"
 170      114E0F9F 
 170      32822CA7 
 170      87F38C20 
 170      1B
 171 06ed 3DEC4A78 		.ascii	"=\354Jx\370\202Q\3448<\\c\362\271N\017\377f\004\017"
 171      F88251E4 
 171      383C5C63 
 171      F2B94E0F 
 171      FF66040F 
 172 0701 383D7CC3 		.ascii	"8=|\303\010F\242\207\367\023\036\3562\212Q\016\017\003"
 172      0846A287 
 172      F7131EEE 
 172      328A510E 
 172      0F03
 173 0713 4CFE41A7 		.ascii	"L\376A\247\207W\335v\301CN\017\313\030A\036z8\235\360"
 173      8757DD76 
 173      C1434E0F 
 173      CB18411E 
 173      7A389DF0 
 174 0727 B082518C 		.ascii	"\260\202Q\214vxX\305\344\277\347\364\320\310\010\036"
 174      767858C5 
 174      E4BFE7F4 
 174      D0C8081E 
 175 0737 767A58C7 		.ascii	"vzX\307\010\276\217\036\376\221\360\260\211Q<\342\360"
 175      08BE8F1E 
 175      FE91F0B0 
 175      89513CE2 
 175      F0
 176 0748 B085C98F 		.ascii	"\260\205\311\217qz\330\301\010\362\235\036\366\271\343"
 176      717AD8C1 
 176      08F29D1E 
 176      F6B9E3
 177 0757 FFABEB27 		.ascii	"\377\253\353'\343\307\027\232\377\252\302\205\376\252"
 177      E3C7179A 
 177      FFAAC285 
 177      FEAA
 178 0765 CACAAA50 		.ascii	"\312\312\252Pa8\242\324D\242\325\205S^,/+\177Y?[\035"
 178      6138A2D4 
 178      44A2D585 
 178      535E2C2F 
 178      2B7F593F 
 179 077b AC506BC2 		.ascii	"\254Pk\302\205\317\226\225\025\316S\375\221\252\232"
 179      85CF9695 
 179      15CE53FD 
 179      91AA9A
 180 078a F0783F19 		.ascii	"\360x?\031\351\213\206\346(\241@\205\032\360\251/\373"
 180      E98B86E6 
 180      28A14085 
 180      1AF0A92F 
ARM GAS  /tmp/ccCY94ac.s 			page 14


 180      FB
 181 079b D5EA48B0 		.ascii	"\325\352H\260*4\364\331\347g\024\224\221\214\347\313"
 181      2A34F4D9 
 181      E7671494 
 181      918CE7CB 
 182 07ab 9FF34D33 		.ascii	"\237\363M3\2225C\224\212\240\022\036%R\2234\377\034"
 182      92354394 
 182      8AA0121E 
 182      25529334 
 182      FF1C
 183 07bd A526ED25 		.ascii	"\245&\355%U\231\2333M\251\011<\243D+\"8.\247"
 183      55999B33 
 183      4DA9093C 
 183      A3442B22 
 183      382EA7
 184 07d0 5CAD2C57 		.ascii	"\\\255,WB\312l\025\317dO\215\206\031I\356\2140\244\231"
 184      42CA6C15 
 184      CF644F8D 
 184      861949EE 
 184      8C30A499 
 185 07e4 539E9986 		.ascii	"S\236\231\206\301\011eV\347\361\"\354\024c\2474c\372"
 185      C1096556 
 185      E7F122EC 
 185      1463A734 
 185      63FA
 186 07f6 CCB278CD 		.ascii	"\314\262x\315\237\252\263\242\263\313\253B\\\201'\212"
 186      9FAAB3A2 
 186      B3CBAB42 
 186      5C81278A 
 187 0806 47FC4C0D 		.ascii	"G\374L\015\005\246\317\304\363Y\323\347\207\177\036"
 187      05A6CFC4 
 187      F359D3E7 
 187      877F1E
 188 0815 F4CFE574 		.ascii	"\364\317\345t\305X\277\030\353\027\227b\007=LD\315D"
 188      C558BF18 
 188      EB179762 
 188      073D4C44 
 188      CD44
 189 0827 D44C44CD 		.ascii	"\324LD\315D\324LB\315$\324LB\315$\324\224\240\246\004"
 189      44D44C42 
 189      CD24D44C 
 189      42CD24D4 
 189      94A0A604 
 190 083b 3525A829 		.ascii	"5%\250)AM)jJQS\212\232R\324LF\315d\324LF\315d\324LA"
 190      414D296A 
 190      4A51538A 
 190      9A52D44C 
 190      46CD64D4 
 191 0856 CD14D44C 		.ascii	"\315\024\324LA\315\024\324LE\315T\324LE\315\324\262"
 191      41CD14D4 
 191      4C45CD54 
 191      D44C45CD 
 191      D4B2
 192 0868 E12FAA61 		.ascii	"\341/\252a5\376\266\374\337\353l\016\361Z]_\344\221"
 192      35FEB6FC 
 192      DFEB6C0E 
 192      F15A5D5F 
ARM GAS  /tmp/ccCY94ac.s 			page 15


 192      E491
 193 087a C268B8A6 		.ascii	"\302h\270\2460\030\362WD\003jaH}\251\"8\013\252\004"
 193      3018F257 
 193      44036A61 
 193      487DA922 
 193      380BAA04 
 194 088e 82A108E8 		.ascii	"\202\241\010\350<Q\370\373\304\343\276\310\217E\262"
 194      3C51F8FB 
 194      C4E3BEC8 
 194      8F45B2
 195 089d 4AC53F27 		.ascii	"J\305?'\030R\013}\001\365\327\306z\211\314\257V\365"
 195      18520B7D 
 195      01F5D7C6 
 195      7A89CCAF 
 195      56F5
 196 08af F2C37C3E 		.ascii	"\362\303|>\0348,\030\012F|`\313?73X\363\033\237\011"
 196      1C382C18 
 196      0A467C60 
 196      CB3F3733 
 196      58F31B9F 
 197 08c4 F64586D7 		.ascii	"\366E\206\327\030\227b.\337\232\214Pe\020\3739\260|"
 197      1897622E 
 197      DF9A8C50 
 197      6510FB39 
 197      B07C
 198 08d6 03663D3C 		.ascii	"\003f=<S\251VV\232\253\326:\223=+\032f$\271Q}\3252\247"
 198      53A95656 
 198      9AABD63A 
 198      933D2B1A 
 198      6624B951 
 199 08ee 3C266A82 		.ascii	"<&j\202\337\352\300\252\235\207\253v\036\256\332\360"
 199      DFEAC0AA 
 199      9D87AB76 
 199      1EAEDAF0 
 200 08fe 3C3FEA47 		.ascii	"<?\352G\006\364U\013\223\030\324\015\262E`\345V\303"
 200      06F4550B 
 200      9318D40D 
 200      B24560E5 
 200      56C3
 201 0910 CA0DCFC3 		.ascii	"\312\015\317\303\363Y\341\371\341\210\276r\255\327\351"
 201      F359E1F9 
 201      E188BE72 
 201      ADD7E9
 202 091f D6847AAC 		.ascii	"\326\204z\254\013\014\247\207\341/|\034\275\343\255"
 202      0B0CA787 
 202      E12F7C1C 
 202      BDE3AD
 203 092e 13241D3E 		.ascii	"\023$\035>\263\263Cj -\032V\003\271>_\245\022\014\231"
 203      B3B3436A 
 203      202D1A56 
 203      03B93E5F 
 203      A5120C99 
 204 0942 13E383D2 		.ascii	"\023\343\203\322>\337\177\001m\023\244\237"
 204      3EDF7F01 
 204      6D13A49F 
 205              		.text
 206              		.section	.gnu.lto_.symtab.b3bc6420ae86c184,"",%progbits
ARM GAS  /tmp/ccCY94ac.s 			page 16


 207 0000 5F756E68 		.ascii	"_unhandled_exception\000\000\000\000\000\000\000\000"
 207      616E646C 
 207      65645F65 
 207      78636570 
 207      74696F6E 
 208 001c 00000000 		.ascii	"\000\000\000\000\241\000\000\000NMI_Handler\000\000"
 208      A1000000 
 208      4E4D495F 
 208      48616E64 
 208      6C657200 
 209 0031 01000000 		.ascii	"\001\000\000\000\000\000\000\000\000\000\246\000\000"
 209      00000000 
 209      0000A600 
 209      00
 210 003e 00486172 		.ascii	"\000HardFault_Handler\000\000\001\000\000\000\000\000"
 210      64466175 
 210      6C745F48 
 210      616E646C 
 210      65720000 
 211 0058 00000000 		.ascii	"\000\000\000\000\263\000\000\000MemManage_Handler\000"
 211      B3000000 
 211      4D656D4D 
 211      616E6167 
 211      655F4861 
 212 0072 00010000 		.ascii	"\000\001\000\000\000\000\000\000\000\000\000\271\000"
 212      00000000 
 212      000000B9 
 212      00
 213 007f 00004275 		.ascii	"\000\000BusFault_Handler\000\000\001\000\000\000\000"
 213      73466175 
 213      6C745F48 
 213      616E646C 
 213      65720000 
 214 0098 00000000 		.ascii	"\000\000\000\000\000\277\000\000\000UsageFault_Hand"
 214      00BF0000 
 214      00557361 
 214      67654661 
 214      756C745F 
 215 00b0 6C657200 		.ascii	"ler\000\000\001\000\000\000\000\000\000\000\000\000"
 215      00010000 
 215      00000000 
 215      000000
 216 00bf C5000000 		.ascii	"\305\000\000\000Vector1C\000\000\001\000\000\000\000"
 216      56656374 
 216      6F723143 
 216      00000100 
 216      000000
 217 00d2 00000000 		.ascii	"\000\000\000\000\000\313\000\000\000Vector20\000\000"
 217      00CB0000 
 217      00566563 
 217      746F7232 
 217      300000
 218 00e5 01000000 		.ascii	"\001\000\000\000\000\000\000\000\000\000\321\000\000"
 218      00000000 
 218      0000D100 
 218      00
 219 00f2 00566563 		.ascii	"\000Vector24\000\000\001\000\000\000\000\000\000\000"
ARM GAS  /tmp/ccCY94ac.s 			page 17


 219      746F7232 
 219      34000001 
 219      00000000 
 219      000000
 220 0105 0000D700 		.ascii	"\000\000\327\000\000\000Vector28\000\000\001\000\000"
 220      00005665 
 220      63746F72 
 220      32380000 
 220      010000
 221 0118 00000000 		.ascii	"\000\000\000\000\000\000\000\335\000\000\000SVC_Han"
 221      000000DD 
 221      00000053 
 221      56435F48 
 221      616E
 222 012a 646C6572 		.ascii	"dler\000\000\001\000\000\000\000\000\000\000\000\000"
 222      00000100 
 222      00000000 
 222      00000000 
 223 013a E3000000 		.ascii	"\343\000\000\000DebugMon_Handler\000\000\001\000\000"
 223      44656275 
 223      674D6F6E 
 223      5F48616E 
 223      646C6572 
 224 0153 00000000 		.ascii	"\000\000\000\000\000\000\000\351\000\000\000Vector3"
 224      000000E9 
 224      00000056 
 224      6563746F 
 224      7233
 225 0165 34000001 		.ascii	"4\000\000\001\000\000\000\000\000\000\000\000\000\357"
 225      00000000 
 225      00000000 
 225      00EF
 226 0173 00000050 		.ascii	"\000\000\000PendSV_Handler\000\000\001\000\000\000\000"
 226      656E6453 
 226      565F4861 
 226      6E646C65 
 226      72000001 
 227 018b 00000000 		.ascii	"\000\000\000\000\000\365\000\000\000SysTick_Handler"
 227      00F50000 
 227      00537973 
 227      5469636B 
 227      5F48616E 
 228 01a3 00000100 		.ascii	"\000\000\001\000\000\000\000\000\000\000\000\000\373"
 228      00000000 
 228      00000000 
 228      FB
 229 01b0 00000056 		.ascii	"\000\000\000Vector40\000\000\001\000\000\000\000\000"
 229      6563746F 
 229      72343000 
 229      00010000 
 229      000000
 230 01c3 00000000 		.ascii	"\000\000\000\000\001\001\000\000Vector44\000\000\001"
 230      01010000 
 230      56656374 
 230      6F723434 
 230      000001
 231 01d6 00000000 		.ascii	"\000\000\000\000\000\000\000\000\000\007\001\000\000"
ARM GAS  /tmp/ccCY94ac.s 			page 18


 231      00000000 
 231      00070100 
 231      00
 232 01e3 56656374 		.ascii	"Vector48\000\000\001\000\000\000\000\000\000\000\000"
 232      6F723438 
 232      00000100 
 232      00000000 
 232      000000
 233 01f6 000D0100 		.ascii	"\000\015\001\000\000Vector4C\000\000\001\000\000\000"
 233      00566563 
 233      746F7234 
 233      43000001 
 233      000000
 234 0209 00000000 		.ascii	"\000\000\000\000\000\000\023\001\000\000Vector50\000"
 234      00001301 
 234      00005665 
 234      63746F72 
 234      353000
 235 021c 00010000 		.ascii	"\000\001\000\000\000\000\000\000\000\000\000\031\001"
 235      00000000 
 235      00000019 
 235      01
 236 0229 00005665 		.ascii	"\000\000Vector54\000\000\001\000\000\000\000\000\000"
 236      63746F72 
 236      35340000 
 236      01000000 
 236      000000
 237 023c 0000001F 		.ascii	"\000\000\000\037\001\000\000Vector58\000\000\001\000"
 237      01000056 
 237      6563746F 
 237      72353800 
 237      000100
 238 024f 00000000 		.ascii	"\000\000\000\000\000\000\000\000%\001\000\000Vector"
 238      00000000 
 238      25010000 
 238      56656374 
 238      6F72
 239 0261 35430000 		.ascii	"5C\000\000\001\000\000\000\000\000\000\000\000\000+"
 239      01000000 
 239      00000000 
 239      00002B
 240 0270 01000056 		.ascii	"\001\000\000Vector60\000\000\001\000\000\000\000\000"
 240      6563746F 
 240      72363000 
 240      00010000 
 240      000000
 241 0283 00000000 		.ascii	"\000\000\000\0001\001\000\000Vector64\000\000\001\000"
 241      31010000 
 241      56656374 
 241      6F723634 
 241      00000100 
 242 0297 00000000 		.ascii	"\000\000\000\000\000\000\000\0007\001\000\000Vector"
 242      00000000 
 242      37010000 
 242      56656374 
 242      6F72
 243 02a9 36380000 		.ascii	"68\000\000\001\000\000\000\000\000\000\000\000\000="
ARM GAS  /tmp/ccCY94ac.s 			page 19


 243      01000000 
 243      00000000 
 243      00003D
 244 02b8 01000056 		.ascii	"\001\000\000Vector6C\000\000\001\000\000\000\000\000"
 244      6563746F 
 244      72364300 
 244      00010000 
 244      000000
 245 02cb 00000000 		.ascii	"\000\000\000\000C\001\000\000Vector70\000\000\001\000"
 245      43010000 
 245      56656374 
 245      6F723730 
 245      00000100 
 246 02df 00000000 		.ascii	"\000\000\000\000\000\000\000\000I\001\000\000Vector"
 246      00000000 
 246      49010000 
 246      56656374 
 246      6F72
 247 02f1 37340000 		.ascii	"74\000\000\001\000\000\000\000\000\000\000\000\000O"
 247      01000000 
 247      00000000 
 247      00004F
 248 0300 01000056 		.ascii	"\001\000\000Vector78\000\000\001\000\000\000\000\000"
 248      6563746F 
 248      72373800 
 248      00010000 
 248      000000
 249 0313 00000000 		.ascii	"\000\000\000\000U\001\000\000Vector7C\000\000\001\000"
 249      55010000 
 249      56656374 
 249      6F723743 
 249      00000100 
 250 0327 00000000 		.ascii	"\000\000\000\000\000\000\000\000[\001\000\000Vector"
 250      00000000 
 250      5B010000 
 250      56656374 
 250      6F72
 251 0339 38300000 		.ascii	"80\000\000\001\000\000\000\000\000\000\000\000\000a"
 251      01000000 
 251      00000000 
 251      000061
 252 0348 01000056 		.ascii	"\001\000\000Vector84\000\000\001\000\000\000\000\000"
 252      6563746F 
 252      72383400 
 252      00010000 
 252      000000
 253 035b 00000000 		.ascii	"\000\000\000\000g\001\000\000Vector88\000\000\001\000"
 253      67010000 
 253      56656374 
 253      6F723838 
 253      00000100 
 254 036f 00000000 		.ascii	"\000\000\000\000\000\000\000\000m\001\000\000Vector"
 254      00000000 
 254      6D010000 
 254      56656374 
 254      6F72
 255 0381 38430000 		.ascii	"8C\000\000\001\000\000\000\000\000\000\000\000\000s"
ARM GAS  /tmp/ccCY94ac.s 			page 20


 255      01000000 
 255      00000000 
 255      000073
 256 0390 01000056 		.ascii	"\001\000\000Vector90\000\000\001\000\000\000\000\000"
 256      6563746F 
 256      72393000 
 256      00010000 
 256      000000
 257 03a3 00000000 		.ascii	"\000\000\000\000y\001\000\000Vector94\000\000\001\000"
 257      79010000 
 257      56656374 
 257      6F723934 
 257      00000100 
 258 03b7 00000000 		.ascii	"\000\000\000\000\000\000\000\000\177\001\000\000Vec"
 258      00000000 
 258      7F010000 
 258      566563
 259 03c6 746F7239 		.ascii	"tor98\000\000\001\000\000\000\000\000\000\000\000\000"
 259      38000001 
 259      00000000 
 259      00000000 
 259      00
 260 03d7 85010000 		.ascii	"\205\001\000\000Vector9C\000\000\001\000\000\000\000"
 260      56656374 
 260      6F723943 
 260      00000100 
 260      000000
 261 03ea 00000000 		.ascii	"\000\000\000\000\000\213\001\000\000Vecto"
 261      008B0100 
 261      00566563 
 261      746F
 262 03f8 72413000 		.ascii	"rA0\000\000\001\000\000\000\000\000\000\000\000\000"
 262      00010000 
 262      00000000 
 262      000000
 263 0407 91010000 		.ascii	"\221\001\000\000VectorA4\000\000\001\000\000\000\000"
 263      56656374 
 263      6F724134 
 263      00000100 
 263      000000
 264 041a 00000000 		.ascii	"\000\000\000\000\000\227\001\000\000VectorA8\000\000"
 264      00970100 
 264      00566563 
 264      746F7241 
 264      380000
 265 042d 01000000 		.ascii	"\001\000\000\000\000\000\000\000\000\000\235\001\000"
 265      00000000 
 265      00009D01 
 265      00
 266 043a 00566563 		.ascii	"\000VectorAC\000\000\001\000\000\000\000\000\000\000"
 266      746F7241 
 266      43000001 
 266      00000000 
 266      000000
 267 044d 0000A301 		.ascii	"\000\000\243\001\000\000VectorB0\000\000\001\000\000"
 267      00005665 
 267      63746F72 
ARM GAS  /tmp/ccCY94ac.s 			page 21


 267      42300000 
 267      010000
 268 0460 00000000 		.ascii	"\000\000\000\000\000\000\000\251\001\000\000VectorB"
 268      000000A9 
 268      01000056 
 268      6563746F 
 268      7242
 269 0472 34000001 		.ascii	"4\000\000\001\000\000\000\000\000\000\000\000\000\257"
 269      00000000 
 269      00000000 
 269      00AF
 270 0480 01000056 		.ascii	"\001\000\000VectorB8\000\000\001\000\000\000\000\000"
 270      6563746F 
 270      72423800 
 270      00010000 
 270      000000
 271 0493 00000000 		.ascii	"\000\000\000\000\265\001\000\000VectorBC\000\000\001"
 271      B5010000 
 271      56656374 
 271      6F724243 
 271      000001
 272 04a6 00000000 		.ascii	"\000\000\000\000\000\000\000\000\000\273\001\000\000"
 272      00000000 
 272      00BB0100 
 272      00
 273 04b3 5F766563 		.ascii	"_vectors\000\000\000\000\000\000\000\000\000\000\000"
 273      746F7273 
 273      00000000 
 273      00000000 
 273      000000
 274 04c6 00C30100 		.ascii	"\000\303\001\000\000__main_stack_end__\000\000\002\000"
 274      005F5F6D 
 274      61696E5F 
 274      73746163 
 274      6B5F656E 
 275 04e1 00000000 		.ascii	"\000\000\000\000\000\000\000\000\006\002\000\000Res"
 275      00000000 
 275      06020000 
 275      526573
 276 04f0 65745F48 		.ascii	"et_Handler\000\000\002\000\000\000\000\000\000\000\000"
 276      616E646C 
 276      65720000 
 276      02000000 
 276      00000000 
 277 0505 00C10100 		.ascii	"\000\301\001\000\000"
 277      00
 278              		.text
 279              		.section	.gnu.lto_.opts,"",%progbits
 280 0000 272D6D63 		.ascii	"'-mcpu=cortex-m0' '-mno-thumb-interwork' '-mthumb' "
 280      70753D63 
 280      6F727465 
 280      782D6D30 
 280      2720272D 
 281 0033 272D6767 		.ascii	"'-ggdb' '-O2' '-fomit-frame-pointer' '-falign-funct"
 281      64622720 
 281      272D4F32 
 281      2720272D 
ARM GAS  /tmp/ccCY94ac.s 			page 22


 281      666F6D69 
 282 0066 696F6E73 		.ascii	"ions=16' '-ffunction-sections' '-fdata-sections' '-"
 282      3D313627 
 282      20272D66 
 282      66756E63 
 282      74696F6E 
 283 0099 666E6F2D 		.ascii	"fno-common' '-flto'\000"
 283      636F6D6D 
 283      6F6E2720 
 283      272D666C 
 283      746F2700 
 284              		.text
 285              		.cfi_sections	.debug_frame
 286              		.section	.text._unhandled_exception,"ax",%progbits
 287              		.align	2
 288              		.p2align 4,,15
 289              		.global	_unhandled_exception
 290              		.code	16
 291              		.thumb_func
 292              		.type	_unhandled_exception, %function
 293              	_unhandled_exception:
 294              	.LFB34:
 295              		.file 1 "../../../os/common/startup/ARMCMx/compilers/GCC/vectors.c"
 296              		.loc 1 46 0
 297              		.cfi_startproc
 298              	.L2:
 299 0000 FEE7     		b	.L2
 300              		.cfi_endproc
 301              	.LFE34:
 302              		.size	_unhandled_exception, .-_unhandled_exception
 303              		.weak	NMI_Handler
 304              		.thumb_set NMI_Handler,_unhandled_exception
 305              		.weak	HardFault_Handler
 306              		.thumb_set HardFault_Handler,_unhandled_exception
 307              		.weak	MemManage_Handler
 308              		.thumb_set MemManage_Handler,_unhandled_exception
 309              		.weak	BusFault_Handler
 310              		.thumb_set BusFault_Handler,_unhandled_exception
 311              		.weak	UsageFault_Handler
 312              		.thumb_set UsageFault_Handler,_unhandled_exception
 313              		.weak	Vector1C
 314              		.thumb_set Vector1C,_unhandled_exception
 315              		.weak	Vector20
 316              		.thumb_set Vector20,_unhandled_exception
 317              		.weak	Vector24
 318              		.thumb_set Vector24,_unhandled_exception
 319              		.weak	Vector28
 320              		.thumb_set Vector28,_unhandled_exception
 321              		.weak	SVC_Handler
 322              		.thumb_set SVC_Handler,_unhandled_exception
 323              		.weak	DebugMon_Handler
 324              		.thumb_set DebugMon_Handler,_unhandled_exception
 325              		.weak	Vector34
 326              		.thumb_set Vector34,_unhandled_exception
 327              		.weak	PendSV_Handler
 328              		.thumb_set PendSV_Handler,_unhandled_exception
 329              		.weak	SysTick_Handler
ARM GAS  /tmp/ccCY94ac.s 			page 23


 330              		.thumb_set SysTick_Handler,_unhandled_exception
 331              		.weak	Vector40
 332              		.thumb_set Vector40,_unhandled_exception
 333              		.weak	Vector44
 334              		.thumb_set Vector44,_unhandled_exception
 335              		.weak	Vector48
 336              		.thumb_set Vector48,_unhandled_exception
 337              		.weak	Vector4C
 338              		.thumb_set Vector4C,_unhandled_exception
 339              		.weak	Vector50
 340              		.thumb_set Vector50,_unhandled_exception
 341              		.weak	Vector54
 342              		.thumb_set Vector54,_unhandled_exception
 343              		.weak	Vector58
 344              		.thumb_set Vector58,_unhandled_exception
 345              		.weak	Vector5C
 346              		.thumb_set Vector5C,_unhandled_exception
 347              		.weak	Vector60
 348              		.thumb_set Vector60,_unhandled_exception
 349              		.weak	Vector64
 350              		.thumb_set Vector64,_unhandled_exception
 351              		.weak	Vector68
 352              		.thumb_set Vector68,_unhandled_exception
 353              		.weak	Vector6C
 354              		.thumb_set Vector6C,_unhandled_exception
 355              		.weak	Vector70
 356              		.thumb_set Vector70,_unhandled_exception
 357              		.weak	Vector74
 358              		.thumb_set Vector74,_unhandled_exception
 359              		.weak	Vector78
 360              		.thumb_set Vector78,_unhandled_exception
 361              		.weak	Vector7C
 362              		.thumb_set Vector7C,_unhandled_exception
 363              		.weak	Vector80
 364              		.thumb_set Vector80,_unhandled_exception
 365              		.weak	Vector84
 366              		.thumb_set Vector84,_unhandled_exception
 367              		.weak	Vector88
 368              		.thumb_set Vector88,_unhandled_exception
 369              		.weak	Vector8C
 370              		.thumb_set Vector8C,_unhandled_exception
 371              		.weak	Vector90
 372              		.thumb_set Vector90,_unhandled_exception
 373              		.weak	Vector94
 374              		.thumb_set Vector94,_unhandled_exception
 375              		.weak	Vector98
 376              		.thumb_set Vector98,_unhandled_exception
 377              		.weak	Vector9C
 378              		.thumb_set Vector9C,_unhandled_exception
 379              		.weak	VectorA0
 380              		.thumb_set VectorA0,_unhandled_exception
 381              		.weak	VectorA4
 382              		.thumb_set VectorA4,_unhandled_exception
 383              		.weak	VectorA8
 384              		.thumb_set VectorA8,_unhandled_exception
 385              		.weak	VectorAC
 386              		.thumb_set VectorAC,_unhandled_exception
ARM GAS  /tmp/ccCY94ac.s 			page 24


 387              		.weak	VectorB0
 388              		.thumb_set VectorB0,_unhandled_exception
 389              		.weak	VectorB4
 390              		.thumb_set VectorB4,_unhandled_exception
 391              		.weak	VectorB8
 392              		.thumb_set VectorB8,_unhandled_exception
 393              		.weak	VectorBC
 394              		.thumb_set VectorBC,_unhandled_exception
 395              		.global	_vectors
 396 0002 C046C046 		.section	.vectors,"aw",%progbits
 396      C046C046 
 396      C046C046 
 396      C046
 397              		.align	7
 398              		.type	_vectors, %object
 399              		.size	_vectors, 192
 400              	_vectors:
 401 0000 00000000 		.word	__main_stack_end__
 402 0004 00000000 		.word	Reset_Handler
 403 0008 00000000 		.word	NMI_Handler
 404 000c 00000000 		.word	HardFault_Handler
 405 0010 00000000 		.word	MemManage_Handler
 406 0014 00000000 		.word	BusFault_Handler
 407 0018 00000000 		.word	UsageFault_Handler
 408 001c 00000000 		.word	Vector1C
 409 0020 00000000 		.word	Vector20
 410 0024 00000000 		.word	Vector24
 411 0028 00000000 		.word	Vector28
 412 002c 00000000 		.word	SVC_Handler
 413 0030 00000000 		.word	DebugMon_Handler
 414 0034 00000000 		.word	Vector34
 415 0038 00000000 		.word	PendSV_Handler
 416 003c 00000000 		.word	SysTick_Handler
 417 0040 00000000 		.word	Vector40
 418 0044 00000000 		.word	Vector44
 419 0048 00000000 		.word	Vector48
 420 004c 00000000 		.word	Vector4C
 421 0050 00000000 		.word	Vector50
 422 0054 00000000 		.word	Vector54
 423 0058 00000000 		.word	Vector58
 424 005c 00000000 		.word	Vector5C
 425 0060 00000000 		.word	Vector60
 426 0064 00000000 		.word	Vector64
 427 0068 00000000 		.word	Vector68
 428 006c 00000000 		.word	Vector6C
 429 0070 00000000 		.word	Vector70
 430 0074 00000000 		.word	Vector74
 431 0078 00000000 		.word	Vector78
 432 007c 00000000 		.word	Vector7C
 433 0080 00000000 		.word	Vector80
 434 0084 00000000 		.word	Vector84
 435 0088 00000000 		.word	Vector88
 436 008c 00000000 		.word	Vector8C
 437 0090 00000000 		.word	Vector90
 438 0094 00000000 		.word	Vector94
 439 0098 00000000 		.word	Vector98
 440 009c 00000000 		.word	Vector9C
ARM GAS  /tmp/ccCY94ac.s 			page 25


 441 00a0 00000000 		.word	VectorA0
 442 00a4 00000000 		.word	VectorA4
 443 00a8 00000000 		.word	VectorA8
 444 00ac 00000000 		.word	VectorAC
 445 00b0 00000000 		.word	VectorB0
 446 00b4 00000000 		.word	VectorB4
 447 00b8 00000000 		.word	VectorB8
 448 00bc 00000000 		.word	VectorBC
 449 00c0 00000000 		.text
 449      00000000 
 449      00000000 
 449      00000000 
 449      00000000 
 450              	.Letext0:
 451              		.file 2 "/usr/include/newlib/machine/_default_types.h"
 452              		.file 3 "/usr/include/newlib/stdint.h"
 453              		.file 4 "../../../os/common/startup/ARMCMx/compilers/GCC/vectors.h"
 454              		.section	.debug_info,"",%progbits
 455              	.Ldebug_info0:
 456 0000 BB010000 		.4byte	0x1bb
 457 0004 0400     		.2byte	0x4
 458 0006 00000000 		.4byte	.Ldebug_abbrev0
 459 000a 04       		.byte	0x4
 460 000b 01       		.uleb128 0x1
 461 000c EA010000 		.4byte	.LASF33
 462 0010 01       		.byte	0x1
 463 0011 8D020000 		.4byte	.LASF34
 464 0015 DB000000 		.4byte	.LASF35
 465 0019 00000000 		.4byte	.Ldebug_ranges0+0
 466 001d 00000000 		.4byte	0
 467 0021 00000000 		.4byte	.Ldebug_line0
 468 0025 02       		.uleb128 0x2
 469 0026 01       		.byte	0x1
 470 0027 06       		.byte	0x6
 471 0028 71000000 		.4byte	.LASF0
 472 002c 02       		.uleb128 0x2
 473 002d 01       		.byte	0x1
 474 002e 08       		.byte	0x8
 475 002f 7D000000 		.4byte	.LASF1
 476 0033 02       		.uleb128 0x2
 477 0034 02       		.byte	0x2
 478 0035 05       		.byte	0x5
 479 0036 BC010000 		.4byte	.LASF2
 480 003a 02       		.uleb128 0x2
 481 003b 02       		.byte	0x2
 482 003c 07       		.byte	0x7
 483 003d 35000000 		.4byte	.LASF3
 484 0041 02       		.uleb128 0x2
 485 0042 04       		.byte	0x4
 486 0043 05       		.byte	0x5
 487 0044 CF010000 		.4byte	.LASF4
 488 0048 03       		.uleb128 0x3
 489 0049 C4000000 		.4byte	.LASF9
 490 004d 02       		.byte	0x2
 491 004e 41       		.byte	0x41
 492 004f 53000000 		.4byte	0x53
 493 0053 02       		.uleb128 0x2
ARM GAS  /tmp/ccCY94ac.s 			page 26


 494 0054 04       		.byte	0x4
 495 0055 07       		.byte	0x7
 496 0056 8B000000 		.4byte	.LASF5
 497 005a 02       		.uleb128 0x2
 498 005b 08       		.byte	0x8
 499 005c 05       		.byte	0x5
 500 005d 80010000 		.4byte	.LASF6
 501 0061 02       		.uleb128 0x2
 502 0062 08       		.byte	0x8
 503 0063 07       		.byte	0x7
 504 0064 2D010000 		.4byte	.LASF7
 505 0068 04       		.uleb128 0x4
 506 0069 04       		.byte	0x4
 507 006a 05       		.byte	0x5
 508 006b 696E7400 		.ascii	"int\000"
 509 006f 02       		.uleb128 0x2
 510 0070 04       		.byte	0x4
 511 0071 07       		.byte	0x7
 512 0072 17010000 		.4byte	.LASF8
 513 0076 03       		.uleb128 0x3
 514 0077 C6010000 		.4byte	.LASF10
 515 007b 03       		.byte	0x3
 516 007c 42       		.byte	0x42
 517 007d 48000000 		.4byte	0x48
 518 0081 02       		.uleb128 0x2
 519 0082 04       		.byte	0x4
 520 0083 07       		.byte	0x7
 521 0084 64010000 		.4byte	.LASF11
 522 0088 03       		.uleb128 0x3
 523 0089 00000000 		.4byte	.LASF12
 524 008d 04       		.byte	0x4
 525 008e 32       		.byte	0x32
 526 008f 93000000 		.4byte	0x93
 527 0093 05       		.uleb128 0x5
 528 0094 04       		.byte	0x4
 529 0095 99000000 		.4byte	0x99
 530 0099 06       		.uleb128 0x6
 531 009a 07       		.uleb128 0x7
 532 009b C0       		.byte	0xc0
 533 009c 04       		.byte	0x4
 534 009d 37       		.byte	0x37
 535 009e 6F010000 		.4byte	0x16f
 536 00a2 08       		.uleb128 0x8
 537 00a3 51000000 		.4byte	.LASF13
 538 00a7 04       		.byte	0x4
 539 00a8 38       		.byte	0x38
 540 00a9 6F010000 		.4byte	0x16f
 541 00ad 00       		.byte	0
 542 00ae 08       		.uleb128 0x8
 543 00af 56010000 		.4byte	.LASF14
 544 00b3 04       		.byte	0x4
 545 00b4 39       		.byte	0x39
 546 00b5 88000000 		.4byte	0x88
 547 00b9 04       		.byte	0x4
 548 00ba 08       		.uleb128 0x8
 549 00bb CF000000 		.4byte	.LASF15
 550 00bf 04       		.byte	0x4
ARM GAS  /tmp/ccCY94ac.s 			page 27


 551 00c0 3A       		.byte	0x3a
 552 00c1 88000000 		.4byte	0x88
 553 00c5 08       		.byte	0x8
 554 00c6 08       		.uleb128 0x8
 555 00c7 B2000000 		.4byte	.LASF16
 556 00cb 04       		.byte	0x4
 557 00cc 3B       		.byte	0x3b
 558 00cd 88000000 		.4byte	0x88
 559 00d1 0C       		.byte	0xc
 560 00d2 08       		.uleb128 0x8
 561 00d3 D8010000 		.4byte	.LASF17
 562 00d7 04       		.byte	0x4
 563 00d8 3C       		.byte	0x3c
 564 00d9 88000000 		.4byte	0x88
 565 00dd 10       		.byte	0x10
 566 00de 08       		.uleb128 0x8
 567 00df 8E010000 		.4byte	.LASF18
 568 00e3 04       		.byte	0x4
 569 00e4 3D       		.byte	0x3d
 570 00e5 88000000 		.4byte	0x88
 571 00e9 14       		.byte	0x14
 572 00ea 08       		.uleb128 0x8
 573 00eb 6D010000 		.4byte	.LASF19
 574 00ef 04       		.byte	0x4
 575 00f0 3E       		.byte	0x3e
 576 00f1 88000000 		.4byte	0x88
 577 00f5 18       		.byte	0x18
 578 00f6 08       		.uleb128 0x8
 579 00f7 A9000000 		.4byte	.LASF20
 580 00fb 04       		.byte	0x4
 581 00fc 3F       		.byte	0x3f
 582 00fd 88000000 		.4byte	0x88
 583 0101 1C       		.byte	0x1c
 584 0102 08       		.uleb128 0x8
 585 0103 24010000 		.4byte	.LASF21
 586 0107 04       		.byte	0x4
 587 0108 40       		.byte	0x40
 588 0109 88000000 		.4byte	0x88
 589 010d 20       		.byte	0x20
 590 010e 08       		.uleb128 0x8
 591 010f 44010000 		.4byte	.LASF22
 592 0113 04       		.byte	0x4
 593 0114 41       		.byte	0x41
 594 0115 88000000 		.4byte	0x88
 595 0119 24       		.byte	0x24
 596 011a 08       		.uleb128 0x8
 597 011b 4D010000 		.4byte	.LASF23
 598 011f 04       		.byte	0x4
 599 0120 42       		.byte	0x42
 600 0121 88000000 		.4byte	0x88
 601 0125 28       		.byte	0x28
 602 0126 08       		.uleb128 0x8
 603 0127 9D000000 		.4byte	.LASF24
 604 012b 04       		.byte	0x4
 605 012c 43       		.byte	0x43
 606 012d 88000000 		.4byte	0x88
 607 0131 2C       		.byte	0x2c
ARM GAS  /tmp/ccCY94ac.s 			page 28


 608 0132 08       		.uleb128 0x8
 609 0133 5C000000 		.4byte	.LASF25
 610 0137 04       		.byte	0x4
 611 0138 44       		.byte	0x44
 612 0139 88000000 		.4byte	0x88
 613 013d 30       		.byte	0x30
 614 013e 08       		.uleb128 0x8
 615 013f 0D000000 		.4byte	.LASF26
 616 0143 04       		.byte	0x4
 617 0144 45       		.byte	0x45
 618 0145 88000000 		.4byte	0x88
 619 0149 34       		.byte	0x34
 620 014a 08       		.uleb128 0x8
 621 014b 16000000 		.4byte	.LASF27
 622 014f 04       		.byte	0x4
 623 0150 46       		.byte	0x46
 624 0151 88000000 		.4byte	0x88
 625 0155 38       		.byte	0x38
 626 0156 08       		.uleb128 0x8
 627 0157 25000000 		.4byte	.LASF28
 628 015b 04       		.byte	0x4
 629 015c 47       		.byte	0x47
 630 015d 88000000 		.4byte	0x88
 631 0161 3C       		.byte	0x3c
 632 0162 08       		.uleb128 0x8
 633 0163 B4010000 		.4byte	.LASF29
 634 0167 04       		.byte	0x4
 635 0168 48       		.byte	0x48
 636 0169 75010000 		.4byte	0x175
 637 016d 40       		.byte	0x40
 638 016e 00       		.byte	0
 639 016f 05       		.uleb128 0x5
 640 0170 04       		.byte	0x4
 641 0171 76000000 		.4byte	0x76
 642 0175 09       		.uleb128 0x9
 643 0176 88000000 		.4byte	0x88
 644 017a 85010000 		.4byte	0x185
 645 017e 0A       		.uleb128 0xa
 646 017f 81000000 		.4byte	0x81
 647 0183 1F       		.byte	0x1f
 648 0184 00       		.byte	0
 649 0185 03       		.uleb128 0x3
 650 0186 C7020000 		.4byte	.LASF30
 651 018a 04       		.byte	0x4
 652 018b 49       		.byte	0x49
 653 018c 9A000000 		.4byte	0x9a
 654 0190 0B       		.uleb128 0xb
 655 0191 9F010000 		.4byte	.LASF36
 656 0195 01       		.byte	0x1
 657 0196 2E       		.byte	0x2e
 658 0197 00000000 		.4byte	.LFB34
 659 019b 02000000 		.4byte	.LFE34-.LFB34
 660 019f 01       		.uleb128 0x1
 661 01a0 9C       		.byte	0x9c
 662 01a1 0C       		.uleb128 0xc
 663 01a2 48000000 		.4byte	.LASF31
 664 01a6 01       		.byte	0x1
ARM GAS  /tmp/ccCY94ac.s 			page 29


 665 01a7 B901     		.2byte	0x1b9
 666 01a9 85010000 		.4byte	0x185
 667 01ad 05       		.uleb128 0x5
 668 01ae 03       		.byte	0x3
 669 01af 00000000 		.4byte	_vectors
 670 01b3 0D       		.uleb128 0xd
 671 01b4 D1020000 		.4byte	.LASF32
 672 01b8 01       		.byte	0x1
 673 01b9 36       		.byte	0x36
 674 01ba 76000000 		.4byte	0x76
 675 01be 00       		.byte	0
 676              		.section	.debug_abbrev,"",%progbits
 677              	.Ldebug_abbrev0:
 678 0000 01       		.uleb128 0x1
 679 0001 11       		.uleb128 0x11
 680 0002 01       		.byte	0x1
 681 0003 25       		.uleb128 0x25
 682 0004 0E       		.uleb128 0xe
 683 0005 13       		.uleb128 0x13
 684 0006 0B       		.uleb128 0xb
 685 0007 03       		.uleb128 0x3
 686 0008 0E       		.uleb128 0xe
 687 0009 1B       		.uleb128 0x1b
 688 000a 0E       		.uleb128 0xe
 689 000b 55       		.uleb128 0x55
 690 000c 17       		.uleb128 0x17
 691 000d 11       		.uleb128 0x11
 692 000e 01       		.uleb128 0x1
 693 000f 10       		.uleb128 0x10
 694 0010 17       		.uleb128 0x17
 695 0011 00       		.byte	0
 696 0012 00       		.byte	0
 697 0013 02       		.uleb128 0x2
 698 0014 24       		.uleb128 0x24
 699 0015 00       		.byte	0
 700 0016 0B       		.uleb128 0xb
 701 0017 0B       		.uleb128 0xb
 702 0018 3E       		.uleb128 0x3e
 703 0019 0B       		.uleb128 0xb
 704 001a 03       		.uleb128 0x3
 705 001b 0E       		.uleb128 0xe
 706 001c 00       		.byte	0
 707 001d 00       		.byte	0
 708 001e 03       		.uleb128 0x3
 709 001f 16       		.uleb128 0x16
 710 0020 00       		.byte	0
 711 0021 03       		.uleb128 0x3
 712 0022 0E       		.uleb128 0xe
 713 0023 3A       		.uleb128 0x3a
 714 0024 0B       		.uleb128 0xb
 715 0025 3B       		.uleb128 0x3b
 716 0026 0B       		.uleb128 0xb
 717 0027 49       		.uleb128 0x49
 718 0028 13       		.uleb128 0x13
 719 0029 00       		.byte	0
 720 002a 00       		.byte	0
 721 002b 04       		.uleb128 0x4
ARM GAS  /tmp/ccCY94ac.s 			page 30


 722 002c 24       		.uleb128 0x24
 723 002d 00       		.byte	0
 724 002e 0B       		.uleb128 0xb
 725 002f 0B       		.uleb128 0xb
 726 0030 3E       		.uleb128 0x3e
 727 0031 0B       		.uleb128 0xb
 728 0032 03       		.uleb128 0x3
 729 0033 08       		.uleb128 0x8
 730 0034 00       		.byte	0
 731 0035 00       		.byte	0
 732 0036 05       		.uleb128 0x5
 733 0037 0F       		.uleb128 0xf
 734 0038 00       		.byte	0
 735 0039 0B       		.uleb128 0xb
 736 003a 0B       		.uleb128 0xb
 737 003b 49       		.uleb128 0x49
 738 003c 13       		.uleb128 0x13
 739 003d 00       		.byte	0
 740 003e 00       		.byte	0
 741 003f 06       		.uleb128 0x6
 742 0040 15       		.uleb128 0x15
 743 0041 00       		.byte	0
 744 0042 27       		.uleb128 0x27
 745 0043 19       		.uleb128 0x19
 746 0044 00       		.byte	0
 747 0045 00       		.byte	0
 748 0046 07       		.uleb128 0x7
 749 0047 13       		.uleb128 0x13
 750 0048 01       		.byte	0x1
 751 0049 0B       		.uleb128 0xb
 752 004a 0B       		.uleb128 0xb
 753 004b 3A       		.uleb128 0x3a
 754 004c 0B       		.uleb128 0xb
 755 004d 3B       		.uleb128 0x3b
 756 004e 0B       		.uleb128 0xb
 757 004f 01       		.uleb128 0x1
 758 0050 13       		.uleb128 0x13
 759 0051 00       		.byte	0
 760 0052 00       		.byte	0
 761 0053 08       		.uleb128 0x8
 762 0054 0D       		.uleb128 0xd
 763 0055 00       		.byte	0
 764 0056 03       		.uleb128 0x3
 765 0057 0E       		.uleb128 0xe
 766 0058 3A       		.uleb128 0x3a
 767 0059 0B       		.uleb128 0xb
 768 005a 3B       		.uleb128 0x3b
 769 005b 0B       		.uleb128 0xb
 770 005c 49       		.uleb128 0x49
 771 005d 13       		.uleb128 0x13
 772 005e 38       		.uleb128 0x38
 773 005f 0B       		.uleb128 0xb
 774 0060 00       		.byte	0
 775 0061 00       		.byte	0
 776 0062 09       		.uleb128 0x9
 777 0063 01       		.uleb128 0x1
 778 0064 01       		.byte	0x1
ARM GAS  /tmp/ccCY94ac.s 			page 31


 779 0065 49       		.uleb128 0x49
 780 0066 13       		.uleb128 0x13
 781 0067 01       		.uleb128 0x1
 782 0068 13       		.uleb128 0x13
 783 0069 00       		.byte	0
 784 006a 00       		.byte	0
 785 006b 0A       		.uleb128 0xa
 786 006c 21       		.uleb128 0x21
 787 006d 00       		.byte	0
 788 006e 49       		.uleb128 0x49
 789 006f 13       		.uleb128 0x13
 790 0070 2F       		.uleb128 0x2f
 791 0071 0B       		.uleb128 0xb
 792 0072 00       		.byte	0
 793 0073 00       		.byte	0
 794 0074 0B       		.uleb128 0xb
 795 0075 2E       		.uleb128 0x2e
 796 0076 00       		.byte	0
 797 0077 3F       		.uleb128 0x3f
 798 0078 19       		.uleb128 0x19
 799 0079 03       		.uleb128 0x3
 800 007a 0E       		.uleb128 0xe
 801 007b 3A       		.uleb128 0x3a
 802 007c 0B       		.uleb128 0xb
 803 007d 3B       		.uleb128 0x3b
 804 007e 0B       		.uleb128 0xb
 805 007f 27       		.uleb128 0x27
 806 0080 19       		.uleb128 0x19
 807 0081 11       		.uleb128 0x11
 808 0082 01       		.uleb128 0x1
 809 0083 12       		.uleb128 0x12
 810 0084 06       		.uleb128 0x6
 811 0085 40       		.uleb128 0x40
 812 0086 18       		.uleb128 0x18
 813 0087 9742     		.uleb128 0x2117
 814 0089 19       		.uleb128 0x19
 815 008a 00       		.byte	0
 816 008b 00       		.byte	0
 817 008c 0C       		.uleb128 0xc
 818 008d 34       		.uleb128 0x34
 819 008e 00       		.byte	0
 820 008f 03       		.uleb128 0x3
 821 0090 0E       		.uleb128 0xe
 822 0091 3A       		.uleb128 0x3a
 823 0092 0B       		.uleb128 0xb
 824 0093 3B       		.uleb128 0x3b
 825 0094 05       		.uleb128 0x5
 826 0095 49       		.uleb128 0x49
 827 0096 13       		.uleb128 0x13
 828 0097 3F       		.uleb128 0x3f
 829 0098 19       		.uleb128 0x19
 830 0099 02       		.uleb128 0x2
 831 009a 18       		.uleb128 0x18
 832 009b 00       		.byte	0
 833 009c 00       		.byte	0
 834 009d 0D       		.uleb128 0xd
 835 009e 34       		.uleb128 0x34
ARM GAS  /tmp/ccCY94ac.s 			page 32


 836 009f 00       		.byte	0
 837 00a0 03       		.uleb128 0x3
 838 00a1 0E       		.uleb128 0xe
 839 00a2 3A       		.uleb128 0x3a
 840 00a3 0B       		.uleb128 0xb
 841 00a4 3B       		.uleb128 0x3b
 842 00a5 0B       		.uleb128 0xb
 843 00a6 49       		.uleb128 0x49
 844 00a7 13       		.uleb128 0x13
 845 00a8 3F       		.uleb128 0x3f
 846 00a9 19       		.uleb128 0x19
 847 00aa 3C       		.uleb128 0x3c
 848 00ab 19       		.uleb128 0x19
 849 00ac 00       		.byte	0
 850 00ad 00       		.byte	0
 851 00ae 00       		.byte	0
 852              		.section	.debug_aranges,"",%progbits
 853 0000 1C000000 		.4byte	0x1c
 854 0004 0200     		.2byte	0x2
 855 0006 00000000 		.4byte	.Ldebug_info0
 856 000a 04       		.byte	0x4
 857 000b 00       		.byte	0
 858 000c 0000     		.2byte	0
 859 000e 0000     		.2byte	0
 860 0010 00000000 		.4byte	.LFB34
 861 0014 02000000 		.4byte	.LFE34-.LFB34
 862 0018 00000000 		.4byte	0
 863 001c 00000000 		.4byte	0
 864              		.section	.debug_ranges,"",%progbits
 865              	.Ldebug_ranges0:
 866 0000 00000000 		.4byte	.LFB34
 867 0004 02000000 		.4byte	.LFE34
 868 0008 00000000 		.4byte	0
 869 000c 00000000 		.4byte	0
 870              		.section	.debug_line,"",%progbits
 871              	.Ldebug_line0:
 872 0000 C2000000 		.section	.debug_str,"MS",%progbits,1
 872      0200AD00 
 872      00000201 
 872      FB0E0D00 
 872      01010101 
 873              	.LASF12:
 874 0000 6972715F 		.ascii	"irq_vector_t\000"
 874      76656374 
 874      6F725F74 
 874      00
 875              	.LASF26:
 876 000d 76656374 		.ascii	"vector34\000"
 876      6F723334 
 876      00
 877              	.LASF27:
 878 0016 70656E64 		.ascii	"pendsv_handler\000"
 878      73765F68 
 878      616E646C 
 878      657200
 879              	.LASF28:
 880 0025 73797374 		.ascii	"systick_handler\000"
ARM GAS  /tmp/ccCY94ac.s 			page 33


 880      69636B5F 
 880      68616E64 
 880      6C657200 
 881              	.LASF3:
 882 0035 73686F72 		.ascii	"short unsigned int\000"
 882      7420756E 
 882      7369676E 
 882      65642069 
 882      6E7400
 883              	.LASF31:
 884 0048 5F766563 		.ascii	"_vectors\000"
 884      746F7273 
 884      00
 885              	.LASF13:
 886 0051 696E6974 		.ascii	"init_stack\000"
 886      5F737461 
 886      636B00
 887              	.LASF25:
 888 005c 64656275 		.ascii	"debugmonitor_handler\000"
 888      676D6F6E 
 888      69746F72 
 888      5F68616E 
 888      646C6572 
 889              	.LASF0:
 890 0071 7369676E 		.ascii	"signed char\000"
 890      65642063 
 890      68617200 
 891              	.LASF1:
 892 007d 756E7369 		.ascii	"unsigned char\000"
 892      676E6564 
 892      20636861 
 892      7200
 893              	.LASF5:
 894 008b 6C6F6E67 		.ascii	"long unsigned int\000"
 894      20756E73 
 894      69676E65 
 894      6420696E 
 894      7400
 895              	.LASF24:
 896 009d 7376635F 		.ascii	"svc_handler\000"
 896      68616E64 
 896      6C657200 
 897              	.LASF20:
 898 00a9 76656374 		.ascii	"vector1c\000"
 898      6F723163 
 898      00
 899              	.LASF16:
 900 00b2 68617264 		.ascii	"hardfault_handler\000"
 900      6661756C 
 900      745F6861 
 900      6E646C65 
 900      7200
 901              	.LASF9:
 902 00c4 5F5F7569 		.ascii	"__uint32_t\000"
 902      6E743332 
 902      5F7400
 903              	.LASF15:
ARM GAS  /tmp/ccCY94ac.s 			page 34


 904 00cf 6E6D695F 		.ascii	"nmi_handler\000"
 904      68616E64 
 904      6C657200 
 905              	.LASF35:
 906 00db 2F686F6D 		.ascii	"/home/awygle/ChibiOS-RT/demos/STM32/RT-STM32F030R8-"
 906      652F6177 
 906      79676C65 
 906      2F436869 
 906      62694F53 
 907 010e 4E55434C 		.ascii	"NUCLEO64\000"
 907      454F3634 
 907      00
 908              	.LASF8:
 909 0117 756E7369 		.ascii	"unsigned int\000"
 909      676E6564 
 909      20696E74 
 909      00
 910              	.LASF21:
 911 0124 76656374 		.ascii	"vector20\000"
 911      6F723230 
 911      00
 912              	.LASF7:
 913 012d 6C6F6E67 		.ascii	"long long unsigned int\000"
 913      206C6F6E 
 913      6720756E 
 913      7369676E 
 913      65642069 
 914              	.LASF22:
 915 0144 76656374 		.ascii	"vector24\000"
 915      6F723234 
 915      00
 916              	.LASF23:
 917 014d 76656374 		.ascii	"vector28\000"
 917      6F723238 
 917      00
 918              	.LASF14:
 919 0156 72657365 		.ascii	"reset_handler\000"
 919      745F6861 
 919      6E646C65 
 919      7200
 920              	.LASF11:
 921 0164 73697A65 		.ascii	"sizetype\000"
 921      74797065 
 921      00
 922              	.LASF19:
 923 016d 75736167 		.ascii	"usagefault_handler\000"
 923      65666175 
 923      6C745F68 
 923      616E646C 
 923      657200
 924              	.LASF6:
 925 0180 6C6F6E67 		.ascii	"long long int\000"
 925      206C6F6E 
 925      6720696E 
 925      7400
 926              	.LASF18:
 927 018e 62757366 		.ascii	"busfault_handler\000"
ARM GAS  /tmp/ccCY94ac.s 			page 35


 927      61756C74 
 927      5F68616E 
 927      646C6572 
 927      00
 928              	.LASF36:
 929 019f 5F756E68 		.ascii	"_unhandled_exception\000"
 929      616E646C 
 929      65645F65 
 929      78636570 
 929      74696F6E 
 930              	.LASF29:
 931 01b4 76656374 		.ascii	"vectors\000"
 931      6F727300 
 932              	.LASF2:
 933 01bc 73686F72 		.ascii	"short int\000"
 933      7420696E 
 933      7400
 934              	.LASF10:
 935 01c6 75696E74 		.ascii	"uint32_t\000"
 935      33325F74 
 935      00
 936              	.LASF4:
 937 01cf 6C6F6E67 		.ascii	"long int\000"
 937      20696E74 
 937      00
 938              	.LASF17:
 939 01d8 6D656D6D 		.ascii	"memmanage_handler\000"
 939      616E6167 
 939      655F6861 
 939      6E646C65 
 939      7200
 940              	.LASF33:
 941 01ea 474E5520 		.ascii	"GNU C 4.8.3 -mcpu=cortex-m0 -mno-thumb-interwork -m"
 941      4320342E 
 941      382E3320 
 941      2D6D6370 
 941      753D636F 
 942 021d 7468756D 		.ascii	"thumb -ggdb -O2 -fomit-frame-pointer -falign-functi"
 942      62202D67 
 942      67646220 
 942      2D4F3220 
 942      2D666F6D 
 943 0250 6F6E733D 		.ascii	"ons=16 -ffunction-sections -fdata-sections -fno-com"
 943      3136202D 
 943      6666756E 
 943      6374696F 
 943      6E2D7365 
 944 0283 6D6F6E20 		.ascii	"mon -flto\000"
 944      2D666C74 
 944      6F00
 945              	.LASF34:
 946 028d 2E2E2F2E 		.ascii	"../../../os/common/startup/ARMCMx/compilers/GCC/vec"
 946      2E2F2E2E 
 946      2F6F732F 
 946      636F6D6D 
 946      6F6E2F73 
 947 02c0 746F7273 		.ascii	"tors.c\000"
ARM GAS  /tmp/ccCY94ac.s 			page 36


 947      2E6300
 948              	.LASF30:
 949 02c7 76656374 		.ascii	"vectors_t\000"
 949      6F72735F 
 949      7400
 950              	.LASF32:
 951 02d1 5F5F6D61 		.ascii	"__main_stack_end__\000"
 951      696E5F73 
 951      7461636B 
 951      5F656E64 
 951      5F5F00
 952              		.comm	__gnu_lto_v1,1,1
 953              		.ident	"GCC: (4.8.3-18ubuntu2+12) 4.8.3"
ARM GAS  /tmp/ccCY94ac.s 			page 37


DEFINED SYMBOLS
                            *ABS*:0000000000000000 vectors.c
     /tmp/ccCY94ac.s:287    .text._unhandled_exception:0000000000000000 $t
     /tmp/ccCY94ac.s:293    .text._unhandled_exception:0000000000000000 _unhandled_exception
     /tmp/ccCY94ac.s:293    .text._unhandled_exception:0000000000000000 NMI_Handler
     /tmp/ccCY94ac.s:293    .text._unhandled_exception:0000000000000000 HardFault_Handler
     /tmp/ccCY94ac.s:293    .text._unhandled_exception:0000000000000000 MemManage_Handler
     /tmp/ccCY94ac.s:293    .text._unhandled_exception:0000000000000000 BusFault_Handler
     /tmp/ccCY94ac.s:293    .text._unhandled_exception:0000000000000000 UsageFault_Handler
     /tmp/ccCY94ac.s:293    .text._unhandled_exception:0000000000000000 Vector1C
     /tmp/ccCY94ac.s:293    .text._unhandled_exception:0000000000000000 Vector20
     /tmp/ccCY94ac.s:293    .text._unhandled_exception:0000000000000000 Vector24
     /tmp/ccCY94ac.s:293    .text._unhandled_exception:0000000000000000 Vector28
     /tmp/ccCY94ac.s:293    .text._unhandled_exception:0000000000000000 SVC_Handler
     /tmp/ccCY94ac.s:293    .text._unhandled_exception:0000000000000000 DebugMon_Handler
     /tmp/ccCY94ac.s:293    .text._unhandled_exception:0000000000000000 Vector34
     /tmp/ccCY94ac.s:293    .text._unhandled_exception:0000000000000000 PendSV_Handler
     /tmp/ccCY94ac.s:293    .text._unhandled_exception:0000000000000000 SysTick_Handler
     /tmp/ccCY94ac.s:293    .text._unhandled_exception:0000000000000000 Vector40
     /tmp/ccCY94ac.s:293    .text._unhandled_exception:0000000000000000 Vector44
     /tmp/ccCY94ac.s:293    .text._unhandled_exception:0000000000000000 Vector48
     /tmp/ccCY94ac.s:293    .text._unhandled_exception:0000000000000000 Vector4C
     /tmp/ccCY94ac.s:293    .text._unhandled_exception:0000000000000000 Vector50
     /tmp/ccCY94ac.s:293    .text._unhandled_exception:0000000000000000 Vector54
     /tmp/ccCY94ac.s:293    .text._unhandled_exception:0000000000000000 Vector58
     /tmp/ccCY94ac.s:293    .text._unhandled_exception:0000000000000000 Vector5C
     /tmp/ccCY94ac.s:293    .text._unhandled_exception:0000000000000000 Vector60
     /tmp/ccCY94ac.s:293    .text._unhandled_exception:0000000000000000 Vector64
     /tmp/ccCY94ac.s:293    .text._unhandled_exception:0000000000000000 Vector68
     /tmp/ccCY94ac.s:293    .text._unhandled_exception:0000000000000000 Vector6C
     /tmp/ccCY94ac.s:293    .text._unhandled_exception:0000000000000000 Vector70
     /tmp/ccCY94ac.s:293    .text._unhandled_exception:0000000000000000 Vector74
     /tmp/ccCY94ac.s:293    .text._unhandled_exception:0000000000000000 Vector78
     /tmp/ccCY94ac.s:293    .text._unhandled_exception:0000000000000000 Vector7C
     /tmp/ccCY94ac.s:293    .text._unhandled_exception:0000000000000000 Vector80
     /tmp/ccCY94ac.s:293    .text._unhandled_exception:0000000000000000 Vector84
     /tmp/ccCY94ac.s:293    .text._unhandled_exception:0000000000000000 Vector88
     /tmp/ccCY94ac.s:293    .text._unhandled_exception:0000000000000000 Vector8C
     /tmp/ccCY94ac.s:293    .text._unhandled_exception:0000000000000000 Vector90
     /tmp/ccCY94ac.s:293    .text._unhandled_exception:0000000000000000 Vector94
     /tmp/ccCY94ac.s:293    .text._unhandled_exception:0000000000000000 Vector98
     /tmp/ccCY94ac.s:293    .text._unhandled_exception:0000000000000000 Vector9C
     /tmp/ccCY94ac.s:293    .text._unhandled_exception:0000000000000000 VectorA0
     /tmp/ccCY94ac.s:293    .text._unhandled_exception:0000000000000000 VectorA4
     /tmp/ccCY94ac.s:293    .text._unhandled_exception:0000000000000000 VectorA8
     /tmp/ccCY94ac.s:293    .text._unhandled_exception:0000000000000000 VectorAC
     /tmp/ccCY94ac.s:293    .text._unhandled_exception:0000000000000000 VectorB0
     /tmp/ccCY94ac.s:293    .text._unhandled_exception:0000000000000000 VectorB4
     /tmp/ccCY94ac.s:293    .text._unhandled_exception:0000000000000000 VectorB8
     /tmp/ccCY94ac.s:293    .text._unhandled_exception:0000000000000000 VectorBC
     /tmp/ccCY94ac.s:400    .vectors:0000000000000000 _vectors
     /tmp/ccCY94ac.s:397    .vectors:0000000000000000 $d
                            *COM*:0000000000000001 __gnu_lto_v1
                     .debug_frame:0000000000000010 $d

UNDEFINED SYMBOLS
__main_stack_end__
ARM GAS  /tmp/ccCY94ac.s 			page 38


Reset_Handler
